[2025-03-04T07:08:11.663+0000] {local_task_job_runner.py:123} INFO - ::group::Pre task execution logs
[2025-03-04T07:08:11.796+0000] {taskinstance.py:2614} INFO - Dependencies all met for dep_context=non-requeueable deps ti=<TaskInstance: mini_snow_staging.data_staging manual__2025-03-04T07:02:34.217483+00:00 [queued]>
[2025-03-04T07:08:11.805+0000] {taskinstance.py:2614} INFO - Dependencies all met for dep_context=requeueable deps ti=<TaskInstance: mini_snow_staging.data_staging manual__2025-03-04T07:02:34.217483+00:00 [queued]>
[2025-03-04T07:08:11.806+0000] {taskinstance.py:2867} INFO - Starting attempt 2 of 2
[2025-03-04T07:08:11.820+0000] {taskinstance.py:2890} INFO - Executing <Task(BashOperator): data_staging> on 2025-03-04 07:02:34.217483+00:00
[2025-03-04T07:08:11.827+0000] {warnings.py:112} WARNING - /home/***/.local/lib/python3.12/site-packages/***/task/task_runner/standard_task_runner.py:70: DeprecationWarning: This process (pid=625) is multi-threaded, use of fork() may lead to deadlocks in the child.
  pid = os.fork()

[2025-03-04T07:08:11.829+0000] {standard_task_runner.py:72} INFO - Started process 627 to run task
[2025-03-04T07:08:11.829+0000] {standard_task_runner.py:104} INFO - Running: ['***', 'tasks', 'run', 'mini_snow_staging', 'data_staging', 'manual__2025-03-04T07:02:34.217483+00:00', '--job-id', '4', '--raw', '--subdir', 'DAGS_FOLDER/transform_and_analysis.py', '--cfg-path', '/tmp/tmpxg31tyzi']
[2025-03-04T07:08:11.831+0000] {standard_task_runner.py:105} INFO - Job 4: Subtask data_staging
[2025-03-04T07:08:11.843+0000] {warnings.py:112} WARNING - /home/***/.local/lib/python3.12/site-packages/***/settings.py:209: DeprecationWarning: The sql_alchemy_conn option in [core] has been moved to the sql_alchemy_conn option in [database] - the old setting has been used, but please update your config.
  SQL_ALCHEMY_CONN = conf.get("database", "SQL_ALCHEMY_CONN")

[2025-03-04T07:08:11.881+0000] {task_command.py:467} INFO - Running <TaskInstance: mini_snow_staging.data_staging manual__2025-03-04T07:02:34.217483+00:00 [running]> on host 8b83efa08de4
[2025-03-04T07:08:11.974+0000] {taskinstance.py:3134} INFO - Exporting env vars: AIRFLOW_CTX_DAG_OWNER='***' AIRFLOW_CTX_DAG_ID='mini_snow_staging' AIRFLOW_CTX_TASK_ID='data_staging' AIRFLOW_CTX_EXECUTION_DATE='2025-03-04T07:02:34.217483+00:00' AIRFLOW_CTX_TRY_NUMBER='2' AIRFLOW_CTX_DAG_RUN_ID='manual__2025-03-04T07:02:34.217483+00:00'
[2025-03-04T07:08:11.976+0000] {logging_mixin.py:190} INFO - Task instance is in running state
[2025-03-04T07:08:11.976+0000] {logging_mixin.py:190} INFO -  Previous state of the Task instance: queued
[2025-03-04T07:08:11.977+0000] {logging_mixin.py:190} INFO - Current task name:data_staging state:running start_date:2025-03-04 07:08:11.797759+00:00
[2025-03-04T07:08:11.978+0000] {logging_mixin.py:190} INFO - Dag name:mini_snow_staging and current dag run status:running
[2025-03-04T07:08:11.979+0000] {taskinstance.py:732} INFO - ::endgroup::
[2025-03-04T07:08:11.980+0000] {subprocess.py:78} INFO - Tmp dir root location: /tmp
[2025-03-04T07:08:11.981+0000] {subprocess.py:88} INFO - Running command: ['/usr/bin/bash', '-c', 'cd /opt/***/dbt && dbt run --models staging --profiles-dir .']
[2025-03-04T07:08:11.991+0000] {subprocess.py:99} INFO - Output:
[2025-03-04T07:08:13.929+0000] {subprocess.py:106} INFO - [0m07:08:13  Running with dbt=1.9.2
[2025-03-04T07:08:14.921+0000] {subprocess.py:106} INFO - [0m07:08:14  Registered adapter: snowflake=1.9.1
[2025-03-04T07:08:15.236+0000] {subprocess.py:106} INFO - [0m07:08:15  Unable to do partial parsing because a project config has changed
[2025-03-04T07:08:18.229+0000] {subprocess.py:106} INFO - [0m07:08:18  [[33mWARNING[0m]: Test 'test.dbt_snowpro.source_relationship_orders_system_orderdetails_OrderID__OrderID__source_orders_data_orders_.1ca1f9bab1' (models/staging/schema.yml) depends on a source named 'orders_data.orders' in package '' which was not found
[2025-03-04T07:08:18.563+0000] {subprocess.py:106} INFO - [0m07:08:18  Found 5 models, 8 data tests, 5 sources, 589 macros
[2025-03-04T07:08:18.569+0000] {subprocess.py:106} INFO - [0m07:08:18
[2025-03-04T07:08:18.573+0000] {subprocess.py:106} INFO - [0m07:08:18  Concurrency: 10 threads (target='dev')
[2025-03-04T07:08:18.574+0000] {subprocess.py:106} INFO - [0m07:08:18
[2025-03-04T07:08:22.119+0000] {subprocess.py:106} INFO - [0m07:08:22  1 of 2 START sql incremental model staging.city_stage .......................... [RUN]
[2025-03-04T07:08:24.694+0000] {subprocess.py:106} INFO - [0m07:08:24  1 of 2 OK created sql incremental model staging.city_stage ..................... [[32mSUCCESS 3[0m in 2.57s]
[2025-03-04T07:08:24.697+0000] {subprocess.py:106} INFO - [0m07:08:24  2 of 2 START sql view model staging.customers_stage ............................ [RUN]
[2025-03-04T07:08:25.637+0000] {subprocess.py:106} INFO - [0m07:08:25  2 of 2 OK created sql view model staging.customers_stage ....................... [[32mSUCCESS 1[0m in 0.94s]
[2025-03-04T07:08:26.312+0000] {subprocess.py:106} INFO - [0m07:08:26
[2025-03-04T07:08:26.313+0000] {subprocess.py:106} INFO - [0m07:08:26  Finished running 1 incremental model, 1 view model in 0 hours 0 minutes and 7.74 seconds (7.74s).
[2025-03-04T07:08:26.441+0000] {subprocess.py:106} INFO - [0m07:08:26
[2025-03-04T07:08:26.442+0000] {subprocess.py:106} INFO - [0m07:08:26  [32mCompleted successfully[0m
[2025-03-04T07:08:26.443+0000] {subprocess.py:106} INFO - [0m07:08:26
[2025-03-04T07:08:26.444+0000] {subprocess.py:106} INFO - [0m07:08:26  Done. PASS=2 WARN=0 ERROR=0 SKIP=0 TOTAL=2
[2025-03-04T07:08:28.197+0000] {subprocess.py:110} INFO - Command exited with return code 0
[2025-03-04T07:08:28.225+0000] {taskinstance.py:341} INFO - ::group::Post task execution logs
[2025-03-04T07:08:28.226+0000] {taskinstance.py:353} INFO - Marking task as SUCCESS. dag_id=mini_snow_staging, task_id=data_staging, run_id=manual__2025-03-04T07:02:34.217483+00:00, execution_date=20250304T070234, start_date=20250304T070811, end_date=20250304T070828
[2025-03-04T07:08:28.248+0000] {logging_mixin.py:190} INFO - Task instance in success state
[2025-03-04T07:08:28.249+0000] {logging_mixin.py:190} INFO -  Previous state of the Task instance: running
[2025-03-04T07:08:28.250+0000] {logging_mixin.py:190} INFO - Dag name:mini_snow_staging queued_at:2025-03-04 07:08:09.636646+00:00
[2025-03-04T07:08:28.251+0000] {logging_mixin.py:190} INFO - Task hostname:8b83efa08de4 operator:BashOperator
[2025-03-04T07:08:28.284+0000] {local_task_job_runner.py:266} INFO - Task exited with return code 0
[2025-03-04T07:08:28.309+0000] {taskinstance.py:3901} INFO - 0 downstream tasks scheduled from follow-on schedule check
[2025-03-04T07:08:28.312+0000] {local_task_job_runner.py:245} INFO - ::endgroup::
