[2025-03-04T07:08:44.519+0000] {local_task_job_runner.py:123} INFO - ::group::Pre task execution logs
[2025-03-04T07:08:44.664+0000] {taskinstance.py:2614} INFO - Dependencies all met for dep_context=non-requeueable deps ti=<TaskInstance: mini_snow_staging.fact_processing manual__2025-03-04T07:02:34.217483+00:00 [queued]>
[2025-03-04T07:08:44.674+0000] {taskinstance.py:2614} INFO - Dependencies all met for dep_context=requeueable deps ti=<TaskInstance: mini_snow_staging.fact_processing manual__2025-03-04T07:02:34.217483+00:00 [queued]>
[2025-03-04T07:08:44.685+0000] {taskinstance.py:2867} INFO - Starting attempt 1 of 1
[2025-03-04T07:08:44.697+0000] {taskinstance.py:2890} INFO - Executing <Task(BashOperator): fact_processing> on 2025-03-04 07:02:34.217483+00:00
[2025-03-04T07:08:44.705+0000] {warnings.py:112} WARNING - /home/***/.local/lib/python3.12/site-packages/***/task/task_runner/standard_task_runner.py:70: DeprecationWarning: This process (pid=745) is multi-threaded, use of fork() may lead to deadlocks in the child.
  pid = os.fork()

[2025-03-04T07:08:44.707+0000] {standard_task_runner.py:72} INFO - Started process 754 to run task
[2025-03-04T07:08:44.708+0000] {standard_task_runner.py:104} INFO - Running: ['***', 'tasks', 'run', 'mini_snow_staging', 'fact_processing', 'manual__2025-03-04T07:02:34.217483+00:00', '--job-id', '6', '--raw', '--subdir', 'DAGS_FOLDER/transform_and_analysis.py', '--cfg-path', '/tmp/tmpmdll280_']
[2025-03-04T07:08:44.709+0000] {standard_task_runner.py:105} INFO - Job 6: Subtask fact_processing
[2025-03-04T07:08:44.721+0000] {warnings.py:112} WARNING - /home/***/.local/lib/python3.12/site-packages/***/settings.py:209: DeprecationWarning: The sql_alchemy_conn option in [core] has been moved to the sql_alchemy_conn option in [database] - the old setting has been used, but please update your config.
  SQL_ALCHEMY_CONN = conf.get("database", "SQL_ALCHEMY_CONN")

[2025-03-04T07:08:44.757+0000] {task_command.py:467} INFO - Running <TaskInstance: mini_snow_staging.fact_processing manual__2025-03-04T07:02:34.217483+00:00 [running]> on host 8b83efa08de4
[2025-03-04T07:08:44.839+0000] {taskinstance.py:3134} INFO - Exporting env vars: AIRFLOW_CTX_DAG_OWNER='***' AIRFLOW_CTX_DAG_ID='mini_snow_staging' AIRFLOW_CTX_TASK_ID='fact_processing' AIRFLOW_CTX_EXECUTION_DATE='2025-03-04T07:02:34.217483+00:00' AIRFLOW_CTX_TRY_NUMBER='1' AIRFLOW_CTX_DAG_RUN_ID='manual__2025-03-04T07:02:34.217483+00:00'
[2025-03-04T07:08:44.841+0000] {logging_mixin.py:190} INFO - Task instance is in running state
[2025-03-04T07:08:44.842+0000] {logging_mixin.py:190} INFO -  Previous state of the Task instance: queued
[2025-03-04T07:08:44.842+0000] {logging_mixin.py:190} INFO - Current task name:fact_processing state:running start_date:2025-03-04 07:08:44.666076+00:00
[2025-03-04T07:08:44.843+0000] {logging_mixin.py:190} INFO - Dag name:mini_snow_staging and current dag run status:running
[2025-03-04T07:08:44.843+0000] {taskinstance.py:732} INFO - ::endgroup::
[2025-03-04T07:08:44.844+0000] {subprocess.py:78} INFO - Tmp dir root location: /tmp
[2025-03-04T07:08:44.846+0000] {subprocess.py:88} INFO - Running command: ['/usr/bin/bash', '-c', 'cd /opt/***/dbt && dbt run --models facts --profiles-dir .']
[2025-03-04T07:08:44.856+0000] {subprocess.py:99} INFO - Output:
[2025-03-04T07:08:46.993+0000] {subprocess.py:106} INFO - [0m07:08:46  Running with dbt=1.9.2
[2025-03-04T07:08:47.843+0000] {subprocess.py:106} INFO - [0m07:08:47  Registered adapter: snowflake=1.9.1
[2025-03-04T07:08:50.064+0000] {subprocess.py:106} INFO - [0m07:08:50  Found 5 models, 8 data tests, 5 sources, 589 macros
[2025-03-04T07:08:50.069+0000] {subprocess.py:106} INFO - [0m07:08:50
[2025-03-04T07:08:50.070+0000] {subprocess.py:106} INFO - [0m07:08:50  Concurrency: 10 threads (target='dev')
[2025-03-04T07:08:50.072+0000] {subprocess.py:106} INFO - [0m07:08:50
[2025-03-04T07:08:51.685+0000] {subprocess.py:106} INFO - [0m07:08:51  1 of 1 START sql incremental model curated.fact_orders ......................... [RUN]
[2025-03-04T07:08:54.084+0000] {subprocess.py:106} INFO - [0m07:08:54  1 of 1 OK created sql incremental model curated.fact_orders .................... [[32mSUCCESS 1[0m in 2.39s]
[2025-03-04T07:08:54.496+0000] {subprocess.py:106} INFO - [0m07:08:54
[2025-03-04T07:08:54.499+0000] {subprocess.py:106} INFO - [0m07:08:54  Finished running 1 incremental model in 0 hours 0 minutes and 4.42 seconds (4.42s).
[2025-03-04T07:08:54.617+0000] {subprocess.py:106} INFO - [0m07:08:54
[2025-03-04T07:08:54.619+0000] {subprocess.py:106} INFO - [0m07:08:54  [32mCompleted successfully[0m
[2025-03-04T07:08:54.620+0000] {subprocess.py:106} INFO - [0m07:08:54
[2025-03-04T07:08:54.621+0000] {subprocess.py:106} INFO - [0m07:08:54  Done. PASS=1 WARN=0 ERROR=0 SKIP=0 TOTAL=1
[2025-03-04T07:08:56.126+0000] {subprocess.py:110} INFO - Command exited with return code 0
[2025-03-04T07:08:56.150+0000] {taskinstance.py:341} INFO - ::group::Post task execution logs
[2025-03-04T07:08:56.151+0000] {taskinstance.py:353} INFO - Marking task as SUCCESS. dag_id=mini_snow_staging, task_id=fact_processing, run_id=manual__2025-03-04T07:02:34.217483+00:00, execution_date=20250304T070234, start_date=20250304T070844, end_date=20250304T070856
[2025-03-04T07:08:56.172+0000] {logging_mixin.py:190} INFO - Task instance in success state
[2025-03-04T07:08:56.173+0000] {logging_mixin.py:190} INFO -  Previous state of the Task instance: running
[2025-03-04T07:08:56.173+0000] {logging_mixin.py:190} INFO - Dag name:mini_snow_staging queued_at:2025-03-04 07:08:09.636646+00:00
[2025-03-04T07:08:56.174+0000] {logging_mixin.py:190} INFO - Task hostname:8b83efa08de4 operator:BashOperator
[2025-03-04T07:08:56.203+0000] {local_task_job_runner.py:266} INFO - Task exited with return code 0
[2025-03-04T07:08:56.217+0000] {taskinstance.py:3901} INFO - 0 downstream tasks scheduled from follow-on schedule check
[2025-03-04T07:08:56.219+0000] {local_task_job_runner.py:245} INFO - ::endgroup::
