[2025-03-04T06:53:38.370+0000] {processor.py:186} INFO - Started process (PID=65) to work on /opt/airflow/dags/transform_and_analysis.py
[2025-03-04T06:53:38.372+0000] {processor.py:914} INFO - Processing file /opt/airflow/dags/transform_and_analysis.py for tasks to queue
[2025-03-04T06:53:38.384+0000] {logging_mixin.py:190} INFO - [2025-03-04T06:53:38.383+0000] {dagbag.py:588} INFO - Filling up the DagBag from /opt/airflow/dags/transform_and_analysis.py
[2025-03-04T06:53:38.437+0000] {processor.py:925} INFO - DAG(s) '2_daily_transformation_analysis' retrieved from /opt/airflow/dags/transform_and_analysis.py
[2025-03-04T06:53:38.780+0000] {logging_mixin.py:190} INFO - [2025-03-04T06:53:38.779+0000] {override.py:1912} INFO - Created Permission View: can read on DAG:2_daily_transformation_analysis
[2025-03-04T06:53:38.795+0000] {logging_mixin.py:190} INFO - [2025-03-04T06:53:38.795+0000] {override.py:1912} INFO - Created Permission View: can edit on DAG:2_daily_transformation_analysis
[2025-03-04T06:53:38.806+0000] {logging_mixin.py:190} INFO - [2025-03-04T06:53:38.805+0000] {override.py:1912} INFO - Created Permission View: can delete on DAG:2_daily_transformation_analysis
[2025-03-04T06:53:38.816+0000] {logging_mixin.py:190} INFO - [2025-03-04T06:53:38.815+0000] {override.py:1912} INFO - Created Permission View: menu access on DAG Run:2_daily_transformation_analysis
[2025-03-04T06:53:38.825+0000] {logging_mixin.py:190} INFO - [2025-03-04T06:53:38.825+0000] {override.py:1912} INFO - Created Permission View: can read on DAG Run:2_daily_transformation_analysis
[2025-03-04T06:53:38.840+0000] {logging_mixin.py:190} INFO - [2025-03-04T06:53:38.840+0000] {override.py:1912} INFO - Created Permission View: can delete on DAG Run:2_daily_transformation_analysis
[2025-03-04T06:53:38.849+0000] {logging_mixin.py:190} INFO - [2025-03-04T06:53:38.849+0000] {override.py:1912} INFO - Created Permission View: can create on DAG Run:2_daily_transformation_analysis
[2025-03-04T06:53:38.850+0000] {logging_mixin.py:190} INFO - [2025-03-04T06:53:38.850+0000] {dag.py:3239} INFO - Sync 1 DAGs
[2025-03-04T06:53:38.869+0000] {logging_mixin.py:190} INFO - [2025-03-04T06:53:38.869+0000] {dag.py:3262} INFO - Creating ORM DAG for 2_daily_transformation_analysis
[2025-03-04T06:53:38.887+0000] {logging_mixin.py:190} INFO - [2025-03-04T06:53:38.886+0000] {dag.py:4180} INFO - Setting next_dagrun for 2_daily_transformation_analysis to 2020-08-01 00:00:00+00:00, run_after=2020-08-01 00:00:00+00:00
[2025-03-04T06:53:38.918+0000] {processor.py:208} INFO - Processing /opt/airflow/dags/transform_and_analysis.py took 0.561 seconds
[2025-03-04T06:54:09.775+0000] {processor.py:186} INFO - Started process (PID=141) to work on /opt/airflow/dags/transform_and_analysis.py
[2025-03-04T06:54:09.777+0000] {processor.py:914} INFO - Processing file /opt/airflow/dags/transform_and_analysis.py for tasks to queue
[2025-03-04T06:54:09.782+0000] {logging_mixin.py:190} INFO - [2025-03-04T06:54:09.781+0000] {dagbag.py:588} INFO - Filling up the DagBag from /opt/airflow/dags/transform_and_analysis.py
[2025-03-04T06:54:09.826+0000] {processor.py:925} INFO - DAG(s) '2_daily_transformation_analysis' retrieved from /opt/airflow/dags/transform_and_analysis.py
[2025-03-04T06:54:09.855+0000] {logging_mixin.py:190} INFO - [2025-03-04T06:54:09.855+0000] {dag.py:3239} INFO - Sync 1 DAGs
[2025-03-04T06:54:09.892+0000] {logging_mixin.py:190} INFO - [2025-03-04T06:54:09.892+0000] {dag.py:4180} INFO - Setting next_dagrun for 2_daily_transformation_analysis to 2020-08-01 00:00:00+00:00, run_after=2020-08-01 00:00:00+00:00
[2025-03-04T06:54:09.927+0000] {processor.py:208} INFO - Processing /opt/airflow/dags/transform_and_analysis.py took 0.165 seconds
[2025-03-04T06:54:40.142+0000] {processor.py:186} INFO - Started process (PID=216) to work on /opt/airflow/dags/transform_and_analysis.py
[2025-03-04T06:54:40.143+0000] {processor.py:914} INFO - Processing file /opt/airflow/dags/transform_and_analysis.py for tasks to queue
[2025-03-04T06:54:40.146+0000] {logging_mixin.py:190} INFO - [2025-03-04T06:54:40.146+0000] {dagbag.py:588} INFO - Filling up the DagBag from /opt/airflow/dags/transform_and_analysis.py
[2025-03-04T06:54:40.163+0000] {processor.py:925} INFO - DAG(s) '2_daily_transformation_analysis' retrieved from /opt/airflow/dags/transform_and_analysis.py
[2025-03-04T06:54:40.179+0000] {logging_mixin.py:190} INFO - [2025-03-04T06:54:40.179+0000] {dag.py:3239} INFO - Sync 1 DAGs
[2025-03-04T06:54:40.198+0000] {logging_mixin.py:190} INFO - [2025-03-04T06:54:40.198+0000] {dag.py:4180} INFO - Setting next_dagrun for 2_daily_transformation_analysis to 2020-08-01 00:00:00+00:00, run_after=2020-08-01 00:00:00+00:00
[2025-03-04T06:54:40.233+0000] {processor.py:208} INFO - Processing /opt/airflow/dags/transform_and_analysis.py took 0.097 seconds
[2025-03-04T06:55:10.743+0000] {processor.py:186} INFO - Started process (PID=298) to work on /opt/airflow/dags/transform_and_analysis.py
[2025-03-04T06:55:10.745+0000] {processor.py:914} INFO - Processing file /opt/airflow/dags/transform_and_analysis.py for tasks to queue
[2025-03-04T06:55:10.748+0000] {logging_mixin.py:190} INFO - [2025-03-04T06:55:10.747+0000] {dagbag.py:588} INFO - Filling up the DagBag from /opt/airflow/dags/transform_and_analysis.py
[2025-03-04T06:55:10.776+0000] {processor.py:925} INFO - DAG(s) '2_daily_transformation_analysis' retrieved from /opt/airflow/dags/transform_and_analysis.py
[2025-03-04T06:55:10.798+0000] {logging_mixin.py:190} INFO - [2025-03-04T06:55:10.798+0000] {dag.py:3239} INFO - Sync 1 DAGs
[2025-03-04T06:55:10.819+0000] {logging_mixin.py:190} INFO - [2025-03-04T06:55:10.819+0000] {dag.py:4180} INFO - Setting next_dagrun for 2_daily_transformation_analysis to 2020-08-01 00:00:00+00:00, run_after=2020-08-01 00:00:00+00:00
[2025-03-04T06:55:10.844+0000] {processor.py:208} INFO - Processing /opt/airflow/dags/transform_and_analysis.py took 0.108 seconds
[2025-03-04T06:55:41.107+0000] {processor.py:186} INFO - Started process (PID=373) to work on /opt/airflow/dags/transform_and_analysis.py
[2025-03-04T06:55:41.109+0000] {processor.py:914} INFO - Processing file /opt/airflow/dags/transform_and_analysis.py for tasks to queue
[2025-03-04T06:55:41.111+0000] {logging_mixin.py:190} INFO - [2025-03-04T06:55:41.110+0000] {dagbag.py:588} INFO - Filling up the DagBag from /opt/airflow/dags/transform_and_analysis.py
[2025-03-04T06:55:41.126+0000] {processor.py:925} INFO - DAG(s) '2_daily_transformation_analysis' retrieved from /opt/airflow/dags/transform_and_analysis.py
[2025-03-04T06:55:41.140+0000] {logging_mixin.py:190} INFO - [2025-03-04T06:55:41.140+0000] {dag.py:3239} INFO - Sync 1 DAGs
[2025-03-04T06:55:41.155+0000] {logging_mixin.py:190} INFO - [2025-03-04T06:55:41.155+0000] {dag.py:4180} INFO - Setting next_dagrun for 2_daily_transformation_analysis to 2020-08-01 00:00:00+00:00, run_after=2020-08-01 00:00:00+00:00
[2025-03-04T06:55:41.171+0000] {processor.py:208} INFO - Processing /opt/airflow/dags/transform_and_analysis.py took 0.069 seconds
[2025-03-04T06:56:11.815+0000] {processor.py:186} INFO - Started process (PID=456) to work on /opt/airflow/dags/transform_and_analysis.py
[2025-03-04T06:56:11.817+0000] {processor.py:914} INFO - Processing file /opt/airflow/dags/transform_and_analysis.py for tasks to queue
[2025-03-04T06:56:11.821+0000] {logging_mixin.py:190} INFO - [2025-03-04T06:56:11.820+0000] {dagbag.py:588} INFO - Filling up the DagBag from /opt/airflow/dags/transform_and_analysis.py
[2025-03-04T06:56:11.858+0000] {processor.py:925} INFO - DAG(s) '2_daily_transformation_analysis' retrieved from /opt/airflow/dags/transform_and_analysis.py
[2025-03-04T06:56:11.887+0000] {logging_mixin.py:190} INFO - [2025-03-04T06:56:11.886+0000] {dag.py:3239} INFO - Sync 1 DAGs
[2025-03-04T06:56:11.923+0000] {logging_mixin.py:190} INFO - [2025-03-04T06:56:11.923+0000] {dag.py:4180} INFO - Setting next_dagrun for 2_daily_transformation_analysis to 2020-08-01 00:00:00+00:00, run_after=2020-08-01 00:00:00+00:00
[2025-03-04T06:56:11.949+0000] {processor.py:208} INFO - Processing /opt/airflow/dags/transform_and_analysis.py took 0.143 seconds
[2025-03-04T06:56:42.592+0000] {processor.py:186} INFO - Started process (PID=531) to work on /opt/airflow/dags/transform_and_analysis.py
[2025-03-04T06:56:42.593+0000] {processor.py:914} INFO - Processing file /opt/airflow/dags/transform_and_analysis.py for tasks to queue
[2025-03-04T06:56:42.596+0000] {logging_mixin.py:190} INFO - [2025-03-04T06:56:42.596+0000] {dagbag.py:588} INFO - Filling up the DagBag from /opt/airflow/dags/transform_and_analysis.py
[2025-03-04T06:56:42.614+0000] {processor.py:925} INFO - DAG(s) '2_daily_transformation_analysis' retrieved from /opt/airflow/dags/transform_and_analysis.py
[2025-03-04T06:56:42.632+0000] {logging_mixin.py:190} INFO - [2025-03-04T06:56:42.632+0000] {dag.py:3239} INFO - Sync 1 DAGs
[2025-03-04T06:56:42.652+0000] {logging_mixin.py:190} INFO - [2025-03-04T06:56:42.652+0000] {dag.py:4180} INFO - Setting next_dagrun for 2_daily_transformation_analysis to 2020-08-01 00:00:00+00:00, run_after=2020-08-01 00:00:00+00:00
[2025-03-04T06:56:42.677+0000] {processor.py:208} INFO - Processing /opt/airflow/dags/transform_and_analysis.py took 0.091 seconds
[2025-03-04T06:57:13.017+0000] {processor.py:186} INFO - Started process (PID=613) to work on /opt/airflow/dags/transform_and_analysis.py
[2025-03-04T06:57:13.019+0000] {processor.py:914} INFO - Processing file /opt/airflow/dags/transform_and_analysis.py for tasks to queue
[2025-03-04T06:57:13.022+0000] {logging_mixin.py:190} INFO - [2025-03-04T06:57:13.021+0000] {dagbag.py:588} INFO - Filling up the DagBag from /opt/airflow/dags/transform_and_analysis.py
[2025-03-04T06:57:13.064+0000] {processor.py:925} INFO - DAG(s) '2_daily_transformation_analysis' retrieved from /opt/airflow/dags/transform_and_analysis.py
[2025-03-04T06:57:13.088+0000] {logging_mixin.py:190} INFO - [2025-03-04T06:57:13.088+0000] {dag.py:3239} INFO - Sync 1 DAGs
[2025-03-04T06:57:13.112+0000] {logging_mixin.py:190} INFO - [2025-03-04T06:57:13.112+0000] {dag.py:4180} INFO - Setting next_dagrun for 2_daily_transformation_analysis to 2020-08-01 00:00:00+00:00, run_after=2020-08-01 00:00:00+00:00
[2025-03-04T06:57:13.137+0000] {processor.py:208} INFO - Processing /opt/airflow/dags/transform_and_analysis.py took 0.129 seconds
[2025-03-04T06:57:43.460+0000] {processor.py:186} INFO - Started process (PID=689) to work on /opt/airflow/dags/transform_and_analysis.py
[2025-03-04T06:57:43.461+0000] {processor.py:914} INFO - Processing file /opt/airflow/dags/transform_and_analysis.py for tasks to queue
[2025-03-04T06:57:43.463+0000] {logging_mixin.py:190} INFO - [2025-03-04T06:57:43.463+0000] {dagbag.py:588} INFO - Filling up the DagBag from /opt/airflow/dags/transform_and_analysis.py
[2025-03-04T06:57:43.476+0000] {processor.py:925} INFO - DAG(s) '2_daily_transformation_analysis' retrieved from /opt/airflow/dags/transform_and_analysis.py
[2025-03-04T06:57:43.488+0000] {logging_mixin.py:190} INFO - [2025-03-04T06:57:43.488+0000] {dag.py:3239} INFO - Sync 1 DAGs
[2025-03-04T06:57:43.504+0000] {logging_mixin.py:190} INFO - [2025-03-04T06:57:43.504+0000] {dag.py:4180} INFO - Setting next_dagrun for 2_daily_transformation_analysis to 2020-08-01 00:00:00+00:00, run_after=2020-08-01 00:00:00+00:00
[2025-03-04T06:57:43.520+0000] {processor.py:208} INFO - Processing /opt/airflow/dags/transform_and_analysis.py took 0.065 seconds
[2025-03-04T06:58:13.939+0000] {processor.py:186} INFO - Started process (PID=764) to work on /opt/airflow/dags/transform_and_analysis.py
[2025-03-04T06:58:13.941+0000] {processor.py:914} INFO - Processing file /opt/airflow/dags/transform_and_analysis.py for tasks to queue
[2025-03-04T06:58:13.944+0000] {logging_mixin.py:190} INFO - [2025-03-04T06:58:13.943+0000] {dagbag.py:588} INFO - Filling up the DagBag from /opt/airflow/dags/transform_and_analysis.py
[2025-03-04T06:58:13.980+0000] {processor.py:925} INFO - DAG(s) '2_daily_transformation_analysis' retrieved from /opt/airflow/dags/transform_and_analysis.py
[2025-03-04T06:58:14.003+0000] {logging_mixin.py:190} INFO - [2025-03-04T06:58:14.003+0000] {dag.py:3239} INFO - Sync 1 DAGs
[2025-03-04T06:58:14.026+0000] {logging_mixin.py:190} INFO - [2025-03-04T06:58:14.026+0000] {dag.py:4180} INFO - Setting next_dagrun for 2_daily_transformation_analysis to 2020-08-01 00:00:00+00:00, run_after=2020-08-01 00:00:00+00:00
[2025-03-04T06:58:14.048+0000] {processor.py:208} INFO - Processing /opt/airflow/dags/transform_and_analysis.py took 0.118 seconds
[2025-03-04T06:58:44.232+0000] {processor.py:186} INFO - Started process (PID=848) to work on /opt/airflow/dags/transform_and_analysis.py
[2025-03-04T06:58:44.234+0000] {processor.py:914} INFO - Processing file /opt/airflow/dags/transform_and_analysis.py for tasks to queue
[2025-03-04T06:58:44.238+0000] {logging_mixin.py:190} INFO - [2025-03-04T06:58:44.237+0000] {dagbag.py:588} INFO - Filling up the DagBag from /opt/airflow/dags/transform_and_analysis.py
[2025-03-04T06:58:44.278+0000] {processor.py:925} INFO - DAG(s) '2_daily_transformation_analysis' retrieved from /opt/airflow/dags/transform_and_analysis.py
[2025-03-04T06:58:44.300+0000] {logging_mixin.py:190} INFO - [2025-03-04T06:58:44.300+0000] {dag.py:3239} INFO - Sync 1 DAGs
[2025-03-04T06:58:44.323+0000] {logging_mixin.py:190} INFO - [2025-03-04T06:58:44.323+0000] {dag.py:4180} INFO - Setting next_dagrun for 2_daily_transformation_analysis to 2020-08-01 00:00:00+00:00, run_after=2020-08-01 00:00:00+00:00
[2025-03-04T06:58:44.349+0000] {processor.py:208} INFO - Processing /opt/airflow/dags/transform_and_analysis.py took 0.123 seconds
[2025-03-04T06:58:46.743+0000] {processor.py:186} INFO - Started process (PID=855) to work on /opt/airflow/dags/transform_and_analysis.py
[2025-03-04T06:58:46.744+0000] {processor.py:914} INFO - Processing file /opt/airflow/dags/transform_and_analysis.py for tasks to queue
[2025-03-04T06:58:46.746+0000] {logging_mixin.py:190} INFO - [2025-03-04T06:58:46.746+0000] {dagbag.py:588} INFO - Filling up the DagBag from /opt/airflow/dags/transform_and_analysis.py
[2025-03-04T06:58:46.782+0000] {processor.py:925} INFO - DAG(s) 'mini_snow_warehosue' retrieved from /opt/airflow/dags/transform_and_analysis.py
[2025-03-04T06:58:46.910+0000] {logging_mixin.py:190} INFO - [2025-03-04T06:58:46.909+0000] {override.py:1912} INFO - Created Permission View: can read on DAG:mini_snow_warehosue
[2025-03-04T06:58:46.919+0000] {logging_mixin.py:190} INFO - [2025-03-04T06:58:46.919+0000] {override.py:1912} INFO - Created Permission View: can edit on DAG:mini_snow_warehosue
[2025-03-04T06:58:46.927+0000] {logging_mixin.py:190} INFO - [2025-03-04T06:58:46.926+0000] {override.py:1912} INFO - Created Permission View: can delete on DAG:mini_snow_warehosue
[2025-03-04T06:58:46.933+0000] {logging_mixin.py:190} INFO - [2025-03-04T06:58:46.933+0000] {override.py:1912} INFO - Created Permission View: menu access on DAG Run:mini_snow_warehosue
[2025-03-04T06:58:46.940+0000] {logging_mixin.py:190} INFO - [2025-03-04T06:58:46.940+0000] {override.py:1912} INFO - Created Permission View: can read on DAG Run:mini_snow_warehosue
[2025-03-04T06:58:46.947+0000] {logging_mixin.py:190} INFO - [2025-03-04T06:58:46.946+0000] {override.py:1912} INFO - Created Permission View: can delete on DAG Run:mini_snow_warehosue
[2025-03-04T06:58:46.952+0000] {logging_mixin.py:190} INFO - [2025-03-04T06:58:46.952+0000] {override.py:1912} INFO - Created Permission View: can create on DAG Run:mini_snow_warehosue
[2025-03-04T06:58:46.953+0000] {logging_mixin.py:190} INFO - [2025-03-04T06:58:46.953+0000] {dag.py:3239} INFO - Sync 1 DAGs
[2025-03-04T06:58:46.964+0000] {logging_mixin.py:190} INFO - [2025-03-04T06:58:46.964+0000] {dag.py:3262} INFO - Creating ORM DAG for mini_snow_warehosue
[2025-03-04T06:58:46.972+0000] {logging_mixin.py:190} INFO - [2025-03-04T06:58:46.972+0000] {dag.py:4180} INFO - Setting next_dagrun for mini_snow_warehosue to 2020-08-01 00:00:00+00:00, run_after=2020-08-01 00:00:00+00:00
[2025-03-04T06:58:46.992+0000] {processor.py:208} INFO - Processing /opt/airflow/dags/transform_and_analysis.py took 0.254 seconds
[2025-03-04T06:59:17.753+0000] {processor.py:186} INFO - Started process (PID=931) to work on /opt/airflow/dags/transform_and_analysis.py
[2025-03-04T06:59:17.754+0000] {processor.py:914} INFO - Processing file /opt/airflow/dags/transform_and_analysis.py for tasks to queue
[2025-03-04T06:59:17.763+0000] {logging_mixin.py:190} INFO - [2025-03-04T06:59:17.762+0000] {dagbag.py:588} INFO - Filling up the DagBag from /opt/airflow/dags/transform_and_analysis.py
[2025-03-04T06:59:17.953+0000] {processor.py:925} INFO - DAG(s) 'mini_snow_warehosue' retrieved from /opt/airflow/dags/transform_and_analysis.py
[2025-03-04T06:59:17.978+0000] {logging_mixin.py:190} INFO - [2025-03-04T06:59:17.977+0000] {dag.py:3239} INFO - Sync 1 DAGs
[2025-03-04T06:59:18.000+0000] {logging_mixin.py:190} INFO - [2025-03-04T06:59:18.000+0000] {dag.py:4180} INFO - Setting next_dagrun for mini_snow_warehosue to 2020-08-01 00:00:00+00:00, run_after=2020-08-01 00:00:00+00:00
[2025-03-04T06:59:18.035+0000] {processor.py:208} INFO - Processing /opt/airflow/dags/transform_and_analysis.py took 0.289 seconds
[2025-03-04T06:59:43.388+0000] {processor.py:186} INFO - Started process (PID=999) to work on /opt/airflow/dags/transform_and_analysis.py
[2025-03-04T06:59:43.389+0000] {processor.py:914} INFO - Processing file /opt/airflow/dags/transform_and_analysis.py for tasks to queue
[2025-03-04T06:59:43.392+0000] {logging_mixin.py:190} INFO - [2025-03-04T06:59:43.392+0000] {dagbag.py:588} INFO - Filling up the DagBag from /opt/airflow/dags/transform_and_analysis.py
[2025-03-04T06:59:43.445+0000] {processor.py:925} INFO - DAG(s) 'mini_snow_warehosue' retrieved from /opt/airflow/dags/transform_and_analysis.py
[2025-03-04T06:59:43.534+0000] {logging_mixin.py:190} INFO - [2025-03-04T06:59:43.534+0000] {dag.py:3239} INFO - Sync 1 DAGs
[2025-03-04T06:59:43.550+0000] {logging_mixin.py:190} INFO - [2025-03-04T06:59:43.550+0000] {dag.py:4180} INFO - Setting next_dagrun for mini_snow_warehosue to 2020-08-01 00:00:00+00:00, run_after=2020-08-01 00:00:00+00:00
[2025-03-04T06:59:43.572+0000] {processor.py:208} INFO - Processing /opt/airflow/dags/transform_and_analysis.py took 0.190 seconds
[2025-03-04T06:59:52.433+0000] {processor.py:186} INFO - Started process (PID=1023) to work on /opt/airflow/dags/transform_and_analysis.py
[2025-03-04T06:59:52.436+0000] {processor.py:914} INFO - Processing file /opt/airflow/dags/transform_and_analysis.py for tasks to queue
[2025-03-04T06:59:52.439+0000] {logging_mixin.py:190} INFO - [2025-03-04T06:59:52.439+0000] {dagbag.py:588} INFO - Filling up the DagBag from /opt/airflow/dags/transform_and_analysis.py
[2025-03-04T06:59:52.466+0000] {processor.py:925} INFO - DAG(s) 'mini_snow_staging' retrieved from /opt/airflow/dags/transform_and_analysis.py
[2025-03-04T06:59:52.546+0000] {logging_mixin.py:190} INFO - [2025-03-04T06:59:52.546+0000] {override.py:1912} INFO - Created Permission View: can read on DAG:mini_snow_staging
[2025-03-04T06:59:52.555+0000] {logging_mixin.py:190} INFO - [2025-03-04T06:59:52.555+0000] {override.py:1912} INFO - Created Permission View: can edit on DAG:mini_snow_staging
[2025-03-04T06:59:52.560+0000] {logging_mixin.py:190} INFO - [2025-03-04T06:59:52.560+0000] {override.py:1912} INFO - Created Permission View: can delete on DAG:mini_snow_staging
[2025-03-04T06:59:52.568+0000] {logging_mixin.py:190} INFO - [2025-03-04T06:59:52.567+0000] {override.py:1912} INFO - Created Permission View: menu access on DAG Run:mini_snow_staging
[2025-03-04T06:59:52.573+0000] {logging_mixin.py:190} INFO - [2025-03-04T06:59:52.572+0000] {override.py:1912} INFO - Created Permission View: can read on DAG Run:mini_snow_staging
[2025-03-04T06:59:52.578+0000] {logging_mixin.py:190} INFO - [2025-03-04T06:59:52.578+0000] {override.py:1912} INFO - Created Permission View: can delete on DAG Run:mini_snow_staging
[2025-03-04T06:59:52.584+0000] {logging_mixin.py:190} INFO - [2025-03-04T06:59:52.584+0000] {override.py:1912} INFO - Created Permission View: can create on DAG Run:mini_snow_staging
[2025-03-04T06:59:52.585+0000] {logging_mixin.py:190} INFO - [2025-03-04T06:59:52.585+0000] {dag.py:3239} INFO - Sync 1 DAGs
[2025-03-04T06:59:52.596+0000] {logging_mixin.py:190} INFO - [2025-03-04T06:59:52.596+0000] {dag.py:3262} INFO - Creating ORM DAG for mini_snow_staging
[2025-03-04T06:59:52.603+0000] {logging_mixin.py:190} INFO - [2025-03-04T06:59:52.603+0000] {dag.py:4180} INFO - Setting next_dagrun for mini_snow_staging to 2020-08-01 00:00:00+00:00, run_after=2020-08-01 00:00:00+00:00
[2025-03-04T06:59:52.618+0000] {processor.py:208} INFO - Processing /opt/airflow/dags/transform_and_analysis.py took 0.189 seconds
[2025-03-04T07:00:07.183+0000] {processor.py:186} INFO - Started process (PID=1075) to work on /opt/airflow/dags/transform_and_analysis.py
[2025-03-04T07:00:07.184+0000] {processor.py:914} INFO - Processing file /opt/airflow/dags/transform_and_analysis.py for tasks to queue
[2025-03-04T07:00:07.186+0000] {logging_mixin.py:190} INFO - [2025-03-04T07:00:07.186+0000] {dagbag.py:588} INFO - Filling up the DagBag from /opt/airflow/dags/transform_and_analysis.py
[2025-03-04T07:00:07.209+0000] {processor.py:925} INFO - DAG(s) 'mini_snow_staging' retrieved from /opt/airflow/dags/transform_and_analysis.py
[2025-03-04T07:00:07.220+0000] {logging_mixin.py:190} INFO - [2025-03-04T07:00:07.220+0000] {dag.py:3239} INFO - Sync 1 DAGs
[2025-03-04T07:00:07.238+0000] {logging_mixin.py:190} INFO - [2025-03-04T07:00:07.238+0000] {dag.py:4180} INFO - Setting next_dagrun for mini_snow_staging to 2020-08-01 00:00:00+00:00, run_after=2020-08-01 00:00:00+00:00
[2025-03-04T07:00:07.257+0000] {processor.py:208} INFO - Processing /opt/airflow/dags/transform_and_analysis.py took 0.079 seconds
[2025-03-04T07:00:33.511+0000] {processor.py:186} INFO - Started process (PID=1134) to work on /opt/airflow/dags/transform_and_analysis.py
[2025-03-04T07:00:33.514+0000] {processor.py:914} INFO - Processing file /opt/airflow/dags/transform_and_analysis.py for tasks to queue
[2025-03-04T07:00:33.518+0000] {logging_mixin.py:190} INFO - [2025-03-04T07:00:33.517+0000] {dagbag.py:588} INFO - Filling up the DagBag from /opt/airflow/dags/transform_and_analysis.py
[2025-03-04T07:00:33.597+0000] {logging_mixin.py:190} INFO - [2025-03-04T07:00:33.587+0000] {dagbag.py:387} ERROR - Failed to import: /opt/airflow/dags/transform_and_analysis.py
Traceback (most recent call last):
  File "/home/airflow/.local/lib/python3.12/site-packages/airflow/models/dagbag.py", line 383, in parse
    loader.exec_module(new_module)
  File "<frozen importlib._bootstrap_external>", line 999, in exec_module
  File "<frozen importlib._bootstrap>", line 488, in _call_with_frames_removed
  File "/opt/airflow/dags/transform_and_analysis.py", line 41, in <module>
    task_2 = BashOperator(
             ^^^^^^^^^^^^^
  File "/home/airflow/.local/lib/python3.12/site-packages/airflow/models/baseoperator.py", line 508, in apply_defaults
    result = func(self, **kwargs, default_args=default_args)
             ^^^^^^^^^^^^^^^^^^^^^^^^^^^^^^^^^^^^^^^^^^^^^^^
  File "/home/airflow/.local/lib/python3.12/site-packages/airflow/operators/bash.py", line 166, in __init__
    super().__init__(**kwargs)
  File "/home/airflow/.local/lib/python3.12/site-packages/airflow/models/baseoperator.py", line 508, in apply_defaults
    result = func(self, **kwargs, default_args=default_args)
             ^^^^^^^^^^^^^^^^^^^^^^^^^^^^^^^^^^^^^^^^^^^^^^^
  File "/home/airflow/.local/lib/python3.12/site-packages/airflow/models/baseoperator.py", line 979, in __init__
    task_group.add(self)
  File "/home/airflow/.local/lib/python3.12/site-packages/airflow/utils/task_group.py", line 256, in add
    raise DuplicateTaskIdFound(f"{node_type} id '{key}' has already been added to the DAG")
airflow.exceptions.DuplicateTaskIdFound: Task id 'daily_analysis' has already been added to the DAG
[2025-03-04T07:00:33.598+0000] {processor.py:927} WARNING - No viable dags retrieved from /opt/airflow/dags/transform_and_analysis.py
[2025-03-04T07:00:33.621+0000] {processor.py:208} INFO - Processing /opt/airflow/dags/transform_and_analysis.py took 0.116 seconds
[2025-03-04T07:00:39.382+0000] {processor.py:186} INFO - Started process (PID=1160) to work on /opt/airflow/dags/transform_and_analysis.py
[2025-03-04T07:00:39.383+0000] {processor.py:914} INFO - Processing file /opt/airflow/dags/transform_and_analysis.py for tasks to queue
[2025-03-04T07:00:39.385+0000] {logging_mixin.py:190} INFO - [2025-03-04T07:00:39.385+0000] {dagbag.py:588} INFO - Filling up the DagBag from /opt/airflow/dags/transform_and_analysis.py
[2025-03-04T07:00:39.408+0000] {processor.py:925} INFO - DAG(s) 'mini_snow_staging' retrieved from /opt/airflow/dags/transform_and_analysis.py
[2025-03-04T07:00:39.495+0000] {logging_mixin.py:190} INFO - [2025-03-04T07:00:39.495+0000] {dag.py:3239} INFO - Sync 1 DAGs
[2025-03-04T07:00:39.512+0000] {logging_mixin.py:190} INFO - [2025-03-04T07:00:39.512+0000] {dag.py:4180} INFO - Setting next_dagrun for mini_snow_staging to 2020-08-01 00:00:00+00:00, run_after=2020-08-01 00:00:00+00:00
[2025-03-04T07:00:39.538+0000] {processor.py:208} INFO - Processing /opt/airflow/dags/transform_and_analysis.py took 0.160 seconds
[2025-03-04T07:00:44.482+0000] {processor.py:186} INFO - Started process (PID=1161) to work on /opt/airflow/dags/transform_and_analysis.py
[2025-03-04T07:00:44.483+0000] {processor.py:914} INFO - Processing file /opt/airflow/dags/transform_and_analysis.py for tasks to queue
[2025-03-04T07:00:44.485+0000] {logging_mixin.py:190} INFO - [2025-03-04T07:00:44.484+0000] {dagbag.py:588} INFO - Filling up the DagBag from /opt/airflow/dags/transform_and_analysis.py
[2025-03-04T07:00:44.506+0000] {processor.py:925} INFO - DAG(s) 'mini_snow_staging' retrieved from /opt/airflow/dags/transform_and_analysis.py
[2025-03-04T07:00:44.516+0000] {logging_mixin.py:190} INFO - [2025-03-04T07:00:44.516+0000] {dag.py:3239} INFO - Sync 1 DAGs
[2025-03-04T07:00:44.535+0000] {logging_mixin.py:190} INFO - [2025-03-04T07:00:44.535+0000] {dag.py:4180} INFO - Setting next_dagrun for mini_snow_staging to 2020-08-01 00:00:00+00:00, run_after=2020-08-01 00:00:00+00:00
[2025-03-04T07:00:44.555+0000] {processor.py:208} INFO - Processing /opt/airflow/dags/transform_and_analysis.py took 0.078 seconds
[2025-03-04T07:00:49.019+0000] {processor.py:186} INFO - Started process (PID=1176) to work on /opt/airflow/dags/transform_and_analysis.py
[2025-03-04T07:00:49.021+0000] {processor.py:914} INFO - Processing file /opt/airflow/dags/transform_and_analysis.py for tasks to queue
[2025-03-04T07:00:49.023+0000] {logging_mixin.py:190} INFO - [2025-03-04T07:00:49.023+0000] {dagbag.py:588} INFO - Filling up the DagBag from /opt/airflow/dags/transform_and_analysis.py
[2025-03-04T07:00:49.070+0000] {processor.py:925} INFO - DAG(s) 'mini_snow_staging' retrieved from /opt/airflow/dags/transform_and_analysis.py
[2025-03-04T07:00:49.087+0000] {logging_mixin.py:190} INFO - [2025-03-04T07:00:49.086+0000] {dag.py:3239} INFO - Sync 1 DAGs
[2025-03-04T07:00:49.116+0000] {logging_mixin.py:190} INFO - [2025-03-04T07:00:49.115+0000] {dag.py:4180} INFO - Setting next_dagrun for mini_snow_staging to 2020-08-01 00:00:00+00:00, run_after=2020-08-01 00:00:00+00:00
[2025-03-04T07:00:49.146+0000] {processor.py:208} INFO - Processing /opt/airflow/dags/transform_and_analysis.py took 0.132 seconds
[2025-03-04T07:00:57.140+0000] {processor.py:186} INFO - Started process (PID=1195) to work on /opt/airflow/dags/transform_and_analysis.py
[2025-03-04T07:00:57.142+0000] {processor.py:914} INFO - Processing file /opt/airflow/dags/transform_and_analysis.py for tasks to queue
[2025-03-04T07:00:57.143+0000] {logging_mixin.py:190} INFO - [2025-03-04T07:00:57.143+0000] {dagbag.py:588} INFO - Filling up the DagBag from /opt/airflow/dags/transform_and_analysis.py
[2025-03-04T07:00:57.181+0000] {processor.py:925} INFO - DAG(s) 'mini_snow_staging' retrieved from /opt/airflow/dags/transform_and_analysis.py
[2025-03-04T07:00:57.195+0000] {logging_mixin.py:190} INFO - [2025-03-04T07:00:57.195+0000] {dag.py:3239} INFO - Sync 1 DAGs
[2025-03-04T07:00:57.216+0000] {logging_mixin.py:190} INFO - [2025-03-04T07:00:57.216+0000] {dag.py:4180} INFO - Setting next_dagrun for mini_snow_staging to 2020-08-01 00:00:00+00:00, run_after=2020-08-01 00:00:00+00:00
[2025-03-04T07:00:57.241+0000] {processor.py:208} INFO - Processing /opt/airflow/dags/transform_and_analysis.py took 0.107 seconds
[2025-03-04T07:01:09.041+0000] {processor.py:186} INFO - Started process (PID=1238) to work on /opt/airflow/dags/transform_and_analysis.py
[2025-03-04T07:01:09.042+0000] {processor.py:914} INFO - Processing file /opt/airflow/dags/transform_and_analysis.py for tasks to queue
[2025-03-04T07:01:09.043+0000] {logging_mixin.py:190} INFO - [2025-03-04T07:01:09.043+0000] {dagbag.py:588} INFO - Filling up the DagBag from /opt/airflow/dags/transform_and_analysis.py
[2025-03-04T07:01:09.070+0000] {processor.py:925} INFO - DAG(s) 'mini_snow_staging' retrieved from /opt/airflow/dags/transform_and_analysis.py
[2025-03-04T07:01:09.086+0000] {logging_mixin.py:190} INFO - [2025-03-04T07:01:09.085+0000] {dag.py:3239} INFO - Sync 1 DAGs
[2025-03-04T07:01:09.107+0000] {logging_mixin.py:190} INFO - [2025-03-04T07:01:09.107+0000] {dag.py:4180} INFO - Setting next_dagrun for mini_snow_staging to 2020-08-01 00:00:00+00:00, run_after=2020-08-01 00:00:00+00:00
[2025-03-04T07:01:09.129+0000] {processor.py:208} INFO - Processing /opt/airflow/dags/transform_and_analysis.py took 0.093 seconds
[2025-03-04T07:01:16.172+0000] {processor.py:186} INFO - Started process (PID=1247) to work on /opt/airflow/dags/transform_and_analysis.py
[2025-03-04T07:01:16.175+0000] {processor.py:914} INFO - Processing file /opt/airflow/dags/transform_and_analysis.py for tasks to queue
[2025-03-04T07:01:16.178+0000] {logging_mixin.py:190} INFO - [2025-03-04T07:01:16.177+0000] {dagbag.py:588} INFO - Filling up the DagBag from /opt/airflow/dags/transform_and_analysis.py
[2025-03-04T07:01:16.228+0000] {processor.py:925} INFO - DAG(s) 'mini_snow_staging' retrieved from /opt/airflow/dags/transform_and_analysis.py
[2025-03-04T07:01:16.322+0000] {logging_mixin.py:190} INFO - [2025-03-04T07:01:16.322+0000] {dag.py:3239} INFO - Sync 1 DAGs
[2025-03-04T07:01:16.337+0000] {logging_mixin.py:190} INFO - [2025-03-04T07:01:16.337+0000] {dag.py:4180} INFO - Setting next_dagrun for mini_snow_staging to 2020-08-01 00:00:00+00:00, run_after=2020-08-01 00:00:00+00:00
[2025-03-04T07:01:16.355+0000] {processor.py:208} INFO - Processing /opt/airflow/dags/transform_and_analysis.py took 0.193 seconds
[2025-03-04T07:01:46.688+0000] {processor.py:186} INFO - Started process (PID=1322) to work on /opt/airflow/dags/transform_and_analysis.py
[2025-03-04T07:01:46.689+0000] {processor.py:914} INFO - Processing file /opt/airflow/dags/transform_and_analysis.py for tasks to queue
[2025-03-04T07:01:46.690+0000] {logging_mixin.py:190} INFO - [2025-03-04T07:01:46.690+0000] {dagbag.py:588} INFO - Filling up the DagBag from /opt/airflow/dags/transform_and_analysis.py
[2025-03-04T07:01:46.704+0000] {processor.py:925} INFO - DAG(s) 'mini_snow_staging' retrieved from /opt/airflow/dags/transform_and_analysis.py
[2025-03-04T07:01:46.719+0000] {logging_mixin.py:190} INFO - [2025-03-04T07:01:46.719+0000] {dag.py:3239} INFO - Sync 1 DAGs
[2025-03-04T07:01:46.736+0000] {logging_mixin.py:190} INFO - [2025-03-04T07:01:46.736+0000] {dag.py:4180} INFO - Setting next_dagrun for mini_snow_staging to 2020-08-01 00:00:00+00:00, run_after=2020-08-01 00:00:00+00:00
[2025-03-04T07:01:46.750+0000] {processor.py:208} INFO - Processing /opt/airflow/dags/transform_and_analysis.py took 0.067 seconds
[2025-03-04T07:02:17.398+0000] {processor.py:186} INFO - Started process (PID=1406) to work on /opt/airflow/dags/transform_and_analysis.py
[2025-03-04T07:02:17.399+0000] {processor.py:914} INFO - Processing file /opt/airflow/dags/transform_and_analysis.py for tasks to queue
[2025-03-04T07:02:17.400+0000] {logging_mixin.py:190} INFO - [2025-03-04T07:02:17.400+0000] {dagbag.py:588} INFO - Filling up the DagBag from /opt/airflow/dags/transform_and_analysis.py
[2025-03-04T07:02:17.420+0000] {processor.py:925} INFO - DAG(s) 'mini_snow_staging' retrieved from /opt/airflow/dags/transform_and_analysis.py
[2025-03-04T07:02:17.436+0000] {logging_mixin.py:190} INFO - [2025-03-04T07:02:17.435+0000] {dag.py:3239} INFO - Sync 1 DAGs
[2025-03-04T07:02:17.457+0000] {logging_mixin.py:190} INFO - [2025-03-04T07:02:17.456+0000] {dag.py:4180} INFO - Setting next_dagrun for mini_snow_staging to 2020-08-01 00:00:00+00:00, run_after=2020-08-01 00:00:00+00:00
[2025-03-04T07:02:17.474+0000] {processor.py:208} INFO - Processing /opt/airflow/dags/transform_and_analysis.py took 0.082 seconds
[2025-03-04T07:02:47.815+0000] {processor.py:186} INFO - Started process (PID=1486) to work on /opt/airflow/dags/transform_and_analysis.py
[2025-03-04T07:02:47.817+0000] {processor.py:914} INFO - Processing file /opt/airflow/dags/transform_and_analysis.py for tasks to queue
[2025-03-04T07:02:47.818+0000] {logging_mixin.py:190} INFO - [2025-03-04T07:02:47.818+0000] {dagbag.py:588} INFO - Filling up the DagBag from /opt/airflow/dags/transform_and_analysis.py
[2025-03-04T07:02:47.836+0000] {processor.py:925} INFO - DAG(s) 'mini_snow_staging' retrieved from /opt/airflow/dags/transform_and_analysis.py
[2025-03-04T07:02:47.858+0000] {logging_mixin.py:190} INFO - [2025-03-04T07:02:47.858+0000] {dag.py:3239} INFO - Sync 1 DAGs
[2025-03-04T07:02:47.879+0000] {logging_mixin.py:190} INFO - [2025-03-04T07:02:47.879+0000] {dag.py:4180} INFO - Setting next_dagrun for mini_snow_staging to None, run_after=None
[2025-03-04T07:02:47.900+0000] {processor.py:208} INFO - Processing /opt/airflow/dags/transform_and_analysis.py took 0.092 seconds
[2025-03-04T07:03:18.095+0000] {processor.py:186} INFO - Started process (PID=1561) to work on /opt/airflow/dags/transform_and_analysis.py
[2025-03-04T07:03:18.097+0000] {processor.py:914} INFO - Processing file /opt/airflow/dags/transform_and_analysis.py for tasks to queue
[2025-03-04T07:03:18.101+0000] {logging_mixin.py:190} INFO - [2025-03-04T07:03:18.100+0000] {dagbag.py:588} INFO - Filling up the DagBag from /opt/airflow/dags/transform_and_analysis.py
[2025-03-04T07:03:18.129+0000] {processor.py:925} INFO - DAG(s) 'mini_snow_staging' retrieved from /opt/airflow/dags/transform_and_analysis.py
[2025-03-04T07:03:18.150+0000] {logging_mixin.py:190} INFO - [2025-03-04T07:03:18.150+0000] {dag.py:3239} INFO - Sync 1 DAGs
[2025-03-04T07:03:18.171+0000] {logging_mixin.py:190} INFO - [2025-03-04T07:03:18.171+0000] {dag.py:4180} INFO - Setting next_dagrun for mini_snow_staging to None, run_after=None
[2025-03-04T07:03:18.193+0000] {processor.py:208} INFO - Processing /opt/airflow/dags/transform_and_analysis.py took 0.104 seconds
[2025-03-04T07:03:48.379+0000] {processor.py:186} INFO - Started process (PID=1644) to work on /opt/airflow/dags/transform_and_analysis.py
[2025-03-04T07:03:48.380+0000] {processor.py:914} INFO - Processing file /opt/airflow/dags/transform_and_analysis.py for tasks to queue
[2025-03-04T07:03:48.381+0000] {logging_mixin.py:190} INFO - [2025-03-04T07:03:48.380+0000] {dagbag.py:588} INFO - Filling up the DagBag from /opt/airflow/dags/transform_and_analysis.py
[2025-03-04T07:03:48.392+0000] {processor.py:925} INFO - DAG(s) 'mini_snow_staging' retrieved from /opt/airflow/dags/transform_and_analysis.py
[2025-03-04T07:03:48.406+0000] {logging_mixin.py:190} INFO - [2025-03-04T07:03:48.405+0000] {dag.py:3239} INFO - Sync 1 DAGs
[2025-03-04T07:03:48.422+0000] {logging_mixin.py:190} INFO - [2025-03-04T07:03:48.422+0000] {dag.py:4180} INFO - Setting next_dagrun for mini_snow_staging to None, run_after=None
[2025-03-04T07:03:48.436+0000] {processor.py:208} INFO - Processing /opt/airflow/dags/transform_and_analysis.py took 0.061 seconds
[2025-03-04T07:04:18.754+0000] {processor.py:186} INFO - Started process (PID=1719) to work on /opt/airflow/dags/transform_and_analysis.py
[2025-03-04T07:04:18.755+0000] {processor.py:914} INFO - Processing file /opt/airflow/dags/transform_and_analysis.py for tasks to queue
[2025-03-04T07:04:18.756+0000] {logging_mixin.py:190} INFO - [2025-03-04T07:04:18.756+0000] {dagbag.py:588} INFO - Filling up the DagBag from /opt/airflow/dags/transform_and_analysis.py
[2025-03-04T07:04:18.771+0000] {processor.py:925} INFO - DAG(s) 'mini_snow_staging' retrieved from /opt/airflow/dags/transform_and_analysis.py
[2025-03-04T07:04:18.786+0000] {logging_mixin.py:190} INFO - [2025-03-04T07:04:18.786+0000] {dag.py:3239} INFO - Sync 1 DAGs
[2025-03-04T07:04:18.805+0000] {logging_mixin.py:190} INFO - [2025-03-04T07:04:18.805+0000] {dag.py:4180} INFO - Setting next_dagrun for mini_snow_staging to None, run_after=None
[2025-03-04T07:04:18.833+0000] {processor.py:208} INFO - Processing /opt/airflow/dags/transform_and_analysis.py took 0.084 seconds
[2025-03-04T07:04:49.020+0000] {processor.py:186} INFO - Started process (PID=1802) to work on /opt/airflow/dags/transform_and_analysis.py
[2025-03-04T07:04:49.021+0000] {processor.py:914} INFO - Processing file /opt/airflow/dags/transform_and_analysis.py for tasks to queue
[2025-03-04T07:04:49.023+0000] {logging_mixin.py:190} INFO - [2025-03-04T07:04:49.023+0000] {dagbag.py:588} INFO - Filling up the DagBag from /opt/airflow/dags/transform_and_analysis.py
[2025-03-04T07:04:49.046+0000] {processor.py:925} INFO - DAG(s) 'mini_snow_staging' retrieved from /opt/airflow/dags/transform_and_analysis.py
[2025-03-04T07:04:49.065+0000] {logging_mixin.py:190} INFO - [2025-03-04T07:04:49.065+0000] {dag.py:3239} INFO - Sync 1 DAGs
[2025-03-04T07:04:49.086+0000] {logging_mixin.py:190} INFO - [2025-03-04T07:04:49.086+0000] {dag.py:4180} INFO - Setting next_dagrun for mini_snow_staging to None, run_after=None
[2025-03-04T07:04:49.103+0000] {processor.py:208} INFO - Processing /opt/airflow/dags/transform_and_analysis.py took 0.088 seconds
[2025-03-04T07:05:19.179+0000] {processor.py:186} INFO - Started process (PID=1876) to work on /opt/airflow/dags/transform_and_analysis.py
[2025-03-04T07:05:19.180+0000] {processor.py:914} INFO - Processing file /opt/airflow/dags/transform_and_analysis.py for tasks to queue
[2025-03-04T07:05:19.182+0000] {logging_mixin.py:190} INFO - [2025-03-04T07:05:19.182+0000] {dagbag.py:588} INFO - Filling up the DagBag from /opt/airflow/dags/transform_and_analysis.py
[2025-03-04T07:05:19.205+0000] {processor.py:925} INFO - DAG(s) 'mini_snow_staging' retrieved from /opt/airflow/dags/transform_and_analysis.py
[2025-03-04T07:05:19.220+0000] {logging_mixin.py:190} INFO - [2025-03-04T07:05:19.220+0000] {dag.py:3239} INFO - Sync 1 DAGs
[2025-03-04T07:05:19.238+0000] {logging_mixin.py:190} INFO - [2025-03-04T07:05:19.238+0000] {dag.py:4180} INFO - Setting next_dagrun for mini_snow_staging to None, run_after=None
[2025-03-04T07:05:19.253+0000] {processor.py:208} INFO - Processing /opt/airflow/dags/transform_and_analysis.py took 0.079 seconds
[2025-03-04T07:05:49.642+0000] {processor.py:186} INFO - Started process (PID=1958) to work on /opt/airflow/dags/transform_and_analysis.py
[2025-03-04T07:05:49.643+0000] {processor.py:914} INFO - Processing file /opt/airflow/dags/transform_and_analysis.py for tasks to queue
[2025-03-04T07:05:49.644+0000] {logging_mixin.py:190} INFO - [2025-03-04T07:05:49.644+0000] {dagbag.py:588} INFO - Filling up the DagBag from /opt/airflow/dags/transform_and_analysis.py
[2025-03-04T07:05:49.658+0000] {processor.py:925} INFO - DAG(s) 'mini_snow_staging' retrieved from /opt/airflow/dags/transform_and_analysis.py
[2025-03-04T07:05:49.671+0000] {logging_mixin.py:190} INFO - [2025-03-04T07:05:49.671+0000] {dag.py:3239} INFO - Sync 1 DAGs
[2025-03-04T07:05:49.687+0000] {logging_mixin.py:190} INFO - [2025-03-04T07:05:49.687+0000] {dag.py:4180} INFO - Setting next_dagrun for mini_snow_staging to None, run_after=None
[2025-03-04T07:05:49.702+0000] {processor.py:208} INFO - Processing /opt/airflow/dags/transform_and_analysis.py took 0.070 seconds
[2025-03-04T07:06:19.980+0000] {processor.py:186} INFO - Started process (PID=2032) to work on /opt/airflow/dags/transform_and_analysis.py
[2025-03-04T07:06:19.981+0000] {processor.py:914} INFO - Processing file /opt/airflow/dags/transform_and_analysis.py for tasks to queue
[2025-03-04T07:06:19.983+0000] {logging_mixin.py:190} INFO - [2025-03-04T07:06:19.983+0000] {dagbag.py:588} INFO - Filling up the DagBag from /opt/airflow/dags/transform_and_analysis.py
[2025-03-04T07:06:19.997+0000] {processor.py:925} INFO - DAG(s) 'mini_snow_staging' retrieved from /opt/airflow/dags/transform_and_analysis.py
[2025-03-04T07:06:20.011+0000] {logging_mixin.py:190} INFO - [2025-03-04T07:06:20.011+0000] {dag.py:3239} INFO - Sync 1 DAGs
[2025-03-04T07:06:20.035+0000] {logging_mixin.py:190} INFO - [2025-03-04T07:06:20.035+0000] {dag.py:4180} INFO - Setting next_dagrun for mini_snow_staging to None, run_after=None
[2025-03-04T07:06:20.049+0000] {processor.py:208} INFO - Processing /opt/airflow/dags/transform_and_analysis.py took 0.074 seconds
[2025-03-04T07:06:50.370+0000] {processor.py:186} INFO - Started process (PID=2114) to work on /opt/airflow/dags/transform_and_analysis.py
[2025-03-04T07:06:50.371+0000] {processor.py:914} INFO - Processing file /opt/airflow/dags/transform_and_analysis.py for tasks to queue
[2025-03-04T07:06:50.373+0000] {logging_mixin.py:190} INFO - [2025-03-04T07:06:50.373+0000] {dagbag.py:588} INFO - Filling up the DagBag from /opt/airflow/dags/transform_and_analysis.py
[2025-03-04T07:06:50.389+0000] {processor.py:925} INFO - DAG(s) 'mini_snow_staging' retrieved from /opt/airflow/dags/transform_and_analysis.py
[2025-03-04T07:06:50.404+0000] {logging_mixin.py:190} INFO - [2025-03-04T07:06:50.404+0000] {dag.py:3239} INFO - Sync 1 DAGs
[2025-03-04T07:06:50.422+0000] {logging_mixin.py:190} INFO - [2025-03-04T07:06:50.422+0000] {dag.py:4180} INFO - Setting next_dagrun for mini_snow_staging to None, run_after=None
[2025-03-04T07:06:50.440+0000] {processor.py:208} INFO - Processing /opt/airflow/dags/transform_and_analysis.py took 0.075 seconds
[2025-03-04T07:07:20.668+0000] {processor.py:186} INFO - Started process (PID=2187) to work on /opt/airflow/dags/transform_and_analysis.py
[2025-03-04T07:07:20.669+0000] {processor.py:914} INFO - Processing file /opt/airflow/dags/transform_and_analysis.py for tasks to queue
[2025-03-04T07:07:20.670+0000] {logging_mixin.py:190} INFO - [2025-03-04T07:07:20.670+0000] {dagbag.py:588} INFO - Filling up the DagBag from /opt/airflow/dags/transform_and_analysis.py
[2025-03-04T07:07:20.689+0000] {processor.py:925} INFO - DAG(s) 'mini_snow_staging' retrieved from /opt/airflow/dags/transform_and_analysis.py
[2025-03-04T07:07:20.707+0000] {logging_mixin.py:190} INFO - [2025-03-04T07:07:20.707+0000] {dag.py:3239} INFO - Sync 1 DAGs
[2025-03-04T07:07:20.726+0000] {logging_mixin.py:190} INFO - [2025-03-04T07:07:20.726+0000] {dag.py:4180} INFO - Setting next_dagrun for mini_snow_staging to None, run_after=None
[2025-03-04T07:07:20.746+0000] {processor.py:208} INFO - Processing /opt/airflow/dags/transform_and_analysis.py took 0.085 seconds
[2025-03-04T07:07:51.067+0000] {processor.py:186} INFO - Started process (PID=2268) to work on /opt/airflow/dags/transform_and_analysis.py
[2025-03-04T07:07:51.075+0000] {processor.py:914} INFO - Processing file /opt/airflow/dags/transform_and_analysis.py for tasks to queue
[2025-03-04T07:07:51.076+0000] {logging_mixin.py:190} INFO - [2025-03-04T07:07:51.076+0000] {dagbag.py:588} INFO - Filling up the DagBag from /opt/airflow/dags/transform_and_analysis.py
[2025-03-04T07:07:51.089+0000] {processor.py:925} INFO - DAG(s) 'mini_snow_staging' retrieved from /opt/airflow/dags/transform_and_analysis.py
[2025-03-04T07:07:51.105+0000] {logging_mixin.py:190} INFO - [2025-03-04T07:07:51.105+0000] {dag.py:3239} INFO - Sync 1 DAGs
[2025-03-04T07:07:51.131+0000] {logging_mixin.py:190} INFO - [2025-03-04T07:07:51.130+0000] {dag.py:4180} INFO - Setting next_dagrun for mini_snow_staging to None, run_after=None
[2025-03-04T07:07:51.185+0000] {processor.py:208} INFO - Processing /opt/airflow/dags/transform_and_analysis.py took 0.122 seconds
[2025-03-04T07:08:22.105+0000] {processor.py:186} INFO - Started process (PID=2343) to work on /opt/airflow/dags/transform_and_analysis.py
[2025-03-04T07:08:22.106+0000] {processor.py:914} INFO - Processing file /opt/airflow/dags/transform_and_analysis.py for tasks to queue
[2025-03-04T07:08:22.108+0000] {logging_mixin.py:190} INFO - [2025-03-04T07:08:22.108+0000] {dagbag.py:588} INFO - Filling up the DagBag from /opt/airflow/dags/transform_and_analysis.py
[2025-03-04T07:08:22.141+0000] {processor.py:925} INFO - DAG(s) 'mini_snow_staging' retrieved from /opt/airflow/dags/transform_and_analysis.py
[2025-03-04T07:08:22.159+0000] {logging_mixin.py:190} INFO - [2025-03-04T07:08:22.159+0000] {dag.py:3239} INFO - Sync 1 DAGs
[2025-03-04T07:08:22.180+0000] {logging_mixin.py:190} INFO - [2025-03-04T07:08:22.179+0000] {dag.py:4180} INFO - Setting next_dagrun for mini_snow_staging to None, run_after=None
[2025-03-04T07:08:22.198+0000] {processor.py:208} INFO - Processing /opt/airflow/dags/transform_and_analysis.py took 0.099 seconds
[2025-03-04T07:08:52.568+0000] {processor.py:186} INFO - Started process (PID=2418) to work on /opt/airflow/dags/transform_and_analysis.py
[2025-03-04T07:08:52.569+0000] {processor.py:914} INFO - Processing file /opt/airflow/dags/transform_and_analysis.py for tasks to queue
[2025-03-04T07:08:52.571+0000] {logging_mixin.py:190} INFO - [2025-03-04T07:08:52.570+0000] {dagbag.py:588} INFO - Filling up the DagBag from /opt/airflow/dags/transform_and_analysis.py
[2025-03-04T07:08:52.595+0000] {processor.py:925} INFO - DAG(s) 'mini_snow_staging' retrieved from /opt/airflow/dags/transform_and_analysis.py
[2025-03-04T07:08:52.614+0000] {logging_mixin.py:190} INFO - [2025-03-04T07:08:52.614+0000] {dag.py:3239} INFO - Sync 1 DAGs
[2025-03-04T07:08:52.637+0000] {logging_mixin.py:190} INFO - [2025-03-04T07:08:52.637+0000] {dag.py:4180} INFO - Setting next_dagrun for mini_snow_staging to None, run_after=None
[2025-03-04T07:08:52.657+0000] {processor.py:208} INFO - Processing /opt/airflow/dags/transform_and_analysis.py took 0.094 seconds
[2025-03-04T07:09:22.942+0000] {processor.py:186} INFO - Started process (PID=2500) to work on /opt/airflow/dags/transform_and_analysis.py
[2025-03-04T07:09:22.943+0000] {processor.py:914} INFO - Processing file /opt/airflow/dags/transform_and_analysis.py for tasks to queue
[2025-03-04T07:09:22.945+0000] {logging_mixin.py:190} INFO - [2025-03-04T07:09:22.944+0000] {dagbag.py:588} INFO - Filling up the DagBag from /opt/airflow/dags/transform_and_analysis.py
[2025-03-04T07:09:22.957+0000] {processor.py:925} INFO - DAG(s) 'mini_snow_staging' retrieved from /opt/airflow/dags/transform_and_analysis.py
[2025-03-04T07:09:22.974+0000] {logging_mixin.py:190} INFO - [2025-03-04T07:09:22.974+0000] {dag.py:3239} INFO - Sync 1 DAGs
[2025-03-04T07:09:22.993+0000] {logging_mixin.py:190} INFO - [2025-03-04T07:09:22.993+0000] {dag.py:4180} INFO - Setting next_dagrun for mini_snow_staging to None, run_after=None
[2025-03-04T07:09:23.009+0000] {processor.py:208} INFO - Processing /opt/airflow/dags/transform_and_analysis.py took 0.072 seconds
[2025-03-04T07:09:53.930+0000] {processor.py:186} INFO - Started process (PID=2574) to work on /opt/airflow/dags/transform_and_analysis.py
[2025-03-04T07:09:53.931+0000] {processor.py:914} INFO - Processing file /opt/airflow/dags/transform_and_analysis.py for tasks to queue
[2025-03-04T07:09:53.933+0000] {logging_mixin.py:190} INFO - [2025-03-04T07:09:53.932+0000] {dagbag.py:588} INFO - Filling up the DagBag from /opt/airflow/dags/transform_and_analysis.py
[2025-03-04T07:09:53.955+0000] {processor.py:925} INFO - DAG(s) 'mini_snow_staging' retrieved from /opt/airflow/dags/transform_and_analysis.py
[2025-03-04T07:09:53.973+0000] {logging_mixin.py:190} INFO - [2025-03-04T07:09:53.973+0000] {dag.py:3239} INFO - Sync 1 DAGs
[2025-03-04T07:09:53.996+0000] {logging_mixin.py:190} INFO - [2025-03-04T07:09:53.995+0000] {dag.py:4180} INFO - Setting next_dagrun for mini_snow_staging to None, run_after=None
[2025-03-04T07:09:54.015+0000] {processor.py:208} INFO - Processing /opt/airflow/dags/transform_and_analysis.py took 0.090 seconds
[2025-03-04T07:10:24.550+0000] {processor.py:186} INFO - Started process (PID=2655) to work on /opt/airflow/dags/transform_and_analysis.py
[2025-03-04T07:10:24.552+0000] {processor.py:914} INFO - Processing file /opt/airflow/dags/transform_and_analysis.py for tasks to queue
[2025-03-04T07:10:24.554+0000] {logging_mixin.py:190} INFO - [2025-03-04T07:10:24.554+0000] {dagbag.py:588} INFO - Filling up the DagBag from /opt/airflow/dags/transform_and_analysis.py
[2025-03-04T07:10:24.647+0000] {processor.py:925} INFO - DAG(s) 'mini_snow_warehouse' retrieved from /opt/airflow/dags/transform_and_analysis.py
[2025-03-04T07:10:24.752+0000] {logging_mixin.py:190} INFO - [2025-03-04T07:10:24.751+0000] {override.py:1912} INFO - Created Permission View: can read on DAG:mini_snow_warehouse
[2025-03-04T07:10:24.763+0000] {logging_mixin.py:190} INFO - [2025-03-04T07:10:24.762+0000] {override.py:1912} INFO - Created Permission View: can edit on DAG:mini_snow_warehouse
[2025-03-04T07:10:24.771+0000] {logging_mixin.py:190} INFO - [2025-03-04T07:10:24.770+0000] {override.py:1912} INFO - Created Permission View: can delete on DAG:mini_snow_warehouse
[2025-03-04T07:10:24.780+0000] {logging_mixin.py:190} INFO - [2025-03-04T07:10:24.780+0000] {override.py:1912} INFO - Created Permission View: menu access on DAG Run:mini_snow_warehouse
[2025-03-04T07:10:24.788+0000] {logging_mixin.py:190} INFO - [2025-03-04T07:10:24.787+0000] {override.py:1912} INFO - Created Permission View: can read on DAG Run:mini_snow_warehouse
[2025-03-04T07:10:24.796+0000] {logging_mixin.py:190} INFO - [2025-03-04T07:10:24.796+0000] {override.py:1912} INFO - Created Permission View: can delete on DAG Run:mini_snow_warehouse
[2025-03-04T07:10:24.803+0000] {logging_mixin.py:190} INFO - [2025-03-04T07:10:24.803+0000] {override.py:1912} INFO - Created Permission View: can create on DAG Run:mini_snow_warehouse
[2025-03-04T07:10:24.804+0000] {logging_mixin.py:190} INFO - [2025-03-04T07:10:24.804+0000] {dag.py:3239} INFO - Sync 1 DAGs
[2025-03-04T07:10:24.816+0000] {logging_mixin.py:190} INFO - [2025-03-04T07:10:24.816+0000] {dag.py:3262} INFO - Creating ORM DAG for mini_snow_warehouse
[2025-03-04T07:10:24.827+0000] {logging_mixin.py:190} INFO - [2025-03-04T07:10:24.826+0000] {dag.py:4180} INFO - Setting next_dagrun for mini_snow_warehouse to 2020-08-01 00:00:00+00:00, run_after=2020-08-01 00:00:00+00:00
[2025-03-04T07:10:24.848+0000] {processor.py:208} INFO - Processing /opt/airflow/dags/transform_and_analysis.py took 0.304 seconds
[2025-03-04T07:10:55.016+0000] {processor.py:186} INFO - Started process (PID=2729) to work on /opt/airflow/dags/transform_and_analysis.py
[2025-03-04T07:10:55.018+0000] {processor.py:914} INFO - Processing file /opt/airflow/dags/transform_and_analysis.py for tasks to queue
[2025-03-04T07:10:55.020+0000] {logging_mixin.py:190} INFO - [2025-03-04T07:10:55.020+0000] {dagbag.py:588} INFO - Filling up the DagBag from /opt/airflow/dags/transform_and_analysis.py
[2025-03-04T07:10:55.153+0000] {processor.py:925} INFO - DAG(s) 'mini_snow_warehouse' retrieved from /opt/airflow/dags/transform_and_analysis.py
[2025-03-04T07:10:55.176+0000] {logging_mixin.py:190} INFO - [2025-03-04T07:10:55.176+0000] {dag.py:3239} INFO - Sync 1 DAGs
[2025-03-04T07:10:55.199+0000] {logging_mixin.py:190} INFO - [2025-03-04T07:10:55.199+0000] {dag.py:4180} INFO - Setting next_dagrun for mini_snow_warehouse to 2020-08-01 00:00:00+00:00, run_after=2020-08-01 00:00:00+00:00
[2025-03-04T07:10:55.220+0000] {processor.py:208} INFO - Processing /opt/airflow/dags/transform_and_analysis.py took 0.209 seconds
[2025-03-04T07:11:25.892+0000] {processor.py:186} INFO - Started process (PID=2811) to work on /opt/airflow/dags/transform_and_analysis.py
[2025-03-04T07:11:25.893+0000] {processor.py:914} INFO - Processing file /opt/airflow/dags/transform_and_analysis.py for tasks to queue
[2025-03-04T07:11:25.895+0000] {logging_mixin.py:190} INFO - [2025-03-04T07:11:25.894+0000] {dagbag.py:588} INFO - Filling up the DagBag from /opt/airflow/dags/transform_and_analysis.py
[2025-03-04T07:11:25.914+0000] {processor.py:925} INFO - DAG(s) 'mini_snow_warehouse' retrieved from /opt/airflow/dags/transform_and_analysis.py
[2025-03-04T07:11:25.942+0000] {logging_mixin.py:190} INFO - [2025-03-04T07:11:25.941+0000] {dag.py:3239} INFO - Sync 1 DAGs
[2025-03-04T07:11:25.971+0000] {logging_mixin.py:190} INFO - [2025-03-04T07:11:25.971+0000] {dag.py:4180} INFO - Setting next_dagrun for mini_snow_warehouse to 2020-08-01 00:00:00+00:00, run_after=2020-08-01 00:00:00+00:00
[2025-03-04T07:11:25.993+0000] {processor.py:208} INFO - Processing /opt/airflow/dags/transform_and_analysis.py took 0.107 seconds
