[2025-03-04T07:14:56.886+0000] {local_task_job_runner.py:123} INFO - ::group::Pre task execution logs
[2025-03-04T07:14:57.068+0000] {taskinstance.py:2614} INFO - Dependencies all met for dep_context=non-requeueable deps ti=<TaskInstance: snowflake_data_pipeline.fact_processing manual__2025-03-04T07:14:24.033739+00:00 [queued]>
[2025-03-04T07:14:57.080+0000] {taskinstance.py:2614} INFO - Dependencies all met for dep_context=requeueable deps ti=<TaskInstance: snowflake_data_pipeline.fact_processing manual__2025-03-04T07:14:24.033739+00:00 [queued]>
[2025-03-04T07:14:57.082+0000] {taskinstance.py:2867} INFO - Starting attempt 1 of 1
[2025-03-04T07:14:57.097+0000] {taskinstance.py:2890} INFO - Executing <Task(BashOperator): fact_processing> on 2025-03-04 07:14:24.033739+00:00
[2025-03-04T07:14:57.106+0000] {warnings.py:112} WARNING - /home/***/.local/lib/python3.12/site-packages/***/task/task_runner/standard_task_runner.py:70: DeprecationWarning: This process (pid=1170) is multi-threaded, use of fork() may lead to deadlocks in the child.
  pid = os.fork()

[2025-03-04T07:14:57.108+0000] {standard_task_runner.py:72} INFO - Started process 1174 to run task
[2025-03-04T07:14:57.108+0000] {standard_task_runner.py:104} INFO - Running: ['***', 'tasks', 'run', 'snowflake_data_pipeline', 'fact_processing', 'manual__2025-03-04T07:14:24.033739+00:00', '--job-id', '11', '--raw', '--subdir', 'DAGS_FOLDER/data_pipeline.py', '--cfg-path', '/tmp/tmpa_aqembm']
[2025-03-04T07:14:57.110+0000] {standard_task_runner.py:105} INFO - Job 11: Subtask fact_processing
[2025-03-04T07:14:57.124+0000] {warnings.py:112} WARNING - /home/***/.local/lib/python3.12/site-packages/***/settings.py:209: DeprecationWarning: The sql_alchemy_conn option in [core] has been moved to the sql_alchemy_conn option in [database] - the old setting has been used, but please update your config.
  SQL_ALCHEMY_CONN = conf.get("database", "SQL_ALCHEMY_CONN")

[2025-03-04T07:14:57.160+0000] {task_command.py:467} INFO - Running <TaskInstance: snowflake_data_pipeline.fact_processing manual__2025-03-04T07:14:24.033739+00:00 [running]> on host 8b83efa08de4
[2025-03-04T07:14:57.287+0000] {taskinstance.py:3134} INFO - Exporting env vars: AIRFLOW_CTX_DAG_OWNER='***' AIRFLOW_CTX_DAG_ID='snowflake_data_pipeline' AIRFLOW_CTX_TASK_ID='fact_processing' AIRFLOW_CTX_EXECUTION_DATE='2025-03-04T07:14:24.033739+00:00' AIRFLOW_CTX_TRY_NUMBER='1' AIRFLOW_CTX_DAG_RUN_ID='manual__2025-03-04T07:14:24.033739+00:00'
[2025-03-04T07:14:57.289+0000] {logging_mixin.py:190} INFO - Task instance is in running state
[2025-03-04T07:14:57.290+0000] {logging_mixin.py:190} INFO -  Previous state of the Task instance: queued
[2025-03-04T07:14:57.291+0000] {logging_mixin.py:190} INFO - Current task name:fact_processing state:running start_date:2025-03-04 07:14:57.069975+00:00
[2025-03-04T07:14:57.292+0000] {logging_mixin.py:190} INFO - Dag name:snowflake_data_pipeline and current dag run status:running
[2025-03-04T07:14:57.292+0000] {taskinstance.py:732} INFO - ::endgroup::
[2025-03-04T07:14:57.294+0000] {subprocess.py:78} INFO - Tmp dir root location: /tmp
[2025-03-04T07:14:57.295+0000] {subprocess.py:88} INFO - Running command: ['/usr/bin/bash', '-c', 'cd /opt/***/dbt && dbt run --models facts --profiles-dir .']
[2025-03-04T07:14:57.310+0000] {subprocess.py:99} INFO - Output:
[2025-03-04T07:14:59.495+0000] {subprocess.py:106} INFO - [0m07:14:59  Running with dbt=1.9.2
[2025-03-04T07:15:00.434+0000] {subprocess.py:106} INFO - [0m07:15:00  Registered adapter: snowflake=1.9.1
[2025-03-04T07:15:02.738+0000] {subprocess.py:106} INFO - [0m07:15:02  Found 5 models, 8 data tests, 5 sources, 589 macros
[2025-03-04T07:15:02.741+0000] {subprocess.py:106} INFO - [0m07:15:02
[2025-03-04T07:15:02.745+0000] {subprocess.py:106} INFO - [0m07:15:02  Concurrency: 10 threads (target='dev')
[2025-03-04T07:15:02.751+0000] {subprocess.py:106} INFO - [0m07:15:02
[2025-03-04T07:15:04.425+0000] {subprocess.py:106} INFO - [0m07:15:04  1 of 1 START sql incremental model curated.fact_orders ......................... [RUN]
[2025-03-04T07:15:06.989+0000] {subprocess.py:106} INFO - [0m07:15:06  1 of 1 OK created sql incremental model curated.fact_orders .................... [[32mSUCCESS 1[0m in 2.56s]
[2025-03-04T07:15:07.410+0000] {subprocess.py:106} INFO - [0m07:15:07
[2025-03-04T07:15:07.412+0000] {subprocess.py:106} INFO - [0m07:15:07  Finished running 1 incremental model in 0 hours 0 minutes and 4.66 seconds (4.66s).
[2025-03-04T07:15:07.560+0000] {subprocess.py:106} INFO - [0m07:15:07
[2025-03-04T07:15:07.561+0000] {subprocess.py:106} INFO - [0m07:15:07  [32mCompleted successfully[0m
[2025-03-04T07:15:07.563+0000] {subprocess.py:106} INFO - [0m07:15:07
[2025-03-04T07:15:07.564+0000] {subprocess.py:106} INFO - [0m07:15:07  Done. PASS=1 WARN=0 ERROR=0 SKIP=0 TOTAL=1
[2025-03-04T07:15:09.005+0000] {subprocess.py:110} INFO - Command exited with return code 0
[2025-03-04T07:15:09.030+0000] {taskinstance.py:341} INFO - ::group::Post task execution logs
[2025-03-04T07:15:09.031+0000] {taskinstance.py:353} INFO - Marking task as SUCCESS. dag_id=snowflake_data_pipeline, task_id=fact_processing, run_id=manual__2025-03-04T07:14:24.033739+00:00, execution_date=20250304T071424, start_date=20250304T071457, end_date=20250304T071509
[2025-03-04T07:15:09.067+0000] {logging_mixin.py:190} INFO - Task instance in success state
[2025-03-04T07:15:09.068+0000] {logging_mixin.py:190} INFO -  Previous state of the Task instance: running
[2025-03-04T07:15:09.069+0000] {logging_mixin.py:190} INFO - Dag name:snowflake_data_pipeline queued_at:2025-03-04 07:14:24.053130+00:00
[2025-03-04T07:15:09.070+0000] {logging_mixin.py:190} INFO - Task hostname:8b83efa08de4 operator:BashOperator
[2025-03-04T07:15:09.084+0000] {local_task_job_runner.py:266} INFO - Task exited with return code 0
[2025-03-04T07:15:09.098+0000] {taskinstance.py:3901} INFO - 0 downstream tasks scheduled from follow-on schedule check
[2025-03-04T07:15:09.101+0000] {local_task_job_runner.py:245} INFO - ::endgroup::
