[2025-03-04T07:08:29.981+0000] {local_task_job_runner.py:123} INFO - ::group::Pre task execution logs
[2025-03-04T07:08:30.124+0000] {taskinstance.py:2614} INFO - Dependencies all met for dep_context=non-requeueable deps ti=<TaskInstance: mini_snow_staging.dimension_processing manual__2025-03-04T07:02:34.217483+00:00 [queued]>
[2025-03-04T07:08:30.138+0000] {taskinstance.py:2614} INFO - Dependencies all met for dep_context=requeueable deps ti=<TaskInstance: mini_snow_staging.dimension_processing manual__2025-03-04T07:02:34.217483+00:00 [queued]>
[2025-03-04T07:08:30.150+0000] {taskinstance.py:2867} INFO - Starting attempt 1 of 1
[2025-03-04T07:08:30.162+0000] {taskinstance.py:2890} INFO - Executing <Task(BashOperator): dimension_processing> on 2025-03-04 07:02:34.217483+00:00
[2025-03-04T07:08:30.169+0000] {warnings.py:112} WARNING - /home/***/.local/lib/python3.12/site-packages/***/task/task_runner/standard_task_runner.py:70: DeprecationWarning: This process (pid=695) is multi-threaded, use of fork() may lead to deadlocks in the child.
  pid = os.fork()

[2025-03-04T07:08:30.171+0000] {standard_task_runner.py:72} INFO - Started process 697 to run task
[2025-03-04T07:08:30.171+0000] {standard_task_runner.py:104} INFO - Running: ['***', 'tasks', 'run', 'mini_snow_staging', 'dimension_processing', 'manual__2025-03-04T07:02:34.217483+00:00', '--job-id', '5', '--raw', '--subdir', 'DAGS_FOLDER/transform_and_analysis.py', '--cfg-path', '/tmp/tmpm7d63yrp']
[2025-03-04T07:08:30.173+0000] {standard_task_runner.py:105} INFO - Job 5: Subtask dimension_processing
[2025-03-04T07:08:30.186+0000] {warnings.py:112} WARNING - /home/***/.local/lib/python3.12/site-packages/***/settings.py:209: DeprecationWarning: The sql_alchemy_conn option in [core] has been moved to the sql_alchemy_conn option in [database] - the old setting has been used, but please update your config.
  SQL_ALCHEMY_CONN = conf.get("database", "SQL_ALCHEMY_CONN")

[2025-03-04T07:08:30.218+0000] {task_command.py:467} INFO - Running <TaskInstance: mini_snow_staging.dimension_processing manual__2025-03-04T07:02:34.217483+00:00 [running]> on host 8b83efa08de4
[2025-03-04T07:08:30.297+0000] {taskinstance.py:3134} INFO - Exporting env vars: AIRFLOW_CTX_DAG_OWNER='***' AIRFLOW_CTX_DAG_ID='mini_snow_staging' AIRFLOW_CTX_TASK_ID='dimension_processing' AIRFLOW_CTX_EXECUTION_DATE='2025-03-04T07:02:34.217483+00:00' AIRFLOW_CTX_TRY_NUMBER='1' AIRFLOW_CTX_DAG_RUN_ID='manual__2025-03-04T07:02:34.217483+00:00'
[2025-03-04T07:08:30.299+0000] {logging_mixin.py:190} INFO - Task instance is in running state
[2025-03-04T07:08:30.300+0000] {logging_mixin.py:190} INFO -  Previous state of the Task instance: queued
[2025-03-04T07:08:30.301+0000] {logging_mixin.py:190} INFO - Current task name:dimension_processing state:running start_date:2025-03-04 07:08:30.125885+00:00
[2025-03-04T07:08:30.302+0000] {logging_mixin.py:190} INFO - Dag name:mini_snow_staging and current dag run status:running
[2025-03-04T07:08:30.303+0000] {taskinstance.py:732} INFO - ::endgroup::
[2025-03-04T07:08:30.304+0000] {subprocess.py:78} INFO - Tmp dir root location: /tmp
[2025-03-04T07:08:30.305+0000] {subprocess.py:88} INFO - Running command: ['/usr/bin/bash', '-c', 'cd /opt/***/dbt && dbt run --models dimensions --profiles-dir .']
[2025-03-04T07:08:30.314+0000] {subprocess.py:99} INFO - Output:
[2025-03-04T07:08:32.235+0000] {subprocess.py:106} INFO - [0m07:08:32  Running with dbt=1.9.2
[2025-03-04T07:08:33.355+0000] {subprocess.py:106} INFO - [0m07:08:33  Registered adapter: snowflake=1.9.1
[2025-03-04T07:08:35.779+0000] {subprocess.py:106} INFO - [0m07:08:35  Found 5 models, 8 data tests, 5 sources, 589 macros
[2025-03-04T07:08:35.783+0000] {subprocess.py:106} INFO - [0m07:08:35
[2025-03-04T07:08:35.785+0000] {subprocess.py:106} INFO - [0m07:08:35  Concurrency: 10 threads (target='dev')
[2025-03-04T07:08:35.786+0000] {subprocess.py:106} INFO - [0m07:08:35
[2025-03-04T07:08:37.473+0000] {subprocess.py:106} INFO - [0m07:08:37  1 of 2 START sql incremental model curated.dim_customers ....................... [RUN]
[2025-03-04T07:08:37.474+0000] {subprocess.py:106} INFO - [0m07:08:37  2 of 2 START sql incremental model curated.dim_products ........................ [RUN]
[2025-03-04T07:08:39.604+0000] {subprocess.py:106} INFO - [0m07:08:39  1 of 2 OK created sql incremental model curated.dim_customers .................. [[32mSUCCESS 3[0m in 2.13s]
[2025-03-04T07:08:39.959+0000] {subprocess.py:106} INFO - [0m07:08:39  2 of 2 OK created sql incremental model curated.dim_products ................... [[32mSUCCESS 3[0m in 2.48s]
[2025-03-04T07:08:40.374+0000] {subprocess.py:106} INFO - [0m07:08:40
[2025-03-04T07:08:40.375+0000] {subprocess.py:106} INFO - [0m07:08:40  Finished running 2 incremental models in 0 hours 0 minutes and 4.59 seconds (4.59s).
[2025-03-04T07:08:40.480+0000] {subprocess.py:106} INFO - [0m07:08:40
[2025-03-04T07:08:40.482+0000] {subprocess.py:106} INFO - [0m07:08:40  [32mCompleted successfully[0m
[2025-03-04T07:08:40.483+0000] {subprocess.py:106} INFO - [0m07:08:40
[2025-03-04T07:08:40.484+0000] {subprocess.py:106} INFO - [0m07:08:40  Done. PASS=2 WARN=0 ERROR=0 SKIP=0 TOTAL=2
[2025-03-04T07:08:42.326+0000] {subprocess.py:110} INFO - Command exited with return code 0
[2025-03-04T07:08:42.359+0000] {taskinstance.py:341} INFO - ::group::Post task execution logs
[2025-03-04T07:08:42.360+0000] {taskinstance.py:353} INFO - Marking task as SUCCESS. dag_id=mini_snow_staging, task_id=dimension_processing, run_id=manual__2025-03-04T07:02:34.217483+00:00, execution_date=20250304T070234, start_date=20250304T070830, end_date=20250304T070842
[2025-03-04T07:08:42.389+0000] {logging_mixin.py:190} INFO - Task instance in success state
[2025-03-04T07:08:42.390+0000] {logging_mixin.py:190} INFO -  Previous state of the Task instance: running
[2025-03-04T07:08:42.392+0000] {logging_mixin.py:190} INFO - Dag name:mini_snow_staging queued_at:2025-03-04 07:08:09.636646+00:00
[2025-03-04T07:08:42.393+0000] {logging_mixin.py:190} INFO - Task hostname:8b83efa08de4 operator:BashOperator
[2025-03-04T07:08:42.430+0000] {local_task_job_runner.py:266} INFO - Task exited with return code 0
[2025-03-04T07:08:42.453+0000] {taskinstance.py:3901} INFO - 1 downstream tasks scheduled from follow-on schedule check
[2025-03-04T07:08:42.456+0000] {local_task_job_runner.py:245} INFO - ::endgroup::
