[2025-03-04T06:53:50.662+0000] {processor.py:186} INFO - Started process (PID=110) to work on /home/airflow/.local/lib/python3.12/site-packages/airflow/example_dags/example_skip_dag.py
[2025-03-04T06:53:50.664+0000] {processor.py:914} INFO - Processing file /home/airflow/.local/lib/python3.12/site-packages/airflow/example_dags/example_skip_dag.py for tasks to queue
[2025-03-04T06:53:50.667+0000] {logging_mixin.py:190} INFO - [2025-03-04T06:53:50.667+0000] {dagbag.py:588} INFO - Filling up the DagBag from /home/airflow/.local/lib/python3.12/site-packages/airflow/example_dags/example_skip_dag.py
[2025-03-04T06:53:50.688+0000] {processor.py:925} INFO - DAG(s) 'example_skip_dag' retrieved from /home/airflow/.local/lib/python3.12/site-packages/airflow/example_dags/example_skip_dag.py
[2025-03-04T06:53:50.801+0000] {logging_mixin.py:190} INFO - [2025-03-04T06:53:50.801+0000] {override.py:1912} INFO - Created Permission View: can read on DAG:example_skip_dag
[2025-03-04T06:53:50.816+0000] {logging_mixin.py:190} INFO - [2025-03-04T06:53:50.816+0000] {override.py:1912} INFO - Created Permission View: can edit on DAG:example_skip_dag
[2025-03-04T06:53:50.826+0000] {logging_mixin.py:190} INFO - [2025-03-04T06:53:50.825+0000] {override.py:1912} INFO - Created Permission View: can delete on DAG:example_skip_dag
[2025-03-04T06:53:50.835+0000] {logging_mixin.py:190} INFO - [2025-03-04T06:53:50.835+0000] {override.py:1912} INFO - Created Permission View: menu access on DAG Run:example_skip_dag
[2025-03-04T06:53:50.844+0000] {logging_mixin.py:190} INFO - [2025-03-04T06:53:50.844+0000] {override.py:1912} INFO - Created Permission View: can read on DAG Run:example_skip_dag
[2025-03-04T06:53:50.853+0000] {logging_mixin.py:190} INFO - [2025-03-04T06:53:50.853+0000] {override.py:1912} INFO - Created Permission View: can delete on DAG Run:example_skip_dag
[2025-03-04T06:53:50.862+0000] {logging_mixin.py:190} INFO - [2025-03-04T06:53:50.861+0000] {override.py:1912} INFO - Created Permission View: can create on DAG Run:example_skip_dag
[2025-03-04T06:53:50.863+0000] {logging_mixin.py:190} INFO - [2025-03-04T06:53:50.863+0000] {dag.py:3239} INFO - Sync 1 DAGs
[2025-03-04T06:53:50.880+0000] {logging_mixin.py:190} INFO - [2025-03-04T06:53:50.880+0000] {dag.py:3262} INFO - Creating ORM DAG for example_skip_dag
[2025-03-04T06:53:50.893+0000] {logging_mixin.py:190} INFO - [2025-03-04T06:53:50.893+0000] {dag.py:4180} INFO - Setting next_dagrun for example_skip_dag to 2025-03-03 00:00:00+00:00, run_after=2025-03-04 00:00:00+00:00
[2025-03-04T06:53:50.913+0000] {processor.py:208} INFO - Processing /home/airflow/.local/lib/python3.12/site-packages/airflow/example_dags/example_skip_dag.py took 0.260 seconds
[2025-03-04T06:54:21.010+0000] {processor.py:186} INFO - Started process (PID=192) to work on /home/airflow/.local/lib/python3.12/site-packages/airflow/example_dags/example_skip_dag.py
[2025-03-04T06:54:21.012+0000] {processor.py:914} INFO - Processing file /home/airflow/.local/lib/python3.12/site-packages/airflow/example_dags/example_skip_dag.py for tasks to queue
[2025-03-04T06:54:21.016+0000] {logging_mixin.py:190} INFO - [2025-03-04T06:54:21.016+0000] {dagbag.py:588} INFO - Filling up the DagBag from /home/airflow/.local/lib/python3.12/site-packages/airflow/example_dags/example_skip_dag.py
[2025-03-04T06:54:21.025+0000] {processor.py:925} INFO - DAG(s) 'example_skip_dag' retrieved from /home/airflow/.local/lib/python3.12/site-packages/airflow/example_dags/example_skip_dag.py
[2025-03-04T06:54:21.047+0000] {logging_mixin.py:190} INFO - [2025-03-04T06:54:21.047+0000] {dag.py:3239} INFO - Sync 1 DAGs
[2025-03-04T06:54:21.065+0000] {logging_mixin.py:190} INFO - [2025-03-04T06:54:21.065+0000] {dag.py:4180} INFO - Setting next_dagrun for example_skip_dag to 2025-03-03 00:00:00+00:00, run_after=2025-03-04 00:00:00+00:00
[2025-03-04T06:54:21.084+0000] {processor.py:208} INFO - Processing /home/airflow/.local/lib/python3.12/site-packages/airflow/example_dags/example_skip_dag.py took 0.084 seconds
[2025-03-04T06:54:52.718+0000] {processor.py:186} INFO - Started process (PID=268) to work on /home/airflow/.local/lib/python3.12/site-packages/airflow/example_dags/example_skip_dag.py
[2025-03-04T06:54:52.723+0000] {processor.py:914} INFO - Processing file /home/airflow/.local/lib/python3.12/site-packages/airflow/example_dags/example_skip_dag.py for tasks to queue
[2025-03-04T06:54:52.729+0000] {logging_mixin.py:190} INFO - [2025-03-04T06:54:52.729+0000] {dagbag.py:588} INFO - Filling up the DagBag from /home/airflow/.local/lib/python3.12/site-packages/airflow/example_dags/example_skip_dag.py
[2025-03-04T06:54:52.741+0000] {processor.py:925} INFO - DAG(s) 'example_skip_dag' retrieved from /home/airflow/.local/lib/python3.12/site-packages/airflow/example_dags/example_skip_dag.py
[2025-03-04T06:54:52.765+0000] {logging_mixin.py:190} INFO - [2025-03-04T06:54:52.764+0000] {dag.py:3239} INFO - Sync 1 DAGs
[2025-03-04T06:54:52.789+0000] {logging_mixin.py:190} INFO - [2025-03-04T06:54:52.789+0000] {dag.py:4180} INFO - Setting next_dagrun for example_skip_dag to 2025-03-03 00:00:00+00:00, run_after=2025-03-04 00:00:00+00:00
[2025-03-04T06:54:52.810+0000] {processor.py:208} INFO - Processing /home/airflow/.local/lib/python3.12/site-packages/airflow/example_dags/example_skip_dag.py took 0.098 seconds
[2025-03-04T06:55:23.596+0000] {processor.py:186} INFO - Started process (PID=350) to work on /home/airflow/.local/lib/python3.12/site-packages/airflow/example_dags/example_skip_dag.py
[2025-03-04T06:55:23.597+0000] {processor.py:914} INFO - Processing file /home/airflow/.local/lib/python3.12/site-packages/airflow/example_dags/example_skip_dag.py for tasks to queue
[2025-03-04T06:55:23.599+0000] {logging_mixin.py:190} INFO - [2025-03-04T06:55:23.599+0000] {dagbag.py:588} INFO - Filling up the DagBag from /home/airflow/.local/lib/python3.12/site-packages/airflow/example_dags/example_skip_dag.py
[2025-03-04T06:55:23.606+0000] {processor.py:925} INFO - DAG(s) 'example_skip_dag' retrieved from /home/airflow/.local/lib/python3.12/site-packages/airflow/example_dags/example_skip_dag.py
[2025-03-04T06:55:23.626+0000] {logging_mixin.py:190} INFO - [2025-03-04T06:55:23.626+0000] {dag.py:3239} INFO - Sync 1 DAGs
[2025-03-04T06:55:23.644+0000] {logging_mixin.py:190} INFO - [2025-03-04T06:55:23.644+0000] {dag.py:4180} INFO - Setting next_dagrun for example_skip_dag to 2025-03-03 00:00:00+00:00, run_after=2025-03-04 00:00:00+00:00
[2025-03-04T06:55:23.659+0000] {processor.py:208} INFO - Processing /home/airflow/.local/lib/python3.12/site-packages/airflow/example_dags/example_skip_dag.py took 0.068 seconds
[2025-03-04T06:55:55.098+0000] {processor.py:186} INFO - Started process (PID=425) to work on /home/airflow/.local/lib/python3.12/site-packages/airflow/example_dags/example_skip_dag.py
[2025-03-04T06:55:55.100+0000] {processor.py:914} INFO - Processing file /home/airflow/.local/lib/python3.12/site-packages/airflow/example_dags/example_skip_dag.py for tasks to queue
[2025-03-04T06:55:55.101+0000] {logging_mixin.py:190} INFO - [2025-03-04T06:55:55.101+0000] {dagbag.py:588} INFO - Filling up the DagBag from /home/airflow/.local/lib/python3.12/site-packages/airflow/example_dags/example_skip_dag.py
[2025-03-04T06:55:55.107+0000] {processor.py:925} INFO - DAG(s) 'example_skip_dag' retrieved from /home/airflow/.local/lib/python3.12/site-packages/airflow/example_dags/example_skip_dag.py
[2025-03-04T06:55:55.124+0000] {logging_mixin.py:190} INFO - [2025-03-04T06:55:55.124+0000] {dag.py:3239} INFO - Sync 1 DAGs
[2025-03-04T06:55:55.141+0000] {logging_mixin.py:190} INFO - [2025-03-04T06:55:55.140+0000] {dag.py:4180} INFO - Setting next_dagrun for example_skip_dag to 2025-03-03 00:00:00+00:00, run_after=2025-03-04 00:00:00+00:00
[2025-03-04T06:55:55.155+0000] {processor.py:208} INFO - Processing /home/airflow/.local/lib/python3.12/site-packages/airflow/example_dags/example_skip_dag.py took 0.061 seconds
[2025-03-04T06:56:26.533+0000] {processor.py:186} INFO - Started process (PID=508) to work on /home/airflow/.local/lib/python3.12/site-packages/airflow/example_dags/example_skip_dag.py
[2025-03-04T06:56:26.535+0000] {processor.py:914} INFO - Processing file /home/airflow/.local/lib/python3.12/site-packages/airflow/example_dags/example_skip_dag.py for tasks to queue
[2025-03-04T06:56:26.538+0000] {logging_mixin.py:190} INFO - [2025-03-04T06:56:26.538+0000] {dagbag.py:588} INFO - Filling up the DagBag from /home/airflow/.local/lib/python3.12/site-packages/airflow/example_dags/example_skip_dag.py
[2025-03-04T06:56:26.548+0000] {processor.py:925} INFO - DAG(s) 'example_skip_dag' retrieved from /home/airflow/.local/lib/python3.12/site-packages/airflow/example_dags/example_skip_dag.py
[2025-03-04T06:56:26.571+0000] {logging_mixin.py:190} INFO - [2025-03-04T06:56:26.571+0000] {dag.py:3239} INFO - Sync 1 DAGs
[2025-03-04T06:56:26.597+0000] {logging_mixin.py:190} INFO - [2025-03-04T06:56:26.597+0000] {dag.py:4180} INFO - Setting next_dagrun for example_skip_dag to 2025-03-03 00:00:00+00:00, run_after=2025-03-04 00:00:00+00:00
[2025-03-04T06:56:26.617+0000] {processor.py:208} INFO - Processing /home/airflow/.local/lib/python3.12/site-packages/airflow/example_dags/example_skip_dag.py took 0.089 seconds
[2025-03-04T06:56:58.149+0000] {processor.py:186} INFO - Started process (PID=583) to work on /home/airflow/.local/lib/python3.12/site-packages/airflow/example_dags/example_skip_dag.py
[2025-03-04T06:56:58.150+0000] {processor.py:914} INFO - Processing file /home/airflow/.local/lib/python3.12/site-packages/airflow/example_dags/example_skip_dag.py for tasks to queue
[2025-03-04T06:56:58.151+0000] {logging_mixin.py:190} INFO - [2025-03-04T06:56:58.151+0000] {dagbag.py:588} INFO - Filling up the DagBag from /home/airflow/.local/lib/python3.12/site-packages/airflow/example_dags/example_skip_dag.py
[2025-03-04T06:56:58.158+0000] {processor.py:925} INFO - DAG(s) 'example_skip_dag' retrieved from /home/airflow/.local/lib/python3.12/site-packages/airflow/example_dags/example_skip_dag.py
[2025-03-04T06:56:58.176+0000] {logging_mixin.py:190} INFO - [2025-03-04T06:56:58.176+0000] {dag.py:3239} INFO - Sync 1 DAGs
[2025-03-04T06:56:58.195+0000] {logging_mixin.py:190} INFO - [2025-03-04T06:56:58.195+0000] {dag.py:4180} INFO - Setting next_dagrun for example_skip_dag to 2025-03-03 00:00:00+00:00, run_after=2025-03-04 00:00:00+00:00
[2025-03-04T06:56:58.212+0000] {processor.py:208} INFO - Processing /home/airflow/.local/lib/python3.12/site-packages/airflow/example_dags/example_skip_dag.py took 0.068 seconds
[2025-03-04T06:57:29.115+0000] {processor.py:186} INFO - Started process (PID=666) to work on /home/airflow/.local/lib/python3.12/site-packages/airflow/example_dags/example_skip_dag.py
[2025-03-04T06:57:29.116+0000] {processor.py:914} INFO - Processing file /home/airflow/.local/lib/python3.12/site-packages/airflow/example_dags/example_skip_dag.py for tasks to queue
[2025-03-04T06:57:29.118+0000] {logging_mixin.py:190} INFO - [2025-03-04T06:57:29.118+0000] {dagbag.py:588} INFO - Filling up the DagBag from /home/airflow/.local/lib/python3.12/site-packages/airflow/example_dags/example_skip_dag.py
[2025-03-04T06:57:29.125+0000] {processor.py:925} INFO - DAG(s) 'example_skip_dag' retrieved from /home/airflow/.local/lib/python3.12/site-packages/airflow/example_dags/example_skip_dag.py
[2025-03-04T06:57:29.140+0000] {logging_mixin.py:190} INFO - [2025-03-04T06:57:29.140+0000] {dag.py:3239} INFO - Sync 1 DAGs
[2025-03-04T06:57:29.156+0000] {logging_mixin.py:190} INFO - [2025-03-04T06:57:29.156+0000] {dag.py:4180} INFO - Setting next_dagrun for example_skip_dag to 2025-03-03 00:00:00+00:00, run_after=2025-03-04 00:00:00+00:00
[2025-03-04T06:57:29.171+0000] {processor.py:208} INFO - Processing /home/airflow/.local/lib/python3.12/site-packages/airflow/example_dags/example_skip_dag.py took 0.060 seconds
[2025-03-04T06:57:59.814+0000] {processor.py:186} INFO - Started process (PID=741) to work on /home/airflow/.local/lib/python3.12/site-packages/airflow/example_dags/example_skip_dag.py
[2025-03-04T06:57:59.815+0000] {processor.py:914} INFO - Processing file /home/airflow/.local/lib/python3.12/site-packages/airflow/example_dags/example_skip_dag.py for tasks to queue
[2025-03-04T06:57:59.818+0000] {logging_mixin.py:190} INFO - [2025-03-04T06:57:59.817+0000] {dagbag.py:588} INFO - Filling up the DagBag from /home/airflow/.local/lib/python3.12/site-packages/airflow/example_dags/example_skip_dag.py
[2025-03-04T06:57:59.824+0000] {processor.py:925} INFO - DAG(s) 'example_skip_dag' retrieved from /home/airflow/.local/lib/python3.12/site-packages/airflow/example_dags/example_skip_dag.py
[2025-03-04T06:57:59.841+0000] {logging_mixin.py:190} INFO - [2025-03-04T06:57:59.841+0000] {dag.py:3239} INFO - Sync 1 DAGs
[2025-03-04T06:57:59.860+0000] {logging_mixin.py:190} INFO - [2025-03-04T06:57:59.860+0000] {dag.py:4180} INFO - Setting next_dagrun for example_skip_dag to 2025-03-03 00:00:00+00:00, run_after=2025-03-04 00:00:00+00:00
[2025-03-04T06:57:59.874+0000] {processor.py:208} INFO - Processing /home/airflow/.local/lib/python3.12/site-packages/airflow/example_dags/example_skip_dag.py took 0.064 seconds
[2025-03-04T06:58:31.172+0000] {processor.py:186} INFO - Started process (PID=824) to work on /home/airflow/.local/lib/python3.12/site-packages/airflow/example_dags/example_skip_dag.py
[2025-03-04T06:58:31.173+0000] {processor.py:914} INFO - Processing file /home/airflow/.local/lib/python3.12/site-packages/airflow/example_dags/example_skip_dag.py for tasks to queue
[2025-03-04T06:58:31.176+0000] {logging_mixin.py:190} INFO - [2025-03-04T06:58:31.176+0000] {dagbag.py:588} INFO - Filling up the DagBag from /home/airflow/.local/lib/python3.12/site-packages/airflow/example_dags/example_skip_dag.py
[2025-03-04T06:58:31.187+0000] {processor.py:925} INFO - DAG(s) 'example_skip_dag' retrieved from /home/airflow/.local/lib/python3.12/site-packages/airflow/example_dags/example_skip_dag.py
[2025-03-04T06:58:31.214+0000] {logging_mixin.py:190} INFO - [2025-03-04T06:58:31.214+0000] {dag.py:3239} INFO - Sync 1 DAGs
[2025-03-04T06:58:31.248+0000] {logging_mixin.py:190} INFO - [2025-03-04T06:58:31.247+0000] {dag.py:4180} INFO - Setting next_dagrun for example_skip_dag to 2025-03-03 00:00:00+00:00, run_after=2025-03-04 00:00:00+00:00
[2025-03-04T06:58:31.272+0000] {processor.py:208} INFO - Processing /home/airflow/.local/lib/python3.12/site-packages/airflow/example_dags/example_skip_dag.py took 0.107 seconds
[2025-03-04T06:59:02.074+0000] {processor.py:186} INFO - Started process (PID=902) to work on /home/airflow/.local/lib/python3.12/site-packages/airflow/example_dags/example_skip_dag.py
[2025-03-04T06:59:02.075+0000] {processor.py:914} INFO - Processing file /home/airflow/.local/lib/python3.12/site-packages/airflow/example_dags/example_skip_dag.py for tasks to queue
[2025-03-04T06:59:02.077+0000] {logging_mixin.py:190} INFO - [2025-03-04T06:59:02.077+0000] {dagbag.py:588} INFO - Filling up the DagBag from /home/airflow/.local/lib/python3.12/site-packages/airflow/example_dags/example_skip_dag.py
[2025-03-04T06:59:02.083+0000] {processor.py:925} INFO - DAG(s) 'example_skip_dag' retrieved from /home/airflow/.local/lib/python3.12/site-packages/airflow/example_dags/example_skip_dag.py
[2025-03-04T06:59:02.100+0000] {logging_mixin.py:190} INFO - [2025-03-04T06:59:02.100+0000] {dag.py:3239} INFO - Sync 1 DAGs
[2025-03-04T06:59:02.117+0000] {logging_mixin.py:190} INFO - [2025-03-04T06:59:02.116+0000] {dag.py:4180} INFO - Setting next_dagrun for example_skip_dag to 2025-03-03 00:00:00+00:00, run_after=2025-03-04 00:00:00+00:00
[2025-03-04T06:59:02.131+0000] {processor.py:208} INFO - Processing /home/airflow/.local/lib/python3.12/site-packages/airflow/example_dags/example_skip_dag.py took 0.062 seconds
[2025-03-04T06:59:32.794+0000] {processor.py:186} INFO - Started process (PID=984) to work on /home/airflow/.local/lib/python3.12/site-packages/airflow/example_dags/example_skip_dag.py
[2025-03-04T06:59:32.796+0000] {processor.py:914} INFO - Processing file /home/airflow/.local/lib/python3.12/site-packages/airflow/example_dags/example_skip_dag.py for tasks to queue
[2025-03-04T06:59:32.799+0000] {logging_mixin.py:190} INFO - [2025-03-04T06:59:32.798+0000] {dagbag.py:588} INFO - Filling up the DagBag from /home/airflow/.local/lib/python3.12/site-packages/airflow/example_dags/example_skip_dag.py
[2025-03-04T06:59:32.807+0000] {processor.py:925} INFO - DAG(s) 'example_skip_dag' retrieved from /home/airflow/.local/lib/python3.12/site-packages/airflow/example_dags/example_skip_dag.py
[2025-03-04T06:59:32.866+0000] {logging_mixin.py:190} INFO - [2025-03-04T06:59:32.866+0000] {dag.py:3239} INFO - Sync 1 DAGs
[2025-03-04T06:59:32.891+0000] {logging_mixin.py:190} INFO - [2025-03-04T06:59:32.890+0000] {dag.py:4180} INFO - Setting next_dagrun for example_skip_dag to 2025-03-03 00:00:00+00:00, run_after=2025-03-04 00:00:00+00:00
[2025-03-04T06:59:32.916+0000] {processor.py:208} INFO - Processing /home/airflow/.local/lib/python3.12/site-packages/airflow/example_dags/example_skip_dag.py took 0.129 seconds
[2025-03-04T07:00:03.677+0000] {processor.py:186} INFO - Started process (PID=1061) to work on /home/airflow/.local/lib/python3.12/site-packages/airflow/example_dags/example_skip_dag.py
[2025-03-04T07:00:03.679+0000] {processor.py:914} INFO - Processing file /home/airflow/.local/lib/python3.12/site-packages/airflow/example_dags/example_skip_dag.py for tasks to queue
[2025-03-04T07:00:03.682+0000] {logging_mixin.py:190} INFO - [2025-03-04T07:00:03.681+0000] {dagbag.py:588} INFO - Filling up the DagBag from /home/airflow/.local/lib/python3.12/site-packages/airflow/example_dags/example_skip_dag.py
[2025-03-04T07:00:03.689+0000] {processor.py:925} INFO - DAG(s) 'example_skip_dag' retrieved from /home/airflow/.local/lib/python3.12/site-packages/airflow/example_dags/example_skip_dag.py
[2025-03-04T07:00:03.711+0000] {logging_mixin.py:190} INFO - [2025-03-04T07:00:03.711+0000] {dag.py:3239} INFO - Sync 1 DAGs
[2025-03-04T07:00:03.734+0000] {logging_mixin.py:190} INFO - [2025-03-04T07:00:03.734+0000] {dag.py:4180} INFO - Setting next_dagrun for example_skip_dag to 2025-03-03 00:00:00+00:00, run_after=2025-03-04 00:00:00+00:00
[2025-03-04T07:00:03.755+0000] {processor.py:208} INFO - Processing /home/airflow/.local/lib/python3.12/site-packages/airflow/example_dags/example_skip_dag.py took 0.083 seconds
[2025-03-04T07:00:34.418+0000] {processor.py:186} INFO - Started process (PID=1138) to work on /home/airflow/.local/lib/python3.12/site-packages/airflow/example_dags/example_skip_dag.py
[2025-03-04T07:00:34.420+0000] {processor.py:914} INFO - Processing file /home/airflow/.local/lib/python3.12/site-packages/airflow/example_dags/example_skip_dag.py for tasks to queue
[2025-03-04T07:00:34.423+0000] {logging_mixin.py:190} INFO - [2025-03-04T07:00:34.423+0000] {dagbag.py:588} INFO - Filling up the DagBag from /home/airflow/.local/lib/python3.12/site-packages/airflow/example_dags/example_skip_dag.py
[2025-03-04T07:00:34.434+0000] {processor.py:925} INFO - DAG(s) 'example_skip_dag' retrieved from /home/airflow/.local/lib/python3.12/site-packages/airflow/example_dags/example_skip_dag.py
[2025-03-04T07:00:34.452+0000] {logging_mixin.py:190} INFO - [2025-03-04T07:00:34.452+0000] {dag.py:3239} INFO - Sync 1 DAGs
[2025-03-04T07:00:34.473+0000] {logging_mixin.py:190} INFO - [2025-03-04T07:00:34.473+0000] {dag.py:4180} INFO - Setting next_dagrun for example_skip_dag to 2025-03-03 00:00:00+00:00, run_after=2025-03-04 00:00:00+00:00
[2025-03-04T07:00:34.491+0000] {processor.py:208} INFO - Processing /home/airflow/.local/lib/python3.12/site-packages/airflow/example_dags/example_skip_dag.py took 0.077 seconds
[2025-03-04T07:01:04.690+0000] {processor.py:186} INFO - Started process (PID=1223) to work on /home/airflow/.local/lib/python3.12/site-packages/airflow/example_dags/example_skip_dag.py
[2025-03-04T07:01:04.691+0000] {processor.py:914} INFO - Processing file /home/airflow/.local/lib/python3.12/site-packages/airflow/example_dags/example_skip_dag.py for tasks to queue
[2025-03-04T07:01:04.694+0000] {logging_mixin.py:190} INFO - [2025-03-04T07:01:04.693+0000] {dagbag.py:588} INFO - Filling up the DagBag from /home/airflow/.local/lib/python3.12/site-packages/airflow/example_dags/example_skip_dag.py
[2025-03-04T07:01:04.704+0000] {processor.py:925} INFO - DAG(s) 'example_skip_dag' retrieved from /home/airflow/.local/lib/python3.12/site-packages/airflow/example_dags/example_skip_dag.py
[2025-03-04T07:01:04.729+0000] {logging_mixin.py:190} INFO - [2025-03-04T07:01:04.729+0000] {dag.py:3239} INFO - Sync 1 DAGs
[2025-03-04T07:01:04.755+0000] {logging_mixin.py:190} INFO - [2025-03-04T07:01:04.755+0000] {dag.py:4180} INFO - Setting next_dagrun for example_skip_dag to 2025-03-03 00:00:00+00:00, run_after=2025-03-04 00:00:00+00:00
[2025-03-04T07:01:04.773+0000] {processor.py:208} INFO - Processing /home/airflow/.local/lib/python3.12/site-packages/airflow/example_dags/example_skip_dag.py took 0.089 seconds
[2025-03-04T07:01:34.949+0000] {processor.py:186} INFO - Started process (PID=1298) to work on /home/airflow/.local/lib/python3.12/site-packages/airflow/example_dags/example_skip_dag.py
[2025-03-04T07:01:34.949+0000] {processor.py:914} INFO - Processing file /home/airflow/.local/lib/python3.12/site-packages/airflow/example_dags/example_skip_dag.py for tasks to queue
[2025-03-04T07:01:34.951+0000] {logging_mixin.py:190} INFO - [2025-03-04T07:01:34.950+0000] {dagbag.py:588} INFO - Filling up the DagBag from /home/airflow/.local/lib/python3.12/site-packages/airflow/example_dags/example_skip_dag.py
[2025-03-04T07:01:34.967+0000] {processor.py:925} INFO - DAG(s) 'example_skip_dag' retrieved from /home/airflow/.local/lib/python3.12/site-packages/airflow/example_dags/example_skip_dag.py
[2025-03-04T07:01:34.988+0000] {logging_mixin.py:190} INFO - [2025-03-04T07:01:34.988+0000] {dag.py:3239} INFO - Sync 1 DAGs
[2025-03-04T07:01:35.018+0000] {logging_mixin.py:190} INFO - [2025-03-04T07:01:35.018+0000] {dag.py:4180} INFO - Setting next_dagrun for example_skip_dag to 2025-03-03 00:00:00+00:00, run_after=2025-03-04 00:00:00+00:00
[2025-03-04T07:01:35.043+0000] {processor.py:208} INFO - Processing /home/airflow/.local/lib/python3.12/site-packages/airflow/example_dags/example_skip_dag.py took 0.100 seconds
[2025-03-04T07:02:05.179+0000] {processor.py:186} INFO - Started process (PID=1382) to work on /home/airflow/.local/lib/python3.12/site-packages/airflow/example_dags/example_skip_dag.py
[2025-03-04T07:02:05.181+0000] {processor.py:914} INFO - Processing file /home/airflow/.local/lib/python3.12/site-packages/airflow/example_dags/example_skip_dag.py for tasks to queue
[2025-03-04T07:02:05.182+0000] {logging_mixin.py:190} INFO - [2025-03-04T07:02:05.182+0000] {dagbag.py:588} INFO - Filling up the DagBag from /home/airflow/.local/lib/python3.12/site-packages/airflow/example_dags/example_skip_dag.py
[2025-03-04T07:02:05.191+0000] {processor.py:925} INFO - DAG(s) 'example_skip_dag' retrieved from /home/airflow/.local/lib/python3.12/site-packages/airflow/example_dags/example_skip_dag.py
[2025-03-04T07:02:05.213+0000] {logging_mixin.py:190} INFO - [2025-03-04T07:02:05.212+0000] {dag.py:3239} INFO - Sync 1 DAGs
[2025-03-04T07:02:05.232+0000] {logging_mixin.py:190} INFO - [2025-03-04T07:02:05.232+0000] {dag.py:4180} INFO - Setting next_dagrun for example_skip_dag to 2025-03-03 00:00:00+00:00, run_after=2025-03-04 00:00:00+00:00
[2025-03-04T07:02:05.253+0000] {processor.py:208} INFO - Processing /home/airflow/.local/lib/python3.12/site-packages/airflow/example_dags/example_skip_dag.py took 0.079 seconds
[2025-03-04T07:02:35.348+0000] {processor.py:186} INFO - Started process (PID=1461) to work on /home/airflow/.local/lib/python3.12/site-packages/airflow/example_dags/example_skip_dag.py
[2025-03-04T07:02:35.350+0000] {processor.py:914} INFO - Processing file /home/airflow/.local/lib/python3.12/site-packages/airflow/example_dags/example_skip_dag.py for tasks to queue
[2025-03-04T07:02:35.352+0000] {logging_mixin.py:190} INFO - [2025-03-04T07:02:35.352+0000] {dagbag.py:588} INFO - Filling up the DagBag from /home/airflow/.local/lib/python3.12/site-packages/airflow/example_dags/example_skip_dag.py
[2025-03-04T07:02:35.364+0000] {processor.py:925} INFO - DAG(s) 'example_skip_dag' retrieved from /home/airflow/.local/lib/python3.12/site-packages/airflow/example_dags/example_skip_dag.py
[2025-03-04T07:02:35.388+0000] {logging_mixin.py:190} INFO - [2025-03-04T07:02:35.388+0000] {dag.py:3239} INFO - Sync 1 DAGs
[2025-03-04T07:02:35.413+0000] {logging_mixin.py:190} INFO - [2025-03-04T07:02:35.413+0000] {dag.py:4180} INFO - Setting next_dagrun for example_skip_dag to 2025-03-03 00:00:00+00:00, run_after=2025-03-04 00:00:00+00:00
[2025-03-04T07:02:35.435+0000] {processor.py:208} INFO - Processing /home/airflow/.local/lib/python3.12/site-packages/airflow/example_dags/example_skip_dag.py took 0.093 seconds
[2025-03-04T07:03:06.022+0000] {processor.py:186} INFO - Started process (PID=1544) to work on /home/airflow/.local/lib/python3.12/site-packages/airflow/example_dags/example_skip_dag.py
[2025-03-04T07:03:06.024+0000] {processor.py:914} INFO - Processing file /home/airflow/.local/lib/python3.12/site-packages/airflow/example_dags/example_skip_dag.py for tasks to queue
[2025-03-04T07:03:06.026+0000] {logging_mixin.py:190} INFO - [2025-03-04T07:03:06.026+0000] {dagbag.py:588} INFO - Filling up the DagBag from /home/airflow/.local/lib/python3.12/site-packages/airflow/example_dags/example_skip_dag.py
[2025-03-04T07:03:06.034+0000] {processor.py:925} INFO - DAG(s) 'example_skip_dag' retrieved from /home/airflow/.local/lib/python3.12/site-packages/airflow/example_dags/example_skip_dag.py
[2025-03-04T07:03:06.054+0000] {logging_mixin.py:190} INFO - [2025-03-04T07:03:06.054+0000] {dag.py:3239} INFO - Sync 1 DAGs
[2025-03-04T07:03:06.073+0000] {logging_mixin.py:190} INFO - [2025-03-04T07:03:06.073+0000] {dag.py:4180} INFO - Setting next_dagrun for example_skip_dag to 2025-03-03 00:00:00+00:00, run_after=2025-03-04 00:00:00+00:00
[2025-03-04T07:03:06.090+0000] {processor.py:208} INFO - Processing /home/airflow/.local/lib/python3.12/site-packages/airflow/example_dags/example_skip_dag.py took 0.073 seconds
[2025-03-04T07:03:36.445+0000] {processor.py:186} INFO - Started process (PID=1620) to work on /home/airflow/.local/lib/python3.12/site-packages/airflow/example_dags/example_skip_dag.py
[2025-03-04T07:03:36.447+0000] {processor.py:914} INFO - Processing file /home/airflow/.local/lib/python3.12/site-packages/airflow/example_dags/example_skip_dag.py for tasks to queue
[2025-03-04T07:03:36.448+0000] {logging_mixin.py:190} INFO - [2025-03-04T07:03:36.448+0000] {dagbag.py:588} INFO - Filling up the DagBag from /home/airflow/.local/lib/python3.12/site-packages/airflow/example_dags/example_skip_dag.py
[2025-03-04T07:03:36.456+0000] {processor.py:925} INFO - DAG(s) 'example_skip_dag' retrieved from /home/airflow/.local/lib/python3.12/site-packages/airflow/example_dags/example_skip_dag.py
[2025-03-04T07:03:36.473+0000] {logging_mixin.py:190} INFO - [2025-03-04T07:03:36.473+0000] {dag.py:3239} INFO - Sync 1 DAGs
[2025-03-04T07:03:36.493+0000] {logging_mixin.py:190} INFO - [2025-03-04T07:03:36.492+0000] {dag.py:4180} INFO - Setting next_dagrun for example_skip_dag to 2025-03-03 00:00:00+00:00, run_after=2025-03-04 00:00:00+00:00
[2025-03-04T07:03:36.514+0000] {processor.py:208} INFO - Processing /home/airflow/.local/lib/python3.12/site-packages/airflow/example_dags/example_skip_dag.py took 0.074 seconds
[2025-03-04T07:04:06.636+0000] {processor.py:186} INFO - Started process (PID=1694) to work on /home/airflow/.local/lib/python3.12/site-packages/airflow/example_dags/example_skip_dag.py
[2025-03-04T07:04:06.641+0000] {processor.py:914} INFO - Processing file /home/airflow/.local/lib/python3.12/site-packages/airflow/example_dags/example_skip_dag.py for tasks to queue
[2025-03-04T07:04:06.642+0000] {logging_mixin.py:190} INFO - [2025-03-04T07:04:06.642+0000] {dagbag.py:588} INFO - Filling up the DagBag from /home/airflow/.local/lib/python3.12/site-packages/airflow/example_dags/example_skip_dag.py
[2025-03-04T07:04:06.650+0000] {processor.py:925} INFO - DAG(s) 'example_skip_dag' retrieved from /home/airflow/.local/lib/python3.12/site-packages/airflow/example_dags/example_skip_dag.py
[2025-03-04T07:04:06.666+0000] {logging_mixin.py:190} INFO - [2025-03-04T07:04:06.666+0000] {dag.py:3239} INFO - Sync 1 DAGs
[2025-03-04T07:04:06.685+0000] {logging_mixin.py:190} INFO - [2025-03-04T07:04:06.684+0000] {dag.py:4180} INFO - Setting next_dagrun for example_skip_dag to 2025-03-03 00:00:00+00:00, run_after=2025-03-04 00:00:00+00:00
[2025-03-04T07:04:06.700+0000] {processor.py:208} INFO - Processing /home/airflow/.local/lib/python3.12/site-packages/airflow/example_dags/example_skip_dag.py took 0.068 seconds
[2025-03-04T07:04:36.765+0000] {processor.py:186} INFO - Started process (PID=1777) to work on /home/airflow/.local/lib/python3.12/site-packages/airflow/example_dags/example_skip_dag.py
[2025-03-04T07:04:36.766+0000] {processor.py:914} INFO - Processing file /home/airflow/.local/lib/python3.12/site-packages/airflow/example_dags/example_skip_dag.py for tasks to queue
[2025-03-04T07:04:36.768+0000] {logging_mixin.py:190} INFO - [2025-03-04T07:04:36.768+0000] {dagbag.py:588} INFO - Filling up the DagBag from /home/airflow/.local/lib/python3.12/site-packages/airflow/example_dags/example_skip_dag.py
[2025-03-04T07:04:36.777+0000] {processor.py:925} INFO - DAG(s) 'example_skip_dag' retrieved from /home/airflow/.local/lib/python3.12/site-packages/airflow/example_dags/example_skip_dag.py
[2025-03-04T07:04:36.800+0000] {logging_mixin.py:190} INFO - [2025-03-04T07:04:36.799+0000] {dag.py:3239} INFO - Sync 1 DAGs
[2025-03-04T07:04:36.821+0000] {logging_mixin.py:190} INFO - [2025-03-04T07:04:36.821+0000] {dag.py:4180} INFO - Setting next_dagrun for example_skip_dag to 2025-03-03 00:00:00+00:00, run_after=2025-03-04 00:00:00+00:00
[2025-03-04T07:04:36.836+0000] {processor.py:208} INFO - Processing /home/airflow/.local/lib/python3.12/site-packages/airflow/example_dags/example_skip_dag.py took 0.077 seconds
[2025-03-04T07:05:06.987+0000] {processor.py:186} INFO - Started process (PID=1851) to work on /home/airflow/.local/lib/python3.12/site-packages/airflow/example_dags/example_skip_dag.py
[2025-03-04T07:05:06.989+0000] {processor.py:914} INFO - Processing file /home/airflow/.local/lib/python3.12/site-packages/airflow/example_dags/example_skip_dag.py for tasks to queue
[2025-03-04T07:05:06.990+0000] {logging_mixin.py:190} INFO - [2025-03-04T07:05:06.990+0000] {dagbag.py:588} INFO - Filling up the DagBag from /home/airflow/.local/lib/python3.12/site-packages/airflow/example_dags/example_skip_dag.py
[2025-03-04T07:05:06.999+0000] {processor.py:925} INFO - DAG(s) 'example_skip_dag' retrieved from /home/airflow/.local/lib/python3.12/site-packages/airflow/example_dags/example_skip_dag.py
[2025-03-04T07:05:07.019+0000] {logging_mixin.py:190} INFO - [2025-03-04T07:05:07.019+0000] {dag.py:3239} INFO - Sync 1 DAGs
[2025-03-04T07:05:07.042+0000] {logging_mixin.py:190} INFO - [2025-03-04T07:05:07.042+0000] {dag.py:4180} INFO - Setting next_dagrun for example_skip_dag to 2025-03-03 00:00:00+00:00, run_after=2025-03-04 00:00:00+00:00
[2025-03-04T07:05:07.061+0000] {processor.py:208} INFO - Processing /home/airflow/.local/lib/python3.12/site-packages/airflow/example_dags/example_skip_dag.py took 0.080 seconds
[2025-03-04T07:05:37.208+0000] {processor.py:186} INFO - Started process (PID=1933) to work on /home/airflow/.local/lib/python3.12/site-packages/airflow/example_dags/example_skip_dag.py
[2025-03-04T07:05:37.209+0000] {processor.py:914} INFO - Processing file /home/airflow/.local/lib/python3.12/site-packages/airflow/example_dags/example_skip_dag.py for tasks to queue
[2025-03-04T07:05:37.210+0000] {logging_mixin.py:190} INFO - [2025-03-04T07:05:37.210+0000] {dagbag.py:588} INFO - Filling up the DagBag from /home/airflow/.local/lib/python3.12/site-packages/airflow/example_dags/example_skip_dag.py
[2025-03-04T07:05:37.218+0000] {processor.py:925} INFO - DAG(s) 'example_skip_dag' retrieved from /home/airflow/.local/lib/python3.12/site-packages/airflow/example_dags/example_skip_dag.py
[2025-03-04T07:05:37.239+0000] {logging_mixin.py:190} INFO - [2025-03-04T07:05:37.239+0000] {dag.py:3239} INFO - Sync 1 DAGs
[2025-03-04T07:05:37.258+0000] {logging_mixin.py:190} INFO - [2025-03-04T07:05:37.258+0000] {dag.py:4180} INFO - Setting next_dagrun for example_skip_dag to 2025-03-03 00:00:00+00:00, run_after=2025-03-04 00:00:00+00:00
[2025-03-04T07:05:37.278+0000] {processor.py:208} INFO - Processing /home/airflow/.local/lib/python3.12/site-packages/airflow/example_dags/example_skip_dag.py took 0.075 seconds
[2025-03-04T07:06:07.947+0000] {processor.py:186} INFO - Started process (PID=2007) to work on /home/airflow/.local/lib/python3.12/site-packages/airflow/example_dags/example_skip_dag.py
[2025-03-04T07:06:07.948+0000] {processor.py:914} INFO - Processing file /home/airflow/.local/lib/python3.12/site-packages/airflow/example_dags/example_skip_dag.py for tasks to queue
[2025-03-04T07:06:07.949+0000] {logging_mixin.py:190} INFO - [2025-03-04T07:06:07.949+0000] {dagbag.py:588} INFO - Filling up the DagBag from /home/airflow/.local/lib/python3.12/site-packages/airflow/example_dags/example_skip_dag.py
[2025-03-04T07:06:07.956+0000] {processor.py:925} INFO - DAG(s) 'example_skip_dag' retrieved from /home/airflow/.local/lib/python3.12/site-packages/airflow/example_dags/example_skip_dag.py
[2025-03-04T07:06:07.973+0000] {logging_mixin.py:190} INFO - [2025-03-04T07:06:07.973+0000] {dag.py:3239} INFO - Sync 1 DAGs
[2025-03-04T07:06:07.992+0000] {logging_mixin.py:190} INFO - [2025-03-04T07:06:07.992+0000] {dag.py:4180} INFO - Setting next_dagrun for example_skip_dag to 2025-03-03 00:00:00+00:00, run_after=2025-03-04 00:00:00+00:00
[2025-03-04T07:06:08.008+0000] {processor.py:208} INFO - Processing /home/airflow/.local/lib/python3.12/site-packages/airflow/example_dags/example_skip_dag.py took 0.066 seconds
[2025-03-04T07:06:38.466+0000] {processor.py:186} INFO - Started process (PID=2089) to work on /home/airflow/.local/lib/python3.12/site-packages/airflow/example_dags/example_skip_dag.py
[2025-03-04T07:06:38.468+0000] {processor.py:914} INFO - Processing file /home/airflow/.local/lib/python3.12/site-packages/airflow/example_dags/example_skip_dag.py for tasks to queue
[2025-03-04T07:06:38.469+0000] {logging_mixin.py:190} INFO - [2025-03-04T07:06:38.469+0000] {dagbag.py:588} INFO - Filling up the DagBag from /home/airflow/.local/lib/python3.12/site-packages/airflow/example_dags/example_skip_dag.py
[2025-03-04T07:06:38.478+0000] {processor.py:925} INFO - DAG(s) 'example_skip_dag' retrieved from /home/airflow/.local/lib/python3.12/site-packages/airflow/example_dags/example_skip_dag.py
[2025-03-04T07:06:38.498+0000] {logging_mixin.py:190} INFO - [2025-03-04T07:06:38.497+0000] {dag.py:3239} INFO - Sync 1 DAGs
[2025-03-04T07:06:38.517+0000] {logging_mixin.py:190} INFO - [2025-03-04T07:06:38.517+0000] {dag.py:4180} INFO - Setting next_dagrun for example_skip_dag to 2025-03-03 00:00:00+00:00, run_after=2025-03-04 00:00:00+00:00
[2025-03-04T07:06:38.535+0000] {processor.py:208} INFO - Processing /home/airflow/.local/lib/python3.12/site-packages/airflow/example_dags/example_skip_dag.py took 0.075 seconds
[2025-03-04T07:07:08.614+0000] {processor.py:186} INFO - Started process (PID=2162) to work on /home/airflow/.local/lib/python3.12/site-packages/airflow/example_dags/example_skip_dag.py
[2025-03-04T07:07:08.615+0000] {processor.py:914} INFO - Processing file /home/airflow/.local/lib/python3.12/site-packages/airflow/example_dags/example_skip_dag.py for tasks to queue
[2025-03-04T07:07:08.616+0000] {logging_mixin.py:190} INFO - [2025-03-04T07:07:08.616+0000] {dagbag.py:588} INFO - Filling up the DagBag from /home/airflow/.local/lib/python3.12/site-packages/airflow/example_dags/example_skip_dag.py
[2025-03-04T07:07:08.623+0000] {processor.py:925} INFO - DAG(s) 'example_skip_dag' retrieved from /home/airflow/.local/lib/python3.12/site-packages/airflow/example_dags/example_skip_dag.py
[2025-03-04T07:07:08.642+0000] {logging_mixin.py:190} INFO - [2025-03-04T07:07:08.642+0000] {dag.py:3239} INFO - Sync 1 DAGs
[2025-03-04T07:07:08.661+0000] {logging_mixin.py:190} INFO - [2025-03-04T07:07:08.661+0000] {dag.py:4180} INFO - Setting next_dagrun for example_skip_dag to 2025-03-03 00:00:00+00:00, run_after=2025-03-04 00:00:00+00:00
[2025-03-04T07:07:08.682+0000] {processor.py:208} INFO - Processing /home/airflow/.local/lib/python3.12/site-packages/airflow/example_dags/example_skip_dag.py took 0.073 seconds
[2025-03-04T07:07:39.007+0000] {processor.py:186} INFO - Started process (PID=2243) to work on /home/airflow/.local/lib/python3.12/site-packages/airflow/example_dags/example_skip_dag.py
[2025-03-04T07:07:39.010+0000] {processor.py:914} INFO - Processing file /home/airflow/.local/lib/python3.12/site-packages/airflow/example_dags/example_skip_dag.py for tasks to queue
[2025-03-04T07:07:39.012+0000] {logging_mixin.py:190} INFO - [2025-03-04T07:07:39.012+0000] {dagbag.py:588} INFO - Filling up the DagBag from /home/airflow/.local/lib/python3.12/site-packages/airflow/example_dags/example_skip_dag.py
[2025-03-04T07:07:39.024+0000] {processor.py:925} INFO - DAG(s) 'example_skip_dag' retrieved from /home/airflow/.local/lib/python3.12/site-packages/airflow/example_dags/example_skip_dag.py
[2025-03-04T07:07:39.052+0000] {logging_mixin.py:190} INFO - [2025-03-04T07:07:39.051+0000] {dag.py:3239} INFO - Sync 1 DAGs
[2025-03-04T07:07:39.080+0000] {logging_mixin.py:190} INFO - [2025-03-04T07:07:39.080+0000] {dag.py:4180} INFO - Setting next_dagrun for example_skip_dag to 2025-03-03 00:00:00+00:00, run_after=2025-03-04 00:00:00+00:00
[2025-03-04T07:07:39.106+0000] {processor.py:208} INFO - Processing /home/airflow/.local/lib/python3.12/site-packages/airflow/example_dags/example_skip_dag.py took 0.109 seconds
[2025-03-04T07:08:09.353+0000] {processor.py:186} INFO - Started process (PID=2318) to work on /home/airflow/.local/lib/python3.12/site-packages/airflow/example_dags/example_skip_dag.py
[2025-03-04T07:08:09.354+0000] {processor.py:914} INFO - Processing file /home/airflow/.local/lib/python3.12/site-packages/airflow/example_dags/example_skip_dag.py for tasks to queue
[2025-03-04T07:08:09.356+0000] {logging_mixin.py:190} INFO - [2025-03-04T07:08:09.356+0000] {dagbag.py:588} INFO - Filling up the DagBag from /home/airflow/.local/lib/python3.12/site-packages/airflow/example_dags/example_skip_dag.py
[2025-03-04T07:08:09.367+0000] {processor.py:925} INFO - DAG(s) 'example_skip_dag' retrieved from /home/airflow/.local/lib/python3.12/site-packages/airflow/example_dags/example_skip_dag.py
[2025-03-04T07:08:09.395+0000] {logging_mixin.py:190} INFO - [2025-03-04T07:08:09.394+0000] {dag.py:3239} INFO - Sync 1 DAGs
[2025-03-04T07:08:09.422+0000] {logging_mixin.py:190} INFO - [2025-03-04T07:08:09.421+0000] {dag.py:4180} INFO - Setting next_dagrun for example_skip_dag to 2025-03-03 00:00:00+00:00, run_after=2025-03-04 00:00:00+00:00
[2025-03-04T07:08:09.443+0000] {processor.py:208} INFO - Processing /home/airflow/.local/lib/python3.12/site-packages/airflow/example_dags/example_skip_dag.py took 0.097 seconds
[2025-03-04T07:08:39.654+0000] {processor.py:186} INFO - Started process (PID=2392) to work on /home/airflow/.local/lib/python3.12/site-packages/airflow/example_dags/example_skip_dag.py
[2025-03-04T07:08:39.657+0000] {processor.py:914} INFO - Processing file /home/airflow/.local/lib/python3.12/site-packages/airflow/example_dags/example_skip_dag.py for tasks to queue
[2025-03-04T07:08:39.660+0000] {logging_mixin.py:190} INFO - [2025-03-04T07:08:39.660+0000] {dagbag.py:588} INFO - Filling up the DagBag from /home/airflow/.local/lib/python3.12/site-packages/airflow/example_dags/example_skip_dag.py
[2025-03-04T07:08:39.671+0000] {processor.py:925} INFO - DAG(s) 'example_skip_dag' retrieved from /home/airflow/.local/lib/python3.12/site-packages/airflow/example_dags/example_skip_dag.py
[2025-03-04T07:08:39.692+0000] {logging_mixin.py:190} INFO - [2025-03-04T07:08:39.691+0000] {dag.py:3239} INFO - Sync 1 DAGs
[2025-03-04T07:08:39.714+0000] {logging_mixin.py:190} INFO - [2025-03-04T07:08:39.714+0000] {dag.py:4180} INFO - Setting next_dagrun for example_skip_dag to 2025-03-03 00:00:00+00:00, run_after=2025-03-04 00:00:00+00:00
[2025-03-04T07:08:39.735+0000] {processor.py:208} INFO - Processing /home/airflow/.local/lib/python3.12/site-packages/airflow/example_dags/example_skip_dag.py took 0.085 seconds
[2025-03-04T07:09:09.964+0000] {processor.py:186} INFO - Started process (PID=2475) to work on /home/airflow/.local/lib/python3.12/site-packages/airflow/example_dags/example_skip_dag.py
[2025-03-04T07:09:09.966+0000] {processor.py:914} INFO - Processing file /home/airflow/.local/lib/python3.12/site-packages/airflow/example_dags/example_skip_dag.py for tasks to queue
[2025-03-04T07:09:09.967+0000] {logging_mixin.py:190} INFO - [2025-03-04T07:09:09.967+0000] {dagbag.py:588} INFO - Filling up the DagBag from /home/airflow/.local/lib/python3.12/site-packages/airflow/example_dags/example_skip_dag.py
[2025-03-04T07:09:09.975+0000] {processor.py:925} INFO - DAG(s) 'example_skip_dag' retrieved from /home/airflow/.local/lib/python3.12/site-packages/airflow/example_dags/example_skip_dag.py
[2025-03-04T07:09:09.994+0000] {logging_mixin.py:190} INFO - [2025-03-04T07:09:09.994+0000] {dag.py:3239} INFO - Sync 1 DAGs
[2025-03-04T07:09:10.015+0000] {logging_mixin.py:190} INFO - [2025-03-04T07:09:10.014+0000] {dag.py:4180} INFO - Setting next_dagrun for example_skip_dag to 2025-03-03 00:00:00+00:00, run_after=2025-03-04 00:00:00+00:00
[2025-03-04T07:09:10.031+0000] {processor.py:208} INFO - Processing /home/airflow/.local/lib/python3.12/site-packages/airflow/example_dags/example_skip_dag.py took 0.072 seconds
[2025-03-04T07:09:40.403+0000] {processor.py:186} INFO - Started process (PID=2549) to work on /home/airflow/.local/lib/python3.12/site-packages/airflow/example_dags/example_skip_dag.py
[2025-03-04T07:09:40.405+0000] {processor.py:914} INFO - Processing file /home/airflow/.local/lib/python3.12/site-packages/airflow/example_dags/example_skip_dag.py for tasks to queue
[2025-03-04T07:09:40.407+0000] {logging_mixin.py:190} INFO - [2025-03-04T07:09:40.406+0000] {dagbag.py:588} INFO - Filling up the DagBag from /home/airflow/.local/lib/python3.12/site-packages/airflow/example_dags/example_skip_dag.py
[2025-03-04T07:09:40.416+0000] {processor.py:925} INFO - DAG(s) 'example_skip_dag' retrieved from /home/airflow/.local/lib/python3.12/site-packages/airflow/example_dags/example_skip_dag.py
[2025-03-04T07:09:40.437+0000] {logging_mixin.py:190} INFO - [2025-03-04T07:09:40.437+0000] {dag.py:3239} INFO - Sync 1 DAGs
[2025-03-04T07:09:40.456+0000] {logging_mixin.py:190} INFO - [2025-03-04T07:09:40.456+0000] {dag.py:4180} INFO - Setting next_dagrun for example_skip_dag to 2025-03-03 00:00:00+00:00, run_after=2025-03-04 00:00:00+00:00
[2025-03-04T07:09:40.472+0000] {processor.py:208} INFO - Processing /home/airflow/.local/lib/python3.12/site-packages/airflow/example_dags/example_skip_dag.py took 0.075 seconds
[2025-03-04T07:10:11.005+0000] {processor.py:186} INFO - Started process (PID=2631) to work on /home/airflow/.local/lib/python3.12/site-packages/airflow/example_dags/example_skip_dag.py
[2025-03-04T07:10:11.007+0000] {processor.py:914} INFO - Processing file /home/airflow/.local/lib/python3.12/site-packages/airflow/example_dags/example_skip_dag.py for tasks to queue
[2025-03-04T07:10:11.009+0000] {logging_mixin.py:190} INFO - [2025-03-04T07:10:11.008+0000] {dagbag.py:588} INFO - Filling up the DagBag from /home/airflow/.local/lib/python3.12/site-packages/airflow/example_dags/example_skip_dag.py
[2025-03-04T07:10:11.016+0000] {processor.py:925} INFO - DAG(s) 'example_skip_dag' retrieved from /home/airflow/.local/lib/python3.12/site-packages/airflow/example_dags/example_skip_dag.py
[2025-03-04T07:10:11.034+0000] {logging_mixin.py:190} INFO - [2025-03-04T07:10:11.034+0000] {dag.py:3239} INFO - Sync 1 DAGs
[2025-03-04T07:10:11.053+0000] {logging_mixin.py:190} INFO - [2025-03-04T07:10:11.053+0000] {dag.py:4180} INFO - Setting next_dagrun for example_skip_dag to 2025-03-03 00:00:00+00:00, run_after=2025-03-04 00:00:00+00:00
[2025-03-04T07:10:11.073+0000] {processor.py:208} INFO - Processing /home/airflow/.local/lib/python3.12/site-packages/airflow/example_dags/example_skip_dag.py took 0.072 seconds
[2025-03-04T07:10:41.287+0000] {processor.py:186} INFO - Started process (PID=2704) to work on /home/airflow/.local/lib/python3.12/site-packages/airflow/example_dags/example_skip_dag.py
[2025-03-04T07:10:41.288+0000] {processor.py:914} INFO - Processing file /home/airflow/.local/lib/python3.12/site-packages/airflow/example_dags/example_skip_dag.py for tasks to queue
[2025-03-04T07:10:41.290+0000] {logging_mixin.py:190} INFO - [2025-03-04T07:10:41.290+0000] {dagbag.py:588} INFO - Filling up the DagBag from /home/airflow/.local/lib/python3.12/site-packages/airflow/example_dags/example_skip_dag.py
[2025-03-04T07:10:41.299+0000] {processor.py:925} INFO - DAG(s) 'example_skip_dag' retrieved from /home/airflow/.local/lib/python3.12/site-packages/airflow/example_dags/example_skip_dag.py
[2025-03-04T07:10:41.322+0000] {logging_mixin.py:190} INFO - [2025-03-04T07:10:41.321+0000] {dag.py:3239} INFO - Sync 1 DAGs
[2025-03-04T07:10:41.344+0000] {logging_mixin.py:190} INFO - [2025-03-04T07:10:41.343+0000] {dag.py:4180} INFO - Setting next_dagrun for example_skip_dag to 2025-03-03 00:00:00+00:00, run_after=2025-03-04 00:00:00+00:00
[2025-03-04T07:10:41.359+0000] {processor.py:208} INFO - Processing /home/airflow/.local/lib/python3.12/site-packages/airflow/example_dags/example_skip_dag.py took 0.077 seconds
[2025-03-04T07:11:11.536+0000] {processor.py:186} INFO - Started process (PID=2785) to work on /home/airflow/.local/lib/python3.12/site-packages/airflow/example_dags/example_skip_dag.py
[2025-03-04T07:11:11.537+0000] {processor.py:914} INFO - Processing file /home/airflow/.local/lib/python3.12/site-packages/airflow/example_dags/example_skip_dag.py for tasks to queue
[2025-03-04T07:11:11.538+0000] {logging_mixin.py:190} INFO - [2025-03-04T07:11:11.538+0000] {dagbag.py:588} INFO - Filling up the DagBag from /home/airflow/.local/lib/python3.12/site-packages/airflow/example_dags/example_skip_dag.py
[2025-03-04T07:11:11.547+0000] {processor.py:925} INFO - DAG(s) 'example_skip_dag' retrieved from /home/airflow/.local/lib/python3.12/site-packages/airflow/example_dags/example_skip_dag.py
[2025-03-04T07:11:11.573+0000] {logging_mixin.py:190} INFO - [2025-03-04T07:11:11.572+0000] {dag.py:3239} INFO - Sync 1 DAGs
[2025-03-04T07:11:11.607+0000] {logging_mixin.py:190} INFO - [2025-03-04T07:11:11.606+0000] {dag.py:4180} INFO - Setting next_dagrun for example_skip_dag to 2025-03-03 00:00:00+00:00, run_after=2025-03-04 00:00:00+00:00
[2025-03-04T07:11:11.664+0000] {processor.py:208} INFO - Processing /home/airflow/.local/lib/python3.12/site-packages/airflow/example_dags/example_skip_dag.py took 0.135 seconds
[2025-03-04T07:11:41.724+0000] {processor.py:186} INFO - Started process (PID=2860) to work on /home/airflow/.local/lib/python3.12/site-packages/airflow/example_dags/example_skip_dag.py
[2025-03-04T07:11:41.725+0000] {processor.py:914} INFO - Processing file /home/airflow/.local/lib/python3.12/site-packages/airflow/example_dags/example_skip_dag.py for tasks to queue
[2025-03-04T07:11:41.727+0000] {logging_mixin.py:190} INFO - [2025-03-04T07:11:41.726+0000] {dagbag.py:588} INFO - Filling up the DagBag from /home/airflow/.local/lib/python3.12/site-packages/airflow/example_dags/example_skip_dag.py
[2025-03-04T07:11:41.735+0000] {processor.py:925} INFO - DAG(s) 'example_skip_dag' retrieved from /home/airflow/.local/lib/python3.12/site-packages/airflow/example_dags/example_skip_dag.py
[2025-03-04T07:11:41.755+0000] {logging_mixin.py:190} INFO - [2025-03-04T07:11:41.754+0000] {dag.py:3239} INFO - Sync 1 DAGs
[2025-03-04T07:11:41.781+0000] {logging_mixin.py:190} INFO - [2025-03-04T07:11:41.780+0000] {dag.py:4180} INFO - Setting next_dagrun for example_skip_dag to 2025-03-03 00:00:00+00:00, run_after=2025-03-04 00:00:00+00:00
[2025-03-04T07:11:41.800+0000] {processor.py:208} INFO - Processing /home/airflow/.local/lib/python3.12/site-packages/airflow/example_dags/example_skip_dag.py took 0.081 seconds
[2025-03-04T07:12:12.616+0000] {processor.py:186} INFO - Started process (PID=2933) to work on /home/airflow/.local/lib/python3.12/site-packages/airflow/example_dags/example_skip_dag.py
[2025-03-04T07:12:12.619+0000] {processor.py:914} INFO - Processing file /home/airflow/.local/lib/python3.12/site-packages/airflow/example_dags/example_skip_dag.py for tasks to queue
[2025-03-04T07:12:12.620+0000] {logging_mixin.py:190} INFO - [2025-03-04T07:12:12.620+0000] {dagbag.py:588} INFO - Filling up the DagBag from /home/airflow/.local/lib/python3.12/site-packages/airflow/example_dags/example_skip_dag.py
[2025-03-04T07:12:12.627+0000] {processor.py:925} INFO - DAG(s) 'example_skip_dag' retrieved from /home/airflow/.local/lib/python3.12/site-packages/airflow/example_dags/example_skip_dag.py
[2025-03-04T07:12:12.647+0000] {logging_mixin.py:190} INFO - [2025-03-04T07:12:12.647+0000] {dag.py:3239} INFO - Sync 1 DAGs
[2025-03-04T07:12:12.664+0000] {logging_mixin.py:190} INFO - [2025-03-04T07:12:12.664+0000] {dag.py:4180} INFO - Setting next_dagrun for example_skip_dag to 2025-03-03 00:00:00+00:00, run_after=2025-03-04 00:00:00+00:00
[2025-03-04T07:12:12.683+0000] {processor.py:208} INFO - Processing /home/airflow/.local/lib/python3.12/site-packages/airflow/example_dags/example_skip_dag.py took 0.071 seconds
[2025-03-04T07:12:43.221+0000] {processor.py:186} INFO - Started process (PID=3014) to work on /home/airflow/.local/lib/python3.12/site-packages/airflow/example_dags/example_skip_dag.py
[2025-03-04T07:12:43.224+0000] {processor.py:914} INFO - Processing file /home/airflow/.local/lib/python3.12/site-packages/airflow/example_dags/example_skip_dag.py for tasks to queue
[2025-03-04T07:12:43.226+0000] {logging_mixin.py:190} INFO - [2025-03-04T07:12:43.226+0000] {dagbag.py:588} INFO - Filling up the DagBag from /home/airflow/.local/lib/python3.12/site-packages/airflow/example_dags/example_skip_dag.py
[2025-03-04T07:12:43.243+0000] {processor.py:925} INFO - DAG(s) 'example_skip_dag' retrieved from /home/airflow/.local/lib/python3.12/site-packages/airflow/example_dags/example_skip_dag.py
[2025-03-04T07:12:43.279+0000] {logging_mixin.py:190} INFO - [2025-03-04T07:12:43.279+0000] {dag.py:3239} INFO - Sync 1 DAGs
[2025-03-04T07:12:43.309+0000] {logging_mixin.py:190} INFO - [2025-03-04T07:12:43.308+0000] {dag.py:4180} INFO - Setting next_dagrun for example_skip_dag to 2025-03-03 00:00:00+00:00, run_after=2025-03-04 00:00:00+00:00
[2025-03-04T07:12:43.334+0000] {processor.py:208} INFO - Processing /home/airflow/.local/lib/python3.12/site-packages/airflow/example_dags/example_skip_dag.py took 0.120 seconds
[2025-03-04T07:13:13.853+0000] {processor.py:186} INFO - Started process (PID=3087) to work on /home/airflow/.local/lib/python3.12/site-packages/airflow/example_dags/example_skip_dag.py
[2025-03-04T07:13:13.858+0000] {processor.py:914} INFO - Processing file /home/airflow/.local/lib/python3.12/site-packages/airflow/example_dags/example_skip_dag.py for tasks to queue
[2025-03-04T07:13:13.862+0000] {logging_mixin.py:190} INFO - [2025-03-04T07:13:13.862+0000] {dagbag.py:588} INFO - Filling up the DagBag from /home/airflow/.local/lib/python3.12/site-packages/airflow/example_dags/example_skip_dag.py
[2025-03-04T07:13:13.870+0000] {processor.py:925} INFO - DAG(s) 'example_skip_dag' retrieved from /home/airflow/.local/lib/python3.12/site-packages/airflow/example_dags/example_skip_dag.py
[2025-03-04T07:13:13.890+0000] {logging_mixin.py:190} INFO - [2025-03-04T07:13:13.890+0000] {dag.py:3239} INFO - Sync 1 DAGs
[2025-03-04T07:13:13.911+0000] {logging_mixin.py:190} INFO - [2025-03-04T07:13:13.910+0000] {dag.py:4180} INFO - Setting next_dagrun for example_skip_dag to 2025-03-03 00:00:00+00:00, run_after=2025-03-04 00:00:00+00:00
[2025-03-04T07:13:13.930+0000] {processor.py:208} INFO - Processing /home/airflow/.local/lib/python3.12/site-packages/airflow/example_dags/example_skip_dag.py took 0.082 seconds
[2025-03-04T07:13:44.431+0000] {processor.py:186} INFO - Started process (PID=3161) to work on /home/airflow/.local/lib/python3.12/site-packages/airflow/example_dags/example_skip_dag.py
[2025-03-04T07:13:44.432+0000] {processor.py:914} INFO - Processing file /home/airflow/.local/lib/python3.12/site-packages/airflow/example_dags/example_skip_dag.py for tasks to queue
[2025-03-04T07:13:44.434+0000] {logging_mixin.py:190} INFO - [2025-03-04T07:13:44.434+0000] {dagbag.py:588} INFO - Filling up the DagBag from /home/airflow/.local/lib/python3.12/site-packages/airflow/example_dags/example_skip_dag.py
[2025-03-04T07:13:44.443+0000] {processor.py:925} INFO - DAG(s) 'example_skip_dag' retrieved from /home/airflow/.local/lib/python3.12/site-packages/airflow/example_dags/example_skip_dag.py
[2025-03-04T07:13:44.466+0000] {logging_mixin.py:190} INFO - [2025-03-04T07:13:44.465+0000] {dag.py:3239} INFO - Sync 1 DAGs
[2025-03-04T07:13:44.488+0000] {logging_mixin.py:190} INFO - [2025-03-04T07:13:44.487+0000] {dag.py:4180} INFO - Setting next_dagrun for example_skip_dag to 2025-03-03 00:00:00+00:00, run_after=2025-03-04 00:00:00+00:00
[2025-03-04T07:13:44.511+0000] {processor.py:208} INFO - Processing /home/airflow/.local/lib/python3.12/site-packages/airflow/example_dags/example_skip_dag.py took 0.084 seconds
[2025-03-04T07:14:15.028+0000] {processor.py:186} INFO - Started process (PID=3243) to work on /home/airflow/.local/lib/python3.12/site-packages/airflow/example_dags/example_skip_dag.py
[2025-03-04T07:14:15.034+0000] {processor.py:914} INFO - Processing file /home/airflow/.local/lib/python3.12/site-packages/airflow/example_dags/example_skip_dag.py for tasks to queue
[2025-03-04T07:14:15.035+0000] {logging_mixin.py:190} INFO - [2025-03-04T07:14:15.035+0000] {dagbag.py:588} INFO - Filling up the DagBag from /home/airflow/.local/lib/python3.12/site-packages/airflow/example_dags/example_skip_dag.py
[2025-03-04T07:14:15.044+0000] {processor.py:925} INFO - DAG(s) 'example_skip_dag' retrieved from /home/airflow/.local/lib/python3.12/site-packages/airflow/example_dags/example_skip_dag.py
[2025-03-04T07:14:15.074+0000] {logging_mixin.py:190} INFO - [2025-03-04T07:14:15.074+0000] {dag.py:3239} INFO - Sync 1 DAGs
[2025-03-04T07:14:15.106+0000] {logging_mixin.py:190} INFO - [2025-03-04T07:14:15.105+0000] {dag.py:4180} INFO - Setting next_dagrun for example_skip_dag to 2025-03-03 00:00:00+00:00, run_after=2025-03-04 00:00:00+00:00
[2025-03-04T07:14:15.141+0000] {processor.py:208} INFO - Processing /home/airflow/.local/lib/python3.12/site-packages/airflow/example_dags/example_skip_dag.py took 0.119 seconds
[2025-03-04T07:14:45.533+0000] {processor.py:186} INFO - Started process (PID=3325) to work on /home/airflow/.local/lib/python3.12/site-packages/airflow/example_dags/example_skip_dag.py
[2025-03-04T07:14:45.534+0000] {processor.py:914} INFO - Processing file /home/airflow/.local/lib/python3.12/site-packages/airflow/example_dags/example_skip_dag.py for tasks to queue
[2025-03-04T07:14:45.537+0000] {logging_mixin.py:190} INFO - [2025-03-04T07:14:45.536+0000] {dagbag.py:588} INFO - Filling up the DagBag from /home/airflow/.local/lib/python3.12/site-packages/airflow/example_dags/example_skip_dag.py
[2025-03-04T07:14:45.555+0000] {processor.py:925} INFO - DAG(s) 'example_skip_dag' retrieved from /home/airflow/.local/lib/python3.12/site-packages/airflow/example_dags/example_skip_dag.py
[2025-03-04T07:14:45.601+0000] {logging_mixin.py:190} INFO - [2025-03-04T07:14:45.599+0000] {dag.py:3239} INFO - Sync 1 DAGs
[2025-03-04T07:14:45.663+0000] {logging_mixin.py:190} INFO - [2025-03-04T07:14:45.663+0000] {dag.py:4180} INFO - Setting next_dagrun for example_skip_dag to 2025-03-03 00:00:00+00:00, run_after=2025-03-04 00:00:00+00:00
[2025-03-04T07:14:45.695+0000] {processor.py:208} INFO - Processing /home/airflow/.local/lib/python3.12/site-packages/airflow/example_dags/example_skip_dag.py took 0.179 seconds
[2025-03-04T07:15:16.266+0000] {processor.py:186} INFO - Started process (PID=3399) to work on /home/airflow/.local/lib/python3.12/site-packages/airflow/example_dags/example_skip_dag.py
[2025-03-04T07:15:16.267+0000] {processor.py:914} INFO - Processing file /home/airflow/.local/lib/python3.12/site-packages/airflow/example_dags/example_skip_dag.py for tasks to queue
[2025-03-04T07:15:16.269+0000] {logging_mixin.py:190} INFO - [2025-03-04T07:15:16.269+0000] {dagbag.py:588} INFO - Filling up the DagBag from /home/airflow/.local/lib/python3.12/site-packages/airflow/example_dags/example_skip_dag.py
[2025-03-04T07:15:16.278+0000] {processor.py:925} INFO - DAG(s) 'example_skip_dag' retrieved from /home/airflow/.local/lib/python3.12/site-packages/airflow/example_dags/example_skip_dag.py
[2025-03-04T07:15:16.299+0000] {logging_mixin.py:190} INFO - [2025-03-04T07:15:16.299+0000] {dag.py:3239} INFO - Sync 1 DAGs
[2025-03-04T07:15:16.318+0000] {logging_mixin.py:190} INFO - [2025-03-04T07:15:16.318+0000] {dag.py:4180} INFO - Setting next_dagrun for example_skip_dag to 2025-03-03 00:00:00+00:00, run_after=2025-03-04 00:00:00+00:00
[2025-03-04T07:15:16.338+0000] {processor.py:208} INFO - Processing /home/airflow/.local/lib/python3.12/site-packages/airflow/example_dags/example_skip_dag.py took 0.078 seconds
[2025-03-04T07:15:46.430+0000] {processor.py:186} INFO - Started process (PID=3481) to work on /home/airflow/.local/lib/python3.12/site-packages/airflow/example_dags/example_skip_dag.py
[2025-03-04T07:15:46.431+0000] {processor.py:914} INFO - Processing file /home/airflow/.local/lib/python3.12/site-packages/airflow/example_dags/example_skip_dag.py for tasks to queue
[2025-03-04T07:15:46.432+0000] {logging_mixin.py:190} INFO - [2025-03-04T07:15:46.432+0000] {dagbag.py:588} INFO - Filling up the DagBag from /home/airflow/.local/lib/python3.12/site-packages/airflow/example_dags/example_skip_dag.py
[2025-03-04T07:15:46.440+0000] {processor.py:925} INFO - DAG(s) 'example_skip_dag' retrieved from /home/airflow/.local/lib/python3.12/site-packages/airflow/example_dags/example_skip_dag.py
[2025-03-04T07:15:46.456+0000] {logging_mixin.py:190} INFO - [2025-03-04T07:15:46.455+0000] {dag.py:3239} INFO - Sync 1 DAGs
[2025-03-04T07:15:46.473+0000] {logging_mixin.py:190} INFO - [2025-03-04T07:15:46.472+0000] {dag.py:4180} INFO - Setting next_dagrun for example_skip_dag to 2025-03-03 00:00:00+00:00, run_after=2025-03-04 00:00:00+00:00
[2025-03-04T07:15:46.497+0000] {processor.py:208} INFO - Processing /home/airflow/.local/lib/python3.12/site-packages/airflow/example_dags/example_skip_dag.py took 0.072 seconds
[2025-03-04T07:16:17.186+0000] {processor.py:186} INFO - Started process (PID=3555) to work on /home/airflow/.local/lib/python3.12/site-packages/airflow/example_dags/example_skip_dag.py
[2025-03-04T07:16:17.187+0000] {processor.py:914} INFO - Processing file /home/airflow/.local/lib/python3.12/site-packages/airflow/example_dags/example_skip_dag.py for tasks to queue
[2025-03-04T07:16:17.188+0000] {logging_mixin.py:190} INFO - [2025-03-04T07:16:17.188+0000] {dagbag.py:588} INFO - Filling up the DagBag from /home/airflow/.local/lib/python3.12/site-packages/airflow/example_dags/example_skip_dag.py
[2025-03-04T07:16:17.196+0000] {processor.py:925} INFO - DAG(s) 'example_skip_dag' retrieved from /home/airflow/.local/lib/python3.12/site-packages/airflow/example_dags/example_skip_dag.py
[2025-03-04T07:16:17.217+0000] {logging_mixin.py:190} INFO - [2025-03-04T07:16:17.217+0000] {dag.py:3239} INFO - Sync 1 DAGs
[2025-03-04T07:16:17.239+0000] {logging_mixin.py:190} INFO - [2025-03-04T07:16:17.239+0000] {dag.py:4180} INFO - Setting next_dagrun for example_skip_dag to 2025-03-03 00:00:00+00:00, run_after=2025-03-04 00:00:00+00:00
[2025-03-04T07:16:17.258+0000] {processor.py:208} INFO - Processing /home/airflow/.local/lib/python3.12/site-packages/airflow/example_dags/example_skip_dag.py took 0.077 seconds
[2025-03-04T07:16:47.749+0000] {processor.py:186} INFO - Started process (PID=3637) to work on /home/airflow/.local/lib/python3.12/site-packages/airflow/example_dags/example_skip_dag.py
[2025-03-04T07:16:47.749+0000] {processor.py:914} INFO - Processing file /home/airflow/.local/lib/python3.12/site-packages/airflow/example_dags/example_skip_dag.py for tasks to queue
[2025-03-04T07:16:47.750+0000] {logging_mixin.py:190} INFO - [2025-03-04T07:16:47.750+0000] {dagbag.py:588} INFO - Filling up the DagBag from /home/airflow/.local/lib/python3.12/site-packages/airflow/example_dags/example_skip_dag.py
[2025-03-04T07:16:47.757+0000] {processor.py:925} INFO - DAG(s) 'example_skip_dag' retrieved from /home/airflow/.local/lib/python3.12/site-packages/airflow/example_dags/example_skip_dag.py
[2025-03-04T07:16:47.774+0000] {logging_mixin.py:190} INFO - [2025-03-04T07:16:47.774+0000] {dag.py:3239} INFO - Sync 1 DAGs
[2025-03-04T07:16:47.793+0000] {logging_mixin.py:190} INFO - [2025-03-04T07:16:47.793+0000] {dag.py:4180} INFO - Setting next_dagrun for example_skip_dag to 2025-03-03 00:00:00+00:00, run_after=2025-03-04 00:00:00+00:00
[2025-03-04T07:16:47.812+0000] {processor.py:208} INFO - Processing /home/airflow/.local/lib/python3.12/site-packages/airflow/example_dags/example_skip_dag.py took 0.068 seconds
[2025-03-04T07:17:18.190+0000] {processor.py:186} INFO - Started process (PID=3711) to work on /home/airflow/.local/lib/python3.12/site-packages/airflow/example_dags/example_skip_dag.py
[2025-03-04T07:17:18.191+0000] {processor.py:914} INFO - Processing file /home/airflow/.local/lib/python3.12/site-packages/airflow/example_dags/example_skip_dag.py for tasks to queue
[2025-03-04T07:17:18.192+0000] {logging_mixin.py:190} INFO - [2025-03-04T07:17:18.192+0000] {dagbag.py:588} INFO - Filling up the DagBag from /home/airflow/.local/lib/python3.12/site-packages/airflow/example_dags/example_skip_dag.py
[2025-03-04T07:17:18.200+0000] {processor.py:925} INFO - DAG(s) 'example_skip_dag' retrieved from /home/airflow/.local/lib/python3.12/site-packages/airflow/example_dags/example_skip_dag.py
[2025-03-04T07:17:18.220+0000] {logging_mixin.py:190} INFO - [2025-03-04T07:17:18.220+0000] {dag.py:3239} INFO - Sync 1 DAGs
[2025-03-04T07:17:18.238+0000] {logging_mixin.py:190} INFO - [2025-03-04T07:17:18.238+0000] {dag.py:4180} INFO - Setting next_dagrun for example_skip_dag to 2025-03-03 00:00:00+00:00, run_after=2025-03-04 00:00:00+00:00
[2025-03-04T07:17:18.255+0000] {processor.py:208} INFO - Processing /home/airflow/.local/lib/python3.12/site-packages/airflow/example_dags/example_skip_dag.py took 0.070 seconds
[2025-03-04T07:17:49.011+0000] {processor.py:186} INFO - Started process (PID=3795) to work on /home/airflow/.local/lib/python3.12/site-packages/airflow/example_dags/example_skip_dag.py
[2025-03-04T07:17:49.012+0000] {processor.py:914} INFO - Processing file /home/airflow/.local/lib/python3.12/site-packages/airflow/example_dags/example_skip_dag.py for tasks to queue
[2025-03-04T07:17:49.013+0000] {logging_mixin.py:190} INFO - [2025-03-04T07:17:49.013+0000] {dagbag.py:588} INFO - Filling up the DagBag from /home/airflow/.local/lib/python3.12/site-packages/airflow/example_dags/example_skip_dag.py
[2025-03-04T07:17:49.020+0000] {processor.py:925} INFO - DAG(s) 'example_skip_dag' retrieved from /home/airflow/.local/lib/python3.12/site-packages/airflow/example_dags/example_skip_dag.py
[2025-03-04T07:17:49.040+0000] {logging_mixin.py:190} INFO - [2025-03-04T07:17:49.040+0000] {dag.py:3239} INFO - Sync 1 DAGs
[2025-03-04T07:17:49.058+0000] {logging_mixin.py:190} INFO - [2025-03-04T07:17:49.058+0000] {dag.py:4180} INFO - Setting next_dagrun for example_skip_dag to 2025-03-03 00:00:00+00:00, run_after=2025-03-04 00:00:00+00:00
[2025-03-04T07:17:49.075+0000] {processor.py:208} INFO - Processing /home/airflow/.local/lib/python3.12/site-packages/airflow/example_dags/example_skip_dag.py took 0.068 seconds
[2025-03-04T07:18:19.166+0000] {processor.py:186} INFO - Started process (PID=3869) to work on /home/airflow/.local/lib/python3.12/site-packages/airflow/example_dags/example_skip_dag.py
[2025-03-04T07:18:19.167+0000] {processor.py:914} INFO - Processing file /home/airflow/.local/lib/python3.12/site-packages/airflow/example_dags/example_skip_dag.py for tasks to queue
[2025-03-04T07:18:19.169+0000] {logging_mixin.py:190} INFO - [2025-03-04T07:18:19.169+0000] {dagbag.py:588} INFO - Filling up the DagBag from /home/airflow/.local/lib/python3.12/site-packages/airflow/example_dags/example_skip_dag.py
[2025-03-04T07:18:19.176+0000] {processor.py:925} INFO - DAG(s) 'example_skip_dag' retrieved from /home/airflow/.local/lib/python3.12/site-packages/airflow/example_dags/example_skip_dag.py
[2025-03-04T07:18:19.195+0000] {logging_mixin.py:190} INFO - [2025-03-04T07:18:19.195+0000] {dag.py:3239} INFO - Sync 1 DAGs
[2025-03-04T07:18:19.214+0000] {logging_mixin.py:190} INFO - [2025-03-04T07:18:19.214+0000] {dag.py:4180} INFO - Setting next_dagrun for example_skip_dag to 2025-03-03 00:00:00+00:00, run_after=2025-03-04 00:00:00+00:00
[2025-03-04T07:18:19.231+0000] {processor.py:208} INFO - Processing /home/airflow/.local/lib/python3.12/site-packages/airflow/example_dags/example_skip_dag.py took 0.069 seconds
