[2025-03-04T06:53:48.769+0000] {processor.py:186} INFO - Started process (PID=103) to work on /home/airflow/.local/lib/python3.12/site-packages/airflow/example_dags/example_outlet_event_extra.py
[2025-03-04T06:53:48.770+0000] {processor.py:914} INFO - Processing file /home/airflow/.local/lib/python3.12/site-packages/airflow/example_dags/example_outlet_event_extra.py for tasks to queue
[2025-03-04T06:53:48.774+0000] {logging_mixin.py:190} INFO - [2025-03-04T06:53:48.773+0000] {dagbag.py:588} INFO - Filling up the DagBag from /home/airflow/.local/lib/python3.12/site-packages/airflow/example_dags/example_outlet_event_extra.py
[2025-03-04T06:53:49.641+0000] {processor.py:925} INFO - DAG(s) 'dataset_with_extra_by_context', 'dataset_with_extra_by_yield', 'dataset_with_extra_from_classic_operator' retrieved from /home/airflow/.local/lib/python3.12/site-packages/airflow/example_dags/example_outlet_event_extra.py
[2025-03-04T06:53:49.758+0000] {logging_mixin.py:190} INFO - [2025-03-04T06:53:49.757+0000] {override.py:1912} INFO - Created Permission View: can read on DAG:dataset_with_extra_by_context
[2025-03-04T06:53:49.773+0000] {logging_mixin.py:190} INFO - [2025-03-04T06:53:49.772+0000] {override.py:1912} INFO - Created Permission View: can edit on DAG:dataset_with_extra_by_context
[2025-03-04T06:53:49.781+0000] {logging_mixin.py:190} INFO - [2025-03-04T06:53:49.781+0000] {override.py:1912} INFO - Created Permission View: can delete on DAG:dataset_with_extra_by_context
[2025-03-04T06:53:49.792+0000] {logging_mixin.py:190} INFO - [2025-03-04T06:53:49.792+0000] {override.py:1912} INFO - Created Permission View: menu access on DAG Run:dataset_with_extra_by_context
[2025-03-04T06:53:49.800+0000] {logging_mixin.py:190} INFO - [2025-03-04T06:53:49.800+0000] {override.py:1912} INFO - Created Permission View: can read on DAG Run:dataset_with_extra_by_context
[2025-03-04T06:53:49.809+0000] {logging_mixin.py:190} INFO - [2025-03-04T06:53:49.809+0000] {override.py:1912} INFO - Created Permission View: can delete on DAG Run:dataset_with_extra_by_context
[2025-03-04T06:53:49.818+0000] {logging_mixin.py:190} INFO - [2025-03-04T06:53:49.817+0000] {override.py:1912} INFO - Created Permission View: can create on DAG Run:dataset_with_extra_by_context
[2025-03-04T06:53:49.832+0000] {logging_mixin.py:190} INFO - [2025-03-04T06:53:49.832+0000] {override.py:1912} INFO - Created Permission View: can read on DAG:dataset_with_extra_by_yield
[2025-03-04T06:53:49.840+0000] {logging_mixin.py:190} INFO - [2025-03-04T06:53:49.840+0000] {override.py:1912} INFO - Created Permission View: can edit on DAG:dataset_with_extra_by_yield
[2025-03-04T06:53:49.847+0000] {logging_mixin.py:190} INFO - [2025-03-04T06:53:49.846+0000] {override.py:1912} INFO - Created Permission View: can delete on DAG:dataset_with_extra_by_yield
[2025-03-04T06:53:49.856+0000] {logging_mixin.py:190} INFO - [2025-03-04T06:53:49.855+0000] {override.py:1912} INFO - Created Permission View: menu access on DAG Run:dataset_with_extra_by_yield
[2025-03-04T06:53:49.864+0000] {logging_mixin.py:190} INFO - [2025-03-04T06:53:49.863+0000] {override.py:1912} INFO - Created Permission View: can read on DAG Run:dataset_with_extra_by_yield
[2025-03-04T06:53:49.873+0000] {logging_mixin.py:190} INFO - [2025-03-04T06:53:49.872+0000] {override.py:1912} INFO - Created Permission View: can delete on DAG Run:dataset_with_extra_by_yield
[2025-03-04T06:53:49.881+0000] {logging_mixin.py:190} INFO - [2025-03-04T06:53:49.881+0000] {override.py:1912} INFO - Created Permission View: can create on DAG Run:dataset_with_extra_by_yield
[2025-03-04T06:53:49.897+0000] {logging_mixin.py:190} INFO - [2025-03-04T06:53:49.896+0000] {override.py:1912} INFO - Created Permission View: can read on DAG:dataset_with_extra_from_classic_operator
[2025-03-04T06:53:49.905+0000] {logging_mixin.py:190} INFO - [2025-03-04T06:53:49.905+0000] {override.py:1912} INFO - Created Permission View: can edit on DAG:dataset_with_extra_from_classic_operator
[2025-03-04T06:53:49.914+0000] {logging_mixin.py:190} INFO - [2025-03-04T06:53:49.914+0000] {override.py:1912} INFO - Created Permission View: can delete on DAG:dataset_with_extra_from_classic_operator
[2025-03-04T06:53:49.927+0000] {logging_mixin.py:190} INFO - [2025-03-04T06:53:49.926+0000] {override.py:1912} INFO - Created Permission View: menu access on DAG Run:dataset_with_extra_from_classic_operator
[2025-03-04T06:53:49.936+0000] {logging_mixin.py:190} INFO - [2025-03-04T06:53:49.935+0000] {override.py:1912} INFO - Created Permission View: can read on DAG Run:dataset_with_extra_from_classic_operator
[2025-03-04T06:53:49.946+0000] {logging_mixin.py:190} INFO - [2025-03-04T06:53:49.946+0000] {override.py:1912} INFO - Created Permission View: can delete on DAG Run:dataset_with_extra_from_classic_operator
[2025-03-04T06:53:49.955+0000] {logging_mixin.py:190} INFO - [2025-03-04T06:53:49.955+0000] {override.py:1912} INFO - Created Permission View: can create on DAG Run:dataset_with_extra_from_classic_operator
[2025-03-04T06:53:49.956+0000] {logging_mixin.py:190} INFO - [2025-03-04T06:53:49.956+0000] {dag.py:3239} INFO - Sync 3 DAGs
[2025-03-04T06:53:49.971+0000] {logging_mixin.py:190} INFO - [2025-03-04T06:53:49.970+0000] {dag.py:3262} INFO - Creating ORM DAG for dataset_with_extra_by_yield
[2025-03-04T06:53:49.973+0000] {logging_mixin.py:190} INFO - [2025-03-04T06:53:49.972+0000] {dag.py:3262} INFO - Creating ORM DAG for dataset_with_extra_by_context
[2025-03-04T06:53:49.974+0000] {logging_mixin.py:190} INFO - [2025-03-04T06:53:49.974+0000] {dag.py:3262} INFO - Creating ORM DAG for dataset_with_extra_from_classic_operator
[2025-03-04T06:53:49.986+0000] {logging_mixin.py:190} INFO - [2025-03-04T06:53:49.986+0000] {dag.py:4180} INFO - Setting next_dagrun for dataset_with_extra_by_context to 2025-03-03 00:00:00+00:00, run_after=2025-03-04 00:00:00+00:00
[2025-03-04T06:53:49.989+0000] {logging_mixin.py:190} INFO - [2025-03-04T06:53:49.989+0000] {dag.py:4180} INFO - Setting next_dagrun for dataset_with_extra_by_yield to 2025-03-03 00:00:00+00:00, run_after=2025-03-04 00:00:00+00:00
[2025-03-04T06:53:49.991+0000] {logging_mixin.py:190} INFO - [2025-03-04T06:53:49.991+0000] {dag.py:4180} INFO - Setting next_dagrun for dataset_with_extra_from_classic_operator to 2025-03-03 00:00:00+00:00, run_after=2025-03-04 00:00:00+00:00
[2025-03-04T06:53:50.020+0000] {processor.py:208} INFO - Processing /home/airflow/.local/lib/python3.12/site-packages/airflow/example_dags/example_outlet_event_extra.py took 1.262 seconds
[2025-03-04T06:54:20.399+0000] {processor.py:186} INFO - Started process (PID=189) to work on /home/airflow/.local/lib/python3.12/site-packages/airflow/example_dags/example_outlet_event_extra.py
[2025-03-04T06:54:20.400+0000] {processor.py:914} INFO - Processing file /home/airflow/.local/lib/python3.12/site-packages/airflow/example_dags/example_outlet_event_extra.py for tasks to queue
[2025-03-04T06:54:20.403+0000] {logging_mixin.py:190} INFO - [2025-03-04T06:54:20.403+0000] {dagbag.py:588} INFO - Filling up the DagBag from /home/airflow/.local/lib/python3.12/site-packages/airflow/example_dags/example_outlet_event_extra.py
[2025-03-04T06:54:20.880+0000] {processor.py:925} INFO - DAG(s) 'dataset_with_extra_from_classic_operator', 'dataset_with_extra_by_yield', 'dataset_with_extra_by_context' retrieved from /home/airflow/.local/lib/python3.12/site-packages/airflow/example_dags/example_outlet_event_extra.py
[2025-03-04T06:54:20.900+0000] {logging_mixin.py:190} INFO - [2025-03-04T06:54:20.900+0000] {dag.py:3239} INFO - Sync 3 DAGs
[2025-03-04T06:54:20.918+0000] {logging_mixin.py:190} INFO - [2025-03-04T06:54:20.918+0000] {dag.py:4180} INFO - Setting next_dagrun for dataset_with_extra_by_context to 2025-03-03 00:00:00+00:00, run_after=2025-03-04 00:00:00+00:00
[2025-03-04T06:54:20.922+0000] {logging_mixin.py:190} INFO - [2025-03-04T06:54:20.922+0000] {dag.py:4180} INFO - Setting next_dagrun for dataset_with_extra_by_yield to 2025-03-03 00:00:00+00:00, run_after=2025-03-04 00:00:00+00:00
[2025-03-04T06:54:20.924+0000] {logging_mixin.py:190} INFO - [2025-03-04T06:54:20.924+0000] {dag.py:4180} INFO - Setting next_dagrun for dataset_with_extra_from_classic_operator to 2025-03-03 00:00:00+00:00, run_after=2025-03-04 00:00:00+00:00
[2025-03-04T06:54:20.941+0000] {processor.py:208} INFO - Processing /home/airflow/.local/lib/python3.12/site-packages/airflow/example_dags/example_outlet_event_extra.py took 0.549 seconds
[2025-03-04T06:54:51.840+0000] {processor.py:186} INFO - Started process (PID=265) to work on /home/airflow/.local/lib/python3.12/site-packages/airflow/example_dags/example_outlet_event_extra.py
[2025-03-04T06:54:51.841+0000] {processor.py:914} INFO - Processing file /home/airflow/.local/lib/python3.12/site-packages/airflow/example_dags/example_outlet_event_extra.py for tasks to queue
[2025-03-04T06:54:51.843+0000] {logging_mixin.py:190} INFO - [2025-03-04T06:54:51.843+0000] {dagbag.py:588} INFO - Filling up the DagBag from /home/airflow/.local/lib/python3.12/site-packages/airflow/example_dags/example_outlet_event_extra.py
[2025-03-04T06:54:52.339+0000] {processor.py:925} INFO - DAG(s) 'dataset_with_extra_by_context', 'dataset_with_extra_from_classic_operator', 'dataset_with_extra_by_yield' retrieved from /home/airflow/.local/lib/python3.12/site-packages/airflow/example_dags/example_outlet_event_extra.py
[2025-03-04T06:54:52.358+0000] {logging_mixin.py:190} INFO - [2025-03-04T06:54:52.358+0000] {dag.py:3239} INFO - Sync 3 DAGs
[2025-03-04T06:54:52.378+0000] {logging_mixin.py:190} INFO - [2025-03-04T06:54:52.378+0000] {dag.py:4180} INFO - Setting next_dagrun for dataset_with_extra_by_context to 2025-03-03 00:00:00+00:00, run_after=2025-03-04 00:00:00+00:00
[2025-03-04T06:54:52.381+0000] {logging_mixin.py:190} INFO - [2025-03-04T06:54:52.381+0000] {dag.py:4180} INFO - Setting next_dagrun for dataset_with_extra_by_yield to 2025-03-03 00:00:00+00:00, run_after=2025-03-04 00:00:00+00:00
[2025-03-04T06:54:52.384+0000] {logging_mixin.py:190} INFO - [2025-03-04T06:54:52.384+0000] {dag.py:4180} INFO - Setting next_dagrun for dataset_with_extra_from_classic_operator to 2025-03-03 00:00:00+00:00, run_after=2025-03-04 00:00:00+00:00
[2025-03-04T06:54:52.401+0000] {processor.py:208} INFO - Processing /home/airflow/.local/lib/python3.12/site-packages/airflow/example_dags/example_outlet_event_extra.py took 0.567 seconds
[2025-03-04T06:55:22.982+0000] {processor.py:186} INFO - Started process (PID=347) to work on /home/airflow/.local/lib/python3.12/site-packages/airflow/example_dags/example_outlet_event_extra.py
[2025-03-04T06:55:22.983+0000] {processor.py:914} INFO - Processing file /home/airflow/.local/lib/python3.12/site-packages/airflow/example_dags/example_outlet_event_extra.py for tasks to queue
[2025-03-04T06:55:22.985+0000] {logging_mixin.py:190} INFO - [2025-03-04T06:55:22.985+0000] {dagbag.py:588} INFO - Filling up the DagBag from /home/airflow/.local/lib/python3.12/site-packages/airflow/example_dags/example_outlet_event_extra.py
[2025-03-04T06:55:23.465+0000] {processor.py:925} INFO - DAG(s) 'dataset_with_extra_by_yield', 'dataset_with_extra_by_context', 'dataset_with_extra_from_classic_operator' retrieved from /home/airflow/.local/lib/python3.12/site-packages/airflow/example_dags/example_outlet_event_extra.py
[2025-03-04T06:55:23.489+0000] {logging_mixin.py:190} INFO - [2025-03-04T06:55:23.489+0000] {dag.py:3239} INFO - Sync 3 DAGs
[2025-03-04T06:55:23.513+0000] {logging_mixin.py:190} INFO - [2025-03-04T06:55:23.513+0000] {dag.py:4180} INFO - Setting next_dagrun for dataset_with_extra_by_context to 2025-03-03 00:00:00+00:00, run_after=2025-03-04 00:00:00+00:00
[2025-03-04T06:55:23.521+0000] {logging_mixin.py:190} INFO - [2025-03-04T06:55:23.521+0000] {dag.py:4180} INFO - Setting next_dagrun for dataset_with_extra_by_yield to 2025-03-03 00:00:00+00:00, run_after=2025-03-04 00:00:00+00:00
[2025-03-04T06:55:23.524+0000] {logging_mixin.py:190} INFO - [2025-03-04T06:55:23.524+0000] {dag.py:4180} INFO - Setting next_dagrun for dataset_with_extra_from_classic_operator to 2025-03-03 00:00:00+00:00, run_after=2025-03-04 00:00:00+00:00
[2025-03-04T06:55:23.546+0000] {processor.py:208} INFO - Processing /home/airflow/.local/lib/python3.12/site-packages/airflow/example_dags/example_outlet_event_extra.py took 0.569 seconds
[2025-03-04T06:55:54.442+0000] {processor.py:186} INFO - Started process (PID=422) to work on /home/airflow/.local/lib/python3.12/site-packages/airflow/example_dags/example_outlet_event_extra.py
[2025-03-04T06:55:54.449+0000] {processor.py:914} INFO - Processing file /home/airflow/.local/lib/python3.12/site-packages/airflow/example_dags/example_outlet_event_extra.py for tasks to queue
[2025-03-04T06:55:54.457+0000] {logging_mixin.py:190} INFO - [2025-03-04T06:55:54.456+0000] {dagbag.py:588} INFO - Filling up the DagBag from /home/airflow/.local/lib/python3.12/site-packages/airflow/example_dags/example_outlet_event_extra.py
[2025-03-04T06:55:54.872+0000] {processor.py:925} INFO - DAG(s) 'dataset_with_extra_from_classic_operator', 'dataset_with_extra_by_context', 'dataset_with_extra_by_yield' retrieved from /home/airflow/.local/lib/python3.12/site-packages/airflow/example_dags/example_outlet_event_extra.py
[2025-03-04T06:55:54.889+0000] {logging_mixin.py:190} INFO - [2025-03-04T06:55:54.889+0000] {dag.py:3239} INFO - Sync 3 DAGs
[2025-03-04T06:55:54.907+0000] {logging_mixin.py:190} INFO - [2025-03-04T06:55:54.907+0000] {dag.py:4180} INFO - Setting next_dagrun for dataset_with_extra_by_context to 2025-03-03 00:00:00+00:00, run_after=2025-03-04 00:00:00+00:00
[2025-03-04T06:55:54.911+0000] {logging_mixin.py:190} INFO - [2025-03-04T06:55:54.911+0000] {dag.py:4180} INFO - Setting next_dagrun for dataset_with_extra_by_yield to 2025-03-03 00:00:00+00:00, run_after=2025-03-04 00:00:00+00:00
[2025-03-04T06:55:54.913+0000] {logging_mixin.py:190} INFO - [2025-03-04T06:55:54.913+0000] {dag.py:4180} INFO - Setting next_dagrun for dataset_with_extra_from_classic_operator to 2025-03-03 00:00:00+00:00, run_after=2025-03-04 00:00:00+00:00
[2025-03-04T06:55:54.927+0000] {processor.py:208} INFO - Processing /home/airflow/.local/lib/python3.12/site-packages/airflow/example_dags/example_outlet_event_extra.py took 0.493 seconds
[2025-03-04T06:56:25.756+0000] {processor.py:186} INFO - Started process (PID=505) to work on /home/airflow/.local/lib/python3.12/site-packages/airflow/example_dags/example_outlet_event_extra.py
[2025-03-04T06:56:25.758+0000] {processor.py:914} INFO - Processing file /home/airflow/.local/lib/python3.12/site-packages/airflow/example_dags/example_outlet_event_extra.py for tasks to queue
[2025-03-04T06:56:25.761+0000] {logging_mixin.py:190} INFO - [2025-03-04T06:56:25.761+0000] {dagbag.py:588} INFO - Filling up the DagBag from /home/airflow/.local/lib/python3.12/site-packages/airflow/example_dags/example_outlet_event_extra.py
[2025-03-04T06:56:26.369+0000] {processor.py:925} INFO - DAG(s) 'dataset_with_extra_by_yield', 'dataset_with_extra_by_context', 'dataset_with_extra_from_classic_operator' retrieved from /home/airflow/.local/lib/python3.12/site-packages/airflow/example_dags/example_outlet_event_extra.py
[2025-03-04T06:56:26.396+0000] {logging_mixin.py:190} INFO - [2025-03-04T06:56:26.396+0000] {dag.py:3239} INFO - Sync 3 DAGs
[2025-03-04T06:56:26.423+0000] {logging_mixin.py:190} INFO - [2025-03-04T06:56:26.423+0000] {dag.py:4180} INFO - Setting next_dagrun for dataset_with_extra_by_context to 2025-03-03 00:00:00+00:00, run_after=2025-03-04 00:00:00+00:00
[2025-03-04T06:56:26.433+0000] {logging_mixin.py:190} INFO - [2025-03-04T06:56:26.433+0000] {dag.py:4180} INFO - Setting next_dagrun for dataset_with_extra_by_yield to 2025-03-03 00:00:00+00:00, run_after=2025-03-04 00:00:00+00:00
[2025-03-04T06:56:26.437+0000] {logging_mixin.py:190} INFO - [2025-03-04T06:56:26.437+0000] {dag.py:4180} INFO - Setting next_dagrun for dataset_with_extra_from_classic_operator to 2025-03-03 00:00:00+00:00, run_after=2025-03-04 00:00:00+00:00
[2025-03-04T06:56:26.459+0000] {processor.py:208} INFO - Processing /home/airflow/.local/lib/python3.12/site-packages/airflow/example_dags/example_outlet_event_extra.py took 0.709 seconds
[2025-03-04T06:56:57.361+0000] {processor.py:186} INFO - Started process (PID=580) to work on /home/airflow/.local/lib/python3.12/site-packages/airflow/example_dags/example_outlet_event_extra.py
[2025-03-04T06:56:57.362+0000] {processor.py:914} INFO - Processing file /home/airflow/.local/lib/python3.12/site-packages/airflow/example_dags/example_outlet_event_extra.py for tasks to queue
[2025-03-04T06:56:57.364+0000] {logging_mixin.py:190} INFO - [2025-03-04T06:56:57.364+0000] {dagbag.py:588} INFO - Filling up the DagBag from /home/airflow/.local/lib/python3.12/site-packages/airflow/example_dags/example_outlet_event_extra.py
[2025-03-04T06:56:57.933+0000] {processor.py:925} INFO - DAG(s) 'dataset_with_extra_by_context', 'dataset_with_extra_by_yield', 'dataset_with_extra_from_classic_operator' retrieved from /home/airflow/.local/lib/python3.12/site-packages/airflow/example_dags/example_outlet_event_extra.py
[2025-03-04T06:56:57.952+0000] {logging_mixin.py:190} INFO - [2025-03-04T06:56:57.952+0000] {dag.py:3239} INFO - Sync 3 DAGs
[2025-03-04T06:56:57.972+0000] {logging_mixin.py:190} INFO - [2025-03-04T06:56:57.972+0000] {dag.py:4180} INFO - Setting next_dagrun for dataset_with_extra_by_context to 2025-03-03 00:00:00+00:00, run_after=2025-03-04 00:00:00+00:00
[2025-03-04T06:56:57.977+0000] {logging_mixin.py:190} INFO - [2025-03-04T06:56:57.977+0000] {dag.py:4180} INFO - Setting next_dagrun for dataset_with_extra_by_yield to 2025-03-03 00:00:00+00:00, run_after=2025-03-04 00:00:00+00:00
[2025-03-04T06:56:57.979+0000] {logging_mixin.py:190} INFO - [2025-03-04T06:56:57.979+0000] {dag.py:4180} INFO - Setting next_dagrun for dataset_with_extra_from_classic_operator to 2025-03-03 00:00:00+00:00, run_after=2025-03-04 00:00:00+00:00
[2025-03-04T06:56:57.995+0000] {processor.py:208} INFO - Processing /home/airflow/.local/lib/python3.12/site-packages/airflow/example_dags/example_outlet_event_extra.py took 0.639 seconds
[2025-03-04T06:57:28.477+0000] {processor.py:186} INFO - Started process (PID=663) to work on /home/airflow/.local/lib/python3.12/site-packages/airflow/example_dags/example_outlet_event_extra.py
[2025-03-04T06:57:28.484+0000] {processor.py:914} INFO - Processing file /home/airflow/.local/lib/python3.12/site-packages/airflow/example_dags/example_outlet_event_extra.py for tasks to queue
[2025-03-04T06:57:28.487+0000] {logging_mixin.py:190} INFO - [2025-03-04T06:57:28.487+0000] {dagbag.py:588} INFO - Filling up the DagBag from /home/airflow/.local/lib/python3.12/site-packages/airflow/example_dags/example_outlet_event_extra.py
[2025-03-04T06:57:28.967+0000] {processor.py:925} INFO - DAG(s) 'dataset_with_extra_by_context', 'dataset_with_extra_from_classic_operator', 'dataset_with_extra_by_yield' retrieved from /home/airflow/.local/lib/python3.12/site-packages/airflow/example_dags/example_outlet_event_extra.py
[2025-03-04T06:57:28.988+0000] {logging_mixin.py:190} INFO - [2025-03-04T06:57:28.988+0000] {dag.py:3239} INFO - Sync 3 DAGs
[2025-03-04T06:57:29.012+0000] {logging_mixin.py:190} INFO - [2025-03-04T06:57:29.012+0000] {dag.py:4180} INFO - Setting next_dagrun for dataset_with_extra_by_context to 2025-03-03 00:00:00+00:00, run_after=2025-03-04 00:00:00+00:00
[2025-03-04T06:57:29.019+0000] {logging_mixin.py:190} INFO - [2025-03-04T06:57:29.019+0000] {dag.py:4180} INFO - Setting next_dagrun for dataset_with_extra_by_yield to 2025-03-03 00:00:00+00:00, run_after=2025-03-04 00:00:00+00:00
[2025-03-04T06:57:29.023+0000] {logging_mixin.py:190} INFO - [2025-03-04T06:57:29.022+0000] {dag.py:4180} INFO - Setting next_dagrun for dataset_with_extra_from_classic_operator to 2025-03-03 00:00:00+00:00, run_after=2025-03-04 00:00:00+00:00
[2025-03-04T06:57:29.042+0000] {processor.py:208} INFO - Processing /home/airflow/.local/lib/python3.12/site-packages/airflow/example_dags/example_outlet_event_extra.py took 0.571 seconds
[2025-03-04T06:57:59.119+0000] {processor.py:186} INFO - Started process (PID=738) to work on /home/airflow/.local/lib/python3.12/site-packages/airflow/example_dags/example_outlet_event_extra.py
[2025-03-04T06:57:59.120+0000] {processor.py:914} INFO - Processing file /home/airflow/.local/lib/python3.12/site-packages/airflow/example_dags/example_outlet_event_extra.py for tasks to queue
[2025-03-04T06:57:59.123+0000] {logging_mixin.py:190} INFO - [2025-03-04T06:57:59.123+0000] {dagbag.py:588} INFO - Filling up the DagBag from /home/airflow/.local/lib/python3.12/site-packages/airflow/example_dags/example_outlet_event_extra.py
[2025-03-04T06:57:59.610+0000] {processor.py:925} INFO - DAG(s) 'dataset_with_extra_from_classic_operator', 'dataset_with_extra_by_yield', 'dataset_with_extra_by_context' retrieved from /home/airflow/.local/lib/python3.12/site-packages/airflow/example_dags/example_outlet_event_extra.py
[2025-03-04T06:57:59.629+0000] {logging_mixin.py:190} INFO - [2025-03-04T06:57:59.629+0000] {dag.py:3239} INFO - Sync 3 DAGs
[2025-03-04T06:57:59.648+0000] {logging_mixin.py:190} INFO - [2025-03-04T06:57:59.648+0000] {dag.py:4180} INFO - Setting next_dagrun for dataset_with_extra_by_context to 2025-03-03 00:00:00+00:00, run_after=2025-03-04 00:00:00+00:00
[2025-03-04T06:57:59.653+0000] {logging_mixin.py:190} INFO - [2025-03-04T06:57:59.653+0000] {dag.py:4180} INFO - Setting next_dagrun for dataset_with_extra_by_yield to 2025-03-03 00:00:00+00:00, run_after=2025-03-04 00:00:00+00:00
[2025-03-04T06:57:59.655+0000] {logging_mixin.py:190} INFO - [2025-03-04T06:57:59.655+0000] {dag.py:4180} INFO - Setting next_dagrun for dataset_with_extra_from_classic_operator to 2025-03-03 00:00:00+00:00, run_after=2025-03-04 00:00:00+00:00
[2025-03-04T06:57:59.673+0000] {processor.py:208} INFO - Processing /home/airflow/.local/lib/python3.12/site-packages/airflow/example_dags/example_outlet_event_extra.py took 0.559 seconds
[2025-03-04T06:58:30.235+0000] {processor.py:186} INFO - Started process (PID=820) to work on /home/airflow/.local/lib/python3.12/site-packages/airflow/example_dags/example_outlet_event_extra.py
[2025-03-04T06:58:30.237+0000] {processor.py:914} INFO - Processing file /home/airflow/.local/lib/python3.12/site-packages/airflow/example_dags/example_outlet_event_extra.py for tasks to queue
[2025-03-04T06:58:30.242+0000] {logging_mixin.py:190} INFO - [2025-03-04T06:58:30.241+0000] {dagbag.py:588} INFO - Filling up the DagBag from /home/airflow/.local/lib/python3.12/site-packages/airflow/example_dags/example_outlet_event_extra.py
[2025-03-04T06:58:30.878+0000] {processor.py:925} INFO - DAG(s) 'dataset_with_extra_from_classic_operator', 'dataset_with_extra_by_yield', 'dataset_with_extra_by_context' retrieved from /home/airflow/.local/lib/python3.12/site-packages/airflow/example_dags/example_outlet_event_extra.py
[2025-03-04T06:58:30.902+0000] {logging_mixin.py:190} INFO - [2025-03-04T06:58:30.902+0000] {dag.py:3239} INFO - Sync 3 DAGs
[2025-03-04T06:58:30.928+0000] {logging_mixin.py:190} INFO - [2025-03-04T06:58:30.928+0000] {dag.py:4180} INFO - Setting next_dagrun for dataset_with_extra_by_context to 2025-03-03 00:00:00+00:00, run_after=2025-03-04 00:00:00+00:00
[2025-03-04T06:58:30.934+0000] {logging_mixin.py:190} INFO - [2025-03-04T06:58:30.933+0000] {dag.py:4180} INFO - Setting next_dagrun for dataset_with_extra_by_yield to 2025-03-03 00:00:00+00:00, run_after=2025-03-04 00:00:00+00:00
[2025-03-04T06:58:30.937+0000] {logging_mixin.py:190} INFO - [2025-03-04T06:58:30.936+0000] {dag.py:4180} INFO - Setting next_dagrun for dataset_with_extra_from_classic_operator to 2025-03-03 00:00:00+00:00, run_after=2025-03-04 00:00:00+00:00
[2025-03-04T06:58:30.959+0000] {processor.py:208} INFO - Processing /home/airflow/.local/lib/python3.12/site-packages/airflow/example_dags/example_outlet_event_extra.py took 0.731 seconds
[2025-03-04T06:59:01.270+0000] {processor.py:186} INFO - Started process (PID=899) to work on /home/airflow/.local/lib/python3.12/site-packages/airflow/example_dags/example_outlet_event_extra.py
[2025-03-04T06:59:01.271+0000] {processor.py:914} INFO - Processing file /home/airflow/.local/lib/python3.12/site-packages/airflow/example_dags/example_outlet_event_extra.py for tasks to queue
[2025-03-04T06:59:01.273+0000] {logging_mixin.py:190} INFO - [2025-03-04T06:59:01.273+0000] {dagbag.py:588} INFO - Filling up the DagBag from /home/airflow/.local/lib/python3.12/site-packages/airflow/example_dags/example_outlet_event_extra.py
[2025-03-04T06:59:01.768+0000] {processor.py:925} INFO - DAG(s) 'dataset_with_extra_from_classic_operator', 'dataset_with_extra_by_context', 'dataset_with_extra_by_yield' retrieved from /home/airflow/.local/lib/python3.12/site-packages/airflow/example_dags/example_outlet_event_extra.py
[2025-03-04T06:59:01.792+0000] {logging_mixin.py:190} INFO - [2025-03-04T06:59:01.791+0000] {dag.py:3239} INFO - Sync 3 DAGs
[2025-03-04T06:59:01.821+0000] {logging_mixin.py:190} INFO - [2025-03-04T06:59:01.821+0000] {dag.py:4180} INFO - Setting next_dagrun for dataset_with_extra_by_context to 2025-03-03 00:00:00+00:00, run_after=2025-03-04 00:00:00+00:00
[2025-03-04T06:59:01.829+0000] {logging_mixin.py:190} INFO - [2025-03-04T06:59:01.829+0000] {dag.py:4180} INFO - Setting next_dagrun for dataset_with_extra_by_yield to 2025-03-03 00:00:00+00:00, run_after=2025-03-04 00:00:00+00:00
[2025-03-04T06:59:01.837+0000] {logging_mixin.py:190} INFO - [2025-03-04T06:59:01.837+0000] {dag.py:4180} INFO - Setting next_dagrun for dataset_with_extra_from_classic_operator to 2025-03-03 00:00:00+00:00, run_after=2025-03-04 00:00:00+00:00
[2025-03-04T06:59:01.860+0000] {processor.py:208} INFO - Processing /home/airflow/.local/lib/python3.12/site-packages/airflow/example_dags/example_outlet_event_extra.py took 0.595 seconds
[2025-03-04T06:59:32.018+0000] {processor.py:186} INFO - Started process (PID=974) to work on /home/airflow/.local/lib/python3.12/site-packages/airflow/example_dags/example_outlet_event_extra.py
[2025-03-04T06:59:32.020+0000] {processor.py:914} INFO - Processing file /home/airflow/.local/lib/python3.12/site-packages/airflow/example_dags/example_outlet_event_extra.py for tasks to queue
[2025-03-04T06:59:32.023+0000] {logging_mixin.py:190} INFO - [2025-03-04T06:59:32.023+0000] {dagbag.py:588} INFO - Filling up the DagBag from /home/airflow/.local/lib/python3.12/site-packages/airflow/example_dags/example_outlet_event_extra.py
[2025-03-04T06:59:32.511+0000] {processor.py:925} INFO - DAG(s) 'dataset_with_extra_from_classic_operator', 'dataset_with_extra_by_context', 'dataset_with_extra_by_yield' retrieved from /home/airflow/.local/lib/python3.12/site-packages/airflow/example_dags/example_outlet_event_extra.py
[2025-03-04T06:59:32.532+0000] {logging_mixin.py:190} INFO - [2025-03-04T06:59:32.532+0000] {dag.py:3239} INFO - Sync 3 DAGs
[2025-03-04T06:59:32.552+0000] {logging_mixin.py:190} INFO - [2025-03-04T06:59:32.552+0000] {dag.py:4180} INFO - Setting next_dagrun for dataset_with_extra_by_context to 2025-03-03 00:00:00+00:00, run_after=2025-03-04 00:00:00+00:00
[2025-03-04T06:59:32.556+0000] {logging_mixin.py:190} INFO - [2025-03-04T06:59:32.556+0000] {dag.py:4180} INFO - Setting next_dagrun for dataset_with_extra_by_yield to 2025-03-03 00:00:00+00:00, run_after=2025-03-04 00:00:00+00:00
[2025-03-04T06:59:32.558+0000] {logging_mixin.py:190} INFO - [2025-03-04T06:59:32.558+0000] {dag.py:4180} INFO - Setting next_dagrun for dataset_with_extra_from_classic_operator to 2025-03-03 00:00:00+00:00, run_after=2025-03-04 00:00:00+00:00
[2025-03-04T06:59:32.576+0000] {processor.py:208} INFO - Processing /home/airflow/.local/lib/python3.12/site-packages/airflow/example_dags/example_outlet_event_extra.py took 0.563 seconds
[2025-03-04T07:00:03.058+0000] {processor.py:186} INFO - Started process (PID=1058) to work on /home/airflow/.local/lib/python3.12/site-packages/airflow/example_dags/example_outlet_event_extra.py
[2025-03-04T07:00:03.059+0000] {processor.py:914} INFO - Processing file /home/airflow/.local/lib/python3.12/site-packages/airflow/example_dags/example_outlet_event_extra.py for tasks to queue
[2025-03-04T07:00:03.062+0000] {logging_mixin.py:190} INFO - [2025-03-04T07:00:03.061+0000] {dagbag.py:588} INFO - Filling up the DagBag from /home/airflow/.local/lib/python3.12/site-packages/airflow/example_dags/example_outlet_event_extra.py
[2025-03-04T07:00:03.539+0000] {processor.py:925} INFO - DAG(s) 'dataset_with_extra_by_yield', 'dataset_with_extra_from_classic_operator', 'dataset_with_extra_by_context' retrieved from /home/airflow/.local/lib/python3.12/site-packages/airflow/example_dags/example_outlet_event_extra.py
[2025-03-04T07:00:03.573+0000] {logging_mixin.py:190} INFO - [2025-03-04T07:00:03.573+0000] {dag.py:3239} INFO - Sync 3 DAGs
[2025-03-04T07:00:03.598+0000] {logging_mixin.py:190} INFO - [2025-03-04T07:00:03.598+0000] {dag.py:4180} INFO - Setting next_dagrun for dataset_with_extra_by_context to 2025-03-03 00:00:00+00:00, run_after=2025-03-04 00:00:00+00:00
[2025-03-04T07:00:03.603+0000] {logging_mixin.py:190} INFO - [2025-03-04T07:00:03.603+0000] {dag.py:4180} INFO - Setting next_dagrun for dataset_with_extra_by_yield to 2025-03-03 00:00:00+00:00, run_after=2025-03-04 00:00:00+00:00
[2025-03-04T07:00:03.606+0000] {logging_mixin.py:190} INFO - [2025-03-04T07:00:03.606+0000] {dag.py:4180} INFO - Setting next_dagrun for dataset_with_extra_from_classic_operator to 2025-03-03 00:00:00+00:00, run_after=2025-03-04 00:00:00+00:00
[2025-03-04T07:00:03.630+0000] {processor.py:208} INFO - Processing /home/airflow/.local/lib/python3.12/site-packages/airflow/example_dags/example_outlet_event_extra.py took 0.576 seconds
[2025-03-04T07:00:34.276+0000] {processor.py:186} INFO - Started process (PID=1136) to work on /home/airflow/.local/lib/python3.12/site-packages/airflow/example_dags/example_outlet_event_extra.py
[2025-03-04T07:00:34.279+0000] {processor.py:914} INFO - Processing file /home/airflow/.local/lib/python3.12/site-packages/airflow/example_dags/example_outlet_event_extra.py for tasks to queue
[2025-03-04T07:00:34.281+0000] {logging_mixin.py:190} INFO - [2025-03-04T07:00:34.281+0000] {dagbag.py:588} INFO - Filling up the DagBag from /home/airflow/.local/lib/python3.12/site-packages/airflow/example_dags/example_outlet_event_extra.py
[2025-03-04T07:00:34.824+0000] {processor.py:925} INFO - DAG(s) 'dataset_with_extra_by_context', 'dataset_with_extra_by_yield', 'dataset_with_extra_from_classic_operator' retrieved from /home/airflow/.local/lib/python3.12/site-packages/airflow/example_dags/example_outlet_event_extra.py
[2025-03-04T07:00:34.845+0000] {logging_mixin.py:190} INFO - [2025-03-04T07:00:34.845+0000] {dag.py:3239} INFO - Sync 3 DAGs
[2025-03-04T07:00:34.870+0000] {logging_mixin.py:190} INFO - [2025-03-04T07:00:34.870+0000] {dag.py:4180} INFO - Setting next_dagrun for dataset_with_extra_by_context to 2025-03-03 00:00:00+00:00, run_after=2025-03-04 00:00:00+00:00
[2025-03-04T07:00:34.874+0000] {logging_mixin.py:190} INFO - [2025-03-04T07:00:34.874+0000] {dag.py:4180} INFO - Setting next_dagrun for dataset_with_extra_by_yield to 2025-03-03 00:00:00+00:00, run_after=2025-03-04 00:00:00+00:00
[2025-03-04T07:00:34.877+0000] {logging_mixin.py:190} INFO - [2025-03-04T07:00:34.877+0000] {dag.py:4180} INFO - Setting next_dagrun for dataset_with_extra_from_classic_operator to 2025-03-03 00:00:00+00:00, run_after=2025-03-04 00:00:00+00:00
[2025-03-04T07:00:34.896+0000] {processor.py:208} INFO - Processing /home/airflow/.local/lib/python3.12/site-packages/airflow/example_dags/example_outlet_event_extra.py took 0.625 seconds
[2025-03-04T07:01:05.087+0000] {processor.py:186} INFO - Started process (PID=1226) to work on /home/airflow/.local/lib/python3.12/site-packages/airflow/example_dags/example_outlet_event_extra.py
[2025-03-04T07:01:05.088+0000] {processor.py:914} INFO - Processing file /home/airflow/.local/lib/python3.12/site-packages/airflow/example_dags/example_outlet_event_extra.py for tasks to queue
[2025-03-04T07:01:05.090+0000] {logging_mixin.py:190} INFO - [2025-03-04T07:01:05.090+0000] {dagbag.py:588} INFO - Filling up the DagBag from /home/airflow/.local/lib/python3.12/site-packages/airflow/example_dags/example_outlet_event_extra.py
[2025-03-04T07:01:05.605+0000] {processor.py:925} INFO - DAG(s) 'dataset_with_extra_by_context', 'dataset_with_extra_from_classic_operator', 'dataset_with_extra_by_yield' retrieved from /home/airflow/.local/lib/python3.12/site-packages/airflow/example_dags/example_outlet_event_extra.py
[2025-03-04T07:01:05.635+0000] {logging_mixin.py:190} INFO - [2025-03-04T07:01:05.635+0000] {dag.py:3239} INFO - Sync 3 DAGs
[2025-03-04T07:01:05.662+0000] {logging_mixin.py:190} INFO - [2025-03-04T07:01:05.661+0000] {dag.py:4180} INFO - Setting next_dagrun for dataset_with_extra_by_context to 2025-03-03 00:00:00+00:00, run_after=2025-03-04 00:00:00+00:00
[2025-03-04T07:01:05.666+0000] {logging_mixin.py:190} INFO - [2025-03-04T07:01:05.666+0000] {dag.py:4180} INFO - Setting next_dagrun for dataset_with_extra_by_yield to 2025-03-03 00:00:00+00:00, run_after=2025-03-04 00:00:00+00:00
[2025-03-04T07:01:05.669+0000] {logging_mixin.py:190} INFO - [2025-03-04T07:01:05.669+0000] {dag.py:4180} INFO - Setting next_dagrun for dataset_with_extra_from_classic_operator to 2025-03-03 00:00:00+00:00, run_after=2025-03-04 00:00:00+00:00
[2025-03-04T07:01:05.690+0000] {processor.py:208} INFO - Processing /home/airflow/.local/lib/python3.12/site-packages/airflow/example_dags/example_outlet_event_extra.py took 0.608 seconds
[2025-03-04T07:01:35.858+0000] {processor.py:186} INFO - Started process (PID=1306) to work on /home/airflow/.local/lib/python3.12/site-packages/airflow/example_dags/example_outlet_event_extra.py
[2025-03-04T07:01:35.862+0000] {processor.py:914} INFO - Processing file /home/airflow/.local/lib/python3.12/site-packages/airflow/example_dags/example_outlet_event_extra.py for tasks to queue
[2025-03-04T07:01:35.863+0000] {logging_mixin.py:190} INFO - [2025-03-04T07:01:35.863+0000] {dagbag.py:588} INFO - Filling up the DagBag from /home/airflow/.local/lib/python3.12/site-packages/airflow/example_dags/example_outlet_event_extra.py
[2025-03-04T07:01:36.440+0000] {processor.py:925} INFO - DAG(s) 'dataset_with_extra_by_context', 'dataset_with_extra_from_classic_operator', 'dataset_with_extra_by_yield' retrieved from /home/airflow/.local/lib/python3.12/site-packages/airflow/example_dags/example_outlet_event_extra.py
[2025-03-04T07:01:36.472+0000] {logging_mixin.py:190} INFO - [2025-03-04T07:01:36.472+0000] {dag.py:3239} INFO - Sync 3 DAGs
[2025-03-04T07:01:36.501+0000] {logging_mixin.py:190} INFO - [2025-03-04T07:01:36.500+0000] {dag.py:4180} INFO - Setting next_dagrun for dataset_with_extra_by_context to 2025-03-03 00:00:00+00:00, run_after=2025-03-04 00:00:00+00:00
[2025-03-04T07:01:36.506+0000] {logging_mixin.py:190} INFO - [2025-03-04T07:01:36.506+0000] {dag.py:4180} INFO - Setting next_dagrun for dataset_with_extra_by_yield to 2025-03-03 00:00:00+00:00, run_after=2025-03-04 00:00:00+00:00
[2025-03-04T07:01:36.509+0000] {logging_mixin.py:190} INFO - [2025-03-04T07:01:36.509+0000] {dag.py:4180} INFO - Setting next_dagrun for dataset_with_extra_from_classic_operator to 2025-03-03 00:00:00+00:00, run_after=2025-03-04 00:00:00+00:00
[2025-03-04T07:01:36.528+0000] {processor.py:208} INFO - Processing /home/airflow/.local/lib/python3.12/site-packages/airflow/example_dags/example_outlet_event_extra.py took 0.676 seconds
[2025-03-04T07:02:06.717+0000] {processor.py:186} INFO - Started process (PID=1388) to work on /home/airflow/.local/lib/python3.12/site-packages/airflow/example_dags/example_outlet_event_extra.py
[2025-03-04T07:02:06.718+0000] {processor.py:914} INFO - Processing file /home/airflow/.local/lib/python3.12/site-packages/airflow/example_dags/example_outlet_event_extra.py for tasks to queue
[2025-03-04T07:02:06.719+0000] {logging_mixin.py:190} INFO - [2025-03-04T07:02:06.719+0000] {dagbag.py:588} INFO - Filling up the DagBag from /home/airflow/.local/lib/python3.12/site-packages/airflow/example_dags/example_outlet_event_extra.py
[2025-03-04T07:02:07.177+0000] {processor.py:925} INFO - DAG(s) 'dataset_with_extra_by_context', 'dataset_with_extra_by_yield', 'dataset_with_extra_from_classic_operator' retrieved from /home/airflow/.local/lib/python3.12/site-packages/airflow/example_dags/example_outlet_event_extra.py
[2025-03-04T07:02:07.199+0000] {logging_mixin.py:190} INFO - [2025-03-04T07:02:07.199+0000] {dag.py:3239} INFO - Sync 3 DAGs
[2025-03-04T07:02:07.218+0000] {logging_mixin.py:190} INFO - [2025-03-04T07:02:07.218+0000] {dag.py:4180} INFO - Setting next_dagrun for dataset_with_extra_by_context to 2025-03-03 00:00:00+00:00, run_after=2025-03-04 00:00:00+00:00
[2025-03-04T07:02:07.222+0000] {logging_mixin.py:190} INFO - [2025-03-04T07:02:07.222+0000] {dag.py:4180} INFO - Setting next_dagrun for dataset_with_extra_by_yield to 2025-03-03 00:00:00+00:00, run_after=2025-03-04 00:00:00+00:00
[2025-03-04T07:02:07.224+0000] {logging_mixin.py:190} INFO - [2025-03-04T07:02:07.224+0000] {dag.py:4180} INFO - Setting next_dagrun for dataset_with_extra_from_classic_operator to 2025-03-03 00:00:00+00:00, run_after=2025-03-04 00:00:00+00:00
[2025-03-04T07:02:07.242+0000] {processor.py:208} INFO - Processing /home/airflow/.local/lib/python3.12/site-packages/airflow/example_dags/example_outlet_event_extra.py took 0.530 seconds
[2025-03-04T07:02:38.005+0000] {processor.py:186} INFO - Started process (PID=1468) to work on /home/airflow/.local/lib/python3.12/site-packages/airflow/example_dags/example_outlet_event_extra.py
[2025-03-04T07:02:38.010+0000] {processor.py:914} INFO - Processing file /home/airflow/.local/lib/python3.12/site-packages/airflow/example_dags/example_outlet_event_extra.py for tasks to queue
[2025-03-04T07:02:38.016+0000] {logging_mixin.py:190} INFO - [2025-03-04T07:02:38.014+0000] {dagbag.py:588} INFO - Filling up the DagBag from /home/airflow/.local/lib/python3.12/site-packages/airflow/example_dags/example_outlet_event_extra.py
[2025-03-04T07:02:38.852+0000] {processor.py:925} INFO - DAG(s) 'dataset_with_extra_by_context', 'dataset_with_extra_by_yield', 'dataset_with_extra_from_classic_operator' retrieved from /home/airflow/.local/lib/python3.12/site-packages/airflow/example_dags/example_outlet_event_extra.py
[2025-03-04T07:02:38.896+0000] {logging_mixin.py:190} INFO - [2025-03-04T07:02:38.896+0000] {dag.py:3239} INFO - Sync 3 DAGs
[2025-03-04T07:02:38.933+0000] {logging_mixin.py:190} INFO - [2025-03-04T07:02:38.932+0000] {dag.py:4180} INFO - Setting next_dagrun for dataset_with_extra_by_context to 2025-03-03 00:00:00+00:00, run_after=2025-03-04 00:00:00+00:00
[2025-03-04T07:02:38.939+0000] {logging_mixin.py:190} INFO - [2025-03-04T07:02:38.938+0000] {dag.py:4180} INFO - Setting next_dagrun for dataset_with_extra_by_yield to 2025-03-03 00:00:00+00:00, run_after=2025-03-04 00:00:00+00:00
[2025-03-04T07:02:38.941+0000] {logging_mixin.py:190} INFO - [2025-03-04T07:02:38.941+0000] {dag.py:4180} INFO - Setting next_dagrun for dataset_with_extra_from_classic_operator to 2025-03-03 00:00:00+00:00, run_after=2025-03-04 00:00:00+00:00
[2025-03-04T07:02:38.967+0000] {processor.py:208} INFO - Processing /home/airflow/.local/lib/python3.12/site-packages/airflow/example_dags/example_outlet_event_extra.py took 0.975 seconds
[2025-03-04T07:03:09.634+0000] {processor.py:186} INFO - Started process (PID=1551) to work on /home/airflow/.local/lib/python3.12/site-packages/airflow/example_dags/example_outlet_event_extra.py
[2025-03-04T07:03:09.636+0000] {processor.py:914} INFO - Processing file /home/airflow/.local/lib/python3.12/site-packages/airflow/example_dags/example_outlet_event_extra.py for tasks to queue
[2025-03-04T07:03:09.638+0000] {logging_mixin.py:190} INFO - [2025-03-04T07:03:09.638+0000] {dagbag.py:588} INFO - Filling up the DagBag from /home/airflow/.local/lib/python3.12/site-packages/airflow/example_dags/example_outlet_event_extra.py
[2025-03-04T07:03:10.101+0000] {processor.py:925} INFO - DAG(s) 'dataset_with_extra_by_yield', 'dataset_with_extra_by_context', 'dataset_with_extra_from_classic_operator' retrieved from /home/airflow/.local/lib/python3.12/site-packages/airflow/example_dags/example_outlet_event_extra.py
[2025-03-04T07:03:10.121+0000] {logging_mixin.py:190} INFO - [2025-03-04T07:03:10.121+0000] {dag.py:3239} INFO - Sync 3 DAGs
[2025-03-04T07:03:10.139+0000] {logging_mixin.py:190} INFO - [2025-03-04T07:03:10.139+0000] {dag.py:4180} INFO - Setting next_dagrun for dataset_with_extra_by_context to 2025-03-03 00:00:00+00:00, run_after=2025-03-04 00:00:00+00:00
[2025-03-04T07:03:10.143+0000] {logging_mixin.py:190} INFO - [2025-03-04T07:03:10.142+0000] {dag.py:4180} INFO - Setting next_dagrun for dataset_with_extra_by_yield to 2025-03-03 00:00:00+00:00, run_after=2025-03-04 00:00:00+00:00
[2025-03-04T07:03:10.145+0000] {logging_mixin.py:190} INFO - [2025-03-04T07:03:10.145+0000] {dag.py:4180} INFO - Setting next_dagrun for dataset_with_extra_from_classic_operator to 2025-03-03 00:00:00+00:00, run_after=2025-03-04 00:00:00+00:00
[2025-03-04T07:03:10.162+0000] {processor.py:208} INFO - Processing /home/airflow/.local/lib/python3.12/site-packages/airflow/example_dags/example_outlet_event_extra.py took 0.535 seconds
[2025-03-04T07:03:40.289+0000] {processor.py:186} INFO - Started process (PID=1626) to work on /home/airflow/.local/lib/python3.12/site-packages/airflow/example_dags/example_outlet_event_extra.py
[2025-03-04T07:03:40.295+0000] {processor.py:914} INFO - Processing file /home/airflow/.local/lib/python3.12/site-packages/airflow/example_dags/example_outlet_event_extra.py for tasks to queue
[2025-03-04T07:03:40.301+0000] {logging_mixin.py:190} INFO - [2025-03-04T07:03:40.300+0000] {dagbag.py:588} INFO - Filling up the DagBag from /home/airflow/.local/lib/python3.12/site-packages/airflow/example_dags/example_outlet_event_extra.py
[2025-03-04T07:03:40.867+0000] {processor.py:925} INFO - DAG(s) 'dataset_with_extra_by_yield', 'dataset_with_extra_by_context', 'dataset_with_extra_from_classic_operator' retrieved from /home/airflow/.local/lib/python3.12/site-packages/airflow/example_dags/example_outlet_event_extra.py
[2025-03-04T07:03:40.885+0000] {logging_mixin.py:190} INFO - [2025-03-04T07:03:40.885+0000] {dag.py:3239} INFO - Sync 3 DAGs
[2025-03-04T07:03:40.902+0000] {logging_mixin.py:190} INFO - [2025-03-04T07:03:40.902+0000] {dag.py:4180} INFO - Setting next_dagrun for dataset_with_extra_by_context to 2025-03-03 00:00:00+00:00, run_after=2025-03-04 00:00:00+00:00
[2025-03-04T07:03:40.915+0000] {logging_mixin.py:190} INFO - [2025-03-04T07:03:40.915+0000] {dag.py:4180} INFO - Setting next_dagrun for dataset_with_extra_by_yield to 2025-03-03 00:00:00+00:00, run_after=2025-03-04 00:00:00+00:00
[2025-03-04T07:03:40.917+0000] {logging_mixin.py:190} INFO - [2025-03-04T07:03:40.917+0000] {dag.py:4180} INFO - Setting next_dagrun for dataset_with_extra_from_classic_operator to 2025-03-03 00:00:00+00:00, run_after=2025-03-04 00:00:00+00:00
[2025-03-04T07:03:40.936+0000] {processor.py:208} INFO - Processing /home/airflow/.local/lib/python3.12/site-packages/airflow/example_dags/example_outlet_event_extra.py took 0.654 seconds
[2025-03-04T07:04:11.616+0000] {processor.py:186} INFO - Started process (PID=1709) to work on /home/airflow/.local/lib/python3.12/site-packages/airflow/example_dags/example_outlet_event_extra.py
[2025-03-04T07:04:11.617+0000] {processor.py:914} INFO - Processing file /home/airflow/.local/lib/python3.12/site-packages/airflow/example_dags/example_outlet_event_extra.py for tasks to queue
[2025-03-04T07:04:11.618+0000] {logging_mixin.py:190} INFO - [2025-03-04T07:04:11.618+0000] {dagbag.py:588} INFO - Filling up the DagBag from /home/airflow/.local/lib/python3.12/site-packages/airflow/example_dags/example_outlet_event_extra.py
[2025-03-04T07:04:12.090+0000] {processor.py:925} INFO - DAG(s) 'dataset_with_extra_by_yield', 'dataset_with_extra_from_classic_operator', 'dataset_with_extra_by_context' retrieved from /home/airflow/.local/lib/python3.12/site-packages/airflow/example_dags/example_outlet_event_extra.py
[2025-03-04T07:04:12.108+0000] {logging_mixin.py:190} INFO - [2025-03-04T07:04:12.108+0000] {dag.py:3239} INFO - Sync 3 DAGs
[2025-03-04T07:04:12.131+0000] {logging_mixin.py:190} INFO - [2025-03-04T07:04:12.131+0000] {dag.py:4180} INFO - Setting next_dagrun for dataset_with_extra_by_context to 2025-03-03 00:00:00+00:00, run_after=2025-03-04 00:00:00+00:00
[2025-03-04T07:04:12.135+0000] {logging_mixin.py:190} INFO - [2025-03-04T07:04:12.135+0000] {dag.py:4180} INFO - Setting next_dagrun for dataset_with_extra_by_yield to 2025-03-03 00:00:00+00:00, run_after=2025-03-04 00:00:00+00:00
[2025-03-04T07:04:12.137+0000] {logging_mixin.py:190} INFO - [2025-03-04T07:04:12.137+0000] {dag.py:4180} INFO - Setting next_dagrun for dataset_with_extra_from_classic_operator to 2025-03-03 00:00:00+00:00, run_after=2025-03-04 00:00:00+00:00
[2025-03-04T07:04:12.154+0000] {processor.py:208} INFO - Processing /home/airflow/.local/lib/python3.12/site-packages/airflow/example_dags/example_outlet_event_extra.py took 0.544 seconds
[2025-03-04T07:04:42.463+0000] {processor.py:186} INFO - Started process (PID=1784) to work on /home/airflow/.local/lib/python3.12/site-packages/airflow/example_dags/example_outlet_event_extra.py
[2025-03-04T07:04:42.465+0000] {processor.py:914} INFO - Processing file /home/airflow/.local/lib/python3.12/site-packages/airflow/example_dags/example_outlet_event_extra.py for tasks to queue
[2025-03-04T07:04:42.467+0000] {logging_mixin.py:190} INFO - [2025-03-04T07:04:42.466+0000] {dagbag.py:588} INFO - Filling up the DagBag from /home/airflow/.local/lib/python3.12/site-packages/airflow/example_dags/example_outlet_event_extra.py
[2025-03-04T07:04:42.924+0000] {processor.py:925} INFO - DAG(s) 'dataset_with_extra_from_classic_operator', 'dataset_with_extra_by_yield', 'dataset_with_extra_by_context' retrieved from /home/airflow/.local/lib/python3.12/site-packages/airflow/example_dags/example_outlet_event_extra.py
[2025-03-04T07:04:42.946+0000] {logging_mixin.py:190} INFO - [2025-03-04T07:04:42.946+0000] {dag.py:3239} INFO - Sync 3 DAGs
[2025-03-04T07:04:42.969+0000] {logging_mixin.py:190} INFO - [2025-03-04T07:04:42.968+0000] {dag.py:4180} INFO - Setting next_dagrun for dataset_with_extra_by_context to 2025-03-03 00:00:00+00:00, run_after=2025-03-04 00:00:00+00:00
[2025-03-04T07:04:42.974+0000] {logging_mixin.py:190} INFO - [2025-03-04T07:04:42.973+0000] {dag.py:4180} INFO - Setting next_dagrun for dataset_with_extra_by_yield to 2025-03-03 00:00:00+00:00, run_after=2025-03-04 00:00:00+00:00
[2025-03-04T07:04:42.976+0000] {logging_mixin.py:190} INFO - [2025-03-04T07:04:42.976+0000] {dag.py:4180} INFO - Setting next_dagrun for dataset_with_extra_from_classic_operator to 2025-03-03 00:00:00+00:00, run_after=2025-03-04 00:00:00+00:00
[2025-03-04T07:04:42.999+0000] {processor.py:208} INFO - Processing /home/airflow/.local/lib/python3.12/site-packages/airflow/example_dags/example_outlet_event_extra.py took 0.540 seconds
[2025-03-04T07:05:13.128+0000] {processor.py:186} INFO - Started process (PID=1866) to work on /home/airflow/.local/lib/python3.12/site-packages/airflow/example_dags/example_outlet_event_extra.py
[2025-03-04T07:05:13.130+0000] {processor.py:914} INFO - Processing file /home/airflow/.local/lib/python3.12/site-packages/airflow/example_dags/example_outlet_event_extra.py for tasks to queue
[2025-03-04T07:05:13.134+0000] {logging_mixin.py:190} INFO - [2025-03-04T07:05:13.133+0000] {dagbag.py:588} INFO - Filling up the DagBag from /home/airflow/.local/lib/python3.12/site-packages/airflow/example_dags/example_outlet_event_extra.py
[2025-03-04T07:05:13.678+0000] {processor.py:925} INFO - DAG(s) 'dataset_with_extra_by_yield', 'dataset_with_extra_from_classic_operator', 'dataset_with_extra_by_context' retrieved from /home/airflow/.local/lib/python3.12/site-packages/airflow/example_dags/example_outlet_event_extra.py
[2025-03-04T07:05:13.695+0000] {logging_mixin.py:190} INFO - [2025-03-04T07:05:13.695+0000] {dag.py:3239} INFO - Sync 3 DAGs
[2025-03-04T07:05:13.712+0000] {logging_mixin.py:190} INFO - [2025-03-04T07:05:13.711+0000] {dag.py:4180} INFO - Setting next_dagrun for dataset_with_extra_by_context to 2025-03-03 00:00:00+00:00, run_after=2025-03-04 00:00:00+00:00
[2025-03-04T07:05:13.716+0000] {logging_mixin.py:190} INFO - [2025-03-04T07:05:13.716+0000] {dag.py:4180} INFO - Setting next_dagrun for dataset_with_extra_by_yield to 2025-03-03 00:00:00+00:00, run_after=2025-03-04 00:00:00+00:00
[2025-03-04T07:05:13.718+0000] {logging_mixin.py:190} INFO - [2025-03-04T07:05:13.718+0000] {dag.py:4180} INFO - Setting next_dagrun for dataset_with_extra_from_classic_operator to 2025-03-03 00:00:00+00:00, run_after=2025-03-04 00:00:00+00:00
[2025-03-04T07:05:13.733+0000] {processor.py:208} INFO - Processing /home/airflow/.local/lib/python3.12/site-packages/airflow/example_dags/example_outlet_event_extra.py took 0.614 seconds
[2025-03-04T07:05:43.938+0000] {processor.py:186} INFO - Started process (PID=1940) to work on /home/airflow/.local/lib/python3.12/site-packages/airflow/example_dags/example_outlet_event_extra.py
[2025-03-04T07:05:43.940+0000] {processor.py:914} INFO - Processing file /home/airflow/.local/lib/python3.12/site-packages/airflow/example_dags/example_outlet_event_extra.py for tasks to queue
[2025-03-04T07:05:43.941+0000] {logging_mixin.py:190} INFO - [2025-03-04T07:05:43.941+0000] {dagbag.py:588} INFO - Filling up the DagBag from /home/airflow/.local/lib/python3.12/site-packages/airflow/example_dags/example_outlet_event_extra.py
[2025-03-04T07:05:44.373+0000] {processor.py:925} INFO - DAG(s) 'dataset_with_extra_by_context', 'dataset_with_extra_by_yield', 'dataset_with_extra_from_classic_operator' retrieved from /home/airflow/.local/lib/python3.12/site-packages/airflow/example_dags/example_outlet_event_extra.py
[2025-03-04T07:05:44.392+0000] {logging_mixin.py:190} INFO - [2025-03-04T07:05:44.392+0000] {dag.py:3239} INFO - Sync 3 DAGs
[2025-03-04T07:05:44.409+0000] {logging_mixin.py:190} INFO - [2025-03-04T07:05:44.408+0000] {dag.py:4180} INFO - Setting next_dagrun for dataset_with_extra_by_context to 2025-03-03 00:00:00+00:00, run_after=2025-03-04 00:00:00+00:00
[2025-03-04T07:05:44.412+0000] {logging_mixin.py:190} INFO - [2025-03-04T07:05:44.412+0000] {dag.py:4180} INFO - Setting next_dagrun for dataset_with_extra_by_yield to 2025-03-03 00:00:00+00:00, run_after=2025-03-04 00:00:00+00:00
[2025-03-04T07:05:44.415+0000] {logging_mixin.py:190} INFO - [2025-03-04T07:05:44.415+0000] {dag.py:4180} INFO - Setting next_dagrun for dataset_with_extra_from_classic_operator to 2025-03-03 00:00:00+00:00, run_after=2025-03-04 00:00:00+00:00
[2025-03-04T07:05:44.432+0000] {processor.py:208} INFO - Processing /home/airflow/.local/lib/python3.12/site-packages/airflow/example_dags/example_outlet_event_extra.py took 0.500 seconds
[2025-03-04T07:06:14.998+0000] {processor.py:186} INFO - Started process (PID=2022) to work on /home/airflow/.local/lib/python3.12/site-packages/airflow/example_dags/example_outlet_event_extra.py
[2025-03-04T07:06:15.000+0000] {processor.py:914} INFO - Processing file /home/airflow/.local/lib/python3.12/site-packages/airflow/example_dags/example_outlet_event_extra.py for tasks to queue
[2025-03-04T07:06:15.002+0000] {logging_mixin.py:190} INFO - [2025-03-04T07:06:15.001+0000] {dagbag.py:588} INFO - Filling up the DagBag from /home/airflow/.local/lib/python3.12/site-packages/airflow/example_dags/example_outlet_event_extra.py
[2025-03-04T07:06:15.500+0000] {processor.py:925} INFO - DAG(s) 'dataset_with_extra_by_yield', 'dataset_with_extra_by_context', 'dataset_with_extra_from_classic_operator' retrieved from /home/airflow/.local/lib/python3.12/site-packages/airflow/example_dags/example_outlet_event_extra.py
[2025-03-04T07:06:15.536+0000] {logging_mixin.py:190} INFO - [2025-03-04T07:06:15.536+0000] {dag.py:3239} INFO - Sync 3 DAGs
[2025-03-04T07:06:15.566+0000] {logging_mixin.py:190} INFO - [2025-03-04T07:06:15.566+0000] {dag.py:4180} INFO - Setting next_dagrun for dataset_with_extra_by_context to 2025-03-03 00:00:00+00:00, run_after=2025-03-04 00:00:00+00:00
[2025-03-04T07:06:15.572+0000] {logging_mixin.py:190} INFO - [2025-03-04T07:06:15.572+0000] {dag.py:4180} INFO - Setting next_dagrun for dataset_with_extra_by_yield to 2025-03-03 00:00:00+00:00, run_after=2025-03-04 00:00:00+00:00
[2025-03-04T07:06:15.576+0000] {logging_mixin.py:190} INFO - [2025-03-04T07:06:15.576+0000] {dag.py:4180} INFO - Setting next_dagrun for dataset_with_extra_from_classic_operator to 2025-03-03 00:00:00+00:00, run_after=2025-03-04 00:00:00+00:00
[2025-03-04T07:06:15.602+0000] {processor.py:208} INFO - Processing /home/airflow/.local/lib/python3.12/site-packages/airflow/example_dags/example_outlet_event_extra.py took 0.609 seconds
[2025-03-04T07:06:45.908+0000] {processor.py:186} INFO - Started process (PID=2096) to work on /home/airflow/.local/lib/python3.12/site-packages/airflow/example_dags/example_outlet_event_extra.py
[2025-03-04T07:06:45.909+0000] {processor.py:914} INFO - Processing file /home/airflow/.local/lib/python3.12/site-packages/airflow/example_dags/example_outlet_event_extra.py for tasks to queue
[2025-03-04T07:06:45.911+0000] {logging_mixin.py:190} INFO - [2025-03-04T07:06:45.911+0000] {dagbag.py:588} INFO - Filling up the DagBag from /home/airflow/.local/lib/python3.12/site-packages/airflow/example_dags/example_outlet_event_extra.py
[2025-03-04T07:06:46.341+0000] {processor.py:925} INFO - DAG(s) 'dataset_with_extra_by_yield', 'dataset_with_extra_from_classic_operator', 'dataset_with_extra_by_context' retrieved from /home/airflow/.local/lib/python3.12/site-packages/airflow/example_dags/example_outlet_event_extra.py
[2025-03-04T07:06:46.362+0000] {logging_mixin.py:190} INFO - [2025-03-04T07:06:46.362+0000] {dag.py:3239} INFO - Sync 3 DAGs
[2025-03-04T07:06:46.381+0000] {logging_mixin.py:190} INFO - [2025-03-04T07:06:46.381+0000] {dag.py:4180} INFO - Setting next_dagrun for dataset_with_extra_by_context to 2025-03-03 00:00:00+00:00, run_after=2025-03-04 00:00:00+00:00
[2025-03-04T07:06:46.385+0000] {logging_mixin.py:190} INFO - [2025-03-04T07:06:46.385+0000] {dag.py:4180} INFO - Setting next_dagrun for dataset_with_extra_by_yield to 2025-03-03 00:00:00+00:00, run_after=2025-03-04 00:00:00+00:00
[2025-03-04T07:06:46.388+0000] {logging_mixin.py:190} INFO - [2025-03-04T07:06:46.387+0000] {dag.py:4180} INFO - Setting next_dagrun for dataset_with_extra_from_classic_operator to 2025-03-03 00:00:00+00:00, run_after=2025-03-04 00:00:00+00:00
[2025-03-04T07:06:46.403+0000] {processor.py:208} INFO - Processing /home/airflow/.local/lib/python3.12/site-packages/airflow/example_dags/example_outlet_event_extra.py took 0.499 seconds
[2025-03-04T07:07:16.454+0000] {processor.py:186} INFO - Started process (PID=2178) to work on /home/airflow/.local/lib/python3.12/site-packages/airflow/example_dags/example_outlet_event_extra.py
[2025-03-04T07:07:16.455+0000] {processor.py:914} INFO - Processing file /home/airflow/.local/lib/python3.12/site-packages/airflow/example_dags/example_outlet_event_extra.py for tasks to queue
[2025-03-04T07:07:16.457+0000] {logging_mixin.py:190} INFO - [2025-03-04T07:07:16.457+0000] {dagbag.py:588} INFO - Filling up the DagBag from /home/airflow/.local/lib/python3.12/site-packages/airflow/example_dags/example_outlet_event_extra.py
[2025-03-04T07:07:16.896+0000] {processor.py:925} INFO - DAG(s) 'dataset_with_extra_by_yield', 'dataset_with_extra_by_context', 'dataset_with_extra_from_classic_operator' retrieved from /home/airflow/.local/lib/python3.12/site-packages/airflow/example_dags/example_outlet_event_extra.py
[2025-03-04T07:07:16.920+0000] {logging_mixin.py:190} INFO - [2025-03-04T07:07:16.919+0000] {dag.py:3239} INFO - Sync 3 DAGs
[2025-03-04T07:07:16.941+0000] {logging_mixin.py:190} INFO - [2025-03-04T07:07:16.941+0000] {dag.py:4180} INFO - Setting next_dagrun for dataset_with_extra_by_context to 2025-03-03 00:00:00+00:00, run_after=2025-03-04 00:00:00+00:00
[2025-03-04T07:07:16.946+0000] {logging_mixin.py:190} INFO - [2025-03-04T07:07:16.946+0000] {dag.py:4180} INFO - Setting next_dagrun for dataset_with_extra_by_yield to 2025-03-03 00:00:00+00:00, run_after=2025-03-04 00:00:00+00:00
[2025-03-04T07:07:16.948+0000] {logging_mixin.py:190} INFO - [2025-03-04T07:07:16.948+0000] {dag.py:4180} INFO - Setting next_dagrun for dataset_with_extra_from_classic_operator to 2025-03-03 00:00:00+00:00, run_after=2025-03-04 00:00:00+00:00
[2025-03-04T07:07:16.970+0000] {processor.py:208} INFO - Processing /home/airflow/.local/lib/python3.12/site-packages/airflow/example_dags/example_outlet_event_extra.py took 0.521 seconds
[2025-03-04T07:07:47.349+0000] {processor.py:186} INFO - Started process (PID=2252) to work on /home/airflow/.local/lib/python3.12/site-packages/airflow/example_dags/example_outlet_event_extra.py
[2025-03-04T07:07:47.356+0000] {processor.py:914} INFO - Processing file /home/airflow/.local/lib/python3.12/site-packages/airflow/example_dags/example_outlet_event_extra.py for tasks to queue
[2025-03-04T07:07:47.362+0000] {logging_mixin.py:190} INFO - [2025-03-04T07:07:47.362+0000] {dagbag.py:588} INFO - Filling up the DagBag from /home/airflow/.local/lib/python3.12/site-packages/airflow/example_dags/example_outlet_event_extra.py
[2025-03-04T07:07:47.842+0000] {processor.py:925} INFO - DAG(s) 'dataset_with_extra_by_yield', 'dataset_with_extra_by_context', 'dataset_with_extra_from_classic_operator' retrieved from /home/airflow/.local/lib/python3.12/site-packages/airflow/example_dags/example_outlet_event_extra.py
[2025-03-04T07:07:47.862+0000] {logging_mixin.py:190} INFO - [2025-03-04T07:07:47.862+0000] {dag.py:3239} INFO - Sync 3 DAGs
[2025-03-04T07:07:47.884+0000] {logging_mixin.py:190} INFO - [2025-03-04T07:07:47.884+0000] {dag.py:4180} INFO - Setting next_dagrun for dataset_with_extra_by_context to 2025-03-03 00:00:00+00:00, run_after=2025-03-04 00:00:00+00:00
[2025-03-04T07:07:47.889+0000] {logging_mixin.py:190} INFO - [2025-03-04T07:07:47.889+0000] {dag.py:4180} INFO - Setting next_dagrun for dataset_with_extra_by_yield to 2025-03-03 00:00:00+00:00, run_after=2025-03-04 00:00:00+00:00
[2025-03-04T07:07:47.892+0000] {logging_mixin.py:190} INFO - [2025-03-04T07:07:47.892+0000] {dag.py:4180} INFO - Setting next_dagrun for dataset_with_extra_from_classic_operator to 2025-03-03 00:00:00+00:00, run_after=2025-03-04 00:00:00+00:00
[2025-03-04T07:07:47.914+0000] {processor.py:208} INFO - Processing /home/airflow/.local/lib/python3.12/site-packages/airflow/example_dags/example_outlet_event_extra.py took 0.571 seconds
[2025-03-04T07:08:18.344+0000] {processor.py:186} INFO - Started process (PID=2340) to work on /home/airflow/.local/lib/python3.12/site-packages/airflow/example_dags/example_outlet_event_extra.py
[2025-03-04T07:08:18.346+0000] {processor.py:914} INFO - Processing file /home/airflow/.local/lib/python3.12/site-packages/airflow/example_dags/example_outlet_event_extra.py for tasks to queue
[2025-03-04T07:08:18.347+0000] {logging_mixin.py:190} INFO - [2025-03-04T07:08:18.347+0000] {dagbag.py:588} INFO - Filling up the DagBag from /home/airflow/.local/lib/python3.12/site-packages/airflow/example_dags/example_outlet_event_extra.py
[2025-03-04T07:08:18.884+0000] {processor.py:925} INFO - DAG(s) 'dataset_with_extra_by_yield', 'dataset_with_extra_by_context', 'dataset_with_extra_from_classic_operator' retrieved from /home/airflow/.local/lib/python3.12/site-packages/airflow/example_dags/example_outlet_event_extra.py
[2025-03-04T07:08:18.930+0000] {logging_mixin.py:190} INFO - [2025-03-04T07:08:18.930+0000] {dag.py:3239} INFO - Sync 3 DAGs
[2025-03-04T07:08:18.957+0000] {logging_mixin.py:190} INFO - [2025-03-04T07:08:18.957+0000] {dag.py:4180} INFO - Setting next_dagrun for dataset_with_extra_by_context to 2025-03-03 00:00:00+00:00, run_after=2025-03-04 00:00:00+00:00
[2025-03-04T07:08:18.963+0000] {logging_mixin.py:190} INFO - [2025-03-04T07:08:18.963+0000] {dag.py:4180} INFO - Setting next_dagrun for dataset_with_extra_by_yield to 2025-03-03 00:00:00+00:00, run_after=2025-03-04 00:00:00+00:00
[2025-03-04T07:08:18.967+0000] {logging_mixin.py:190} INFO - [2025-03-04T07:08:18.966+0000] {dag.py:4180} INFO - Setting next_dagrun for dataset_with_extra_from_classic_operator to 2025-03-03 00:00:00+00:00, run_after=2025-03-04 00:00:00+00:00
[2025-03-04T07:08:18.994+0000] {processor.py:208} INFO - Processing /home/airflow/.local/lib/python3.12/site-packages/airflow/example_dags/example_outlet_event_extra.py took 0.656 seconds
[2025-03-04T07:08:49.826+0000] {processor.py:186} INFO - Started process (PID=2416) to work on /home/airflow/.local/lib/python3.12/site-packages/airflow/example_dags/example_outlet_event_extra.py
[2025-03-04T07:08:49.828+0000] {processor.py:914} INFO - Processing file /home/airflow/.local/lib/python3.12/site-packages/airflow/example_dags/example_outlet_event_extra.py for tasks to queue
[2025-03-04T07:08:49.830+0000] {logging_mixin.py:190} INFO - [2025-03-04T07:08:49.830+0000] {dagbag.py:588} INFO - Filling up the DagBag from /home/airflow/.local/lib/python3.12/site-packages/airflow/example_dags/example_outlet_event_extra.py
[2025-03-04T07:08:50.391+0000] {processor.py:925} INFO - DAG(s) 'dataset_with_extra_from_classic_operator', 'dataset_with_extra_by_yield', 'dataset_with_extra_by_context' retrieved from /home/airflow/.local/lib/python3.12/site-packages/airflow/example_dags/example_outlet_event_extra.py
[2025-03-04T07:08:50.421+0000] {logging_mixin.py:190} INFO - [2025-03-04T07:08:50.420+0000] {dag.py:3239} INFO - Sync 3 DAGs
[2025-03-04T07:08:50.445+0000] {logging_mixin.py:190} INFO - [2025-03-04T07:08:50.445+0000] {dag.py:4180} INFO - Setting next_dagrun for dataset_with_extra_by_context to 2025-03-03 00:00:00+00:00, run_after=2025-03-04 00:00:00+00:00
[2025-03-04T07:08:50.451+0000] {logging_mixin.py:190} INFO - [2025-03-04T07:08:50.451+0000] {dag.py:4180} INFO - Setting next_dagrun for dataset_with_extra_by_yield to 2025-03-03 00:00:00+00:00, run_after=2025-03-04 00:00:00+00:00
[2025-03-04T07:08:50.455+0000] {logging_mixin.py:190} INFO - [2025-03-04T07:08:50.455+0000] {dag.py:4180} INFO - Setting next_dagrun for dataset_with_extra_from_classic_operator to 2025-03-03 00:00:00+00:00, run_after=2025-03-04 00:00:00+00:00
[2025-03-04T07:08:50.495+0000] {processor.py:208} INFO - Processing /home/airflow/.local/lib/python3.12/site-packages/airflow/example_dags/example_outlet_event_extra.py took 0.674 seconds
[2025-03-04T07:09:21.161+0000] {processor.py:186} INFO - Started process (PID=2498) to work on /home/airflow/.local/lib/python3.12/site-packages/airflow/example_dags/example_outlet_event_extra.py
[2025-03-04T07:09:21.162+0000] {processor.py:914} INFO - Processing file /home/airflow/.local/lib/python3.12/site-packages/airflow/example_dags/example_outlet_event_extra.py for tasks to queue
[2025-03-04T07:09:21.163+0000] {logging_mixin.py:190} INFO - [2025-03-04T07:09:21.163+0000] {dagbag.py:588} INFO - Filling up the DagBag from /home/airflow/.local/lib/python3.12/site-packages/airflow/example_dags/example_outlet_event_extra.py
[2025-03-04T07:09:21.826+0000] {processor.py:925} INFO - DAG(s) 'dataset_with_extra_by_context', 'dataset_with_extra_by_yield', 'dataset_with_extra_from_classic_operator' retrieved from /home/airflow/.local/lib/python3.12/site-packages/airflow/example_dags/example_outlet_event_extra.py
[2025-03-04T07:09:21.848+0000] {logging_mixin.py:190} INFO - [2025-03-04T07:09:21.847+0000] {dag.py:3239} INFO - Sync 3 DAGs
[2025-03-04T07:09:21.870+0000] {logging_mixin.py:190} INFO - [2025-03-04T07:09:21.869+0000] {dag.py:4180} INFO - Setting next_dagrun for dataset_with_extra_by_context to 2025-03-03 00:00:00+00:00, run_after=2025-03-04 00:00:00+00:00
[2025-03-04T07:09:21.874+0000] {logging_mixin.py:190} INFO - [2025-03-04T07:09:21.874+0000] {dag.py:4180} INFO - Setting next_dagrun for dataset_with_extra_by_yield to 2025-03-03 00:00:00+00:00, run_after=2025-03-04 00:00:00+00:00
[2025-03-04T07:09:21.876+0000] {logging_mixin.py:190} INFO - [2025-03-04T07:09:21.876+0000] {dag.py:4180} INFO - Setting next_dagrun for dataset_with_extra_from_classic_operator to 2025-03-03 00:00:00+00:00, run_after=2025-03-04 00:00:00+00:00
[2025-03-04T07:09:21.896+0000] {processor.py:208} INFO - Processing /home/airflow/.local/lib/python3.12/site-packages/airflow/example_dags/example_outlet_event_extra.py took 0.740 seconds
[2025-03-04T07:09:52.362+0000] {processor.py:186} INFO - Started process (PID=2572) to work on /home/airflow/.local/lib/python3.12/site-packages/airflow/example_dags/example_outlet_event_extra.py
[2025-03-04T07:09:52.363+0000] {processor.py:914} INFO - Processing file /home/airflow/.local/lib/python3.12/site-packages/airflow/example_dags/example_outlet_event_extra.py for tasks to queue
[2025-03-04T07:09:52.365+0000] {logging_mixin.py:190} INFO - [2025-03-04T07:09:52.364+0000] {dagbag.py:588} INFO - Filling up the DagBag from /home/airflow/.local/lib/python3.12/site-packages/airflow/example_dags/example_outlet_event_extra.py
[2025-03-04T07:09:52.813+0000] {processor.py:925} INFO - DAG(s) 'dataset_with_extra_by_context', 'dataset_with_extra_by_yield', 'dataset_with_extra_from_classic_operator' retrieved from /home/airflow/.local/lib/python3.12/site-packages/airflow/example_dags/example_outlet_event_extra.py
[2025-03-04T07:09:52.833+0000] {logging_mixin.py:190} INFO - [2025-03-04T07:09:52.833+0000] {dag.py:3239} INFO - Sync 3 DAGs
[2025-03-04T07:09:52.854+0000] {logging_mixin.py:190} INFO - [2025-03-04T07:09:52.853+0000] {dag.py:4180} INFO - Setting next_dagrun for dataset_with_extra_by_context to 2025-03-03 00:00:00+00:00, run_after=2025-03-04 00:00:00+00:00
[2025-03-04T07:09:52.858+0000] {logging_mixin.py:190} INFO - [2025-03-04T07:09:52.858+0000] {dag.py:4180} INFO - Setting next_dagrun for dataset_with_extra_by_yield to 2025-03-03 00:00:00+00:00, run_after=2025-03-04 00:00:00+00:00
[2025-03-04T07:09:52.860+0000] {logging_mixin.py:190} INFO - [2025-03-04T07:09:52.860+0000] {dag.py:4180} INFO - Setting next_dagrun for dataset_with_extra_from_classic_operator to 2025-03-03 00:00:00+00:00, run_after=2025-03-04 00:00:00+00:00
[2025-03-04T07:09:52.877+0000] {processor.py:208} INFO - Processing /home/airflow/.local/lib/python3.12/site-packages/airflow/example_dags/example_outlet_event_extra.py took 0.519 seconds
[2025-03-04T07:10:23.151+0000] {processor.py:186} INFO - Started process (PID=2653) to work on /home/airflow/.local/lib/python3.12/site-packages/airflow/example_dags/example_outlet_event_extra.py
[2025-03-04T07:10:23.154+0000] {processor.py:914} INFO - Processing file /home/airflow/.local/lib/python3.12/site-packages/airflow/example_dags/example_outlet_event_extra.py for tasks to queue
[2025-03-04T07:10:23.159+0000] {logging_mixin.py:190} INFO - [2025-03-04T07:10:23.155+0000] {dagbag.py:588} INFO - Filling up the DagBag from /home/airflow/.local/lib/python3.12/site-packages/airflow/example_dags/example_outlet_event_extra.py
[2025-03-04T07:10:23.787+0000] {processor.py:925} INFO - DAG(s) 'dataset_with_extra_by_yield', 'dataset_with_extra_from_classic_operator', 'dataset_with_extra_by_context' retrieved from /home/airflow/.local/lib/python3.12/site-packages/airflow/example_dags/example_outlet_event_extra.py
[2025-03-04T07:10:23.810+0000] {logging_mixin.py:190} INFO - [2025-03-04T07:10:23.809+0000] {dag.py:3239} INFO - Sync 3 DAGs
[2025-03-04T07:10:23.831+0000] {logging_mixin.py:190} INFO - [2025-03-04T07:10:23.831+0000] {dag.py:4180} INFO - Setting next_dagrun for dataset_with_extra_by_context to 2025-03-03 00:00:00+00:00, run_after=2025-03-04 00:00:00+00:00
[2025-03-04T07:10:23.836+0000] {logging_mixin.py:190} INFO - [2025-03-04T07:10:23.835+0000] {dag.py:4180} INFO - Setting next_dagrun for dataset_with_extra_by_yield to 2025-03-03 00:00:00+00:00, run_after=2025-03-04 00:00:00+00:00
[2025-03-04T07:10:23.838+0000] {logging_mixin.py:190} INFO - [2025-03-04T07:10:23.838+0000] {dag.py:4180} INFO - Setting next_dagrun for dataset_with_extra_from_classic_operator to 2025-03-03 00:00:00+00:00, run_after=2025-03-04 00:00:00+00:00
[2025-03-04T07:10:23.858+0000] {processor.py:208} INFO - Processing /home/airflow/.local/lib/python3.12/site-packages/airflow/example_dags/example_outlet_event_extra.py took 0.715 seconds
[2025-03-04T07:10:54.353+0000] {processor.py:186} INFO - Started process (PID=2727) to work on /home/airflow/.local/lib/python3.12/site-packages/airflow/example_dags/example_outlet_event_extra.py
[2025-03-04T07:10:54.354+0000] {processor.py:914} INFO - Processing file /home/airflow/.local/lib/python3.12/site-packages/airflow/example_dags/example_outlet_event_extra.py for tasks to queue
[2025-03-04T07:10:54.355+0000] {logging_mixin.py:190} INFO - [2025-03-04T07:10:54.355+0000] {dagbag.py:588} INFO - Filling up the DagBag from /home/airflow/.local/lib/python3.12/site-packages/airflow/example_dags/example_outlet_event_extra.py
[2025-03-04T07:10:54.883+0000] {processor.py:925} INFO - DAG(s) 'dataset_with_extra_by_context', 'dataset_with_extra_by_yield', 'dataset_with_extra_from_classic_operator' retrieved from /home/airflow/.local/lib/python3.12/site-packages/airflow/example_dags/example_outlet_event_extra.py
[2025-03-04T07:10:54.905+0000] {logging_mixin.py:190} INFO - [2025-03-04T07:10:54.905+0000] {dag.py:3239} INFO - Sync 3 DAGs
[2025-03-04T07:10:54.925+0000] {logging_mixin.py:190} INFO - [2025-03-04T07:10:54.925+0000] {dag.py:4180} INFO - Setting next_dagrun for dataset_with_extra_by_context to 2025-03-03 00:00:00+00:00, run_after=2025-03-04 00:00:00+00:00
[2025-03-04T07:10:54.930+0000] {logging_mixin.py:190} INFO - [2025-03-04T07:10:54.930+0000] {dag.py:4180} INFO - Setting next_dagrun for dataset_with_extra_by_yield to 2025-03-03 00:00:00+00:00, run_after=2025-03-04 00:00:00+00:00
[2025-03-04T07:10:54.932+0000] {logging_mixin.py:190} INFO - [2025-03-04T07:10:54.932+0000] {dag.py:4180} INFO - Setting next_dagrun for dataset_with_extra_from_classic_operator to 2025-03-03 00:00:00+00:00, run_after=2025-03-04 00:00:00+00:00
[2025-03-04T07:10:54.952+0000] {processor.py:208} INFO - Processing /home/airflow/.local/lib/python3.12/site-packages/airflow/example_dags/example_outlet_event_extra.py took 0.605 seconds
[2025-03-04T07:11:25.087+0000] {processor.py:186} INFO - Started process (PID=2808) to work on /home/airflow/.local/lib/python3.12/site-packages/airflow/example_dags/example_outlet_event_extra.py
[2025-03-04T07:11:25.088+0000] {processor.py:914} INFO - Processing file /home/airflow/.local/lib/python3.12/site-packages/airflow/example_dags/example_outlet_event_extra.py for tasks to queue
[2025-03-04T07:11:25.090+0000] {logging_mixin.py:190} INFO - [2025-03-04T07:11:25.090+0000] {dagbag.py:588} INFO - Filling up the DagBag from /home/airflow/.local/lib/python3.12/site-packages/airflow/example_dags/example_outlet_event_extra.py
[2025-03-04T07:11:25.740+0000] {processor.py:925} INFO - DAG(s) 'dataset_with_extra_from_classic_operator', 'dataset_with_extra_by_yield', 'dataset_with_extra_by_context' retrieved from /home/airflow/.local/lib/python3.12/site-packages/airflow/example_dags/example_outlet_event_extra.py
[2025-03-04T07:11:25.768+0000] {logging_mixin.py:190} INFO - [2025-03-04T07:11:25.767+0000] {dag.py:3239} INFO - Sync 3 DAGs
[2025-03-04T07:11:25.797+0000] {logging_mixin.py:190} INFO - [2025-03-04T07:11:25.796+0000] {dag.py:4180} INFO - Setting next_dagrun for dataset_with_extra_by_context to 2025-03-03 00:00:00+00:00, run_after=2025-03-04 00:00:00+00:00
[2025-03-04T07:11:25.803+0000] {logging_mixin.py:190} INFO - [2025-03-04T07:11:25.803+0000] {dag.py:4180} INFO - Setting next_dagrun for dataset_with_extra_by_yield to 2025-03-03 00:00:00+00:00, run_after=2025-03-04 00:00:00+00:00
[2025-03-04T07:11:25.806+0000] {logging_mixin.py:190} INFO - [2025-03-04T07:11:25.806+0000] {dag.py:4180} INFO - Setting next_dagrun for dataset_with_extra_from_classic_operator to 2025-03-03 00:00:00+00:00, run_after=2025-03-04 00:00:00+00:00
[2025-03-04T07:11:25.828+0000] {processor.py:208} INFO - Processing /home/airflow/.local/lib/python3.12/site-packages/airflow/example_dags/example_outlet_event_extra.py took 0.749 seconds
[2025-03-04T07:11:56.133+0000] {processor.py:186} INFO - Started process (PID=2884) to work on /home/airflow/.local/lib/python3.12/site-packages/airflow/example_dags/example_outlet_event_extra.py
[2025-03-04T07:11:56.135+0000] {processor.py:914} INFO - Processing file /home/airflow/.local/lib/python3.12/site-packages/airflow/example_dags/example_outlet_event_extra.py for tasks to queue
[2025-03-04T07:11:56.137+0000] {logging_mixin.py:190} INFO - [2025-03-04T07:11:56.136+0000] {dagbag.py:588} INFO - Filling up the DagBag from /home/airflow/.local/lib/python3.12/site-packages/airflow/example_dags/example_outlet_event_extra.py
[2025-03-04T07:11:56.619+0000] {processor.py:925} INFO - DAG(s) 'dataset_with_extra_by_context', 'dataset_with_extra_from_classic_operator', 'dataset_with_extra_by_yield' retrieved from /home/airflow/.local/lib/python3.12/site-packages/airflow/example_dags/example_outlet_event_extra.py
[2025-03-04T07:11:56.657+0000] {logging_mixin.py:190} INFO - [2025-03-04T07:11:56.657+0000] {dag.py:3239} INFO - Sync 3 DAGs
[2025-03-04T07:11:56.684+0000] {logging_mixin.py:190} INFO - [2025-03-04T07:11:56.684+0000] {dag.py:4180} INFO - Setting next_dagrun for dataset_with_extra_by_context to 2025-03-03 00:00:00+00:00, run_after=2025-03-04 00:00:00+00:00
[2025-03-04T07:11:56.690+0000] {logging_mixin.py:190} INFO - [2025-03-04T07:11:56.690+0000] {dag.py:4180} INFO - Setting next_dagrun for dataset_with_extra_by_yield to 2025-03-03 00:00:00+00:00, run_after=2025-03-04 00:00:00+00:00
[2025-03-04T07:11:56.694+0000] {logging_mixin.py:190} INFO - [2025-03-04T07:11:56.694+0000] {dag.py:4180} INFO - Setting next_dagrun for dataset_with_extra_from_classic_operator to 2025-03-03 00:00:00+00:00, run_after=2025-03-04 00:00:00+00:00
[2025-03-04T07:11:56.723+0000] {processor.py:208} INFO - Processing /home/airflow/.local/lib/python3.12/site-packages/airflow/example_dags/example_outlet_event_extra.py took 0.596 seconds
[2025-03-04T07:12:27.563+0000] {processor.py:186} INFO - Started process (PID=2959) to work on /home/airflow/.local/lib/python3.12/site-packages/airflow/example_dags/example_outlet_event_extra.py
[2025-03-04T07:12:27.564+0000] {processor.py:914} INFO - Processing file /home/airflow/.local/lib/python3.12/site-packages/airflow/example_dags/example_outlet_event_extra.py for tasks to queue
[2025-03-04T07:12:27.565+0000] {logging_mixin.py:190} INFO - [2025-03-04T07:12:27.565+0000] {dagbag.py:588} INFO - Filling up the DagBag from /home/airflow/.local/lib/python3.12/site-packages/airflow/example_dags/example_outlet_event_extra.py
[2025-03-04T07:12:28.021+0000] {processor.py:925} INFO - DAG(s) 'dataset_with_extra_from_classic_operator', 'dataset_with_extra_by_context', 'dataset_with_extra_by_yield' retrieved from /home/airflow/.local/lib/python3.12/site-packages/airflow/example_dags/example_outlet_event_extra.py
[2025-03-04T07:12:28.041+0000] {logging_mixin.py:190} INFO - [2025-03-04T07:12:28.041+0000] {dag.py:3239} INFO - Sync 3 DAGs
[2025-03-04T07:12:28.060+0000] {logging_mixin.py:190} INFO - [2025-03-04T07:12:28.060+0000] {dag.py:4180} INFO - Setting next_dagrun for dataset_with_extra_by_context to 2025-03-03 00:00:00+00:00, run_after=2025-03-04 00:00:00+00:00
[2025-03-04T07:12:28.064+0000] {logging_mixin.py:190} INFO - [2025-03-04T07:12:28.064+0000] {dag.py:4180} INFO - Setting next_dagrun for dataset_with_extra_by_yield to 2025-03-03 00:00:00+00:00, run_after=2025-03-04 00:00:00+00:00
[2025-03-04T07:12:28.066+0000] {logging_mixin.py:190} INFO - [2025-03-04T07:12:28.066+0000] {dag.py:4180} INFO - Setting next_dagrun for dataset_with_extra_from_classic_operator to 2025-03-03 00:00:00+00:00, run_after=2025-03-04 00:00:00+00:00
[2025-03-04T07:12:28.083+0000] {processor.py:208} INFO - Processing /home/airflow/.local/lib/python3.12/site-packages/airflow/example_dags/example_outlet_event_extra.py took 0.525 seconds
[2025-03-04T07:12:58.258+0000] {processor.py:186} INFO - Started process (PID=3040) to work on /home/airflow/.local/lib/python3.12/site-packages/airflow/example_dags/example_outlet_event_extra.py
[2025-03-04T07:12:58.259+0000] {processor.py:914} INFO - Processing file /home/airflow/.local/lib/python3.12/site-packages/airflow/example_dags/example_outlet_event_extra.py for tasks to queue
[2025-03-04T07:12:58.261+0000] {logging_mixin.py:190} INFO - [2025-03-04T07:12:58.260+0000] {dagbag.py:588} INFO - Filling up the DagBag from /home/airflow/.local/lib/python3.12/site-packages/airflow/example_dags/example_outlet_event_extra.py
[2025-03-04T07:12:58.672+0000] {processor.py:925} INFO - DAG(s) 'dataset_with_extra_from_classic_operator', 'dataset_with_extra_by_context', 'dataset_with_extra_by_yield' retrieved from /home/airflow/.local/lib/python3.12/site-packages/airflow/example_dags/example_outlet_event_extra.py
[2025-03-04T07:12:58.691+0000] {logging_mixin.py:190} INFO - [2025-03-04T07:12:58.691+0000] {dag.py:3239} INFO - Sync 3 DAGs
[2025-03-04T07:12:58.708+0000] {logging_mixin.py:190} INFO - [2025-03-04T07:12:58.708+0000] {dag.py:4180} INFO - Setting next_dagrun for dataset_with_extra_by_context to 2025-03-03 00:00:00+00:00, run_after=2025-03-04 00:00:00+00:00
[2025-03-04T07:12:58.712+0000] {logging_mixin.py:190} INFO - [2025-03-04T07:12:58.712+0000] {dag.py:4180} INFO - Setting next_dagrun for dataset_with_extra_by_yield to 2025-03-03 00:00:00+00:00, run_after=2025-03-04 00:00:00+00:00
[2025-03-04T07:12:58.714+0000] {logging_mixin.py:190} INFO - [2025-03-04T07:12:58.714+0000] {dag.py:4180} INFO - Setting next_dagrun for dataset_with_extra_from_classic_operator to 2025-03-03 00:00:00+00:00, run_after=2025-03-04 00:00:00+00:00
[2025-03-04T07:12:58.727+0000] {processor.py:208} INFO - Processing /home/airflow/.local/lib/python3.12/site-packages/airflow/example_dags/example_outlet_event_extra.py took 0.475 seconds
[2025-03-04T07:13:29.234+0000] {processor.py:186} INFO - Started process (PID=3113) to work on /home/airflow/.local/lib/python3.12/site-packages/airflow/example_dags/example_outlet_event_extra.py
[2025-03-04T07:13:29.236+0000] {processor.py:914} INFO - Processing file /home/airflow/.local/lib/python3.12/site-packages/airflow/example_dags/example_outlet_event_extra.py for tasks to queue
[2025-03-04T07:13:29.238+0000] {logging_mixin.py:190} INFO - [2025-03-04T07:13:29.237+0000] {dagbag.py:588} INFO - Filling up the DagBag from /home/airflow/.local/lib/python3.12/site-packages/airflow/example_dags/example_outlet_event_extra.py
[2025-03-04T07:13:29.802+0000] {processor.py:925} INFO - DAG(s) 'dataset_with_extra_from_classic_operator', 'dataset_with_extra_by_yield', 'dataset_with_extra_by_context' retrieved from /home/airflow/.local/lib/python3.12/site-packages/airflow/example_dags/example_outlet_event_extra.py
[2025-03-04T07:13:29.822+0000] {logging_mixin.py:190} INFO - [2025-03-04T07:13:29.822+0000] {dag.py:3239} INFO - Sync 3 DAGs
[2025-03-04T07:13:29.842+0000] {logging_mixin.py:190} INFO - [2025-03-04T07:13:29.842+0000] {dag.py:4180} INFO - Setting next_dagrun for dataset_with_extra_by_context to 2025-03-03 00:00:00+00:00, run_after=2025-03-04 00:00:00+00:00
[2025-03-04T07:13:29.846+0000] {logging_mixin.py:190} INFO - [2025-03-04T07:13:29.846+0000] {dag.py:4180} INFO - Setting next_dagrun for dataset_with_extra_by_yield to 2025-03-03 00:00:00+00:00, run_after=2025-03-04 00:00:00+00:00
[2025-03-04T07:13:29.848+0000] {logging_mixin.py:190} INFO - [2025-03-04T07:13:29.848+0000] {dag.py:4180} INFO - Setting next_dagrun for dataset_with_extra_from_classic_operator to 2025-03-03 00:00:00+00:00, run_after=2025-03-04 00:00:00+00:00
[2025-03-04T07:13:29.863+0000] {processor.py:208} INFO - Processing /home/airflow/.local/lib/python3.12/site-packages/airflow/example_dags/example_outlet_event_extra.py took 0.636 seconds
[2025-03-04T07:14:00.594+0000] {processor.py:186} INFO - Started process (PID=3198) to work on /home/airflow/.local/lib/python3.12/site-packages/airflow/example_dags/example_outlet_event_extra.py
[2025-03-04T07:14:00.596+0000] {processor.py:914} INFO - Processing file /home/airflow/.local/lib/python3.12/site-packages/airflow/example_dags/example_outlet_event_extra.py for tasks to queue
[2025-03-04T07:14:00.597+0000] {logging_mixin.py:190} INFO - [2025-03-04T07:14:00.597+0000] {dagbag.py:588} INFO - Filling up the DagBag from /home/airflow/.local/lib/python3.12/site-packages/airflow/example_dags/example_outlet_event_extra.py
[2025-03-04T07:14:01.108+0000] {processor.py:925} INFO - DAG(s) 'dataset_with_extra_by_yield', 'dataset_with_extra_from_classic_operator', 'dataset_with_extra_by_context' retrieved from /home/airflow/.local/lib/python3.12/site-packages/airflow/example_dags/example_outlet_event_extra.py
[2025-03-04T07:14:01.130+0000] {logging_mixin.py:190} INFO - [2025-03-04T07:14:01.130+0000] {dag.py:3239} INFO - Sync 3 DAGs
[2025-03-04T07:14:01.152+0000] {logging_mixin.py:190} INFO - [2025-03-04T07:14:01.152+0000] {dag.py:4180} INFO - Setting next_dagrun for dataset_with_extra_by_context to 2025-03-03 00:00:00+00:00, run_after=2025-03-04 00:00:00+00:00
[2025-03-04T07:14:01.158+0000] {logging_mixin.py:190} INFO - [2025-03-04T07:14:01.158+0000] {dag.py:4180} INFO - Setting next_dagrun for dataset_with_extra_by_yield to 2025-03-03 00:00:00+00:00, run_after=2025-03-04 00:00:00+00:00
[2025-03-04T07:14:01.162+0000] {logging_mixin.py:190} INFO - [2025-03-04T07:14:01.162+0000] {dag.py:4180} INFO - Setting next_dagrun for dataset_with_extra_from_classic_operator to 2025-03-03 00:00:00+00:00, run_after=2025-03-04 00:00:00+00:00
[2025-03-04T07:14:01.185+0000] {processor.py:208} INFO - Processing /home/airflow/.local/lib/python3.12/site-packages/airflow/example_dags/example_outlet_event_extra.py took 0.595 seconds
[2025-03-04T07:14:31.842+0000] {processor.py:186} INFO - Started process (PID=3276) to work on /home/airflow/.local/lib/python3.12/site-packages/airflow/example_dags/example_outlet_event_extra.py
[2025-03-04T07:14:31.846+0000] {processor.py:914} INFO - Processing file /home/airflow/.local/lib/python3.12/site-packages/airflow/example_dags/example_outlet_event_extra.py for tasks to queue
[2025-03-04T07:14:31.848+0000] {logging_mixin.py:190} INFO - [2025-03-04T07:14:31.848+0000] {dagbag.py:588} INFO - Filling up the DagBag from /home/airflow/.local/lib/python3.12/site-packages/airflow/example_dags/example_outlet_event_extra.py
[2025-03-04T07:14:32.678+0000] {processor.py:925} INFO - DAG(s) 'dataset_with_extra_by_yield', 'dataset_with_extra_by_context', 'dataset_with_extra_from_classic_operator' retrieved from /home/airflow/.local/lib/python3.12/site-packages/airflow/example_dags/example_outlet_event_extra.py
[2025-03-04T07:14:32.714+0000] {logging_mixin.py:190} INFO - [2025-03-04T07:14:32.714+0000] {dag.py:3239} INFO - Sync 3 DAGs
[2025-03-04T07:14:32.743+0000] {logging_mixin.py:190} INFO - [2025-03-04T07:14:32.743+0000] {dag.py:4180} INFO - Setting next_dagrun for dataset_with_extra_by_context to 2025-03-03 00:00:00+00:00, run_after=2025-03-04 00:00:00+00:00
[2025-03-04T07:14:32.749+0000] {logging_mixin.py:190} INFO - [2025-03-04T07:14:32.748+0000] {dag.py:4180} INFO - Setting next_dagrun for dataset_with_extra_by_yield to 2025-03-03 00:00:00+00:00, run_after=2025-03-04 00:00:00+00:00
[2025-03-04T07:14:32.751+0000] {logging_mixin.py:190} INFO - [2025-03-04T07:14:32.751+0000] {dag.py:4180} INFO - Setting next_dagrun for dataset_with_extra_from_classic_operator to 2025-03-03 00:00:00+00:00, run_after=2025-03-04 00:00:00+00:00
[2025-03-04T07:14:32.774+0000] {processor.py:208} INFO - Processing /home/airflow/.local/lib/python3.12/site-packages/airflow/example_dags/example_outlet_event_extra.py took 0.938 seconds
[2025-03-04T07:15:03.937+0000] {processor.py:186} INFO - Started process (PID=3367) to work on /home/airflow/.local/lib/python3.12/site-packages/airflow/example_dags/example_outlet_event_extra.py
[2025-03-04T07:15:03.939+0000] {processor.py:914} INFO - Processing file /home/airflow/.local/lib/python3.12/site-packages/airflow/example_dags/example_outlet_event_extra.py for tasks to queue
[2025-03-04T07:15:03.941+0000] {logging_mixin.py:190} INFO - [2025-03-04T07:15:03.941+0000] {dagbag.py:588} INFO - Filling up the DagBag from /home/airflow/.local/lib/python3.12/site-packages/airflow/example_dags/example_outlet_event_extra.py
[2025-03-04T07:15:04.887+0000] {processor.py:925} INFO - DAG(s) 'dataset_with_extra_from_classic_operator', 'dataset_with_extra_by_context', 'dataset_with_extra_by_yield' retrieved from /home/airflow/.local/lib/python3.12/site-packages/airflow/example_dags/example_outlet_event_extra.py
[2025-03-04T07:15:04.918+0000] {logging_mixin.py:190} INFO - [2025-03-04T07:15:04.918+0000] {dag.py:3239} INFO - Sync 3 DAGs
[2025-03-04T07:15:04.949+0000] {logging_mixin.py:190} INFO - [2025-03-04T07:15:04.949+0000] {dag.py:4180} INFO - Setting next_dagrun for dataset_with_extra_by_context to 2025-03-03 00:00:00+00:00, run_after=2025-03-04 00:00:00+00:00
[2025-03-04T07:15:04.956+0000] {logging_mixin.py:190} INFO - [2025-03-04T07:15:04.956+0000] {dag.py:4180} INFO - Setting next_dagrun for dataset_with_extra_by_yield to 2025-03-03 00:00:00+00:00, run_after=2025-03-04 00:00:00+00:00
[2025-03-04T07:15:04.959+0000] {logging_mixin.py:190} INFO - [2025-03-04T07:15:04.959+0000] {dag.py:4180} INFO - Setting next_dagrun for dataset_with_extra_from_classic_operator to 2025-03-03 00:00:00+00:00, run_after=2025-03-04 00:00:00+00:00
[2025-03-04T07:15:04.982+0000] {processor.py:208} INFO - Processing /home/airflow/.local/lib/python3.12/site-packages/airflow/example_dags/example_outlet_event_extra.py took 1.052 seconds
[2025-03-04T07:15:35.568+0000] {processor.py:186} INFO - Started process (PID=3444) to work on /home/airflow/.local/lib/python3.12/site-packages/airflow/example_dags/example_outlet_event_extra.py
[2025-03-04T07:15:35.570+0000] {processor.py:914} INFO - Processing file /home/airflow/.local/lib/python3.12/site-packages/airflow/example_dags/example_outlet_event_extra.py for tasks to queue
[2025-03-04T07:15:35.571+0000] {logging_mixin.py:190} INFO - [2025-03-04T07:15:35.571+0000] {dagbag.py:588} INFO - Filling up the DagBag from /home/airflow/.local/lib/python3.12/site-packages/airflow/example_dags/example_outlet_event_extra.py
[2025-03-04T07:15:36.071+0000] {processor.py:925} INFO - DAG(s) 'dataset_with_extra_from_classic_operator', 'dataset_with_extra_by_context', 'dataset_with_extra_by_yield' retrieved from /home/airflow/.local/lib/python3.12/site-packages/airflow/example_dags/example_outlet_event_extra.py
[2025-03-04T07:15:36.096+0000] {logging_mixin.py:190} INFO - [2025-03-04T07:15:36.095+0000] {dag.py:3239} INFO - Sync 3 DAGs
[2025-03-04T07:15:36.120+0000] {logging_mixin.py:190} INFO - [2025-03-04T07:15:36.120+0000] {dag.py:4180} INFO - Setting next_dagrun for dataset_with_extra_by_context to 2025-03-03 00:00:00+00:00, run_after=2025-03-04 00:00:00+00:00
[2025-03-04T07:15:36.125+0000] {logging_mixin.py:190} INFO - [2025-03-04T07:15:36.124+0000] {dag.py:4180} INFO - Setting next_dagrun for dataset_with_extra_by_yield to 2025-03-03 00:00:00+00:00, run_after=2025-03-04 00:00:00+00:00
[2025-03-04T07:15:36.127+0000] {logging_mixin.py:190} INFO - [2025-03-04T07:15:36.127+0000] {dag.py:4180} INFO - Setting next_dagrun for dataset_with_extra_from_classic_operator to 2025-03-03 00:00:00+00:00, run_after=2025-03-04 00:00:00+00:00
[2025-03-04T07:15:36.145+0000] {processor.py:208} INFO - Processing /home/airflow/.local/lib/python3.12/site-packages/airflow/example_dags/example_outlet_event_extra.py took 0.582 seconds
[2025-03-04T07:16:06.199+0000] {processor.py:186} INFO - Started process (PID=3518) to work on /home/airflow/.local/lib/python3.12/site-packages/airflow/example_dags/example_outlet_event_extra.py
[2025-03-04T07:16:06.200+0000] {processor.py:914} INFO - Processing file /home/airflow/.local/lib/python3.12/site-packages/airflow/example_dags/example_outlet_event_extra.py for tasks to queue
[2025-03-04T07:16:06.201+0000] {logging_mixin.py:190} INFO - [2025-03-04T07:16:06.201+0000] {dagbag.py:588} INFO - Filling up the DagBag from /home/airflow/.local/lib/python3.12/site-packages/airflow/example_dags/example_outlet_event_extra.py
[2025-03-04T07:16:06.688+0000] {processor.py:925} INFO - DAG(s) 'dataset_with_extra_by_context', 'dataset_with_extra_by_yield', 'dataset_with_extra_from_classic_operator' retrieved from /home/airflow/.local/lib/python3.12/site-packages/airflow/example_dags/example_outlet_event_extra.py
[2025-03-04T07:16:06.716+0000] {logging_mixin.py:190} INFO - [2025-03-04T07:16:06.716+0000] {dag.py:3239} INFO - Sync 3 DAGs
[2025-03-04T07:16:06.739+0000] {logging_mixin.py:190} INFO - [2025-03-04T07:16:06.738+0000] {dag.py:4180} INFO - Setting next_dagrun for dataset_with_extra_by_context to 2025-03-03 00:00:00+00:00, run_after=2025-03-04 00:00:00+00:00
[2025-03-04T07:16:06.743+0000] {logging_mixin.py:190} INFO - [2025-03-04T07:16:06.743+0000] {dag.py:4180} INFO - Setting next_dagrun for dataset_with_extra_by_yield to 2025-03-03 00:00:00+00:00, run_after=2025-03-04 00:00:00+00:00
[2025-03-04T07:16:06.747+0000] {logging_mixin.py:190} INFO - [2025-03-04T07:16:06.746+0000] {dag.py:4180} INFO - Setting next_dagrun for dataset_with_extra_from_classic_operator to 2025-03-03 00:00:00+00:00, run_after=2025-03-04 00:00:00+00:00
[2025-03-04T07:16:06.770+0000] {processor.py:208} INFO - Processing /home/airflow/.local/lib/python3.12/site-packages/airflow/example_dags/example_outlet_event_extra.py took 0.576 seconds
[2025-03-04T07:16:36.903+0000] {processor.py:186} INFO - Started process (PID=3600) to work on /home/airflow/.local/lib/python3.12/site-packages/airflow/example_dags/example_outlet_event_extra.py
[2025-03-04T07:16:36.903+0000] {processor.py:914} INFO - Processing file /home/airflow/.local/lib/python3.12/site-packages/airflow/example_dags/example_outlet_event_extra.py for tasks to queue
[2025-03-04T07:16:36.905+0000] {logging_mixin.py:190} INFO - [2025-03-04T07:16:36.904+0000] {dagbag.py:588} INFO - Filling up the DagBag from /home/airflow/.local/lib/python3.12/site-packages/airflow/example_dags/example_outlet_event_extra.py
[2025-03-04T07:16:37.346+0000] {processor.py:925} INFO - DAG(s) 'dataset_with_extra_from_classic_operator', 'dataset_with_extra_by_context', 'dataset_with_extra_by_yield' retrieved from /home/airflow/.local/lib/python3.12/site-packages/airflow/example_dags/example_outlet_event_extra.py
[2025-03-04T07:16:37.364+0000] {logging_mixin.py:190} INFO - [2025-03-04T07:16:37.364+0000] {dag.py:3239} INFO - Sync 3 DAGs
[2025-03-04T07:16:37.383+0000] {logging_mixin.py:190} INFO - [2025-03-04T07:16:37.383+0000] {dag.py:4180} INFO - Setting next_dagrun for dataset_with_extra_by_context to 2025-03-03 00:00:00+00:00, run_after=2025-03-04 00:00:00+00:00
[2025-03-04T07:16:37.388+0000] {logging_mixin.py:190} INFO - [2025-03-04T07:16:37.387+0000] {dag.py:4180} INFO - Setting next_dagrun for dataset_with_extra_by_yield to 2025-03-03 00:00:00+00:00, run_after=2025-03-04 00:00:00+00:00
[2025-03-04T07:16:37.390+0000] {logging_mixin.py:190} INFO - [2025-03-04T07:16:37.390+0000] {dag.py:4180} INFO - Setting next_dagrun for dataset_with_extra_from_classic_operator to 2025-03-03 00:00:00+00:00, run_after=2025-03-04 00:00:00+00:00
[2025-03-04T07:16:37.411+0000] {processor.py:208} INFO - Processing /home/airflow/.local/lib/python3.12/site-packages/airflow/example_dags/example_outlet_event_extra.py took 0.513 seconds
[2025-03-04T07:17:08.161+0000] {processor.py:186} INFO - Started process (PID=3681) to work on /home/airflow/.local/lib/python3.12/site-packages/airflow/example_dags/example_outlet_event_extra.py
[2025-03-04T07:17:08.162+0000] {processor.py:914} INFO - Processing file /home/airflow/.local/lib/python3.12/site-packages/airflow/example_dags/example_outlet_event_extra.py for tasks to queue
[2025-03-04T07:17:08.164+0000] {logging_mixin.py:190} INFO - [2025-03-04T07:17:08.163+0000] {dagbag.py:588} INFO - Filling up the DagBag from /home/airflow/.local/lib/python3.12/site-packages/airflow/example_dags/example_outlet_event_extra.py
[2025-03-04T07:17:08.607+0000] {processor.py:925} INFO - DAG(s) 'dataset_with_extra_from_classic_operator', 'dataset_with_extra_by_yield', 'dataset_with_extra_by_context' retrieved from /home/airflow/.local/lib/python3.12/site-packages/airflow/example_dags/example_outlet_event_extra.py
[2025-03-04T07:17:08.628+0000] {logging_mixin.py:190} INFO - [2025-03-04T07:17:08.628+0000] {dag.py:3239} INFO - Sync 3 DAGs
[2025-03-04T07:17:08.650+0000] {logging_mixin.py:190} INFO - [2025-03-04T07:17:08.650+0000] {dag.py:4180} INFO - Setting next_dagrun for dataset_with_extra_by_context to 2025-03-03 00:00:00+00:00, run_after=2025-03-04 00:00:00+00:00
[2025-03-04T07:17:08.654+0000] {logging_mixin.py:190} INFO - [2025-03-04T07:17:08.654+0000] {dag.py:4180} INFO - Setting next_dagrun for dataset_with_extra_by_yield to 2025-03-03 00:00:00+00:00, run_after=2025-03-04 00:00:00+00:00
[2025-03-04T07:17:08.657+0000] {logging_mixin.py:190} INFO - [2025-03-04T07:17:08.657+0000] {dag.py:4180} INFO - Setting next_dagrun for dataset_with_extra_from_classic_operator to 2025-03-03 00:00:00+00:00, run_after=2025-03-04 00:00:00+00:00
[2025-03-04T07:17:08.677+0000] {processor.py:208} INFO - Processing /home/airflow/.local/lib/python3.12/site-packages/airflow/example_dags/example_outlet_event_extra.py took 0.521 seconds
[2025-03-04T07:17:38.868+0000] {processor.py:186} INFO - Started process (PID=3757) to work on /home/airflow/.local/lib/python3.12/site-packages/airflow/example_dags/example_outlet_event_extra.py
[2025-03-04T07:17:38.870+0000] {processor.py:914} INFO - Processing file /home/airflow/.local/lib/python3.12/site-packages/airflow/example_dags/example_outlet_event_extra.py for tasks to queue
[2025-03-04T07:17:38.871+0000] {logging_mixin.py:190} INFO - [2025-03-04T07:17:38.871+0000] {dagbag.py:588} INFO - Filling up the DagBag from /home/airflow/.local/lib/python3.12/site-packages/airflow/example_dags/example_outlet_event_extra.py
[2025-03-04T07:17:39.323+0000] {processor.py:925} INFO - DAG(s) 'dataset_with_extra_from_classic_operator', 'dataset_with_extra_by_yield', 'dataset_with_extra_by_context' retrieved from /home/airflow/.local/lib/python3.12/site-packages/airflow/example_dags/example_outlet_event_extra.py
[2025-03-04T07:17:39.341+0000] {logging_mixin.py:190} INFO - [2025-03-04T07:17:39.341+0000] {dag.py:3239} INFO - Sync 3 DAGs
[2025-03-04T07:17:39.360+0000] {logging_mixin.py:190} INFO - [2025-03-04T07:17:39.360+0000] {dag.py:4180} INFO - Setting next_dagrun for dataset_with_extra_by_context to 2025-03-03 00:00:00+00:00, run_after=2025-03-04 00:00:00+00:00
[2025-03-04T07:17:39.364+0000] {logging_mixin.py:190} INFO - [2025-03-04T07:17:39.364+0000] {dag.py:4180} INFO - Setting next_dagrun for dataset_with_extra_by_yield to 2025-03-03 00:00:00+00:00, run_after=2025-03-04 00:00:00+00:00
[2025-03-04T07:17:39.367+0000] {logging_mixin.py:190} INFO - [2025-03-04T07:17:39.367+0000] {dag.py:4180} INFO - Setting next_dagrun for dataset_with_extra_from_classic_operator to 2025-03-03 00:00:00+00:00, run_after=2025-03-04 00:00:00+00:00
[2025-03-04T07:17:39.383+0000] {processor.py:208} INFO - Processing /home/airflow/.local/lib/python3.12/site-packages/airflow/example_dags/example_outlet_event_extra.py took 0.520 seconds
[2025-03-04T07:18:09.611+0000] {processor.py:186} INFO - Started process (PID=3834) to work on /home/airflow/.local/lib/python3.12/site-packages/airflow/example_dags/example_outlet_event_extra.py
[2025-03-04T07:18:09.612+0000] {processor.py:914} INFO - Processing file /home/airflow/.local/lib/python3.12/site-packages/airflow/example_dags/example_outlet_event_extra.py for tasks to queue
[2025-03-04T07:18:09.614+0000] {logging_mixin.py:190} INFO - [2025-03-04T07:18:09.613+0000] {dagbag.py:588} INFO - Filling up the DagBag from /home/airflow/.local/lib/python3.12/site-packages/airflow/example_dags/example_outlet_event_extra.py
[2025-03-04T07:18:10.190+0000] {processor.py:925} INFO - DAG(s) 'dataset_with_extra_by_yield', 'dataset_with_extra_by_context', 'dataset_with_extra_from_classic_operator' retrieved from /home/airflow/.local/lib/python3.12/site-packages/airflow/example_dags/example_outlet_event_extra.py
[2025-03-04T07:18:10.210+0000] {logging_mixin.py:190} INFO - [2025-03-04T07:18:10.210+0000] {dag.py:3239} INFO - Sync 3 DAGs
[2025-03-04T07:18:10.231+0000] {logging_mixin.py:190} INFO - [2025-03-04T07:18:10.231+0000] {dag.py:4180} INFO - Setting next_dagrun for dataset_with_extra_by_context to 2025-03-03 00:00:00+00:00, run_after=2025-03-04 00:00:00+00:00
[2025-03-04T07:18:10.235+0000] {logging_mixin.py:190} INFO - [2025-03-04T07:18:10.235+0000] {dag.py:4180} INFO - Setting next_dagrun for dataset_with_extra_by_yield to 2025-03-03 00:00:00+00:00, run_after=2025-03-04 00:00:00+00:00
[2025-03-04T07:18:10.238+0000] {logging_mixin.py:190} INFO - [2025-03-04T07:18:10.238+0000] {dag.py:4180} INFO - Setting next_dagrun for dataset_with_extra_from_classic_operator to 2025-03-03 00:00:00+00:00, run_after=2025-03-04 00:00:00+00:00
[2025-03-04T07:18:10.255+0000] {processor.py:208} INFO - Processing /home/airflow/.local/lib/python3.12/site-packages/airflow/example_dags/example_outlet_event_extra.py took 0.651 seconds
[2025-03-04T07:18:40.505+0000] {processor.py:186} INFO - Started process (PID=3916) to work on /home/airflow/.local/lib/python3.12/site-packages/airflow/example_dags/example_outlet_event_extra.py
[2025-03-04T07:18:40.507+0000] {processor.py:914} INFO - Processing file /home/airflow/.local/lib/python3.12/site-packages/airflow/example_dags/example_outlet_event_extra.py for tasks to queue
[2025-03-04T07:18:40.508+0000] {logging_mixin.py:190} INFO - [2025-03-04T07:18:40.508+0000] {dagbag.py:588} INFO - Filling up the DagBag from /home/airflow/.local/lib/python3.12/site-packages/airflow/example_dags/example_outlet_event_extra.py
[2025-03-04T07:18:41.078+0000] {processor.py:925} INFO - DAG(s) 'dataset_with_extra_by_yield', 'dataset_with_extra_by_context', 'dataset_with_extra_from_classic_operator' retrieved from /home/airflow/.local/lib/python3.12/site-packages/airflow/example_dags/example_outlet_event_extra.py
[2025-03-04T07:18:41.097+0000] {logging_mixin.py:190} INFO - [2025-03-04T07:18:41.097+0000] {dag.py:3239} INFO - Sync 3 DAGs
[2025-03-04T07:18:41.117+0000] {logging_mixin.py:190} INFO - [2025-03-04T07:18:41.117+0000] {dag.py:4180} INFO - Setting next_dagrun for dataset_with_extra_by_context to 2025-03-03 00:00:00+00:00, run_after=2025-03-04 00:00:00+00:00
[2025-03-04T07:18:41.121+0000] {logging_mixin.py:190} INFO - [2025-03-04T07:18:41.121+0000] {dag.py:4180} INFO - Setting next_dagrun for dataset_with_extra_by_yield to 2025-03-03 00:00:00+00:00, run_after=2025-03-04 00:00:00+00:00
[2025-03-04T07:18:41.123+0000] {logging_mixin.py:190} INFO - [2025-03-04T07:18:41.123+0000] {dag.py:4180} INFO - Setting next_dagrun for dataset_with_extra_from_classic_operator to 2025-03-03 00:00:00+00:00, run_after=2025-03-04 00:00:00+00:00
[2025-03-04T07:18:41.138+0000] {processor.py:208} INFO - Processing /home/airflow/.local/lib/python3.12/site-packages/airflow/example_dags/example_outlet_event_extra.py took 0.638 seconds
