[2025-03-04T06:53:48.576+0000] {processor.py:186} INFO - Started process (PID=102) to work on /home/airflow/.local/lib/python3.12/site-packages/airflow/example_dags/example_setup_teardown.py
[2025-03-04T06:53:48.578+0000] {processor.py:914} INFO - Processing file /home/airflow/.local/lib/python3.12/site-packages/airflow/example_dags/example_setup_teardown.py for tasks to queue
[2025-03-04T06:53:48.581+0000] {logging_mixin.py:190} INFO - [2025-03-04T06:53:48.581+0000] {dagbag.py:588} INFO - Filling up the DagBag from /home/airflow/.local/lib/python3.12/site-packages/airflow/example_dags/example_setup_teardown.py
[2025-03-04T06:53:48.595+0000] {processor.py:925} INFO - DAG(s) 'example_setup_teardown' retrieved from /home/airflow/.local/lib/python3.12/site-packages/airflow/example_dags/example_setup_teardown.py
[2025-03-04T06:53:48.747+0000] {logging_mixin.py:190} INFO - [2025-03-04T06:53:48.746+0000] {override.py:1912} INFO - Created Permission View: can read on DAG:example_setup_teardown
[2025-03-04T06:53:48.764+0000] {logging_mixin.py:190} INFO - [2025-03-04T06:53:48.764+0000] {override.py:1912} INFO - Created Permission View: can edit on DAG:example_setup_teardown
[2025-03-04T06:53:48.775+0000] {logging_mixin.py:190} INFO - [2025-03-04T06:53:48.775+0000] {override.py:1912} INFO - Created Permission View: can delete on DAG:example_setup_teardown
[2025-03-04T06:53:48.788+0000] {logging_mixin.py:190} INFO - [2025-03-04T06:53:48.788+0000] {override.py:1912} INFO - Created Permission View: menu access on DAG Run:example_setup_teardown
[2025-03-04T06:53:48.798+0000] {logging_mixin.py:190} INFO - [2025-03-04T06:53:48.798+0000] {override.py:1912} INFO - Created Permission View: can read on DAG Run:example_setup_teardown
[2025-03-04T06:53:48.807+0000] {logging_mixin.py:190} INFO - [2025-03-04T06:53:48.807+0000] {override.py:1912} INFO - Created Permission View: can delete on DAG Run:example_setup_teardown
[2025-03-04T06:53:48.818+0000] {logging_mixin.py:190} INFO - [2025-03-04T06:53:48.817+0000] {override.py:1912} INFO - Created Permission View: can create on DAG Run:example_setup_teardown
[2025-03-04T06:53:48.819+0000] {logging_mixin.py:190} INFO - [2025-03-04T06:53:48.818+0000] {dag.py:3239} INFO - Sync 1 DAGs
[2025-03-04T06:53:48.842+0000] {logging_mixin.py:190} INFO - [2025-03-04T06:53:48.841+0000] {dag.py:3262} INFO - Creating ORM DAG for example_setup_teardown
[2025-03-04T06:53:48.844+0000] {logging_mixin.py:190} INFO - [2025-03-04T06:53:48.844+0000] {dag.py:4180} INFO - Setting next_dagrun for example_setup_teardown to None, run_after=None
[2025-03-04T06:53:48.870+0000] {processor.py:208} INFO - Processing /home/airflow/.local/lib/python3.12/site-packages/airflow/example_dags/example_setup_teardown.py took 0.303 seconds
[2025-03-04T06:54:18.979+0000] {processor.py:186} INFO - Started process (PID=184) to work on /home/airflow/.local/lib/python3.12/site-packages/airflow/example_dags/example_setup_teardown.py
[2025-03-04T06:54:18.980+0000] {processor.py:914} INFO - Processing file /home/airflow/.local/lib/python3.12/site-packages/airflow/example_dags/example_setup_teardown.py for tasks to queue
[2025-03-04T06:54:18.983+0000] {logging_mixin.py:190} INFO - [2025-03-04T06:54:18.982+0000] {dagbag.py:588} INFO - Filling up the DagBag from /home/airflow/.local/lib/python3.12/site-packages/airflow/example_dags/example_setup_teardown.py
[2025-03-04T06:54:19.004+0000] {processor.py:925} INFO - DAG(s) 'example_setup_teardown' retrieved from /home/airflow/.local/lib/python3.12/site-packages/airflow/example_dags/example_setup_teardown.py
[2025-03-04T06:54:19.027+0000] {logging_mixin.py:190} INFO - [2025-03-04T06:54:19.026+0000] {dag.py:3239} INFO - Sync 1 DAGs
[2025-03-04T06:54:19.037+0000] {logging_mixin.py:190} INFO - [2025-03-04T06:54:19.037+0000] {dag.py:4180} INFO - Setting next_dagrun for example_setup_teardown to None, run_after=None
[2025-03-04T06:54:19.051+0000] {processor.py:208} INFO - Processing /home/airflow/.local/lib/python3.12/site-packages/airflow/example_dags/example_setup_teardown.py took 0.078 seconds
[2025-03-04T06:54:49.363+0000] {processor.py:186} INFO - Started process (PID=260) to work on /home/airflow/.local/lib/python3.12/site-packages/airflow/example_dags/example_setup_teardown.py
[2025-03-04T06:54:49.366+0000] {processor.py:914} INFO - Processing file /home/airflow/.local/lib/python3.12/site-packages/airflow/example_dags/example_setup_teardown.py for tasks to queue
[2025-03-04T06:54:49.370+0000] {logging_mixin.py:190} INFO - [2025-03-04T06:54:49.370+0000] {dagbag.py:588} INFO - Filling up the DagBag from /home/airflow/.local/lib/python3.12/site-packages/airflow/example_dags/example_setup_teardown.py
[2025-03-04T06:54:49.381+0000] {processor.py:925} INFO - DAG(s) 'example_setup_teardown' retrieved from /home/airflow/.local/lib/python3.12/site-packages/airflow/example_dags/example_setup_teardown.py
[2025-03-04T06:54:49.400+0000] {logging_mixin.py:190} INFO - [2025-03-04T06:54:49.400+0000] {dag.py:3239} INFO - Sync 1 DAGs
[2025-03-04T06:54:49.416+0000] {logging_mixin.py:190} INFO - [2025-03-04T06:54:49.416+0000] {dag.py:4180} INFO - Setting next_dagrun for example_setup_teardown to None, run_after=None
[2025-03-04T06:54:49.434+0000] {processor.py:208} INFO - Processing /home/airflow/.local/lib/python3.12/site-packages/airflow/example_dags/example_setup_teardown.py took 0.076 seconds
[2025-03-04T06:55:19.558+0000] {processor.py:186} INFO - Started process (PID=341) to work on /home/airflow/.local/lib/python3.12/site-packages/airflow/example_dags/example_setup_teardown.py
[2025-03-04T06:55:19.560+0000] {processor.py:914} INFO - Processing file /home/airflow/.local/lib/python3.12/site-packages/airflow/example_dags/example_setup_teardown.py for tasks to queue
[2025-03-04T06:55:19.562+0000] {logging_mixin.py:190} INFO - [2025-03-04T06:55:19.562+0000] {dagbag.py:588} INFO - Filling up the DagBag from /home/airflow/.local/lib/python3.12/site-packages/airflow/example_dags/example_setup_teardown.py
[2025-03-04T06:55:19.569+0000] {processor.py:925} INFO - DAG(s) 'example_setup_teardown' retrieved from /home/airflow/.local/lib/python3.12/site-packages/airflow/example_dags/example_setup_teardown.py
[2025-03-04T06:55:19.590+0000] {logging_mixin.py:190} INFO - [2025-03-04T06:55:19.590+0000] {dag.py:3239} INFO - Sync 1 DAGs
[2025-03-04T06:55:19.606+0000] {logging_mixin.py:190} INFO - [2025-03-04T06:55:19.605+0000] {dag.py:4180} INFO - Setting next_dagrun for example_setup_teardown to None, run_after=None
[2025-03-04T06:55:19.631+0000] {processor.py:208} INFO - Processing /home/airflow/.local/lib/python3.12/site-packages/airflow/example_dags/example_setup_teardown.py took 0.078 seconds
[2025-03-04T06:55:50.359+0000] {processor.py:186} INFO - Started process (PID=416) to work on /home/airflow/.local/lib/python3.12/site-packages/airflow/example_dags/example_setup_teardown.py
[2025-03-04T06:55:50.360+0000] {processor.py:914} INFO - Processing file /home/airflow/.local/lib/python3.12/site-packages/airflow/example_dags/example_setup_teardown.py for tasks to queue
[2025-03-04T06:55:50.362+0000] {logging_mixin.py:190} INFO - [2025-03-04T06:55:50.362+0000] {dagbag.py:588} INFO - Filling up the DagBag from /home/airflow/.local/lib/python3.12/site-packages/airflow/example_dags/example_setup_teardown.py
[2025-03-04T06:55:50.369+0000] {processor.py:925} INFO - DAG(s) 'example_setup_teardown' retrieved from /home/airflow/.local/lib/python3.12/site-packages/airflow/example_dags/example_setup_teardown.py
[2025-03-04T06:55:50.387+0000] {logging_mixin.py:190} INFO - [2025-03-04T06:55:50.387+0000] {dag.py:3239} INFO - Sync 1 DAGs
[2025-03-04T06:55:50.399+0000] {logging_mixin.py:190} INFO - [2025-03-04T06:55:50.399+0000] {dag.py:4180} INFO - Setting next_dagrun for example_setup_teardown to None, run_after=None
[2025-03-04T06:55:50.419+0000] {processor.py:208} INFO - Processing /home/airflow/.local/lib/python3.12/site-packages/airflow/example_dags/example_setup_teardown.py took 0.065 seconds
[2025-03-04T06:56:21.440+0000] {processor.py:186} INFO - Started process (PID=498) to work on /home/airflow/.local/lib/python3.12/site-packages/airflow/example_dags/example_setup_teardown.py
[2025-03-04T06:56:21.442+0000] {processor.py:914} INFO - Processing file /home/airflow/.local/lib/python3.12/site-packages/airflow/example_dags/example_setup_teardown.py for tasks to queue
[2025-03-04T06:56:21.446+0000] {logging_mixin.py:190} INFO - [2025-03-04T06:56:21.445+0000] {dagbag.py:588} INFO - Filling up the DagBag from /home/airflow/.local/lib/python3.12/site-packages/airflow/example_dags/example_setup_teardown.py
[2025-03-04T06:56:21.458+0000] {processor.py:925} INFO - DAG(s) 'example_setup_teardown' retrieved from /home/airflow/.local/lib/python3.12/site-packages/airflow/example_dags/example_setup_teardown.py
[2025-03-04T06:56:21.482+0000] {logging_mixin.py:190} INFO - [2025-03-04T06:56:21.482+0000] {dag.py:3239} INFO - Sync 1 DAGs
[2025-03-04T06:56:21.498+0000] {logging_mixin.py:190} INFO - [2025-03-04T06:56:21.498+0000] {dag.py:4180} INFO - Setting next_dagrun for example_setup_teardown to None, run_after=None
[2025-03-04T06:56:21.520+0000] {processor.py:208} INFO - Processing /home/airflow/.local/lib/python3.12/site-packages/airflow/example_dags/example_setup_teardown.py took 0.086 seconds
[2025-03-04T06:56:52.471+0000] {processor.py:186} INFO - Started process (PID=574) to work on /home/airflow/.local/lib/python3.12/site-packages/airflow/example_dags/example_setup_teardown.py
[2025-03-04T06:56:52.472+0000] {processor.py:914} INFO - Processing file /home/airflow/.local/lib/python3.12/site-packages/airflow/example_dags/example_setup_teardown.py for tasks to queue
[2025-03-04T06:56:52.475+0000] {logging_mixin.py:190} INFO - [2025-03-04T06:56:52.474+0000] {dagbag.py:588} INFO - Filling up the DagBag from /home/airflow/.local/lib/python3.12/site-packages/airflow/example_dags/example_setup_teardown.py
[2025-03-04T06:56:52.484+0000] {processor.py:925} INFO - DAG(s) 'example_setup_teardown' retrieved from /home/airflow/.local/lib/python3.12/site-packages/airflow/example_dags/example_setup_teardown.py
[2025-03-04T06:56:52.504+0000] {logging_mixin.py:190} INFO - [2025-03-04T06:56:52.504+0000] {dag.py:3239} INFO - Sync 1 DAGs
[2025-03-04T06:56:52.520+0000] {logging_mixin.py:190} INFO - [2025-03-04T06:56:52.520+0000] {dag.py:4180} INFO - Setting next_dagrun for example_setup_teardown to None, run_after=None
[2025-03-04T06:56:52.544+0000] {processor.py:208} INFO - Processing /home/airflow/.local/lib/python3.12/site-packages/airflow/example_dags/example_setup_teardown.py took 0.079 seconds
[2025-03-04T06:57:23.476+0000] {processor.py:186} INFO - Started process (PID=649) to work on /home/airflow/.local/lib/python3.12/site-packages/airflow/example_dags/example_setup_teardown.py
[2025-03-04T06:57:23.477+0000] {processor.py:914} INFO - Processing file /home/airflow/.local/lib/python3.12/site-packages/airflow/example_dags/example_setup_teardown.py for tasks to queue
[2025-03-04T06:57:23.479+0000] {logging_mixin.py:190} INFO - [2025-03-04T06:57:23.479+0000] {dagbag.py:588} INFO - Filling up the DagBag from /home/airflow/.local/lib/python3.12/site-packages/airflow/example_dags/example_setup_teardown.py
[2025-03-04T06:57:23.485+0000] {processor.py:925} INFO - DAG(s) 'example_setup_teardown' retrieved from /home/airflow/.local/lib/python3.12/site-packages/airflow/example_dags/example_setup_teardown.py
[2025-03-04T06:57:23.500+0000] {logging_mixin.py:190} INFO - [2025-03-04T06:57:23.500+0000] {dag.py:3239} INFO - Sync 1 DAGs
[2025-03-04T06:57:23.510+0000] {logging_mixin.py:190} INFO - [2025-03-04T06:57:23.510+0000] {dag.py:4180} INFO - Setting next_dagrun for example_setup_teardown to None, run_after=None
[2025-03-04T06:57:23.526+0000] {processor.py:208} INFO - Processing /home/airflow/.local/lib/python3.12/site-packages/airflow/example_dags/example_setup_teardown.py took 0.054 seconds
[2025-03-04T06:57:54.110+0000] {processor.py:186} INFO - Started process (PID=732) to work on /home/airflow/.local/lib/python3.12/site-packages/airflow/example_dags/example_setup_teardown.py
[2025-03-04T06:57:54.111+0000] {processor.py:914} INFO - Processing file /home/airflow/.local/lib/python3.12/site-packages/airflow/example_dags/example_setup_teardown.py for tasks to queue
[2025-03-04T06:57:54.113+0000] {logging_mixin.py:190} INFO - [2025-03-04T06:57:54.113+0000] {dagbag.py:588} INFO - Filling up the DagBag from /home/airflow/.local/lib/python3.12/site-packages/airflow/example_dags/example_setup_teardown.py
[2025-03-04T06:57:54.121+0000] {processor.py:925} INFO - DAG(s) 'example_setup_teardown' retrieved from /home/airflow/.local/lib/python3.12/site-packages/airflow/example_dags/example_setup_teardown.py
[2025-03-04T06:57:54.139+0000] {logging_mixin.py:190} INFO - [2025-03-04T06:57:54.139+0000] {dag.py:3239} INFO - Sync 1 DAGs
[2025-03-04T06:57:54.152+0000] {logging_mixin.py:190} INFO - [2025-03-04T06:57:54.151+0000] {dag.py:4180} INFO - Setting next_dagrun for example_setup_teardown to None, run_after=None
[2025-03-04T06:57:54.170+0000] {processor.py:208} INFO - Processing /home/airflow/.local/lib/python3.12/site-packages/airflow/example_dags/example_setup_teardown.py took 0.064 seconds
[2025-03-04T06:58:24.338+0000] {processor.py:186} INFO - Started process (PID=807) to work on /home/airflow/.local/lib/python3.12/site-packages/airflow/example_dags/example_setup_teardown.py
[2025-03-04T06:58:24.340+0000] {processor.py:914} INFO - Processing file /home/airflow/.local/lib/python3.12/site-packages/airflow/example_dags/example_setup_teardown.py for tasks to queue
[2025-03-04T06:58:24.344+0000] {logging_mixin.py:190} INFO - [2025-03-04T06:58:24.344+0000] {dagbag.py:588} INFO - Filling up the DagBag from /home/airflow/.local/lib/python3.12/site-packages/airflow/example_dags/example_setup_teardown.py
[2025-03-04T06:58:24.355+0000] {processor.py:925} INFO - DAG(s) 'example_setup_teardown' retrieved from /home/airflow/.local/lib/python3.12/site-packages/airflow/example_dags/example_setup_teardown.py
[2025-03-04T06:58:24.374+0000] {logging_mixin.py:190} INFO - [2025-03-04T06:58:24.374+0000] {dag.py:3239} INFO - Sync 1 DAGs
[2025-03-04T06:58:24.389+0000] {logging_mixin.py:190} INFO - [2025-03-04T06:58:24.389+0000] {dag.py:4180} INFO - Setting next_dagrun for example_setup_teardown to None, run_after=None
[2025-03-04T06:58:24.404+0000] {processor.py:208} INFO - Processing /home/airflow/.local/lib/python3.12/site-packages/airflow/example_dags/example_setup_teardown.py took 0.073 seconds
[2025-03-04T06:58:55.080+0000] {processor.py:186} INFO - Started process (PID=892) to work on /home/airflow/.local/lib/python3.12/site-packages/airflow/example_dags/example_setup_teardown.py
[2025-03-04T06:58:55.082+0000] {processor.py:914} INFO - Processing file /home/airflow/.local/lib/python3.12/site-packages/airflow/example_dags/example_setup_teardown.py for tasks to queue
[2025-03-04T06:58:55.085+0000] {logging_mixin.py:190} INFO - [2025-03-04T06:58:55.084+0000] {dagbag.py:588} INFO - Filling up the DagBag from /home/airflow/.local/lib/python3.12/site-packages/airflow/example_dags/example_setup_teardown.py
[2025-03-04T06:58:55.095+0000] {processor.py:925} INFO - DAG(s) 'example_setup_teardown' retrieved from /home/airflow/.local/lib/python3.12/site-packages/airflow/example_dags/example_setup_teardown.py
[2025-03-04T06:58:55.116+0000] {logging_mixin.py:190} INFO - [2025-03-04T06:58:55.116+0000] {dag.py:3239} INFO - Sync 1 DAGs
[2025-03-04T06:58:55.132+0000] {logging_mixin.py:190} INFO - [2025-03-04T06:58:55.132+0000] {dag.py:4180} INFO - Setting next_dagrun for example_setup_teardown to None, run_after=None
[2025-03-04T06:58:55.153+0000] {processor.py:208} INFO - Processing /home/airflow/.local/lib/python3.12/site-packages/airflow/example_dags/example_setup_teardown.py took 0.079 seconds
[2025-03-04T06:59:25.964+0000] {processor.py:186} INFO - Started process (PID=968) to work on /home/airflow/.local/lib/python3.12/site-packages/airflow/example_dags/example_setup_teardown.py
[2025-03-04T06:59:25.965+0000] {processor.py:914} INFO - Processing file /home/airflow/.local/lib/python3.12/site-packages/airflow/example_dags/example_setup_teardown.py for tasks to queue
[2025-03-04T06:59:25.967+0000] {logging_mixin.py:190} INFO - [2025-03-04T06:59:25.967+0000] {dagbag.py:588} INFO - Filling up the DagBag from /home/airflow/.local/lib/python3.12/site-packages/airflow/example_dags/example_setup_teardown.py
[2025-03-04T06:59:25.973+0000] {processor.py:925} INFO - DAG(s) 'example_setup_teardown' retrieved from /home/airflow/.local/lib/python3.12/site-packages/airflow/example_dags/example_setup_teardown.py
[2025-03-04T06:59:25.988+0000] {logging_mixin.py:190} INFO - [2025-03-04T06:59:25.988+0000] {dag.py:3239} INFO - Sync 1 DAGs
[2025-03-04T06:59:25.998+0000] {logging_mixin.py:190} INFO - [2025-03-04T06:59:25.998+0000] {dag.py:4180} INFO - Setting next_dagrun for example_setup_teardown to None, run_after=None
[2025-03-04T06:59:26.014+0000] {processor.py:208} INFO - Processing /home/airflow/.local/lib/python3.12/site-packages/airflow/example_dags/example_setup_teardown.py took 0.054 seconds
[2025-03-04T06:59:56.983+0000] {processor.py:186} INFO - Started process (PID=1044) to work on /home/airflow/.local/lib/python3.12/site-packages/airflow/example_dags/example_setup_teardown.py
[2025-03-04T06:59:56.984+0000] {processor.py:914} INFO - Processing file /home/airflow/.local/lib/python3.12/site-packages/airflow/example_dags/example_setup_teardown.py for tasks to queue
[2025-03-04T06:59:56.986+0000] {logging_mixin.py:190} INFO - [2025-03-04T06:59:56.986+0000] {dagbag.py:588} INFO - Filling up the DagBag from /home/airflow/.local/lib/python3.12/site-packages/airflow/example_dags/example_setup_teardown.py
[2025-03-04T06:59:56.994+0000] {processor.py:925} INFO - DAG(s) 'example_setup_teardown' retrieved from /home/airflow/.local/lib/python3.12/site-packages/airflow/example_dags/example_setup_teardown.py
[2025-03-04T06:59:57.012+0000] {logging_mixin.py:190} INFO - [2025-03-04T06:59:57.011+0000] {dag.py:3239} INFO - Sync 1 DAGs
[2025-03-04T06:59:57.024+0000] {logging_mixin.py:190} INFO - [2025-03-04T06:59:57.024+0000] {dag.py:4180} INFO - Setting next_dagrun for example_setup_teardown to None, run_after=None
[2025-03-04T06:59:57.041+0000] {processor.py:208} INFO - Processing /home/airflow/.local/lib/python3.12/site-packages/airflow/example_dags/example_setup_teardown.py took 0.063 seconds
[2025-03-04T07:00:27.559+0000] {processor.py:186} INFO - Started process (PID=1128) to work on /home/airflow/.local/lib/python3.12/site-packages/airflow/example_dags/example_setup_teardown.py
[2025-03-04T07:00:27.560+0000] {processor.py:914} INFO - Processing file /home/airflow/.local/lib/python3.12/site-packages/airflow/example_dags/example_setup_teardown.py for tasks to queue
[2025-03-04T07:00:27.562+0000] {logging_mixin.py:190} INFO - [2025-03-04T07:00:27.562+0000] {dagbag.py:588} INFO - Filling up the DagBag from /home/airflow/.local/lib/python3.12/site-packages/airflow/example_dags/example_setup_teardown.py
[2025-03-04T07:00:27.568+0000] {processor.py:925} INFO - DAG(s) 'example_setup_teardown' retrieved from /home/airflow/.local/lib/python3.12/site-packages/airflow/example_dags/example_setup_teardown.py
[2025-03-04T07:00:27.585+0000] {logging_mixin.py:190} INFO - [2025-03-04T07:00:27.585+0000] {dag.py:3239} INFO - Sync 1 DAGs
[2025-03-04T07:00:27.595+0000] {logging_mixin.py:190} INFO - [2025-03-04T07:00:27.595+0000] {dag.py:4180} INFO - Setting next_dagrun for example_setup_teardown to None, run_after=None
[2025-03-04T07:00:27.609+0000] {processor.py:208} INFO - Processing /home/airflow/.local/lib/python3.12/site-packages/airflow/example_dags/example_setup_teardown.py took 0.054 seconds
[2025-03-04T07:00:58.551+0000] {processor.py:186} INFO - Started process (PID=1207) to work on /home/airflow/.local/lib/python3.12/site-packages/airflow/example_dags/example_setup_teardown.py
[2025-03-04T07:00:58.553+0000] {processor.py:914} INFO - Processing file /home/airflow/.local/lib/python3.12/site-packages/airflow/example_dags/example_setup_teardown.py for tasks to queue
[2025-03-04T07:00:58.555+0000] {logging_mixin.py:190} INFO - [2025-03-04T07:00:58.554+0000] {dagbag.py:588} INFO - Filling up the DagBag from /home/airflow/.local/lib/python3.12/site-packages/airflow/example_dags/example_setup_teardown.py
[2025-03-04T07:00:58.563+0000] {processor.py:925} INFO - DAG(s) 'example_setup_teardown' retrieved from /home/airflow/.local/lib/python3.12/site-packages/airflow/example_dags/example_setup_teardown.py
[2025-03-04T07:00:58.584+0000] {logging_mixin.py:190} INFO - [2025-03-04T07:00:58.584+0000] {dag.py:3239} INFO - Sync 1 DAGs
[2025-03-04T07:00:58.597+0000] {logging_mixin.py:190} INFO - [2025-03-04T07:00:58.597+0000] {dag.py:4180} INFO - Setting next_dagrun for example_setup_teardown to None, run_after=None
[2025-03-04T07:00:58.617+0000] {processor.py:208} INFO - Processing /home/airflow/.local/lib/python3.12/site-packages/airflow/example_dags/example_setup_teardown.py took 0.070 seconds
[2025-03-04T07:01:29.730+0000] {processor.py:186} INFO - Started process (PID=1291) to work on /home/airflow/.local/lib/python3.12/site-packages/airflow/example_dags/example_setup_teardown.py
[2025-03-04T07:01:29.731+0000] {processor.py:914} INFO - Processing file /home/airflow/.local/lib/python3.12/site-packages/airflow/example_dags/example_setup_teardown.py for tasks to queue
[2025-03-04T07:01:29.733+0000] {logging_mixin.py:190} INFO - [2025-03-04T07:01:29.733+0000] {dagbag.py:588} INFO - Filling up the DagBag from /home/airflow/.local/lib/python3.12/site-packages/airflow/example_dags/example_setup_teardown.py
[2025-03-04T07:01:29.742+0000] {processor.py:925} INFO - DAG(s) 'example_setup_teardown' retrieved from /home/airflow/.local/lib/python3.12/site-packages/airflow/example_dags/example_setup_teardown.py
[2025-03-04T07:01:29.762+0000] {logging_mixin.py:190} INFO - [2025-03-04T07:01:29.762+0000] {dag.py:3239} INFO - Sync 1 DAGs
[2025-03-04T07:01:29.776+0000] {logging_mixin.py:190} INFO - [2025-03-04T07:01:29.776+0000] {dag.py:4180} INFO - Setting next_dagrun for example_setup_teardown to None, run_after=None
[2025-03-04T07:01:29.792+0000] {processor.py:208} INFO - Processing /home/airflow/.local/lib/python3.12/site-packages/airflow/example_dags/example_setup_teardown.py took 0.068 seconds
[2025-03-04T07:02:00.119+0000] {processor.py:186} INFO - Started process (PID=1366) to work on /home/airflow/.local/lib/python3.12/site-packages/airflow/example_dags/example_setup_teardown.py
[2025-03-04T07:02:00.120+0000] {processor.py:914} INFO - Processing file /home/airflow/.local/lib/python3.12/site-packages/airflow/example_dags/example_setup_teardown.py for tasks to queue
[2025-03-04T07:02:00.122+0000] {logging_mixin.py:190} INFO - [2025-03-04T07:02:00.122+0000] {dagbag.py:588} INFO - Filling up the DagBag from /home/airflow/.local/lib/python3.12/site-packages/airflow/example_dags/example_setup_teardown.py
[2025-03-04T07:02:00.131+0000] {processor.py:925} INFO - DAG(s) 'example_setup_teardown' retrieved from /home/airflow/.local/lib/python3.12/site-packages/airflow/example_dags/example_setup_teardown.py
[2025-03-04T07:02:00.150+0000] {logging_mixin.py:190} INFO - [2025-03-04T07:02:00.150+0000] {dag.py:3239} INFO - Sync 1 DAGs
[2025-03-04T07:02:00.166+0000] {logging_mixin.py:190} INFO - [2025-03-04T07:02:00.165+0000] {dag.py:4180} INFO - Setting next_dagrun for example_setup_teardown to None, run_after=None
[2025-03-04T07:02:00.185+0000] {processor.py:208} INFO - Processing /home/airflow/.local/lib/python3.12/site-packages/airflow/example_dags/example_setup_teardown.py took 0.073 seconds
[2025-03-04T07:02:30.695+0000] {processor.py:186} INFO - Started process (PID=1451) to work on /home/airflow/.local/lib/python3.12/site-packages/airflow/example_dags/example_setup_teardown.py
[2025-03-04T07:02:30.696+0000] {processor.py:914} INFO - Processing file /home/airflow/.local/lib/python3.12/site-packages/airflow/example_dags/example_setup_teardown.py for tasks to queue
[2025-03-04T07:02:30.697+0000] {logging_mixin.py:190} INFO - [2025-03-04T07:02:30.697+0000] {dagbag.py:588} INFO - Filling up the DagBag from /home/airflow/.local/lib/python3.12/site-packages/airflow/example_dags/example_setup_teardown.py
[2025-03-04T07:02:30.705+0000] {processor.py:925} INFO - DAG(s) 'example_setup_teardown' retrieved from /home/airflow/.local/lib/python3.12/site-packages/airflow/example_dags/example_setup_teardown.py
[2025-03-04T07:02:30.720+0000] {logging_mixin.py:190} INFO - [2025-03-04T07:02:30.720+0000] {dag.py:3239} INFO - Sync 1 DAGs
[2025-03-04T07:02:30.731+0000] {logging_mixin.py:190} INFO - [2025-03-04T07:02:30.731+0000] {dag.py:4180} INFO - Setting next_dagrun for example_setup_teardown to None, run_after=None
[2025-03-04T07:02:30.747+0000] {processor.py:208} INFO - Processing /home/airflow/.local/lib/python3.12/site-packages/airflow/example_dags/example_setup_teardown.py took 0.056 seconds
[2025-03-04T07:03:00.916+0000] {processor.py:186} INFO - Started process (PID=1529) to work on /home/airflow/.local/lib/python3.12/site-packages/airflow/example_dags/example_setup_teardown.py
[2025-03-04T07:03:00.917+0000] {processor.py:914} INFO - Processing file /home/airflow/.local/lib/python3.12/site-packages/airflow/example_dags/example_setup_teardown.py for tasks to queue
[2025-03-04T07:03:00.918+0000] {logging_mixin.py:190} INFO - [2025-03-04T07:03:00.918+0000] {dagbag.py:588} INFO - Filling up the DagBag from /home/airflow/.local/lib/python3.12/site-packages/airflow/example_dags/example_setup_teardown.py
[2025-03-04T07:03:00.925+0000] {processor.py:925} INFO - DAG(s) 'example_setup_teardown' retrieved from /home/airflow/.local/lib/python3.12/site-packages/airflow/example_dags/example_setup_teardown.py
[2025-03-04T07:03:00.940+0000] {logging_mixin.py:190} INFO - [2025-03-04T07:03:00.940+0000] {dag.py:3239} INFO - Sync 1 DAGs
[2025-03-04T07:03:00.951+0000] {logging_mixin.py:190} INFO - [2025-03-04T07:03:00.951+0000] {dag.py:4180} INFO - Setting next_dagrun for example_setup_teardown to None, run_after=None
[2025-03-04T07:03:00.967+0000] {processor.py:208} INFO - Processing /home/airflow/.local/lib/python3.12/site-packages/airflow/example_dags/example_setup_teardown.py took 0.056 seconds
[2025-03-04T07:03:31.254+0000] {processor.py:186} INFO - Started process (PID=1611) to work on /home/airflow/.local/lib/python3.12/site-packages/airflow/example_dags/example_setup_teardown.py
[2025-03-04T07:03:31.255+0000] {processor.py:914} INFO - Processing file /home/airflow/.local/lib/python3.12/site-packages/airflow/example_dags/example_setup_teardown.py for tasks to queue
[2025-03-04T07:03:31.257+0000] {logging_mixin.py:190} INFO - [2025-03-04T07:03:31.256+0000] {dagbag.py:588} INFO - Filling up the DagBag from /home/airflow/.local/lib/python3.12/site-packages/airflow/example_dags/example_setup_teardown.py
[2025-03-04T07:03:31.263+0000] {processor.py:925} INFO - DAG(s) 'example_setup_teardown' retrieved from /home/airflow/.local/lib/python3.12/site-packages/airflow/example_dags/example_setup_teardown.py
[2025-03-04T07:03:31.278+0000] {logging_mixin.py:190} INFO - [2025-03-04T07:03:31.278+0000] {dag.py:3239} INFO - Sync 1 DAGs
[2025-03-04T07:03:31.290+0000] {logging_mixin.py:190} INFO - [2025-03-04T07:03:31.289+0000] {dag.py:4180} INFO - Setting next_dagrun for example_setup_teardown to None, run_after=None
[2025-03-04T07:03:31.307+0000] {processor.py:208} INFO - Processing /home/airflow/.local/lib/python3.12/site-packages/airflow/example_dags/example_setup_teardown.py took 0.057 seconds
[2025-03-04T07:04:01.549+0000] {processor.py:186} INFO - Started process (PID=1687) to work on /home/airflow/.local/lib/python3.12/site-packages/airflow/example_dags/example_setup_teardown.py
[2025-03-04T07:04:01.550+0000] {processor.py:914} INFO - Processing file /home/airflow/.local/lib/python3.12/site-packages/airflow/example_dags/example_setup_teardown.py for tasks to queue
[2025-03-04T07:04:01.552+0000] {logging_mixin.py:190} INFO - [2025-03-04T07:04:01.552+0000] {dagbag.py:588} INFO - Filling up the DagBag from /home/airflow/.local/lib/python3.12/site-packages/airflow/example_dags/example_setup_teardown.py
[2025-03-04T07:04:01.559+0000] {processor.py:925} INFO - DAG(s) 'example_setup_teardown' retrieved from /home/airflow/.local/lib/python3.12/site-packages/airflow/example_dags/example_setup_teardown.py
[2025-03-04T07:04:01.576+0000] {logging_mixin.py:190} INFO - [2025-03-04T07:04:01.576+0000] {dag.py:3239} INFO - Sync 1 DAGs
[2025-03-04T07:04:01.588+0000] {logging_mixin.py:190} INFO - [2025-03-04T07:04:01.588+0000] {dag.py:4180} INFO - Setting next_dagrun for example_setup_teardown to None, run_after=None
[2025-03-04T07:04:01.606+0000] {processor.py:208} INFO - Processing /home/airflow/.local/lib/python3.12/site-packages/airflow/example_dags/example_setup_teardown.py took 0.061 seconds
[2025-03-04T07:04:32.347+0000] {processor.py:186} INFO - Started process (PID=1769) to work on /home/airflow/.local/lib/python3.12/site-packages/airflow/example_dags/example_setup_teardown.py
[2025-03-04T07:04:32.348+0000] {processor.py:914} INFO - Processing file /home/airflow/.local/lib/python3.12/site-packages/airflow/example_dags/example_setup_teardown.py for tasks to queue
[2025-03-04T07:04:32.350+0000] {logging_mixin.py:190} INFO - [2025-03-04T07:04:32.349+0000] {dagbag.py:588} INFO - Filling up the DagBag from /home/airflow/.local/lib/python3.12/site-packages/airflow/example_dags/example_setup_teardown.py
[2025-03-04T07:04:32.358+0000] {processor.py:925} INFO - DAG(s) 'example_setup_teardown' retrieved from /home/airflow/.local/lib/python3.12/site-packages/airflow/example_dags/example_setup_teardown.py
[2025-03-04T07:04:32.375+0000] {logging_mixin.py:190} INFO - [2025-03-04T07:04:32.375+0000] {dag.py:3239} INFO - Sync 1 DAGs
[2025-03-04T07:04:32.387+0000] {logging_mixin.py:190} INFO - [2025-03-04T07:04:32.387+0000] {dag.py:4180} INFO - Setting next_dagrun for example_setup_teardown to None, run_after=None
[2025-03-04T07:04:32.403+0000] {processor.py:208} INFO - Processing /home/airflow/.local/lib/python3.12/site-packages/airflow/example_dags/example_setup_teardown.py took 0.061 seconds
[2025-03-04T07:05:02.625+0000] {processor.py:186} INFO - Started process (PID=1844) to work on /home/airflow/.local/lib/python3.12/site-packages/airflow/example_dags/example_setup_teardown.py
[2025-03-04T07:05:02.626+0000] {processor.py:914} INFO - Processing file /home/airflow/.local/lib/python3.12/site-packages/airflow/example_dags/example_setup_teardown.py for tasks to queue
[2025-03-04T07:05:02.628+0000] {logging_mixin.py:190} INFO - [2025-03-04T07:05:02.628+0000] {dagbag.py:588} INFO - Filling up the DagBag from /home/airflow/.local/lib/python3.12/site-packages/airflow/example_dags/example_setup_teardown.py
[2025-03-04T07:05:02.644+0000] {processor.py:925} INFO - DAG(s) 'example_setup_teardown' retrieved from /home/airflow/.local/lib/python3.12/site-packages/airflow/example_dags/example_setup_teardown.py
[2025-03-04T07:05:02.672+0000] {logging_mixin.py:190} INFO - [2025-03-04T07:05:02.672+0000] {dag.py:3239} INFO - Sync 1 DAGs
[2025-03-04T07:05:02.691+0000] {logging_mixin.py:190} INFO - [2025-03-04T07:05:02.691+0000] {dag.py:4180} INFO - Setting next_dagrun for example_setup_teardown to None, run_after=None
[2025-03-04T07:05:02.713+0000] {processor.py:208} INFO - Processing /home/airflow/.local/lib/python3.12/site-packages/airflow/example_dags/example_setup_teardown.py took 0.095 seconds
[2025-03-04T07:05:33.261+0000] {processor.py:186} INFO - Started process (PID=1918) to work on /home/airflow/.local/lib/python3.12/site-packages/airflow/example_dags/example_setup_teardown.py
[2025-03-04T07:05:33.263+0000] {processor.py:914} INFO - Processing file /home/airflow/.local/lib/python3.12/site-packages/airflow/example_dags/example_setup_teardown.py for tasks to queue
[2025-03-04T07:05:33.265+0000] {logging_mixin.py:190} INFO - [2025-03-04T07:05:33.265+0000] {dagbag.py:588} INFO - Filling up the DagBag from /home/airflow/.local/lib/python3.12/site-packages/airflow/example_dags/example_setup_teardown.py
[2025-03-04T07:05:33.287+0000] {processor.py:925} INFO - DAG(s) 'example_setup_teardown' retrieved from /home/airflow/.local/lib/python3.12/site-packages/airflow/example_dags/example_setup_teardown.py
[2025-03-04T07:05:33.326+0000] {logging_mixin.py:190} INFO - [2025-03-04T07:05:33.326+0000] {dag.py:3239} INFO - Sync 1 DAGs
[2025-03-04T07:05:33.348+0000] {logging_mixin.py:190} INFO - [2025-03-04T07:05:33.348+0000] {dag.py:4180} INFO - Setting next_dagrun for example_setup_teardown to None, run_after=None
[2025-03-04T07:05:33.379+0000] {processor.py:208} INFO - Processing /home/airflow/.local/lib/python3.12/site-packages/airflow/example_dags/example_setup_teardown.py took 0.131 seconds
[2025-03-04T07:06:03.856+0000] {processor.py:186} INFO - Started process (PID=2000) to work on /home/airflow/.local/lib/python3.12/site-packages/airflow/example_dags/example_setup_teardown.py
[2025-03-04T07:06:03.858+0000] {processor.py:914} INFO - Processing file /home/airflow/.local/lib/python3.12/site-packages/airflow/example_dags/example_setup_teardown.py for tasks to queue
[2025-03-04T07:06:03.859+0000] {logging_mixin.py:190} INFO - [2025-03-04T07:06:03.859+0000] {dagbag.py:588} INFO - Filling up the DagBag from /home/airflow/.local/lib/python3.12/site-packages/airflow/example_dags/example_setup_teardown.py
[2025-03-04T07:06:03.866+0000] {processor.py:925} INFO - DAG(s) 'example_setup_teardown' retrieved from /home/airflow/.local/lib/python3.12/site-packages/airflow/example_dags/example_setup_teardown.py
[2025-03-04T07:06:03.882+0000] {logging_mixin.py:190} INFO - [2025-03-04T07:06:03.882+0000] {dag.py:3239} INFO - Sync 1 DAGs
[2025-03-04T07:06:03.892+0000] {logging_mixin.py:190} INFO - [2025-03-04T07:06:03.892+0000] {dag.py:4180} INFO - Setting next_dagrun for example_setup_teardown to None, run_after=None
[2025-03-04T07:06:03.906+0000] {processor.py:208} INFO - Processing /home/airflow/.local/lib/python3.12/site-packages/airflow/example_dags/example_setup_teardown.py took 0.057 seconds
[2025-03-04T07:06:33.959+0000] {processor.py:186} INFO - Started process (PID=2074) to work on /home/airflow/.local/lib/python3.12/site-packages/airflow/example_dags/example_setup_teardown.py
[2025-03-04T07:06:33.962+0000] {processor.py:914} INFO - Processing file /home/airflow/.local/lib/python3.12/site-packages/airflow/example_dags/example_setup_teardown.py for tasks to queue
[2025-03-04T07:06:33.964+0000] {logging_mixin.py:190} INFO - [2025-03-04T07:06:33.964+0000] {dagbag.py:588} INFO - Filling up the DagBag from /home/airflow/.local/lib/python3.12/site-packages/airflow/example_dags/example_setup_teardown.py
[2025-03-04T07:06:33.972+0000] {processor.py:925} INFO - DAG(s) 'example_setup_teardown' retrieved from /home/airflow/.local/lib/python3.12/site-packages/airflow/example_dags/example_setup_teardown.py
[2025-03-04T07:06:33.990+0000] {logging_mixin.py:190} INFO - [2025-03-04T07:06:33.990+0000] {dag.py:3239} INFO - Sync 1 DAGs
[2025-03-04T07:06:34.003+0000] {logging_mixin.py:190} INFO - [2025-03-04T07:06:34.002+0000] {dag.py:4180} INFO - Setting next_dagrun for example_setup_teardown to None, run_after=None
[2025-03-04T07:06:34.022+0000] {processor.py:208} INFO - Processing /home/airflow/.local/lib/python3.12/site-packages/airflow/example_dags/example_setup_teardown.py took 0.068 seconds
[2025-03-04T07:07:04.114+0000] {processor.py:186} INFO - Started process (PID=2156) to work on /home/airflow/.local/lib/python3.12/site-packages/airflow/example_dags/example_setup_teardown.py
[2025-03-04T07:07:04.115+0000] {processor.py:914} INFO - Processing file /home/airflow/.local/lib/python3.12/site-packages/airflow/example_dags/example_setup_teardown.py for tasks to queue
[2025-03-04T07:07:04.117+0000] {logging_mixin.py:190} INFO - [2025-03-04T07:07:04.117+0000] {dagbag.py:588} INFO - Filling up the DagBag from /home/airflow/.local/lib/python3.12/site-packages/airflow/example_dags/example_setup_teardown.py
[2025-03-04T07:07:04.131+0000] {processor.py:925} INFO - DAG(s) 'example_setup_teardown' retrieved from /home/airflow/.local/lib/python3.12/site-packages/airflow/example_dags/example_setup_teardown.py
[2025-03-04T07:07:04.146+0000] {logging_mixin.py:190} INFO - [2025-03-04T07:07:04.146+0000] {dag.py:3239} INFO - Sync 1 DAGs
[2025-03-04T07:07:04.157+0000] {logging_mixin.py:190} INFO - [2025-03-04T07:07:04.157+0000] {dag.py:4180} INFO - Setting next_dagrun for example_setup_teardown to None, run_after=None
[2025-03-04T07:07:04.171+0000] {processor.py:208} INFO - Processing /home/airflow/.local/lib/python3.12/site-packages/airflow/example_dags/example_setup_teardown.py took 0.061 seconds
[2025-03-04T07:07:34.652+0000] {processor.py:186} INFO - Started process (PID=2230) to work on /home/airflow/.local/lib/python3.12/site-packages/airflow/example_dags/example_setup_teardown.py
[2025-03-04T07:07:34.653+0000] {processor.py:914} INFO - Processing file /home/airflow/.local/lib/python3.12/site-packages/airflow/example_dags/example_setup_teardown.py for tasks to queue
[2025-03-04T07:07:34.654+0000] {logging_mixin.py:190} INFO - [2025-03-04T07:07:34.654+0000] {dagbag.py:588} INFO - Filling up the DagBag from /home/airflow/.local/lib/python3.12/site-packages/airflow/example_dags/example_setup_teardown.py
[2025-03-04T07:07:34.661+0000] {processor.py:925} INFO - DAG(s) 'example_setup_teardown' retrieved from /home/airflow/.local/lib/python3.12/site-packages/airflow/example_dags/example_setup_teardown.py
[2025-03-04T07:07:34.676+0000] {logging_mixin.py:190} INFO - [2025-03-04T07:07:34.675+0000] {dag.py:3239} INFO - Sync 1 DAGs
[2025-03-04T07:07:34.686+0000] {logging_mixin.py:190} INFO - [2025-03-04T07:07:34.686+0000] {dag.py:4180} INFO - Setting next_dagrun for example_setup_teardown to None, run_after=None
[2025-03-04T07:07:34.700+0000] {processor.py:208} INFO - Processing /home/airflow/.local/lib/python3.12/site-packages/airflow/example_dags/example_setup_teardown.py took 0.053 seconds
[2025-03-04T07:08:04.968+0000] {processor.py:186} INFO - Started process (PID=2312) to work on /home/airflow/.local/lib/python3.12/site-packages/airflow/example_dags/example_setup_teardown.py
[2025-03-04T07:08:04.970+0000] {processor.py:914} INFO - Processing file /home/airflow/.local/lib/python3.12/site-packages/airflow/example_dags/example_setup_teardown.py for tasks to queue
[2025-03-04T07:08:04.971+0000] {logging_mixin.py:190} INFO - [2025-03-04T07:08:04.971+0000] {dagbag.py:588} INFO - Filling up the DagBag from /home/airflow/.local/lib/python3.12/site-packages/airflow/example_dags/example_setup_teardown.py
[2025-03-04T07:08:04.981+0000] {processor.py:925} INFO - DAG(s) 'example_setup_teardown' retrieved from /home/airflow/.local/lib/python3.12/site-packages/airflow/example_dags/example_setup_teardown.py
[2025-03-04T07:08:05.002+0000] {logging_mixin.py:190} INFO - [2025-03-04T07:08:05.001+0000] {dag.py:3239} INFO - Sync 1 DAGs
[2025-03-04T07:08:05.015+0000] {logging_mixin.py:190} INFO - [2025-03-04T07:08:05.015+0000] {dag.py:4180} INFO - Setting next_dagrun for example_setup_teardown to None, run_after=None
[2025-03-04T07:08:05.032+0000] {processor.py:208} INFO - Processing /home/airflow/.local/lib/python3.12/site-packages/airflow/example_dags/example_setup_teardown.py took 0.070 seconds
[2025-03-04T07:08:35.210+0000] {processor.py:186} INFO - Started process (PID=2386) to work on /home/airflow/.local/lib/python3.12/site-packages/airflow/example_dags/example_setup_teardown.py
[2025-03-04T07:08:35.211+0000] {processor.py:914} INFO - Processing file /home/airflow/.local/lib/python3.12/site-packages/airflow/example_dags/example_setup_teardown.py for tasks to queue
[2025-03-04T07:08:35.212+0000] {logging_mixin.py:190} INFO - [2025-03-04T07:08:35.212+0000] {dagbag.py:588} INFO - Filling up the DagBag from /home/airflow/.local/lib/python3.12/site-packages/airflow/example_dags/example_setup_teardown.py
[2025-03-04T07:08:35.222+0000] {processor.py:925} INFO - DAG(s) 'example_setup_teardown' retrieved from /home/airflow/.local/lib/python3.12/site-packages/airflow/example_dags/example_setup_teardown.py
[2025-03-04T07:08:35.248+0000] {logging_mixin.py:190} INFO - [2025-03-04T07:08:35.247+0000] {dag.py:3239} INFO - Sync 1 DAGs
[2025-03-04T07:08:35.271+0000] {logging_mixin.py:190} INFO - [2025-03-04T07:08:35.271+0000] {dag.py:4180} INFO - Setting next_dagrun for example_setup_teardown to None, run_after=None
[2025-03-04T07:08:35.291+0000] {processor.py:208} INFO - Processing /home/airflow/.local/lib/python3.12/site-packages/airflow/example_dags/example_setup_teardown.py took 0.088 seconds
[2025-03-04T07:09:05.587+0000] {processor.py:186} INFO - Started process (PID=2461) to work on /home/airflow/.local/lib/python3.12/site-packages/airflow/example_dags/example_setup_teardown.py
[2025-03-04T07:09:05.589+0000] {processor.py:914} INFO - Processing file /home/airflow/.local/lib/python3.12/site-packages/airflow/example_dags/example_setup_teardown.py for tasks to queue
[2025-03-04T07:09:05.590+0000] {logging_mixin.py:190} INFO - [2025-03-04T07:09:05.589+0000] {dagbag.py:588} INFO - Filling up the DagBag from /home/airflow/.local/lib/python3.12/site-packages/airflow/example_dags/example_setup_teardown.py
[2025-03-04T07:09:05.597+0000] {processor.py:925} INFO - DAG(s) 'example_setup_teardown' retrieved from /home/airflow/.local/lib/python3.12/site-packages/airflow/example_dags/example_setup_teardown.py
[2025-03-04T07:09:05.612+0000] {logging_mixin.py:190} INFO - [2025-03-04T07:09:05.612+0000] {dag.py:3239} INFO - Sync 1 DAGs
[2025-03-04T07:09:05.623+0000] {logging_mixin.py:190} INFO - [2025-03-04T07:09:05.623+0000] {dag.py:4180} INFO - Setting next_dagrun for example_setup_teardown to None, run_after=None
[2025-03-04T07:09:05.639+0000] {processor.py:208} INFO - Processing /home/airflow/.local/lib/python3.12/site-packages/airflow/example_dags/example_setup_teardown.py took 0.056 seconds
[2025-03-04T07:09:36.127+0000] {processor.py:186} INFO - Started process (PID=2543) to work on /home/airflow/.local/lib/python3.12/site-packages/airflow/example_dags/example_setup_teardown.py
[2025-03-04T07:09:36.128+0000] {processor.py:914} INFO - Processing file /home/airflow/.local/lib/python3.12/site-packages/airflow/example_dags/example_setup_teardown.py for tasks to queue
[2025-03-04T07:09:36.130+0000] {logging_mixin.py:190} INFO - [2025-03-04T07:09:36.130+0000] {dagbag.py:588} INFO - Filling up the DagBag from /home/airflow/.local/lib/python3.12/site-packages/airflow/example_dags/example_setup_teardown.py
[2025-03-04T07:09:36.138+0000] {processor.py:925} INFO - DAG(s) 'example_setup_teardown' retrieved from /home/airflow/.local/lib/python3.12/site-packages/airflow/example_dags/example_setup_teardown.py
[2025-03-04T07:09:36.154+0000] {logging_mixin.py:190} INFO - [2025-03-04T07:09:36.154+0000] {dag.py:3239} INFO - Sync 1 DAGs
[2025-03-04T07:09:36.167+0000] {logging_mixin.py:190} INFO - [2025-03-04T07:09:36.167+0000] {dag.py:4180} INFO - Setting next_dagrun for example_setup_teardown to None, run_after=None
[2025-03-04T07:09:36.187+0000] {processor.py:208} INFO - Processing /home/airflow/.local/lib/python3.12/site-packages/airflow/example_dags/example_setup_teardown.py took 0.066 seconds
[2025-03-04T07:10:06.768+0000] {processor.py:186} INFO - Started process (PID=2617) to work on /home/airflow/.local/lib/python3.12/site-packages/airflow/example_dags/example_setup_teardown.py
[2025-03-04T07:10:06.769+0000] {processor.py:914} INFO - Processing file /home/airflow/.local/lib/python3.12/site-packages/airflow/example_dags/example_setup_teardown.py for tasks to queue
[2025-03-04T07:10:06.770+0000] {logging_mixin.py:190} INFO - [2025-03-04T07:10:06.770+0000] {dagbag.py:588} INFO - Filling up the DagBag from /home/airflow/.local/lib/python3.12/site-packages/airflow/example_dags/example_setup_teardown.py
[2025-03-04T07:10:06.778+0000] {processor.py:925} INFO - DAG(s) 'example_setup_teardown' retrieved from /home/airflow/.local/lib/python3.12/site-packages/airflow/example_dags/example_setup_teardown.py
[2025-03-04T07:10:06.795+0000] {logging_mixin.py:190} INFO - [2025-03-04T07:10:06.795+0000] {dag.py:3239} INFO - Sync 1 DAGs
[2025-03-04T07:10:06.806+0000] {logging_mixin.py:190} INFO - [2025-03-04T07:10:06.806+0000] {dag.py:4180} INFO - Setting next_dagrun for example_setup_teardown to None, run_after=None
[2025-03-04T07:10:06.824+0000] {processor.py:208} INFO - Processing /home/airflow/.local/lib/python3.12/site-packages/airflow/example_dags/example_setup_teardown.py took 0.060 seconds
[2025-03-04T07:10:36.986+0000] {processor.py:186} INFO - Started process (PID=2698) to work on /home/airflow/.local/lib/python3.12/site-packages/airflow/example_dags/example_setup_teardown.py
[2025-03-04T07:10:36.990+0000] {processor.py:914} INFO - Processing file /home/airflow/.local/lib/python3.12/site-packages/airflow/example_dags/example_setup_teardown.py for tasks to queue
[2025-03-04T07:10:36.993+0000] {logging_mixin.py:190} INFO - [2025-03-04T07:10:36.992+0000] {dagbag.py:588} INFO - Filling up the DagBag from /home/airflow/.local/lib/python3.12/site-packages/airflow/example_dags/example_setup_teardown.py
[2025-03-04T07:10:37.002+0000] {processor.py:925} INFO - DAG(s) 'example_setup_teardown' retrieved from /home/airflow/.local/lib/python3.12/site-packages/airflow/example_dags/example_setup_teardown.py
[2025-03-04T07:10:37.021+0000] {logging_mixin.py:190} INFO - [2025-03-04T07:10:37.021+0000] {dag.py:3239} INFO - Sync 1 DAGs
[2025-03-04T07:10:37.037+0000] {logging_mixin.py:190} INFO - [2025-03-04T07:10:37.037+0000] {dag.py:4180} INFO - Setting next_dagrun for example_setup_teardown to None, run_after=None
[2025-03-04T07:10:37.056+0000] {processor.py:208} INFO - Processing /home/airflow/.local/lib/python3.12/site-packages/airflow/example_dags/example_setup_teardown.py took 0.075 seconds
[2025-03-04T07:11:07.146+0000] {processor.py:186} INFO - Started process (PID=2772) to work on /home/airflow/.local/lib/python3.12/site-packages/airflow/example_dags/example_setup_teardown.py
[2025-03-04T07:11:07.147+0000] {processor.py:914} INFO - Processing file /home/airflow/.local/lib/python3.12/site-packages/airflow/example_dags/example_setup_teardown.py for tasks to queue
[2025-03-04T07:11:07.149+0000] {logging_mixin.py:190} INFO - [2025-03-04T07:11:07.149+0000] {dagbag.py:588} INFO - Filling up the DagBag from /home/airflow/.local/lib/python3.12/site-packages/airflow/example_dags/example_setup_teardown.py
[2025-03-04T07:11:07.156+0000] {processor.py:925} INFO - DAG(s) 'example_setup_teardown' retrieved from /home/airflow/.local/lib/python3.12/site-packages/airflow/example_dags/example_setup_teardown.py
[2025-03-04T07:11:07.173+0000] {logging_mixin.py:190} INFO - [2025-03-04T07:11:07.173+0000] {dag.py:3239} INFO - Sync 1 DAGs
[2025-03-04T07:11:07.185+0000] {logging_mixin.py:190} INFO - [2025-03-04T07:11:07.184+0000] {dag.py:4180} INFO - Setting next_dagrun for example_setup_teardown to None, run_after=None
[2025-03-04T07:11:07.201+0000] {processor.py:208} INFO - Processing /home/airflow/.local/lib/python3.12/site-packages/airflow/example_dags/example_setup_teardown.py took 0.060 seconds
[2025-03-04T07:11:37.427+0000] {processor.py:186} INFO - Started process (PID=2853) to work on /home/airflow/.local/lib/python3.12/site-packages/airflow/example_dags/example_setup_teardown.py
[2025-03-04T07:11:37.428+0000] {processor.py:914} INFO - Processing file /home/airflow/.local/lib/python3.12/site-packages/airflow/example_dags/example_setup_teardown.py for tasks to queue
[2025-03-04T07:11:37.430+0000] {logging_mixin.py:190} INFO - [2025-03-04T07:11:37.430+0000] {dagbag.py:588} INFO - Filling up the DagBag from /home/airflow/.local/lib/python3.12/site-packages/airflow/example_dags/example_setup_teardown.py
[2025-03-04T07:11:37.441+0000] {processor.py:925} INFO - DAG(s) 'example_setup_teardown' retrieved from /home/airflow/.local/lib/python3.12/site-packages/airflow/example_dags/example_setup_teardown.py
[2025-03-04T07:11:37.468+0000] {logging_mixin.py:190} INFO - [2025-03-04T07:11:37.467+0000] {dag.py:3239} INFO - Sync 1 DAGs
[2025-03-04T07:11:37.486+0000] {logging_mixin.py:190} INFO - [2025-03-04T07:11:37.486+0000] {dag.py:4180} INFO - Setting next_dagrun for example_setup_teardown to None, run_after=None
[2025-03-04T07:11:37.504+0000] {processor.py:208} INFO - Processing /home/airflow/.local/lib/python3.12/site-packages/airflow/example_dags/example_setup_teardown.py took 0.082 seconds
[2025-03-04T07:12:08.288+0000] {processor.py:186} INFO - Started process (PID=2927) to work on /home/airflow/.local/lib/python3.12/site-packages/airflow/example_dags/example_setup_teardown.py
[2025-03-04T07:12:08.289+0000] {processor.py:914} INFO - Processing file /home/airflow/.local/lib/python3.12/site-packages/airflow/example_dags/example_setup_teardown.py for tasks to queue
[2025-03-04T07:12:08.290+0000] {logging_mixin.py:190} INFO - [2025-03-04T07:12:08.290+0000] {dagbag.py:588} INFO - Filling up the DagBag from /home/airflow/.local/lib/python3.12/site-packages/airflow/example_dags/example_setup_teardown.py
[2025-03-04T07:12:08.297+0000] {processor.py:925} INFO - DAG(s) 'example_setup_teardown' retrieved from /home/airflow/.local/lib/python3.12/site-packages/airflow/example_dags/example_setup_teardown.py
[2025-03-04T07:12:08.312+0000] {logging_mixin.py:190} INFO - [2025-03-04T07:12:08.312+0000] {dag.py:3239} INFO - Sync 1 DAGs
[2025-03-04T07:12:08.322+0000] {logging_mixin.py:190} INFO - [2025-03-04T07:12:08.322+0000] {dag.py:4180} INFO - Setting next_dagrun for example_setup_teardown to None, run_after=None
[2025-03-04T07:12:08.335+0000] {processor.py:208} INFO - Processing /home/airflow/.local/lib/python3.12/site-packages/airflow/example_dags/example_setup_teardown.py took 0.053 seconds
[2025-03-04T07:12:38.894+0000] {processor.py:186} INFO - Started process (PID=3000) to work on /home/airflow/.local/lib/python3.12/site-packages/airflow/example_dags/example_setup_teardown.py
[2025-03-04T07:12:38.895+0000] {processor.py:914} INFO - Processing file /home/airflow/.local/lib/python3.12/site-packages/airflow/example_dags/example_setup_teardown.py for tasks to queue
[2025-03-04T07:12:38.897+0000] {logging_mixin.py:190} INFO - [2025-03-04T07:12:38.897+0000] {dagbag.py:588} INFO - Filling up the DagBag from /home/airflow/.local/lib/python3.12/site-packages/airflow/example_dags/example_setup_teardown.py
[2025-03-04T07:12:38.905+0000] {processor.py:925} INFO - DAG(s) 'example_setup_teardown' retrieved from /home/airflow/.local/lib/python3.12/site-packages/airflow/example_dags/example_setup_teardown.py
[2025-03-04T07:12:38.924+0000] {logging_mixin.py:190} INFO - [2025-03-04T07:12:38.924+0000] {dag.py:3239} INFO - Sync 1 DAGs
[2025-03-04T07:12:38.938+0000] {logging_mixin.py:190} INFO - [2025-03-04T07:12:38.938+0000] {dag.py:4180} INFO - Setting next_dagrun for example_setup_teardown to None, run_after=None
[2025-03-04T07:12:38.954+0000] {processor.py:208} INFO - Processing /home/airflow/.local/lib/python3.12/site-packages/airflow/example_dags/example_setup_teardown.py took 0.065 seconds
[2025-03-04T07:13:09.519+0000] {processor.py:186} INFO - Started process (PID=3081) to work on /home/airflow/.local/lib/python3.12/site-packages/airflow/example_dags/example_setup_teardown.py
[2025-03-04T07:13:09.521+0000] {processor.py:914} INFO - Processing file /home/airflow/.local/lib/python3.12/site-packages/airflow/example_dags/example_setup_teardown.py for tasks to queue
[2025-03-04T07:13:09.522+0000] {logging_mixin.py:190} INFO - [2025-03-04T07:13:09.522+0000] {dagbag.py:588} INFO - Filling up the DagBag from /home/airflow/.local/lib/python3.12/site-packages/airflow/example_dags/example_setup_teardown.py
[2025-03-04T07:13:09.537+0000] {processor.py:925} INFO - DAG(s) 'example_setup_teardown' retrieved from /home/airflow/.local/lib/python3.12/site-packages/airflow/example_dags/example_setup_teardown.py
[2025-03-04T07:13:09.563+0000] {logging_mixin.py:190} INFO - [2025-03-04T07:13:09.562+0000] {dag.py:3239} INFO - Sync 1 DAGs
[2025-03-04T07:13:09.582+0000] {logging_mixin.py:190} INFO - [2025-03-04T07:13:09.582+0000] {dag.py:4180} INFO - Setting next_dagrun for example_setup_teardown to None, run_after=None
[2025-03-04T07:13:09.607+0000] {processor.py:208} INFO - Processing /home/airflow/.local/lib/python3.12/site-packages/airflow/example_dags/example_setup_teardown.py took 0.096 seconds
[2025-03-04T07:13:40.080+0000] {processor.py:186} INFO - Started process (PID=3155) to work on /home/airflow/.local/lib/python3.12/site-packages/airflow/example_dags/example_setup_teardown.py
[2025-03-04T07:13:40.081+0000] {processor.py:914} INFO - Processing file /home/airflow/.local/lib/python3.12/site-packages/airflow/example_dags/example_setup_teardown.py for tasks to queue
[2025-03-04T07:13:40.082+0000] {logging_mixin.py:190} INFO - [2025-03-04T07:13:40.082+0000] {dagbag.py:588} INFO - Filling up the DagBag from /home/airflow/.local/lib/python3.12/site-packages/airflow/example_dags/example_setup_teardown.py
[2025-03-04T07:13:40.088+0000] {processor.py:925} INFO - DAG(s) 'example_setup_teardown' retrieved from /home/airflow/.local/lib/python3.12/site-packages/airflow/example_dags/example_setup_teardown.py
[2025-03-04T07:13:40.104+0000] {logging_mixin.py:190} INFO - [2025-03-04T07:13:40.104+0000] {dag.py:3239} INFO - Sync 1 DAGs
[2025-03-04T07:13:40.114+0000] {logging_mixin.py:190} INFO - [2025-03-04T07:13:40.114+0000] {dag.py:4180} INFO - Setting next_dagrun for example_setup_teardown to None, run_after=None
[2025-03-04T07:13:40.130+0000] {processor.py:208} INFO - Processing /home/airflow/.local/lib/python3.12/site-packages/airflow/example_dags/example_setup_teardown.py took 0.055 seconds
[2025-03-04T07:14:10.545+0000] {processor.py:186} INFO - Started process (PID=3236) to work on /home/airflow/.local/lib/python3.12/site-packages/airflow/example_dags/example_setup_teardown.py
[2025-03-04T07:14:10.546+0000] {processor.py:914} INFO - Processing file /home/airflow/.local/lib/python3.12/site-packages/airflow/example_dags/example_setup_teardown.py for tasks to queue
[2025-03-04T07:14:10.548+0000] {logging_mixin.py:190} INFO - [2025-03-04T07:14:10.548+0000] {dagbag.py:588} INFO - Filling up the DagBag from /home/airflow/.local/lib/python3.12/site-packages/airflow/example_dags/example_setup_teardown.py
[2025-03-04T07:14:10.557+0000] {processor.py:925} INFO - DAG(s) 'example_setup_teardown' retrieved from /home/airflow/.local/lib/python3.12/site-packages/airflow/example_dags/example_setup_teardown.py
[2025-03-04T07:14:10.578+0000] {logging_mixin.py:190} INFO - [2025-03-04T07:14:10.578+0000] {dag.py:3239} INFO - Sync 1 DAGs
[2025-03-04T07:14:10.593+0000] {logging_mixin.py:190} INFO - [2025-03-04T07:14:10.593+0000] {dag.py:4180} INFO - Setting next_dagrun for example_setup_teardown to None, run_after=None
[2025-03-04T07:14:10.611+0000] {processor.py:208} INFO - Processing /home/airflow/.local/lib/python3.12/site-packages/airflow/example_dags/example_setup_teardown.py took 0.072 seconds
[2025-03-04T07:14:40.878+0000] {processor.py:186} INFO - Started process (PID=3319) to work on /home/airflow/.local/lib/python3.12/site-packages/airflow/example_dags/example_setup_teardown.py
[2025-03-04T07:14:40.880+0000] {processor.py:914} INFO - Processing file /home/airflow/.local/lib/python3.12/site-packages/airflow/example_dags/example_setup_teardown.py for tasks to queue
[2025-03-04T07:14:40.882+0000] {logging_mixin.py:190} INFO - [2025-03-04T07:14:40.882+0000] {dagbag.py:588} INFO - Filling up the DagBag from /home/airflow/.local/lib/python3.12/site-packages/airflow/example_dags/example_setup_teardown.py
[2025-03-04T07:14:40.895+0000] {processor.py:925} INFO - DAG(s) 'example_setup_teardown' retrieved from /home/airflow/.local/lib/python3.12/site-packages/airflow/example_dags/example_setup_teardown.py
[2025-03-04T07:14:40.924+0000] {logging_mixin.py:190} INFO - [2025-03-04T07:14:40.924+0000] {dag.py:3239} INFO - Sync 1 DAGs
[2025-03-04T07:14:40.944+0000] {logging_mixin.py:190} INFO - [2025-03-04T07:14:40.943+0000] {dag.py:4180} INFO - Setting next_dagrun for example_setup_teardown to None, run_after=None
[2025-03-04T07:14:40.989+0000] {processor.py:208} INFO - Processing /home/airflow/.local/lib/python3.12/site-packages/airflow/example_dags/example_setup_teardown.py took 0.118 seconds
[2025-03-04T07:15:11.917+0000] {processor.py:186} INFO - Started process (PID=3393) to work on /home/airflow/.local/lib/python3.12/site-packages/airflow/example_dags/example_setup_teardown.py
[2025-03-04T07:15:11.918+0000] {processor.py:914} INFO - Processing file /home/airflow/.local/lib/python3.12/site-packages/airflow/example_dags/example_setup_teardown.py for tasks to queue
[2025-03-04T07:15:11.920+0000] {logging_mixin.py:190} INFO - [2025-03-04T07:15:11.919+0000] {dagbag.py:588} INFO - Filling up the DagBag from /home/airflow/.local/lib/python3.12/site-packages/airflow/example_dags/example_setup_teardown.py
[2025-03-04T07:15:11.931+0000] {processor.py:925} INFO - DAG(s) 'example_setup_teardown' retrieved from /home/airflow/.local/lib/python3.12/site-packages/airflow/example_dags/example_setup_teardown.py
[2025-03-04T07:15:11.958+0000] {logging_mixin.py:190} INFO - [2025-03-04T07:15:11.957+0000] {dag.py:3239} INFO - Sync 1 DAGs
[2025-03-04T07:15:11.977+0000] {logging_mixin.py:190} INFO - [2025-03-04T07:15:11.976+0000] {dag.py:4180} INFO - Setting next_dagrun for example_setup_teardown to None, run_after=None
[2025-03-04T07:15:12.013+0000] {processor.py:208} INFO - Processing /home/airflow/.local/lib/python3.12/site-packages/airflow/example_dags/example_setup_teardown.py took 0.102 seconds
[2025-03-04T07:15:42.118+0000] {processor.py:186} INFO - Started process (PID=3474) to work on /home/airflow/.local/lib/python3.12/site-packages/airflow/example_dags/example_setup_teardown.py
[2025-03-04T07:15:42.119+0000] {processor.py:914} INFO - Processing file /home/airflow/.local/lib/python3.12/site-packages/airflow/example_dags/example_setup_teardown.py for tasks to queue
[2025-03-04T07:15:42.121+0000] {logging_mixin.py:190} INFO - [2025-03-04T07:15:42.121+0000] {dagbag.py:588} INFO - Filling up the DagBag from /home/airflow/.local/lib/python3.12/site-packages/airflow/example_dags/example_setup_teardown.py
[2025-03-04T07:15:42.130+0000] {processor.py:925} INFO - DAG(s) 'example_setup_teardown' retrieved from /home/airflow/.local/lib/python3.12/site-packages/airflow/example_dags/example_setup_teardown.py
[2025-03-04T07:15:42.156+0000] {logging_mixin.py:190} INFO - [2025-03-04T07:15:42.156+0000] {dag.py:3239} INFO - Sync 1 DAGs
[2025-03-04T07:15:42.173+0000] {logging_mixin.py:190} INFO - [2025-03-04T07:15:42.173+0000] {dag.py:4180} INFO - Setting next_dagrun for example_setup_teardown to None, run_after=None
[2025-03-04T07:15:42.198+0000] {processor.py:208} INFO - Processing /home/airflow/.local/lib/python3.12/site-packages/airflow/example_dags/example_setup_teardown.py took 0.087 seconds
[2025-03-04T07:16:12.894+0000] {processor.py:186} INFO - Started process (PID=3549) to work on /home/airflow/.local/lib/python3.12/site-packages/airflow/example_dags/example_setup_teardown.py
[2025-03-04T07:16:12.895+0000] {processor.py:914} INFO - Processing file /home/airflow/.local/lib/python3.12/site-packages/airflow/example_dags/example_setup_teardown.py for tasks to queue
[2025-03-04T07:16:12.897+0000] {logging_mixin.py:190} INFO - [2025-03-04T07:16:12.897+0000] {dagbag.py:588} INFO - Filling up the DagBag from /home/airflow/.local/lib/python3.12/site-packages/airflow/example_dags/example_setup_teardown.py
[2025-03-04T07:16:12.906+0000] {processor.py:925} INFO - DAG(s) 'example_setup_teardown' retrieved from /home/airflow/.local/lib/python3.12/site-packages/airflow/example_dags/example_setup_teardown.py
[2025-03-04T07:16:12.932+0000] {logging_mixin.py:190} INFO - [2025-03-04T07:16:12.932+0000] {dag.py:3239} INFO - Sync 1 DAGs
[2025-03-04T07:16:12.948+0000] {logging_mixin.py:190} INFO - [2025-03-04T07:16:12.948+0000] {dag.py:4180} INFO - Setting next_dagrun for example_setup_teardown to None, run_after=None
[2025-03-04T07:16:12.970+0000] {processor.py:208} INFO - Processing /home/airflow/.local/lib/python3.12/site-packages/airflow/example_dags/example_setup_teardown.py took 0.082 seconds
[2025-03-04T07:16:43.484+0000] {processor.py:186} INFO - Started process (PID=3623) to work on /home/airflow/.local/lib/python3.12/site-packages/airflow/example_dags/example_setup_teardown.py
[2025-03-04T07:16:43.485+0000] {processor.py:914} INFO - Processing file /home/airflow/.local/lib/python3.12/site-packages/airflow/example_dags/example_setup_teardown.py for tasks to queue
[2025-03-04T07:16:43.491+0000] {logging_mixin.py:190} INFO - [2025-03-04T07:16:43.490+0000] {dagbag.py:588} INFO - Filling up the DagBag from /home/airflow/.local/lib/python3.12/site-packages/airflow/example_dags/example_setup_teardown.py
[2025-03-04T07:16:43.498+0000] {processor.py:925} INFO - DAG(s) 'example_setup_teardown' retrieved from /home/airflow/.local/lib/python3.12/site-packages/airflow/example_dags/example_setup_teardown.py
[2025-03-04T07:16:43.515+0000] {logging_mixin.py:190} INFO - [2025-03-04T07:16:43.515+0000] {dag.py:3239} INFO - Sync 1 DAGs
[2025-03-04T07:16:43.526+0000] {logging_mixin.py:190} INFO - [2025-03-04T07:16:43.526+0000] {dag.py:4180} INFO - Setting next_dagrun for example_setup_teardown to None, run_after=None
[2025-03-04T07:16:43.542+0000] {processor.py:208} INFO - Processing /home/airflow/.local/lib/python3.12/site-packages/airflow/example_dags/example_setup_teardown.py took 0.062 seconds
[2025-03-04T07:17:13.916+0000] {processor.py:186} INFO - Started process (PID=3705) to work on /home/airflow/.local/lib/python3.12/site-packages/airflow/example_dags/example_setup_teardown.py
[2025-03-04T07:17:13.918+0000] {processor.py:914} INFO - Processing file /home/airflow/.local/lib/python3.12/site-packages/airflow/example_dags/example_setup_teardown.py for tasks to queue
[2025-03-04T07:17:13.919+0000] {logging_mixin.py:190} INFO - [2025-03-04T07:17:13.919+0000] {dagbag.py:588} INFO - Filling up the DagBag from /home/airflow/.local/lib/python3.12/site-packages/airflow/example_dags/example_setup_teardown.py
[2025-03-04T07:17:13.926+0000] {processor.py:925} INFO - DAG(s) 'example_setup_teardown' retrieved from /home/airflow/.local/lib/python3.12/site-packages/airflow/example_dags/example_setup_teardown.py
[2025-03-04T07:17:13.946+0000] {logging_mixin.py:190} INFO - [2025-03-04T07:17:13.946+0000] {dag.py:3239} INFO - Sync 1 DAGs
[2025-03-04T07:17:13.959+0000] {logging_mixin.py:190} INFO - [2025-03-04T07:17:13.959+0000] {dag.py:4180} INFO - Setting next_dagrun for example_setup_teardown to None, run_after=None
[2025-03-04T07:17:13.980+0000] {processor.py:208} INFO - Processing /home/airflow/.local/lib/python3.12/site-packages/airflow/example_dags/example_setup_teardown.py took 0.069 seconds
[2025-03-04T07:17:44.425+0000] {processor.py:186} INFO - Started process (PID=3779) to work on /home/airflow/.local/lib/python3.12/site-packages/airflow/example_dags/example_setup_teardown.py
[2025-03-04T07:17:44.426+0000] {processor.py:914} INFO - Processing file /home/airflow/.local/lib/python3.12/site-packages/airflow/example_dags/example_setup_teardown.py for tasks to queue
[2025-03-04T07:17:44.428+0000] {logging_mixin.py:190} INFO - [2025-03-04T07:17:44.427+0000] {dagbag.py:588} INFO - Filling up the DagBag from /home/airflow/.local/lib/python3.12/site-packages/airflow/example_dags/example_setup_teardown.py
[2025-03-04T07:17:44.438+0000] {processor.py:925} INFO - DAG(s) 'example_setup_teardown' retrieved from /home/airflow/.local/lib/python3.12/site-packages/airflow/example_dags/example_setup_teardown.py
[2025-03-04T07:17:44.463+0000] {logging_mixin.py:190} INFO - [2025-03-04T07:17:44.463+0000] {dag.py:3239} INFO - Sync 1 DAGs
[2025-03-04T07:17:44.486+0000] {logging_mixin.py:190} INFO - [2025-03-04T07:17:44.486+0000] {dag.py:4180} INFO - Setting next_dagrun for example_setup_teardown to None, run_after=None
[2025-03-04T07:17:44.505+0000] {processor.py:208} INFO - Processing /home/airflow/.local/lib/python3.12/site-packages/airflow/example_dags/example_setup_teardown.py took 0.087 seconds
[2025-03-04T07:18:14.881+0000] {processor.py:186} INFO - Started process (PID=3862) to work on /home/airflow/.local/lib/python3.12/site-packages/airflow/example_dags/example_setup_teardown.py
[2025-03-04T07:18:14.881+0000] {processor.py:914} INFO - Processing file /home/airflow/.local/lib/python3.12/site-packages/airflow/example_dags/example_setup_teardown.py for tasks to queue
[2025-03-04T07:18:14.882+0000] {logging_mixin.py:190} INFO - [2025-03-04T07:18:14.882+0000] {dagbag.py:588} INFO - Filling up the DagBag from /home/airflow/.local/lib/python3.12/site-packages/airflow/example_dags/example_setup_teardown.py
[2025-03-04T07:18:14.888+0000] {processor.py:925} INFO - DAG(s) 'example_setup_teardown' retrieved from /home/airflow/.local/lib/python3.12/site-packages/airflow/example_dags/example_setup_teardown.py
[2025-03-04T07:18:14.905+0000] {logging_mixin.py:190} INFO - [2025-03-04T07:18:14.905+0000] {dag.py:3239} INFO - Sync 1 DAGs
[2025-03-04T07:18:14.916+0000] {logging_mixin.py:190} INFO - [2025-03-04T07:18:14.916+0000] {dag.py:4180} INFO - Setting next_dagrun for example_setup_teardown to None, run_after=None
[2025-03-04T07:18:14.933+0000] {processor.py:208} INFO - Processing /home/airflow/.local/lib/python3.12/site-packages/airflow/example_dags/example_setup_teardown.py took 0.057 seconds
