[2025-03-04T06:53:51.138+0000] {processor.py:186} INFO - Started process (PID=112) to work on /home/airflow/.local/lib/python3.12/site-packages/airflow/example_dags/example_display_name.py
[2025-03-04T06:53:51.140+0000] {processor.py:914} INFO - Processing file /home/airflow/.local/lib/python3.12/site-packages/airflow/example_dags/example_display_name.py for tasks to queue
[2025-03-04T06:53:51.143+0000] {logging_mixin.py:190} INFO - [2025-03-04T06:53:51.142+0000] {dagbag.py:588} INFO - Filling up the DagBag from /home/airflow/.local/lib/python3.12/site-packages/airflow/example_dags/example_display_name.py
[2025-03-04T06:53:51.153+0000] {processor.py:925} INFO - DAG(s) 'example_display_name' retrieved from /home/airflow/.local/lib/python3.12/site-packages/airflow/example_dags/example_display_name.py
[2025-03-04T06:53:51.275+0000] {logging_mixin.py:190} INFO - [2025-03-04T06:53:51.274+0000] {override.py:1912} INFO - Created Permission View: can read on DAG:example_display_name
[2025-03-04T06:53:51.286+0000] {logging_mixin.py:190} INFO - [2025-03-04T06:53:51.286+0000] {override.py:1912} INFO - Created Permission View: can edit on DAG:example_display_name
[2025-03-04T06:53:51.300+0000] {logging_mixin.py:190} INFO - [2025-03-04T06:53:51.299+0000] {override.py:1912} INFO - Created Permission View: can delete on DAG:example_display_name
[2025-03-04T06:53:51.314+0000] {logging_mixin.py:190} INFO - [2025-03-04T06:53:51.313+0000] {override.py:1912} INFO - Created Permission View: menu access on DAG Run:example_display_name
[2025-03-04T06:53:51.322+0000] {logging_mixin.py:190} INFO - [2025-03-04T06:53:51.322+0000] {override.py:1912} INFO - Created Permission View: can read on DAG Run:example_display_name
[2025-03-04T06:53:51.334+0000] {logging_mixin.py:190} INFO - [2025-03-04T06:53:51.334+0000] {override.py:1912} INFO - Created Permission View: can delete on DAG Run:example_display_name
[2025-03-04T06:53:51.348+0000] {logging_mixin.py:190} INFO - [2025-03-04T06:53:51.347+0000] {override.py:1912} INFO - Created Permission View: can create on DAG Run:example_display_name
[2025-03-04T06:53:51.349+0000] {logging_mixin.py:190} INFO - [2025-03-04T06:53:51.349+0000] {dag.py:3239} INFO - Sync 1 DAGs
[2025-03-04T06:53:51.365+0000] {logging_mixin.py:190} INFO - [2025-03-04T06:53:51.365+0000] {dag.py:3262} INFO - Creating ORM DAG for example_display_name
[2025-03-04T06:53:51.367+0000] {logging_mixin.py:190} INFO - [2025-03-04T06:53:51.367+0000] {dag.py:4180} INFO - Setting next_dagrun for example_display_name to None, run_after=None
[2025-03-04T06:53:51.390+0000] {processor.py:208} INFO - Processing /home/airflow/.local/lib/python3.12/site-packages/airflow/example_dags/example_display_name.py took 0.259 seconds
[2025-03-04T06:54:21.743+0000] {processor.py:186} INFO - Started process (PID=195) to work on /home/airflow/.local/lib/python3.12/site-packages/airflow/example_dags/example_display_name.py
[2025-03-04T06:54:21.744+0000] {processor.py:914} INFO - Processing file /home/airflow/.local/lib/python3.12/site-packages/airflow/example_dags/example_display_name.py for tasks to queue
[2025-03-04T06:54:21.747+0000] {logging_mixin.py:190} INFO - [2025-03-04T06:54:21.747+0000] {dagbag.py:588} INFO - Filling up the DagBag from /home/airflow/.local/lib/python3.12/site-packages/airflow/example_dags/example_display_name.py
[2025-03-04T06:54:21.754+0000] {processor.py:925} INFO - DAG(s) 'example_display_name' retrieved from /home/airflow/.local/lib/python3.12/site-packages/airflow/example_dags/example_display_name.py
[2025-03-04T06:54:21.774+0000] {logging_mixin.py:190} INFO - [2025-03-04T06:54:21.773+0000] {dag.py:3239} INFO - Sync 1 DAGs
[2025-03-04T06:54:21.788+0000] {logging_mixin.py:190} INFO - [2025-03-04T06:54:21.787+0000] {dag.py:4180} INFO - Setting next_dagrun for example_display_name to None, run_after=None
[2025-03-04T06:54:21.811+0000] {processor.py:208} INFO - Processing /home/airflow/.local/lib/python3.12/site-packages/airflow/example_dags/example_display_name.py took 0.075 seconds
[2025-03-04T06:54:52.854+0000] {processor.py:186} INFO - Started process (PID=270) to work on /home/airflow/.local/lib/python3.12/site-packages/airflow/example_dags/example_display_name.py
[2025-03-04T06:54:52.855+0000] {processor.py:914} INFO - Processing file /home/airflow/.local/lib/python3.12/site-packages/airflow/example_dags/example_display_name.py for tasks to queue
[2025-03-04T06:54:52.857+0000] {logging_mixin.py:190} INFO - [2025-03-04T06:54:52.857+0000] {dagbag.py:588} INFO - Filling up the DagBag from /home/airflow/.local/lib/python3.12/site-packages/airflow/example_dags/example_display_name.py
[2025-03-04T06:54:52.865+0000] {processor.py:925} INFO - DAG(s) 'example_display_name' retrieved from /home/airflow/.local/lib/python3.12/site-packages/airflow/example_dags/example_display_name.py
[2025-03-04T06:54:52.880+0000] {logging_mixin.py:190} INFO - [2025-03-04T06:54:52.880+0000] {dag.py:3239} INFO - Sync 1 DAGs
[2025-03-04T06:54:52.891+0000] {logging_mixin.py:190} INFO - [2025-03-04T06:54:52.891+0000] {dag.py:4180} INFO - Setting next_dagrun for example_display_name to None, run_after=None
[2025-03-04T06:54:52.908+0000] {processor.py:208} INFO - Processing /home/airflow/.local/lib/python3.12/site-packages/airflow/example_dags/example_display_name.py took 0.059 seconds
[2025-03-04T06:55:23.710+0000] {processor.py:186} INFO - Started process (PID=352) to work on /home/airflow/.local/lib/python3.12/site-packages/airflow/example_dags/example_display_name.py
[2025-03-04T06:55:23.711+0000] {processor.py:914} INFO - Processing file /home/airflow/.local/lib/python3.12/site-packages/airflow/example_dags/example_display_name.py for tasks to queue
[2025-03-04T06:55:23.713+0000] {logging_mixin.py:190} INFO - [2025-03-04T06:55:23.713+0000] {dagbag.py:588} INFO - Filling up the DagBag from /home/airflow/.local/lib/python3.12/site-packages/airflow/example_dags/example_display_name.py
[2025-03-04T06:55:23.720+0000] {processor.py:925} INFO - DAG(s) 'example_display_name' retrieved from /home/airflow/.local/lib/python3.12/site-packages/airflow/example_dags/example_display_name.py
[2025-03-04T06:55:23.737+0000] {logging_mixin.py:190} INFO - [2025-03-04T06:55:23.737+0000] {dag.py:3239} INFO - Sync 1 DAGs
[2025-03-04T06:55:23.749+0000] {logging_mixin.py:190} INFO - [2025-03-04T06:55:23.749+0000] {dag.py:4180} INFO - Setting next_dagrun for example_display_name to None, run_after=None
[2025-03-04T06:55:23.765+0000] {processor.py:208} INFO - Processing /home/airflow/.local/lib/python3.12/site-packages/airflow/example_dags/example_display_name.py took 0.060 seconds
[2025-03-04T06:55:55.211+0000] {processor.py:186} INFO - Started process (PID=427) to work on /home/airflow/.local/lib/python3.12/site-packages/airflow/example_dags/example_display_name.py
[2025-03-04T06:55:55.213+0000] {processor.py:914} INFO - Processing file /home/airflow/.local/lib/python3.12/site-packages/airflow/example_dags/example_display_name.py for tasks to queue
[2025-03-04T06:55:55.215+0000] {logging_mixin.py:190} INFO - [2025-03-04T06:55:55.214+0000] {dagbag.py:588} INFO - Filling up the DagBag from /home/airflow/.local/lib/python3.12/site-packages/airflow/example_dags/example_display_name.py
[2025-03-04T06:55:55.221+0000] {processor.py:925} INFO - DAG(s) 'example_display_name' retrieved from /home/airflow/.local/lib/python3.12/site-packages/airflow/example_dags/example_display_name.py
[2025-03-04T06:55:55.239+0000] {logging_mixin.py:190} INFO - [2025-03-04T06:55:55.238+0000] {dag.py:3239} INFO - Sync 1 DAGs
[2025-03-04T06:55:55.251+0000] {logging_mixin.py:190} INFO - [2025-03-04T06:55:55.251+0000] {dag.py:4180} INFO - Setting next_dagrun for example_display_name to None, run_after=None
[2025-03-04T06:55:55.268+0000] {processor.py:208} INFO - Processing /home/airflow/.local/lib/python3.12/site-packages/airflow/example_dags/example_display_name.py took 0.063 seconds
[2025-03-04T06:56:26.845+0000] {processor.py:186} INFO - Started process (PID=510) to work on /home/airflow/.local/lib/python3.12/site-packages/airflow/example_dags/example_display_name.py
[2025-03-04T06:56:26.847+0000] {processor.py:914} INFO - Processing file /home/airflow/.local/lib/python3.12/site-packages/airflow/example_dags/example_display_name.py for tasks to queue
[2025-03-04T06:56:26.850+0000] {logging_mixin.py:190} INFO - [2025-03-04T06:56:26.850+0000] {dagbag.py:588} INFO - Filling up the DagBag from /home/airflow/.local/lib/python3.12/site-packages/airflow/example_dags/example_display_name.py
[2025-03-04T06:56:26.861+0000] {processor.py:925} INFO - DAG(s) 'example_display_name' retrieved from /home/airflow/.local/lib/python3.12/site-packages/airflow/example_dags/example_display_name.py
[2025-03-04T06:56:26.886+0000] {logging_mixin.py:190} INFO - [2025-03-04T06:56:26.885+0000] {dag.py:3239} INFO - Sync 1 DAGs
[2025-03-04T06:56:26.902+0000] {logging_mixin.py:190} INFO - [2025-03-04T06:56:26.901+0000] {dag.py:4180} INFO - Setting next_dagrun for example_display_name to None, run_after=None
[2025-03-04T06:56:26.924+0000] {processor.py:208} INFO - Processing /home/airflow/.local/lib/python3.12/site-packages/airflow/example_dags/example_display_name.py took 0.087 seconds
[2025-03-04T06:56:58.243+0000] {processor.py:186} INFO - Started process (PID=585) to work on /home/airflow/.local/lib/python3.12/site-packages/airflow/example_dags/example_display_name.py
[2025-03-04T06:56:58.244+0000] {processor.py:914} INFO - Processing file /home/airflow/.local/lib/python3.12/site-packages/airflow/example_dags/example_display_name.py for tasks to queue
[2025-03-04T06:56:58.247+0000] {logging_mixin.py:190} INFO - [2025-03-04T06:56:58.247+0000] {dagbag.py:588} INFO - Filling up the DagBag from /home/airflow/.local/lib/python3.12/site-packages/airflow/example_dags/example_display_name.py
[2025-03-04T06:56:58.255+0000] {processor.py:925} INFO - DAG(s) 'example_display_name' retrieved from /home/airflow/.local/lib/python3.12/site-packages/airflow/example_dags/example_display_name.py
[2025-03-04T06:56:58.271+0000] {logging_mixin.py:190} INFO - [2025-03-04T06:56:58.271+0000] {dag.py:3239} INFO - Sync 1 DAGs
[2025-03-04T06:56:58.282+0000] {logging_mixin.py:190} INFO - [2025-03-04T06:56:58.282+0000] {dag.py:4180} INFO - Setting next_dagrun for example_display_name to None, run_after=None
[2025-03-04T06:56:58.298+0000] {processor.py:208} INFO - Processing /home/airflow/.local/lib/python3.12/site-packages/airflow/example_dags/example_display_name.py took 0.060 seconds
[2025-03-04T06:57:29.365+0000] {processor.py:186} INFO - Started process (PID=668) to work on /home/airflow/.local/lib/python3.12/site-packages/airflow/example_dags/example_display_name.py
[2025-03-04T06:57:29.369+0000] {processor.py:914} INFO - Processing file /home/airflow/.local/lib/python3.12/site-packages/airflow/example_dags/example_display_name.py for tasks to queue
[2025-03-04T06:57:29.374+0000] {logging_mixin.py:190} INFO - [2025-03-04T06:57:29.374+0000] {dagbag.py:588} INFO - Filling up the DagBag from /home/airflow/.local/lib/python3.12/site-packages/airflow/example_dags/example_display_name.py
[2025-03-04T06:57:29.384+0000] {processor.py:925} INFO - DAG(s) 'example_display_name' retrieved from /home/airflow/.local/lib/python3.12/site-packages/airflow/example_dags/example_display_name.py
[2025-03-04T06:57:29.402+0000] {logging_mixin.py:190} INFO - [2025-03-04T06:57:29.401+0000] {dag.py:3239} INFO - Sync 1 DAGs
[2025-03-04T06:57:29.422+0000] {logging_mixin.py:190} INFO - [2025-03-04T06:57:29.422+0000] {dag.py:4180} INFO - Setting next_dagrun for example_display_name to None, run_after=None
[2025-03-04T06:57:29.442+0000] {processor.py:208} INFO - Processing /home/airflow/.local/lib/python3.12/site-packages/airflow/example_dags/example_display_name.py took 0.084 seconds
[2025-03-04T06:58:00.054+0000] {processor.py:186} INFO - Started process (PID=743) to work on /home/airflow/.local/lib/python3.12/site-packages/airflow/example_dags/example_display_name.py
[2025-03-04T06:58:00.055+0000] {processor.py:914} INFO - Processing file /home/airflow/.local/lib/python3.12/site-packages/airflow/example_dags/example_display_name.py for tasks to queue
[2025-03-04T06:58:00.058+0000] {logging_mixin.py:190} INFO - [2025-03-04T06:58:00.057+0000] {dagbag.py:588} INFO - Filling up the DagBag from /home/airflow/.local/lib/python3.12/site-packages/airflow/example_dags/example_display_name.py
[2025-03-04T06:58:00.064+0000] {processor.py:925} INFO - DAG(s) 'example_display_name' retrieved from /home/airflow/.local/lib/python3.12/site-packages/airflow/example_dags/example_display_name.py
[2025-03-04T06:58:00.078+0000] {logging_mixin.py:190} INFO - [2025-03-04T06:58:00.078+0000] {dag.py:3239} INFO - Sync 1 DAGs
[2025-03-04T06:58:00.089+0000] {logging_mixin.py:190} INFO - [2025-03-04T06:58:00.088+0000] {dag.py:4180} INFO - Setting next_dagrun for example_display_name to None, run_after=None
[2025-03-04T06:58:00.104+0000] {processor.py:208} INFO - Processing /home/airflow/.local/lib/python3.12/site-packages/airflow/example_dags/example_display_name.py took 0.054 seconds
[2025-03-04T06:58:31.330+0000] {processor.py:186} INFO - Started process (PID=826) to work on /home/airflow/.local/lib/python3.12/site-packages/airflow/example_dags/example_display_name.py
[2025-03-04T06:58:31.331+0000] {processor.py:914} INFO - Processing file /home/airflow/.local/lib/python3.12/site-packages/airflow/example_dags/example_display_name.py for tasks to queue
[2025-03-04T06:58:31.334+0000] {logging_mixin.py:190} INFO - [2025-03-04T06:58:31.333+0000] {dagbag.py:588} INFO - Filling up the DagBag from /home/airflow/.local/lib/python3.12/site-packages/airflow/example_dags/example_display_name.py
[2025-03-04T06:58:31.342+0000] {processor.py:925} INFO - DAG(s) 'example_display_name' retrieved from /home/airflow/.local/lib/python3.12/site-packages/airflow/example_dags/example_display_name.py
[2025-03-04T06:58:31.365+0000] {logging_mixin.py:190} INFO - [2025-03-04T06:58:31.364+0000] {dag.py:3239} INFO - Sync 1 DAGs
[2025-03-04T06:58:31.382+0000] {logging_mixin.py:190} INFO - [2025-03-04T06:58:31.381+0000] {dag.py:4180} INFO - Setting next_dagrun for example_display_name to None, run_after=None
[2025-03-04T06:58:31.410+0000] {processor.py:208} INFO - Processing /home/airflow/.local/lib/python3.12/site-packages/airflow/example_dags/example_display_name.py took 0.088 seconds
[2025-03-04T06:59:02.172+0000] {processor.py:186} INFO - Started process (PID=904) to work on /home/airflow/.local/lib/python3.12/site-packages/airflow/example_dags/example_display_name.py
[2025-03-04T06:59:02.173+0000] {processor.py:914} INFO - Processing file /home/airflow/.local/lib/python3.12/site-packages/airflow/example_dags/example_display_name.py for tasks to queue
[2025-03-04T06:59:02.175+0000] {logging_mixin.py:190} INFO - [2025-03-04T06:59:02.175+0000] {dagbag.py:588} INFO - Filling up the DagBag from /home/airflow/.local/lib/python3.12/site-packages/airflow/example_dags/example_display_name.py
[2025-03-04T06:59:02.182+0000] {processor.py:925} INFO - DAG(s) 'example_display_name' retrieved from /home/airflow/.local/lib/python3.12/site-packages/airflow/example_dags/example_display_name.py
[2025-03-04T06:59:02.198+0000] {logging_mixin.py:190} INFO - [2025-03-04T06:59:02.198+0000] {dag.py:3239} INFO - Sync 1 DAGs
[2025-03-04T06:59:02.212+0000] {logging_mixin.py:190} INFO - [2025-03-04T06:59:02.211+0000] {dag.py:4180} INFO - Setting next_dagrun for example_display_name to None, run_after=None
[2025-03-04T06:59:02.228+0000] {processor.py:208} INFO - Processing /home/airflow/.local/lib/python3.12/site-packages/airflow/example_dags/example_display_name.py took 0.061 seconds
[2025-03-04T06:59:32.963+0000] {processor.py:186} INFO - Started process (PID=986) to work on /home/airflow/.local/lib/python3.12/site-packages/airflow/example_dags/example_display_name.py
[2025-03-04T06:59:32.964+0000] {processor.py:914} INFO - Processing file /home/airflow/.local/lib/python3.12/site-packages/airflow/example_dags/example_display_name.py for tasks to queue
[2025-03-04T06:59:32.967+0000] {logging_mixin.py:190} INFO - [2025-03-04T06:59:32.967+0000] {dagbag.py:588} INFO - Filling up the DagBag from /home/airflow/.local/lib/python3.12/site-packages/airflow/example_dags/example_display_name.py
[2025-03-04T06:59:32.974+0000] {processor.py:925} INFO - DAG(s) 'example_display_name' retrieved from /home/airflow/.local/lib/python3.12/site-packages/airflow/example_dags/example_display_name.py
[2025-03-04T06:59:32.990+0000] {logging_mixin.py:190} INFO - [2025-03-04T06:59:32.990+0000] {dag.py:3239} INFO - Sync 1 DAGs
[2025-03-04T06:59:33.002+0000] {logging_mixin.py:190} INFO - [2025-03-04T06:59:33.002+0000] {dag.py:4180} INFO - Setting next_dagrun for example_display_name to None, run_after=None
[2025-03-04T06:59:33.019+0000] {processor.py:208} INFO - Processing /home/airflow/.local/lib/python3.12/site-packages/airflow/example_dags/example_display_name.py took 0.061 seconds
[2025-03-04T07:00:03.918+0000] {processor.py:186} INFO - Started process (PID=1063) to work on /home/airflow/.local/lib/python3.12/site-packages/airflow/example_dags/example_display_name.py
[2025-03-04T07:00:03.919+0000] {processor.py:914} INFO - Processing file /home/airflow/.local/lib/python3.12/site-packages/airflow/example_dags/example_display_name.py for tasks to queue
[2025-03-04T07:00:03.921+0000] {logging_mixin.py:190} INFO - [2025-03-04T07:00:03.921+0000] {dagbag.py:588} INFO - Filling up the DagBag from /home/airflow/.local/lib/python3.12/site-packages/airflow/example_dags/example_display_name.py
[2025-03-04T07:00:03.928+0000] {processor.py:925} INFO - DAG(s) 'example_display_name' retrieved from /home/airflow/.local/lib/python3.12/site-packages/airflow/example_dags/example_display_name.py
[2025-03-04T07:00:03.944+0000] {logging_mixin.py:190} INFO - [2025-03-04T07:00:03.943+0000] {dag.py:3239} INFO - Sync 1 DAGs
[2025-03-04T07:00:03.956+0000] {logging_mixin.py:190} INFO - [2025-03-04T07:00:03.956+0000] {dag.py:4180} INFO - Setting next_dagrun for example_display_name to None, run_after=None
[2025-03-04T07:00:03.974+0000] {processor.py:208} INFO - Processing /home/airflow/.local/lib/python3.12/site-packages/airflow/example_dags/example_display_name.py took 0.061 seconds
[2025-03-04T07:00:34.692+0000] {processor.py:186} INFO - Started process (PID=1140) to work on /home/airflow/.local/lib/python3.12/site-packages/airflow/example_dags/example_display_name.py
[2025-03-04T07:00:34.694+0000] {processor.py:914} INFO - Processing file /home/airflow/.local/lib/python3.12/site-packages/airflow/example_dags/example_display_name.py for tasks to queue
[2025-03-04T07:00:34.698+0000] {logging_mixin.py:190} INFO - [2025-03-04T07:00:34.697+0000] {dagbag.py:588} INFO - Filling up the DagBag from /home/airflow/.local/lib/python3.12/site-packages/airflow/example_dags/example_display_name.py
[2025-03-04T07:00:34.708+0000] {processor.py:925} INFO - DAG(s) 'example_display_name' retrieved from /home/airflow/.local/lib/python3.12/site-packages/airflow/example_dags/example_display_name.py
[2025-03-04T07:00:34.732+0000] {logging_mixin.py:190} INFO - [2025-03-04T07:00:34.731+0000] {dag.py:3239} INFO - Sync 1 DAGs
[2025-03-04T07:00:34.745+0000] {logging_mixin.py:190} INFO - [2025-03-04T07:00:34.745+0000] {dag.py:4180} INFO - Setting next_dagrun for example_display_name to None, run_after=None
[2025-03-04T07:00:34.769+0000] {processor.py:208} INFO - Processing /home/airflow/.local/lib/python3.12/site-packages/airflow/example_dags/example_display_name.py took 0.082 seconds
[2025-03-04T07:01:04.957+0000] {processor.py:186} INFO - Started process (PID=1225) to work on /home/airflow/.local/lib/python3.12/site-packages/airflow/example_dags/example_display_name.py
[2025-03-04T07:01:04.959+0000] {processor.py:914} INFO - Processing file /home/airflow/.local/lib/python3.12/site-packages/airflow/example_dags/example_display_name.py for tasks to queue
[2025-03-04T07:01:04.960+0000] {logging_mixin.py:190} INFO - [2025-03-04T07:01:04.960+0000] {dagbag.py:588} INFO - Filling up the DagBag from /home/airflow/.local/lib/python3.12/site-packages/airflow/example_dags/example_display_name.py
[2025-03-04T07:01:04.968+0000] {processor.py:925} INFO - DAG(s) 'example_display_name' retrieved from /home/airflow/.local/lib/python3.12/site-packages/airflow/example_dags/example_display_name.py
[2025-03-04T07:01:04.984+0000] {logging_mixin.py:190} INFO - [2025-03-04T07:01:04.984+0000] {dag.py:3239} INFO - Sync 1 DAGs
[2025-03-04T07:01:04.998+0000] {logging_mixin.py:190} INFO - [2025-03-04T07:01:04.997+0000] {dag.py:4180} INFO - Setting next_dagrun for example_display_name to None, run_after=None
[2025-03-04T07:01:05.037+0000] {processor.py:208} INFO - Processing /home/airflow/.local/lib/python3.12/site-packages/airflow/example_dags/example_display_name.py took 0.085 seconds
[2025-03-04T07:01:35.205+0000] {processor.py:186} INFO - Started process (PID=1300) to work on /home/airflow/.local/lib/python3.12/site-packages/airflow/example_dags/example_display_name.py
[2025-03-04T07:01:35.206+0000] {processor.py:914} INFO - Processing file /home/airflow/.local/lib/python3.12/site-packages/airflow/example_dags/example_display_name.py for tasks to queue
[2025-03-04T07:01:35.207+0000] {logging_mixin.py:190} INFO - [2025-03-04T07:01:35.207+0000] {dagbag.py:588} INFO - Filling up the DagBag from /home/airflow/.local/lib/python3.12/site-packages/airflow/example_dags/example_display_name.py
[2025-03-04T07:01:35.213+0000] {processor.py:925} INFO - DAG(s) 'example_display_name' retrieved from /home/airflow/.local/lib/python3.12/site-packages/airflow/example_dags/example_display_name.py
[2025-03-04T07:01:35.229+0000] {logging_mixin.py:190} INFO - [2025-03-04T07:01:35.229+0000] {dag.py:3239} INFO - Sync 1 DAGs
[2025-03-04T07:01:35.240+0000] {logging_mixin.py:190} INFO - [2025-03-04T07:01:35.240+0000] {dag.py:4180} INFO - Setting next_dagrun for example_display_name to None, run_after=None
[2025-03-04T07:01:35.256+0000] {processor.py:208} INFO - Processing /home/airflow/.local/lib/python3.12/site-packages/airflow/example_dags/example_display_name.py took 0.056 seconds
[2025-03-04T07:02:05.473+0000] {processor.py:186} INFO - Started process (PID=1384) to work on /home/airflow/.local/lib/python3.12/site-packages/airflow/example_dags/example_display_name.py
[2025-03-04T07:02:05.475+0000] {processor.py:914} INFO - Processing file /home/airflow/.local/lib/python3.12/site-packages/airflow/example_dags/example_display_name.py for tasks to queue
[2025-03-04T07:02:05.476+0000] {logging_mixin.py:190} INFO - [2025-03-04T07:02:05.476+0000] {dagbag.py:588} INFO - Filling up the DagBag from /home/airflow/.local/lib/python3.12/site-packages/airflow/example_dags/example_display_name.py
[2025-03-04T07:02:05.487+0000] {processor.py:925} INFO - DAG(s) 'example_display_name' retrieved from /home/airflow/.local/lib/python3.12/site-packages/airflow/example_dags/example_display_name.py
[2025-03-04T07:02:05.509+0000] {logging_mixin.py:190} INFO - [2025-03-04T07:02:05.509+0000] {dag.py:3239} INFO - Sync 1 DAGs
[2025-03-04T07:02:05.522+0000] {logging_mixin.py:190} INFO - [2025-03-04T07:02:05.522+0000] {dag.py:4180} INFO - Setting next_dagrun for example_display_name to None, run_after=None
[2025-03-04T07:02:05.541+0000] {processor.py:208} INFO - Processing /home/airflow/.local/lib/python3.12/site-packages/airflow/example_dags/example_display_name.py took 0.075 seconds
[2025-03-04T07:02:35.709+0000] {processor.py:186} INFO - Started process (PID=1464) to work on /home/airflow/.local/lib/python3.12/site-packages/airflow/example_dags/example_display_name.py
[2025-03-04T07:02:35.711+0000] {processor.py:914} INFO - Processing file /home/airflow/.local/lib/python3.12/site-packages/airflow/example_dags/example_display_name.py for tasks to queue
[2025-03-04T07:02:35.713+0000] {logging_mixin.py:190} INFO - [2025-03-04T07:02:35.712+0000] {dagbag.py:588} INFO - Filling up the DagBag from /home/airflow/.local/lib/python3.12/site-packages/airflow/example_dags/example_display_name.py
[2025-03-04T07:02:35.721+0000] {processor.py:925} INFO - DAG(s) 'example_display_name' retrieved from /home/airflow/.local/lib/python3.12/site-packages/airflow/example_dags/example_display_name.py
[2025-03-04T07:02:35.743+0000] {logging_mixin.py:190} INFO - [2025-03-04T07:02:35.742+0000] {dag.py:3239} INFO - Sync 1 DAGs
[2025-03-04T07:02:35.759+0000] {logging_mixin.py:190} INFO - [2025-03-04T07:02:35.759+0000] {dag.py:4180} INFO - Setting next_dagrun for example_display_name to None, run_after=None
[2025-03-04T07:02:35.779+0000] {processor.py:208} INFO - Processing /home/airflow/.local/lib/python3.12/site-packages/airflow/example_dags/example_display_name.py took 0.077 seconds
[2025-03-04T07:03:06.231+0000] {processor.py:186} INFO - Started process (PID=1546) to work on /home/airflow/.local/lib/python3.12/site-packages/airflow/example_dags/example_display_name.py
[2025-03-04T07:03:06.232+0000] {processor.py:914} INFO - Processing file /home/airflow/.local/lib/python3.12/site-packages/airflow/example_dags/example_display_name.py for tasks to queue
[2025-03-04T07:03:06.233+0000] {logging_mixin.py:190} INFO - [2025-03-04T07:03:06.233+0000] {dagbag.py:588} INFO - Filling up the DagBag from /home/airflow/.local/lib/python3.12/site-packages/airflow/example_dags/example_display_name.py
[2025-03-04T07:03:06.246+0000] {processor.py:925} INFO - DAG(s) 'example_display_name' retrieved from /home/airflow/.local/lib/python3.12/site-packages/airflow/example_dags/example_display_name.py
[2025-03-04T07:03:06.261+0000] {logging_mixin.py:190} INFO - [2025-03-04T07:03:06.261+0000] {dag.py:3239} INFO - Sync 1 DAGs
[2025-03-04T07:03:06.273+0000] {logging_mixin.py:190} INFO - [2025-03-04T07:03:06.273+0000] {dag.py:4180} INFO - Setting next_dagrun for example_display_name to None, run_after=None
[2025-03-04T07:03:06.291+0000] {processor.py:208} INFO - Processing /home/airflow/.local/lib/python3.12/site-packages/airflow/example_dags/example_display_name.py took 0.066 seconds
[2025-03-04T07:03:36.725+0000] {processor.py:186} INFO - Started process (PID=1622) to work on /home/airflow/.local/lib/python3.12/site-packages/airflow/example_dags/example_display_name.py
[2025-03-04T07:03:36.726+0000] {processor.py:914} INFO - Processing file /home/airflow/.local/lib/python3.12/site-packages/airflow/example_dags/example_display_name.py for tasks to queue
[2025-03-04T07:03:36.728+0000] {logging_mixin.py:190} INFO - [2025-03-04T07:03:36.728+0000] {dagbag.py:588} INFO - Filling up the DagBag from /home/airflow/.local/lib/python3.12/site-packages/airflow/example_dags/example_display_name.py
[2025-03-04T07:03:36.734+0000] {processor.py:925} INFO - DAG(s) 'example_display_name' retrieved from /home/airflow/.local/lib/python3.12/site-packages/airflow/example_dags/example_display_name.py
[2025-03-04T07:03:36.752+0000] {logging_mixin.py:190} INFO - [2025-03-04T07:03:36.751+0000] {dag.py:3239} INFO - Sync 1 DAGs
[2025-03-04T07:03:36.766+0000] {logging_mixin.py:190} INFO - [2025-03-04T07:03:36.766+0000] {dag.py:4180} INFO - Setting next_dagrun for example_display_name to None, run_after=None
[2025-03-04T07:03:36.784+0000] {processor.py:208} INFO - Processing /home/airflow/.local/lib/python3.12/site-packages/airflow/example_dags/example_display_name.py took 0.065 seconds
[2025-03-04T07:04:06.872+0000] {processor.py:186} INFO - Started process (PID=1696) to work on /home/airflow/.local/lib/python3.12/site-packages/airflow/example_dags/example_display_name.py
[2025-03-04T07:04:06.873+0000] {processor.py:914} INFO - Processing file /home/airflow/.local/lib/python3.12/site-packages/airflow/example_dags/example_display_name.py for tasks to queue
[2025-03-04T07:04:06.874+0000] {logging_mixin.py:190} INFO - [2025-03-04T07:04:06.874+0000] {dagbag.py:588} INFO - Filling up the DagBag from /home/airflow/.local/lib/python3.12/site-packages/airflow/example_dags/example_display_name.py
[2025-03-04T07:04:06.881+0000] {processor.py:925} INFO - DAG(s) 'example_display_name' retrieved from /home/airflow/.local/lib/python3.12/site-packages/airflow/example_dags/example_display_name.py
[2025-03-04T07:04:06.901+0000] {logging_mixin.py:190} INFO - [2025-03-04T07:04:06.900+0000] {dag.py:3239} INFO - Sync 1 DAGs
[2025-03-04T07:04:06.913+0000] {logging_mixin.py:190} INFO - [2025-03-04T07:04:06.913+0000] {dag.py:4180} INFO - Setting next_dagrun for example_display_name to None, run_after=None
[2025-03-04T07:04:06.928+0000] {processor.py:208} INFO - Processing /home/airflow/.local/lib/python3.12/site-packages/airflow/example_dags/example_display_name.py took 0.061 seconds
[2025-03-04T07:04:36.984+0000] {processor.py:186} INFO - Started process (PID=1779) to work on /home/airflow/.local/lib/python3.12/site-packages/airflow/example_dags/example_display_name.py
[2025-03-04T07:04:36.985+0000] {processor.py:914} INFO - Processing file /home/airflow/.local/lib/python3.12/site-packages/airflow/example_dags/example_display_name.py for tasks to queue
[2025-03-04T07:04:36.987+0000] {logging_mixin.py:190} INFO - [2025-03-04T07:04:36.987+0000] {dagbag.py:588} INFO - Filling up the DagBag from /home/airflow/.local/lib/python3.12/site-packages/airflow/example_dags/example_display_name.py
[2025-03-04T07:04:36.994+0000] {processor.py:925} INFO - DAG(s) 'example_display_name' retrieved from /home/airflow/.local/lib/python3.12/site-packages/airflow/example_dags/example_display_name.py
[2025-03-04T07:04:37.012+0000] {logging_mixin.py:190} INFO - [2025-03-04T07:04:37.012+0000] {dag.py:3239} INFO - Sync 1 DAGs
[2025-03-04T07:04:37.025+0000] {logging_mixin.py:190} INFO - [2025-03-04T07:04:37.025+0000] {dag.py:4180} INFO - Setting next_dagrun for example_display_name to None, run_after=None
[2025-03-04T07:04:37.042+0000] {processor.py:208} INFO - Processing /home/airflow/.local/lib/python3.12/site-packages/airflow/example_dags/example_display_name.py took 0.063 seconds
[2025-03-04T07:05:07.248+0000] {processor.py:186} INFO - Started process (PID=1853) to work on /home/airflow/.local/lib/python3.12/site-packages/airflow/example_dags/example_display_name.py
[2025-03-04T07:05:07.249+0000] {processor.py:914} INFO - Processing file /home/airflow/.local/lib/python3.12/site-packages/airflow/example_dags/example_display_name.py for tasks to queue
[2025-03-04T07:05:07.250+0000] {logging_mixin.py:190} INFO - [2025-03-04T07:05:07.250+0000] {dagbag.py:588} INFO - Filling up the DagBag from /home/airflow/.local/lib/python3.12/site-packages/airflow/example_dags/example_display_name.py
[2025-03-04T07:05:07.258+0000] {processor.py:925} INFO - DAG(s) 'example_display_name' retrieved from /home/airflow/.local/lib/python3.12/site-packages/airflow/example_dags/example_display_name.py
[2025-03-04T07:05:07.274+0000] {logging_mixin.py:190} INFO - [2025-03-04T07:05:07.274+0000] {dag.py:3239} INFO - Sync 1 DAGs
[2025-03-04T07:05:07.287+0000] {logging_mixin.py:190} INFO - [2025-03-04T07:05:07.287+0000] {dag.py:4180} INFO - Setting next_dagrun for example_display_name to None, run_after=None
[2025-03-04T07:05:07.303+0000] {processor.py:208} INFO - Processing /home/airflow/.local/lib/python3.12/site-packages/airflow/example_dags/example_display_name.py took 0.061 seconds
[2025-03-04T07:05:37.627+0000] {processor.py:186} INFO - Started process (PID=1935) to work on /home/airflow/.local/lib/python3.12/site-packages/airflow/example_dags/example_display_name.py
[2025-03-04T07:05:37.628+0000] {processor.py:914} INFO - Processing file /home/airflow/.local/lib/python3.12/site-packages/airflow/example_dags/example_display_name.py for tasks to queue
[2025-03-04T07:05:37.630+0000] {logging_mixin.py:190} INFO - [2025-03-04T07:05:37.629+0000] {dagbag.py:588} INFO - Filling up the DagBag from /home/airflow/.local/lib/python3.12/site-packages/airflow/example_dags/example_display_name.py
[2025-03-04T07:05:37.637+0000] {processor.py:925} INFO - DAG(s) 'example_display_name' retrieved from /home/airflow/.local/lib/python3.12/site-packages/airflow/example_dags/example_display_name.py
[2025-03-04T07:05:37.652+0000] {logging_mixin.py:190} INFO - [2025-03-04T07:05:37.652+0000] {dag.py:3239} INFO - Sync 1 DAGs
[2025-03-04T07:05:37.664+0000] {logging_mixin.py:190} INFO - [2025-03-04T07:05:37.664+0000] {dag.py:4180} INFO - Setting next_dagrun for example_display_name to None, run_after=None
[2025-03-04T07:05:37.679+0000] {processor.py:208} INFO - Processing /home/airflow/.local/lib/python3.12/site-packages/airflow/example_dags/example_display_name.py took 0.056 seconds
[2025-03-04T07:06:08.067+0000] {processor.py:186} INFO - Started process (PID=2009) to work on /home/airflow/.local/lib/python3.12/site-packages/airflow/example_dags/example_display_name.py
[2025-03-04T07:06:08.069+0000] {processor.py:914} INFO - Processing file /home/airflow/.local/lib/python3.12/site-packages/airflow/example_dags/example_display_name.py for tasks to queue
[2025-03-04T07:06:08.070+0000] {logging_mixin.py:190} INFO - [2025-03-04T07:06:08.070+0000] {dagbag.py:588} INFO - Filling up the DagBag from /home/airflow/.local/lib/python3.12/site-packages/airflow/example_dags/example_display_name.py
[2025-03-04T07:06:08.076+0000] {processor.py:925} INFO - DAG(s) 'example_display_name' retrieved from /home/airflow/.local/lib/python3.12/site-packages/airflow/example_dags/example_display_name.py
[2025-03-04T07:06:08.091+0000] {logging_mixin.py:190} INFO - [2025-03-04T07:06:08.091+0000] {dag.py:3239} INFO - Sync 1 DAGs
[2025-03-04T07:06:08.102+0000] {logging_mixin.py:190} INFO - [2025-03-04T07:06:08.102+0000] {dag.py:4180} INFO - Setting next_dagrun for example_display_name to None, run_after=None
[2025-03-04T07:06:08.117+0000] {processor.py:208} INFO - Processing /home/airflow/.local/lib/python3.12/site-packages/airflow/example_dags/example_display_name.py took 0.054 seconds
[2025-03-04T07:06:38.726+0000] {processor.py:186} INFO - Started process (PID=2091) to work on /home/airflow/.local/lib/python3.12/site-packages/airflow/example_dags/example_display_name.py
[2025-03-04T07:06:38.728+0000] {processor.py:914} INFO - Processing file /home/airflow/.local/lib/python3.12/site-packages/airflow/example_dags/example_display_name.py for tasks to queue
[2025-03-04T07:06:38.729+0000] {logging_mixin.py:190} INFO - [2025-03-04T07:06:38.729+0000] {dagbag.py:588} INFO - Filling up the DagBag from /home/airflow/.local/lib/python3.12/site-packages/airflow/example_dags/example_display_name.py
[2025-03-04T07:06:38.736+0000] {processor.py:925} INFO - DAG(s) 'example_display_name' retrieved from /home/airflow/.local/lib/python3.12/site-packages/airflow/example_dags/example_display_name.py
[2025-03-04T07:06:38.754+0000] {logging_mixin.py:190} INFO - [2025-03-04T07:06:38.754+0000] {dag.py:3239} INFO - Sync 1 DAGs
[2025-03-04T07:06:38.766+0000] {logging_mixin.py:190} INFO - [2025-03-04T07:06:38.766+0000] {dag.py:4180} INFO - Setting next_dagrun for example_display_name to None, run_after=None
[2025-03-04T07:06:38.782+0000] {processor.py:208} INFO - Processing /home/airflow/.local/lib/python3.12/site-packages/airflow/example_dags/example_display_name.py took 0.061 seconds
[2025-03-04T07:07:09.000+0000] {processor.py:186} INFO - Started process (PID=2164) to work on /home/airflow/.local/lib/python3.12/site-packages/airflow/example_dags/example_display_name.py
[2025-03-04T07:07:09.001+0000] {processor.py:914} INFO - Processing file /home/airflow/.local/lib/python3.12/site-packages/airflow/example_dags/example_display_name.py for tasks to queue
[2025-03-04T07:07:09.003+0000] {logging_mixin.py:190} INFO - [2025-03-04T07:07:09.002+0000] {dagbag.py:588} INFO - Filling up the DagBag from /home/airflow/.local/lib/python3.12/site-packages/airflow/example_dags/example_display_name.py
[2025-03-04T07:07:09.012+0000] {processor.py:925} INFO - DAG(s) 'example_display_name' retrieved from /home/airflow/.local/lib/python3.12/site-packages/airflow/example_dags/example_display_name.py
[2025-03-04T07:07:09.033+0000] {logging_mixin.py:190} INFO - [2025-03-04T07:07:09.032+0000] {dag.py:3239} INFO - Sync 1 DAGs
[2025-03-04T07:07:09.050+0000] {logging_mixin.py:190} INFO - [2025-03-04T07:07:09.050+0000] {dag.py:4180} INFO - Setting next_dagrun for example_display_name to None, run_after=None
[2025-03-04T07:07:09.070+0000] {processor.py:208} INFO - Processing /home/airflow/.local/lib/python3.12/site-packages/airflow/example_dags/example_display_name.py took 0.077 seconds
[2025-03-04T07:07:39.277+0000] {processor.py:186} INFO - Started process (PID=2246) to work on /home/airflow/.local/lib/python3.12/site-packages/airflow/example_dags/example_display_name.py
[2025-03-04T07:07:39.279+0000] {processor.py:914} INFO - Processing file /home/airflow/.local/lib/python3.12/site-packages/airflow/example_dags/example_display_name.py for tasks to queue
[2025-03-04T07:07:39.280+0000] {logging_mixin.py:190} INFO - [2025-03-04T07:07:39.280+0000] {dagbag.py:588} INFO - Filling up the DagBag from /home/airflow/.local/lib/python3.12/site-packages/airflow/example_dags/example_display_name.py
[2025-03-04T07:07:39.287+0000] {processor.py:925} INFO - DAG(s) 'example_display_name' retrieved from /home/airflow/.local/lib/python3.12/site-packages/airflow/example_dags/example_display_name.py
[2025-03-04T07:07:39.306+0000] {logging_mixin.py:190} INFO - [2025-03-04T07:07:39.306+0000] {dag.py:3239} INFO - Sync 1 DAGs
[2025-03-04T07:07:39.319+0000] {logging_mixin.py:190} INFO - [2025-03-04T07:07:39.319+0000] {dag.py:4180} INFO - Setting next_dagrun for example_display_name to None, run_after=None
[2025-03-04T07:07:39.336+0000] {processor.py:208} INFO - Processing /home/airflow/.local/lib/python3.12/site-packages/airflow/example_dags/example_display_name.py took 0.063 seconds
[2025-03-04T07:08:09.520+0000] {processor.py:186} INFO - Started process (PID=2320) to work on /home/airflow/.local/lib/python3.12/site-packages/airflow/example_dags/example_display_name.py
[2025-03-04T07:08:09.522+0000] {processor.py:914} INFO - Processing file /home/airflow/.local/lib/python3.12/site-packages/airflow/example_dags/example_display_name.py for tasks to queue
[2025-03-04T07:08:09.527+0000] {logging_mixin.py:190} INFO - [2025-03-04T07:08:09.526+0000] {dagbag.py:588} INFO - Filling up the DagBag from /home/airflow/.local/lib/python3.12/site-packages/airflow/example_dags/example_display_name.py
[2025-03-04T07:08:09.547+0000] {processor.py:925} INFO - DAG(s) 'example_display_name' retrieved from /home/airflow/.local/lib/python3.12/site-packages/airflow/example_dags/example_display_name.py
[2025-03-04T07:08:09.595+0000] {logging_mixin.py:190} INFO - [2025-03-04T07:08:09.594+0000] {dag.py:3239} INFO - Sync 1 DAGs
[2025-03-04T07:08:09.624+0000] {logging_mixin.py:190} INFO - [2025-03-04T07:08:09.624+0000] {dag.py:4180} INFO - Setting next_dagrun for example_display_name to None, run_after=None
[2025-03-04T07:08:09.649+0000] {processor.py:208} INFO - Processing /home/airflow/.local/lib/python3.12/site-packages/airflow/example_dags/example_display_name.py took 0.139 seconds
[2025-03-04T07:08:39.934+0000] {processor.py:186} INFO - Started process (PID=2394) to work on /home/airflow/.local/lib/python3.12/site-packages/airflow/example_dags/example_display_name.py
[2025-03-04T07:08:39.936+0000] {processor.py:914} INFO - Processing file /home/airflow/.local/lib/python3.12/site-packages/airflow/example_dags/example_display_name.py for tasks to queue
[2025-03-04T07:08:39.938+0000] {logging_mixin.py:190} INFO - [2025-03-04T07:08:39.938+0000] {dagbag.py:588} INFO - Filling up the DagBag from /home/airflow/.local/lib/python3.12/site-packages/airflow/example_dags/example_display_name.py
[2025-03-04T07:08:39.946+0000] {processor.py:925} INFO - DAG(s) 'example_display_name' retrieved from /home/airflow/.local/lib/python3.12/site-packages/airflow/example_dags/example_display_name.py
[2025-03-04T07:08:39.964+0000] {logging_mixin.py:190} INFO - [2025-03-04T07:08:39.964+0000] {dag.py:3239} INFO - Sync 1 DAGs
[2025-03-04T07:08:39.978+0000] {logging_mixin.py:190} INFO - [2025-03-04T07:08:39.977+0000] {dag.py:4180} INFO - Setting next_dagrun for example_display_name to None, run_after=None
[2025-03-04T07:08:39.991+0000] {processor.py:208} INFO - Processing /home/airflow/.local/lib/python3.12/site-packages/airflow/example_dags/example_display_name.py took 0.063 seconds
[2025-03-04T07:09:10.088+0000] {processor.py:186} INFO - Started process (PID=2477) to work on /home/airflow/.local/lib/python3.12/site-packages/airflow/example_dags/example_display_name.py
[2025-03-04T07:09:10.089+0000] {processor.py:914} INFO - Processing file /home/airflow/.local/lib/python3.12/site-packages/airflow/example_dags/example_display_name.py for tasks to queue
[2025-03-04T07:09:10.091+0000] {logging_mixin.py:190} INFO - [2025-03-04T07:09:10.091+0000] {dagbag.py:588} INFO - Filling up the DagBag from /home/airflow/.local/lib/python3.12/site-packages/airflow/example_dags/example_display_name.py
[2025-03-04T07:09:10.098+0000] {processor.py:925} INFO - DAG(s) 'example_display_name' retrieved from /home/airflow/.local/lib/python3.12/site-packages/airflow/example_dags/example_display_name.py
[2025-03-04T07:09:10.116+0000] {logging_mixin.py:190} INFO - [2025-03-04T07:09:10.116+0000] {dag.py:3239} INFO - Sync 1 DAGs
[2025-03-04T07:09:10.132+0000] {logging_mixin.py:190} INFO - [2025-03-04T07:09:10.132+0000] {dag.py:4180} INFO - Setting next_dagrun for example_display_name to None, run_after=None
[2025-03-04T07:09:10.147+0000] {processor.py:208} INFO - Processing /home/airflow/.local/lib/python3.12/site-packages/airflow/example_dags/example_display_name.py took 0.064 seconds
[2025-03-04T07:09:40.531+0000] {processor.py:186} INFO - Started process (PID=2551) to work on /home/airflow/.local/lib/python3.12/site-packages/airflow/example_dags/example_display_name.py
[2025-03-04T07:09:40.532+0000] {processor.py:914} INFO - Processing file /home/airflow/.local/lib/python3.12/site-packages/airflow/example_dags/example_display_name.py for tasks to queue
[2025-03-04T07:09:40.533+0000] {logging_mixin.py:190} INFO - [2025-03-04T07:09:40.533+0000] {dagbag.py:588} INFO - Filling up the DagBag from /home/airflow/.local/lib/python3.12/site-packages/airflow/example_dags/example_display_name.py
[2025-03-04T07:09:40.540+0000] {processor.py:925} INFO - DAG(s) 'example_display_name' retrieved from /home/airflow/.local/lib/python3.12/site-packages/airflow/example_dags/example_display_name.py
[2025-03-04T07:09:40.556+0000] {logging_mixin.py:190} INFO - [2025-03-04T07:09:40.556+0000] {dag.py:3239} INFO - Sync 1 DAGs
[2025-03-04T07:09:40.569+0000] {logging_mixin.py:190} INFO - [2025-03-04T07:09:40.569+0000] {dag.py:4180} INFO - Setting next_dagrun for example_display_name to None, run_after=None
[2025-03-04T07:09:40.585+0000] {processor.py:208} INFO - Processing /home/airflow/.local/lib/python3.12/site-packages/airflow/example_dags/example_display_name.py took 0.060 seconds
[2025-03-04T07:10:11.124+0000] {processor.py:186} INFO - Started process (PID=2633) to work on /home/airflow/.local/lib/python3.12/site-packages/airflow/example_dags/example_display_name.py
[2025-03-04T07:10:11.125+0000] {processor.py:914} INFO - Processing file /home/airflow/.local/lib/python3.12/site-packages/airflow/example_dags/example_display_name.py for tasks to queue
[2025-03-04T07:10:11.127+0000] {logging_mixin.py:190} INFO - [2025-03-04T07:10:11.126+0000] {dagbag.py:588} INFO - Filling up the DagBag from /home/airflow/.local/lib/python3.12/site-packages/airflow/example_dags/example_display_name.py
[2025-03-04T07:10:11.133+0000] {processor.py:925} INFO - DAG(s) 'example_display_name' retrieved from /home/airflow/.local/lib/python3.12/site-packages/airflow/example_dags/example_display_name.py
[2025-03-04T07:10:11.181+0000] {logging_mixin.py:190} INFO - [2025-03-04T07:10:11.180+0000] {dag.py:3239} INFO - Sync 1 DAGs
[2025-03-04T07:10:11.198+0000] {logging_mixin.py:190} INFO - [2025-03-04T07:10:11.198+0000] {dag.py:4180} INFO - Setting next_dagrun for example_display_name to None, run_after=None
[2025-03-04T07:10:11.216+0000] {processor.py:208} INFO - Processing /home/airflow/.local/lib/python3.12/site-packages/airflow/example_dags/example_display_name.py took 0.097 seconds
[2025-03-04T07:10:41.414+0000] {processor.py:186} INFO - Started process (PID=2705) to work on /home/airflow/.local/lib/python3.12/site-packages/airflow/example_dags/example_display_name.py
[2025-03-04T07:10:41.416+0000] {processor.py:914} INFO - Processing file /home/airflow/.local/lib/python3.12/site-packages/airflow/example_dags/example_display_name.py for tasks to queue
[2025-03-04T07:10:41.417+0000] {logging_mixin.py:190} INFO - [2025-03-04T07:10:41.417+0000] {dagbag.py:588} INFO - Filling up the DagBag from /home/airflow/.local/lib/python3.12/site-packages/airflow/example_dags/example_display_name.py
[2025-03-04T07:10:41.427+0000] {processor.py:925} INFO - DAG(s) 'example_display_name' retrieved from /home/airflow/.local/lib/python3.12/site-packages/airflow/example_dags/example_display_name.py
[2025-03-04T07:10:41.453+0000] {logging_mixin.py:190} INFO - [2025-03-04T07:10:41.453+0000] {dag.py:3239} INFO - Sync 1 DAGs
[2025-03-04T07:10:41.476+0000] {logging_mixin.py:190} INFO - [2025-03-04T07:10:41.475+0000] {dag.py:4180} INFO - Setting next_dagrun for example_display_name to None, run_after=None
[2025-03-04T07:10:41.503+0000] {processor.py:208} INFO - Processing /home/airflow/.local/lib/python3.12/site-packages/airflow/example_dags/example_display_name.py took 0.094 seconds
[2025-03-04T07:11:11.717+0000] {processor.py:186} INFO - Started process (PID=2787) to work on /home/airflow/.local/lib/python3.12/site-packages/airflow/example_dags/example_display_name.py
[2025-03-04T07:11:11.719+0000] {processor.py:914} INFO - Processing file /home/airflow/.local/lib/python3.12/site-packages/airflow/example_dags/example_display_name.py for tasks to queue
[2025-03-04T07:11:11.720+0000] {logging_mixin.py:190} INFO - [2025-03-04T07:11:11.720+0000] {dagbag.py:588} INFO - Filling up the DagBag from /home/airflow/.local/lib/python3.12/site-packages/airflow/example_dags/example_display_name.py
[2025-03-04T07:11:11.728+0000] {processor.py:925} INFO - DAG(s) 'example_display_name' retrieved from /home/airflow/.local/lib/python3.12/site-packages/airflow/example_dags/example_display_name.py
[2025-03-04T07:11:11.747+0000] {logging_mixin.py:190} INFO - [2025-03-04T07:11:11.747+0000] {dag.py:3239} INFO - Sync 1 DAGs
[2025-03-04T07:11:11.762+0000] {logging_mixin.py:190} INFO - [2025-03-04T07:11:11.762+0000] {dag.py:4180} INFO - Setting next_dagrun for example_display_name to None, run_after=None
[2025-03-04T07:11:11.783+0000] {processor.py:208} INFO - Processing /home/airflow/.local/lib/python3.12/site-packages/airflow/example_dags/example_display_name.py took 0.071 seconds
[2025-03-04T07:11:41.846+0000] {processor.py:186} INFO - Started process (PID=2861) to work on /home/airflow/.local/lib/python3.12/site-packages/airflow/example_dags/example_display_name.py
[2025-03-04T07:11:41.847+0000] {processor.py:914} INFO - Processing file /home/airflow/.local/lib/python3.12/site-packages/airflow/example_dags/example_display_name.py for tasks to queue
[2025-03-04T07:11:41.849+0000] {logging_mixin.py:190} INFO - [2025-03-04T07:11:41.849+0000] {dagbag.py:588} INFO - Filling up the DagBag from /home/airflow/.local/lib/python3.12/site-packages/airflow/example_dags/example_display_name.py
[2025-03-04T07:11:41.856+0000] {processor.py:925} INFO - DAG(s) 'example_display_name' retrieved from /home/airflow/.local/lib/python3.12/site-packages/airflow/example_dags/example_display_name.py
[2025-03-04T07:11:41.873+0000] {logging_mixin.py:190} INFO - [2025-03-04T07:11:41.873+0000] {dag.py:3239} INFO - Sync 1 DAGs
[2025-03-04T07:11:41.888+0000] {logging_mixin.py:190} INFO - [2025-03-04T07:11:41.887+0000] {dag.py:4180} INFO - Setting next_dagrun for example_display_name to None, run_after=None
[2025-03-04T07:11:41.906+0000] {processor.py:208} INFO - Processing /home/airflow/.local/lib/python3.12/site-packages/airflow/example_dags/example_display_name.py took 0.065 seconds
[2025-03-04T07:12:12.842+0000] {processor.py:186} INFO - Started process (PID=2935) to work on /home/airflow/.local/lib/python3.12/site-packages/airflow/example_dags/example_display_name.py
[2025-03-04T07:12:12.843+0000] {processor.py:914} INFO - Processing file /home/airflow/.local/lib/python3.12/site-packages/airflow/example_dags/example_display_name.py for tasks to queue
[2025-03-04T07:12:12.844+0000] {logging_mixin.py:190} INFO - [2025-03-04T07:12:12.844+0000] {dagbag.py:588} INFO - Filling up the DagBag from /home/airflow/.local/lib/python3.12/site-packages/airflow/example_dags/example_display_name.py
[2025-03-04T07:12:12.850+0000] {processor.py:925} INFO - DAG(s) 'example_display_name' retrieved from /home/airflow/.local/lib/python3.12/site-packages/airflow/example_dags/example_display_name.py
[2025-03-04T07:12:12.864+0000] {logging_mixin.py:190} INFO - [2025-03-04T07:12:12.864+0000] {dag.py:3239} INFO - Sync 1 DAGs
[2025-03-04T07:12:12.875+0000] {logging_mixin.py:190} INFO - [2025-03-04T07:12:12.875+0000] {dag.py:4180} INFO - Setting next_dagrun for example_display_name to None, run_after=None
[2025-03-04T07:12:12.888+0000] {processor.py:208} INFO - Processing /home/airflow/.local/lib/python3.12/site-packages/airflow/example_dags/example_display_name.py took 0.050 seconds
[2025-03-04T07:12:43.397+0000] {processor.py:186} INFO - Started process (PID=3016) to work on /home/airflow/.local/lib/python3.12/site-packages/airflow/example_dags/example_display_name.py
[2025-03-04T07:12:43.399+0000] {processor.py:914} INFO - Processing file /home/airflow/.local/lib/python3.12/site-packages/airflow/example_dags/example_display_name.py for tasks to queue
[2025-03-04T07:12:43.401+0000] {logging_mixin.py:190} INFO - [2025-03-04T07:12:43.400+0000] {dagbag.py:588} INFO - Filling up the DagBag from /home/airflow/.local/lib/python3.12/site-packages/airflow/example_dags/example_display_name.py
[2025-03-04T07:12:43.409+0000] {processor.py:925} INFO - DAG(s) 'example_display_name' retrieved from /home/airflow/.local/lib/python3.12/site-packages/airflow/example_dags/example_display_name.py
[2025-03-04T07:12:43.433+0000] {logging_mixin.py:190} INFO - [2025-03-04T07:12:43.433+0000] {dag.py:3239} INFO - Sync 1 DAGs
[2025-03-04T07:12:43.453+0000] {logging_mixin.py:190} INFO - [2025-03-04T07:12:43.453+0000] {dag.py:4180} INFO - Setting next_dagrun for example_display_name to None, run_after=None
[2025-03-04T07:12:43.480+0000] {processor.py:208} INFO - Processing /home/airflow/.local/lib/python3.12/site-packages/airflow/example_dags/example_display_name.py took 0.089 seconds
[2025-03-04T07:13:14.124+0000] {processor.py:186} INFO - Started process (PID=3089) to work on /home/airflow/.local/lib/python3.12/site-packages/airflow/example_dags/example_display_name.py
[2025-03-04T07:13:14.125+0000] {processor.py:914} INFO - Processing file /home/airflow/.local/lib/python3.12/site-packages/airflow/example_dags/example_display_name.py for tasks to queue
[2025-03-04T07:13:14.128+0000] {logging_mixin.py:190} INFO - [2025-03-04T07:13:14.127+0000] {dagbag.py:588} INFO - Filling up the DagBag from /home/airflow/.local/lib/python3.12/site-packages/airflow/example_dags/example_display_name.py
[2025-03-04T07:13:14.137+0000] {processor.py:925} INFO - DAG(s) 'example_display_name' retrieved from /home/airflow/.local/lib/python3.12/site-packages/airflow/example_dags/example_display_name.py
[2025-03-04T07:13:14.160+0000] {logging_mixin.py:190} INFO - [2025-03-04T07:13:14.160+0000] {dag.py:3239} INFO - Sync 1 DAGs
[2025-03-04T07:13:14.181+0000] {logging_mixin.py:190} INFO - [2025-03-04T07:13:14.181+0000] {dag.py:4180} INFO - Setting next_dagrun for example_display_name to None, run_after=None
[2025-03-04T07:13:14.199+0000] {processor.py:208} INFO - Processing /home/airflow/.local/lib/python3.12/site-packages/airflow/example_dags/example_display_name.py took 0.082 seconds
[2025-03-04T07:13:44.575+0000] {processor.py:186} INFO - Started process (PID=3163) to work on /home/airflow/.local/lib/python3.12/site-packages/airflow/example_dags/example_display_name.py
[2025-03-04T07:13:44.577+0000] {processor.py:914} INFO - Processing file /home/airflow/.local/lib/python3.12/site-packages/airflow/example_dags/example_display_name.py for tasks to queue
[2025-03-04T07:13:44.579+0000] {logging_mixin.py:190} INFO - [2025-03-04T07:13:44.579+0000] {dagbag.py:588} INFO - Filling up the DagBag from /home/airflow/.local/lib/python3.12/site-packages/airflow/example_dags/example_display_name.py
[2025-03-04T07:13:44.590+0000] {processor.py:925} INFO - DAG(s) 'example_display_name' retrieved from /home/airflow/.local/lib/python3.12/site-packages/airflow/example_dags/example_display_name.py
[2025-03-04T07:13:44.613+0000] {logging_mixin.py:190} INFO - [2025-03-04T07:13:44.613+0000] {dag.py:3239} INFO - Sync 1 DAGs
[2025-03-04T07:13:44.628+0000] {logging_mixin.py:190} INFO - [2025-03-04T07:13:44.628+0000] {dag.py:4180} INFO - Setting next_dagrun for example_display_name to None, run_after=None
[2025-03-04T07:13:44.647+0000] {processor.py:208} INFO - Processing /home/airflow/.local/lib/python3.12/site-packages/airflow/example_dags/example_display_name.py took 0.077 seconds
[2025-03-04T07:14:15.206+0000] {processor.py:186} INFO - Started process (PID=3245) to work on /home/airflow/.local/lib/python3.12/site-packages/airflow/example_dags/example_display_name.py
[2025-03-04T07:14:15.207+0000] {processor.py:914} INFO - Processing file /home/airflow/.local/lib/python3.12/site-packages/airflow/example_dags/example_display_name.py for tasks to queue
[2025-03-04T07:14:15.215+0000] {logging_mixin.py:190} INFO - [2025-03-04T07:14:15.214+0000] {dagbag.py:588} INFO - Filling up the DagBag from /home/airflow/.local/lib/python3.12/site-packages/airflow/example_dags/example_display_name.py
[2025-03-04T07:14:15.222+0000] {processor.py:925} INFO - DAG(s) 'example_display_name' retrieved from /home/airflow/.local/lib/python3.12/site-packages/airflow/example_dags/example_display_name.py
[2025-03-04T07:14:15.242+0000] {logging_mixin.py:190} INFO - [2025-03-04T07:14:15.242+0000] {dag.py:3239} INFO - Sync 1 DAGs
[2025-03-04T07:14:15.257+0000] {logging_mixin.py:190} INFO - [2025-03-04T07:14:15.257+0000] {dag.py:4180} INFO - Setting next_dagrun for example_display_name to None, run_after=None
[2025-03-04T07:14:15.277+0000] {processor.py:208} INFO - Processing /home/airflow/.local/lib/python3.12/site-packages/airflow/example_dags/example_display_name.py took 0.077 seconds
[2025-03-04T07:14:45.802+0000] {processor.py:186} INFO - Started process (PID=3327) to work on /home/airflow/.local/lib/python3.12/site-packages/airflow/example_dags/example_display_name.py
[2025-03-04T07:14:45.804+0000] {processor.py:914} INFO - Processing file /home/airflow/.local/lib/python3.12/site-packages/airflow/example_dags/example_display_name.py for tasks to queue
[2025-03-04T07:14:45.806+0000] {logging_mixin.py:190} INFO - [2025-03-04T07:14:45.806+0000] {dagbag.py:588} INFO - Filling up the DagBag from /home/airflow/.local/lib/python3.12/site-packages/airflow/example_dags/example_display_name.py
[2025-03-04T07:14:45.822+0000] {processor.py:925} INFO - DAG(s) 'example_display_name' retrieved from /home/airflow/.local/lib/python3.12/site-packages/airflow/example_dags/example_display_name.py
[2025-03-04T07:14:45.866+0000] {logging_mixin.py:190} INFO - [2025-03-04T07:14:45.866+0000] {dag.py:3239} INFO - Sync 1 DAGs
[2025-03-04T07:14:45.902+0000] {logging_mixin.py:190} INFO - [2025-03-04T07:14:45.901+0000] {dag.py:4180} INFO - Setting next_dagrun for example_display_name to None, run_after=None
[2025-03-04T07:14:45.929+0000] {processor.py:208} INFO - Processing /home/airflow/.local/lib/python3.12/site-packages/airflow/example_dags/example_display_name.py took 0.142 seconds
[2025-03-04T07:15:16.403+0000] {processor.py:186} INFO - Started process (PID=3401) to work on /home/airflow/.local/lib/python3.12/site-packages/airflow/example_dags/example_display_name.py
[2025-03-04T07:15:16.404+0000] {processor.py:914} INFO - Processing file /home/airflow/.local/lib/python3.12/site-packages/airflow/example_dags/example_display_name.py for tasks to queue
[2025-03-04T07:15:16.406+0000] {logging_mixin.py:190} INFO - [2025-03-04T07:15:16.406+0000] {dagbag.py:588} INFO - Filling up the DagBag from /home/airflow/.local/lib/python3.12/site-packages/airflow/example_dags/example_display_name.py
[2025-03-04T07:15:16.412+0000] {processor.py:925} INFO - DAG(s) 'example_display_name' retrieved from /home/airflow/.local/lib/python3.12/site-packages/airflow/example_dags/example_display_name.py
[2025-03-04T07:15:16.429+0000] {logging_mixin.py:190} INFO - [2025-03-04T07:15:16.429+0000] {dag.py:3239} INFO - Sync 1 DAGs
[2025-03-04T07:15:16.441+0000] {logging_mixin.py:190} INFO - [2025-03-04T07:15:16.441+0000] {dag.py:4180} INFO - Setting next_dagrun for example_display_name to None, run_after=None
[2025-03-04T07:15:16.457+0000] {processor.py:208} INFO - Processing /home/airflow/.local/lib/python3.12/site-packages/airflow/example_dags/example_display_name.py took 0.059 seconds
[2025-03-04T07:15:46.546+0000] {processor.py:186} INFO - Started process (PID=3483) to work on /home/airflow/.local/lib/python3.12/site-packages/airflow/example_dags/example_display_name.py
[2025-03-04T07:15:46.547+0000] {processor.py:914} INFO - Processing file /home/airflow/.local/lib/python3.12/site-packages/airflow/example_dags/example_display_name.py for tasks to queue
[2025-03-04T07:15:46.548+0000] {logging_mixin.py:190} INFO - [2025-03-04T07:15:46.548+0000] {dagbag.py:588} INFO - Filling up the DagBag from /home/airflow/.local/lib/python3.12/site-packages/airflow/example_dags/example_display_name.py
[2025-03-04T07:15:46.554+0000] {processor.py:925} INFO - DAG(s) 'example_display_name' retrieved from /home/airflow/.local/lib/python3.12/site-packages/airflow/example_dags/example_display_name.py
[2025-03-04T07:15:46.569+0000] {logging_mixin.py:190} INFO - [2025-03-04T07:15:46.568+0000] {dag.py:3239} INFO - Sync 1 DAGs
[2025-03-04T07:15:46.580+0000] {logging_mixin.py:190} INFO - [2025-03-04T07:15:46.579+0000] {dag.py:4180} INFO - Setting next_dagrun for example_display_name to None, run_after=None
[2025-03-04T07:15:46.593+0000] {processor.py:208} INFO - Processing /home/airflow/.local/lib/python3.12/site-packages/airflow/example_dags/example_display_name.py took 0.052 seconds
[2025-03-04T07:16:17.342+0000] {processor.py:186} INFO - Started process (PID=3557) to work on /home/airflow/.local/lib/python3.12/site-packages/airflow/example_dags/example_display_name.py
[2025-03-04T07:16:17.344+0000] {processor.py:914} INFO - Processing file /home/airflow/.local/lib/python3.12/site-packages/airflow/example_dags/example_display_name.py for tasks to queue
[2025-03-04T07:16:17.346+0000] {logging_mixin.py:190} INFO - [2025-03-04T07:16:17.345+0000] {dagbag.py:588} INFO - Filling up the DagBag from /home/airflow/.local/lib/python3.12/site-packages/airflow/example_dags/example_display_name.py
[2025-03-04T07:16:17.353+0000] {processor.py:925} INFO - DAG(s) 'example_display_name' retrieved from /home/airflow/.local/lib/python3.12/site-packages/airflow/example_dags/example_display_name.py
[2025-03-04T07:16:17.371+0000] {logging_mixin.py:190} INFO - [2025-03-04T07:16:17.371+0000] {dag.py:3239} INFO - Sync 1 DAGs
[2025-03-04T07:16:17.387+0000] {logging_mixin.py:190} INFO - [2025-03-04T07:16:17.387+0000] {dag.py:4180} INFO - Setting next_dagrun for example_display_name to None, run_after=None
[2025-03-04T07:16:17.405+0000] {processor.py:208} INFO - Processing /home/airflow/.local/lib/python3.12/site-packages/airflow/example_dags/example_display_name.py took 0.067 seconds
[2025-03-04T07:16:47.983+0000] {processor.py:186} INFO - Started process (PID=3639) to work on /home/airflow/.local/lib/python3.12/site-packages/airflow/example_dags/example_display_name.py
[2025-03-04T07:16:47.984+0000] {processor.py:914} INFO - Processing file /home/airflow/.local/lib/python3.12/site-packages/airflow/example_dags/example_display_name.py for tasks to queue
[2025-03-04T07:16:47.985+0000] {logging_mixin.py:190} INFO - [2025-03-04T07:16:47.984+0000] {dagbag.py:588} INFO - Filling up the DagBag from /home/airflow/.local/lib/python3.12/site-packages/airflow/example_dags/example_display_name.py
[2025-03-04T07:16:47.991+0000] {processor.py:925} INFO - DAG(s) 'example_display_name' retrieved from /home/airflow/.local/lib/python3.12/site-packages/airflow/example_dags/example_display_name.py
[2025-03-04T07:16:48.006+0000] {logging_mixin.py:190} INFO - [2025-03-04T07:16:48.005+0000] {dag.py:3239} INFO - Sync 1 DAGs
[2025-03-04T07:16:48.017+0000] {logging_mixin.py:190} INFO - [2025-03-04T07:16:48.017+0000] {dag.py:4180} INFO - Setting next_dagrun for example_display_name to None, run_after=None
[2025-03-04T07:16:48.031+0000] {processor.py:208} INFO - Processing /home/airflow/.local/lib/python3.12/site-packages/airflow/example_dags/example_display_name.py took 0.053 seconds
[2025-03-04T07:17:18.346+0000] {processor.py:186} INFO - Started process (PID=3713) to work on /home/airflow/.local/lib/python3.12/site-packages/airflow/example_dags/example_display_name.py
[2025-03-04T07:17:18.348+0000] {processor.py:914} INFO - Processing file /home/airflow/.local/lib/python3.12/site-packages/airflow/example_dags/example_display_name.py for tasks to queue
[2025-03-04T07:17:18.350+0000] {logging_mixin.py:190} INFO - [2025-03-04T07:17:18.350+0000] {dagbag.py:588} INFO - Filling up the DagBag from /home/airflow/.local/lib/python3.12/site-packages/airflow/example_dags/example_display_name.py
[2025-03-04T07:17:18.362+0000] {processor.py:925} INFO - DAG(s) 'example_display_name' retrieved from /home/airflow/.local/lib/python3.12/site-packages/airflow/example_dags/example_display_name.py
[2025-03-04T07:17:18.381+0000] {logging_mixin.py:190} INFO - [2025-03-04T07:17:18.381+0000] {dag.py:3239} INFO - Sync 1 DAGs
[2025-03-04T07:17:18.401+0000] {logging_mixin.py:190} INFO - [2025-03-04T07:17:18.401+0000] {dag.py:4180} INFO - Setting next_dagrun for example_display_name to None, run_after=None
[2025-03-04T07:17:18.425+0000] {processor.py:208} INFO - Processing /home/airflow/.local/lib/python3.12/site-packages/airflow/example_dags/example_display_name.py took 0.085 seconds
[2025-03-04T07:17:49.123+0000] {processor.py:186} INFO - Started process (PID=3797) to work on /home/airflow/.local/lib/python3.12/site-packages/airflow/example_dags/example_display_name.py
[2025-03-04T07:17:49.124+0000] {processor.py:914} INFO - Processing file /home/airflow/.local/lib/python3.12/site-packages/airflow/example_dags/example_display_name.py for tasks to queue
[2025-03-04T07:17:49.126+0000] {logging_mixin.py:190} INFO - [2025-03-04T07:17:49.126+0000] {dagbag.py:588} INFO - Filling up the DagBag from /home/airflow/.local/lib/python3.12/site-packages/airflow/example_dags/example_display_name.py
[2025-03-04T07:17:49.132+0000] {processor.py:925} INFO - DAG(s) 'example_display_name' retrieved from /home/airflow/.local/lib/python3.12/site-packages/airflow/example_dags/example_display_name.py
[2025-03-04T07:17:49.148+0000] {logging_mixin.py:190} INFO - [2025-03-04T07:17:49.148+0000] {dag.py:3239} INFO - Sync 1 DAGs
[2025-03-04T07:17:49.183+0000] {logging_mixin.py:190} INFO - [2025-03-04T07:17:49.183+0000] {dag.py:4180} INFO - Setting next_dagrun for example_display_name to None, run_after=None
[2025-03-04T07:17:49.198+0000] {processor.py:208} INFO - Processing /home/airflow/.local/lib/python3.12/site-packages/airflow/example_dags/example_display_name.py took 0.080 seconds
[2025-03-04T07:18:19.279+0000] {processor.py:186} INFO - Started process (PID=3871) to work on /home/airflow/.local/lib/python3.12/site-packages/airflow/example_dags/example_display_name.py
[2025-03-04T07:18:19.280+0000] {processor.py:914} INFO - Processing file /home/airflow/.local/lib/python3.12/site-packages/airflow/example_dags/example_display_name.py for tasks to queue
[2025-03-04T07:18:19.282+0000] {logging_mixin.py:190} INFO - [2025-03-04T07:18:19.281+0000] {dagbag.py:588} INFO - Filling up the DagBag from /home/airflow/.local/lib/python3.12/site-packages/airflow/example_dags/example_display_name.py
[2025-03-04T07:18:19.288+0000] {processor.py:925} INFO - DAG(s) 'example_display_name' retrieved from /home/airflow/.local/lib/python3.12/site-packages/airflow/example_dags/example_display_name.py
[2025-03-04T07:18:19.303+0000] {logging_mixin.py:190} INFO - [2025-03-04T07:18:19.303+0000] {dag.py:3239} INFO - Sync 1 DAGs
[2025-03-04T07:18:19.314+0000] {logging_mixin.py:190} INFO - [2025-03-04T07:18:19.314+0000] {dag.py:4180} INFO - Setting next_dagrun for example_display_name to None, run_after=None
[2025-03-04T07:18:19.329+0000] {processor.py:208} INFO - Processing /home/airflow/.local/lib/python3.12/site-packages/airflow/example_dags/example_display_name.py took 0.055 seconds
