[2025-03-04T06:53:48.927+0000] {processor.py:186} INFO - Started process (PID=104) to work on /home/airflow/.local/lib/python3.12/site-packages/airflow/example_dags/example_xcomargs.py
[2025-03-04T06:53:48.929+0000] {processor.py:914} INFO - Processing file /home/airflow/.local/lib/python3.12/site-packages/airflow/example_dags/example_xcomargs.py for tasks to queue
[2025-03-04T06:53:48.932+0000] {logging_mixin.py:190} INFO - [2025-03-04T06:53:48.932+0000] {dagbag.py:588} INFO - Filling up the DagBag from /home/airflow/.local/lib/python3.12/site-packages/airflow/example_dags/example_xcomargs.py
[2025-03-04T06:53:48.950+0000] {processor.py:925} INFO - DAG(s) 'example_xcom_args_with_operators', 'example_xcom_args' retrieved from /home/airflow/.local/lib/python3.12/site-packages/airflow/example_dags/example_xcomargs.py
[2025-03-04T06:53:49.100+0000] {logging_mixin.py:190} INFO - [2025-03-04T06:53:49.099+0000] {override.py:1912} INFO - Created Permission View: can read on DAG:example_xcom_args_with_operators
[2025-03-04T06:53:49.115+0000] {logging_mixin.py:190} INFO - [2025-03-04T06:53:49.114+0000] {override.py:1912} INFO - Created Permission View: can edit on DAG:example_xcom_args_with_operators
[2025-03-04T06:53:49.126+0000] {logging_mixin.py:190} INFO - [2025-03-04T06:53:49.126+0000] {override.py:1912} INFO - Created Permission View: can delete on DAG:example_xcom_args_with_operators
[2025-03-04T06:53:49.138+0000] {logging_mixin.py:190} INFO - [2025-03-04T06:53:49.138+0000] {override.py:1912} INFO - Created Permission View: menu access on DAG Run:example_xcom_args_with_operators
[2025-03-04T06:53:49.149+0000] {logging_mixin.py:190} INFO - [2025-03-04T06:53:49.148+0000] {override.py:1912} INFO - Created Permission View: can read on DAG Run:example_xcom_args_with_operators
[2025-03-04T06:53:49.161+0000] {logging_mixin.py:190} INFO - [2025-03-04T06:53:49.161+0000] {override.py:1912} INFO - Created Permission View: can delete on DAG Run:example_xcom_args_with_operators
[2025-03-04T06:53:49.173+0000] {logging_mixin.py:190} INFO - [2025-03-04T06:53:49.172+0000] {override.py:1912} INFO - Created Permission View: can create on DAG Run:example_xcom_args_with_operators
[2025-03-04T06:53:49.192+0000] {logging_mixin.py:190} INFO - [2025-03-04T06:53:49.192+0000] {override.py:1912} INFO - Created Permission View: can read on DAG:example_xcom_args
[2025-03-04T06:53:49.203+0000] {logging_mixin.py:190} INFO - [2025-03-04T06:53:49.202+0000] {override.py:1912} INFO - Created Permission View: can edit on DAG:example_xcom_args
[2025-03-04T06:53:49.212+0000] {logging_mixin.py:190} INFO - [2025-03-04T06:53:49.211+0000] {override.py:1912} INFO - Created Permission View: can delete on DAG:example_xcom_args
[2025-03-04T06:53:49.223+0000] {logging_mixin.py:190} INFO - [2025-03-04T06:53:49.222+0000] {override.py:1912} INFO - Created Permission View: menu access on DAG Run:example_xcom_args
[2025-03-04T06:53:49.235+0000] {logging_mixin.py:190} INFO - [2025-03-04T06:53:49.234+0000] {override.py:1912} INFO - Created Permission View: can read on DAG Run:example_xcom_args
[2025-03-04T06:53:49.245+0000] {logging_mixin.py:190} INFO - [2025-03-04T06:53:49.245+0000] {override.py:1912} INFO - Created Permission View: can delete on DAG Run:example_xcom_args
[2025-03-04T06:53:49.257+0000] {logging_mixin.py:190} INFO - [2025-03-04T06:53:49.256+0000] {override.py:1912} INFO - Created Permission View: can create on DAG Run:example_xcom_args
[2025-03-04T06:53:49.258+0000] {logging_mixin.py:190} INFO - [2025-03-04T06:53:49.257+0000] {dag.py:3239} INFO - Sync 2 DAGs
[2025-03-04T06:53:49.278+0000] {logging_mixin.py:190} INFO - [2025-03-04T06:53:49.277+0000] {dag.py:3262} INFO - Creating ORM DAG for example_xcom_args_with_operators
[2025-03-04T06:53:49.279+0000] {logging_mixin.py:190} INFO - [2025-03-04T06:53:49.279+0000] {dag.py:3262} INFO - Creating ORM DAG for example_xcom_args
[2025-03-04T06:53:49.280+0000] {logging_mixin.py:190} INFO - [2025-03-04T06:53:49.280+0000] {dag.py:4180} INFO - Setting next_dagrun for example_xcom_args to None, run_after=None
[2025-03-04T06:53:49.281+0000] {logging_mixin.py:190} INFO - [2025-03-04T06:53:49.281+0000] {dag.py:4180} INFO - Setting next_dagrun for example_xcom_args_with_operators to None, run_after=None
[2025-03-04T06:53:49.309+0000] {processor.py:208} INFO - Processing /home/airflow/.local/lib/python3.12/site-packages/airflow/example_dags/example_xcomargs.py took 0.390 seconds
[2025-03-04T06:54:20.047+0000] {processor.py:186} INFO - Started process (PID=186) to work on /home/airflow/.local/lib/python3.12/site-packages/airflow/example_dags/example_xcomargs.py
[2025-03-04T06:54:20.054+0000] {processor.py:914} INFO - Processing file /home/airflow/.local/lib/python3.12/site-packages/airflow/example_dags/example_xcomargs.py for tasks to queue
[2025-03-04T06:54:20.061+0000] {logging_mixin.py:190} INFO - [2025-03-04T06:54:20.061+0000] {dagbag.py:588} INFO - Filling up the DagBag from /home/airflow/.local/lib/python3.12/site-packages/airflow/example_dags/example_xcomargs.py
[2025-03-04T06:54:20.081+0000] {processor.py:925} INFO - DAG(s) 'example_xcom_args', 'example_xcom_args_with_operators' retrieved from /home/airflow/.local/lib/python3.12/site-packages/airflow/example_dags/example_xcomargs.py
[2025-03-04T06:54:20.109+0000] {logging_mixin.py:190} INFO - [2025-03-04T06:54:20.109+0000] {dag.py:3239} INFO - Sync 2 DAGs
[2025-03-04T06:54:20.125+0000] {logging_mixin.py:190} INFO - [2025-03-04T06:54:20.124+0000] {dag.py:4180} INFO - Setting next_dagrun for example_xcom_args to None, run_after=None
[2025-03-04T06:54:20.128+0000] {logging_mixin.py:190} INFO - [2025-03-04T06:54:20.128+0000] {dag.py:4180} INFO - Setting next_dagrun for example_xcom_args_with_operators to None, run_after=None
[2025-03-04T06:54:20.147+0000] {processor.py:208} INFO - Processing /home/airflow/.local/lib/python3.12/site-packages/airflow/example_dags/example_xcomargs.py took 0.105 seconds
[2025-03-04T06:54:50.541+0000] {processor.py:186} INFO - Started process (PID=261) to work on /home/airflow/.local/lib/python3.12/site-packages/airflow/example_dags/example_xcomargs.py
[2025-03-04T06:54:50.542+0000] {processor.py:914} INFO - Processing file /home/airflow/.local/lib/python3.12/site-packages/airflow/example_dags/example_xcomargs.py for tasks to queue
[2025-03-04T06:54:50.546+0000] {logging_mixin.py:190} INFO - [2025-03-04T06:54:50.546+0000] {dagbag.py:588} INFO - Filling up the DagBag from /home/airflow/.local/lib/python3.12/site-packages/airflow/example_dags/example_xcomargs.py
[2025-03-04T06:54:50.568+0000] {processor.py:925} INFO - DAG(s) 'example_xcom_args_with_operators', 'example_xcom_args' retrieved from /home/airflow/.local/lib/python3.12/site-packages/airflow/example_dags/example_xcomargs.py
[2025-03-04T06:54:50.601+0000] {logging_mixin.py:190} INFO - [2025-03-04T06:54:50.601+0000] {dag.py:3239} INFO - Sync 2 DAGs
[2025-03-04T06:54:50.613+0000] {logging_mixin.py:190} INFO - [2025-03-04T06:54:50.613+0000] {dag.py:4180} INFO - Setting next_dagrun for example_xcom_args to None, run_after=None
[2025-03-04T06:54:50.617+0000] {logging_mixin.py:190} INFO - [2025-03-04T06:54:50.617+0000] {dag.py:4180} INFO - Setting next_dagrun for example_xcom_args_with_operators to None, run_after=None
[2025-03-04T06:54:50.638+0000] {processor.py:208} INFO - Processing /home/airflow/.local/lib/python3.12/site-packages/airflow/example_dags/example_xcomargs.py took 0.103 seconds
[2025-03-04T06:55:20.706+0000] {processor.py:186} INFO - Started process (PID=342) to work on /home/airflow/.local/lib/python3.12/site-packages/airflow/example_dags/example_xcomargs.py
[2025-03-04T06:55:20.707+0000] {processor.py:914} INFO - Processing file /home/airflow/.local/lib/python3.12/site-packages/airflow/example_dags/example_xcomargs.py for tasks to queue
[2025-03-04T06:55:20.710+0000] {logging_mixin.py:190} INFO - [2025-03-04T06:55:20.710+0000] {dagbag.py:588} INFO - Filling up the DagBag from /home/airflow/.local/lib/python3.12/site-packages/airflow/example_dags/example_xcomargs.py
[2025-03-04T06:55:20.720+0000] {processor.py:925} INFO - DAG(s) 'example_xcom_args_with_operators', 'example_xcom_args' retrieved from /home/airflow/.local/lib/python3.12/site-packages/airflow/example_dags/example_xcomargs.py
[2025-03-04T06:55:20.743+0000] {logging_mixin.py:190} INFO - [2025-03-04T06:55:20.743+0000] {dag.py:3239} INFO - Sync 2 DAGs
[2025-03-04T06:55:20.757+0000] {logging_mixin.py:190} INFO - [2025-03-04T06:55:20.757+0000] {dag.py:4180} INFO - Setting next_dagrun for example_xcom_args to None, run_after=None
[2025-03-04T06:55:20.762+0000] {logging_mixin.py:190} INFO - [2025-03-04T06:55:20.762+0000] {dag.py:4180} INFO - Setting next_dagrun for example_xcom_args_with_operators to None, run_after=None
[2025-03-04T06:55:20.781+0000] {processor.py:208} INFO - Processing /home/airflow/.local/lib/python3.12/site-packages/airflow/example_dags/example_xcomargs.py took 0.082 seconds
[2025-03-04T06:55:51.099+0000] {processor.py:186} INFO - Started process (PID=418) to work on /home/airflow/.local/lib/python3.12/site-packages/airflow/example_dags/example_xcomargs.py
[2025-03-04T06:55:51.101+0000] {processor.py:914} INFO - Processing file /home/airflow/.local/lib/python3.12/site-packages/airflow/example_dags/example_xcomargs.py for tasks to queue
[2025-03-04T06:55:51.103+0000] {logging_mixin.py:190} INFO - [2025-03-04T06:55:51.103+0000] {dagbag.py:588} INFO - Filling up the DagBag from /home/airflow/.local/lib/python3.12/site-packages/airflow/example_dags/example_xcomargs.py
[2025-03-04T06:55:51.113+0000] {processor.py:925} INFO - DAG(s) 'example_xcom_args', 'example_xcom_args_with_operators' retrieved from /home/airflow/.local/lib/python3.12/site-packages/airflow/example_dags/example_xcomargs.py
[2025-03-04T06:55:51.136+0000] {logging_mixin.py:190} INFO - [2025-03-04T06:55:51.136+0000] {dag.py:3239} INFO - Sync 2 DAGs
[2025-03-04T06:55:51.149+0000] {logging_mixin.py:190} INFO - [2025-03-04T06:55:51.148+0000] {dag.py:4180} INFO - Setting next_dagrun for example_xcom_args to None, run_after=None
[2025-03-04T06:55:51.152+0000] {logging_mixin.py:190} INFO - [2025-03-04T06:55:51.152+0000] {dag.py:4180} INFO - Setting next_dagrun for example_xcom_args_with_operators to None, run_after=None
[2025-03-04T06:55:51.167+0000] {processor.py:208} INFO - Processing /home/airflow/.local/lib/python3.12/site-packages/airflow/example_dags/example_xcomargs.py took 0.074 seconds
[2025-03-04T06:56:22.439+0000] {processor.py:186} INFO - Started process (PID=500) to work on /home/airflow/.local/lib/python3.12/site-packages/airflow/example_dags/example_xcomargs.py
[2025-03-04T06:56:22.440+0000] {processor.py:914} INFO - Processing file /home/airflow/.local/lib/python3.12/site-packages/airflow/example_dags/example_xcomargs.py for tasks to queue
[2025-03-04T06:56:22.444+0000] {logging_mixin.py:190} INFO - [2025-03-04T06:56:22.443+0000] {dagbag.py:588} INFO - Filling up the DagBag from /home/airflow/.local/lib/python3.12/site-packages/airflow/example_dags/example_xcomargs.py
[2025-03-04T06:56:22.459+0000] {processor.py:925} INFO - DAG(s) 'example_xcom_args', 'example_xcom_args_with_operators' retrieved from /home/airflow/.local/lib/python3.12/site-packages/airflow/example_dags/example_xcomargs.py
[2025-03-04T06:56:22.488+0000] {logging_mixin.py:190} INFO - [2025-03-04T06:56:22.488+0000] {dag.py:3239} INFO - Sync 2 DAGs
[2025-03-04T06:56:22.503+0000] {logging_mixin.py:190} INFO - [2025-03-04T06:56:22.503+0000] {dag.py:4180} INFO - Setting next_dagrun for example_xcom_args to None, run_after=None
[2025-03-04T06:56:22.508+0000] {logging_mixin.py:190} INFO - [2025-03-04T06:56:22.508+0000] {dag.py:4180} INFO - Setting next_dagrun for example_xcom_args_with_operators to None, run_after=None
[2025-03-04T06:56:22.526+0000] {processor.py:208} INFO - Processing /home/airflow/.local/lib/python3.12/site-packages/airflow/example_dags/example_xcomargs.py took 0.095 seconds
[2025-03-04T06:56:52.594+0000] {processor.py:186} INFO - Started process (PID=576) to work on /home/airflow/.local/lib/python3.12/site-packages/airflow/example_dags/example_xcomargs.py
[2025-03-04T06:56:52.596+0000] {processor.py:914} INFO - Processing file /home/airflow/.local/lib/python3.12/site-packages/airflow/example_dags/example_xcomargs.py for tasks to queue
[2025-03-04T06:56:52.599+0000] {logging_mixin.py:190} INFO - [2025-03-04T06:56:52.598+0000] {dagbag.py:588} INFO - Filling up the DagBag from /home/airflow/.local/lib/python3.12/site-packages/airflow/example_dags/example_xcomargs.py
[2025-03-04T06:56:52.610+0000] {processor.py:925} INFO - DAG(s) 'example_xcom_args', 'example_xcom_args_with_operators' retrieved from /home/airflow/.local/lib/python3.12/site-packages/airflow/example_dags/example_xcomargs.py
[2025-03-04T06:56:52.635+0000] {logging_mixin.py:190} INFO - [2025-03-04T06:56:52.635+0000] {dag.py:3239} INFO - Sync 2 DAGs
[2025-03-04T06:56:52.650+0000] {logging_mixin.py:190} INFO - [2025-03-04T06:56:52.650+0000] {dag.py:4180} INFO - Setting next_dagrun for example_xcom_args to None, run_after=None
[2025-03-04T06:56:52.654+0000] {logging_mixin.py:190} INFO - [2025-03-04T06:56:52.654+0000] {dag.py:4180} INFO - Setting next_dagrun for example_xcom_args_with_operators to None, run_after=None
[2025-03-04T06:56:52.735+0000] {processor.py:208} INFO - Processing /home/airflow/.local/lib/python3.12/site-packages/airflow/example_dags/example_xcomargs.py took 0.148 seconds
[2025-03-04T06:57:23.569+0000] {processor.py:186} INFO - Started process (PID=650) to work on /home/airflow/.local/lib/python3.12/site-packages/airflow/example_dags/example_xcomargs.py
[2025-03-04T06:57:23.570+0000] {processor.py:914} INFO - Processing file /home/airflow/.local/lib/python3.12/site-packages/airflow/example_dags/example_xcomargs.py for tasks to queue
[2025-03-04T06:57:23.572+0000] {logging_mixin.py:190} INFO - [2025-03-04T06:57:23.572+0000] {dagbag.py:588} INFO - Filling up the DagBag from /home/airflow/.local/lib/python3.12/site-packages/airflow/example_dags/example_xcomargs.py
[2025-03-04T06:57:23.580+0000] {processor.py:925} INFO - DAG(s) 'example_xcom_args_with_operators', 'example_xcom_args' retrieved from /home/airflow/.local/lib/python3.12/site-packages/airflow/example_dags/example_xcomargs.py
[2025-03-04T06:57:23.597+0000] {logging_mixin.py:190} INFO - [2025-03-04T06:57:23.597+0000] {dag.py:3239} INFO - Sync 2 DAGs
[2025-03-04T06:57:23.608+0000] {logging_mixin.py:190} INFO - [2025-03-04T06:57:23.608+0000] {dag.py:4180} INFO - Setting next_dagrun for example_xcom_args to None, run_after=None
[2025-03-04T06:57:23.611+0000] {logging_mixin.py:190} INFO - [2025-03-04T06:57:23.611+0000] {dag.py:4180} INFO - Setting next_dagrun for example_xcom_args_with_operators to None, run_after=None
[2025-03-04T06:57:23.624+0000] {processor.py:208} INFO - Processing /home/airflow/.local/lib/python3.12/site-packages/airflow/example_dags/example_xcomargs.py took 0.060 seconds
[2025-03-04T06:57:54.231+0000] {processor.py:186} INFO - Started process (PID=733) to work on /home/airflow/.local/lib/python3.12/site-packages/airflow/example_dags/example_xcomargs.py
[2025-03-04T06:57:54.233+0000] {processor.py:914} INFO - Processing file /home/airflow/.local/lib/python3.12/site-packages/airflow/example_dags/example_xcomargs.py for tasks to queue
[2025-03-04T06:57:54.236+0000] {logging_mixin.py:190} INFO - [2025-03-04T06:57:54.235+0000] {dagbag.py:588} INFO - Filling up the DagBag from /home/airflow/.local/lib/python3.12/site-packages/airflow/example_dags/example_xcomargs.py
[2025-03-04T06:57:54.245+0000] {processor.py:925} INFO - DAG(s) 'example_xcom_args_with_operators', 'example_xcom_args' retrieved from /home/airflow/.local/lib/python3.12/site-packages/airflow/example_dags/example_xcomargs.py
[2025-03-04T06:57:54.264+0000] {logging_mixin.py:190} INFO - [2025-03-04T06:57:54.264+0000] {dag.py:3239} INFO - Sync 2 DAGs
[2025-03-04T06:57:54.275+0000] {logging_mixin.py:190} INFO - [2025-03-04T06:57:54.275+0000] {dag.py:4180} INFO - Setting next_dagrun for example_xcom_args to None, run_after=None
[2025-03-04T06:57:54.279+0000] {logging_mixin.py:190} INFO - [2025-03-04T06:57:54.279+0000] {dag.py:4180} INFO - Setting next_dagrun for example_xcom_args_with_operators to None, run_after=None
[2025-03-04T06:57:54.292+0000] {processor.py:208} INFO - Processing /home/airflow/.local/lib/python3.12/site-packages/airflow/example_dags/example_xcomargs.py took 0.066 seconds
[2025-03-04T06:58:24.373+0000] {processor.py:186} INFO - Started process (PID=808) to work on /home/airflow/.local/lib/python3.12/site-packages/airflow/example_dags/example_xcomargs.py
[2025-03-04T06:58:24.375+0000] {processor.py:914} INFO - Processing file /home/airflow/.local/lib/python3.12/site-packages/airflow/example_dags/example_xcomargs.py for tasks to queue
[2025-03-04T06:58:24.378+0000] {logging_mixin.py:190} INFO - [2025-03-04T06:58:24.377+0000] {dagbag.py:588} INFO - Filling up the DagBag from /home/airflow/.local/lib/python3.12/site-packages/airflow/example_dags/example_xcomargs.py
[2025-03-04T06:58:24.388+0000] {processor.py:925} INFO - DAG(s) 'example_xcom_args', 'example_xcom_args_with_operators' retrieved from /home/airflow/.local/lib/python3.12/site-packages/airflow/example_dags/example_xcomargs.py
[2025-03-04T06:58:24.405+0000] {logging_mixin.py:190} INFO - [2025-03-04T06:58:24.405+0000] {dag.py:3239} INFO - Sync 2 DAGs
[2025-03-04T06:58:24.417+0000] {logging_mixin.py:190} INFO - [2025-03-04T06:58:24.417+0000] {dag.py:4180} INFO - Setting next_dagrun for example_xcom_args to None, run_after=None
[2025-03-04T06:58:24.420+0000] {logging_mixin.py:190} INFO - [2025-03-04T06:58:24.420+0000] {dag.py:4180} INFO - Setting next_dagrun for example_xcom_args_with_operators to None, run_after=None
[2025-03-04T06:58:24.433+0000] {processor.py:208} INFO - Processing /home/airflow/.local/lib/python3.12/site-packages/airflow/example_dags/example_xcomargs.py took 0.066 seconds
[2025-03-04T06:58:55.157+0000] {processor.py:186} INFO - Started process (PID=893) to work on /home/airflow/.local/lib/python3.12/site-packages/airflow/example_dags/example_xcomargs.py
[2025-03-04T06:58:55.158+0000] {processor.py:914} INFO - Processing file /home/airflow/.local/lib/python3.12/site-packages/airflow/example_dags/example_xcomargs.py for tasks to queue
[2025-03-04T06:58:55.161+0000] {logging_mixin.py:190} INFO - [2025-03-04T06:58:55.160+0000] {dagbag.py:588} INFO - Filling up the DagBag from /home/airflow/.local/lib/python3.12/site-packages/airflow/example_dags/example_xcomargs.py
[2025-03-04T06:58:55.173+0000] {processor.py:925} INFO - DAG(s) 'example_xcom_args_with_operators', 'example_xcom_args' retrieved from /home/airflow/.local/lib/python3.12/site-packages/airflow/example_dags/example_xcomargs.py
[2025-03-04T06:58:55.199+0000] {logging_mixin.py:190} INFO - [2025-03-04T06:58:55.199+0000] {dag.py:3239} INFO - Sync 2 DAGs
[2025-03-04T06:58:55.216+0000] {logging_mixin.py:190} INFO - [2025-03-04T06:58:55.216+0000] {dag.py:4180} INFO - Setting next_dagrun for example_xcom_args to None, run_after=None
[2025-03-04T06:58:55.221+0000] {logging_mixin.py:190} INFO - [2025-03-04T06:58:55.221+0000] {dag.py:4180} INFO - Setting next_dagrun for example_xcom_args_with_operators to None, run_after=None
[2025-03-04T06:58:55.241+0000] {processor.py:208} INFO - Processing /home/airflow/.local/lib/python3.12/site-packages/airflow/example_dags/example_xcomargs.py took 0.092 seconds
[2025-03-04T06:59:26.108+0000] {processor.py:186} INFO - Started process (PID=969) to work on /home/airflow/.local/lib/python3.12/site-packages/airflow/example_dags/example_xcomargs.py
[2025-03-04T06:59:26.111+0000] {processor.py:914} INFO - Processing file /home/airflow/.local/lib/python3.12/site-packages/airflow/example_dags/example_xcomargs.py for tasks to queue
[2025-03-04T06:59:26.116+0000] {logging_mixin.py:190} INFO - [2025-03-04T06:59:26.116+0000] {dagbag.py:588} INFO - Filling up the DagBag from /home/airflow/.local/lib/python3.12/site-packages/airflow/example_dags/example_xcomargs.py
[2025-03-04T06:59:26.127+0000] {processor.py:925} INFO - DAG(s) 'example_xcom_args_with_operators', 'example_xcom_args' retrieved from /home/airflow/.local/lib/python3.12/site-packages/airflow/example_dags/example_xcomargs.py
[2025-03-04T06:59:26.145+0000] {logging_mixin.py:190} INFO - [2025-03-04T06:59:26.145+0000] {dag.py:3239} INFO - Sync 2 DAGs
[2025-03-04T06:59:26.158+0000] {logging_mixin.py:190} INFO - [2025-03-04T06:59:26.158+0000] {dag.py:4180} INFO - Setting next_dagrun for example_xcom_args to None, run_after=None
[2025-03-04T06:59:26.163+0000] {logging_mixin.py:190} INFO - [2025-03-04T06:59:26.163+0000] {dag.py:4180} INFO - Setting next_dagrun for example_xcom_args_with_operators to None, run_after=None
[2025-03-04T06:59:26.176+0000] {processor.py:208} INFO - Processing /home/airflow/.local/lib/python3.12/site-packages/airflow/example_dags/example_xcomargs.py took 0.073 seconds
[2025-03-04T06:59:57.090+0000] {processor.py:186} INFO - Started process (PID=1045) to work on /home/airflow/.local/lib/python3.12/site-packages/airflow/example_dags/example_xcomargs.py
[2025-03-04T06:59:57.092+0000] {processor.py:914} INFO - Processing file /home/airflow/.local/lib/python3.12/site-packages/airflow/example_dags/example_xcomargs.py for tasks to queue
[2025-03-04T06:59:57.093+0000] {logging_mixin.py:190} INFO - [2025-03-04T06:59:57.093+0000] {dagbag.py:588} INFO - Filling up the DagBag from /home/airflow/.local/lib/python3.12/site-packages/airflow/example_dags/example_xcomargs.py
[2025-03-04T06:59:57.102+0000] {processor.py:925} INFO - DAG(s) 'example_xcom_args_with_operators', 'example_xcom_args' retrieved from /home/airflow/.local/lib/python3.12/site-packages/airflow/example_dags/example_xcomargs.py
[2025-03-04T06:59:57.124+0000] {logging_mixin.py:190} INFO - [2025-03-04T06:59:57.124+0000] {dag.py:3239} INFO - Sync 2 DAGs
[2025-03-04T06:59:57.137+0000] {logging_mixin.py:190} INFO - [2025-03-04T06:59:57.137+0000] {dag.py:4180} INFO - Setting next_dagrun for example_xcom_args to None, run_after=None
[2025-03-04T06:59:57.140+0000] {logging_mixin.py:190} INFO - [2025-03-04T06:59:57.140+0000] {dag.py:4180} INFO - Setting next_dagrun for example_xcom_args_with_operators to None, run_after=None
[2025-03-04T06:59:57.158+0000] {processor.py:208} INFO - Processing /home/airflow/.local/lib/python3.12/site-packages/airflow/example_dags/example_xcomargs.py took 0.072 seconds
[2025-03-04T07:00:27.644+0000] {processor.py:186} INFO - Started process (PID=1129) to work on /home/airflow/.local/lib/python3.12/site-packages/airflow/example_dags/example_xcomargs.py
[2025-03-04T07:00:27.645+0000] {processor.py:914} INFO - Processing file /home/airflow/.local/lib/python3.12/site-packages/airflow/example_dags/example_xcomargs.py for tasks to queue
[2025-03-04T07:00:27.647+0000] {logging_mixin.py:190} INFO - [2025-03-04T07:00:27.647+0000] {dagbag.py:588} INFO - Filling up the DagBag from /home/airflow/.local/lib/python3.12/site-packages/airflow/example_dags/example_xcomargs.py
[2025-03-04T07:00:27.655+0000] {processor.py:925} INFO - DAG(s) 'example_xcom_args_with_operators', 'example_xcom_args' retrieved from /home/airflow/.local/lib/python3.12/site-packages/airflow/example_dags/example_xcomargs.py
[2025-03-04T07:00:27.674+0000] {logging_mixin.py:190} INFO - [2025-03-04T07:00:27.674+0000] {dag.py:3239} INFO - Sync 2 DAGs
[2025-03-04T07:00:27.684+0000] {logging_mixin.py:190} INFO - [2025-03-04T07:00:27.684+0000] {dag.py:4180} INFO - Setting next_dagrun for example_xcom_args to None, run_after=None
[2025-03-04T07:00:27.687+0000] {logging_mixin.py:190} INFO - [2025-03-04T07:00:27.687+0000] {dag.py:4180} INFO - Setting next_dagrun for example_xcom_args_with_operators to None, run_after=None
[2025-03-04T07:00:27.700+0000] {processor.py:208} INFO - Processing /home/airflow/.local/lib/python3.12/site-packages/airflow/example_dags/example_xcomargs.py took 0.060 seconds
[2025-03-04T07:00:58.554+0000] {processor.py:186} INFO - Started process (PID=1208) to work on /home/airflow/.local/lib/python3.12/site-packages/airflow/example_dags/example_xcomargs.py
[2025-03-04T07:00:58.556+0000] {processor.py:914} INFO - Processing file /home/airflow/.local/lib/python3.12/site-packages/airflow/example_dags/example_xcomargs.py for tasks to queue
[2025-03-04T07:00:58.557+0000] {logging_mixin.py:190} INFO - [2025-03-04T07:00:58.557+0000] {dagbag.py:588} INFO - Filling up the DagBag from /home/airflow/.local/lib/python3.12/site-packages/airflow/example_dags/example_xcomargs.py
[2025-03-04T07:00:58.568+0000] {processor.py:925} INFO - DAG(s) 'example_xcom_args_with_operators', 'example_xcom_args' retrieved from /home/airflow/.local/lib/python3.12/site-packages/airflow/example_dags/example_xcomargs.py
[2025-03-04T07:00:58.591+0000] {logging_mixin.py:190} INFO - [2025-03-04T07:00:58.591+0000] {dag.py:3239} INFO - Sync 2 DAGs
[2025-03-04T07:00:58.605+0000] {logging_mixin.py:190} INFO - [2025-03-04T07:00:58.605+0000] {dag.py:4180} INFO - Setting next_dagrun for example_xcom_args to None, run_after=None
[2025-03-04T07:00:58.610+0000] {logging_mixin.py:190} INFO - [2025-03-04T07:00:58.610+0000] {dag.py:4180} INFO - Setting next_dagrun for example_xcom_args_with_operators to None, run_after=None
[2025-03-04T07:00:58.627+0000] {processor.py:208} INFO - Processing /home/airflow/.local/lib/python3.12/site-packages/airflow/example_dags/example_xcomargs.py took 0.078 seconds
[2025-03-04T07:01:29.788+0000] {processor.py:186} INFO - Started process (PID=1292) to work on /home/airflow/.local/lib/python3.12/site-packages/airflow/example_dags/example_xcomargs.py
[2025-03-04T07:01:29.790+0000] {processor.py:914} INFO - Processing file /home/airflow/.local/lib/python3.12/site-packages/airflow/example_dags/example_xcomargs.py for tasks to queue
[2025-03-04T07:01:29.791+0000] {logging_mixin.py:190} INFO - [2025-03-04T07:01:29.791+0000] {dagbag.py:588} INFO - Filling up the DagBag from /home/airflow/.local/lib/python3.12/site-packages/airflow/example_dags/example_xcomargs.py
[2025-03-04T07:01:29.802+0000] {processor.py:925} INFO - DAG(s) 'example_xcom_args', 'example_xcom_args_with_operators' retrieved from /home/airflow/.local/lib/python3.12/site-packages/airflow/example_dags/example_xcomargs.py
[2025-03-04T07:01:29.827+0000] {logging_mixin.py:190} INFO - [2025-03-04T07:01:29.826+0000] {dag.py:3239} INFO - Sync 2 DAGs
[2025-03-04T07:01:29.844+0000] {logging_mixin.py:190} INFO - [2025-03-04T07:01:29.843+0000] {dag.py:4180} INFO - Setting next_dagrun for example_xcom_args to None, run_after=None
[2025-03-04T07:01:29.849+0000] {logging_mixin.py:190} INFO - [2025-03-04T07:01:29.849+0000] {dag.py:4180} INFO - Setting next_dagrun for example_xcom_args_with_operators to None, run_after=None
[2025-03-04T07:01:29.866+0000] {processor.py:208} INFO - Processing /home/airflow/.local/lib/python3.12/site-packages/airflow/example_dags/example_xcomargs.py took 0.083 seconds
[2025-03-04T07:02:00.227+0000] {processor.py:186} INFO - Started process (PID=1367) to work on /home/airflow/.local/lib/python3.12/site-packages/airflow/example_dags/example_xcomargs.py
[2025-03-04T07:02:00.229+0000] {processor.py:914} INFO - Processing file /home/airflow/.local/lib/python3.12/site-packages/airflow/example_dags/example_xcomargs.py for tasks to queue
[2025-03-04T07:02:00.230+0000] {logging_mixin.py:190} INFO - [2025-03-04T07:02:00.230+0000] {dagbag.py:588} INFO - Filling up the DagBag from /home/airflow/.local/lib/python3.12/site-packages/airflow/example_dags/example_xcomargs.py
[2025-03-04T07:02:00.239+0000] {processor.py:925} INFO - DAG(s) 'example_xcom_args_with_operators', 'example_xcom_args' retrieved from /home/airflow/.local/lib/python3.12/site-packages/airflow/example_dags/example_xcomargs.py
[2025-03-04T07:02:00.259+0000] {logging_mixin.py:190} INFO - [2025-03-04T07:02:00.259+0000] {dag.py:3239} INFO - Sync 2 DAGs
[2025-03-04T07:02:00.273+0000] {logging_mixin.py:190} INFO - [2025-03-04T07:02:00.273+0000] {dag.py:4180} INFO - Setting next_dagrun for example_xcom_args to None, run_after=None
[2025-03-04T07:02:00.277+0000] {logging_mixin.py:190} INFO - [2025-03-04T07:02:00.277+0000] {dag.py:4180} INFO - Setting next_dagrun for example_xcom_args_with_operators to None, run_after=None
[2025-03-04T07:02:00.292+0000] {processor.py:208} INFO - Processing /home/airflow/.local/lib/python3.12/site-packages/airflow/example_dags/example_xcomargs.py took 0.070 seconds
[2025-03-04T07:02:30.776+0000] {processor.py:186} INFO - Started process (PID=1452) to work on /home/airflow/.local/lib/python3.12/site-packages/airflow/example_dags/example_xcomargs.py
[2025-03-04T07:02:30.777+0000] {processor.py:914} INFO - Processing file /home/airflow/.local/lib/python3.12/site-packages/airflow/example_dags/example_xcomargs.py for tasks to queue
[2025-03-04T07:02:30.779+0000] {logging_mixin.py:190} INFO - [2025-03-04T07:02:30.778+0000] {dagbag.py:588} INFO - Filling up the DagBag from /home/airflow/.local/lib/python3.12/site-packages/airflow/example_dags/example_xcomargs.py
[2025-03-04T07:02:30.787+0000] {processor.py:925} INFO - DAG(s) 'example_xcom_args_with_operators', 'example_xcom_args' retrieved from /home/airflow/.local/lib/python3.12/site-packages/airflow/example_dags/example_xcomargs.py
[2025-03-04T07:02:30.806+0000] {logging_mixin.py:190} INFO - [2025-03-04T07:02:30.806+0000] {dag.py:3239} INFO - Sync 2 DAGs
[2025-03-04T07:02:30.817+0000] {logging_mixin.py:190} INFO - [2025-03-04T07:02:30.817+0000] {dag.py:4180} INFO - Setting next_dagrun for example_xcom_args to None, run_after=None
[2025-03-04T07:02:30.820+0000] {logging_mixin.py:190} INFO - [2025-03-04T07:02:30.820+0000] {dag.py:4180} INFO - Setting next_dagrun for example_xcom_args_with_operators to None, run_after=None
[2025-03-04T07:02:30.834+0000] {processor.py:208} INFO - Processing /home/airflow/.local/lib/python3.12/site-packages/airflow/example_dags/example_xcomargs.py took 0.063 seconds
[2025-03-04T07:03:01.013+0000] {processor.py:186} INFO - Started process (PID=1530) to work on /home/airflow/.local/lib/python3.12/site-packages/airflow/example_dags/example_xcomargs.py
[2025-03-04T07:03:01.014+0000] {processor.py:914} INFO - Processing file /home/airflow/.local/lib/python3.12/site-packages/airflow/example_dags/example_xcomargs.py for tasks to queue
[2025-03-04T07:03:01.019+0000] {logging_mixin.py:190} INFO - [2025-03-04T07:03:01.018+0000] {dagbag.py:588} INFO - Filling up the DagBag from /home/airflow/.local/lib/python3.12/site-packages/airflow/example_dags/example_xcomargs.py
[2025-03-04T07:03:01.030+0000] {processor.py:925} INFO - DAG(s) 'example_xcom_args', 'example_xcom_args_with_operators' retrieved from /home/airflow/.local/lib/python3.12/site-packages/airflow/example_dags/example_xcomargs.py
[2025-03-04T07:03:01.052+0000] {logging_mixin.py:190} INFO - [2025-03-04T07:03:01.052+0000] {dag.py:3239} INFO - Sync 2 DAGs
[2025-03-04T07:03:01.067+0000] {logging_mixin.py:190} INFO - [2025-03-04T07:03:01.066+0000] {dag.py:4180} INFO - Setting next_dagrun for example_xcom_args to None, run_after=None
[2025-03-04T07:03:01.071+0000] {logging_mixin.py:190} INFO - [2025-03-04T07:03:01.071+0000] {dag.py:4180} INFO - Setting next_dagrun for example_xcom_args_with_operators to None, run_after=None
[2025-03-04T07:03:01.089+0000] {processor.py:208} INFO - Processing /home/airflow/.local/lib/python3.12/site-packages/airflow/example_dags/example_xcomargs.py took 0.081 seconds
[2025-03-04T07:03:31.343+0000] {processor.py:186} INFO - Started process (PID=1612) to work on /home/airflow/.local/lib/python3.12/site-packages/airflow/example_dags/example_xcomargs.py
[2025-03-04T07:03:31.343+0000] {processor.py:914} INFO - Processing file /home/airflow/.local/lib/python3.12/site-packages/airflow/example_dags/example_xcomargs.py for tasks to queue
[2025-03-04T07:03:31.345+0000] {logging_mixin.py:190} INFO - [2025-03-04T07:03:31.345+0000] {dagbag.py:588} INFO - Filling up the DagBag from /home/airflow/.local/lib/python3.12/site-packages/airflow/example_dags/example_xcomargs.py
[2025-03-04T07:03:31.353+0000] {processor.py:925} INFO - DAG(s) 'example_xcom_args', 'example_xcom_args_with_operators' retrieved from /home/airflow/.local/lib/python3.12/site-packages/airflow/example_dags/example_xcomargs.py
[2025-03-04T07:03:31.370+0000] {logging_mixin.py:190} INFO - [2025-03-04T07:03:31.370+0000] {dag.py:3239} INFO - Sync 2 DAGs
[2025-03-04T07:03:31.382+0000] {logging_mixin.py:190} INFO - [2025-03-04T07:03:31.382+0000] {dag.py:4180} INFO - Setting next_dagrun for example_xcom_args to None, run_after=None
[2025-03-04T07:03:31.385+0000] {logging_mixin.py:190} INFO - [2025-03-04T07:03:31.385+0000] {dag.py:4180} INFO - Setting next_dagrun for example_xcom_args_with_operators to None, run_after=None
[2025-03-04T07:03:31.400+0000] {processor.py:208} INFO - Processing /home/airflow/.local/lib/python3.12/site-packages/airflow/example_dags/example_xcomargs.py took 0.062 seconds
[2025-03-04T07:04:01.684+0000] {processor.py:186} INFO - Started process (PID=1688) to work on /home/airflow/.local/lib/python3.12/site-packages/airflow/example_dags/example_xcomargs.py
[2025-03-04T07:04:01.686+0000] {processor.py:914} INFO - Processing file /home/airflow/.local/lib/python3.12/site-packages/airflow/example_dags/example_xcomargs.py for tasks to queue
[2025-03-04T07:04:01.691+0000] {logging_mixin.py:190} INFO - [2025-03-04T07:04:01.690+0000] {dagbag.py:588} INFO - Filling up the DagBag from /home/airflow/.local/lib/python3.12/site-packages/airflow/example_dags/example_xcomargs.py
[2025-03-04T07:04:01.708+0000] {processor.py:925} INFO - DAG(s) 'example_xcom_args', 'example_xcom_args_with_operators' retrieved from /home/airflow/.local/lib/python3.12/site-packages/airflow/example_dags/example_xcomargs.py
[2025-03-04T07:04:01.744+0000] {logging_mixin.py:190} INFO - [2025-03-04T07:04:01.744+0000] {dag.py:3239} INFO - Sync 2 DAGs
[2025-03-04T07:04:01.761+0000] {logging_mixin.py:190} INFO - [2025-03-04T07:04:01.761+0000] {dag.py:4180} INFO - Setting next_dagrun for example_xcom_args to None, run_after=None
[2025-03-04T07:04:01.765+0000] {logging_mixin.py:190} INFO - [2025-03-04T07:04:01.765+0000] {dag.py:4180} INFO - Setting next_dagrun for example_xcom_args_with_operators to None, run_after=None
[2025-03-04T07:04:01.783+0000] {processor.py:208} INFO - Processing /home/airflow/.local/lib/python3.12/site-packages/airflow/example_dags/example_xcomargs.py took 0.110 seconds
[2025-03-04T07:04:32.369+0000] {processor.py:186} INFO - Started process (PID=1770) to work on /home/airflow/.local/lib/python3.12/site-packages/airflow/example_dags/example_xcomargs.py
[2025-03-04T07:04:32.370+0000] {processor.py:914} INFO - Processing file /home/airflow/.local/lib/python3.12/site-packages/airflow/example_dags/example_xcomargs.py for tasks to queue
[2025-03-04T07:04:32.371+0000] {logging_mixin.py:190} INFO - [2025-03-04T07:04:32.371+0000] {dagbag.py:588} INFO - Filling up the DagBag from /home/airflow/.local/lib/python3.12/site-packages/airflow/example_dags/example_xcomargs.py
[2025-03-04T07:04:32.381+0000] {processor.py:925} INFO - DAG(s) 'example_xcom_args', 'example_xcom_args_with_operators' retrieved from /home/airflow/.local/lib/python3.12/site-packages/airflow/example_dags/example_xcomargs.py
[2025-03-04T07:04:32.400+0000] {logging_mixin.py:190} INFO - [2025-03-04T07:04:32.400+0000] {dag.py:3239} INFO - Sync 2 DAGs
[2025-03-04T07:04:32.415+0000] {logging_mixin.py:190} INFO - [2025-03-04T07:04:32.415+0000] {dag.py:4180} INFO - Setting next_dagrun for example_xcom_args to None, run_after=None
[2025-03-04T07:04:32.419+0000] {logging_mixin.py:190} INFO - [2025-03-04T07:04:32.419+0000] {dag.py:4180} INFO - Setting next_dagrun for example_xcom_args_with_operators to None, run_after=None
[2025-03-04T07:04:32.438+0000] {processor.py:208} INFO - Processing /home/airflow/.local/lib/python3.12/site-packages/airflow/example_dags/example_xcomargs.py took 0.074 seconds
[2025-03-04T07:05:02.688+0000] {processor.py:186} INFO - Started process (PID=1845) to work on /home/airflow/.local/lib/python3.12/site-packages/airflow/example_dags/example_xcomargs.py
[2025-03-04T07:05:02.690+0000] {processor.py:914} INFO - Processing file /home/airflow/.local/lib/python3.12/site-packages/airflow/example_dags/example_xcomargs.py for tasks to queue
[2025-03-04T07:05:02.692+0000] {logging_mixin.py:190} INFO - [2025-03-04T07:05:02.692+0000] {dagbag.py:588} INFO - Filling up the DagBag from /home/airflow/.local/lib/python3.12/site-packages/airflow/example_dags/example_xcomargs.py
[2025-03-04T07:05:02.705+0000] {processor.py:925} INFO - DAG(s) 'example_xcom_args', 'example_xcom_args_with_operators' retrieved from /home/airflow/.local/lib/python3.12/site-packages/airflow/example_dags/example_xcomargs.py
[2025-03-04T07:05:02.728+0000] {logging_mixin.py:190} INFO - [2025-03-04T07:05:02.728+0000] {dag.py:3239} INFO - Sync 2 DAGs
[2025-03-04T07:05:02.741+0000] {logging_mixin.py:190} INFO - [2025-03-04T07:05:02.741+0000] {dag.py:4180} INFO - Setting next_dagrun for example_xcom_args to None, run_after=None
[2025-03-04T07:05:02.744+0000] {logging_mixin.py:190} INFO - [2025-03-04T07:05:02.744+0000] {dag.py:4180} INFO - Setting next_dagrun for example_xcom_args_with_operators to None, run_after=None
[2025-03-04T07:05:02.758+0000] {processor.py:208} INFO - Processing /home/airflow/.local/lib/python3.12/site-packages/airflow/example_dags/example_xcomargs.py took 0.079 seconds
[2025-03-04T07:05:33.300+0000] {processor.py:186} INFO - Started process (PID=1919) to work on /home/airflow/.local/lib/python3.12/site-packages/airflow/example_dags/example_xcomargs.py
[2025-03-04T07:05:33.302+0000] {processor.py:914} INFO - Processing file /home/airflow/.local/lib/python3.12/site-packages/airflow/example_dags/example_xcomargs.py for tasks to queue
[2025-03-04T07:05:33.305+0000] {logging_mixin.py:190} INFO - [2025-03-04T07:05:33.305+0000] {dagbag.py:588} INFO - Filling up the DagBag from /home/airflow/.local/lib/python3.12/site-packages/airflow/example_dags/example_xcomargs.py
[2025-03-04T07:05:33.325+0000] {processor.py:925} INFO - DAG(s) 'example_xcom_args_with_operators', 'example_xcom_args' retrieved from /home/airflow/.local/lib/python3.12/site-packages/airflow/example_dags/example_xcomargs.py
[2025-03-04T07:05:33.363+0000] {logging_mixin.py:190} INFO - [2025-03-04T07:05:33.362+0000] {dag.py:3239} INFO - Sync 2 DAGs
[2025-03-04T07:05:33.388+0000] {logging_mixin.py:190} INFO - [2025-03-04T07:05:33.388+0000] {dag.py:4180} INFO - Setting next_dagrun for example_xcom_args to None, run_after=None
[2025-03-04T07:05:33.395+0000] {logging_mixin.py:190} INFO - [2025-03-04T07:05:33.395+0000] {dag.py:4180} INFO - Setting next_dagrun for example_xcom_args_with_operators to None, run_after=None
[2025-03-04T07:05:33.425+0000] {processor.py:208} INFO - Processing /home/airflow/.local/lib/python3.12/site-packages/airflow/example_dags/example_xcomargs.py took 0.138 seconds
[2025-03-04T07:06:03.942+0000] {processor.py:186} INFO - Started process (PID=2001) to work on /home/airflow/.local/lib/python3.12/site-packages/airflow/example_dags/example_xcomargs.py
[2025-03-04T07:06:03.943+0000] {processor.py:914} INFO - Processing file /home/airflow/.local/lib/python3.12/site-packages/airflow/example_dags/example_xcomargs.py for tasks to queue
[2025-03-04T07:06:03.945+0000] {logging_mixin.py:190} INFO - [2025-03-04T07:06:03.945+0000] {dagbag.py:588} INFO - Filling up the DagBag from /home/airflow/.local/lib/python3.12/site-packages/airflow/example_dags/example_xcomargs.py
[2025-03-04T07:06:03.952+0000] {processor.py:925} INFO - DAG(s) 'example_xcom_args_with_operators', 'example_xcom_args' retrieved from /home/airflow/.local/lib/python3.12/site-packages/airflow/example_dags/example_xcomargs.py
[2025-03-04T07:06:03.973+0000] {logging_mixin.py:190} INFO - [2025-03-04T07:06:03.972+0000] {dag.py:3239} INFO - Sync 2 DAGs
[2025-03-04T07:06:03.985+0000] {logging_mixin.py:190} INFO - [2025-03-04T07:06:03.985+0000] {dag.py:4180} INFO - Setting next_dagrun for example_xcom_args to None, run_after=None
[2025-03-04T07:06:03.988+0000] {logging_mixin.py:190} INFO - [2025-03-04T07:06:03.988+0000] {dag.py:4180} INFO - Setting next_dagrun for example_xcom_args_with_operators to None, run_after=None
[2025-03-04T07:06:04.002+0000] {processor.py:208} INFO - Processing /home/airflow/.local/lib/python3.12/site-packages/airflow/example_dags/example_xcomargs.py took 0.065 seconds
[2025-03-04T07:06:34.074+0000] {processor.py:186} INFO - Started process (PID=2075) to work on /home/airflow/.local/lib/python3.12/site-packages/airflow/example_dags/example_xcomargs.py
[2025-03-04T07:06:34.075+0000] {processor.py:914} INFO - Processing file /home/airflow/.local/lib/python3.12/site-packages/airflow/example_dags/example_xcomargs.py for tasks to queue
[2025-03-04T07:06:34.077+0000] {logging_mixin.py:190} INFO - [2025-03-04T07:06:34.076+0000] {dagbag.py:588} INFO - Filling up the DagBag from /home/airflow/.local/lib/python3.12/site-packages/airflow/example_dags/example_xcomargs.py
[2025-03-04T07:06:34.085+0000] {processor.py:925} INFO - DAG(s) 'example_xcom_args_with_operators', 'example_xcom_args' retrieved from /home/airflow/.local/lib/python3.12/site-packages/airflow/example_dags/example_xcomargs.py
[2025-03-04T07:06:34.104+0000] {logging_mixin.py:190} INFO - [2025-03-04T07:06:34.104+0000] {dag.py:3239} INFO - Sync 2 DAGs
[2025-03-04T07:06:34.115+0000] {logging_mixin.py:190} INFO - [2025-03-04T07:06:34.115+0000] {dag.py:4180} INFO - Setting next_dagrun for example_xcom_args to None, run_after=None
[2025-03-04T07:06:34.118+0000] {logging_mixin.py:190} INFO - [2025-03-04T07:06:34.118+0000] {dag.py:4180} INFO - Setting next_dagrun for example_xcom_args_with_operators to None, run_after=None
[2025-03-04T07:06:34.133+0000] {processor.py:208} INFO - Processing /home/airflow/.local/lib/python3.12/site-packages/airflow/example_dags/example_xcomargs.py took 0.065 seconds
[2025-03-04T07:07:04.208+0000] {processor.py:186} INFO - Started process (PID=2157) to work on /home/airflow/.local/lib/python3.12/site-packages/airflow/example_dags/example_xcomargs.py
[2025-03-04T07:07:04.209+0000] {processor.py:914} INFO - Processing file /home/airflow/.local/lib/python3.12/site-packages/airflow/example_dags/example_xcomargs.py for tasks to queue
[2025-03-04T07:07:04.211+0000] {logging_mixin.py:190} INFO - [2025-03-04T07:07:04.211+0000] {dagbag.py:588} INFO - Filling up the DagBag from /home/airflow/.local/lib/python3.12/site-packages/airflow/example_dags/example_xcomargs.py
[2025-03-04T07:07:04.219+0000] {processor.py:925} INFO - DAG(s) 'example_xcom_args_with_operators', 'example_xcom_args' retrieved from /home/airflow/.local/lib/python3.12/site-packages/airflow/example_dags/example_xcomargs.py
[2025-03-04T07:07:04.238+0000] {logging_mixin.py:190} INFO - [2025-03-04T07:07:04.238+0000] {dag.py:3239} INFO - Sync 2 DAGs
[2025-03-04T07:07:04.249+0000] {logging_mixin.py:190} INFO - [2025-03-04T07:07:04.249+0000] {dag.py:4180} INFO - Setting next_dagrun for example_xcom_args to None, run_after=None
[2025-03-04T07:07:04.253+0000] {logging_mixin.py:190} INFO - [2025-03-04T07:07:04.252+0000] {dag.py:4180} INFO - Setting next_dagrun for example_xcom_args_with_operators to None, run_after=None
[2025-03-04T07:07:04.266+0000] {processor.py:208} INFO - Processing /home/airflow/.local/lib/python3.12/site-packages/airflow/example_dags/example_xcomargs.py took 0.062 seconds
[2025-03-04T07:07:34.749+0000] {processor.py:186} INFO - Started process (PID=2231) to work on /home/airflow/.local/lib/python3.12/site-packages/airflow/example_dags/example_xcomargs.py
[2025-03-04T07:07:34.752+0000] {processor.py:914} INFO - Processing file /home/airflow/.local/lib/python3.12/site-packages/airflow/example_dags/example_xcomargs.py for tasks to queue
[2025-03-04T07:07:34.755+0000] {logging_mixin.py:190} INFO - [2025-03-04T07:07:34.755+0000] {dagbag.py:588} INFO - Filling up the DagBag from /home/airflow/.local/lib/python3.12/site-packages/airflow/example_dags/example_xcomargs.py
[2025-03-04T07:07:34.763+0000] {processor.py:925} INFO - DAG(s) 'example_xcom_args', 'example_xcom_args_with_operators' retrieved from /home/airflow/.local/lib/python3.12/site-packages/airflow/example_dags/example_xcomargs.py
[2025-03-04T07:07:34.783+0000] {logging_mixin.py:190} INFO - [2025-03-04T07:07:34.783+0000] {dag.py:3239} INFO - Sync 2 DAGs
[2025-03-04T07:07:34.794+0000] {logging_mixin.py:190} INFO - [2025-03-04T07:07:34.794+0000] {dag.py:4180} INFO - Setting next_dagrun for example_xcom_args to None, run_after=None
[2025-03-04T07:07:34.798+0000] {logging_mixin.py:190} INFO - [2025-03-04T07:07:34.797+0000] {dag.py:4180} INFO - Setting next_dagrun for example_xcom_args_with_operators to None, run_after=None
[2025-03-04T07:07:34.811+0000] {processor.py:208} INFO - Processing /home/airflow/.local/lib/python3.12/site-packages/airflow/example_dags/example_xcomargs.py took 0.066 seconds
[2025-03-04T07:08:04.969+0000] {processor.py:186} INFO - Started process (PID=2313) to work on /home/airflow/.local/lib/python3.12/site-packages/airflow/example_dags/example_xcomargs.py
[2025-03-04T07:08:04.970+0000] {processor.py:914} INFO - Processing file /home/airflow/.local/lib/python3.12/site-packages/airflow/example_dags/example_xcomargs.py for tasks to queue
[2025-03-04T07:08:04.971+0000] {logging_mixin.py:190} INFO - [2025-03-04T07:08:04.971+0000] {dagbag.py:588} INFO - Filling up the DagBag from /home/airflow/.local/lib/python3.12/site-packages/airflow/example_dags/example_xcomargs.py
[2025-03-04T07:08:04.982+0000] {processor.py:925} INFO - DAG(s) 'example_xcom_args', 'example_xcom_args_with_operators' retrieved from /home/airflow/.local/lib/python3.12/site-packages/airflow/example_dags/example_xcomargs.py
[2025-03-04T07:08:05.005+0000] {logging_mixin.py:190} INFO - [2025-03-04T07:08:05.005+0000] {dag.py:3239} INFO - Sync 2 DAGs
[2025-03-04T07:08:05.018+0000] {logging_mixin.py:190} INFO - [2025-03-04T07:08:05.018+0000] {dag.py:4180} INFO - Setting next_dagrun for example_xcom_args to None, run_after=None
[2025-03-04T07:08:05.022+0000] {logging_mixin.py:190} INFO - [2025-03-04T07:08:05.022+0000] {dag.py:4180} INFO - Setting next_dagrun for example_xcom_args_with_operators to None, run_after=None
[2025-03-04T07:08:05.039+0000] {processor.py:208} INFO - Processing /home/airflow/.local/lib/python3.12/site-packages/airflow/example_dags/example_xcomargs.py took 0.076 seconds
[2025-03-04T07:08:35.244+0000] {processor.py:186} INFO - Started process (PID=2387) to work on /home/airflow/.local/lib/python3.12/site-packages/airflow/example_dags/example_xcomargs.py
[2025-03-04T07:08:35.245+0000] {processor.py:914} INFO - Processing file /home/airflow/.local/lib/python3.12/site-packages/airflow/example_dags/example_xcomargs.py for tasks to queue
[2025-03-04T07:08:35.247+0000] {logging_mixin.py:190} INFO - [2025-03-04T07:08:35.246+0000] {dagbag.py:588} INFO - Filling up the DagBag from /home/airflow/.local/lib/python3.12/site-packages/airflow/example_dags/example_xcomargs.py
[2025-03-04T07:08:35.260+0000] {processor.py:925} INFO - DAG(s) 'example_xcom_args_with_operators', 'example_xcom_args' retrieved from /home/airflow/.local/lib/python3.12/site-packages/airflow/example_dags/example_xcomargs.py
[2025-03-04T07:08:35.288+0000] {logging_mixin.py:190} INFO - [2025-03-04T07:08:35.288+0000] {dag.py:3239} INFO - Sync 2 DAGs
[2025-03-04T07:08:35.307+0000] {logging_mixin.py:190} INFO - [2025-03-04T07:08:35.307+0000] {dag.py:4180} INFO - Setting next_dagrun for example_xcom_args to None, run_after=None
[2025-03-04T07:08:35.311+0000] {logging_mixin.py:190} INFO - [2025-03-04T07:08:35.311+0000] {dag.py:4180} INFO - Setting next_dagrun for example_xcom_args_with_operators to None, run_after=None
[2025-03-04T07:08:35.329+0000] {processor.py:208} INFO - Processing /home/airflow/.local/lib/python3.12/site-packages/airflow/example_dags/example_xcomargs.py took 0.095 seconds
[2025-03-04T07:09:05.681+0000] {processor.py:186} INFO - Started process (PID=2462) to work on /home/airflow/.local/lib/python3.12/site-packages/airflow/example_dags/example_xcomargs.py
[2025-03-04T07:09:05.682+0000] {processor.py:914} INFO - Processing file /home/airflow/.local/lib/python3.12/site-packages/airflow/example_dags/example_xcomargs.py for tasks to queue
[2025-03-04T07:09:05.683+0000] {logging_mixin.py:190} INFO - [2025-03-04T07:09:05.683+0000] {dagbag.py:588} INFO - Filling up the DagBag from /home/airflow/.local/lib/python3.12/site-packages/airflow/example_dags/example_xcomargs.py
[2025-03-04T07:09:05.693+0000] {processor.py:925} INFO - DAG(s) 'example_xcom_args_with_operators', 'example_xcom_args' retrieved from /home/airflow/.local/lib/python3.12/site-packages/airflow/example_dags/example_xcomargs.py
[2025-03-04T07:09:05.718+0000] {logging_mixin.py:190} INFO - [2025-03-04T07:09:05.717+0000] {dag.py:3239} INFO - Sync 2 DAGs
[2025-03-04T07:09:05.729+0000] {logging_mixin.py:190} INFO - [2025-03-04T07:09:05.729+0000] {dag.py:4180} INFO - Setting next_dagrun for example_xcom_args to None, run_after=None
[2025-03-04T07:09:05.733+0000] {logging_mixin.py:190} INFO - [2025-03-04T07:09:05.733+0000] {dag.py:4180} INFO - Setting next_dagrun for example_xcom_args_with_operators to None, run_after=None
[2025-03-04T07:09:05.746+0000] {processor.py:208} INFO - Processing /home/airflow/.local/lib/python3.12/site-packages/airflow/example_dags/example_xcomargs.py took 0.069 seconds
[2025-03-04T07:09:36.143+0000] {processor.py:186} INFO - Started process (PID=2544) to work on /home/airflow/.local/lib/python3.12/site-packages/airflow/example_dags/example_xcomargs.py
[2025-03-04T07:09:36.145+0000] {processor.py:914} INFO - Processing file /home/airflow/.local/lib/python3.12/site-packages/airflow/example_dags/example_xcomargs.py for tasks to queue
[2025-03-04T07:09:36.147+0000] {logging_mixin.py:190} INFO - [2025-03-04T07:09:36.146+0000] {dagbag.py:588} INFO - Filling up the DagBag from /home/airflow/.local/lib/python3.12/site-packages/airflow/example_dags/example_xcomargs.py
[2025-03-04T07:09:36.156+0000] {processor.py:925} INFO - DAG(s) 'example_xcom_args', 'example_xcom_args_with_operators' retrieved from /home/airflow/.local/lib/python3.12/site-packages/airflow/example_dags/example_xcomargs.py
[2025-03-04T07:09:36.177+0000] {logging_mixin.py:190} INFO - [2025-03-04T07:09:36.177+0000] {dag.py:3239} INFO - Sync 2 DAGs
[2025-03-04T07:09:36.193+0000] {logging_mixin.py:190} INFO - [2025-03-04T07:09:36.193+0000] {dag.py:4180} INFO - Setting next_dagrun for example_xcom_args to None, run_after=None
[2025-03-04T07:09:36.197+0000] {logging_mixin.py:190} INFO - [2025-03-04T07:09:36.197+0000] {dag.py:4180} INFO - Setting next_dagrun for example_xcom_args_with_operators to None, run_after=None
[2025-03-04T07:09:36.211+0000] {processor.py:208} INFO - Processing /home/airflow/.local/lib/python3.12/site-packages/airflow/example_dags/example_xcomargs.py took 0.073 seconds
[2025-03-04T07:10:06.769+0000] {processor.py:186} INFO - Started process (PID=2618) to work on /home/airflow/.local/lib/python3.12/site-packages/airflow/example_dags/example_xcomargs.py
[2025-03-04T07:10:06.770+0000] {processor.py:914} INFO - Processing file /home/airflow/.local/lib/python3.12/site-packages/airflow/example_dags/example_xcomargs.py for tasks to queue
[2025-03-04T07:10:06.771+0000] {logging_mixin.py:190} INFO - [2025-03-04T07:10:06.771+0000] {dagbag.py:588} INFO - Filling up the DagBag from /home/airflow/.local/lib/python3.12/site-packages/airflow/example_dags/example_xcomargs.py
[2025-03-04T07:10:06.779+0000] {processor.py:925} INFO - DAG(s) 'example_xcom_args_with_operators', 'example_xcom_args' retrieved from /home/airflow/.local/lib/python3.12/site-packages/airflow/example_dags/example_xcomargs.py
[2025-03-04T07:10:06.798+0000] {logging_mixin.py:190} INFO - [2025-03-04T07:10:06.798+0000] {dag.py:3239} INFO - Sync 2 DAGs
[2025-03-04T07:10:06.809+0000] {logging_mixin.py:190} INFO - [2025-03-04T07:10:06.809+0000] {dag.py:4180} INFO - Setting next_dagrun for example_xcom_args to None, run_after=None
[2025-03-04T07:10:06.813+0000] {logging_mixin.py:190} INFO - [2025-03-04T07:10:06.813+0000] {dag.py:4180} INFO - Setting next_dagrun for example_xcom_args_with_operators to None, run_after=None
[2025-03-04T07:10:06.827+0000] {processor.py:208} INFO - Processing /home/airflow/.local/lib/python3.12/site-packages/airflow/example_dags/example_xcomargs.py took 0.063 seconds
[2025-03-04T07:10:36.982+0000] {processor.py:186} INFO - Started process (PID=2699) to work on /home/airflow/.local/lib/python3.12/site-packages/airflow/example_dags/example_xcomargs.py
[2025-03-04T07:10:36.984+0000] {processor.py:914} INFO - Processing file /home/airflow/.local/lib/python3.12/site-packages/airflow/example_dags/example_xcomargs.py for tasks to queue
[2025-03-04T07:10:36.991+0000] {logging_mixin.py:190} INFO - [2025-03-04T07:10:36.991+0000] {dagbag.py:588} INFO - Filling up the DagBag from /home/airflow/.local/lib/python3.12/site-packages/airflow/example_dags/example_xcomargs.py
[2025-03-04T07:10:37.002+0000] {processor.py:925} INFO - DAG(s) 'example_xcom_args', 'example_xcom_args_with_operators' retrieved from /home/airflow/.local/lib/python3.12/site-packages/airflow/example_dags/example_xcomargs.py
[2025-03-04T07:10:37.025+0000] {logging_mixin.py:190} INFO - [2025-03-04T07:10:37.024+0000] {dag.py:3239} INFO - Sync 2 DAGs
[2025-03-04T07:10:37.039+0000] {logging_mixin.py:190} INFO - [2025-03-04T07:10:37.038+0000] {dag.py:4180} INFO - Setting next_dagrun for example_xcom_args to None, run_after=None
[2025-03-04T07:10:37.044+0000] {logging_mixin.py:190} INFO - [2025-03-04T07:10:37.043+0000] {dag.py:4180} INFO - Setting next_dagrun for example_xcom_args_with_operators to None, run_after=None
[2025-03-04T07:10:37.059+0000] {processor.py:208} INFO - Processing /home/airflow/.local/lib/python3.12/site-packages/airflow/example_dags/example_xcomargs.py took 0.083 seconds
[2025-03-04T07:11:07.238+0000] {processor.py:186} INFO - Started process (PID=2773) to work on /home/airflow/.local/lib/python3.12/site-packages/airflow/example_dags/example_xcomargs.py
[2025-03-04T07:11:07.239+0000] {processor.py:914} INFO - Processing file /home/airflow/.local/lib/python3.12/site-packages/airflow/example_dags/example_xcomargs.py for tasks to queue
[2025-03-04T07:11:07.241+0000] {logging_mixin.py:190} INFO - [2025-03-04T07:11:07.240+0000] {dagbag.py:588} INFO - Filling up the DagBag from /home/airflow/.local/lib/python3.12/site-packages/airflow/example_dags/example_xcomargs.py
[2025-03-04T07:11:07.249+0000] {processor.py:925} INFO - DAG(s) 'example_xcom_args_with_operators', 'example_xcom_args' retrieved from /home/airflow/.local/lib/python3.12/site-packages/airflow/example_dags/example_xcomargs.py
[2025-03-04T07:11:07.275+0000] {logging_mixin.py:190} INFO - [2025-03-04T07:11:07.274+0000] {dag.py:3239} INFO - Sync 2 DAGs
[2025-03-04T07:11:07.293+0000] {logging_mixin.py:190} INFO - [2025-03-04T07:11:07.293+0000] {dag.py:4180} INFO - Setting next_dagrun for example_xcom_args to None, run_after=None
[2025-03-04T07:11:07.297+0000] {logging_mixin.py:190} INFO - [2025-03-04T07:11:07.296+0000] {dag.py:4180} INFO - Setting next_dagrun for example_xcom_args_with_operators to None, run_after=None
[2025-03-04T07:11:07.311+0000] {processor.py:208} INFO - Processing /home/airflow/.local/lib/python3.12/site-packages/airflow/example_dags/example_xcomargs.py took 0.078 seconds
[2025-03-04T07:11:37.474+0000] {processor.py:186} INFO - Started process (PID=2854) to work on /home/airflow/.local/lib/python3.12/site-packages/airflow/example_dags/example_xcomargs.py
[2025-03-04T07:11:37.476+0000] {processor.py:914} INFO - Processing file /home/airflow/.local/lib/python3.12/site-packages/airflow/example_dags/example_xcomargs.py for tasks to queue
[2025-03-04T07:11:37.478+0000] {logging_mixin.py:190} INFO - [2025-03-04T07:11:37.477+0000] {dagbag.py:588} INFO - Filling up the DagBag from /home/airflow/.local/lib/python3.12/site-packages/airflow/example_dags/example_xcomargs.py
[2025-03-04T07:11:37.488+0000] {processor.py:925} INFO - DAG(s) 'example_xcom_args', 'example_xcom_args_with_operators' retrieved from /home/airflow/.local/lib/python3.12/site-packages/airflow/example_dags/example_xcomargs.py
[2025-03-04T07:11:37.513+0000] {logging_mixin.py:190} INFO - [2025-03-04T07:11:37.512+0000] {dag.py:3239} INFO - Sync 2 DAGs
[2025-03-04T07:11:37.528+0000] {logging_mixin.py:190} INFO - [2025-03-04T07:11:37.528+0000] {dag.py:4180} INFO - Setting next_dagrun for example_xcom_args to None, run_after=None
[2025-03-04T07:11:37.532+0000] {logging_mixin.py:190} INFO - [2025-03-04T07:11:37.532+0000] {dag.py:4180} INFO - Setting next_dagrun for example_xcom_args_with_operators to None, run_after=None
[2025-03-04T07:11:37.548+0000] {processor.py:208} INFO - Processing /home/airflow/.local/lib/python3.12/site-packages/airflow/example_dags/example_xcomargs.py took 0.082 seconds
[2025-03-04T07:12:08.388+0000] {processor.py:186} INFO - Started process (PID=2928) to work on /home/airflow/.local/lib/python3.12/site-packages/airflow/example_dags/example_xcomargs.py
[2025-03-04T07:12:08.389+0000] {processor.py:914} INFO - Processing file /home/airflow/.local/lib/python3.12/site-packages/airflow/example_dags/example_xcomargs.py for tasks to queue
[2025-03-04T07:12:08.391+0000] {logging_mixin.py:190} INFO - [2025-03-04T07:12:08.391+0000] {dagbag.py:588} INFO - Filling up the DagBag from /home/airflow/.local/lib/python3.12/site-packages/airflow/example_dags/example_xcomargs.py
[2025-03-04T07:12:08.401+0000] {processor.py:925} INFO - DAG(s) 'example_xcom_args_with_operators', 'example_xcom_args' retrieved from /home/airflow/.local/lib/python3.12/site-packages/airflow/example_dags/example_xcomargs.py
[2025-03-04T07:12:08.424+0000] {logging_mixin.py:190} INFO - [2025-03-04T07:12:08.424+0000] {dag.py:3239} INFO - Sync 2 DAGs
[2025-03-04T07:12:08.435+0000] {logging_mixin.py:190} INFO - [2025-03-04T07:12:08.435+0000] {dag.py:4180} INFO - Setting next_dagrun for example_xcom_args to None, run_after=None
[2025-03-04T07:12:08.438+0000] {logging_mixin.py:190} INFO - [2025-03-04T07:12:08.438+0000] {dag.py:4180} INFO - Setting next_dagrun for example_xcom_args_with_operators to None, run_after=None
[2025-03-04T07:12:08.451+0000] {processor.py:208} INFO - Processing /home/airflow/.local/lib/python3.12/site-packages/airflow/example_dags/example_xcomargs.py took 0.068 seconds
[2025-03-04T07:12:38.894+0000] {processor.py:186} INFO - Started process (PID=3001) to work on /home/airflow/.local/lib/python3.12/site-packages/airflow/example_dags/example_xcomargs.py
[2025-03-04T07:12:38.895+0000] {processor.py:914} INFO - Processing file /home/airflow/.local/lib/python3.12/site-packages/airflow/example_dags/example_xcomargs.py for tasks to queue
[2025-03-04T07:12:38.897+0000] {logging_mixin.py:190} INFO - [2025-03-04T07:12:38.896+0000] {dagbag.py:588} INFO - Filling up the DagBag from /home/airflow/.local/lib/python3.12/site-packages/airflow/example_dags/example_xcomargs.py
[2025-03-04T07:12:38.906+0000] {processor.py:925} INFO - DAG(s) 'example_xcom_args', 'example_xcom_args_with_operators' retrieved from /home/airflow/.local/lib/python3.12/site-packages/airflow/example_dags/example_xcomargs.py
[2025-03-04T07:12:38.927+0000] {logging_mixin.py:190} INFO - [2025-03-04T07:12:38.927+0000] {dag.py:3239} INFO - Sync 2 DAGs
[2025-03-04T07:12:38.941+0000] {logging_mixin.py:190} INFO - [2025-03-04T07:12:38.941+0000] {dag.py:4180} INFO - Setting next_dagrun for example_xcom_args to None, run_after=None
[2025-03-04T07:12:38.945+0000] {logging_mixin.py:190} INFO - [2025-03-04T07:12:38.945+0000] {dag.py:4180} INFO - Setting next_dagrun for example_xcom_args_with_operators to None, run_after=None
[2025-03-04T07:12:38.959+0000] {processor.py:208} INFO - Processing /home/airflow/.local/lib/python3.12/site-packages/airflow/example_dags/example_xcomargs.py took 0.071 seconds
[2025-03-04T07:13:09.571+0000] {processor.py:186} INFO - Started process (PID=3082) to work on /home/airflow/.local/lib/python3.12/site-packages/airflow/example_dags/example_xcomargs.py
[2025-03-04T07:13:09.573+0000] {processor.py:914} INFO - Processing file /home/airflow/.local/lib/python3.12/site-packages/airflow/example_dags/example_xcomargs.py for tasks to queue
[2025-03-04T07:13:09.575+0000] {logging_mixin.py:190} INFO - [2025-03-04T07:13:09.574+0000] {dagbag.py:588} INFO - Filling up the DagBag from /home/airflow/.local/lib/python3.12/site-packages/airflow/example_dags/example_xcomargs.py
[2025-03-04T07:13:09.590+0000] {processor.py:925} INFO - DAG(s) 'example_xcom_args', 'example_xcom_args_with_operators' retrieved from /home/airflow/.local/lib/python3.12/site-packages/airflow/example_dags/example_xcomargs.py
[2025-03-04T07:13:09.621+0000] {logging_mixin.py:190} INFO - [2025-03-04T07:13:09.620+0000] {dag.py:3239} INFO - Sync 2 DAGs
[2025-03-04T07:13:09.642+0000] {logging_mixin.py:190} INFO - [2025-03-04T07:13:09.641+0000] {dag.py:4180} INFO - Setting next_dagrun for example_xcom_args to None, run_after=None
[2025-03-04T07:13:09.648+0000] {logging_mixin.py:190} INFO - [2025-03-04T07:13:09.647+0000] {dag.py:4180} INFO - Setting next_dagrun for example_xcom_args_with_operators to None, run_after=None
[2025-03-04T07:13:09.666+0000] {processor.py:208} INFO - Processing /home/airflow/.local/lib/python3.12/site-packages/airflow/example_dags/example_xcomargs.py took 0.101 seconds
[2025-03-04T07:13:40.178+0000] {processor.py:186} INFO - Started process (PID=3156) to work on /home/airflow/.local/lib/python3.12/site-packages/airflow/example_dags/example_xcomargs.py
[2025-03-04T07:13:40.179+0000] {processor.py:914} INFO - Processing file /home/airflow/.local/lib/python3.12/site-packages/airflow/example_dags/example_xcomargs.py for tasks to queue
[2025-03-04T07:13:40.180+0000] {logging_mixin.py:190} INFO - [2025-03-04T07:13:40.180+0000] {dagbag.py:588} INFO - Filling up the DagBag from /home/airflow/.local/lib/python3.12/site-packages/airflow/example_dags/example_xcomargs.py
[2025-03-04T07:13:40.188+0000] {processor.py:925} INFO - DAG(s) 'example_xcom_args', 'example_xcom_args_with_operators' retrieved from /home/airflow/.local/lib/python3.12/site-packages/airflow/example_dags/example_xcomargs.py
[2025-03-04T07:13:40.205+0000] {logging_mixin.py:190} INFO - [2025-03-04T07:13:40.204+0000] {dag.py:3239} INFO - Sync 2 DAGs
[2025-03-04T07:13:40.215+0000] {logging_mixin.py:190} INFO - [2025-03-04T07:13:40.215+0000] {dag.py:4180} INFO - Setting next_dagrun for example_xcom_args to None, run_after=None
[2025-03-04T07:13:40.218+0000] {logging_mixin.py:190} INFO - [2025-03-04T07:13:40.218+0000] {dag.py:4180} INFO - Setting next_dagrun for example_xcom_args_with_operators to None, run_after=None
[2025-03-04T07:13:40.231+0000] {processor.py:208} INFO - Processing /home/airflow/.local/lib/python3.12/site-packages/airflow/example_dags/example_xcomargs.py took 0.058 seconds
[2025-03-04T07:14:10.671+0000] {processor.py:186} INFO - Started process (PID=3237) to work on /home/airflow/.local/lib/python3.12/site-packages/airflow/example_dags/example_xcomargs.py
[2025-03-04T07:14:10.673+0000] {processor.py:914} INFO - Processing file /home/airflow/.local/lib/python3.12/site-packages/airflow/example_dags/example_xcomargs.py for tasks to queue
[2025-03-04T07:14:10.675+0000] {logging_mixin.py:190} INFO - [2025-03-04T07:14:10.674+0000] {dagbag.py:588} INFO - Filling up the DagBag from /home/airflow/.local/lib/python3.12/site-packages/airflow/example_dags/example_xcomargs.py
[2025-03-04T07:14:10.684+0000] {processor.py:925} INFO - DAG(s) 'example_xcom_args', 'example_xcom_args_with_operators' retrieved from /home/airflow/.local/lib/python3.12/site-packages/airflow/example_dags/example_xcomargs.py
[2025-03-04T07:14:10.709+0000] {logging_mixin.py:190} INFO - [2025-03-04T07:14:10.709+0000] {dag.py:3239} INFO - Sync 2 DAGs
[2025-03-04T07:14:10.724+0000] {logging_mixin.py:190} INFO - [2025-03-04T07:14:10.724+0000] {dag.py:4180} INFO - Setting next_dagrun for example_xcom_args to None, run_after=None
[2025-03-04T07:14:10.729+0000] {logging_mixin.py:190} INFO - [2025-03-04T07:14:10.729+0000] {dag.py:4180} INFO - Setting next_dagrun for example_xcom_args_with_operators to None, run_after=None
[2025-03-04T07:14:10.749+0000] {processor.py:208} INFO - Processing /home/airflow/.local/lib/python3.12/site-packages/airflow/example_dags/example_xcomargs.py took 0.085 seconds
[2025-03-04T07:14:41.066+0000] {processor.py:186} INFO - Started process (PID=3320) to work on /home/airflow/.local/lib/python3.12/site-packages/airflow/example_dags/example_xcomargs.py
[2025-03-04T07:14:41.068+0000] {processor.py:914} INFO - Processing file /home/airflow/.local/lib/python3.12/site-packages/airflow/example_dags/example_xcomargs.py for tasks to queue
[2025-03-04T07:14:41.071+0000] {logging_mixin.py:190} INFO - [2025-03-04T07:14:41.070+0000] {dagbag.py:588} INFO - Filling up the DagBag from /home/airflow/.local/lib/python3.12/site-packages/airflow/example_dags/example_xcomargs.py
[2025-03-04T07:14:41.092+0000] {processor.py:925} INFO - DAG(s) 'example_xcom_args', 'example_xcom_args_with_operators' retrieved from /home/airflow/.local/lib/python3.12/site-packages/airflow/example_dags/example_xcomargs.py
[2025-03-04T07:14:41.140+0000] {logging_mixin.py:190} INFO - [2025-03-04T07:14:41.139+0000] {dag.py:3239} INFO - Sync 2 DAGs
[2025-03-04T07:14:41.167+0000] {logging_mixin.py:190} INFO - [2025-03-04T07:14:41.166+0000] {dag.py:4180} INFO - Setting next_dagrun for example_xcom_args to None, run_after=None
[2025-03-04T07:14:41.174+0000] {logging_mixin.py:190} INFO - [2025-03-04T07:14:41.174+0000] {dag.py:4180} INFO - Setting next_dagrun for example_xcom_args_with_operators to None, run_after=None
[2025-03-04T07:14:41.204+0000] {processor.py:208} INFO - Processing /home/airflow/.local/lib/python3.12/site-packages/airflow/example_dags/example_xcomargs.py took 0.147 seconds
[2025-03-04T07:15:11.917+0000] {processor.py:186} INFO - Started process (PID=3394) to work on /home/airflow/.local/lib/python3.12/site-packages/airflow/example_dags/example_xcomargs.py
[2025-03-04T07:15:11.918+0000] {processor.py:914} INFO - Processing file /home/airflow/.local/lib/python3.12/site-packages/airflow/example_dags/example_xcomargs.py for tasks to queue
[2025-03-04T07:15:11.919+0000] {logging_mixin.py:190} INFO - [2025-03-04T07:15:11.919+0000] {dagbag.py:588} INFO - Filling up the DagBag from /home/airflow/.local/lib/python3.12/site-packages/airflow/example_dags/example_xcomargs.py
[2025-03-04T07:15:11.932+0000] {processor.py:925} INFO - DAG(s) 'example_xcom_args', 'example_xcom_args_with_operators' retrieved from /home/airflow/.local/lib/python3.12/site-packages/airflow/example_dags/example_xcomargs.py
[2025-03-04T07:15:11.962+0000] {logging_mixin.py:190} INFO - [2025-03-04T07:15:11.962+0000] {dag.py:3239} INFO - Sync 2 DAGs
[2025-03-04T07:15:11.985+0000] {logging_mixin.py:190} INFO - [2025-03-04T07:15:11.985+0000] {dag.py:4180} INFO - Setting next_dagrun for example_xcom_args to None, run_after=None
[2025-03-04T07:15:11.993+0000] {logging_mixin.py:190} INFO - [2025-03-04T07:15:11.993+0000] {dag.py:4180} INFO - Setting next_dagrun for example_xcom_args_with_operators to None, run_after=None
[2025-03-04T07:15:12.018+0000] {processor.py:208} INFO - Processing /home/airflow/.local/lib/python3.12/site-packages/airflow/example_dags/example_xcomargs.py took 0.107 seconds
[2025-03-04T07:15:42.118+0000] {processor.py:186} INFO - Started process (PID=3475) to work on /home/airflow/.local/lib/python3.12/site-packages/airflow/example_dags/example_xcomargs.py
[2025-03-04T07:15:42.119+0000] {processor.py:914} INFO - Processing file /home/airflow/.local/lib/python3.12/site-packages/airflow/example_dags/example_xcomargs.py for tasks to queue
[2025-03-04T07:15:42.121+0000] {logging_mixin.py:190} INFO - [2025-03-04T07:15:42.121+0000] {dagbag.py:588} INFO - Filling up the DagBag from /home/airflow/.local/lib/python3.12/site-packages/airflow/example_dags/example_xcomargs.py
[2025-03-04T07:15:42.131+0000] {processor.py:925} INFO - DAG(s) 'example_xcom_args_with_operators', 'example_xcom_args' retrieved from /home/airflow/.local/lib/python3.12/site-packages/airflow/example_dags/example_xcomargs.py
[2025-03-04T07:15:42.161+0000] {logging_mixin.py:190} INFO - [2025-03-04T07:15:42.161+0000] {dag.py:3239} INFO - Sync 2 DAGs
[2025-03-04T07:15:42.177+0000] {logging_mixin.py:190} INFO - [2025-03-04T07:15:42.177+0000] {dag.py:4180} INFO - Setting next_dagrun for example_xcom_args to None, run_after=None
[2025-03-04T07:15:42.182+0000] {logging_mixin.py:190} INFO - [2025-03-04T07:15:42.181+0000] {dag.py:4180} INFO - Setting next_dagrun for example_xcom_args_with_operators to None, run_after=None
[2025-03-04T07:15:42.205+0000] {processor.py:208} INFO - Processing /home/airflow/.local/lib/python3.12/site-packages/airflow/example_dags/example_xcomargs.py took 0.094 seconds
[2025-03-04T07:16:12.894+0000] {processor.py:186} INFO - Started process (PID=3550) to work on /home/airflow/.local/lib/python3.12/site-packages/airflow/example_dags/example_xcomargs.py
[2025-03-04T07:16:12.895+0000] {processor.py:914} INFO - Processing file /home/airflow/.local/lib/python3.12/site-packages/airflow/example_dags/example_xcomargs.py for tasks to queue
[2025-03-04T07:16:12.897+0000] {logging_mixin.py:190} INFO - [2025-03-04T07:16:12.896+0000] {dagbag.py:588} INFO - Filling up the DagBag from /home/airflow/.local/lib/python3.12/site-packages/airflow/example_dags/example_xcomargs.py
[2025-03-04T07:16:12.907+0000] {processor.py:925} INFO - DAG(s) 'example_xcom_args', 'example_xcom_args_with_operators' retrieved from /home/airflow/.local/lib/python3.12/site-packages/airflow/example_dags/example_xcomargs.py
[2025-03-04T07:16:12.937+0000] {logging_mixin.py:190} INFO - [2025-03-04T07:16:12.937+0000] {dag.py:3239} INFO - Sync 2 DAGs
[2025-03-04T07:16:12.956+0000] {logging_mixin.py:190} INFO - [2025-03-04T07:16:12.955+0000] {dag.py:4180} INFO - Setting next_dagrun for example_xcom_args to None, run_after=None
[2025-03-04T07:16:12.961+0000] {logging_mixin.py:190} INFO - [2025-03-04T07:16:12.961+0000] {dag.py:4180} INFO - Setting next_dagrun for example_xcom_args_with_operators to None, run_after=None
[2025-03-04T07:16:12.983+0000] {processor.py:208} INFO - Processing /home/airflow/.local/lib/python3.12/site-packages/airflow/example_dags/example_xcomargs.py took 0.096 seconds
[2025-03-04T07:16:43.489+0000] {processor.py:186} INFO - Started process (PID=3624) to work on /home/airflow/.local/lib/python3.12/site-packages/airflow/example_dags/example_xcomargs.py
[2025-03-04T07:16:43.490+0000] {processor.py:914} INFO - Processing file /home/airflow/.local/lib/python3.12/site-packages/airflow/example_dags/example_xcomargs.py for tasks to queue
[2025-03-04T07:16:43.492+0000] {logging_mixin.py:190} INFO - [2025-03-04T07:16:43.491+0000] {dagbag.py:588} INFO - Filling up the DagBag from /home/airflow/.local/lib/python3.12/site-packages/airflow/example_dags/example_xcomargs.py
[2025-03-04T07:16:43.503+0000] {processor.py:925} INFO - DAG(s) 'example_xcom_args', 'example_xcom_args_with_operators' retrieved from /home/airflow/.local/lib/python3.12/site-packages/airflow/example_dags/example_xcomargs.py
[2025-03-04T07:16:43.519+0000] {logging_mixin.py:190} INFO - [2025-03-04T07:16:43.519+0000] {dag.py:3239} INFO - Sync 2 DAGs
[2025-03-04T07:16:43.530+0000] {logging_mixin.py:190} INFO - [2025-03-04T07:16:43.530+0000] {dag.py:4180} INFO - Setting next_dagrun for example_xcom_args to None, run_after=None
[2025-03-04T07:16:43.533+0000] {logging_mixin.py:190} INFO - [2025-03-04T07:16:43.533+0000] {dag.py:4180} INFO - Setting next_dagrun for example_xcom_args_with_operators to None, run_after=None
[2025-03-04T07:16:43.546+0000] {processor.py:208} INFO - Processing /home/airflow/.local/lib/python3.12/site-packages/airflow/example_dags/example_xcomargs.py took 0.060 seconds
[2025-03-04T07:17:13.917+0000] {processor.py:186} INFO - Started process (PID=3706) to work on /home/airflow/.local/lib/python3.12/site-packages/airflow/example_dags/example_xcomargs.py
[2025-03-04T07:17:13.918+0000] {processor.py:914} INFO - Processing file /home/airflow/.local/lib/python3.12/site-packages/airflow/example_dags/example_xcomargs.py for tasks to queue
[2025-03-04T07:17:13.919+0000] {logging_mixin.py:190} INFO - [2025-03-04T07:17:13.919+0000] {dagbag.py:588} INFO - Filling up the DagBag from /home/airflow/.local/lib/python3.12/site-packages/airflow/example_dags/example_xcomargs.py
[2025-03-04T07:17:13.927+0000] {processor.py:925} INFO - DAG(s) 'example_xcom_args_with_operators', 'example_xcom_args' retrieved from /home/airflow/.local/lib/python3.12/site-packages/airflow/example_dags/example_xcomargs.py
[2025-03-04T07:17:13.949+0000] {logging_mixin.py:190} INFO - [2025-03-04T07:17:13.949+0000] {dag.py:3239} INFO - Sync 2 DAGs
[2025-03-04T07:17:13.962+0000] {logging_mixin.py:190} INFO - [2025-03-04T07:17:13.962+0000] {dag.py:4180} INFO - Setting next_dagrun for example_xcom_args to None, run_after=None
[2025-03-04T07:17:13.966+0000] {logging_mixin.py:190} INFO - [2025-03-04T07:17:13.966+0000] {dag.py:4180} INFO - Setting next_dagrun for example_xcom_args_with_operators to None, run_after=None
[2025-03-04T07:17:13.986+0000] {processor.py:208} INFO - Processing /home/airflow/.local/lib/python3.12/site-packages/airflow/example_dags/example_xcomargs.py took 0.075 seconds
[2025-03-04T07:17:44.425+0000] {processor.py:186} INFO - Started process (PID=3780) to work on /home/airflow/.local/lib/python3.12/site-packages/airflow/example_dags/example_xcomargs.py
[2025-03-04T07:17:44.427+0000] {processor.py:914} INFO - Processing file /home/airflow/.local/lib/python3.12/site-packages/airflow/example_dags/example_xcomargs.py for tasks to queue
[2025-03-04T07:17:44.428+0000] {logging_mixin.py:190} INFO - [2025-03-04T07:17:44.428+0000] {dagbag.py:588} INFO - Filling up the DagBag from /home/airflow/.local/lib/python3.12/site-packages/airflow/example_dags/example_xcomargs.py
[2025-03-04T07:17:44.440+0000] {processor.py:925} INFO - DAG(s) 'example_xcom_args', 'example_xcom_args_with_operators' retrieved from /home/airflow/.local/lib/python3.12/site-packages/airflow/example_dags/example_xcomargs.py
[2025-03-04T07:17:44.470+0000] {logging_mixin.py:190} INFO - [2025-03-04T07:17:44.469+0000] {dag.py:3239} INFO - Sync 2 DAGs
[2025-03-04T07:17:44.490+0000] {logging_mixin.py:190} INFO - [2025-03-04T07:17:44.490+0000] {dag.py:4180} INFO - Setting next_dagrun for example_xcom_args to None, run_after=None
[2025-03-04T07:17:44.495+0000] {logging_mixin.py:190} INFO - [2025-03-04T07:17:44.495+0000] {dag.py:4180} INFO - Setting next_dagrun for example_xcom_args_with_operators to None, run_after=None
[2025-03-04T07:17:44.509+0000] {processor.py:208} INFO - Processing /home/airflow/.local/lib/python3.12/site-packages/airflow/example_dags/example_xcomargs.py took 0.090 seconds
[2025-03-04T07:18:14.880+0000] {processor.py:186} INFO - Started process (PID=3863) to work on /home/airflow/.local/lib/python3.12/site-packages/airflow/example_dags/example_xcomargs.py
[2025-03-04T07:18:14.881+0000] {processor.py:914} INFO - Processing file /home/airflow/.local/lib/python3.12/site-packages/airflow/example_dags/example_xcomargs.py for tasks to queue
[2025-03-04T07:18:14.882+0000] {logging_mixin.py:190} INFO - [2025-03-04T07:18:14.882+0000] {dagbag.py:588} INFO - Filling up the DagBag from /home/airflow/.local/lib/python3.12/site-packages/airflow/example_dags/example_xcomargs.py
[2025-03-04T07:18:14.890+0000] {processor.py:925} INFO - DAG(s) 'example_xcom_args_with_operators', 'example_xcom_args' retrieved from /home/airflow/.local/lib/python3.12/site-packages/airflow/example_dags/example_xcomargs.py
[2025-03-04T07:18:14.908+0000] {logging_mixin.py:190} INFO - [2025-03-04T07:18:14.908+0000] {dag.py:3239} INFO - Sync 2 DAGs
[2025-03-04T07:18:14.918+0000] {logging_mixin.py:190} INFO - [2025-03-04T07:18:14.918+0000] {dag.py:4180} INFO - Setting next_dagrun for example_xcom_args to None, run_after=None
[2025-03-04T07:18:14.922+0000] {logging_mixin.py:190} INFO - [2025-03-04T07:18:14.922+0000] {dag.py:4180} INFO - Setting next_dagrun for example_xcom_args_with_operators to None, run_after=None
[2025-03-04T07:18:14.937+0000] {processor.py:208} INFO - Processing /home/airflow/.local/lib/python3.12/site-packages/airflow/example_dags/example_xcomargs.py took 0.061 seconds
