[2025-03-04T06:53:43.552+0000] {processor.py:186} INFO - Started process (PID=78) to work on /home/airflow/.local/lib/python3.12/site-packages/airflow/example_dags/example_nested_branch_dag.py
[2025-03-04T06:53:43.554+0000] {processor.py:914} INFO - Processing file /home/airflow/.local/lib/python3.12/site-packages/airflow/example_dags/example_nested_branch_dag.py for tasks to queue
[2025-03-04T06:53:43.559+0000] {logging_mixin.py:190} INFO - [2025-03-04T06:53:43.557+0000] {dagbag.py:588} INFO - Filling up the DagBag from /home/airflow/.local/lib/python3.12/site-packages/airflow/example_dags/example_nested_branch_dag.py
[2025-03-04T06:53:43.592+0000] {processor.py:925} INFO - DAG(s) 'example_nested_branch_dag' retrieved from /home/airflow/.local/lib/python3.12/site-packages/airflow/example_dags/example_nested_branch_dag.py
[2025-03-04T06:53:43.783+0000] {logging_mixin.py:190} INFO - [2025-03-04T06:53:43.781+0000] {override.py:1912} INFO - Created Permission View: can read on DAG:example_nested_branch_dag
[2025-03-04T06:53:43.805+0000] {logging_mixin.py:190} INFO - [2025-03-04T06:53:43.805+0000] {override.py:1912} INFO - Created Permission View: can edit on DAG:example_nested_branch_dag
[2025-03-04T06:53:43.821+0000] {logging_mixin.py:190} INFO - [2025-03-04T06:53:43.821+0000] {override.py:1912} INFO - Created Permission View: can delete on DAG:example_nested_branch_dag
[2025-03-04T06:53:43.838+0000] {logging_mixin.py:190} INFO - [2025-03-04T06:53:43.838+0000] {override.py:1912} INFO - Created Permission View: menu access on DAG Run:example_nested_branch_dag
[2025-03-04T06:53:43.850+0000] {logging_mixin.py:190} INFO - [2025-03-04T06:53:43.850+0000] {override.py:1912} INFO - Created Permission View: can read on DAG Run:example_nested_branch_dag
[2025-03-04T06:53:43.862+0000] {logging_mixin.py:190} INFO - [2025-03-04T06:53:43.861+0000] {override.py:1912} INFO - Created Permission View: can delete on DAG Run:example_nested_branch_dag
[2025-03-04T06:53:43.875+0000] {logging_mixin.py:190} INFO - [2025-03-04T06:53:43.874+0000] {override.py:1912} INFO - Created Permission View: can create on DAG Run:example_nested_branch_dag
[2025-03-04T06:53:43.876+0000] {logging_mixin.py:190} INFO - [2025-03-04T06:53:43.876+0000] {dag.py:3239} INFO - Sync 1 DAGs
[2025-03-04T06:53:43.896+0000] {logging_mixin.py:190} INFO - [2025-03-04T06:53:43.896+0000] {dag.py:3262} INFO - Creating ORM DAG for example_nested_branch_dag
[2025-03-04T06:53:43.915+0000] {logging_mixin.py:190} INFO - [2025-03-04T06:53:43.914+0000] {dag.py:4180} INFO - Setting next_dagrun for example_nested_branch_dag to 2025-03-03 00:00:00+00:00, run_after=2025-03-04 00:00:00+00:00
[2025-03-04T06:53:43.943+0000] {processor.py:208} INFO - Processing /home/airflow/.local/lib/python3.12/site-packages/airflow/example_dags/example_nested_branch_dag.py took 0.401 seconds
[2025-03-04T06:54:14.604+0000] {processor.py:186} INFO - Started process (PID=153) to work on /home/airflow/.local/lib/python3.12/site-packages/airflow/example_dags/example_nested_branch_dag.py
[2025-03-04T06:54:14.605+0000] {processor.py:914} INFO - Processing file /home/airflow/.local/lib/python3.12/site-packages/airflow/example_dags/example_nested_branch_dag.py for tasks to queue
[2025-03-04T06:54:14.609+0000] {logging_mixin.py:190} INFO - [2025-03-04T06:54:14.608+0000] {dagbag.py:588} INFO - Filling up the DagBag from /home/airflow/.local/lib/python3.12/site-packages/airflow/example_dags/example_nested_branch_dag.py
[2025-03-04T06:54:14.627+0000] {processor.py:925} INFO - DAG(s) 'example_nested_branch_dag' retrieved from /home/airflow/.local/lib/python3.12/site-packages/airflow/example_dags/example_nested_branch_dag.py
[2025-03-04T06:54:14.657+0000] {logging_mixin.py:190} INFO - [2025-03-04T06:54:14.657+0000] {dag.py:3239} INFO - Sync 1 DAGs
[2025-03-04T06:54:14.699+0000] {logging_mixin.py:190} INFO - [2025-03-04T06:54:14.699+0000] {dag.py:4180} INFO - Setting next_dagrun for example_nested_branch_dag to 2025-03-03 00:00:00+00:00, run_after=2025-03-04 00:00:00+00:00
[2025-03-04T06:54:14.726+0000] {processor.py:208} INFO - Processing /home/airflow/.local/lib/python3.12/site-packages/airflow/example_dags/example_nested_branch_dag.py took 0.128 seconds
[2025-03-04T06:54:44.868+0000] {processor.py:186} INFO - Started process (PID=235) to work on /home/airflow/.local/lib/python3.12/site-packages/airflow/example_dags/example_nested_branch_dag.py
[2025-03-04T06:54:44.869+0000] {processor.py:914} INFO - Processing file /home/airflow/.local/lib/python3.12/site-packages/airflow/example_dags/example_nested_branch_dag.py for tasks to queue
[2025-03-04T06:54:44.872+0000] {logging_mixin.py:190} INFO - [2025-03-04T06:54:44.872+0000] {dagbag.py:588} INFO - Filling up the DagBag from /home/airflow/.local/lib/python3.12/site-packages/airflow/example_dags/example_nested_branch_dag.py
[2025-03-04T06:54:44.885+0000] {processor.py:925} INFO - DAG(s) 'example_nested_branch_dag' retrieved from /home/airflow/.local/lib/python3.12/site-packages/airflow/example_dags/example_nested_branch_dag.py
[2025-03-04T06:54:44.910+0000] {logging_mixin.py:190} INFO - [2025-03-04T06:54:44.909+0000] {dag.py:3239} INFO - Sync 1 DAGs
[2025-03-04T06:54:44.936+0000] {logging_mixin.py:190} INFO - [2025-03-04T06:54:44.936+0000] {dag.py:4180} INFO - Setting next_dagrun for example_nested_branch_dag to 2025-03-03 00:00:00+00:00, run_after=2025-03-04 00:00:00+00:00
[2025-03-04T06:54:44.959+0000] {processor.py:208} INFO - Processing /home/airflow/.local/lib/python3.12/site-packages/airflow/example_dags/example_nested_branch_dag.py took 0.098 seconds
[2025-03-04T06:55:15.454+0000] {processor.py:186} INFO - Started process (PID=309) to work on /home/airflow/.local/lib/python3.12/site-packages/airflow/example_dags/example_nested_branch_dag.py
[2025-03-04T06:55:15.456+0000] {processor.py:914} INFO - Processing file /home/airflow/.local/lib/python3.12/site-packages/airflow/example_dags/example_nested_branch_dag.py for tasks to queue
[2025-03-04T06:55:15.458+0000] {logging_mixin.py:190} INFO - [2025-03-04T06:55:15.458+0000] {dagbag.py:588} INFO - Filling up the DagBag from /home/airflow/.local/lib/python3.12/site-packages/airflow/example_dags/example_nested_branch_dag.py
[2025-03-04T06:55:15.469+0000] {processor.py:925} INFO - DAG(s) 'example_nested_branch_dag' retrieved from /home/airflow/.local/lib/python3.12/site-packages/airflow/example_dags/example_nested_branch_dag.py
[2025-03-04T06:55:15.491+0000] {logging_mixin.py:190} INFO - [2025-03-04T06:55:15.490+0000] {dag.py:3239} INFO - Sync 1 DAGs
[2025-03-04T06:55:15.510+0000] {logging_mixin.py:190} INFO - [2025-03-04T06:55:15.510+0000] {dag.py:4180} INFO - Setting next_dagrun for example_nested_branch_dag to 2025-03-03 00:00:00+00:00, run_after=2025-03-04 00:00:00+00:00
[2025-03-04T06:55:15.526+0000] {processor.py:208} INFO - Processing /home/airflow/.local/lib/python3.12/site-packages/airflow/example_dags/example_nested_branch_dag.py took 0.077 seconds
[2025-03-04T06:55:45.666+0000] {processor.py:186} INFO - Started process (PID=391) to work on /home/airflow/.local/lib/python3.12/site-packages/airflow/example_dags/example_nested_branch_dag.py
[2025-03-04T06:55:45.668+0000] {processor.py:914} INFO - Processing file /home/airflow/.local/lib/python3.12/site-packages/airflow/example_dags/example_nested_branch_dag.py for tasks to queue
[2025-03-04T06:55:45.671+0000] {logging_mixin.py:190} INFO - [2025-03-04T06:55:45.671+0000] {dagbag.py:588} INFO - Filling up the DagBag from /home/airflow/.local/lib/python3.12/site-packages/airflow/example_dags/example_nested_branch_dag.py
[2025-03-04T06:55:45.682+0000] {processor.py:925} INFO - DAG(s) 'example_nested_branch_dag' retrieved from /home/airflow/.local/lib/python3.12/site-packages/airflow/example_dags/example_nested_branch_dag.py
[2025-03-04T06:55:45.702+0000] {logging_mixin.py:190} INFO - [2025-03-04T06:55:45.702+0000] {dag.py:3239} INFO - Sync 1 DAGs
[2025-03-04T06:55:45.724+0000] {logging_mixin.py:190} INFO - [2025-03-04T06:55:45.724+0000] {dag.py:4180} INFO - Setting next_dagrun for example_nested_branch_dag to 2025-03-03 00:00:00+00:00, run_after=2025-03-04 00:00:00+00:00
[2025-03-04T06:55:45.749+0000] {processor.py:208} INFO - Processing /home/airflow/.local/lib/python3.12/site-packages/airflow/example_dags/example_nested_branch_dag.py took 0.088 seconds
[2025-03-04T06:56:16.537+0000] {processor.py:186} INFO - Started process (PID=467) to work on /home/airflow/.local/lib/python3.12/site-packages/airflow/example_dags/example_nested_branch_dag.py
[2025-03-04T06:56:16.538+0000] {processor.py:914} INFO - Processing file /home/airflow/.local/lib/python3.12/site-packages/airflow/example_dags/example_nested_branch_dag.py for tasks to queue
[2025-03-04T06:56:16.540+0000] {logging_mixin.py:190} INFO - [2025-03-04T06:56:16.540+0000] {dagbag.py:588} INFO - Filling up the DagBag from /home/airflow/.local/lib/python3.12/site-packages/airflow/example_dags/example_nested_branch_dag.py
[2025-03-04T06:56:16.548+0000] {processor.py:925} INFO - DAG(s) 'example_nested_branch_dag' retrieved from /home/airflow/.local/lib/python3.12/site-packages/airflow/example_dags/example_nested_branch_dag.py
[2025-03-04T06:56:16.563+0000] {logging_mixin.py:190} INFO - [2025-03-04T06:56:16.563+0000] {dag.py:3239} INFO - Sync 1 DAGs
[2025-03-04T06:56:16.581+0000] {logging_mixin.py:190} INFO - [2025-03-04T06:56:16.581+0000] {dag.py:4180} INFO - Setting next_dagrun for example_nested_branch_dag to 2025-03-03 00:00:00+00:00, run_after=2025-03-04 00:00:00+00:00
[2025-03-04T06:56:16.598+0000] {processor.py:208} INFO - Processing /home/airflow/.local/lib/python3.12/site-packages/airflow/example_dags/example_nested_branch_dag.py took 0.065 seconds
[2025-03-04T06:56:47.263+0000] {processor.py:186} INFO - Started process (PID=549) to work on /home/airflow/.local/lib/python3.12/site-packages/airflow/example_dags/example_nested_branch_dag.py
[2025-03-04T06:56:47.264+0000] {processor.py:914} INFO - Processing file /home/airflow/.local/lib/python3.12/site-packages/airflow/example_dags/example_nested_branch_dag.py for tasks to queue
[2025-03-04T06:56:47.267+0000] {logging_mixin.py:190} INFO - [2025-03-04T06:56:47.267+0000] {dagbag.py:588} INFO - Filling up the DagBag from /home/airflow/.local/lib/python3.12/site-packages/airflow/example_dags/example_nested_branch_dag.py
[2025-03-04T06:56:47.278+0000] {processor.py:925} INFO - DAG(s) 'example_nested_branch_dag' retrieved from /home/airflow/.local/lib/python3.12/site-packages/airflow/example_dags/example_nested_branch_dag.py
[2025-03-04T06:56:47.299+0000] {logging_mixin.py:190} INFO - [2025-03-04T06:56:47.298+0000] {dag.py:3239} INFO - Sync 1 DAGs
[2025-03-04T06:56:47.336+0000] {logging_mixin.py:190} INFO - [2025-03-04T06:56:47.336+0000] {dag.py:4180} INFO - Setting next_dagrun for example_nested_branch_dag to 2025-03-03 00:00:00+00:00, run_after=2025-03-04 00:00:00+00:00
[2025-03-04T06:56:47.369+0000] {processor.py:208} INFO - Processing /home/airflow/.local/lib/python3.12/site-packages/airflow/example_dags/example_nested_branch_dag.py took 0.111 seconds
[2025-03-04T06:57:17.923+0000] {processor.py:186} INFO - Started process (PID=625) to work on /home/airflow/.local/lib/python3.12/site-packages/airflow/example_dags/example_nested_branch_dag.py
[2025-03-04T06:57:17.929+0000] {processor.py:914} INFO - Processing file /home/airflow/.local/lib/python3.12/site-packages/airflow/example_dags/example_nested_branch_dag.py for tasks to queue
[2025-03-04T06:57:17.938+0000] {logging_mixin.py:190} INFO - [2025-03-04T06:57:17.937+0000] {dagbag.py:588} INFO - Filling up the DagBag from /home/airflow/.local/lib/python3.12/site-packages/airflow/example_dags/example_nested_branch_dag.py
[2025-03-04T06:57:17.947+0000] {processor.py:925} INFO - DAG(s) 'example_nested_branch_dag' retrieved from /home/airflow/.local/lib/python3.12/site-packages/airflow/example_dags/example_nested_branch_dag.py
[2025-03-04T06:57:17.965+0000] {logging_mixin.py:190} INFO - [2025-03-04T06:57:17.965+0000] {dag.py:3239} INFO - Sync 1 DAGs
[2025-03-04T06:57:17.987+0000] {logging_mixin.py:190} INFO - [2025-03-04T06:57:17.987+0000] {dag.py:4180} INFO - Setting next_dagrun for example_nested_branch_dag to 2025-03-03 00:00:00+00:00, run_after=2025-03-04 00:00:00+00:00
[2025-03-04T06:57:18.005+0000] {processor.py:208} INFO - Processing /home/airflow/.local/lib/python3.12/site-packages/airflow/example_dags/example_nested_branch_dag.py took 0.088 seconds
[2025-03-04T06:57:48.060+0000] {processor.py:186} INFO - Started process (PID=700) to work on /home/airflow/.local/lib/python3.12/site-packages/airflow/example_dags/example_nested_branch_dag.py
[2025-03-04T06:57:48.061+0000] {processor.py:914} INFO - Processing file /home/airflow/.local/lib/python3.12/site-packages/airflow/example_dags/example_nested_branch_dag.py for tasks to queue
[2025-03-04T06:57:48.064+0000] {logging_mixin.py:190} INFO - [2025-03-04T06:57:48.063+0000] {dagbag.py:588} INFO - Filling up the DagBag from /home/airflow/.local/lib/python3.12/site-packages/airflow/example_dags/example_nested_branch_dag.py
[2025-03-04T06:57:48.074+0000] {processor.py:925} INFO - DAG(s) 'example_nested_branch_dag' retrieved from /home/airflow/.local/lib/python3.12/site-packages/airflow/example_dags/example_nested_branch_dag.py
[2025-03-04T06:57:48.094+0000] {logging_mixin.py:190} INFO - [2025-03-04T06:57:48.093+0000] {dag.py:3239} INFO - Sync 1 DAGs
[2025-03-04T06:57:48.113+0000] {logging_mixin.py:190} INFO - [2025-03-04T06:57:48.113+0000] {dag.py:4180} INFO - Setting next_dagrun for example_nested_branch_dag to 2025-03-03 00:00:00+00:00, run_after=2025-03-04 00:00:00+00:00
[2025-03-04T06:57:48.129+0000] {processor.py:208} INFO - Processing /home/airflow/.local/lib/python3.12/site-packages/airflow/example_dags/example_nested_branch_dag.py took 0.075 seconds
[2025-03-04T06:58:18.719+0000] {processor.py:186} INFO - Started process (PID=783) to work on /home/airflow/.local/lib/python3.12/site-packages/airflow/example_dags/example_nested_branch_dag.py
[2025-03-04T06:58:18.721+0000] {processor.py:914} INFO - Processing file /home/airflow/.local/lib/python3.12/site-packages/airflow/example_dags/example_nested_branch_dag.py for tasks to queue
[2025-03-04T06:58:18.724+0000] {logging_mixin.py:190} INFO - [2025-03-04T06:58:18.724+0000] {dagbag.py:588} INFO - Filling up the DagBag from /home/airflow/.local/lib/python3.12/site-packages/airflow/example_dags/example_nested_branch_dag.py
[2025-03-04T06:58:18.735+0000] {processor.py:925} INFO - DAG(s) 'example_nested_branch_dag' retrieved from /home/airflow/.local/lib/python3.12/site-packages/airflow/example_dags/example_nested_branch_dag.py
[2025-03-04T06:58:18.756+0000] {logging_mixin.py:190} INFO - [2025-03-04T06:58:18.756+0000] {dag.py:3239} INFO - Sync 1 DAGs
[2025-03-04T06:58:18.777+0000] {logging_mixin.py:190} INFO - [2025-03-04T06:58:18.777+0000] {dag.py:4180} INFO - Setting next_dagrun for example_nested_branch_dag to 2025-03-03 00:00:00+00:00, run_after=2025-03-04 00:00:00+00:00
[2025-03-04T06:58:18.794+0000] {processor.py:208} INFO - Processing /home/airflow/.local/lib/python3.12/site-packages/airflow/example_dags/example_nested_branch_dag.py took 0.082 seconds
[2025-03-04T06:58:49.118+0000] {processor.py:186} INFO - Started process (PID=860) to work on /home/airflow/.local/lib/python3.12/site-packages/airflow/example_dags/example_nested_branch_dag.py
[2025-03-04T06:58:49.119+0000] {processor.py:914} INFO - Processing file /home/airflow/.local/lib/python3.12/site-packages/airflow/example_dags/example_nested_branch_dag.py for tasks to queue
[2025-03-04T06:58:49.122+0000] {logging_mixin.py:190} INFO - [2025-03-04T06:58:49.122+0000] {dagbag.py:588} INFO - Filling up the DagBag from /home/airflow/.local/lib/python3.12/site-packages/airflow/example_dags/example_nested_branch_dag.py
[2025-03-04T06:58:49.134+0000] {processor.py:925} INFO - DAG(s) 'example_nested_branch_dag' retrieved from /home/airflow/.local/lib/python3.12/site-packages/airflow/example_dags/example_nested_branch_dag.py
[2025-03-04T06:58:49.153+0000] {logging_mixin.py:190} INFO - [2025-03-04T06:58:49.153+0000] {dag.py:3239} INFO - Sync 1 DAGs
[2025-03-04T06:58:49.175+0000] {logging_mixin.py:190} INFO - [2025-03-04T06:58:49.175+0000] {dag.py:4180} INFO - Setting next_dagrun for example_nested_branch_dag to 2025-03-03 00:00:00+00:00, run_after=2025-03-04 00:00:00+00:00
[2025-03-04T06:58:49.191+0000] {processor.py:208} INFO - Processing /home/airflow/.local/lib/python3.12/site-packages/airflow/example_dags/example_nested_branch_dag.py took 0.079 seconds
[2025-03-04T06:59:19.283+0000] {processor.py:186} INFO - Started process (PID=936) to work on /home/airflow/.local/lib/python3.12/site-packages/airflow/example_dags/example_nested_branch_dag.py
[2025-03-04T06:59:19.285+0000] {processor.py:914} INFO - Processing file /home/airflow/.local/lib/python3.12/site-packages/airflow/example_dags/example_nested_branch_dag.py for tasks to queue
[2025-03-04T06:59:19.288+0000] {logging_mixin.py:190} INFO - [2025-03-04T06:59:19.288+0000] {dagbag.py:588} INFO - Filling up the DagBag from /home/airflow/.local/lib/python3.12/site-packages/airflow/example_dags/example_nested_branch_dag.py
[2025-03-04T06:59:19.298+0000] {processor.py:925} INFO - DAG(s) 'example_nested_branch_dag' retrieved from /home/airflow/.local/lib/python3.12/site-packages/airflow/example_dags/example_nested_branch_dag.py
[2025-03-04T06:59:19.319+0000] {logging_mixin.py:190} INFO - [2025-03-04T06:59:19.319+0000] {dag.py:3239} INFO - Sync 1 DAGs
[2025-03-04T06:59:19.339+0000] {logging_mixin.py:190} INFO - [2025-03-04T06:59:19.339+0000] {dag.py:4180} INFO - Setting next_dagrun for example_nested_branch_dag to 2025-03-03 00:00:00+00:00, run_after=2025-03-04 00:00:00+00:00
[2025-03-04T06:59:19.356+0000] {processor.py:208} INFO - Processing /home/airflow/.local/lib/python3.12/site-packages/airflow/example_dags/example_nested_branch_dag.py took 0.078 seconds
[2025-03-04T06:59:50.137+0000] {processor.py:186} INFO - Started process (PID=1019) to work on /home/airflow/.local/lib/python3.12/site-packages/airflow/example_dags/example_nested_branch_dag.py
[2025-03-04T06:59:50.141+0000] {processor.py:914} INFO - Processing file /home/airflow/.local/lib/python3.12/site-packages/airflow/example_dags/example_nested_branch_dag.py for tasks to queue
[2025-03-04T06:59:50.145+0000] {logging_mixin.py:190} INFO - [2025-03-04T06:59:50.144+0000] {dagbag.py:588} INFO - Filling up the DagBag from /home/airflow/.local/lib/python3.12/site-packages/airflow/example_dags/example_nested_branch_dag.py
[2025-03-04T06:59:50.156+0000] {processor.py:925} INFO - DAG(s) 'example_nested_branch_dag' retrieved from /home/airflow/.local/lib/python3.12/site-packages/airflow/example_dags/example_nested_branch_dag.py
[2025-03-04T06:59:50.176+0000] {logging_mixin.py:190} INFO - [2025-03-04T06:59:50.176+0000] {dag.py:3239} INFO - Sync 1 DAGs
[2025-03-04T06:59:50.202+0000] {logging_mixin.py:190} INFO - [2025-03-04T06:59:50.202+0000] {dag.py:4180} INFO - Setting next_dagrun for example_nested_branch_dag to 2025-03-03 00:00:00+00:00, run_after=2025-03-04 00:00:00+00:00
[2025-03-04T06:59:50.222+0000] {processor.py:208} INFO - Processing /home/airflow/.local/lib/python3.12/site-packages/airflow/example_dags/example_nested_branch_dag.py took 0.090 seconds
[2025-03-04T07:00:20.935+0000] {processor.py:186} INFO - Started process (PID=1095) to work on /home/airflow/.local/lib/python3.12/site-packages/airflow/example_dags/example_nested_branch_dag.py
[2025-03-04T07:00:20.937+0000] {processor.py:914} INFO - Processing file /home/airflow/.local/lib/python3.12/site-packages/airflow/example_dags/example_nested_branch_dag.py for tasks to queue
[2025-03-04T07:00:20.941+0000] {logging_mixin.py:190} INFO - [2025-03-04T07:00:20.941+0000] {dagbag.py:588} INFO - Filling up the DagBag from /home/airflow/.local/lib/python3.12/site-packages/airflow/example_dags/example_nested_branch_dag.py
[2025-03-04T07:00:20.953+0000] {processor.py:925} INFO - DAG(s) 'example_nested_branch_dag' retrieved from /home/airflow/.local/lib/python3.12/site-packages/airflow/example_dags/example_nested_branch_dag.py
[2025-03-04T07:00:20.978+0000] {logging_mixin.py:190} INFO - [2025-03-04T07:00:20.978+0000] {dag.py:3239} INFO - Sync 1 DAGs
[2025-03-04T07:00:21.005+0000] {logging_mixin.py:190} INFO - [2025-03-04T07:00:21.005+0000] {dag.py:4180} INFO - Setting next_dagrun for example_nested_branch_dag to 2025-03-03 00:00:00+00:00, run_after=2025-03-04 00:00:00+00:00
[2025-03-04T07:00:21.027+0000] {processor.py:208} INFO - Processing /home/airflow/.local/lib/python3.12/site-packages/airflow/example_dags/example_nested_branch_dag.py took 0.098 seconds
[2025-03-04T07:00:51.286+0000] {processor.py:186} INFO - Started process (PID=1182) to work on /home/airflow/.local/lib/python3.12/site-packages/airflow/example_dags/example_nested_branch_dag.py
[2025-03-04T07:00:51.288+0000] {processor.py:914} INFO - Processing file /home/airflow/.local/lib/python3.12/site-packages/airflow/example_dags/example_nested_branch_dag.py for tasks to queue
[2025-03-04T07:00:51.289+0000] {logging_mixin.py:190} INFO - [2025-03-04T07:00:51.289+0000] {dagbag.py:588} INFO - Filling up the DagBag from /home/airflow/.local/lib/python3.12/site-packages/airflow/example_dags/example_nested_branch_dag.py
[2025-03-04T07:00:51.300+0000] {processor.py:925} INFO - DAG(s) 'example_nested_branch_dag' retrieved from /home/airflow/.local/lib/python3.12/site-packages/airflow/example_dags/example_nested_branch_dag.py
[2025-03-04T07:00:51.321+0000] {logging_mixin.py:190} INFO - [2025-03-04T07:00:51.321+0000] {dag.py:3239} INFO - Sync 1 DAGs
[2025-03-04T07:00:51.345+0000] {logging_mixin.py:190} INFO - [2025-03-04T07:00:51.345+0000] {dag.py:4180} INFO - Setting next_dagrun for example_nested_branch_dag to 2025-03-03 00:00:00+00:00, run_after=2025-03-04 00:00:00+00:00
[2025-03-04T07:00:51.363+0000] {processor.py:208} INFO - Processing /home/airflow/.local/lib/python3.12/site-packages/airflow/example_dags/example_nested_branch_dag.py took 0.082 seconds
[2025-03-04T07:01:21.937+0000] {processor.py:186} INFO - Started process (PID=1259) to work on /home/airflow/.local/lib/python3.12/site-packages/airflow/example_dags/example_nested_branch_dag.py
[2025-03-04T07:01:21.938+0000] {processor.py:914} INFO - Processing file /home/airflow/.local/lib/python3.12/site-packages/airflow/example_dags/example_nested_branch_dag.py for tasks to queue
[2025-03-04T07:01:21.940+0000] {logging_mixin.py:190} INFO - [2025-03-04T07:01:21.939+0000] {dagbag.py:588} INFO - Filling up the DagBag from /home/airflow/.local/lib/python3.12/site-packages/airflow/example_dags/example_nested_branch_dag.py
[2025-03-04T07:01:21.951+0000] {processor.py:925} INFO - DAG(s) 'example_nested_branch_dag' retrieved from /home/airflow/.local/lib/python3.12/site-packages/airflow/example_dags/example_nested_branch_dag.py
[2025-03-04T07:01:21.973+0000] {logging_mixin.py:190} INFO - [2025-03-04T07:01:21.973+0000] {dag.py:3239} INFO - Sync 1 DAGs
[2025-03-04T07:01:21.996+0000] {logging_mixin.py:190} INFO - [2025-03-04T07:01:21.995+0000] {dag.py:4180} INFO - Setting next_dagrun for example_nested_branch_dag to 2025-03-03 00:00:00+00:00, run_after=2025-03-04 00:00:00+00:00
[2025-03-04T07:01:22.018+0000] {processor.py:208} INFO - Processing /home/airflow/.local/lib/python3.12/site-packages/airflow/example_dags/example_nested_branch_dag.py took 0.087 seconds
[2025-03-04T07:01:52.380+0000] {processor.py:186} INFO - Started process (PID=1342) to work on /home/airflow/.local/lib/python3.12/site-packages/airflow/example_dags/example_nested_branch_dag.py
[2025-03-04T07:01:52.381+0000] {processor.py:914} INFO - Processing file /home/airflow/.local/lib/python3.12/site-packages/airflow/example_dags/example_nested_branch_dag.py for tasks to queue
[2025-03-04T07:01:52.382+0000] {logging_mixin.py:190} INFO - [2025-03-04T07:01:52.382+0000] {dagbag.py:588} INFO - Filling up the DagBag from /home/airflow/.local/lib/python3.12/site-packages/airflow/example_dags/example_nested_branch_dag.py
[2025-03-04T07:01:52.392+0000] {processor.py:925} INFO - DAG(s) 'example_nested_branch_dag' retrieved from /home/airflow/.local/lib/python3.12/site-packages/airflow/example_dags/example_nested_branch_dag.py
[2025-03-04T07:01:52.412+0000] {logging_mixin.py:190} INFO - [2025-03-04T07:01:52.412+0000] {dag.py:3239} INFO - Sync 1 DAGs
[2025-03-04T07:01:52.433+0000] {logging_mixin.py:190} INFO - [2025-03-04T07:01:52.433+0000] {dag.py:4180} INFO - Setting next_dagrun for example_nested_branch_dag to 2025-03-03 00:00:00+00:00, run_after=2025-03-04 00:00:00+00:00
[2025-03-04T07:01:52.454+0000] {processor.py:208} INFO - Processing /home/airflow/.local/lib/python3.12/site-packages/airflow/example_dags/example_nested_branch_dag.py took 0.079 seconds
[2025-03-04T07:02:23.101+0000] {processor.py:186} INFO - Started process (PID=1418) to work on /home/airflow/.local/lib/python3.12/site-packages/airflow/example_dags/example_nested_branch_dag.py
[2025-03-04T07:02:23.103+0000] {processor.py:914} INFO - Processing file /home/airflow/.local/lib/python3.12/site-packages/airflow/example_dags/example_nested_branch_dag.py for tasks to queue
[2025-03-04T07:02:23.105+0000] {logging_mixin.py:190} INFO - [2025-03-04T07:02:23.105+0000] {dagbag.py:588} INFO - Filling up the DagBag from /home/airflow/.local/lib/python3.12/site-packages/airflow/example_dags/example_nested_branch_dag.py
[2025-03-04T07:02:23.120+0000] {processor.py:925} INFO - DAG(s) 'example_nested_branch_dag' retrieved from /home/airflow/.local/lib/python3.12/site-packages/airflow/example_dags/example_nested_branch_dag.py
[2025-03-04T07:02:23.136+0000] {logging_mixin.py:190} INFO - [2025-03-04T07:02:23.135+0000] {dag.py:3239} INFO - Sync 1 DAGs
[2025-03-04T07:02:23.153+0000] {logging_mixin.py:190} INFO - [2025-03-04T07:02:23.153+0000] {dag.py:4180} INFO - Setting next_dagrun for example_nested_branch_dag to 2025-03-03 00:00:00+00:00, run_after=2025-03-04 00:00:00+00:00
[2025-03-04T07:02:23.166+0000] {processor.py:208} INFO - Processing /home/airflow/.local/lib/python3.12/site-packages/airflow/example_dags/example_nested_branch_dag.py took 0.069 seconds
[2025-03-04T07:02:53.659+0000] {processor.py:186} INFO - Started process (PID=1505) to work on /home/airflow/.local/lib/python3.12/site-packages/airflow/example_dags/example_nested_branch_dag.py
[2025-03-04T07:02:53.660+0000] {processor.py:914} INFO - Processing file /home/airflow/.local/lib/python3.12/site-packages/airflow/example_dags/example_nested_branch_dag.py for tasks to queue
[2025-03-04T07:02:53.661+0000] {logging_mixin.py:190} INFO - [2025-03-04T07:02:53.661+0000] {dagbag.py:588} INFO - Filling up the DagBag from /home/airflow/.local/lib/python3.12/site-packages/airflow/example_dags/example_nested_branch_dag.py
[2025-03-04T07:02:53.674+0000] {processor.py:925} INFO - DAG(s) 'example_nested_branch_dag' retrieved from /home/airflow/.local/lib/python3.12/site-packages/airflow/example_dags/example_nested_branch_dag.py
[2025-03-04T07:02:53.695+0000] {logging_mixin.py:190} INFO - [2025-03-04T07:02:53.695+0000] {dag.py:3239} INFO - Sync 1 DAGs
[2025-03-04T07:02:53.717+0000] {logging_mixin.py:190} INFO - [2025-03-04T07:02:53.717+0000] {dag.py:4180} INFO - Setting next_dagrun for example_nested_branch_dag to 2025-03-03 00:00:00+00:00, run_after=2025-03-04 00:00:00+00:00
[2025-03-04T07:02:53.744+0000] {processor.py:208} INFO - Processing /home/airflow/.local/lib/python3.12/site-packages/airflow/example_dags/example_nested_branch_dag.py took 0.091 seconds
[2025-03-04T07:03:23.844+0000] {processor.py:186} INFO - Started process (PID=1581) to work on /home/airflow/.local/lib/python3.12/site-packages/airflow/example_dags/example_nested_branch_dag.py
[2025-03-04T07:03:23.845+0000] {processor.py:914} INFO - Processing file /home/airflow/.local/lib/python3.12/site-packages/airflow/example_dags/example_nested_branch_dag.py for tasks to queue
[2025-03-04T07:03:23.846+0000] {logging_mixin.py:190} INFO - [2025-03-04T07:03:23.846+0000] {dagbag.py:588} INFO - Filling up the DagBag from /home/airflow/.local/lib/python3.12/site-packages/airflow/example_dags/example_nested_branch_dag.py
[2025-03-04T07:03:23.855+0000] {processor.py:925} INFO - DAG(s) 'example_nested_branch_dag' retrieved from /home/airflow/.local/lib/python3.12/site-packages/airflow/example_dags/example_nested_branch_dag.py
[2025-03-04T07:03:23.872+0000] {logging_mixin.py:190} INFO - [2025-03-04T07:03:23.872+0000] {dag.py:3239} INFO - Sync 1 DAGs
[2025-03-04T07:03:23.891+0000] {logging_mixin.py:190} INFO - [2025-03-04T07:03:23.891+0000] {dag.py:4180} INFO - Setting next_dagrun for example_nested_branch_dag to 2025-03-03 00:00:00+00:00, run_after=2025-03-04 00:00:00+00:00
[2025-03-04T07:03:23.907+0000] {processor.py:208} INFO - Processing /home/airflow/.local/lib/python3.12/site-packages/airflow/example_dags/example_nested_branch_dag.py took 0.067 seconds
[2025-03-04T07:03:54.102+0000] {processor.py:186} INFO - Started process (PID=1656) to work on /home/airflow/.local/lib/python3.12/site-packages/airflow/example_dags/example_nested_branch_dag.py
[2025-03-04T07:03:54.103+0000] {processor.py:914} INFO - Processing file /home/airflow/.local/lib/python3.12/site-packages/airflow/example_dags/example_nested_branch_dag.py for tasks to queue
[2025-03-04T07:03:54.104+0000] {logging_mixin.py:190} INFO - [2025-03-04T07:03:54.104+0000] {dagbag.py:588} INFO - Filling up the DagBag from /home/airflow/.local/lib/python3.12/site-packages/airflow/example_dags/example_nested_branch_dag.py
[2025-03-04T07:03:54.113+0000] {processor.py:925} INFO - DAG(s) 'example_nested_branch_dag' retrieved from /home/airflow/.local/lib/python3.12/site-packages/airflow/example_dags/example_nested_branch_dag.py
[2025-03-04T07:03:54.129+0000] {logging_mixin.py:190} INFO - [2025-03-04T07:03:54.129+0000] {dag.py:3239} INFO - Sync 1 DAGs
[2025-03-04T07:03:54.146+0000] {logging_mixin.py:190} INFO - [2025-03-04T07:03:54.146+0000] {dag.py:4180} INFO - Setting next_dagrun for example_nested_branch_dag to 2025-03-03 00:00:00+00:00, run_after=2025-03-04 00:00:00+00:00
[2025-03-04T07:03:54.163+0000] {processor.py:208} INFO - Processing /home/airflow/.local/lib/python3.12/site-packages/airflow/example_dags/example_nested_branch_dag.py took 0.065 seconds
[2025-03-04T07:04:24.252+0000] {processor.py:186} INFO - Started process (PID=1739) to work on /home/airflow/.local/lib/python3.12/site-packages/airflow/example_dags/example_nested_branch_dag.py
[2025-03-04T07:04:24.253+0000] {processor.py:914} INFO - Processing file /home/airflow/.local/lib/python3.12/site-packages/airflow/example_dags/example_nested_branch_dag.py for tasks to queue
[2025-03-04T07:04:24.255+0000] {logging_mixin.py:190} INFO - [2025-03-04T07:04:24.254+0000] {dagbag.py:588} INFO - Filling up the DagBag from /home/airflow/.local/lib/python3.12/site-packages/airflow/example_dags/example_nested_branch_dag.py
[2025-03-04T07:04:24.265+0000] {processor.py:925} INFO - DAG(s) 'example_nested_branch_dag' retrieved from /home/airflow/.local/lib/python3.12/site-packages/airflow/example_dags/example_nested_branch_dag.py
[2025-03-04T07:04:24.284+0000] {logging_mixin.py:190} INFO - [2025-03-04T07:04:24.284+0000] {dag.py:3239} INFO - Sync 1 DAGs
[2025-03-04T07:04:24.303+0000] {logging_mixin.py:190} INFO - [2025-03-04T07:04:24.303+0000] {dag.py:4180} INFO - Setting next_dagrun for example_nested_branch_dag to 2025-03-03 00:00:00+00:00, run_after=2025-03-04 00:00:00+00:00
[2025-03-04T07:04:24.322+0000] {processor.py:208} INFO - Processing /home/airflow/.local/lib/python3.12/site-packages/airflow/example_dags/example_nested_branch_dag.py took 0.075 seconds
[2025-03-04T07:04:54.433+0000] {processor.py:186} INFO - Started process (PID=1813) to work on /home/airflow/.local/lib/python3.12/site-packages/airflow/example_dags/example_nested_branch_dag.py
[2025-03-04T07:04:54.434+0000] {processor.py:914} INFO - Processing file /home/airflow/.local/lib/python3.12/site-packages/airflow/example_dags/example_nested_branch_dag.py for tasks to queue
[2025-03-04T07:04:54.435+0000] {logging_mixin.py:190} INFO - [2025-03-04T07:04:54.435+0000] {dagbag.py:588} INFO - Filling up the DagBag from /home/airflow/.local/lib/python3.12/site-packages/airflow/example_dags/example_nested_branch_dag.py
[2025-03-04T07:04:54.445+0000] {processor.py:925} INFO - DAG(s) 'example_nested_branch_dag' retrieved from /home/airflow/.local/lib/python3.12/site-packages/airflow/example_dags/example_nested_branch_dag.py
[2025-03-04T07:04:54.461+0000] {logging_mixin.py:190} INFO - [2025-03-04T07:04:54.461+0000] {dag.py:3239} INFO - Sync 1 DAGs
[2025-03-04T07:04:54.479+0000] {logging_mixin.py:190} INFO - [2025-03-04T07:04:54.479+0000] {dag.py:4180} INFO - Setting next_dagrun for example_nested_branch_dag to 2025-03-03 00:00:00+00:00, run_after=2025-03-04 00:00:00+00:00
[2025-03-04T07:04:54.496+0000] {processor.py:208} INFO - Processing /home/airflow/.local/lib/python3.12/site-packages/airflow/example_dags/example_nested_branch_dag.py took 0.067 seconds
[2025-03-04T07:05:24.835+0000] {processor.py:186} INFO - Started process (PID=1895) to work on /home/airflow/.local/lib/python3.12/site-packages/airflow/example_dags/example_nested_branch_dag.py
[2025-03-04T07:05:24.836+0000] {processor.py:914} INFO - Processing file /home/airflow/.local/lib/python3.12/site-packages/airflow/example_dags/example_nested_branch_dag.py for tasks to queue
[2025-03-04T07:05:24.837+0000] {logging_mixin.py:190} INFO - [2025-03-04T07:05:24.837+0000] {dagbag.py:588} INFO - Filling up the DagBag from /home/airflow/.local/lib/python3.12/site-packages/airflow/example_dags/example_nested_branch_dag.py
[2025-03-04T07:05:24.846+0000] {processor.py:925} INFO - DAG(s) 'example_nested_branch_dag' retrieved from /home/airflow/.local/lib/python3.12/site-packages/airflow/example_dags/example_nested_branch_dag.py
[2025-03-04T07:05:24.865+0000] {logging_mixin.py:190} INFO - [2025-03-04T07:05:24.865+0000] {dag.py:3239} INFO - Sync 1 DAGs
[2025-03-04T07:05:24.882+0000] {logging_mixin.py:190} INFO - [2025-03-04T07:05:24.882+0000] {dag.py:4180} INFO - Setting next_dagrun for example_nested_branch_dag to 2025-03-03 00:00:00+00:00, run_after=2025-03-04 00:00:00+00:00
[2025-03-04T07:05:24.897+0000] {processor.py:208} INFO - Processing /home/airflow/.local/lib/python3.12/site-packages/airflow/example_dags/example_nested_branch_dag.py took 0.070 seconds
[2025-03-04T07:05:55.104+0000] {processor.py:186} INFO - Started process (PID=1969) to work on /home/airflow/.local/lib/python3.12/site-packages/airflow/example_dags/example_nested_branch_dag.py
[2025-03-04T07:05:55.105+0000] {processor.py:914} INFO - Processing file /home/airflow/.local/lib/python3.12/site-packages/airflow/example_dags/example_nested_branch_dag.py for tasks to queue
[2025-03-04T07:05:55.107+0000] {logging_mixin.py:190} INFO - [2025-03-04T07:05:55.106+0000] {dagbag.py:588} INFO - Filling up the DagBag from /home/airflow/.local/lib/python3.12/site-packages/airflow/example_dags/example_nested_branch_dag.py
[2025-03-04T07:05:55.118+0000] {processor.py:925} INFO - DAG(s) 'example_nested_branch_dag' retrieved from /home/airflow/.local/lib/python3.12/site-packages/airflow/example_dags/example_nested_branch_dag.py
[2025-03-04T07:05:55.138+0000] {logging_mixin.py:190} INFO - [2025-03-04T07:05:55.137+0000] {dag.py:3239} INFO - Sync 1 DAGs
[2025-03-04T07:05:55.158+0000] {logging_mixin.py:190} INFO - [2025-03-04T07:05:55.158+0000] {dag.py:4180} INFO - Setting next_dagrun for example_nested_branch_dag to 2025-03-03 00:00:00+00:00, run_after=2025-03-04 00:00:00+00:00
[2025-03-04T07:05:55.177+0000] {processor.py:208} INFO - Processing /home/airflow/.local/lib/python3.12/site-packages/airflow/example_dags/example_nested_branch_dag.py took 0.077 seconds
[2025-03-04T07:06:25.618+0000] {processor.py:186} INFO - Started process (PID=2051) to work on /home/airflow/.local/lib/python3.12/site-packages/airflow/example_dags/example_nested_branch_dag.py
[2025-03-04T07:06:25.620+0000] {processor.py:914} INFO - Processing file /home/airflow/.local/lib/python3.12/site-packages/airflow/example_dags/example_nested_branch_dag.py for tasks to queue
[2025-03-04T07:06:25.622+0000] {logging_mixin.py:190} INFO - [2025-03-04T07:06:25.621+0000] {dagbag.py:588} INFO - Filling up the DagBag from /home/airflow/.local/lib/python3.12/site-packages/airflow/example_dags/example_nested_branch_dag.py
[2025-03-04T07:06:25.638+0000] {processor.py:925} INFO - DAG(s) 'example_nested_branch_dag' retrieved from /home/airflow/.local/lib/python3.12/site-packages/airflow/example_dags/example_nested_branch_dag.py
[2025-03-04T07:06:25.667+0000] {logging_mixin.py:190} INFO - [2025-03-04T07:06:25.666+0000] {dag.py:3239} INFO - Sync 1 DAGs
[2025-03-04T07:06:25.695+0000] {logging_mixin.py:190} INFO - [2025-03-04T07:06:25.695+0000] {dag.py:4180} INFO - Setting next_dagrun for example_nested_branch_dag to 2025-03-03 00:00:00+00:00, run_after=2025-03-04 00:00:00+00:00
[2025-03-04T07:06:25.722+0000] {processor.py:208} INFO - Processing /home/airflow/.local/lib/python3.12/site-packages/airflow/example_dags/example_nested_branch_dag.py took 0.111 seconds
[2025-03-04T07:06:55.934+0000] {processor.py:186} INFO - Started process (PID=2125) to work on /home/airflow/.local/lib/python3.12/site-packages/airflow/example_dags/example_nested_branch_dag.py
[2025-03-04T07:06:55.935+0000] {processor.py:914} INFO - Processing file /home/airflow/.local/lib/python3.12/site-packages/airflow/example_dags/example_nested_branch_dag.py for tasks to queue
[2025-03-04T07:06:55.936+0000] {logging_mixin.py:190} INFO - [2025-03-04T07:06:55.936+0000] {dagbag.py:588} INFO - Filling up the DagBag from /home/airflow/.local/lib/python3.12/site-packages/airflow/example_dags/example_nested_branch_dag.py
[2025-03-04T07:06:55.944+0000] {processor.py:925} INFO - DAG(s) 'example_nested_branch_dag' retrieved from /home/airflow/.local/lib/python3.12/site-packages/airflow/example_dags/example_nested_branch_dag.py
[2025-03-04T07:06:55.962+0000] {logging_mixin.py:190} INFO - [2025-03-04T07:06:55.962+0000] {dag.py:3239} INFO - Sync 1 DAGs
[2025-03-04T07:06:55.980+0000] {logging_mixin.py:190} INFO - [2025-03-04T07:06:55.980+0000] {dag.py:4180} INFO - Setting next_dagrun for example_nested_branch_dag to 2025-03-03 00:00:00+00:00, run_after=2025-03-04 00:00:00+00:00
[2025-03-04T07:06:55.995+0000] {processor.py:208} INFO - Processing /home/airflow/.local/lib/python3.12/site-packages/airflow/example_dags/example_nested_branch_dag.py took 0.066 seconds
[2025-03-04T07:07:26.212+0000] {processor.py:186} INFO - Started process (PID=2206) to work on /home/airflow/.local/lib/python3.12/site-packages/airflow/example_dags/example_nested_branch_dag.py
[2025-03-04T07:07:26.213+0000] {processor.py:914} INFO - Processing file /home/airflow/.local/lib/python3.12/site-packages/airflow/example_dags/example_nested_branch_dag.py for tasks to queue
[2025-03-04T07:07:26.214+0000] {logging_mixin.py:190} INFO - [2025-03-04T07:07:26.213+0000] {dagbag.py:588} INFO - Filling up the DagBag from /home/airflow/.local/lib/python3.12/site-packages/airflow/example_dags/example_nested_branch_dag.py
[2025-03-04T07:07:26.225+0000] {processor.py:925} INFO - DAG(s) 'example_nested_branch_dag' retrieved from /home/airflow/.local/lib/python3.12/site-packages/airflow/example_dags/example_nested_branch_dag.py
[2025-03-04T07:07:26.246+0000] {logging_mixin.py:190} INFO - [2025-03-04T07:07:26.245+0000] {dag.py:3239} INFO - Sync 1 DAGs
[2025-03-04T07:07:26.267+0000] {logging_mixin.py:190} INFO - [2025-03-04T07:07:26.266+0000] {dag.py:4180} INFO - Setting next_dagrun for example_nested_branch_dag to 2025-03-03 00:00:00+00:00, run_after=2025-03-04 00:00:00+00:00
[2025-03-04T07:07:26.283+0000] {processor.py:208} INFO - Processing /home/airflow/.local/lib/python3.12/site-packages/airflow/example_dags/example_nested_branch_dag.py took 0.076 seconds
[2025-03-04T07:07:56.607+0000] {processor.py:186} INFO - Started process (PID=2281) to work on /home/airflow/.local/lib/python3.12/site-packages/airflow/example_dags/example_nested_branch_dag.py
[2025-03-04T07:07:56.608+0000] {processor.py:914} INFO - Processing file /home/airflow/.local/lib/python3.12/site-packages/airflow/example_dags/example_nested_branch_dag.py for tasks to queue
[2025-03-04T07:07:56.609+0000] {logging_mixin.py:190} INFO - [2025-03-04T07:07:56.609+0000] {dagbag.py:588} INFO - Filling up the DagBag from /home/airflow/.local/lib/python3.12/site-packages/airflow/example_dags/example_nested_branch_dag.py
[2025-03-04T07:07:56.618+0000] {processor.py:925} INFO - DAG(s) 'example_nested_branch_dag' retrieved from /home/airflow/.local/lib/python3.12/site-packages/airflow/example_dags/example_nested_branch_dag.py
[2025-03-04T07:07:56.635+0000] {logging_mixin.py:190} INFO - [2025-03-04T07:07:56.635+0000] {dag.py:3239} INFO - Sync 1 DAGs
[2025-03-04T07:07:56.654+0000] {logging_mixin.py:190} INFO - [2025-03-04T07:07:56.654+0000] {dag.py:4180} INFO - Setting next_dagrun for example_nested_branch_dag to 2025-03-03 00:00:00+00:00, run_after=2025-03-04 00:00:00+00:00
[2025-03-04T07:07:56.669+0000] {processor.py:208} INFO - Processing /home/airflow/.local/lib/python3.12/site-packages/airflow/example_dags/example_nested_branch_dag.py took 0.066 seconds
[2025-03-04T07:08:27.436+0000] {processor.py:186} INFO - Started process (PID=2362) to work on /home/airflow/.local/lib/python3.12/site-packages/airflow/example_dags/example_nested_branch_dag.py
[2025-03-04T07:08:27.437+0000] {processor.py:914} INFO - Processing file /home/airflow/.local/lib/python3.12/site-packages/airflow/example_dags/example_nested_branch_dag.py for tasks to queue
[2025-03-04T07:08:27.439+0000] {logging_mixin.py:190} INFO - [2025-03-04T07:08:27.439+0000] {dagbag.py:588} INFO - Filling up the DagBag from /home/airflow/.local/lib/python3.12/site-packages/airflow/example_dags/example_nested_branch_dag.py
[2025-03-04T07:08:27.451+0000] {processor.py:925} INFO - DAG(s) 'example_nested_branch_dag' retrieved from /home/airflow/.local/lib/python3.12/site-packages/airflow/example_dags/example_nested_branch_dag.py
[2025-03-04T07:08:27.470+0000] {logging_mixin.py:190} INFO - [2025-03-04T07:08:27.469+0000] {dag.py:3239} INFO - Sync 1 DAGs
[2025-03-04T07:08:27.490+0000] {logging_mixin.py:190} INFO - [2025-03-04T07:08:27.489+0000] {dag.py:4180} INFO - Setting next_dagrun for example_nested_branch_dag to 2025-03-03 00:00:00+00:00, run_after=2025-03-04 00:00:00+00:00
[2025-03-04T07:08:27.513+0000] {processor.py:208} INFO - Processing /home/airflow/.local/lib/python3.12/site-packages/airflow/example_dags/example_nested_branch_dag.py took 0.081 seconds
[2025-03-04T07:08:58.012+0000] {processor.py:186} INFO - Started process (PID=2438) to work on /home/airflow/.local/lib/python3.12/site-packages/airflow/example_dags/example_nested_branch_dag.py
[2025-03-04T07:08:58.013+0000] {processor.py:914} INFO - Processing file /home/airflow/.local/lib/python3.12/site-packages/airflow/example_dags/example_nested_branch_dag.py for tasks to queue
[2025-03-04T07:08:58.015+0000] {logging_mixin.py:190} INFO - [2025-03-04T07:08:58.015+0000] {dagbag.py:588} INFO - Filling up the DagBag from /home/airflow/.local/lib/python3.12/site-packages/airflow/example_dags/example_nested_branch_dag.py
[2025-03-04T07:08:58.029+0000] {processor.py:925} INFO - DAG(s) 'example_nested_branch_dag' retrieved from /home/airflow/.local/lib/python3.12/site-packages/airflow/example_dags/example_nested_branch_dag.py
[2025-03-04T07:08:58.054+0000] {logging_mixin.py:190} INFO - [2025-03-04T07:08:58.054+0000] {dag.py:3239} INFO - Sync 1 DAGs
[2025-03-04T07:08:58.079+0000] {logging_mixin.py:190} INFO - [2025-03-04T07:08:58.079+0000] {dag.py:4180} INFO - Setting next_dagrun for example_nested_branch_dag to 2025-03-03 00:00:00+00:00, run_after=2025-03-04 00:00:00+00:00
[2025-03-04T07:08:58.102+0000] {processor.py:208} INFO - Processing /home/airflow/.local/lib/python3.12/site-packages/airflow/example_dags/example_nested_branch_dag.py took 0.097 seconds
[2025-03-04T07:09:28.600+0000] {processor.py:186} INFO - Started process (PID=2512) to work on /home/airflow/.local/lib/python3.12/site-packages/airflow/example_dags/example_nested_branch_dag.py
[2025-03-04T07:09:28.602+0000] {processor.py:914} INFO - Processing file /home/airflow/.local/lib/python3.12/site-packages/airflow/example_dags/example_nested_branch_dag.py for tasks to queue
[2025-03-04T07:09:28.604+0000] {logging_mixin.py:190} INFO - [2025-03-04T07:09:28.603+0000] {dagbag.py:588} INFO - Filling up the DagBag from /home/airflow/.local/lib/python3.12/site-packages/airflow/example_dags/example_nested_branch_dag.py
[2025-03-04T07:09:28.624+0000] {processor.py:925} INFO - DAG(s) 'example_nested_branch_dag' retrieved from /home/airflow/.local/lib/python3.12/site-packages/airflow/example_dags/example_nested_branch_dag.py
[2025-03-04T07:09:28.660+0000] {logging_mixin.py:190} INFO - [2025-03-04T07:09:28.659+0000] {dag.py:3239} INFO - Sync 1 DAGs
[2025-03-04T07:09:28.703+0000] {logging_mixin.py:190} INFO - [2025-03-04T07:09:28.703+0000] {dag.py:4180} INFO - Setting next_dagrun for example_nested_branch_dag to 2025-03-03 00:00:00+00:00, run_after=2025-03-04 00:00:00+00:00
[2025-03-04T07:09:28.733+0000] {processor.py:208} INFO - Processing /home/airflow/.local/lib/python3.12/site-packages/airflow/example_dags/example_nested_branch_dag.py took 0.139 seconds
[2025-03-04T07:09:59.194+0000] {processor.py:186} INFO - Started process (PID=2594) to work on /home/airflow/.local/lib/python3.12/site-packages/airflow/example_dags/example_nested_branch_dag.py
[2025-03-04T07:09:59.195+0000] {processor.py:914} INFO - Processing file /home/airflow/.local/lib/python3.12/site-packages/airflow/example_dags/example_nested_branch_dag.py for tasks to queue
[2025-03-04T07:09:59.197+0000] {logging_mixin.py:190} INFO - [2025-03-04T07:09:59.197+0000] {dagbag.py:588} INFO - Filling up the DagBag from /home/airflow/.local/lib/python3.12/site-packages/airflow/example_dags/example_nested_branch_dag.py
[2025-03-04T07:09:59.209+0000] {processor.py:925} INFO - DAG(s) 'example_nested_branch_dag' retrieved from /home/airflow/.local/lib/python3.12/site-packages/airflow/example_dags/example_nested_branch_dag.py
[2025-03-04T07:09:59.231+0000] {logging_mixin.py:190} INFO - [2025-03-04T07:09:59.231+0000] {dag.py:3239} INFO - Sync 1 DAGs
[2025-03-04T07:09:59.258+0000] {logging_mixin.py:190} INFO - [2025-03-04T07:09:59.258+0000] {dag.py:4180} INFO - Setting next_dagrun for example_nested_branch_dag to 2025-03-03 00:00:00+00:00, run_after=2025-03-04 00:00:00+00:00
[2025-03-04T07:09:59.276+0000] {processor.py:208} INFO - Processing /home/airflow/.local/lib/python3.12/site-packages/airflow/example_dags/example_nested_branch_dag.py took 0.088 seconds
[2025-03-04T07:10:29.547+0000] {processor.py:186} INFO - Started process (PID=2667) to work on /home/airflow/.local/lib/python3.12/site-packages/airflow/example_dags/example_nested_branch_dag.py
[2025-03-04T07:10:29.549+0000] {processor.py:914} INFO - Processing file /home/airflow/.local/lib/python3.12/site-packages/airflow/example_dags/example_nested_branch_dag.py for tasks to queue
[2025-03-04T07:10:29.554+0000] {logging_mixin.py:190} INFO - [2025-03-04T07:10:29.554+0000] {dagbag.py:588} INFO - Filling up the DagBag from /home/airflow/.local/lib/python3.12/site-packages/airflow/example_dags/example_nested_branch_dag.py
[2025-03-04T07:10:29.569+0000] {processor.py:925} INFO - DAG(s) 'example_nested_branch_dag' retrieved from /home/airflow/.local/lib/python3.12/site-packages/airflow/example_dags/example_nested_branch_dag.py
[2025-03-04T07:10:29.593+0000] {logging_mixin.py:190} INFO - [2025-03-04T07:10:29.593+0000] {dag.py:3239} INFO - Sync 1 DAGs
[2025-03-04T07:10:29.616+0000] {logging_mixin.py:190} INFO - [2025-03-04T07:10:29.616+0000] {dag.py:4180} INFO - Setting next_dagrun for example_nested_branch_dag to 2025-03-03 00:00:00+00:00, run_after=2025-03-04 00:00:00+00:00
[2025-03-04T07:10:29.639+0000] {processor.py:208} INFO - Processing /home/airflow/.local/lib/python3.12/site-packages/airflow/example_dags/example_nested_branch_dag.py took 0.098 seconds
[2025-03-04T07:10:59.793+0000] {processor.py:186} INFO - Started process (PID=2748) to work on /home/airflow/.local/lib/python3.12/site-packages/airflow/example_dags/example_nested_branch_dag.py
[2025-03-04T07:10:59.794+0000] {processor.py:914} INFO - Processing file /home/airflow/.local/lib/python3.12/site-packages/airflow/example_dags/example_nested_branch_dag.py for tasks to queue
[2025-03-04T07:10:59.795+0000] {logging_mixin.py:190} INFO - [2025-03-04T07:10:59.795+0000] {dagbag.py:588} INFO - Filling up the DagBag from /home/airflow/.local/lib/python3.12/site-packages/airflow/example_dags/example_nested_branch_dag.py
[2025-03-04T07:10:59.805+0000] {processor.py:925} INFO - DAG(s) 'example_nested_branch_dag' retrieved from /home/airflow/.local/lib/python3.12/site-packages/airflow/example_dags/example_nested_branch_dag.py
[2025-03-04T07:10:59.823+0000] {logging_mixin.py:190} INFO - [2025-03-04T07:10:59.823+0000] {dag.py:3239} INFO - Sync 1 DAGs
[2025-03-04T07:10:59.842+0000] {logging_mixin.py:190} INFO - [2025-03-04T07:10:59.842+0000] {dag.py:4180} INFO - Setting next_dagrun for example_nested_branch_dag to 2025-03-03 00:00:00+00:00, run_after=2025-03-04 00:00:00+00:00
[2025-03-04T07:10:59.859+0000] {processor.py:208} INFO - Processing /home/airflow/.local/lib/python3.12/site-packages/airflow/example_dags/example_nested_branch_dag.py took 0.071 seconds
[2025-03-04T07:11:30.240+0000] {processor.py:186} INFO - Started process (PID=2823) to work on /home/airflow/.local/lib/python3.12/site-packages/airflow/example_dags/example_nested_branch_dag.py
[2025-03-04T07:11:30.241+0000] {processor.py:914} INFO - Processing file /home/airflow/.local/lib/python3.12/site-packages/airflow/example_dags/example_nested_branch_dag.py for tasks to queue
[2025-03-04T07:11:30.243+0000] {logging_mixin.py:190} INFO - [2025-03-04T07:11:30.243+0000] {dagbag.py:588} INFO - Filling up the DagBag from /home/airflow/.local/lib/python3.12/site-packages/airflow/example_dags/example_nested_branch_dag.py
[2025-03-04T07:11:30.255+0000] {processor.py:925} INFO - DAG(s) 'example_nested_branch_dag' retrieved from /home/airflow/.local/lib/python3.12/site-packages/airflow/example_dags/example_nested_branch_dag.py
[2025-03-04T07:11:30.276+0000] {logging_mixin.py:190} INFO - [2025-03-04T07:11:30.276+0000] {dag.py:3239} INFO - Sync 1 DAGs
[2025-03-04T07:11:30.303+0000] {logging_mixin.py:190} INFO - [2025-03-04T07:11:30.302+0000] {dag.py:4180} INFO - Setting next_dagrun for example_nested_branch_dag to 2025-03-03 00:00:00+00:00, run_after=2025-03-04 00:00:00+00:00
[2025-03-04T07:11:30.319+0000] {processor.py:208} INFO - Processing /home/airflow/.local/lib/python3.12/site-packages/airflow/example_dags/example_nested_branch_dag.py took 0.084 seconds
[2025-03-04T07:12:01.028+0000] {processor.py:186} INFO - Started process (PID=2896) to work on /home/airflow/.local/lib/python3.12/site-packages/airflow/example_dags/example_nested_branch_dag.py
[2025-03-04T07:12:01.030+0000] {processor.py:914} INFO - Processing file /home/airflow/.local/lib/python3.12/site-packages/airflow/example_dags/example_nested_branch_dag.py for tasks to queue
[2025-03-04T07:12:01.031+0000] {logging_mixin.py:190} INFO - [2025-03-04T07:12:01.031+0000] {dagbag.py:588} INFO - Filling up the DagBag from /home/airflow/.local/lib/python3.12/site-packages/airflow/example_dags/example_nested_branch_dag.py
[2025-03-04T07:12:01.042+0000] {processor.py:925} INFO - DAG(s) 'example_nested_branch_dag' retrieved from /home/airflow/.local/lib/python3.12/site-packages/airflow/example_dags/example_nested_branch_dag.py
[2025-03-04T07:12:01.060+0000] {logging_mixin.py:190} INFO - [2025-03-04T07:12:01.060+0000] {dag.py:3239} INFO - Sync 1 DAGs
[2025-03-04T07:12:01.086+0000] {logging_mixin.py:190} INFO - [2025-03-04T07:12:01.085+0000] {dag.py:4180} INFO - Setting next_dagrun for example_nested_branch_dag to 2025-03-03 00:00:00+00:00, run_after=2025-03-04 00:00:00+00:00
[2025-03-04T07:12:01.107+0000] {processor.py:208} INFO - Processing /home/airflow/.local/lib/python3.12/site-packages/airflow/example_dags/example_nested_branch_dag.py took 0.084 seconds
[2025-03-04T07:12:31.229+0000] {processor.py:186} INFO - Started process (PID=2976) to work on /home/airflow/.local/lib/python3.12/site-packages/airflow/example_dags/example_nested_branch_dag.py
[2025-03-04T07:12:31.231+0000] {processor.py:914} INFO - Processing file /home/airflow/.local/lib/python3.12/site-packages/airflow/example_dags/example_nested_branch_dag.py for tasks to queue
[2025-03-04T07:12:31.233+0000] {logging_mixin.py:190} INFO - [2025-03-04T07:12:31.232+0000] {dagbag.py:588} INFO - Filling up the DagBag from /home/airflow/.local/lib/python3.12/site-packages/airflow/example_dags/example_nested_branch_dag.py
[2025-03-04T07:12:31.245+0000] {processor.py:925} INFO - DAG(s) 'example_nested_branch_dag' retrieved from /home/airflow/.local/lib/python3.12/site-packages/airflow/example_dags/example_nested_branch_dag.py
[2025-03-04T07:12:31.274+0000] {logging_mixin.py:190} INFO - [2025-03-04T07:12:31.273+0000] {dag.py:3239} INFO - Sync 1 DAGs
[2025-03-04T07:12:31.312+0000] {logging_mixin.py:190} INFO - [2025-03-04T07:12:31.311+0000] {dag.py:4180} INFO - Setting next_dagrun for example_nested_branch_dag to 2025-03-03 00:00:00+00:00, run_after=2025-03-04 00:00:00+00:00
[2025-03-04T07:12:31.339+0000] {processor.py:208} INFO - Processing /home/airflow/.local/lib/python3.12/site-packages/airflow/example_dags/example_nested_branch_dag.py took 0.117 seconds
[2025-03-04T07:13:02.138+0000] {processor.py:186} INFO - Started process (PID=3049) to work on /home/airflow/.local/lib/python3.12/site-packages/airflow/example_dags/example_nested_branch_dag.py
[2025-03-04T07:13:02.141+0000] {processor.py:914} INFO - Processing file /home/airflow/.local/lib/python3.12/site-packages/airflow/example_dags/example_nested_branch_dag.py for tasks to queue
[2025-03-04T07:13:02.144+0000] {logging_mixin.py:190} INFO - [2025-03-04T07:13:02.143+0000] {dagbag.py:588} INFO - Filling up the DagBag from /home/airflow/.local/lib/python3.12/site-packages/airflow/example_dags/example_nested_branch_dag.py
[2025-03-04T07:13:02.165+0000] {processor.py:925} INFO - DAG(s) 'example_nested_branch_dag' retrieved from /home/airflow/.local/lib/python3.12/site-packages/airflow/example_dags/example_nested_branch_dag.py
[2025-03-04T07:13:02.183+0000] {logging_mixin.py:190} INFO - [2025-03-04T07:13:02.182+0000] {dag.py:3239} INFO - Sync 1 DAGs
[2025-03-04T07:13:02.201+0000] {logging_mixin.py:190} INFO - [2025-03-04T07:13:02.201+0000] {dag.py:4180} INFO - Setting next_dagrun for example_nested_branch_dag to 2025-03-03 00:00:00+00:00, run_after=2025-03-04 00:00:00+00:00
[2025-03-04T07:13:02.221+0000] {processor.py:208} INFO - Processing /home/airflow/.local/lib/python3.12/site-packages/airflow/example_dags/example_nested_branch_dag.py took 0.095 seconds
[2025-03-04T07:13:32.331+0000] {processor.py:186} INFO - Started process (PID=3129) to work on /home/airflow/.local/lib/python3.12/site-packages/airflow/example_dags/example_nested_branch_dag.py
[2025-03-04T07:13:32.332+0000] {processor.py:914} INFO - Processing file /home/airflow/.local/lib/python3.12/site-packages/airflow/example_dags/example_nested_branch_dag.py for tasks to queue
[2025-03-04T07:13:32.333+0000] {logging_mixin.py:190} INFO - [2025-03-04T07:13:32.333+0000] {dagbag.py:588} INFO - Filling up the DagBag from /home/airflow/.local/lib/python3.12/site-packages/airflow/example_dags/example_nested_branch_dag.py
[2025-03-04T07:13:32.347+0000] {processor.py:925} INFO - DAG(s) 'example_nested_branch_dag' retrieved from /home/airflow/.local/lib/python3.12/site-packages/airflow/example_dags/example_nested_branch_dag.py
[2025-03-04T07:13:32.376+0000] {logging_mixin.py:190} INFO - [2025-03-04T07:13:32.376+0000] {dag.py:3239} INFO - Sync 1 DAGs
[2025-03-04T07:13:32.414+0000] {logging_mixin.py:190} INFO - [2025-03-04T07:13:32.413+0000] {dag.py:4180} INFO - Setting next_dagrun for example_nested_branch_dag to 2025-03-03 00:00:00+00:00, run_after=2025-03-04 00:00:00+00:00
[2025-03-04T07:13:32.439+0000] {processor.py:208} INFO - Processing /home/airflow/.local/lib/python3.12/site-packages/airflow/example_dags/example_nested_branch_dag.py took 0.114 seconds
[2025-03-04T07:14:02.575+0000] {processor.py:186} INFO - Started process (PID=3204) to work on /home/airflow/.local/lib/python3.12/site-packages/airflow/example_dags/example_nested_branch_dag.py
[2025-03-04T07:14:02.576+0000] {processor.py:914} INFO - Processing file /home/airflow/.local/lib/python3.12/site-packages/airflow/example_dags/example_nested_branch_dag.py for tasks to queue
[2025-03-04T07:14:02.577+0000] {logging_mixin.py:190} INFO - [2025-03-04T07:14:02.577+0000] {dagbag.py:588} INFO - Filling up the DagBag from /home/airflow/.local/lib/python3.12/site-packages/airflow/example_dags/example_nested_branch_dag.py
[2025-03-04T07:14:02.587+0000] {processor.py:925} INFO - DAG(s) 'example_nested_branch_dag' retrieved from /home/airflow/.local/lib/python3.12/site-packages/airflow/example_dags/example_nested_branch_dag.py
[2025-03-04T07:14:02.603+0000] {logging_mixin.py:190} INFO - [2025-03-04T07:14:02.603+0000] {dag.py:3239} INFO - Sync 1 DAGs
[2025-03-04T07:14:02.621+0000] {logging_mixin.py:190} INFO - [2025-03-04T07:14:02.621+0000] {dag.py:4180} INFO - Setting next_dagrun for example_nested_branch_dag to 2025-03-03 00:00:00+00:00, run_after=2025-03-04 00:00:00+00:00
[2025-03-04T07:14:02.634+0000] {processor.py:208} INFO - Processing /home/airflow/.local/lib/python3.12/site-packages/airflow/example_dags/example_nested_branch_dag.py took 0.063 seconds
[2025-03-04T07:14:33.053+0000] {processor.py:186} INFO - Started process (PID=3282) to work on /home/airflow/.local/lib/python3.12/site-packages/airflow/example_dags/example_nested_branch_dag.py
[2025-03-04T07:14:33.055+0000] {processor.py:914} INFO - Processing file /home/airflow/.local/lib/python3.12/site-packages/airflow/example_dags/example_nested_branch_dag.py for tasks to queue
[2025-03-04T07:14:33.057+0000] {logging_mixin.py:190} INFO - [2025-03-04T07:14:33.057+0000] {dagbag.py:588} INFO - Filling up the DagBag from /home/airflow/.local/lib/python3.12/site-packages/airflow/example_dags/example_nested_branch_dag.py
[2025-03-04T07:14:33.070+0000] {processor.py:925} INFO - DAG(s) 'example_nested_branch_dag' retrieved from /home/airflow/.local/lib/python3.12/site-packages/airflow/example_dags/example_nested_branch_dag.py
[2025-03-04T07:14:33.094+0000] {logging_mixin.py:190} INFO - [2025-03-04T07:14:33.094+0000] {dag.py:3239} INFO - Sync 1 DAGs
[2025-03-04T07:14:33.119+0000] {logging_mixin.py:190} INFO - [2025-03-04T07:14:33.119+0000] {dag.py:4180} INFO - Setting next_dagrun for example_nested_branch_dag to 2025-03-03 00:00:00+00:00, run_after=2025-03-04 00:00:00+00:00
[2025-03-04T07:14:33.137+0000] {processor.py:208} INFO - Processing /home/airflow/.local/lib/python3.12/site-packages/airflow/example_dags/example_nested_branch_dag.py took 0.090 seconds
[2025-03-04T07:15:03.765+0000] {processor.py:186} INFO - Started process (PID=3358) to work on /home/airflow/.local/lib/python3.12/site-packages/airflow/example_dags/example_nested_branch_dag.py
[2025-03-04T07:15:03.767+0000] {processor.py:914} INFO - Processing file /home/airflow/.local/lib/python3.12/site-packages/airflow/example_dags/example_nested_branch_dag.py for tasks to queue
[2025-03-04T07:15:03.769+0000] {logging_mixin.py:190} INFO - [2025-03-04T07:15:03.768+0000] {dagbag.py:588} INFO - Filling up the DagBag from /home/airflow/.local/lib/python3.12/site-packages/airflow/example_dags/example_nested_branch_dag.py
[2025-03-04T07:15:03.786+0000] {processor.py:925} INFO - DAG(s) 'example_nested_branch_dag' retrieved from /home/airflow/.local/lib/python3.12/site-packages/airflow/example_dags/example_nested_branch_dag.py
[2025-03-04T07:15:03.820+0000] {logging_mixin.py:190} INFO - [2025-03-04T07:15:03.819+0000] {dag.py:3239} INFO - Sync 1 DAGs
[2025-03-04T07:15:03.858+0000] {logging_mixin.py:190} INFO - [2025-03-04T07:15:03.857+0000] {dag.py:4180} INFO - Setting next_dagrun for example_nested_branch_dag to 2025-03-03 00:00:00+00:00, run_after=2025-03-04 00:00:00+00:00
[2025-03-04T07:15:03.885+0000] {processor.py:208} INFO - Processing /home/airflow/.local/lib/python3.12/site-packages/airflow/example_dags/example_nested_branch_dag.py took 0.130 seconds
[2025-03-04T07:15:34.290+0000] {processor.py:186} INFO - Started process (PID=3440) to work on /home/airflow/.local/lib/python3.12/site-packages/airflow/example_dags/example_nested_branch_dag.py
[2025-03-04T07:15:34.291+0000] {processor.py:914} INFO - Processing file /home/airflow/.local/lib/python3.12/site-packages/airflow/example_dags/example_nested_branch_dag.py for tasks to queue
[2025-03-04T07:15:34.292+0000] {logging_mixin.py:190} INFO - [2025-03-04T07:15:34.292+0000] {dagbag.py:588} INFO - Filling up the DagBag from /home/airflow/.local/lib/python3.12/site-packages/airflow/example_dags/example_nested_branch_dag.py
[2025-03-04T07:15:34.301+0000] {processor.py:925} INFO - DAG(s) 'example_nested_branch_dag' retrieved from /home/airflow/.local/lib/python3.12/site-packages/airflow/example_dags/example_nested_branch_dag.py
[2025-03-04T07:15:34.318+0000] {logging_mixin.py:190} INFO - [2025-03-04T07:15:34.318+0000] {dag.py:3239} INFO - Sync 1 DAGs
[2025-03-04T07:15:34.336+0000] {logging_mixin.py:190} INFO - [2025-03-04T07:15:34.336+0000] {dag.py:4180} INFO - Setting next_dagrun for example_nested_branch_dag to 2025-03-03 00:00:00+00:00, run_after=2025-03-04 00:00:00+00:00
[2025-03-04T07:15:34.350+0000] {processor.py:208} INFO - Processing /home/airflow/.local/lib/python3.12/site-packages/airflow/example_dags/example_nested_branch_dag.py took 0.064 seconds
[2025-03-04T07:16:04.909+0000] {processor.py:186} INFO - Started process (PID=3514) to work on /home/airflow/.local/lib/python3.12/site-packages/airflow/example_dags/example_nested_branch_dag.py
[2025-03-04T07:16:04.911+0000] {processor.py:914} INFO - Processing file /home/airflow/.local/lib/python3.12/site-packages/airflow/example_dags/example_nested_branch_dag.py for tasks to queue
[2025-03-04T07:16:04.912+0000] {logging_mixin.py:190} INFO - [2025-03-04T07:16:04.912+0000] {dagbag.py:588} INFO - Filling up the DagBag from /home/airflow/.local/lib/python3.12/site-packages/airflow/example_dags/example_nested_branch_dag.py
[2025-03-04T07:16:04.923+0000] {processor.py:925} INFO - DAG(s) 'example_nested_branch_dag' retrieved from /home/airflow/.local/lib/python3.12/site-packages/airflow/example_dags/example_nested_branch_dag.py
[2025-03-04T07:16:04.948+0000] {logging_mixin.py:190} INFO - [2025-03-04T07:16:04.947+0000] {dag.py:3239} INFO - Sync 1 DAGs
[2025-03-04T07:16:04.968+0000] {logging_mixin.py:190} INFO - [2025-03-04T07:16:04.967+0000] {dag.py:4180} INFO - Setting next_dagrun for example_nested_branch_dag to 2025-03-03 00:00:00+00:00, run_after=2025-03-04 00:00:00+00:00
[2025-03-04T07:16:04.983+0000] {processor.py:208} INFO - Processing /home/airflow/.local/lib/python3.12/site-packages/airflow/example_dags/example_nested_branch_dag.py took 0.079 seconds
[2025-03-04T07:16:35.793+0000] {processor.py:186} INFO - Started process (PID=3596) to work on /home/airflow/.local/lib/python3.12/site-packages/airflow/example_dags/example_nested_branch_dag.py
[2025-03-04T07:16:35.794+0000] {processor.py:914} INFO - Processing file /home/airflow/.local/lib/python3.12/site-packages/airflow/example_dags/example_nested_branch_dag.py for tasks to queue
[2025-03-04T07:16:35.796+0000] {logging_mixin.py:190} INFO - [2025-03-04T07:16:35.796+0000] {dagbag.py:588} INFO - Filling up the DagBag from /home/airflow/.local/lib/python3.12/site-packages/airflow/example_dags/example_nested_branch_dag.py
[2025-03-04T07:16:35.809+0000] {processor.py:925} INFO - DAG(s) 'example_nested_branch_dag' retrieved from /home/airflow/.local/lib/python3.12/site-packages/airflow/example_dags/example_nested_branch_dag.py
[2025-03-04T07:16:35.830+0000] {logging_mixin.py:190} INFO - [2025-03-04T07:16:35.830+0000] {dag.py:3239} INFO - Sync 1 DAGs
[2025-03-04T07:16:35.851+0000] {logging_mixin.py:190} INFO - [2025-03-04T07:16:35.851+0000] {dag.py:4180} INFO - Setting next_dagrun for example_nested_branch_dag to 2025-03-03 00:00:00+00:00, run_after=2025-03-04 00:00:00+00:00
[2025-03-04T07:16:35.872+0000] {processor.py:208} INFO - Processing /home/airflow/.local/lib/python3.12/site-packages/airflow/example_dags/example_nested_branch_dag.py took 0.086 seconds
[2025-03-04T07:17:06.283+0000] {processor.py:186} INFO - Started process (PID=3669) to work on /home/airflow/.local/lib/python3.12/site-packages/airflow/example_dags/example_nested_branch_dag.py
[2025-03-04T07:17:06.285+0000] {processor.py:914} INFO - Processing file /home/airflow/.local/lib/python3.12/site-packages/airflow/example_dags/example_nested_branch_dag.py for tasks to queue
[2025-03-04T07:17:06.286+0000] {logging_mixin.py:190} INFO - [2025-03-04T07:17:06.286+0000] {dagbag.py:588} INFO - Filling up the DagBag from /home/airflow/.local/lib/python3.12/site-packages/airflow/example_dags/example_nested_branch_dag.py
[2025-03-04T07:17:06.299+0000] {processor.py:925} INFO - DAG(s) 'example_nested_branch_dag' retrieved from /home/airflow/.local/lib/python3.12/site-packages/airflow/example_dags/example_nested_branch_dag.py
[2025-03-04T07:17:06.326+0000] {logging_mixin.py:190} INFO - [2025-03-04T07:17:06.326+0000] {dag.py:3239} INFO - Sync 1 DAGs
[2025-03-04T07:17:06.353+0000] {logging_mixin.py:190} INFO - [2025-03-04T07:17:06.352+0000] {dag.py:4180} INFO - Setting next_dagrun for example_nested_branch_dag to 2025-03-03 00:00:00+00:00, run_after=2025-03-04 00:00:00+00:00
[2025-03-04T07:17:06.373+0000] {processor.py:208} INFO - Processing /home/airflow/.local/lib/python3.12/site-packages/airflow/example_dags/example_nested_branch_dag.py took 0.097 seconds
[2025-03-04T07:17:36.592+0000] {processor.py:186} INFO - Started process (PID=3751) to work on /home/airflow/.local/lib/python3.12/site-packages/airflow/example_dags/example_nested_branch_dag.py
[2025-03-04T07:17:36.594+0000] {processor.py:914} INFO - Processing file /home/airflow/.local/lib/python3.12/site-packages/airflow/example_dags/example_nested_branch_dag.py for tasks to queue
[2025-03-04T07:17:36.596+0000] {logging_mixin.py:190} INFO - [2025-03-04T07:17:36.596+0000] {dagbag.py:588} INFO - Filling up the DagBag from /home/airflow/.local/lib/python3.12/site-packages/airflow/example_dags/example_nested_branch_dag.py
[2025-03-04T07:17:36.609+0000] {processor.py:925} INFO - DAG(s) 'example_nested_branch_dag' retrieved from /home/airflow/.local/lib/python3.12/site-packages/airflow/example_dags/example_nested_branch_dag.py
[2025-03-04T07:17:36.628+0000] {logging_mixin.py:190} INFO - [2025-03-04T07:17:36.628+0000] {dag.py:3239} INFO - Sync 1 DAGs
[2025-03-04T07:17:36.649+0000] {logging_mixin.py:190} INFO - [2025-03-04T07:17:36.649+0000] {dag.py:4180} INFO - Setting next_dagrun for example_nested_branch_dag to 2025-03-03 00:00:00+00:00, run_after=2025-03-04 00:00:00+00:00
[2025-03-04T07:17:36.667+0000] {processor.py:208} INFO - Processing /home/airflow/.local/lib/python3.12/site-packages/airflow/example_dags/example_nested_branch_dag.py took 0.080 seconds
[2025-03-04T07:18:06.784+0000] {processor.py:186} INFO - Started process (PID=3827) to work on /home/airflow/.local/lib/python3.12/site-packages/airflow/example_dags/example_nested_branch_dag.py
[2025-03-04T07:18:06.786+0000] {processor.py:914} INFO - Processing file /home/airflow/.local/lib/python3.12/site-packages/airflow/example_dags/example_nested_branch_dag.py for tasks to queue
[2025-03-04T07:18:06.790+0000] {logging_mixin.py:190} INFO - [2025-03-04T07:18:06.789+0000] {dagbag.py:588} INFO - Filling up the DagBag from /home/airflow/.local/lib/python3.12/site-packages/airflow/example_dags/example_nested_branch_dag.py
[2025-03-04T07:18:06.800+0000] {processor.py:925} INFO - DAG(s) 'example_nested_branch_dag' retrieved from /home/airflow/.local/lib/python3.12/site-packages/airflow/example_dags/example_nested_branch_dag.py
[2025-03-04T07:18:06.822+0000] {logging_mixin.py:190} INFO - [2025-03-04T07:18:06.821+0000] {dag.py:3239} INFO - Sync 1 DAGs
[2025-03-04T07:18:06.847+0000] {logging_mixin.py:190} INFO - [2025-03-04T07:18:06.847+0000] {dag.py:4180} INFO - Setting next_dagrun for example_nested_branch_dag to 2025-03-03 00:00:00+00:00, run_after=2025-03-04 00:00:00+00:00
[2025-03-04T07:18:06.868+0000] {processor.py:208} INFO - Processing /home/airflow/.local/lib/python3.12/site-packages/airflow/example_dags/example_nested_branch_dag.py took 0.090 seconds
[2025-03-04T07:18:36.967+0000] {processor.py:186} INFO - Started process (PID=3909) to work on /home/airflow/.local/lib/python3.12/site-packages/airflow/example_dags/example_nested_branch_dag.py
[2025-03-04T07:18:36.969+0000] {processor.py:914} INFO - Processing file /home/airflow/.local/lib/python3.12/site-packages/airflow/example_dags/example_nested_branch_dag.py for tasks to queue
[2025-03-04T07:18:36.970+0000] {logging_mixin.py:190} INFO - [2025-03-04T07:18:36.970+0000] {dagbag.py:588} INFO - Filling up the DagBag from /home/airflow/.local/lib/python3.12/site-packages/airflow/example_dags/example_nested_branch_dag.py
[2025-03-04T07:18:36.980+0000] {processor.py:925} INFO - DAG(s) 'example_nested_branch_dag' retrieved from /home/airflow/.local/lib/python3.12/site-packages/airflow/example_dags/example_nested_branch_dag.py
[2025-03-04T07:18:36.999+0000] {logging_mixin.py:190} INFO - [2025-03-04T07:18:36.999+0000] {dag.py:3239} INFO - Sync 1 DAGs
[2025-03-04T07:18:37.019+0000] {logging_mixin.py:190} INFO - [2025-03-04T07:18:37.019+0000] {dag.py:4180} INFO - Setting next_dagrun for example_nested_branch_dag to 2025-03-03 00:00:00+00:00, run_after=2025-03-04 00:00:00+00:00
[2025-03-04T07:18:37.036+0000] {processor.py:208} INFO - Processing /home/airflow/.local/lib/python3.12/site-packages/airflow/example_dags/example_nested_branch_dag.py took 0.074 seconds
