[2025-03-04T06:53:44.002+0000] {processor.py:186} INFO - Started process (PID=79) to work on /home/airflow/.local/lib/python3.12/site-packages/airflow/example_dags/example_branch_labels.py
[2025-03-04T06:53:44.004+0000] {processor.py:914} INFO - Processing file /home/airflow/.local/lib/python3.12/site-packages/airflow/example_dags/example_branch_labels.py for tasks to queue
[2025-03-04T06:53:44.010+0000] {logging_mixin.py:190} INFO - [2025-03-04T06:53:44.009+0000] {dagbag.py:588} INFO - Filling up the DagBag from /home/airflow/.local/lib/python3.12/site-packages/airflow/example_dags/example_branch_labels.py
[2025-03-04T06:53:44.040+0000] {processor.py:925} INFO - DAG(s) 'example_branch_labels' retrieved from /home/airflow/.local/lib/python3.12/site-packages/airflow/example_dags/example_branch_labels.py
[2025-03-04T06:53:44.226+0000] {logging_mixin.py:190} INFO - [2025-03-04T06:53:44.225+0000] {override.py:1912} INFO - Created Permission View: can read on DAG:example_branch_labels
[2025-03-04T06:53:44.243+0000] {logging_mixin.py:190} INFO - [2025-03-04T06:53:44.242+0000] {override.py:1912} INFO - Created Permission View: can edit on DAG:example_branch_labels
[2025-03-04T06:53:44.254+0000] {logging_mixin.py:190} INFO - [2025-03-04T06:53:44.253+0000] {override.py:1912} INFO - Created Permission View: can delete on DAG:example_branch_labels
[2025-03-04T06:53:44.267+0000] {logging_mixin.py:190} INFO - [2025-03-04T06:53:44.266+0000] {override.py:1912} INFO - Created Permission View: menu access on DAG Run:example_branch_labels
[2025-03-04T06:53:44.277+0000] {logging_mixin.py:190} INFO - [2025-03-04T06:53:44.276+0000] {override.py:1912} INFO - Created Permission View: can read on DAG Run:example_branch_labels
[2025-03-04T06:53:44.286+0000] {logging_mixin.py:190} INFO - [2025-03-04T06:53:44.286+0000] {override.py:1912} INFO - Created Permission View: can delete on DAG Run:example_branch_labels
[2025-03-04T06:53:44.296+0000] {logging_mixin.py:190} INFO - [2025-03-04T06:53:44.295+0000] {override.py:1912} INFO - Created Permission View: can create on DAG Run:example_branch_labels
[2025-03-04T06:53:44.297+0000] {logging_mixin.py:190} INFO - [2025-03-04T06:53:44.297+0000] {dag.py:3239} INFO - Sync 1 DAGs
[2025-03-04T06:53:44.319+0000] {logging_mixin.py:190} INFO - [2025-03-04T06:53:44.319+0000] {dag.py:3262} INFO - Creating ORM DAG for example_branch_labels
[2025-03-04T06:53:44.338+0000] {logging_mixin.py:190} INFO - [2025-03-04T06:53:44.337+0000] {dag.py:4180} INFO - Setting next_dagrun for example_branch_labels to 2025-03-03 00:00:00+00:00, run_after=2025-03-04 00:00:00+00:00
[2025-03-04T06:53:44.361+0000] {processor.py:208} INFO - Processing /home/airflow/.local/lib/python3.12/site-packages/airflow/example_dags/example_branch_labels.py took 0.371 seconds
[2025-03-04T06:54:14.776+0000] {processor.py:186} INFO - Started process (PID=154) to work on /home/airflow/.local/lib/python3.12/site-packages/airflow/example_dags/example_branch_labels.py
[2025-03-04T06:54:14.778+0000] {processor.py:914} INFO - Processing file /home/airflow/.local/lib/python3.12/site-packages/airflow/example_dags/example_branch_labels.py for tasks to queue
[2025-03-04T06:54:14.782+0000] {logging_mixin.py:190} INFO - [2025-03-04T06:54:14.781+0000] {dagbag.py:588} INFO - Filling up the DagBag from /home/airflow/.local/lib/python3.12/site-packages/airflow/example_dags/example_branch_labels.py
[2025-03-04T06:54:14.791+0000] {processor.py:925} INFO - DAG(s) 'example_branch_labels' retrieved from /home/airflow/.local/lib/python3.12/site-packages/airflow/example_dags/example_branch_labels.py
[2025-03-04T06:54:14.812+0000] {logging_mixin.py:190} INFO - [2025-03-04T06:54:14.811+0000] {dag.py:3239} INFO - Sync 1 DAGs
[2025-03-04T06:54:14.836+0000] {logging_mixin.py:190} INFO - [2025-03-04T06:54:14.836+0000] {dag.py:4180} INFO - Setting next_dagrun for example_branch_labels to 2025-03-03 00:00:00+00:00, run_after=2025-03-04 00:00:00+00:00
[2025-03-04T06:54:14.852+0000] {processor.py:208} INFO - Processing /home/airflow/.local/lib/python3.12/site-packages/airflow/example_dags/example_branch_labels.py took 0.083 seconds
[2025-03-04T06:54:44.957+0000] {processor.py:186} INFO - Started process (PID=236) to work on /home/airflow/.local/lib/python3.12/site-packages/airflow/example_dags/example_branch_labels.py
[2025-03-04T06:54:44.959+0000] {processor.py:914} INFO - Processing file /home/airflow/.local/lib/python3.12/site-packages/airflow/example_dags/example_branch_labels.py for tasks to queue
[2025-03-04T06:54:44.962+0000] {logging_mixin.py:190} INFO - [2025-03-04T06:54:44.962+0000] {dagbag.py:588} INFO - Filling up the DagBag from /home/airflow/.local/lib/python3.12/site-packages/airflow/example_dags/example_branch_labels.py
[2025-03-04T06:54:44.972+0000] {processor.py:925} INFO - DAG(s) 'example_branch_labels' retrieved from /home/airflow/.local/lib/python3.12/site-packages/airflow/example_dags/example_branch_labels.py
[2025-03-04T06:54:44.995+0000] {logging_mixin.py:190} INFO - [2025-03-04T06:54:44.994+0000] {dag.py:3239} INFO - Sync 1 DAGs
[2025-03-04T06:54:45.017+0000] {logging_mixin.py:190} INFO - [2025-03-04T06:54:45.017+0000] {dag.py:4180} INFO - Setting next_dagrun for example_branch_labels to 2025-03-03 00:00:00+00:00, run_after=2025-03-04 00:00:00+00:00
[2025-03-04T06:54:45.034+0000] {processor.py:208} INFO - Processing /home/airflow/.local/lib/python3.12/site-packages/airflow/example_dags/example_branch_labels.py took 0.086 seconds
[2025-03-04T06:55:15.454+0000] {processor.py:186} INFO - Started process (PID=310) to work on /home/airflow/.local/lib/python3.12/site-packages/airflow/example_dags/example_branch_labels.py
[2025-03-04T06:55:15.456+0000] {processor.py:914} INFO - Processing file /home/airflow/.local/lib/python3.12/site-packages/airflow/example_dags/example_branch_labels.py for tasks to queue
[2025-03-04T06:55:15.458+0000] {logging_mixin.py:190} INFO - [2025-03-04T06:55:15.458+0000] {dagbag.py:588} INFO - Filling up the DagBag from /home/airflow/.local/lib/python3.12/site-packages/airflow/example_dags/example_branch_labels.py
[2025-03-04T06:55:15.467+0000] {processor.py:925} INFO - DAG(s) 'example_branch_labels' retrieved from /home/airflow/.local/lib/python3.12/site-packages/airflow/example_dags/example_branch_labels.py
[2025-03-04T06:55:15.487+0000] {logging_mixin.py:190} INFO - [2025-03-04T06:55:15.487+0000] {dag.py:3239} INFO - Sync 1 DAGs
[2025-03-04T06:55:15.508+0000] {logging_mixin.py:190} INFO - [2025-03-04T06:55:15.508+0000] {dag.py:4180} INFO - Setting next_dagrun for example_branch_labels to 2025-03-03 00:00:00+00:00, run_after=2025-03-04 00:00:00+00:00
[2025-03-04T06:55:15.524+0000] {processor.py:208} INFO - Processing /home/airflow/.local/lib/python3.12/site-packages/airflow/example_dags/example_branch_labels.py took 0.075 seconds
[2025-03-04T06:55:45.666+0000] {processor.py:186} INFO - Started process (PID=392) to work on /home/airflow/.local/lib/python3.12/site-packages/airflow/example_dags/example_branch_labels.py
[2025-03-04T06:55:45.668+0000] {processor.py:914} INFO - Processing file /home/airflow/.local/lib/python3.12/site-packages/airflow/example_dags/example_branch_labels.py for tasks to queue
[2025-03-04T06:55:45.671+0000] {logging_mixin.py:190} INFO - [2025-03-04T06:55:45.671+0000] {dagbag.py:588} INFO - Filling up the DagBag from /home/airflow/.local/lib/python3.12/site-packages/airflow/example_dags/example_branch_labels.py
[2025-03-04T06:55:45.681+0000] {processor.py:925} INFO - DAG(s) 'example_branch_labels' retrieved from /home/airflow/.local/lib/python3.12/site-packages/airflow/example_dags/example_branch_labels.py
[2025-03-04T06:55:45.701+0000] {logging_mixin.py:190} INFO - [2025-03-04T06:55:45.701+0000] {dag.py:3239} INFO - Sync 1 DAGs
[2025-03-04T06:55:45.723+0000] {logging_mixin.py:190} INFO - [2025-03-04T06:55:45.723+0000] {dag.py:4180} INFO - Setting next_dagrun for example_branch_labels to 2025-03-03 00:00:00+00:00, run_after=2025-03-04 00:00:00+00:00
[2025-03-04T06:55:45.746+0000] {processor.py:208} INFO - Processing /home/airflow/.local/lib/python3.12/site-packages/airflow/example_dags/example_branch_labels.py took 0.085 seconds
[2025-03-04T06:56:16.537+0000] {processor.py:186} INFO - Started process (PID=468) to work on /home/airflow/.local/lib/python3.12/site-packages/airflow/example_dags/example_branch_labels.py
[2025-03-04T06:56:16.538+0000] {processor.py:914} INFO - Processing file /home/airflow/.local/lib/python3.12/site-packages/airflow/example_dags/example_branch_labels.py for tasks to queue
[2025-03-04T06:56:16.540+0000] {logging_mixin.py:190} INFO - [2025-03-04T06:56:16.540+0000] {dagbag.py:588} INFO - Filling up the DagBag from /home/airflow/.local/lib/python3.12/site-packages/airflow/example_dags/example_branch_labels.py
[2025-03-04T06:56:16.547+0000] {processor.py:925} INFO - DAG(s) 'example_branch_labels' retrieved from /home/airflow/.local/lib/python3.12/site-packages/airflow/example_dags/example_branch_labels.py
[2025-03-04T06:56:16.563+0000] {logging_mixin.py:190} INFO - [2025-03-04T06:56:16.563+0000] {dag.py:3239} INFO - Sync 1 DAGs
[2025-03-04T06:56:16.580+0000] {logging_mixin.py:190} INFO - [2025-03-04T06:56:16.580+0000] {dag.py:4180} INFO - Setting next_dagrun for example_branch_labels to 2025-03-03 00:00:00+00:00, run_after=2025-03-04 00:00:00+00:00
[2025-03-04T06:56:16.596+0000] {processor.py:208} INFO - Processing /home/airflow/.local/lib/python3.12/site-packages/airflow/example_dags/example_branch_labels.py took 0.064 seconds
[2025-03-04T06:56:47.263+0000] {processor.py:186} INFO - Started process (PID=550) to work on /home/airflow/.local/lib/python3.12/site-packages/airflow/example_dags/example_branch_labels.py
[2025-03-04T06:56:47.264+0000] {processor.py:914} INFO - Processing file /home/airflow/.local/lib/python3.12/site-packages/airflow/example_dags/example_branch_labels.py for tasks to queue
[2025-03-04T06:56:47.267+0000] {logging_mixin.py:190} INFO - [2025-03-04T06:56:47.267+0000] {dagbag.py:588} INFO - Filling up the DagBag from /home/airflow/.local/lib/python3.12/site-packages/airflow/example_dags/example_branch_labels.py
[2025-03-04T06:56:47.276+0000] {processor.py:925} INFO - DAG(s) 'example_branch_labels' retrieved from /home/airflow/.local/lib/python3.12/site-packages/airflow/example_dags/example_branch_labels.py
[2025-03-04T06:56:47.297+0000] {logging_mixin.py:190} INFO - [2025-03-04T06:56:47.297+0000] {dag.py:3239} INFO - Sync 1 DAGs
[2025-03-04T06:56:47.336+0000] {logging_mixin.py:190} INFO - [2025-03-04T06:56:47.336+0000] {dag.py:4180} INFO - Setting next_dagrun for example_branch_labels to 2025-03-03 00:00:00+00:00, run_after=2025-03-04 00:00:00+00:00
[2025-03-04T06:56:47.370+0000] {processor.py:208} INFO - Processing /home/airflow/.local/lib/python3.12/site-packages/airflow/example_dags/example_branch_labels.py took 0.112 seconds
[2025-03-04T06:57:17.922+0000] {processor.py:186} INFO - Started process (PID=626) to work on /home/airflow/.local/lib/python3.12/site-packages/airflow/example_dags/example_branch_labels.py
[2025-03-04T06:57:17.929+0000] {processor.py:914} INFO - Processing file /home/airflow/.local/lib/python3.12/site-packages/airflow/example_dags/example_branch_labels.py for tasks to queue
[2025-03-04T06:57:17.938+0000] {logging_mixin.py:190} INFO - [2025-03-04T06:57:17.937+0000] {dagbag.py:588} INFO - Filling up the DagBag from /home/airflow/.local/lib/python3.12/site-packages/airflow/example_dags/example_branch_labels.py
[2025-03-04T06:57:17.946+0000] {processor.py:925} INFO - DAG(s) 'example_branch_labels' retrieved from /home/airflow/.local/lib/python3.12/site-packages/airflow/example_dags/example_branch_labels.py
[2025-03-04T06:57:17.963+0000] {logging_mixin.py:190} INFO - [2025-03-04T06:57:17.963+0000] {dag.py:3239} INFO - Sync 1 DAGs
[2025-03-04T06:57:17.987+0000] {logging_mixin.py:190} INFO - [2025-03-04T06:57:17.987+0000] {dag.py:4180} INFO - Setting next_dagrun for example_branch_labels to 2025-03-03 00:00:00+00:00, run_after=2025-03-04 00:00:00+00:00
[2025-03-04T06:57:18.003+0000] {processor.py:208} INFO - Processing /home/airflow/.local/lib/python3.12/site-packages/airflow/example_dags/example_branch_labels.py took 0.088 seconds
[2025-03-04T06:57:48.060+0000] {processor.py:186} INFO - Started process (PID=701) to work on /home/airflow/.local/lib/python3.12/site-packages/airflow/example_dags/example_branch_labels.py
[2025-03-04T06:57:48.061+0000] {processor.py:914} INFO - Processing file /home/airflow/.local/lib/python3.12/site-packages/airflow/example_dags/example_branch_labels.py for tasks to queue
[2025-03-04T06:57:48.064+0000] {logging_mixin.py:190} INFO - [2025-03-04T06:57:48.064+0000] {dagbag.py:588} INFO - Filling up the DagBag from /home/airflow/.local/lib/python3.12/site-packages/airflow/example_dags/example_branch_labels.py
[2025-03-04T06:57:48.073+0000] {processor.py:925} INFO - DAG(s) 'example_branch_labels' retrieved from /home/airflow/.local/lib/python3.12/site-packages/airflow/example_dags/example_branch_labels.py
[2025-03-04T06:57:48.093+0000] {logging_mixin.py:190} INFO - [2025-03-04T06:57:48.092+0000] {dag.py:3239} INFO - Sync 1 DAGs
[2025-03-04T06:57:48.113+0000] {logging_mixin.py:190} INFO - [2025-03-04T06:57:48.113+0000] {dag.py:4180} INFO - Setting next_dagrun for example_branch_labels to 2025-03-03 00:00:00+00:00, run_after=2025-03-04 00:00:00+00:00
[2025-03-04T06:57:48.129+0000] {processor.py:208} INFO - Processing /home/airflow/.local/lib/python3.12/site-packages/airflow/example_dags/example_branch_labels.py took 0.075 seconds
[2025-03-04T06:58:18.719+0000] {processor.py:186} INFO - Started process (PID=784) to work on /home/airflow/.local/lib/python3.12/site-packages/airflow/example_dags/example_branch_labels.py
[2025-03-04T06:58:18.721+0000] {processor.py:914} INFO - Processing file /home/airflow/.local/lib/python3.12/site-packages/airflow/example_dags/example_branch_labels.py for tasks to queue
[2025-03-04T06:58:18.724+0000] {logging_mixin.py:190} INFO - [2025-03-04T06:58:18.724+0000] {dagbag.py:588} INFO - Filling up the DagBag from /home/airflow/.local/lib/python3.12/site-packages/airflow/example_dags/example_branch_labels.py
[2025-03-04T06:58:18.734+0000] {processor.py:925} INFO - DAG(s) 'example_branch_labels' retrieved from /home/airflow/.local/lib/python3.12/site-packages/airflow/example_dags/example_branch_labels.py
[2025-03-04T06:58:18.756+0000] {logging_mixin.py:190} INFO - [2025-03-04T06:58:18.756+0000] {dag.py:3239} INFO - Sync 1 DAGs
[2025-03-04T06:58:18.778+0000] {logging_mixin.py:190} INFO - [2025-03-04T06:58:18.778+0000] {dag.py:4180} INFO - Setting next_dagrun for example_branch_labels to 2025-03-03 00:00:00+00:00, run_after=2025-03-04 00:00:00+00:00
[2025-03-04T06:58:18.796+0000] {processor.py:208} INFO - Processing /home/airflow/.local/lib/python3.12/site-packages/airflow/example_dags/example_branch_labels.py took 0.083 seconds
[2025-03-04T06:58:49.118+0000] {processor.py:186} INFO - Started process (PID=861) to work on /home/airflow/.local/lib/python3.12/site-packages/airflow/example_dags/example_branch_labels.py
[2025-03-04T06:58:49.119+0000] {processor.py:914} INFO - Processing file /home/airflow/.local/lib/python3.12/site-packages/airflow/example_dags/example_branch_labels.py for tasks to queue
[2025-03-04T06:58:49.123+0000] {logging_mixin.py:190} INFO - [2025-03-04T06:58:49.122+0000] {dagbag.py:588} INFO - Filling up the DagBag from /home/airflow/.local/lib/python3.12/site-packages/airflow/example_dags/example_branch_labels.py
[2025-03-04T06:58:49.132+0000] {processor.py:925} INFO - DAG(s) 'example_branch_labels' retrieved from /home/airflow/.local/lib/python3.12/site-packages/airflow/example_dags/example_branch_labels.py
[2025-03-04T06:58:49.152+0000] {logging_mixin.py:190} INFO - [2025-03-04T06:58:49.152+0000] {dag.py:3239} INFO - Sync 1 DAGs
[2025-03-04T06:58:49.175+0000] {logging_mixin.py:190} INFO - [2025-03-04T06:58:49.175+0000] {dag.py:4180} INFO - Setting next_dagrun for example_branch_labels to 2025-03-03 00:00:00+00:00, run_after=2025-03-04 00:00:00+00:00
[2025-03-04T06:58:49.191+0000] {processor.py:208} INFO - Processing /home/airflow/.local/lib/python3.12/site-packages/airflow/example_dags/example_branch_labels.py took 0.079 seconds
[2025-03-04T06:59:19.284+0000] {processor.py:186} INFO - Started process (PID=937) to work on /home/airflow/.local/lib/python3.12/site-packages/airflow/example_dags/example_branch_labels.py
[2025-03-04T06:59:19.287+0000] {processor.py:914} INFO - Processing file /home/airflow/.local/lib/python3.12/site-packages/airflow/example_dags/example_branch_labels.py for tasks to queue
[2025-03-04T06:59:19.290+0000] {logging_mixin.py:190} INFO - [2025-03-04T06:59:19.289+0000] {dagbag.py:588} INFO - Filling up the DagBag from /home/airflow/.local/lib/python3.12/site-packages/airflow/example_dags/example_branch_labels.py
[2025-03-04T06:59:19.299+0000] {processor.py:925} INFO - DAG(s) 'example_branch_labels' retrieved from /home/airflow/.local/lib/python3.12/site-packages/airflow/example_dags/example_branch_labels.py
[2025-03-04T06:59:19.318+0000] {logging_mixin.py:190} INFO - [2025-03-04T06:59:19.318+0000] {dag.py:3239} INFO - Sync 1 DAGs
[2025-03-04T06:59:19.339+0000] {logging_mixin.py:190} INFO - [2025-03-04T06:59:19.339+0000] {dag.py:4180} INFO - Setting next_dagrun for example_branch_labels to 2025-03-03 00:00:00+00:00, run_after=2025-03-04 00:00:00+00:00
[2025-03-04T06:59:19.356+0000] {processor.py:208} INFO - Processing /home/airflow/.local/lib/python3.12/site-packages/airflow/example_dags/example_branch_labels.py took 0.077 seconds
[2025-03-04T06:59:50.138+0000] {processor.py:186} INFO - Started process (PID=1020) to work on /home/airflow/.local/lib/python3.12/site-packages/airflow/example_dags/example_branch_labels.py
[2025-03-04T06:59:50.141+0000] {processor.py:914} INFO - Processing file /home/airflow/.local/lib/python3.12/site-packages/airflow/example_dags/example_branch_labels.py for tasks to queue
[2025-03-04T06:59:50.145+0000] {logging_mixin.py:190} INFO - [2025-03-04T06:59:50.144+0000] {dagbag.py:588} INFO - Filling up the DagBag from /home/airflow/.local/lib/python3.12/site-packages/airflow/example_dags/example_branch_labels.py
[2025-03-04T06:59:50.153+0000] {processor.py:925} INFO - DAG(s) 'example_branch_labels' retrieved from /home/airflow/.local/lib/python3.12/site-packages/airflow/example_dags/example_branch_labels.py
[2025-03-04T06:59:50.175+0000] {logging_mixin.py:190} INFO - [2025-03-04T06:59:50.174+0000] {dag.py:3239} INFO - Sync 1 DAGs
[2025-03-04T06:59:50.200+0000] {logging_mixin.py:190} INFO - [2025-03-04T06:59:50.199+0000] {dag.py:4180} INFO - Setting next_dagrun for example_branch_labels to 2025-03-03 00:00:00+00:00, run_after=2025-03-04 00:00:00+00:00
[2025-03-04T06:59:50.221+0000] {processor.py:208} INFO - Processing /home/airflow/.local/lib/python3.12/site-packages/airflow/example_dags/example_branch_labels.py took 0.089 seconds
[2025-03-04T07:00:20.935+0000] {processor.py:186} INFO - Started process (PID=1096) to work on /home/airflow/.local/lib/python3.12/site-packages/airflow/example_dags/example_branch_labels.py
[2025-03-04T07:00:20.937+0000] {processor.py:914} INFO - Processing file /home/airflow/.local/lib/python3.12/site-packages/airflow/example_dags/example_branch_labels.py for tasks to queue
[2025-03-04T07:00:20.941+0000] {logging_mixin.py:190} INFO - [2025-03-04T07:00:20.940+0000] {dagbag.py:588} INFO - Filling up the DagBag from /home/airflow/.local/lib/python3.12/site-packages/airflow/example_dags/example_branch_labels.py
[2025-03-04T07:00:20.951+0000] {processor.py:925} INFO - DAG(s) 'example_branch_labels' retrieved from /home/airflow/.local/lib/python3.12/site-packages/airflow/example_dags/example_branch_labels.py
[2025-03-04T07:00:20.979+0000] {logging_mixin.py:190} INFO - [2025-03-04T07:00:20.978+0000] {dag.py:3239} INFO - Sync 1 DAGs
[2025-03-04T07:00:21.005+0000] {logging_mixin.py:190} INFO - [2025-03-04T07:00:21.005+0000] {dag.py:4180} INFO - Setting next_dagrun for example_branch_labels to 2025-03-03 00:00:00+00:00, run_after=2025-03-04 00:00:00+00:00
[2025-03-04T07:00:21.027+0000] {processor.py:208} INFO - Processing /home/airflow/.local/lib/python3.12/site-packages/airflow/example_dags/example_branch_labels.py took 0.098 seconds
[2025-03-04T07:00:51.287+0000] {processor.py:186} INFO - Started process (PID=1183) to work on /home/airflow/.local/lib/python3.12/site-packages/airflow/example_dags/example_branch_labels.py
[2025-03-04T07:00:51.288+0000] {processor.py:914} INFO - Processing file /home/airflow/.local/lib/python3.12/site-packages/airflow/example_dags/example_branch_labels.py for tasks to queue
[2025-03-04T07:00:51.289+0000] {logging_mixin.py:190} INFO - [2025-03-04T07:00:51.289+0000] {dagbag.py:588} INFO - Filling up the DagBag from /home/airflow/.local/lib/python3.12/site-packages/airflow/example_dags/example_branch_labels.py
[2025-03-04T07:00:51.298+0000] {processor.py:925} INFO - DAG(s) 'example_branch_labels' retrieved from /home/airflow/.local/lib/python3.12/site-packages/airflow/example_dags/example_branch_labels.py
[2025-03-04T07:00:51.319+0000] {logging_mixin.py:190} INFO - [2025-03-04T07:00:51.318+0000] {dag.py:3239} INFO - Sync 1 DAGs
[2025-03-04T07:00:51.342+0000] {logging_mixin.py:190} INFO - [2025-03-04T07:00:51.342+0000] {dag.py:4180} INFO - Setting next_dagrun for example_branch_labels to 2025-03-03 00:00:00+00:00, run_after=2025-03-04 00:00:00+00:00
[2025-03-04T07:00:51.362+0000] {processor.py:208} INFO - Processing /home/airflow/.local/lib/python3.12/site-packages/airflow/example_dags/example_branch_labels.py took 0.080 seconds
[2025-03-04T07:01:21.937+0000] {processor.py:186} INFO - Started process (PID=1260) to work on /home/airflow/.local/lib/python3.12/site-packages/airflow/example_dags/example_branch_labels.py
[2025-03-04T07:01:21.938+0000] {processor.py:914} INFO - Processing file /home/airflow/.local/lib/python3.12/site-packages/airflow/example_dags/example_branch_labels.py for tasks to queue
[2025-03-04T07:01:21.940+0000] {logging_mixin.py:190} INFO - [2025-03-04T07:01:21.939+0000] {dagbag.py:588} INFO - Filling up the DagBag from /home/airflow/.local/lib/python3.12/site-packages/airflow/example_dags/example_branch_labels.py
[2025-03-04T07:01:21.949+0000] {processor.py:925} INFO - DAG(s) 'example_branch_labels' retrieved from /home/airflow/.local/lib/python3.12/site-packages/airflow/example_dags/example_branch_labels.py
[2025-03-04T07:01:21.972+0000] {logging_mixin.py:190} INFO - [2025-03-04T07:01:21.972+0000] {dag.py:3239} INFO - Sync 1 DAGs
[2025-03-04T07:01:21.996+0000] {logging_mixin.py:190} INFO - [2025-03-04T07:01:21.995+0000] {dag.py:4180} INFO - Setting next_dagrun for example_branch_labels to 2025-03-03 00:00:00+00:00, run_after=2025-03-04 00:00:00+00:00
[2025-03-04T07:01:22.016+0000] {processor.py:208} INFO - Processing /home/airflow/.local/lib/python3.12/site-packages/airflow/example_dags/example_branch_labels.py took 0.085 seconds
[2025-03-04T07:01:52.380+0000] {processor.py:186} INFO - Started process (PID=1343) to work on /home/airflow/.local/lib/python3.12/site-packages/airflow/example_dags/example_branch_labels.py
[2025-03-04T07:01:52.381+0000] {processor.py:914} INFO - Processing file /home/airflow/.local/lib/python3.12/site-packages/airflow/example_dags/example_branch_labels.py for tasks to queue
[2025-03-04T07:01:52.382+0000] {logging_mixin.py:190} INFO - [2025-03-04T07:01:52.382+0000] {dagbag.py:588} INFO - Filling up the DagBag from /home/airflow/.local/lib/python3.12/site-packages/airflow/example_dags/example_branch_labels.py
[2025-03-04T07:01:52.391+0000] {processor.py:925} INFO - DAG(s) 'example_branch_labels' retrieved from /home/airflow/.local/lib/python3.12/site-packages/airflow/example_dags/example_branch_labels.py
[2025-03-04T07:01:52.411+0000] {logging_mixin.py:190} INFO - [2025-03-04T07:01:52.411+0000] {dag.py:3239} INFO - Sync 1 DAGs
[2025-03-04T07:01:52.433+0000] {logging_mixin.py:190} INFO - [2025-03-04T07:01:52.433+0000] {dag.py:4180} INFO - Setting next_dagrun for example_branch_labels to 2025-03-03 00:00:00+00:00, run_after=2025-03-04 00:00:00+00:00
[2025-03-04T07:01:52.452+0000] {processor.py:208} INFO - Processing /home/airflow/.local/lib/python3.12/site-packages/airflow/example_dags/example_branch_labels.py took 0.077 seconds
[2025-03-04T07:02:23.098+0000] {processor.py:186} INFO - Started process (PID=1419) to work on /home/airflow/.local/lib/python3.12/site-packages/airflow/example_dags/example_branch_labels.py
[2025-03-04T07:02:23.102+0000] {processor.py:914} INFO - Processing file /home/airflow/.local/lib/python3.12/site-packages/airflow/example_dags/example_branch_labels.py for tasks to queue
[2025-03-04T07:02:23.104+0000] {logging_mixin.py:190} INFO - [2025-03-04T07:02:23.104+0000] {dagbag.py:588} INFO - Filling up the DagBag from /home/airflow/.local/lib/python3.12/site-packages/airflow/example_dags/example_branch_labels.py
[2025-03-04T07:02:23.111+0000] {processor.py:925} INFO - DAG(s) 'example_branch_labels' retrieved from /home/airflow/.local/lib/python3.12/site-packages/airflow/example_dags/example_branch_labels.py
[2025-03-04T07:02:23.128+0000] {logging_mixin.py:190} INFO - [2025-03-04T07:02:23.128+0000] {dag.py:3239} INFO - Sync 1 DAGs
[2025-03-04T07:02:23.146+0000] {logging_mixin.py:190} INFO - [2025-03-04T07:02:23.146+0000] {dag.py:4180} INFO - Setting next_dagrun for example_branch_labels to 2025-03-03 00:00:00+00:00, run_after=2025-03-04 00:00:00+00:00
[2025-03-04T07:02:23.160+0000] {processor.py:208} INFO - Processing /home/airflow/.local/lib/python3.12/site-packages/airflow/example_dags/example_branch_labels.py took 0.067 seconds
[2025-03-04T07:02:53.659+0000] {processor.py:186} INFO - Started process (PID=1506) to work on /home/airflow/.local/lib/python3.12/site-packages/airflow/example_dags/example_branch_labels.py
[2025-03-04T07:02:53.660+0000] {processor.py:914} INFO - Processing file /home/airflow/.local/lib/python3.12/site-packages/airflow/example_dags/example_branch_labels.py for tasks to queue
[2025-03-04T07:02:53.661+0000] {logging_mixin.py:190} INFO - [2025-03-04T07:02:53.661+0000] {dagbag.py:588} INFO - Filling up the DagBag from /home/airflow/.local/lib/python3.12/site-packages/airflow/example_dags/example_branch_labels.py
[2025-03-04T07:02:53.672+0000] {processor.py:925} INFO - DAG(s) 'example_branch_labels' retrieved from /home/airflow/.local/lib/python3.12/site-packages/airflow/example_dags/example_branch_labels.py
[2025-03-04T07:02:53.693+0000] {logging_mixin.py:190} INFO - [2025-03-04T07:02:53.693+0000] {dag.py:3239} INFO - Sync 1 DAGs
[2025-03-04T07:02:53.717+0000] {logging_mixin.py:190} INFO - [2025-03-04T07:02:53.716+0000] {dag.py:4180} INFO - Setting next_dagrun for example_branch_labels to 2025-03-03 00:00:00+00:00, run_after=2025-03-04 00:00:00+00:00
[2025-03-04T07:02:53.743+0000] {processor.py:208} INFO - Processing /home/airflow/.local/lib/python3.12/site-packages/airflow/example_dags/example_branch_labels.py took 0.089 seconds
[2025-03-04T07:03:23.844+0000] {processor.py:186} INFO - Started process (PID=1582) to work on /home/airflow/.local/lib/python3.12/site-packages/airflow/example_dags/example_branch_labels.py
[2025-03-04T07:03:23.845+0000] {processor.py:914} INFO - Processing file /home/airflow/.local/lib/python3.12/site-packages/airflow/example_dags/example_branch_labels.py for tasks to queue
[2025-03-04T07:03:23.846+0000] {logging_mixin.py:190} INFO - [2025-03-04T07:03:23.846+0000] {dagbag.py:588} INFO - Filling up the DagBag from /home/airflow/.local/lib/python3.12/site-packages/airflow/example_dags/example_branch_labels.py
[2025-03-04T07:03:23.861+0000] {processor.py:925} INFO - DAG(s) 'example_branch_labels' retrieved from /home/airflow/.local/lib/python3.12/site-packages/airflow/example_dags/example_branch_labels.py
[2025-03-04T07:03:23.877+0000] {logging_mixin.py:190} INFO - [2025-03-04T07:03:23.877+0000] {dag.py:3239} INFO - Sync 1 DAGs
[2025-03-04T07:03:23.895+0000] {logging_mixin.py:190} INFO - [2025-03-04T07:03:23.895+0000] {dag.py:4180} INFO - Setting next_dagrun for example_branch_labels to 2025-03-03 00:00:00+00:00, run_after=2025-03-04 00:00:00+00:00
[2025-03-04T07:03:23.909+0000] {processor.py:208} INFO - Processing /home/airflow/.local/lib/python3.12/site-packages/airflow/example_dags/example_branch_labels.py took 0.070 seconds
[2025-03-04T07:03:54.102+0000] {processor.py:186} INFO - Started process (PID=1657) to work on /home/airflow/.local/lib/python3.12/site-packages/airflow/example_dags/example_branch_labels.py
[2025-03-04T07:03:54.103+0000] {processor.py:914} INFO - Processing file /home/airflow/.local/lib/python3.12/site-packages/airflow/example_dags/example_branch_labels.py for tasks to queue
[2025-03-04T07:03:54.104+0000] {logging_mixin.py:190} INFO - [2025-03-04T07:03:54.104+0000] {dagbag.py:588} INFO - Filling up the DagBag from /home/airflow/.local/lib/python3.12/site-packages/airflow/example_dags/example_branch_labels.py
[2025-03-04T07:03:54.112+0000] {processor.py:925} INFO - DAG(s) 'example_branch_labels' retrieved from /home/airflow/.local/lib/python3.12/site-packages/airflow/example_dags/example_branch_labels.py
[2025-03-04T07:03:54.129+0000] {logging_mixin.py:190} INFO - [2025-03-04T07:03:54.128+0000] {dag.py:3239} INFO - Sync 1 DAGs
[2025-03-04T07:03:54.146+0000] {logging_mixin.py:190} INFO - [2025-03-04T07:03:54.146+0000] {dag.py:4180} INFO - Setting next_dagrun for example_branch_labels to 2025-03-03 00:00:00+00:00, run_after=2025-03-04 00:00:00+00:00
[2025-03-04T07:03:54.162+0000] {processor.py:208} INFO - Processing /home/airflow/.local/lib/python3.12/site-packages/airflow/example_dags/example_branch_labels.py took 0.064 seconds
[2025-03-04T07:04:24.253+0000] {processor.py:186} INFO - Started process (PID=1740) to work on /home/airflow/.local/lib/python3.12/site-packages/airflow/example_dags/example_branch_labels.py
[2025-03-04T07:04:24.254+0000] {processor.py:914} INFO - Processing file /home/airflow/.local/lib/python3.12/site-packages/airflow/example_dags/example_branch_labels.py for tasks to queue
[2025-03-04T07:04:24.255+0000] {logging_mixin.py:190} INFO - [2025-03-04T07:04:24.255+0000] {dagbag.py:588} INFO - Filling up the DagBag from /home/airflow/.local/lib/python3.12/site-packages/airflow/example_dags/example_branch_labels.py
[2025-03-04T07:04:24.264+0000] {processor.py:925} INFO - DAG(s) 'example_branch_labels' retrieved from /home/airflow/.local/lib/python3.12/site-packages/airflow/example_dags/example_branch_labels.py
[2025-03-04T07:04:24.283+0000] {logging_mixin.py:190} INFO - [2025-03-04T07:04:24.283+0000] {dag.py:3239} INFO - Sync 1 DAGs
[2025-03-04T07:04:24.303+0000] {logging_mixin.py:190} INFO - [2025-03-04T07:04:24.303+0000] {dag.py:4180} INFO - Setting next_dagrun for example_branch_labels to 2025-03-03 00:00:00+00:00, run_after=2025-03-04 00:00:00+00:00
[2025-03-04T07:04:24.322+0000] {processor.py:208} INFO - Processing /home/airflow/.local/lib/python3.12/site-packages/airflow/example_dags/example_branch_labels.py took 0.074 seconds
[2025-03-04T07:04:54.434+0000] {processor.py:186} INFO - Started process (PID=1814) to work on /home/airflow/.local/lib/python3.12/site-packages/airflow/example_dags/example_branch_labels.py
[2025-03-04T07:04:54.435+0000] {processor.py:914} INFO - Processing file /home/airflow/.local/lib/python3.12/site-packages/airflow/example_dags/example_branch_labels.py for tasks to queue
[2025-03-04T07:04:54.436+0000] {logging_mixin.py:190} INFO - [2025-03-04T07:04:54.436+0000] {dagbag.py:588} INFO - Filling up the DagBag from /home/airflow/.local/lib/python3.12/site-packages/airflow/example_dags/example_branch_labels.py
[2025-03-04T07:04:54.445+0000] {processor.py:925} INFO - DAG(s) 'example_branch_labels' retrieved from /home/airflow/.local/lib/python3.12/site-packages/airflow/example_dags/example_branch_labels.py
[2025-03-04T07:04:54.461+0000] {logging_mixin.py:190} INFO - [2025-03-04T07:04:54.461+0000] {dag.py:3239} INFO - Sync 1 DAGs
[2025-03-04T07:04:54.479+0000] {logging_mixin.py:190} INFO - [2025-03-04T07:04:54.479+0000] {dag.py:4180} INFO - Setting next_dagrun for example_branch_labels to 2025-03-03 00:00:00+00:00, run_after=2025-03-04 00:00:00+00:00
[2025-03-04T07:04:54.494+0000] {processor.py:208} INFO - Processing /home/airflow/.local/lib/python3.12/site-packages/airflow/example_dags/example_branch_labels.py took 0.064 seconds
[2025-03-04T07:05:24.835+0000] {processor.py:186} INFO - Started process (PID=1896) to work on /home/airflow/.local/lib/python3.12/site-packages/airflow/example_dags/example_branch_labels.py
[2025-03-04T07:05:24.836+0000] {processor.py:914} INFO - Processing file /home/airflow/.local/lib/python3.12/site-packages/airflow/example_dags/example_branch_labels.py for tasks to queue
[2025-03-04T07:05:24.837+0000] {logging_mixin.py:190} INFO - [2025-03-04T07:05:24.837+0000] {dagbag.py:588} INFO - Filling up the DagBag from /home/airflow/.local/lib/python3.12/site-packages/airflow/example_dags/example_branch_labels.py
[2025-03-04T07:05:24.844+0000] {processor.py:925} INFO - DAG(s) 'example_branch_labels' retrieved from /home/airflow/.local/lib/python3.12/site-packages/airflow/example_dags/example_branch_labels.py
[2025-03-04T07:05:24.862+0000] {logging_mixin.py:190} INFO - [2025-03-04T07:05:24.862+0000] {dag.py:3239} INFO - Sync 1 DAGs
[2025-03-04T07:05:24.880+0000] {logging_mixin.py:190} INFO - [2025-03-04T07:05:24.880+0000] {dag.py:4180} INFO - Setting next_dagrun for example_branch_labels to 2025-03-03 00:00:00+00:00, run_after=2025-03-04 00:00:00+00:00
[2025-03-04T07:05:24.896+0000] {processor.py:208} INFO - Processing /home/airflow/.local/lib/python3.12/site-packages/airflow/example_dags/example_branch_labels.py took 0.069 seconds
[2025-03-04T07:05:55.104+0000] {processor.py:186} INFO - Started process (PID=1970) to work on /home/airflow/.local/lib/python3.12/site-packages/airflow/example_dags/example_branch_labels.py
[2025-03-04T07:05:55.105+0000] {processor.py:914} INFO - Processing file /home/airflow/.local/lib/python3.12/site-packages/airflow/example_dags/example_branch_labels.py for tasks to queue
[2025-03-04T07:05:55.107+0000] {logging_mixin.py:190} INFO - [2025-03-04T07:05:55.107+0000] {dagbag.py:588} INFO - Filling up the DagBag from /home/airflow/.local/lib/python3.12/site-packages/airflow/example_dags/example_branch_labels.py
[2025-03-04T07:05:55.117+0000] {processor.py:925} INFO - DAG(s) 'example_branch_labels' retrieved from /home/airflow/.local/lib/python3.12/site-packages/airflow/example_dags/example_branch_labels.py
[2025-03-04T07:05:55.138+0000] {logging_mixin.py:190} INFO - [2025-03-04T07:05:55.137+0000] {dag.py:3239} INFO - Sync 1 DAGs
[2025-03-04T07:05:55.158+0000] {logging_mixin.py:190} INFO - [2025-03-04T07:05:55.158+0000] {dag.py:4180} INFO - Setting next_dagrun for example_branch_labels to 2025-03-03 00:00:00+00:00, run_after=2025-03-04 00:00:00+00:00
[2025-03-04T07:05:55.177+0000] {processor.py:208} INFO - Processing /home/airflow/.local/lib/python3.12/site-packages/airflow/example_dags/example_branch_labels.py took 0.078 seconds
[2025-03-04T07:06:25.619+0000] {processor.py:186} INFO - Started process (PID=2052) to work on /home/airflow/.local/lib/python3.12/site-packages/airflow/example_dags/example_branch_labels.py
[2025-03-04T07:06:25.620+0000] {processor.py:914} INFO - Processing file /home/airflow/.local/lib/python3.12/site-packages/airflow/example_dags/example_branch_labels.py for tasks to queue
[2025-03-04T07:06:25.622+0000] {logging_mixin.py:190} INFO - [2025-03-04T07:06:25.621+0000] {dagbag.py:588} INFO - Filling up the DagBag from /home/airflow/.local/lib/python3.12/site-packages/airflow/example_dags/example_branch_labels.py
[2025-03-04T07:06:25.635+0000] {processor.py:925} INFO - DAG(s) 'example_branch_labels' retrieved from /home/airflow/.local/lib/python3.12/site-packages/airflow/example_dags/example_branch_labels.py
[2025-03-04T07:06:25.664+0000] {logging_mixin.py:190} INFO - [2025-03-04T07:06:25.663+0000] {dag.py:3239} INFO - Sync 1 DAGs
[2025-03-04T07:06:25.693+0000] {logging_mixin.py:190} INFO - [2025-03-04T07:06:25.693+0000] {dag.py:4180} INFO - Setting next_dagrun for example_branch_labels to 2025-03-03 00:00:00+00:00, run_after=2025-03-04 00:00:00+00:00
[2025-03-04T07:06:25.717+0000] {processor.py:208} INFO - Processing /home/airflow/.local/lib/python3.12/site-packages/airflow/example_dags/example_branch_labels.py took 0.106 seconds
[2025-03-04T07:06:55.934+0000] {processor.py:186} INFO - Started process (PID=2126) to work on /home/airflow/.local/lib/python3.12/site-packages/airflow/example_dags/example_branch_labels.py
[2025-03-04T07:06:55.935+0000] {processor.py:914} INFO - Processing file /home/airflow/.local/lib/python3.12/site-packages/airflow/example_dags/example_branch_labels.py for tasks to queue
[2025-03-04T07:06:55.936+0000] {logging_mixin.py:190} INFO - [2025-03-04T07:06:55.936+0000] {dagbag.py:588} INFO - Filling up the DagBag from /home/airflow/.local/lib/python3.12/site-packages/airflow/example_dags/example_branch_labels.py
[2025-03-04T07:06:55.943+0000] {processor.py:925} INFO - DAG(s) 'example_branch_labels' retrieved from /home/airflow/.local/lib/python3.12/site-packages/airflow/example_dags/example_branch_labels.py
[2025-03-04T07:06:55.962+0000] {logging_mixin.py:190} INFO - [2025-03-04T07:06:55.962+0000] {dag.py:3239} INFO - Sync 1 DAGs
[2025-03-04T07:06:55.980+0000] {logging_mixin.py:190} INFO - [2025-03-04T07:06:55.980+0000] {dag.py:4180} INFO - Setting next_dagrun for example_branch_labels to 2025-03-03 00:00:00+00:00, run_after=2025-03-04 00:00:00+00:00
[2025-03-04T07:06:55.994+0000] {processor.py:208} INFO - Processing /home/airflow/.local/lib/python3.12/site-packages/airflow/example_dags/example_branch_labels.py took 0.065 seconds
[2025-03-04T07:07:26.218+0000] {processor.py:186} INFO - Started process (PID=2207) to work on /home/airflow/.local/lib/python3.12/site-packages/airflow/example_dags/example_branch_labels.py
[2025-03-04T07:07:26.219+0000] {processor.py:914} INFO - Processing file /home/airflow/.local/lib/python3.12/site-packages/airflow/example_dags/example_branch_labels.py for tasks to queue
[2025-03-04T07:07:26.221+0000] {logging_mixin.py:190} INFO - [2025-03-04T07:07:26.221+0000] {dagbag.py:588} INFO - Filling up the DagBag from /home/airflow/.local/lib/python3.12/site-packages/airflow/example_dags/example_branch_labels.py
[2025-03-04T07:07:26.231+0000] {processor.py:925} INFO - DAG(s) 'example_branch_labels' retrieved from /home/airflow/.local/lib/python3.12/site-packages/airflow/example_dags/example_branch_labels.py
[2025-03-04T07:07:26.249+0000] {logging_mixin.py:190} INFO - [2025-03-04T07:07:26.249+0000] {dag.py:3239} INFO - Sync 1 DAGs
[2025-03-04T07:07:26.271+0000] {logging_mixin.py:190} INFO - [2025-03-04T07:07:26.271+0000] {dag.py:4180} INFO - Setting next_dagrun for example_branch_labels to 2025-03-03 00:00:00+00:00, run_after=2025-03-04 00:00:00+00:00
[2025-03-04T07:07:26.287+0000] {processor.py:208} INFO - Processing /home/airflow/.local/lib/python3.12/site-packages/airflow/example_dags/example_branch_labels.py took 0.074 seconds
[2025-03-04T07:07:56.607+0000] {processor.py:186} INFO - Started process (PID=2282) to work on /home/airflow/.local/lib/python3.12/site-packages/airflow/example_dags/example_branch_labels.py
[2025-03-04T07:07:56.608+0000] {processor.py:914} INFO - Processing file /home/airflow/.local/lib/python3.12/site-packages/airflow/example_dags/example_branch_labels.py for tasks to queue
[2025-03-04T07:07:56.609+0000] {logging_mixin.py:190} INFO - [2025-03-04T07:07:56.609+0000] {dagbag.py:588} INFO - Filling up the DagBag from /home/airflow/.local/lib/python3.12/site-packages/airflow/example_dags/example_branch_labels.py
[2025-03-04T07:07:56.617+0000] {processor.py:925} INFO - DAG(s) 'example_branch_labels' retrieved from /home/airflow/.local/lib/python3.12/site-packages/airflow/example_dags/example_branch_labels.py
[2025-03-04T07:07:56.634+0000] {logging_mixin.py:190} INFO - [2025-03-04T07:07:56.634+0000] {dag.py:3239} INFO - Sync 1 DAGs
[2025-03-04T07:07:56.654+0000] {logging_mixin.py:190} INFO - [2025-03-04T07:07:56.654+0000] {dag.py:4180} INFO - Setting next_dagrun for example_branch_labels to 2025-03-03 00:00:00+00:00, run_after=2025-03-04 00:00:00+00:00
[2025-03-04T07:07:56.669+0000] {processor.py:208} INFO - Processing /home/airflow/.local/lib/python3.12/site-packages/airflow/example_dags/example_branch_labels.py took 0.066 seconds
[2025-03-04T07:08:27.437+0000] {processor.py:186} INFO - Started process (PID=2363) to work on /home/airflow/.local/lib/python3.12/site-packages/airflow/example_dags/example_branch_labels.py
[2025-03-04T07:08:27.438+0000] {processor.py:914} INFO - Processing file /home/airflow/.local/lib/python3.12/site-packages/airflow/example_dags/example_branch_labels.py for tasks to queue
[2025-03-04T07:08:27.439+0000] {logging_mixin.py:190} INFO - [2025-03-04T07:08:27.439+0000] {dagbag.py:588} INFO - Filling up the DagBag from /home/airflow/.local/lib/python3.12/site-packages/airflow/example_dags/example_branch_labels.py
[2025-03-04T07:08:27.448+0000] {processor.py:925} INFO - DAG(s) 'example_branch_labels' retrieved from /home/airflow/.local/lib/python3.12/site-packages/airflow/example_dags/example_branch_labels.py
[2025-03-04T07:08:27.469+0000] {logging_mixin.py:190} INFO - [2025-03-04T07:08:27.468+0000] {dag.py:3239} INFO - Sync 1 DAGs
[2025-03-04T07:08:27.490+0000] {logging_mixin.py:190} INFO - [2025-03-04T07:08:27.489+0000] {dag.py:4180} INFO - Setting next_dagrun for example_branch_labels to 2025-03-03 00:00:00+00:00, run_after=2025-03-04 00:00:00+00:00
[2025-03-04T07:08:27.511+0000] {processor.py:208} INFO - Processing /home/airflow/.local/lib/python3.12/site-packages/airflow/example_dags/example_branch_labels.py took 0.080 seconds
[2025-03-04T07:08:58.011+0000] {processor.py:186} INFO - Started process (PID=2439) to work on /home/airflow/.local/lib/python3.12/site-packages/airflow/example_dags/example_branch_labels.py
[2025-03-04T07:08:58.013+0000] {processor.py:914} INFO - Processing file /home/airflow/.local/lib/python3.12/site-packages/airflow/example_dags/example_branch_labels.py for tasks to queue
[2025-03-04T07:08:58.015+0000] {logging_mixin.py:190} INFO - [2025-03-04T07:08:58.015+0000] {dagbag.py:588} INFO - Filling up the DagBag from /home/airflow/.local/lib/python3.12/site-packages/airflow/example_dags/example_branch_labels.py
[2025-03-04T07:08:58.027+0000] {processor.py:925} INFO - DAG(s) 'example_branch_labels' retrieved from /home/airflow/.local/lib/python3.12/site-packages/airflow/example_dags/example_branch_labels.py
[2025-03-04T07:08:58.054+0000] {logging_mixin.py:190} INFO - [2025-03-04T07:08:58.054+0000] {dag.py:3239} INFO - Sync 1 DAGs
[2025-03-04T07:08:58.079+0000] {logging_mixin.py:190} INFO - [2025-03-04T07:08:58.079+0000] {dag.py:4180} INFO - Setting next_dagrun for example_branch_labels to 2025-03-03 00:00:00+00:00, run_after=2025-03-04 00:00:00+00:00
[2025-03-04T07:08:58.101+0000] {processor.py:208} INFO - Processing /home/airflow/.local/lib/python3.12/site-packages/airflow/example_dags/example_branch_labels.py took 0.096 seconds
[2025-03-04T07:09:28.601+0000] {processor.py:186} INFO - Started process (PID=2513) to work on /home/airflow/.local/lib/python3.12/site-packages/airflow/example_dags/example_branch_labels.py
[2025-03-04T07:09:28.602+0000] {processor.py:914} INFO - Processing file /home/airflow/.local/lib/python3.12/site-packages/airflow/example_dags/example_branch_labels.py for tasks to queue
[2025-03-04T07:09:28.604+0000] {logging_mixin.py:190} INFO - [2025-03-04T07:09:28.603+0000] {dagbag.py:588} INFO - Filling up the DagBag from /home/airflow/.local/lib/python3.12/site-packages/airflow/example_dags/example_branch_labels.py
[2025-03-04T07:09:28.615+0000] {processor.py:925} INFO - DAG(s) 'example_branch_labels' retrieved from /home/airflow/.local/lib/python3.12/site-packages/airflow/example_dags/example_branch_labels.py
[2025-03-04T07:09:28.646+0000] {logging_mixin.py:190} INFO - [2025-03-04T07:09:28.646+0000] {dag.py:3239} INFO - Sync 1 DAGs
[2025-03-04T07:09:28.685+0000] {logging_mixin.py:190} INFO - [2025-03-04T07:09:28.685+0000] {dag.py:4180} INFO - Setting next_dagrun for example_branch_labels to 2025-03-03 00:00:00+00:00, run_after=2025-03-04 00:00:00+00:00
[2025-03-04T07:09:28.719+0000] {processor.py:208} INFO - Processing /home/airflow/.local/lib/python3.12/site-packages/airflow/example_dags/example_branch_labels.py took 0.123 seconds
[2025-03-04T07:09:59.193+0000] {processor.py:186} INFO - Started process (PID=2595) to work on /home/airflow/.local/lib/python3.12/site-packages/airflow/example_dags/example_branch_labels.py
[2025-03-04T07:09:59.195+0000] {processor.py:914} INFO - Processing file /home/airflow/.local/lib/python3.12/site-packages/airflow/example_dags/example_branch_labels.py for tasks to queue
[2025-03-04T07:09:59.197+0000] {logging_mixin.py:190} INFO - [2025-03-04T07:09:59.196+0000] {dagbag.py:588} INFO - Filling up the DagBag from /home/airflow/.local/lib/python3.12/site-packages/airflow/example_dags/example_branch_labels.py
[2025-03-04T07:09:59.207+0000] {processor.py:925} INFO - DAG(s) 'example_branch_labels' retrieved from /home/airflow/.local/lib/python3.12/site-packages/airflow/example_dags/example_branch_labels.py
[2025-03-04T07:09:59.228+0000] {logging_mixin.py:190} INFO - [2025-03-04T07:09:59.228+0000] {dag.py:3239} INFO - Sync 1 DAGs
[2025-03-04T07:09:59.255+0000] {logging_mixin.py:190} INFO - [2025-03-04T07:09:59.254+0000] {dag.py:4180} INFO - Setting next_dagrun for example_branch_labels to 2025-03-03 00:00:00+00:00, run_after=2025-03-04 00:00:00+00:00
[2025-03-04T07:09:59.274+0000] {processor.py:208} INFO - Processing /home/airflow/.local/lib/python3.12/site-packages/airflow/example_dags/example_branch_labels.py took 0.086 seconds
[2025-03-04T07:10:29.549+0000] {processor.py:186} INFO - Started process (PID=2668) to work on /home/airflow/.local/lib/python3.12/site-packages/airflow/example_dags/example_branch_labels.py
[2025-03-04T07:10:29.554+0000] {processor.py:914} INFO - Processing file /home/airflow/.local/lib/python3.12/site-packages/airflow/example_dags/example_branch_labels.py for tasks to queue
[2025-03-04T07:10:29.559+0000] {logging_mixin.py:190} INFO - [2025-03-04T07:10:29.558+0000] {dagbag.py:588} INFO - Filling up the DagBag from /home/airflow/.local/lib/python3.12/site-packages/airflow/example_dags/example_branch_labels.py
[2025-03-04T07:10:29.571+0000] {processor.py:925} INFO - DAG(s) 'example_branch_labels' retrieved from /home/airflow/.local/lib/python3.12/site-packages/airflow/example_dags/example_branch_labels.py
[2025-03-04T07:10:29.593+0000] {logging_mixin.py:190} INFO - [2025-03-04T07:10:29.593+0000] {dag.py:3239} INFO - Sync 1 DAGs
[2025-03-04T07:10:29.616+0000] {logging_mixin.py:190} INFO - [2025-03-04T07:10:29.616+0000] {dag.py:4180} INFO - Setting next_dagrun for example_branch_labels to 2025-03-03 00:00:00+00:00, run_after=2025-03-04 00:00:00+00:00
[2025-03-04T07:10:29.639+0000] {processor.py:208} INFO - Processing /home/airflow/.local/lib/python3.12/site-packages/airflow/example_dags/example_branch_labels.py took 0.095 seconds
[2025-03-04T07:10:59.793+0000] {processor.py:186} INFO - Started process (PID=2749) to work on /home/airflow/.local/lib/python3.12/site-packages/airflow/example_dags/example_branch_labels.py
[2025-03-04T07:10:59.794+0000] {processor.py:914} INFO - Processing file /home/airflow/.local/lib/python3.12/site-packages/airflow/example_dags/example_branch_labels.py for tasks to queue
[2025-03-04T07:10:59.795+0000] {logging_mixin.py:190} INFO - [2025-03-04T07:10:59.795+0000] {dagbag.py:588} INFO - Filling up the DagBag from /home/airflow/.local/lib/python3.12/site-packages/airflow/example_dags/example_branch_labels.py
[2025-03-04T07:10:59.804+0000] {processor.py:925} INFO - DAG(s) 'example_branch_labels' retrieved from /home/airflow/.local/lib/python3.12/site-packages/airflow/example_dags/example_branch_labels.py
[2025-03-04T07:10:59.823+0000] {logging_mixin.py:190} INFO - [2025-03-04T07:10:59.822+0000] {dag.py:3239} INFO - Sync 1 DAGs
[2025-03-04T07:10:59.842+0000] {logging_mixin.py:190} INFO - [2025-03-04T07:10:59.842+0000] {dag.py:4180} INFO - Setting next_dagrun for example_branch_labels to 2025-03-03 00:00:00+00:00, run_after=2025-03-04 00:00:00+00:00
[2025-03-04T07:10:59.858+0000] {processor.py:208} INFO - Processing /home/airflow/.local/lib/python3.12/site-packages/airflow/example_dags/example_branch_labels.py took 0.070 seconds
[2025-03-04T07:11:30.243+0000] {processor.py:186} INFO - Started process (PID=2824) to work on /home/airflow/.local/lib/python3.12/site-packages/airflow/example_dags/example_branch_labels.py
[2025-03-04T07:11:30.245+0000] {processor.py:914} INFO - Processing file /home/airflow/.local/lib/python3.12/site-packages/airflow/example_dags/example_branch_labels.py for tasks to queue
[2025-03-04T07:11:30.248+0000] {logging_mixin.py:190} INFO - [2025-03-04T07:11:30.247+0000] {dagbag.py:588} INFO - Filling up the DagBag from /home/airflow/.local/lib/python3.12/site-packages/airflow/example_dags/example_branch_labels.py
[2025-03-04T07:11:30.257+0000] {processor.py:925} INFO - DAG(s) 'example_branch_labels' retrieved from /home/airflow/.local/lib/python3.12/site-packages/airflow/example_dags/example_branch_labels.py
[2025-03-04T07:11:30.278+0000] {logging_mixin.py:190} INFO - [2025-03-04T07:11:30.278+0000] {dag.py:3239} INFO - Sync 1 DAGs
[2025-03-04T07:11:30.306+0000] {logging_mixin.py:190} INFO - [2025-03-04T07:11:30.306+0000] {dag.py:4180} INFO - Setting next_dagrun for example_branch_labels to 2025-03-03 00:00:00+00:00, run_after=2025-03-04 00:00:00+00:00
[2025-03-04T07:11:30.321+0000] {processor.py:208} INFO - Processing /home/airflow/.local/lib/python3.12/site-packages/airflow/example_dags/example_branch_labels.py took 0.084 seconds
[2025-03-04T07:12:01.027+0000] {processor.py:186} INFO - Started process (PID=2897) to work on /home/airflow/.local/lib/python3.12/site-packages/airflow/example_dags/example_branch_labels.py
[2025-03-04T07:12:01.029+0000] {processor.py:914} INFO - Processing file /home/airflow/.local/lib/python3.12/site-packages/airflow/example_dags/example_branch_labels.py for tasks to queue
[2025-03-04T07:12:01.031+0000] {logging_mixin.py:190} INFO - [2025-03-04T07:12:01.030+0000] {dagbag.py:588} INFO - Filling up the DagBag from /home/airflow/.local/lib/python3.12/site-packages/airflow/example_dags/example_branch_labels.py
[2025-03-04T07:12:01.039+0000] {processor.py:925} INFO - DAG(s) 'example_branch_labels' retrieved from /home/airflow/.local/lib/python3.12/site-packages/airflow/example_dags/example_branch_labels.py
[2025-03-04T07:12:01.057+0000] {logging_mixin.py:190} INFO - [2025-03-04T07:12:01.057+0000] {dag.py:3239} INFO - Sync 1 DAGs
[2025-03-04T07:12:01.083+0000] {logging_mixin.py:190} INFO - [2025-03-04T07:12:01.082+0000] {dag.py:4180} INFO - Setting next_dagrun for example_branch_labels to 2025-03-03 00:00:00+00:00, run_after=2025-03-04 00:00:00+00:00
[2025-03-04T07:12:01.101+0000] {processor.py:208} INFO - Processing /home/airflow/.local/lib/python3.12/site-packages/airflow/example_dags/example_branch_labels.py took 0.080 seconds
[2025-03-04T07:12:31.229+0000] {processor.py:186} INFO - Started process (PID=2977) to work on /home/airflow/.local/lib/python3.12/site-packages/airflow/example_dags/example_branch_labels.py
[2025-03-04T07:12:31.231+0000] {processor.py:914} INFO - Processing file /home/airflow/.local/lib/python3.12/site-packages/airflow/example_dags/example_branch_labels.py for tasks to queue
[2025-03-04T07:12:31.233+0000] {logging_mixin.py:190} INFO - [2025-03-04T07:12:31.232+0000] {dagbag.py:588} INFO - Filling up the DagBag from /home/airflow/.local/lib/python3.12/site-packages/airflow/example_dags/example_branch_labels.py
[2025-03-04T07:12:31.244+0000] {processor.py:925} INFO - DAG(s) 'example_branch_labels' retrieved from /home/airflow/.local/lib/python3.12/site-packages/airflow/example_dags/example_branch_labels.py
[2025-03-04T07:12:31.270+0000] {logging_mixin.py:190} INFO - [2025-03-04T07:12:31.269+0000] {dag.py:3239} INFO - Sync 1 DAGs
[2025-03-04T07:12:31.312+0000] {logging_mixin.py:190} INFO - [2025-03-04T07:12:31.311+0000] {dag.py:4180} INFO - Setting next_dagrun for example_branch_labels to 2025-03-03 00:00:00+00:00, run_after=2025-03-04 00:00:00+00:00
[2025-03-04T07:12:31.337+0000] {processor.py:208} INFO - Processing /home/airflow/.local/lib/python3.12/site-packages/airflow/example_dags/example_branch_labels.py took 0.114 seconds
[2025-03-04T07:13:02.254+0000] {processor.py:186} INFO - Started process (PID=3050) to work on /home/airflow/.local/lib/python3.12/site-packages/airflow/example_dags/example_branch_labels.py
[2025-03-04T07:13:02.255+0000] {processor.py:914} INFO - Processing file /home/airflow/.local/lib/python3.12/site-packages/airflow/example_dags/example_branch_labels.py for tasks to queue
[2025-03-04T07:13:02.256+0000] {logging_mixin.py:190} INFO - [2025-03-04T07:13:02.256+0000] {dagbag.py:588} INFO - Filling up the DagBag from /home/airflow/.local/lib/python3.12/site-packages/airflow/example_dags/example_branch_labels.py
[2025-03-04T07:13:02.264+0000] {processor.py:925} INFO - DAG(s) 'example_branch_labels' retrieved from /home/airflow/.local/lib/python3.12/site-packages/airflow/example_dags/example_branch_labels.py
[2025-03-04T07:13:02.279+0000] {logging_mixin.py:190} INFO - [2025-03-04T07:13:02.279+0000] {dag.py:3239} INFO - Sync 1 DAGs
[2025-03-04T07:13:02.296+0000] {logging_mixin.py:190} INFO - [2025-03-04T07:13:02.296+0000] {dag.py:4180} INFO - Setting next_dagrun for example_branch_labels to 2025-03-03 00:00:00+00:00, run_after=2025-03-04 00:00:00+00:00
[2025-03-04T07:13:02.308+0000] {processor.py:208} INFO - Processing /home/airflow/.local/lib/python3.12/site-packages/airflow/example_dags/example_branch_labels.py took 0.059 seconds
[2025-03-04T07:13:32.497+0000] {processor.py:186} INFO - Started process (PID=3130) to work on /home/airflow/.local/lib/python3.12/site-packages/airflow/example_dags/example_branch_labels.py
[2025-03-04T07:13:32.499+0000] {processor.py:914} INFO - Processing file /home/airflow/.local/lib/python3.12/site-packages/airflow/example_dags/example_branch_labels.py for tasks to queue
[2025-03-04T07:13:32.500+0000] {logging_mixin.py:190} INFO - [2025-03-04T07:13:32.500+0000] {dagbag.py:588} INFO - Filling up the DagBag from /home/airflow/.local/lib/python3.12/site-packages/airflow/example_dags/example_branch_labels.py
[2025-03-04T07:13:32.512+0000] {processor.py:925} INFO - DAG(s) 'example_branch_labels' retrieved from /home/airflow/.local/lib/python3.12/site-packages/airflow/example_dags/example_branch_labels.py
[2025-03-04T07:13:32.534+0000] {logging_mixin.py:190} INFO - [2025-03-04T07:13:32.534+0000] {dag.py:3239} INFO - Sync 1 DAGs
[2025-03-04T07:13:32.563+0000] {logging_mixin.py:190} INFO - [2025-03-04T07:13:32.563+0000] {dag.py:4180} INFO - Setting next_dagrun for example_branch_labels to 2025-03-03 00:00:00+00:00, run_after=2025-03-04 00:00:00+00:00
[2025-03-04T07:13:32.582+0000] {processor.py:208} INFO - Processing /home/airflow/.local/lib/python3.12/site-packages/airflow/example_dags/example_branch_labels.py took 0.092 seconds
[2025-03-04T07:14:02.670+0000] {processor.py:186} INFO - Started process (PID=3205) to work on /home/airflow/.local/lib/python3.12/site-packages/airflow/example_dags/example_branch_labels.py
[2025-03-04T07:14:02.671+0000] {processor.py:914} INFO - Processing file /home/airflow/.local/lib/python3.12/site-packages/airflow/example_dags/example_branch_labels.py for tasks to queue
[2025-03-04T07:14:02.673+0000] {logging_mixin.py:190} INFO - [2025-03-04T07:14:02.672+0000] {dagbag.py:588} INFO - Filling up the DagBag from /home/airflow/.local/lib/python3.12/site-packages/airflow/example_dags/example_branch_labels.py
[2025-03-04T07:14:02.681+0000] {processor.py:925} INFO - DAG(s) 'example_branch_labels' retrieved from /home/airflow/.local/lib/python3.12/site-packages/airflow/example_dags/example_branch_labels.py
[2025-03-04T07:14:02.696+0000] {logging_mixin.py:190} INFO - [2025-03-04T07:14:02.696+0000] {dag.py:3239} INFO - Sync 1 DAGs
[2025-03-04T07:14:02.713+0000] {logging_mixin.py:190} INFO - [2025-03-04T07:14:02.713+0000] {dag.py:4180} INFO - Setting next_dagrun for example_branch_labels to 2025-03-03 00:00:00+00:00, run_after=2025-03-04 00:00:00+00:00
[2025-03-04T07:14:02.726+0000] {processor.py:208} INFO - Processing /home/airflow/.local/lib/python3.12/site-packages/airflow/example_dags/example_branch_labels.py took 0.060 seconds
[2025-03-04T07:14:33.187+0000] {processor.py:186} INFO - Started process (PID=3283) to work on /home/airflow/.local/lib/python3.12/site-packages/airflow/example_dags/example_branch_labels.py
[2025-03-04T07:14:33.188+0000] {processor.py:914} INFO - Processing file /home/airflow/.local/lib/python3.12/site-packages/airflow/example_dags/example_branch_labels.py for tasks to queue
[2025-03-04T07:14:33.189+0000] {logging_mixin.py:190} INFO - [2025-03-04T07:14:33.189+0000] {dagbag.py:588} INFO - Filling up the DagBag from /home/airflow/.local/lib/python3.12/site-packages/airflow/example_dags/example_branch_labels.py
[2025-03-04T07:14:33.198+0000] {processor.py:925} INFO - DAG(s) 'example_branch_labels' retrieved from /home/airflow/.local/lib/python3.12/site-packages/airflow/example_dags/example_branch_labels.py
[2025-03-04T07:14:33.216+0000] {logging_mixin.py:190} INFO - [2025-03-04T07:14:33.216+0000] {dag.py:3239} INFO - Sync 1 DAGs
[2025-03-04T07:14:33.241+0000] {logging_mixin.py:190} INFO - [2025-03-04T07:14:33.241+0000] {dag.py:4180} INFO - Setting next_dagrun for example_branch_labels to 2025-03-03 00:00:00+00:00, run_after=2025-03-04 00:00:00+00:00
[2025-03-04T07:14:33.258+0000] {processor.py:208} INFO - Processing /home/airflow/.local/lib/python3.12/site-packages/airflow/example_dags/example_branch_labels.py took 0.078 seconds
[2025-03-04T07:15:03.916+0000] {processor.py:186} INFO - Started process (PID=3366) to work on /home/airflow/.local/lib/python3.12/site-packages/airflow/example_dags/example_branch_labels.py
[2025-03-04T07:15:03.918+0000] {processor.py:914} INFO - Processing file /home/airflow/.local/lib/python3.12/site-packages/airflow/example_dags/example_branch_labels.py for tasks to queue
[2025-03-04T07:15:03.920+0000] {logging_mixin.py:190} INFO - [2025-03-04T07:15:03.919+0000] {dagbag.py:588} INFO - Filling up the DagBag from /home/airflow/.local/lib/python3.12/site-packages/airflow/example_dags/example_branch_labels.py
[2025-03-04T07:15:03.932+0000] {processor.py:925} INFO - DAG(s) 'example_branch_labels' retrieved from /home/airflow/.local/lib/python3.12/site-packages/airflow/example_dags/example_branch_labels.py
[2025-03-04T07:15:03.957+0000] {logging_mixin.py:190} INFO - [2025-03-04T07:15:03.957+0000] {dag.py:3239} INFO - Sync 1 DAGs
[2025-03-04T07:15:03.984+0000] {logging_mixin.py:190} INFO - [2025-03-04T07:15:03.984+0000] {dag.py:4180} INFO - Setting next_dagrun for example_branch_labels to 2025-03-03 00:00:00+00:00, run_after=2025-03-04 00:00:00+00:00
[2025-03-04T07:15:04.006+0000] {processor.py:208} INFO - Processing /home/airflow/.local/lib/python3.12/site-packages/airflow/example_dags/example_branch_labels.py took 0.097 seconds
[2025-03-04T07:15:34.384+0000] {processor.py:186} INFO - Started process (PID=3441) to work on /home/airflow/.local/lib/python3.12/site-packages/airflow/example_dags/example_branch_labels.py
[2025-03-04T07:15:34.385+0000] {processor.py:914} INFO - Processing file /home/airflow/.local/lib/python3.12/site-packages/airflow/example_dags/example_branch_labels.py for tasks to queue
[2025-03-04T07:15:34.386+0000] {logging_mixin.py:190} INFO - [2025-03-04T07:15:34.386+0000] {dagbag.py:588} INFO - Filling up the DagBag from /home/airflow/.local/lib/python3.12/site-packages/airflow/example_dags/example_branch_labels.py
[2025-03-04T07:15:34.394+0000] {processor.py:925} INFO - DAG(s) 'example_branch_labels' retrieved from /home/airflow/.local/lib/python3.12/site-packages/airflow/example_dags/example_branch_labels.py
[2025-03-04T07:15:34.409+0000] {logging_mixin.py:190} INFO - [2025-03-04T07:15:34.409+0000] {dag.py:3239} INFO - Sync 1 DAGs
[2025-03-04T07:15:34.426+0000] {logging_mixin.py:190} INFO - [2025-03-04T07:15:34.426+0000] {dag.py:4180} INFO - Setting next_dagrun for example_branch_labels to 2025-03-03 00:00:00+00:00, run_after=2025-03-04 00:00:00+00:00
[2025-03-04T07:15:34.438+0000] {processor.py:208} INFO - Processing /home/airflow/.local/lib/python3.12/site-packages/airflow/example_dags/example_branch_labels.py took 0.058 seconds
[2025-03-04T07:16:05.041+0000] {processor.py:186} INFO - Started process (PID=3515) to work on /home/airflow/.local/lib/python3.12/site-packages/airflow/example_dags/example_branch_labels.py
[2025-03-04T07:16:05.041+0000] {processor.py:914} INFO - Processing file /home/airflow/.local/lib/python3.12/site-packages/airflow/example_dags/example_branch_labels.py for tasks to queue
[2025-03-04T07:16:05.042+0000] {logging_mixin.py:190} INFO - [2025-03-04T07:16:05.042+0000] {dagbag.py:588} INFO - Filling up the DagBag from /home/airflow/.local/lib/python3.12/site-packages/airflow/example_dags/example_branch_labels.py
[2025-03-04T07:16:05.050+0000] {processor.py:925} INFO - DAG(s) 'example_branch_labels' retrieved from /home/airflow/.local/lib/python3.12/site-packages/airflow/example_dags/example_branch_labels.py
[2025-03-04T07:16:05.067+0000] {logging_mixin.py:190} INFO - [2025-03-04T07:16:05.067+0000] {dag.py:3239} INFO - Sync 1 DAGs
[2025-03-04T07:16:05.085+0000] {logging_mixin.py:190} INFO - [2025-03-04T07:16:05.085+0000] {dag.py:4180} INFO - Setting next_dagrun for example_branch_labels to 2025-03-03 00:00:00+00:00, run_after=2025-03-04 00:00:00+00:00
[2025-03-04T07:16:05.105+0000] {processor.py:208} INFO - Processing /home/airflow/.local/lib/python3.12/site-packages/airflow/example_dags/example_branch_labels.py took 0.069 seconds
[2025-03-04T07:16:35.793+0000] {processor.py:186} INFO - Started process (PID=3597) to work on /home/airflow/.local/lib/python3.12/site-packages/airflow/example_dags/example_branch_labels.py
[2025-03-04T07:16:35.794+0000] {processor.py:914} INFO - Processing file /home/airflow/.local/lib/python3.12/site-packages/airflow/example_dags/example_branch_labels.py for tasks to queue
[2025-03-04T07:16:35.796+0000] {logging_mixin.py:190} INFO - [2025-03-04T07:16:35.796+0000] {dagbag.py:588} INFO - Filling up the DagBag from /home/airflow/.local/lib/python3.12/site-packages/airflow/example_dags/example_branch_labels.py
[2025-03-04T07:16:35.808+0000] {processor.py:925} INFO - DAG(s) 'example_branch_labels' retrieved from /home/airflow/.local/lib/python3.12/site-packages/airflow/example_dags/example_branch_labels.py
[2025-03-04T07:16:35.830+0000] {logging_mixin.py:190} INFO - [2025-03-04T07:16:35.830+0000] {dag.py:3239} INFO - Sync 1 DAGs
[2025-03-04T07:16:35.851+0000] {logging_mixin.py:190} INFO - [2025-03-04T07:16:35.851+0000] {dag.py:4180} INFO - Setting next_dagrun for example_branch_labels to 2025-03-03 00:00:00+00:00, run_after=2025-03-04 00:00:00+00:00
[2025-03-04T07:16:35.869+0000] {processor.py:208} INFO - Processing /home/airflow/.local/lib/python3.12/site-packages/airflow/example_dags/example_branch_labels.py took 0.083 seconds
[2025-03-04T07:17:06.286+0000] {processor.py:186} INFO - Started process (PID=3670) to work on /home/airflow/.local/lib/python3.12/site-packages/airflow/example_dags/example_branch_labels.py
[2025-03-04T07:17:06.287+0000] {processor.py:914} INFO - Processing file /home/airflow/.local/lib/python3.12/site-packages/airflow/example_dags/example_branch_labels.py for tasks to queue
[2025-03-04T07:17:06.289+0000] {logging_mixin.py:190} INFO - [2025-03-04T07:17:06.289+0000] {dagbag.py:588} INFO - Filling up the DagBag from /home/airflow/.local/lib/python3.12/site-packages/airflow/example_dags/example_branch_labels.py
[2025-03-04T07:17:06.300+0000] {processor.py:925} INFO - DAG(s) 'example_branch_labels' retrieved from /home/airflow/.local/lib/python3.12/site-packages/airflow/example_dags/example_branch_labels.py
[2025-03-04T07:17:06.326+0000] {logging_mixin.py:190} INFO - [2025-03-04T07:17:06.325+0000] {dag.py:3239} INFO - Sync 1 DAGs
[2025-03-04T07:17:06.353+0000] {logging_mixin.py:190} INFO - [2025-03-04T07:17:06.352+0000] {dag.py:4180} INFO - Setting next_dagrun for example_branch_labels to 2025-03-03 00:00:00+00:00, run_after=2025-03-04 00:00:00+00:00
[2025-03-04T07:17:06.373+0000] {processor.py:208} INFO - Processing /home/airflow/.local/lib/python3.12/site-packages/airflow/example_dags/example_branch_labels.py took 0.094 seconds
[2025-03-04T07:17:36.592+0000] {processor.py:186} INFO - Started process (PID=3752) to work on /home/airflow/.local/lib/python3.12/site-packages/airflow/example_dags/example_branch_labels.py
[2025-03-04T07:17:36.594+0000] {processor.py:914} INFO - Processing file /home/airflow/.local/lib/python3.12/site-packages/airflow/example_dags/example_branch_labels.py for tasks to queue
[2025-03-04T07:17:36.596+0000] {logging_mixin.py:190} INFO - [2025-03-04T07:17:36.596+0000] {dagbag.py:588} INFO - Filling up the DagBag from /home/airflow/.local/lib/python3.12/site-packages/airflow/example_dags/example_branch_labels.py
[2025-03-04T07:17:36.608+0000] {processor.py:925} INFO - DAG(s) 'example_branch_labels' retrieved from /home/airflow/.local/lib/python3.12/site-packages/airflow/example_dags/example_branch_labels.py
[2025-03-04T07:17:36.628+0000] {logging_mixin.py:190} INFO - [2025-03-04T07:17:36.628+0000] {dag.py:3239} INFO - Sync 1 DAGs
[2025-03-04T07:17:36.649+0000] {logging_mixin.py:190} INFO - [2025-03-04T07:17:36.649+0000] {dag.py:4180} INFO - Setting next_dagrun for example_branch_labels to 2025-03-03 00:00:00+00:00, run_after=2025-03-04 00:00:00+00:00
[2025-03-04T07:17:36.665+0000] {processor.py:208} INFO - Processing /home/airflow/.local/lib/python3.12/site-packages/airflow/example_dags/example_branch_labels.py took 0.078 seconds
[2025-03-04T07:18:06.784+0000] {processor.py:186} INFO - Started process (PID=3828) to work on /home/airflow/.local/lib/python3.12/site-packages/airflow/example_dags/example_branch_labels.py
[2025-03-04T07:18:06.786+0000] {processor.py:914} INFO - Processing file /home/airflow/.local/lib/python3.12/site-packages/airflow/example_dags/example_branch_labels.py for tasks to queue
[2025-03-04T07:18:06.789+0000] {logging_mixin.py:190} INFO - [2025-03-04T07:18:06.789+0000] {dagbag.py:588} INFO - Filling up the DagBag from /home/airflow/.local/lib/python3.12/site-packages/airflow/example_dags/example_branch_labels.py
[2025-03-04T07:18:06.798+0000] {processor.py:925} INFO - DAG(s) 'example_branch_labels' retrieved from /home/airflow/.local/lib/python3.12/site-packages/airflow/example_dags/example_branch_labels.py
[2025-03-04T07:18:06.821+0000] {logging_mixin.py:190} INFO - [2025-03-04T07:18:06.821+0000] {dag.py:3239} INFO - Sync 1 DAGs
[2025-03-04T07:18:06.847+0000] {logging_mixin.py:190} INFO - [2025-03-04T07:18:06.847+0000] {dag.py:4180} INFO - Setting next_dagrun for example_branch_labels to 2025-03-03 00:00:00+00:00, run_after=2025-03-04 00:00:00+00:00
[2025-03-04T07:18:06.867+0000] {processor.py:208} INFO - Processing /home/airflow/.local/lib/python3.12/site-packages/airflow/example_dags/example_branch_labels.py took 0.088 seconds
[2025-03-04T07:18:36.967+0000] {processor.py:186} INFO - Started process (PID=3910) to work on /home/airflow/.local/lib/python3.12/site-packages/airflow/example_dags/example_branch_labels.py
[2025-03-04T07:18:36.969+0000] {processor.py:914} INFO - Processing file /home/airflow/.local/lib/python3.12/site-packages/airflow/example_dags/example_branch_labels.py for tasks to queue
[2025-03-04T07:18:36.970+0000] {logging_mixin.py:190} INFO - [2025-03-04T07:18:36.970+0000] {dagbag.py:588} INFO - Filling up the DagBag from /home/airflow/.local/lib/python3.12/site-packages/airflow/example_dags/example_branch_labels.py
[2025-03-04T07:18:36.979+0000] {processor.py:925} INFO - DAG(s) 'example_branch_labels' retrieved from /home/airflow/.local/lib/python3.12/site-packages/airflow/example_dags/example_branch_labels.py
[2025-03-04T07:18:36.999+0000] {logging_mixin.py:190} INFO - [2025-03-04T07:18:36.999+0000] {dag.py:3239} INFO - Sync 1 DAGs
[2025-03-04T07:18:37.019+0000] {logging_mixin.py:190} INFO - [2025-03-04T07:18:37.019+0000] {dag.py:4180} INFO - Setting next_dagrun for example_branch_labels to 2025-03-03 00:00:00+00:00, run_after=2025-03-04 00:00:00+00:00
[2025-03-04T07:18:37.035+0000] {processor.py:208} INFO - Processing /home/airflow/.local/lib/python3.12/site-packages/airflow/example_dags/example_branch_labels.py took 0.073 seconds
