[2025-03-04T06:53:45.237+0000] {processor.py:186} INFO - Started process (PID=84) to work on /home/airflow/.local/lib/python3.12/site-packages/airflow/example_dags/example_external_task_marker_dag.py
[2025-03-04T06:53:45.239+0000] {processor.py:914} INFO - Processing file /home/airflow/.local/lib/python3.12/site-packages/airflow/example_dags/example_external_task_marker_dag.py for tasks to queue
[2025-03-04T06:53:45.242+0000] {logging_mixin.py:190} INFO - [2025-03-04T06:53:45.241+0000] {dagbag.py:588} INFO - Filling up the DagBag from /home/airflow/.local/lib/python3.12/site-packages/airflow/example_dags/example_external_task_marker_dag.py
[2025-03-04T06:53:45.263+0000] {processor.py:925} INFO - DAG(s) 'example_external_task_marker_parent', 'example_external_task_marker_child' retrieved from /home/airflow/.local/lib/python3.12/site-packages/airflow/example_dags/example_external_task_marker_dag.py
[2025-03-04T06:53:45.409+0000] {logging_mixin.py:190} INFO - [2025-03-04T06:53:45.408+0000] {override.py:1912} INFO - Created Permission View: can read on DAG:example_external_task_marker_parent
[2025-03-04T06:53:45.424+0000] {logging_mixin.py:190} INFO - [2025-03-04T06:53:45.423+0000] {override.py:1912} INFO - Created Permission View: can edit on DAG:example_external_task_marker_parent
[2025-03-04T06:53:45.435+0000] {logging_mixin.py:190} INFO - [2025-03-04T06:53:45.435+0000] {override.py:1912} INFO - Created Permission View: can delete on DAG:example_external_task_marker_parent
[2025-03-04T06:53:45.446+0000] {logging_mixin.py:190} INFO - [2025-03-04T06:53:45.446+0000] {override.py:1912} INFO - Created Permission View: menu access on DAG Run:example_external_task_marker_parent
[2025-03-04T06:53:45.457+0000] {logging_mixin.py:190} INFO - [2025-03-04T06:53:45.457+0000] {override.py:1912} INFO - Created Permission View: can read on DAG Run:example_external_task_marker_parent
[2025-03-04T06:53:45.466+0000] {logging_mixin.py:190} INFO - [2025-03-04T06:53:45.466+0000] {override.py:1912} INFO - Created Permission View: can delete on DAG Run:example_external_task_marker_parent
[2025-03-04T06:53:45.477+0000] {logging_mixin.py:190} INFO - [2025-03-04T06:53:45.476+0000] {override.py:1912} INFO - Created Permission View: can create on DAG Run:example_external_task_marker_parent
[2025-03-04T06:53:45.501+0000] {logging_mixin.py:190} INFO - [2025-03-04T06:53:45.500+0000] {override.py:1912} INFO - Created Permission View: can read on DAG:example_external_task_marker_child
[2025-03-04T06:53:45.519+0000] {logging_mixin.py:190} INFO - [2025-03-04T06:53:45.519+0000] {override.py:1912} INFO - Created Permission View: can edit on DAG:example_external_task_marker_child
[2025-03-04T06:53:45.535+0000] {logging_mixin.py:190} INFO - [2025-03-04T06:53:45.535+0000] {override.py:1912} INFO - Created Permission View: can delete on DAG:example_external_task_marker_child
[2025-03-04T06:53:45.553+0000] {logging_mixin.py:190} INFO - [2025-03-04T06:53:45.553+0000] {override.py:1912} INFO - Created Permission View: menu access on DAG Run:example_external_task_marker_child
[2025-03-04T06:53:45.567+0000] {logging_mixin.py:190} INFO - [2025-03-04T06:53:45.566+0000] {override.py:1912} INFO - Created Permission View: can read on DAG Run:example_external_task_marker_child
[2025-03-04T06:53:45.578+0000] {logging_mixin.py:190} INFO - [2025-03-04T06:53:45.577+0000] {override.py:1912} INFO - Created Permission View: can delete on DAG Run:example_external_task_marker_child
[2025-03-04T06:53:45.588+0000] {logging_mixin.py:190} INFO - [2025-03-04T06:53:45.588+0000] {override.py:1912} INFO - Created Permission View: can create on DAG Run:example_external_task_marker_child
[2025-03-04T06:53:45.590+0000] {logging_mixin.py:190} INFO - [2025-03-04T06:53:45.589+0000] {dag.py:3239} INFO - Sync 2 DAGs
[2025-03-04T06:53:45.609+0000] {logging_mixin.py:190} INFO - [2025-03-04T06:53:45.609+0000] {dag.py:3262} INFO - Creating ORM DAG for example_external_task_marker_child
[2025-03-04T06:53:45.610+0000] {logging_mixin.py:190} INFO - [2025-03-04T06:53:45.610+0000] {dag.py:3262} INFO - Creating ORM DAG for example_external_task_marker_parent
[2025-03-04T06:53:45.612+0000] {logging_mixin.py:190} INFO - [2025-03-04T06:53:45.612+0000] {dag.py:4180} INFO - Setting next_dagrun for example_external_task_marker_child to None, run_after=None
[2025-03-04T06:53:45.614+0000] {logging_mixin.py:190} INFO - [2025-03-04T06:53:45.613+0000] {dag.py:4180} INFO - Setting next_dagrun for example_external_task_marker_parent to None, run_after=None
[2025-03-04T06:53:45.637+0000] {processor.py:208} INFO - Processing /home/airflow/.local/lib/python3.12/site-packages/airflow/example_dags/example_external_task_marker_dag.py took 0.408 seconds
[2025-03-04T06:54:16.437+0000] {processor.py:186} INFO - Started process (PID=159) to work on /home/airflow/.local/lib/python3.12/site-packages/airflow/example_dags/example_external_task_marker_dag.py
[2025-03-04T06:54:16.440+0000] {processor.py:914} INFO - Processing file /home/airflow/.local/lib/python3.12/site-packages/airflow/example_dags/example_external_task_marker_dag.py for tasks to queue
[2025-03-04T06:54:16.444+0000] {logging_mixin.py:190} INFO - [2025-03-04T06:54:16.443+0000] {dagbag.py:588} INFO - Filling up the DagBag from /home/airflow/.local/lib/python3.12/site-packages/airflow/example_dags/example_external_task_marker_dag.py
[2025-03-04T06:54:16.454+0000] {processor.py:925} INFO - DAG(s) 'example_external_task_marker_child', 'example_external_task_marker_parent' retrieved from /home/airflow/.local/lib/python3.12/site-packages/airflow/example_dags/example_external_task_marker_dag.py
[2025-03-04T06:54:16.480+0000] {logging_mixin.py:190} INFO - [2025-03-04T06:54:16.480+0000] {dag.py:3239} INFO - Sync 2 DAGs
[2025-03-04T06:54:16.501+0000] {logging_mixin.py:190} INFO - [2025-03-04T06:54:16.501+0000] {dag.py:4180} INFO - Setting next_dagrun for example_external_task_marker_child to None, run_after=None
[2025-03-04T06:54:16.507+0000] {logging_mixin.py:190} INFO - [2025-03-04T06:54:16.507+0000] {dag.py:4180} INFO - Setting next_dagrun for example_external_task_marker_parent to None, run_after=None
[2025-03-04T06:54:16.523+0000] {processor.py:208} INFO - Processing /home/airflow/.local/lib/python3.12/site-packages/airflow/example_dags/example_external_task_marker_dag.py took 0.092 seconds
[2025-03-04T06:54:46.970+0000] {processor.py:186} INFO - Started process (PID=242) to work on /home/airflow/.local/lib/python3.12/site-packages/airflow/example_dags/example_external_task_marker_dag.py
[2025-03-04T06:54:46.972+0000] {processor.py:914} INFO - Processing file /home/airflow/.local/lib/python3.12/site-packages/airflow/example_dags/example_external_task_marker_dag.py for tasks to queue
[2025-03-04T06:54:46.974+0000] {logging_mixin.py:190} INFO - [2025-03-04T06:54:46.974+0000] {dagbag.py:588} INFO - Filling up the DagBag from /home/airflow/.local/lib/python3.12/site-packages/airflow/example_dags/example_external_task_marker_dag.py
[2025-03-04T06:54:46.982+0000] {processor.py:925} INFO - DAG(s) 'example_external_task_marker_child', 'example_external_task_marker_parent' retrieved from /home/airflow/.local/lib/python3.12/site-packages/airflow/example_dags/example_external_task_marker_dag.py
[2025-03-04T06:54:47.003+0000] {logging_mixin.py:190} INFO - [2025-03-04T06:54:47.003+0000] {dag.py:3239} INFO - Sync 2 DAGs
[2025-03-04T06:54:47.017+0000] {logging_mixin.py:190} INFO - [2025-03-04T06:54:47.017+0000] {dag.py:4180} INFO - Setting next_dagrun for example_external_task_marker_child to None, run_after=None
[2025-03-04T06:54:47.021+0000] {logging_mixin.py:190} INFO - [2025-03-04T06:54:47.021+0000] {dag.py:4180} INFO - Setting next_dagrun for example_external_task_marker_parent to None, run_after=None
[2025-03-04T06:54:47.042+0000] {processor.py:208} INFO - Processing /home/airflow/.local/lib/python3.12/site-packages/airflow/example_dags/example_external_task_marker_dag.py took 0.076 seconds
[2025-03-04T06:55:17.263+0000] {processor.py:186} INFO - Started process (PID=316) to work on /home/airflow/.local/lib/python3.12/site-packages/airflow/example_dags/example_external_task_marker_dag.py
[2025-03-04T06:55:17.265+0000] {processor.py:914} INFO - Processing file /home/airflow/.local/lib/python3.12/site-packages/airflow/example_dags/example_external_task_marker_dag.py for tasks to queue
[2025-03-04T06:55:17.267+0000] {logging_mixin.py:190} INFO - [2025-03-04T06:55:17.267+0000] {dagbag.py:588} INFO - Filling up the DagBag from /home/airflow/.local/lib/python3.12/site-packages/airflow/example_dags/example_external_task_marker_dag.py
[2025-03-04T06:55:17.274+0000] {processor.py:925} INFO - DAG(s) 'example_external_task_marker_parent', 'example_external_task_marker_child' retrieved from /home/airflow/.local/lib/python3.12/site-packages/airflow/example_dags/example_external_task_marker_dag.py
[2025-03-04T06:55:17.294+0000] {logging_mixin.py:190} INFO - [2025-03-04T06:55:17.294+0000] {dag.py:3239} INFO - Sync 2 DAGs
[2025-03-04T06:55:17.306+0000] {logging_mixin.py:190} INFO - [2025-03-04T06:55:17.306+0000] {dag.py:4180} INFO - Setting next_dagrun for example_external_task_marker_child to None, run_after=None
[2025-03-04T06:55:17.309+0000] {logging_mixin.py:190} INFO - [2025-03-04T06:55:17.309+0000] {dag.py:4180} INFO - Setting next_dagrun for example_external_task_marker_parent to None, run_after=None
[2025-03-04T06:55:17.324+0000] {processor.py:208} INFO - Processing /home/airflow/.local/lib/python3.12/site-packages/airflow/example_dags/example_external_task_marker_dag.py took 0.067 seconds
[2025-03-04T06:55:48.128+0000] {processor.py:186} INFO - Started process (PID=399) to work on /home/airflow/.local/lib/python3.12/site-packages/airflow/example_dags/example_external_task_marker_dag.py
[2025-03-04T06:55:48.129+0000] {processor.py:914} INFO - Processing file /home/airflow/.local/lib/python3.12/site-packages/airflow/example_dags/example_external_task_marker_dag.py for tasks to queue
[2025-03-04T06:55:48.131+0000] {logging_mixin.py:190} INFO - [2025-03-04T06:55:48.131+0000] {dagbag.py:588} INFO - Filling up the DagBag from /home/airflow/.local/lib/python3.12/site-packages/airflow/example_dags/example_external_task_marker_dag.py
[2025-03-04T06:55:48.138+0000] {processor.py:925} INFO - DAG(s) 'example_external_task_marker_child', 'example_external_task_marker_parent' retrieved from /home/airflow/.local/lib/python3.12/site-packages/airflow/example_dags/example_external_task_marker_dag.py
[2025-03-04T06:55:48.157+0000] {logging_mixin.py:190} INFO - [2025-03-04T06:55:48.157+0000] {dag.py:3239} INFO - Sync 2 DAGs
[2025-03-04T06:55:48.169+0000] {logging_mixin.py:190} INFO - [2025-03-04T06:55:48.169+0000] {dag.py:4180} INFO - Setting next_dagrun for example_external_task_marker_child to None, run_after=None
[2025-03-04T06:55:48.173+0000] {logging_mixin.py:190} INFO - [2025-03-04T06:55:48.173+0000] {dag.py:4180} INFO - Setting next_dagrun for example_external_task_marker_parent to None, run_after=None
[2025-03-04T06:55:48.187+0000] {processor.py:208} INFO - Processing /home/airflow/.local/lib/python3.12/site-packages/airflow/example_dags/example_external_task_marker_dag.py took 0.064 seconds
[2025-03-04T06:56:18.951+0000] {processor.py:186} INFO - Started process (PID=474) to work on /home/airflow/.local/lib/python3.12/site-packages/airflow/example_dags/example_external_task_marker_dag.py
[2025-03-04T06:56:18.952+0000] {processor.py:914} INFO - Processing file /home/airflow/.local/lib/python3.12/site-packages/airflow/example_dags/example_external_task_marker_dag.py for tasks to queue
[2025-03-04T06:56:18.955+0000] {logging_mixin.py:190} INFO - [2025-03-04T06:56:18.954+0000] {dagbag.py:588} INFO - Filling up the DagBag from /home/airflow/.local/lib/python3.12/site-packages/airflow/example_dags/example_external_task_marker_dag.py
[2025-03-04T06:56:18.961+0000] {processor.py:925} INFO - DAG(s) 'example_external_task_marker_parent', 'example_external_task_marker_child' retrieved from /home/airflow/.local/lib/python3.12/site-packages/airflow/example_dags/example_external_task_marker_dag.py
[2025-03-04T06:56:18.982+0000] {logging_mixin.py:190} INFO - [2025-03-04T06:56:18.982+0000] {dag.py:3239} INFO - Sync 2 DAGs
[2025-03-04T06:56:18.997+0000] {logging_mixin.py:190} INFO - [2025-03-04T06:56:18.996+0000] {dag.py:4180} INFO - Setting next_dagrun for example_external_task_marker_child to None, run_after=None
[2025-03-04T06:56:19.002+0000] {logging_mixin.py:190} INFO - [2025-03-04T06:56:19.001+0000] {dag.py:4180} INFO - Setting next_dagrun for example_external_task_marker_parent to None, run_after=None
[2025-03-04T06:56:19.024+0000] {processor.py:208} INFO - Processing /home/airflow/.local/lib/python3.12/site-packages/airflow/example_dags/example_external_task_marker_dag.py took 0.078 seconds
[2025-03-04T06:56:49.892+0000] {processor.py:186} INFO - Started process (PID=557) to work on /home/airflow/.local/lib/python3.12/site-packages/airflow/example_dags/example_external_task_marker_dag.py
[2025-03-04T06:56:49.894+0000] {processor.py:914} INFO - Processing file /home/airflow/.local/lib/python3.12/site-packages/airflow/example_dags/example_external_task_marker_dag.py for tasks to queue
[2025-03-04T06:56:49.898+0000] {logging_mixin.py:190} INFO - [2025-03-04T06:56:49.897+0000] {dagbag.py:588} INFO - Filling up the DagBag from /home/airflow/.local/lib/python3.12/site-packages/airflow/example_dags/example_external_task_marker_dag.py
[2025-03-04T06:56:49.907+0000] {processor.py:925} INFO - DAG(s) 'example_external_task_marker_parent', 'example_external_task_marker_child' retrieved from /home/airflow/.local/lib/python3.12/site-packages/airflow/example_dags/example_external_task_marker_dag.py
[2025-03-04T06:56:49.934+0000] {logging_mixin.py:190} INFO - [2025-03-04T06:56:49.934+0000] {dag.py:3239} INFO - Sync 2 DAGs
[2025-03-04T06:56:49.961+0000] {logging_mixin.py:190} INFO - [2025-03-04T06:56:49.961+0000] {dag.py:4180} INFO - Setting next_dagrun for example_external_task_marker_child to None, run_after=None
[2025-03-04T06:56:49.969+0000] {logging_mixin.py:190} INFO - [2025-03-04T06:56:49.968+0000] {dag.py:4180} INFO - Setting next_dagrun for example_external_task_marker_parent to None, run_after=None
[2025-03-04T06:56:49.993+0000] {processor.py:208} INFO - Processing /home/airflow/.local/lib/python3.12/site-packages/airflow/example_dags/example_external_task_marker_dag.py took 0.108 seconds
[2025-03-04T06:57:20.234+0000] {processor.py:186} INFO - Started process (PID=631) to work on /home/airflow/.local/lib/python3.12/site-packages/airflow/example_dags/example_external_task_marker_dag.py
[2025-03-04T06:57:20.235+0000] {processor.py:914} INFO - Processing file /home/airflow/.local/lib/python3.12/site-packages/airflow/example_dags/example_external_task_marker_dag.py for tasks to queue
[2025-03-04T06:57:20.236+0000] {logging_mixin.py:190} INFO - [2025-03-04T06:57:20.236+0000] {dagbag.py:588} INFO - Filling up the DagBag from /home/airflow/.local/lib/python3.12/site-packages/airflow/example_dags/example_external_task_marker_dag.py
[2025-03-04T06:57:20.243+0000] {processor.py:925} INFO - DAG(s) 'example_external_task_marker_child', 'example_external_task_marker_parent' retrieved from /home/airflow/.local/lib/python3.12/site-packages/airflow/example_dags/example_external_task_marker_dag.py
[2025-03-04T06:57:20.260+0000] {logging_mixin.py:190} INFO - [2025-03-04T06:57:20.259+0000] {dag.py:3239} INFO - Sync 2 DAGs
[2025-03-04T06:57:20.270+0000] {logging_mixin.py:190} INFO - [2025-03-04T06:57:20.270+0000] {dag.py:4180} INFO - Setting next_dagrun for example_external_task_marker_child to None, run_after=None
[2025-03-04T06:57:20.273+0000] {logging_mixin.py:190} INFO - [2025-03-04T06:57:20.273+0000] {dag.py:4180} INFO - Setting next_dagrun for example_external_task_marker_parent to None, run_after=None
[2025-03-04T06:57:20.287+0000] {processor.py:208} INFO - Processing /home/airflow/.local/lib/python3.12/site-packages/airflow/example_dags/example_external_task_marker_dag.py took 0.058 seconds
[2025-03-04T06:57:50.359+0000] {processor.py:186} INFO - Started process (PID=706) to work on /home/airflow/.local/lib/python3.12/site-packages/airflow/example_dags/example_external_task_marker_dag.py
[2025-03-04T06:57:50.361+0000] {processor.py:914} INFO - Processing file /home/airflow/.local/lib/python3.12/site-packages/airflow/example_dags/example_external_task_marker_dag.py for tasks to queue
[2025-03-04T06:57:50.363+0000] {logging_mixin.py:190} INFO - [2025-03-04T06:57:50.363+0000] {dagbag.py:588} INFO - Filling up the DagBag from /home/airflow/.local/lib/python3.12/site-packages/airflow/example_dags/example_external_task_marker_dag.py
[2025-03-04T06:57:50.370+0000] {processor.py:925} INFO - DAG(s) 'example_external_task_marker_child', 'example_external_task_marker_parent' retrieved from /home/airflow/.local/lib/python3.12/site-packages/airflow/example_dags/example_external_task_marker_dag.py
[2025-03-04T06:57:50.389+0000] {logging_mixin.py:190} INFO - [2025-03-04T06:57:50.389+0000] {dag.py:3239} INFO - Sync 2 DAGs
[2025-03-04T06:57:50.401+0000] {logging_mixin.py:190} INFO - [2025-03-04T06:57:50.401+0000] {dag.py:4180} INFO - Setting next_dagrun for example_external_task_marker_child to None, run_after=None
[2025-03-04T06:57:50.406+0000] {logging_mixin.py:190} INFO - [2025-03-04T06:57:50.405+0000] {dag.py:4180} INFO - Setting next_dagrun for example_external_task_marker_parent to None, run_after=None
[2025-03-04T06:57:50.422+0000] {processor.py:208} INFO - Processing /home/airflow/.local/lib/python3.12/site-packages/airflow/example_dags/example_external_task_marker_dag.py took 0.068 seconds
[2025-03-04T06:58:20.983+0000] {processor.py:186} INFO - Started process (PID=789) to work on /home/airflow/.local/lib/python3.12/site-packages/airflow/example_dags/example_external_task_marker_dag.py
[2025-03-04T06:58:20.988+0000] {processor.py:914} INFO - Processing file /home/airflow/.local/lib/python3.12/site-packages/airflow/example_dags/example_external_task_marker_dag.py for tasks to queue
[2025-03-04T06:58:20.991+0000] {logging_mixin.py:190} INFO - [2025-03-04T06:58:20.991+0000] {dagbag.py:588} INFO - Filling up the DagBag from /home/airflow/.local/lib/python3.12/site-packages/airflow/example_dags/example_external_task_marker_dag.py
[2025-03-04T06:58:21.003+0000] {processor.py:925} INFO - DAG(s) 'example_external_task_marker_parent', 'example_external_task_marker_child' retrieved from /home/airflow/.local/lib/python3.12/site-packages/airflow/example_dags/example_external_task_marker_dag.py
[2025-03-04T06:58:21.032+0000] {logging_mixin.py:190} INFO - [2025-03-04T06:58:21.032+0000] {dag.py:3239} INFO - Sync 2 DAGs
[2025-03-04T06:58:21.050+0000] {logging_mixin.py:190} INFO - [2025-03-04T06:58:21.050+0000] {dag.py:4180} INFO - Setting next_dagrun for example_external_task_marker_child to None, run_after=None
[2025-03-04T06:58:21.055+0000] {logging_mixin.py:190} INFO - [2025-03-04T06:58:21.055+0000] {dag.py:4180} INFO - Setting next_dagrun for example_external_task_marker_parent to None, run_after=None
[2025-03-04T06:58:21.076+0000] {processor.py:208} INFO - Processing /home/airflow/.local/lib/python3.12/site-packages/airflow/example_dags/example_external_task_marker_dag.py took 0.099 seconds
[2025-03-04T06:58:51.493+0000] {processor.py:186} INFO - Started process (PID=866) to work on /home/airflow/.local/lib/python3.12/site-packages/airflow/example_dags/example_external_task_marker_dag.py
[2025-03-04T06:58:51.495+0000] {processor.py:914} INFO - Processing file /home/airflow/.local/lib/python3.12/site-packages/airflow/example_dags/example_external_task_marker_dag.py for tasks to queue
[2025-03-04T06:58:51.497+0000] {logging_mixin.py:190} INFO - [2025-03-04T06:58:51.496+0000] {dagbag.py:588} INFO - Filling up the DagBag from /home/airflow/.local/lib/python3.12/site-packages/airflow/example_dags/example_external_task_marker_dag.py
[2025-03-04T06:58:51.504+0000] {processor.py:925} INFO - DAG(s) 'example_external_task_marker_child', 'example_external_task_marker_parent' retrieved from /home/airflow/.local/lib/python3.12/site-packages/airflow/example_dags/example_external_task_marker_dag.py
[2025-03-04T06:58:51.527+0000] {logging_mixin.py:190} INFO - [2025-03-04T06:58:51.527+0000] {dag.py:3239} INFO - Sync 2 DAGs
[2025-03-04T06:58:51.541+0000] {logging_mixin.py:190} INFO - [2025-03-04T06:58:51.541+0000] {dag.py:4180} INFO - Setting next_dagrun for example_external_task_marker_child to None, run_after=None
[2025-03-04T06:58:51.548+0000] {logging_mixin.py:190} INFO - [2025-03-04T06:58:51.548+0000] {dag.py:4180} INFO - Setting next_dagrun for example_external_task_marker_parent to None, run_after=None
[2025-03-04T06:58:51.566+0000] {processor.py:208} INFO - Processing /home/airflow/.local/lib/python3.12/site-packages/airflow/example_dags/example_external_task_marker_dag.py took 0.079 seconds
[2025-03-04T06:59:21.669+0000] {processor.py:186} INFO - Started process (PID=949) to work on /home/airflow/.local/lib/python3.12/site-packages/airflow/example_dags/example_external_task_marker_dag.py
[2025-03-04T06:59:21.671+0000] {processor.py:914} INFO - Processing file /home/airflow/.local/lib/python3.12/site-packages/airflow/example_dags/example_external_task_marker_dag.py for tasks to queue
[2025-03-04T06:59:21.673+0000] {logging_mixin.py:190} INFO - [2025-03-04T06:59:21.673+0000] {dagbag.py:588} INFO - Filling up the DagBag from /home/airflow/.local/lib/python3.12/site-packages/airflow/example_dags/example_external_task_marker_dag.py
[2025-03-04T06:59:21.682+0000] {processor.py:925} INFO - DAG(s) 'example_external_task_marker_parent', 'example_external_task_marker_child' retrieved from /home/airflow/.local/lib/python3.12/site-packages/airflow/example_dags/example_external_task_marker_dag.py
[2025-03-04T06:59:21.704+0000] {logging_mixin.py:190} INFO - [2025-03-04T06:59:21.704+0000] {dag.py:3239} INFO - Sync 2 DAGs
[2025-03-04T06:59:21.718+0000] {logging_mixin.py:190} INFO - [2025-03-04T06:59:21.717+0000] {dag.py:4180} INFO - Setting next_dagrun for example_external_task_marker_child to None, run_after=None
[2025-03-04T06:59:21.722+0000] {logging_mixin.py:190} INFO - [2025-03-04T06:59:21.722+0000] {dag.py:4180} INFO - Setting next_dagrun for example_external_task_marker_parent to None, run_after=None
[2025-03-04T06:59:21.739+0000] {processor.py:208} INFO - Processing /home/airflow/.local/lib/python3.12/site-packages/airflow/example_dags/example_external_task_marker_dag.py took 0.076 seconds
[2025-03-04T06:59:52.619+0000] {processor.py:186} INFO - Started process (PID=1026) to work on /home/airflow/.local/lib/python3.12/site-packages/airflow/example_dags/example_external_task_marker_dag.py
[2025-03-04T06:59:52.620+0000] {processor.py:914} INFO - Processing file /home/airflow/.local/lib/python3.12/site-packages/airflow/example_dags/example_external_task_marker_dag.py for tasks to queue
[2025-03-04T06:59:52.623+0000] {logging_mixin.py:190} INFO - [2025-03-04T06:59:52.622+0000] {dagbag.py:588} INFO - Filling up the DagBag from /home/airflow/.local/lib/python3.12/site-packages/airflow/example_dags/example_external_task_marker_dag.py
[2025-03-04T06:59:52.631+0000] {processor.py:925} INFO - DAG(s) 'example_external_task_marker_child', 'example_external_task_marker_parent' retrieved from /home/airflow/.local/lib/python3.12/site-packages/airflow/example_dags/example_external_task_marker_dag.py
[2025-03-04T06:59:52.650+0000] {logging_mixin.py:190} INFO - [2025-03-04T06:59:52.650+0000] {dag.py:3239} INFO - Sync 2 DAGs
[2025-03-04T06:59:52.662+0000] {logging_mixin.py:190} INFO - [2025-03-04T06:59:52.662+0000] {dag.py:4180} INFO - Setting next_dagrun for example_external_task_marker_child to None, run_after=None
[2025-03-04T06:59:52.665+0000] {logging_mixin.py:190} INFO - [2025-03-04T06:59:52.665+0000] {dag.py:4180} INFO - Setting next_dagrun for example_external_task_marker_parent to None, run_after=None
[2025-03-04T06:59:52.678+0000] {processor.py:208} INFO - Processing /home/airflow/.local/lib/python3.12/site-packages/airflow/example_dags/example_external_task_marker_dag.py took 0.064 seconds
[2025-03-04T07:00:23.323+0000] {processor.py:186} INFO - Started process (PID=1109) to work on /home/airflow/.local/lib/python3.12/site-packages/airflow/example_dags/example_external_task_marker_dag.py
[2025-03-04T07:00:23.325+0000] {processor.py:914} INFO - Processing file /home/airflow/.local/lib/python3.12/site-packages/airflow/example_dags/example_external_task_marker_dag.py for tasks to queue
[2025-03-04T07:00:23.327+0000] {logging_mixin.py:190} INFO - [2025-03-04T07:00:23.327+0000] {dagbag.py:588} INFO - Filling up the DagBag from /home/airflow/.local/lib/python3.12/site-packages/airflow/example_dags/example_external_task_marker_dag.py
[2025-03-04T07:00:23.335+0000] {processor.py:925} INFO - DAG(s) 'example_external_task_marker_parent', 'example_external_task_marker_child' retrieved from /home/airflow/.local/lib/python3.12/site-packages/airflow/example_dags/example_external_task_marker_dag.py
[2025-03-04T07:00:23.357+0000] {logging_mixin.py:190} INFO - [2025-03-04T07:00:23.357+0000] {dag.py:3239} INFO - Sync 2 DAGs
[2025-03-04T07:00:23.371+0000] {logging_mixin.py:190} INFO - [2025-03-04T07:00:23.371+0000] {dag.py:4180} INFO - Setting next_dagrun for example_external_task_marker_child to None, run_after=None
[2025-03-04T07:00:23.375+0000] {logging_mixin.py:190} INFO - [2025-03-04T07:00:23.375+0000] {dag.py:4180} INFO - Setting next_dagrun for example_external_task_marker_parent to None, run_after=None
[2025-03-04T07:00:23.392+0000] {processor.py:208} INFO - Processing /home/airflow/.local/lib/python3.12/site-packages/airflow/example_dags/example_external_task_marker_dag.py took 0.074 seconds
[2025-03-04T07:00:53.598+0000] {processor.py:186} INFO - Started process (PID=1188) to work on /home/airflow/.local/lib/python3.12/site-packages/airflow/example_dags/example_external_task_marker_dag.py
[2025-03-04T07:00:53.599+0000] {processor.py:914} INFO - Processing file /home/airflow/.local/lib/python3.12/site-packages/airflow/example_dags/example_external_task_marker_dag.py for tasks to queue
[2025-03-04T07:00:53.600+0000] {logging_mixin.py:190} INFO - [2025-03-04T07:00:53.600+0000] {dagbag.py:588} INFO - Filling up the DagBag from /home/airflow/.local/lib/python3.12/site-packages/airflow/example_dags/example_external_task_marker_dag.py
[2025-03-04T07:00:53.606+0000] {processor.py:925} INFO - DAG(s) 'example_external_task_marker_parent', 'example_external_task_marker_child' retrieved from /home/airflow/.local/lib/python3.12/site-packages/airflow/example_dags/example_external_task_marker_dag.py
[2025-03-04T07:00:53.625+0000] {logging_mixin.py:190} INFO - [2025-03-04T07:00:53.624+0000] {dag.py:3239} INFO - Sync 2 DAGs
[2025-03-04T07:00:53.635+0000] {logging_mixin.py:190} INFO - [2025-03-04T07:00:53.635+0000] {dag.py:4180} INFO - Setting next_dagrun for example_external_task_marker_child to None, run_after=None
[2025-03-04T07:00:53.638+0000] {logging_mixin.py:190} INFO - [2025-03-04T07:00:53.638+0000] {dag.py:4180} INFO - Setting next_dagrun for example_external_task_marker_parent to None, run_after=None
[2025-03-04T07:00:53.651+0000] {processor.py:208} INFO - Processing /home/airflow/.local/lib/python3.12/site-packages/airflow/example_dags/example_external_task_marker_dag.py took 0.058 seconds
[2025-03-04T07:01:24.270+0000] {processor.py:186} INFO - Started process (PID=1265) to work on /home/airflow/.local/lib/python3.12/site-packages/airflow/example_dags/example_external_task_marker_dag.py
[2025-03-04T07:01:24.271+0000] {processor.py:914} INFO - Processing file /home/airflow/.local/lib/python3.12/site-packages/airflow/example_dags/example_external_task_marker_dag.py for tasks to queue
[2025-03-04T07:01:24.273+0000] {logging_mixin.py:190} INFO - [2025-03-04T07:01:24.273+0000] {dagbag.py:588} INFO - Filling up the DagBag from /home/airflow/.local/lib/python3.12/site-packages/airflow/example_dags/example_external_task_marker_dag.py
[2025-03-04T07:01:24.280+0000] {processor.py:925} INFO - DAG(s) 'example_external_task_marker_child', 'example_external_task_marker_parent' retrieved from /home/airflow/.local/lib/python3.12/site-packages/airflow/example_dags/example_external_task_marker_dag.py
[2025-03-04T07:01:24.299+0000] {logging_mixin.py:190} INFO - [2025-03-04T07:01:24.299+0000] {dag.py:3239} INFO - Sync 2 DAGs
[2025-03-04T07:01:24.313+0000] {logging_mixin.py:190} INFO - [2025-03-04T07:01:24.313+0000] {dag.py:4180} INFO - Setting next_dagrun for example_external_task_marker_child to None, run_after=None
[2025-03-04T07:01:24.317+0000] {logging_mixin.py:190} INFO - [2025-03-04T07:01:24.317+0000] {dag.py:4180} INFO - Setting next_dagrun for example_external_task_marker_parent to None, run_after=None
[2025-03-04T07:01:24.334+0000] {processor.py:208} INFO - Processing /home/airflow/.local/lib/python3.12/site-packages/airflow/example_dags/example_external_task_marker_dag.py took 0.069 seconds
[2025-03-04T07:01:54.917+0000] {processor.py:186} INFO - Started process (PID=1348) to work on /home/airflow/.local/lib/python3.12/site-packages/airflow/example_dags/example_external_task_marker_dag.py
[2025-03-04T07:01:54.918+0000] {processor.py:914} INFO - Processing file /home/airflow/.local/lib/python3.12/site-packages/airflow/example_dags/example_external_task_marker_dag.py for tasks to queue
[2025-03-04T07:01:54.921+0000] {logging_mixin.py:190} INFO - [2025-03-04T07:01:54.920+0000] {dagbag.py:588} INFO - Filling up the DagBag from /home/airflow/.local/lib/python3.12/site-packages/airflow/example_dags/example_external_task_marker_dag.py
[2025-03-04T07:01:54.934+0000] {processor.py:925} INFO - DAG(s) 'example_external_task_marker_parent', 'example_external_task_marker_child' retrieved from /home/airflow/.local/lib/python3.12/site-packages/airflow/example_dags/example_external_task_marker_dag.py
[2025-03-04T07:01:54.961+0000] {logging_mixin.py:190} INFO - [2025-03-04T07:01:54.961+0000] {dag.py:3239} INFO - Sync 2 DAGs
[2025-03-04T07:01:54.977+0000] {logging_mixin.py:190} INFO - [2025-03-04T07:01:54.977+0000] {dag.py:4180} INFO - Setting next_dagrun for example_external_task_marker_child to None, run_after=None
[2025-03-04T07:01:54.982+0000] {logging_mixin.py:190} INFO - [2025-03-04T07:01:54.982+0000] {dag.py:4180} INFO - Setting next_dagrun for example_external_task_marker_parent to None, run_after=None
[2025-03-04T07:01:55.003+0000] {processor.py:208} INFO - Processing /home/airflow/.local/lib/python3.12/site-packages/airflow/example_dags/example_external_task_marker_dag.py took 0.099 seconds
[2025-03-04T07:02:25.473+0000] {processor.py:186} INFO - Started process (PID=1424) to work on /home/airflow/.local/lib/python3.12/site-packages/airflow/example_dags/example_external_task_marker_dag.py
[2025-03-04T07:02:25.474+0000] {processor.py:914} INFO - Processing file /home/airflow/.local/lib/python3.12/site-packages/airflow/example_dags/example_external_task_marker_dag.py for tasks to queue
[2025-03-04T07:02:25.476+0000] {logging_mixin.py:190} INFO - [2025-03-04T07:02:25.475+0000] {dagbag.py:588} INFO - Filling up the DagBag from /home/airflow/.local/lib/python3.12/site-packages/airflow/example_dags/example_external_task_marker_dag.py
[2025-03-04T07:02:25.484+0000] {processor.py:925} INFO - DAG(s) 'example_external_task_marker_child', 'example_external_task_marker_parent' retrieved from /home/airflow/.local/lib/python3.12/site-packages/airflow/example_dags/example_external_task_marker_dag.py
[2025-03-04T07:02:25.506+0000] {logging_mixin.py:190} INFO - [2025-03-04T07:02:25.506+0000] {dag.py:3239} INFO - Sync 2 DAGs
[2025-03-04T07:02:25.520+0000] {logging_mixin.py:190} INFO - [2025-03-04T07:02:25.520+0000] {dag.py:4180} INFO - Setting next_dagrun for example_external_task_marker_child to None, run_after=None
[2025-03-04T07:02:25.524+0000] {logging_mixin.py:190} INFO - [2025-03-04T07:02:25.524+0000] {dag.py:4180} INFO - Setting next_dagrun for example_external_task_marker_parent to None, run_after=None
[2025-03-04T07:02:25.539+0000] {processor.py:208} INFO - Processing /home/airflow/.local/lib/python3.12/site-packages/airflow/example_dags/example_external_task_marker_dag.py took 0.071 seconds
[2025-03-04T07:02:55.964+0000] {processor.py:186} INFO - Started process (PID=1512) to work on /home/airflow/.local/lib/python3.12/site-packages/airflow/example_dags/example_external_task_marker_dag.py
[2025-03-04T07:02:55.965+0000] {processor.py:914} INFO - Processing file /home/airflow/.local/lib/python3.12/site-packages/airflow/example_dags/example_external_task_marker_dag.py for tasks to queue
[2025-03-04T07:02:55.966+0000] {logging_mixin.py:190} INFO - [2025-03-04T07:02:55.966+0000] {dagbag.py:588} INFO - Filling up the DagBag from /home/airflow/.local/lib/python3.12/site-packages/airflow/example_dags/example_external_task_marker_dag.py
[2025-03-04T07:02:55.975+0000] {processor.py:925} INFO - DAG(s) 'example_external_task_marker_parent', 'example_external_task_marker_child' retrieved from /home/airflow/.local/lib/python3.12/site-packages/airflow/example_dags/example_external_task_marker_dag.py
[2025-03-04T07:02:55.998+0000] {logging_mixin.py:190} INFO - [2025-03-04T07:02:55.998+0000] {dag.py:3239} INFO - Sync 2 DAGs
[2025-03-04T07:02:56.011+0000] {logging_mixin.py:190} INFO - [2025-03-04T07:02:56.011+0000] {dag.py:4180} INFO - Setting next_dagrun for example_external_task_marker_child to None, run_after=None
[2025-03-04T07:02:56.015+0000] {logging_mixin.py:190} INFO - [2025-03-04T07:02:56.015+0000] {dag.py:4180} INFO - Setting next_dagrun for example_external_task_marker_parent to None, run_after=None
[2025-03-04T07:02:56.029+0000] {processor.py:208} INFO - Processing /home/airflow/.local/lib/python3.12/site-packages/airflow/example_dags/example_external_task_marker_dag.py took 0.071 seconds
[2025-03-04T07:03:26.098+0000] {processor.py:186} INFO - Started process (PID=1587) to work on /home/airflow/.local/lib/python3.12/site-packages/airflow/example_dags/example_external_task_marker_dag.py
[2025-03-04T07:03:26.099+0000] {processor.py:914} INFO - Processing file /home/airflow/.local/lib/python3.12/site-packages/airflow/example_dags/example_external_task_marker_dag.py for tasks to queue
[2025-03-04T07:03:26.101+0000] {logging_mixin.py:190} INFO - [2025-03-04T07:03:26.100+0000] {dagbag.py:588} INFO - Filling up the DagBag from /home/airflow/.local/lib/python3.12/site-packages/airflow/example_dags/example_external_task_marker_dag.py
[2025-03-04T07:03:26.107+0000] {processor.py:925} INFO - DAG(s) 'example_external_task_marker_child', 'example_external_task_marker_parent' retrieved from /home/airflow/.local/lib/python3.12/site-packages/airflow/example_dags/example_external_task_marker_dag.py
[2025-03-04T07:03:26.125+0000] {logging_mixin.py:190} INFO - [2025-03-04T07:03:26.124+0000] {dag.py:3239} INFO - Sync 2 DAGs
[2025-03-04T07:03:26.136+0000] {logging_mixin.py:190} INFO - [2025-03-04T07:03:26.136+0000] {dag.py:4180} INFO - Setting next_dagrun for example_external_task_marker_child to None, run_after=None
[2025-03-04T07:03:26.140+0000] {logging_mixin.py:190} INFO - [2025-03-04T07:03:26.140+0000] {dag.py:4180} INFO - Setting next_dagrun for example_external_task_marker_parent to None, run_after=None
[2025-03-04T07:03:26.156+0000] {processor.py:208} INFO - Processing /home/airflow/.local/lib/python3.12/site-packages/airflow/example_dags/example_external_task_marker_dag.py took 0.063 seconds
[2025-03-04T07:03:56.423+0000] {processor.py:186} INFO - Started process (PID=1669) to work on /home/airflow/.local/lib/python3.12/site-packages/airflow/example_dags/example_external_task_marker_dag.py
[2025-03-04T07:03:56.424+0000] {processor.py:914} INFO - Processing file /home/airflow/.local/lib/python3.12/site-packages/airflow/example_dags/example_external_task_marker_dag.py for tasks to queue
[2025-03-04T07:03:56.425+0000] {logging_mixin.py:190} INFO - [2025-03-04T07:03:56.425+0000] {dagbag.py:588} INFO - Filling up the DagBag from /home/airflow/.local/lib/python3.12/site-packages/airflow/example_dags/example_external_task_marker_dag.py
[2025-03-04T07:03:56.432+0000] {processor.py:925} INFO - DAG(s) 'example_external_task_marker_parent', 'example_external_task_marker_child' retrieved from /home/airflow/.local/lib/python3.12/site-packages/airflow/example_dags/example_external_task_marker_dag.py
[2025-03-04T07:03:56.451+0000] {logging_mixin.py:190} INFO - [2025-03-04T07:03:56.451+0000] {dag.py:3239} INFO - Sync 2 DAGs
[2025-03-04T07:03:56.465+0000] {logging_mixin.py:190} INFO - [2025-03-04T07:03:56.465+0000] {dag.py:4180} INFO - Setting next_dagrun for example_external_task_marker_child to None, run_after=None
[2025-03-04T07:03:56.469+0000] {logging_mixin.py:190} INFO - [2025-03-04T07:03:56.469+0000] {dag.py:4180} INFO - Setting next_dagrun for example_external_task_marker_parent to None, run_after=None
[2025-03-04T07:03:56.482+0000] {processor.py:208} INFO - Processing /home/airflow/.local/lib/python3.12/site-packages/airflow/example_dags/example_external_task_marker_dag.py took 0.065 seconds
[2025-03-04T07:04:26.577+0000] {processor.py:186} INFO - Started process (PID=1745) to work on /home/airflow/.local/lib/python3.12/site-packages/airflow/example_dags/example_external_task_marker_dag.py
[2025-03-04T07:04:26.578+0000] {processor.py:914} INFO - Processing file /home/airflow/.local/lib/python3.12/site-packages/airflow/example_dags/example_external_task_marker_dag.py for tasks to queue
[2025-03-04T07:04:26.579+0000] {logging_mixin.py:190} INFO - [2025-03-04T07:04:26.579+0000] {dagbag.py:588} INFO - Filling up the DagBag from /home/airflow/.local/lib/python3.12/site-packages/airflow/example_dags/example_external_task_marker_dag.py
[2025-03-04T07:04:26.586+0000] {processor.py:925} INFO - DAG(s) 'example_external_task_marker_child', 'example_external_task_marker_parent' retrieved from /home/airflow/.local/lib/python3.12/site-packages/airflow/example_dags/example_external_task_marker_dag.py
[2025-03-04T07:04:26.603+0000] {logging_mixin.py:190} INFO - [2025-03-04T07:04:26.603+0000] {dag.py:3239} INFO - Sync 2 DAGs
[2025-03-04T07:04:26.615+0000] {logging_mixin.py:190} INFO - [2025-03-04T07:04:26.615+0000] {dag.py:4180} INFO - Setting next_dagrun for example_external_task_marker_child to None, run_after=None
[2025-03-04T07:04:26.618+0000] {logging_mixin.py:190} INFO - [2025-03-04T07:04:26.618+0000] {dag.py:4180} INFO - Setting next_dagrun for example_external_task_marker_parent to None, run_after=None
[2025-03-04T07:04:26.629+0000] {processor.py:208} INFO - Processing /home/airflow/.local/lib/python3.12/site-packages/airflow/example_dags/example_external_task_marker_dag.py took 0.057 seconds
[2025-03-04T07:04:56.717+0000] {processor.py:186} INFO - Started process (PID=1826) to work on /home/airflow/.local/lib/python3.12/site-packages/airflow/example_dags/example_external_task_marker_dag.py
[2025-03-04T07:04:56.718+0000] {processor.py:914} INFO - Processing file /home/airflow/.local/lib/python3.12/site-packages/airflow/example_dags/example_external_task_marker_dag.py for tasks to queue
[2025-03-04T07:04:56.719+0000] {logging_mixin.py:190} INFO - [2025-03-04T07:04:56.719+0000] {dagbag.py:588} INFO - Filling up the DagBag from /home/airflow/.local/lib/python3.12/site-packages/airflow/example_dags/example_external_task_marker_dag.py
[2025-03-04T07:04:56.726+0000] {processor.py:925} INFO - DAG(s) 'example_external_task_marker_parent', 'example_external_task_marker_child' retrieved from /home/airflow/.local/lib/python3.12/site-packages/airflow/example_dags/example_external_task_marker_dag.py
[2025-03-04T07:04:56.743+0000] {logging_mixin.py:190} INFO - [2025-03-04T07:04:56.743+0000] {dag.py:3239} INFO - Sync 2 DAGs
[2025-03-04T07:04:56.756+0000] {logging_mixin.py:190} INFO - [2025-03-04T07:04:56.756+0000] {dag.py:4180} INFO - Setting next_dagrun for example_external_task_marker_child to None, run_after=None
[2025-03-04T07:04:56.759+0000] {logging_mixin.py:190} INFO - [2025-03-04T07:04:56.759+0000] {dag.py:4180} INFO - Setting next_dagrun for example_external_task_marker_parent to None, run_after=None
[2025-03-04T07:04:56.773+0000] {processor.py:208} INFO - Processing /home/airflow/.local/lib/python3.12/site-packages/airflow/example_dags/example_external_task_marker_dag.py took 0.061 seconds
[2025-03-04T07:05:27.161+0000] {processor.py:186} INFO - Started process (PID=1901) to work on /home/airflow/.local/lib/python3.12/site-packages/airflow/example_dags/example_external_task_marker_dag.py
[2025-03-04T07:05:27.162+0000] {processor.py:914} INFO - Processing file /home/airflow/.local/lib/python3.12/site-packages/airflow/example_dags/example_external_task_marker_dag.py for tasks to queue
[2025-03-04T07:05:27.163+0000] {logging_mixin.py:190} INFO - [2025-03-04T07:05:27.163+0000] {dagbag.py:588} INFO - Filling up the DagBag from /home/airflow/.local/lib/python3.12/site-packages/airflow/example_dags/example_external_task_marker_dag.py
[2025-03-04T07:05:27.170+0000] {processor.py:925} INFO - DAG(s) 'example_external_task_marker_parent', 'example_external_task_marker_child' retrieved from /home/airflow/.local/lib/python3.12/site-packages/airflow/example_dags/example_external_task_marker_dag.py
[2025-03-04T07:05:27.186+0000] {logging_mixin.py:190} INFO - [2025-03-04T07:05:27.186+0000] {dag.py:3239} INFO - Sync 2 DAGs
[2025-03-04T07:05:27.197+0000] {logging_mixin.py:190} INFO - [2025-03-04T07:05:27.197+0000] {dag.py:4180} INFO - Setting next_dagrun for example_external_task_marker_child to None, run_after=None
[2025-03-04T07:05:27.200+0000] {logging_mixin.py:190} INFO - [2025-03-04T07:05:27.200+0000] {dag.py:4180} INFO - Setting next_dagrun for example_external_task_marker_parent to None, run_after=None
[2025-03-04T07:05:27.211+0000] {processor.py:208} INFO - Processing /home/airflow/.local/lib/python3.12/site-packages/airflow/example_dags/example_external_task_marker_dag.py took 0.055 seconds
[2025-03-04T07:05:57.421+0000] {processor.py:186} INFO - Started process (PID=1975) to work on /home/airflow/.local/lib/python3.12/site-packages/airflow/example_dags/example_external_task_marker_dag.py
[2025-03-04T07:05:57.422+0000] {processor.py:914} INFO - Processing file /home/airflow/.local/lib/python3.12/site-packages/airflow/example_dags/example_external_task_marker_dag.py for tasks to queue
[2025-03-04T07:05:57.424+0000] {logging_mixin.py:190} INFO - [2025-03-04T07:05:57.424+0000] {dagbag.py:588} INFO - Filling up the DagBag from /home/airflow/.local/lib/python3.12/site-packages/airflow/example_dags/example_external_task_marker_dag.py
[2025-03-04T07:05:57.430+0000] {processor.py:925} INFO - DAG(s) 'example_external_task_marker_parent', 'example_external_task_marker_child' retrieved from /home/airflow/.local/lib/python3.12/site-packages/airflow/example_dags/example_external_task_marker_dag.py
[2025-03-04T07:05:57.447+0000] {logging_mixin.py:190} INFO - [2025-03-04T07:05:57.447+0000] {dag.py:3239} INFO - Sync 2 DAGs
[2025-03-04T07:05:57.458+0000] {logging_mixin.py:190} INFO - [2025-03-04T07:05:57.458+0000] {dag.py:4180} INFO - Setting next_dagrun for example_external_task_marker_child to None, run_after=None
[2025-03-04T07:05:57.461+0000] {logging_mixin.py:190} INFO - [2025-03-04T07:05:57.461+0000] {dag.py:4180} INFO - Setting next_dagrun for example_external_task_marker_parent to None, run_after=None
[2025-03-04T07:05:57.473+0000] {processor.py:208} INFO - Processing /home/airflow/.local/lib/python3.12/site-packages/airflow/example_dags/example_external_task_marker_dag.py took 0.057 seconds
[2025-03-04T07:06:27.886+0000] {processor.py:186} INFO - Started process (PID=2057) to work on /home/airflow/.local/lib/python3.12/site-packages/airflow/example_dags/example_external_task_marker_dag.py
[2025-03-04T07:06:27.887+0000] {processor.py:914} INFO - Processing file /home/airflow/.local/lib/python3.12/site-packages/airflow/example_dags/example_external_task_marker_dag.py for tasks to queue
[2025-03-04T07:06:27.888+0000] {logging_mixin.py:190} INFO - [2025-03-04T07:06:27.888+0000] {dagbag.py:588} INFO - Filling up the DagBag from /home/airflow/.local/lib/python3.12/site-packages/airflow/example_dags/example_external_task_marker_dag.py
[2025-03-04T07:06:27.894+0000] {processor.py:925} INFO - DAG(s) 'example_external_task_marker_parent', 'example_external_task_marker_child' retrieved from /home/airflow/.local/lib/python3.12/site-packages/airflow/example_dags/example_external_task_marker_dag.py
[2025-03-04T07:06:27.910+0000] {logging_mixin.py:190} INFO - [2025-03-04T07:06:27.909+0000] {dag.py:3239} INFO - Sync 2 DAGs
[2025-03-04T07:06:27.920+0000] {logging_mixin.py:190} INFO - [2025-03-04T07:06:27.920+0000] {dag.py:4180} INFO - Setting next_dagrun for example_external_task_marker_child to None, run_after=None
[2025-03-04T07:06:27.923+0000] {logging_mixin.py:190} INFO - [2025-03-04T07:06:27.923+0000] {dag.py:4180} INFO - Setting next_dagrun for example_external_task_marker_parent to None, run_after=None
[2025-03-04T07:06:27.935+0000] {processor.py:208} INFO - Processing /home/airflow/.local/lib/python3.12/site-packages/airflow/example_dags/example_external_task_marker_dag.py took 0.054 seconds
[2025-03-04T07:06:58.188+0000] {processor.py:186} INFO - Started process (PID=2131) to work on /home/airflow/.local/lib/python3.12/site-packages/airflow/example_dags/example_external_task_marker_dag.py
[2025-03-04T07:06:58.189+0000] {processor.py:914} INFO - Processing file /home/airflow/.local/lib/python3.12/site-packages/airflow/example_dags/example_external_task_marker_dag.py for tasks to queue
[2025-03-04T07:06:58.190+0000] {logging_mixin.py:190} INFO - [2025-03-04T07:06:58.190+0000] {dagbag.py:588} INFO - Filling up the DagBag from /home/airflow/.local/lib/python3.12/site-packages/airflow/example_dags/example_external_task_marker_dag.py
[2025-03-04T07:06:58.197+0000] {processor.py:925} INFO - DAG(s) 'example_external_task_marker_child', 'example_external_task_marker_parent' retrieved from /home/airflow/.local/lib/python3.12/site-packages/airflow/example_dags/example_external_task_marker_dag.py
[2025-03-04T07:06:58.215+0000] {logging_mixin.py:190} INFO - [2025-03-04T07:06:58.214+0000] {dag.py:3239} INFO - Sync 2 DAGs
[2025-03-04T07:06:58.229+0000] {logging_mixin.py:190} INFO - [2025-03-04T07:06:58.229+0000] {dag.py:4180} INFO - Setting next_dagrun for example_external_task_marker_child to None, run_after=None
[2025-03-04T07:06:58.234+0000] {logging_mixin.py:190} INFO - [2025-03-04T07:06:58.234+0000] {dag.py:4180} INFO - Setting next_dagrun for example_external_task_marker_parent to None, run_after=None
[2025-03-04T07:06:58.262+0000] {processor.py:208} INFO - Processing /home/airflow/.local/lib/python3.12/site-packages/airflow/example_dags/example_external_task_marker_dag.py took 0.079 seconds
[2025-03-04T07:07:28.486+0000] {processor.py:186} INFO - Started process (PID=2213) to work on /home/airflow/.local/lib/python3.12/site-packages/airflow/example_dags/example_external_task_marker_dag.py
[2025-03-04T07:07:28.487+0000] {processor.py:914} INFO - Processing file /home/airflow/.local/lib/python3.12/site-packages/airflow/example_dags/example_external_task_marker_dag.py for tasks to queue
[2025-03-04T07:07:28.489+0000] {logging_mixin.py:190} INFO - [2025-03-04T07:07:28.488+0000] {dagbag.py:588} INFO - Filling up the DagBag from /home/airflow/.local/lib/python3.12/site-packages/airflow/example_dags/example_external_task_marker_dag.py
[2025-03-04T07:07:28.495+0000] {processor.py:925} INFO - DAG(s) 'example_external_task_marker_parent', 'example_external_task_marker_child' retrieved from /home/airflow/.local/lib/python3.12/site-packages/airflow/example_dags/example_external_task_marker_dag.py
[2025-03-04T07:07:28.514+0000] {logging_mixin.py:190} INFO - [2025-03-04T07:07:28.514+0000] {dag.py:3239} INFO - Sync 2 DAGs
[2025-03-04T07:07:28.526+0000] {logging_mixin.py:190} INFO - [2025-03-04T07:07:28.526+0000] {dag.py:4180} INFO - Setting next_dagrun for example_external_task_marker_child to None, run_after=None
[2025-03-04T07:07:28.529+0000] {logging_mixin.py:190} INFO - [2025-03-04T07:07:28.529+0000] {dag.py:4180} INFO - Setting next_dagrun for example_external_task_marker_parent to None, run_after=None
[2025-03-04T07:07:28.541+0000] {processor.py:208} INFO - Processing /home/airflow/.local/lib/python3.12/site-packages/airflow/example_dags/example_external_task_marker_dag.py took 0.060 seconds
[2025-03-04T07:07:58.837+0000] {processor.py:186} INFO - Started process (PID=2287) to work on /home/airflow/.local/lib/python3.12/site-packages/airflow/example_dags/example_external_task_marker_dag.py
[2025-03-04T07:07:58.838+0000] {processor.py:914} INFO - Processing file /home/airflow/.local/lib/python3.12/site-packages/airflow/example_dags/example_external_task_marker_dag.py for tasks to queue
[2025-03-04T07:07:58.839+0000] {logging_mixin.py:190} INFO - [2025-03-04T07:07:58.839+0000] {dagbag.py:588} INFO - Filling up the DagBag from /home/airflow/.local/lib/python3.12/site-packages/airflow/example_dags/example_external_task_marker_dag.py
[2025-03-04T07:07:58.846+0000] {processor.py:925} INFO - DAG(s) 'example_external_task_marker_parent', 'example_external_task_marker_child' retrieved from /home/airflow/.local/lib/python3.12/site-packages/airflow/example_dags/example_external_task_marker_dag.py
[2025-03-04T07:07:58.862+0000] {logging_mixin.py:190} INFO - [2025-03-04T07:07:58.862+0000] {dag.py:3239} INFO - Sync 2 DAGs
[2025-03-04T07:07:58.874+0000] {logging_mixin.py:190} INFO - [2025-03-04T07:07:58.874+0000] {dag.py:4180} INFO - Setting next_dagrun for example_external_task_marker_child to None, run_after=None
[2025-03-04T07:07:58.880+0000] {logging_mixin.py:190} INFO - [2025-03-04T07:07:58.879+0000] {dag.py:4180} INFO - Setting next_dagrun for example_external_task_marker_parent to None, run_after=None
[2025-03-04T07:07:58.896+0000] {processor.py:208} INFO - Processing /home/airflow/.local/lib/python3.12/site-packages/airflow/example_dags/example_external_task_marker_dag.py took 0.064 seconds
[2025-03-04T07:08:29.910+0000] {processor.py:186} INFO - Started process (PID=2369) to work on /home/airflow/.local/lib/python3.12/site-packages/airflow/example_dags/example_external_task_marker_dag.py
[2025-03-04T07:08:29.912+0000] {processor.py:914} INFO - Processing file /home/airflow/.local/lib/python3.12/site-packages/airflow/example_dags/example_external_task_marker_dag.py for tasks to queue
[2025-03-04T07:08:29.913+0000] {logging_mixin.py:190} INFO - [2025-03-04T07:08:29.913+0000] {dagbag.py:588} INFO - Filling up the DagBag from /home/airflow/.local/lib/python3.12/site-packages/airflow/example_dags/example_external_task_marker_dag.py
[2025-03-04T07:08:29.924+0000] {processor.py:925} INFO - DAG(s) 'example_external_task_marker_child', 'example_external_task_marker_parent' retrieved from /home/airflow/.local/lib/python3.12/site-packages/airflow/example_dags/example_external_task_marker_dag.py
[2025-03-04T07:08:29.954+0000] {logging_mixin.py:190} INFO - [2025-03-04T07:08:29.954+0000] {dag.py:3239} INFO - Sync 2 DAGs
[2025-03-04T07:08:29.971+0000] {logging_mixin.py:190} INFO - [2025-03-04T07:08:29.971+0000] {dag.py:4180} INFO - Setting next_dagrun for example_external_task_marker_child to None, run_after=None
[2025-03-04T07:08:29.976+0000] {logging_mixin.py:190} INFO - [2025-03-04T07:08:29.976+0000] {dag.py:4180} INFO - Setting next_dagrun for example_external_task_marker_parent to None, run_after=None
[2025-03-04T07:08:29.999+0000] {processor.py:208} INFO - Processing /home/airflow/.local/lib/python3.12/site-packages/airflow/example_dags/example_external_task_marker_dag.py took 0.096 seconds
[2025-03-04T07:09:00.364+0000] {processor.py:186} INFO - Started process (PID=2444) to work on /home/airflow/.local/lib/python3.12/site-packages/airflow/example_dags/example_external_task_marker_dag.py
[2025-03-04T07:09:00.365+0000] {processor.py:914} INFO - Processing file /home/airflow/.local/lib/python3.12/site-packages/airflow/example_dags/example_external_task_marker_dag.py for tasks to queue
[2025-03-04T07:09:00.366+0000] {logging_mixin.py:190} INFO - [2025-03-04T07:09:00.366+0000] {dagbag.py:588} INFO - Filling up the DagBag from /home/airflow/.local/lib/python3.12/site-packages/airflow/example_dags/example_external_task_marker_dag.py
[2025-03-04T07:09:00.372+0000] {processor.py:925} INFO - DAG(s) 'example_external_task_marker_child', 'example_external_task_marker_parent' retrieved from /home/airflow/.local/lib/python3.12/site-packages/airflow/example_dags/example_external_task_marker_dag.py
[2025-03-04T07:09:00.389+0000] {logging_mixin.py:190} INFO - [2025-03-04T07:09:00.389+0000] {dag.py:3239} INFO - Sync 2 DAGs
[2025-03-04T07:09:00.399+0000] {logging_mixin.py:190} INFO - [2025-03-04T07:09:00.399+0000] {dag.py:4180} INFO - Setting next_dagrun for example_external_task_marker_child to None, run_after=None
[2025-03-04T07:09:00.402+0000] {logging_mixin.py:190} INFO - [2025-03-04T07:09:00.402+0000] {dag.py:4180} INFO - Setting next_dagrun for example_external_task_marker_parent to None, run_after=None
[2025-03-04T07:09:00.415+0000] {processor.py:208} INFO - Processing /home/airflow/.local/lib/python3.12/site-packages/airflow/example_dags/example_external_task_marker_dag.py took 0.056 seconds
[2025-03-04T07:09:31.045+0000] {processor.py:186} INFO - Started process (PID=2525) to work on /home/airflow/.local/lib/python3.12/site-packages/airflow/example_dags/example_external_task_marker_dag.py
[2025-03-04T07:09:31.046+0000] {processor.py:914} INFO - Processing file /home/airflow/.local/lib/python3.12/site-packages/airflow/example_dags/example_external_task_marker_dag.py for tasks to queue
[2025-03-04T07:09:31.048+0000] {logging_mixin.py:190} INFO - [2025-03-04T07:09:31.047+0000] {dagbag.py:588} INFO - Filling up the DagBag from /home/airflow/.local/lib/python3.12/site-packages/airflow/example_dags/example_external_task_marker_dag.py
[2025-03-04T07:09:31.057+0000] {processor.py:925} INFO - DAG(s) 'example_external_task_marker_child', 'example_external_task_marker_parent' retrieved from /home/airflow/.local/lib/python3.12/site-packages/airflow/example_dags/example_external_task_marker_dag.py
[2025-03-04T07:09:31.080+0000] {logging_mixin.py:190} INFO - [2025-03-04T07:09:31.080+0000] {dag.py:3239} INFO - Sync 2 DAGs
[2025-03-04T07:09:31.095+0000] {logging_mixin.py:190} INFO - [2025-03-04T07:09:31.095+0000] {dag.py:4180} INFO - Setting next_dagrun for example_external_task_marker_child to None, run_after=None
[2025-03-04T07:09:31.099+0000] {logging_mixin.py:190} INFO - [2025-03-04T07:09:31.099+0000] {dag.py:4180} INFO - Setting next_dagrun for example_external_task_marker_parent to None, run_after=None
[2025-03-04T07:09:31.114+0000] {processor.py:208} INFO - Processing /home/airflow/.local/lib/python3.12/site-packages/airflow/example_dags/example_external_task_marker_dag.py took 0.077 seconds
[2025-03-04T07:10:01.570+0000] {processor.py:186} INFO - Started process (PID=2600) to work on /home/airflow/.local/lib/python3.12/site-packages/airflow/example_dags/example_external_task_marker_dag.py
[2025-03-04T07:10:01.571+0000] {processor.py:914} INFO - Processing file /home/airflow/.local/lib/python3.12/site-packages/airflow/example_dags/example_external_task_marker_dag.py for tasks to queue
[2025-03-04T07:10:01.572+0000] {logging_mixin.py:190} INFO - [2025-03-04T07:10:01.572+0000] {dagbag.py:588} INFO - Filling up the DagBag from /home/airflow/.local/lib/python3.12/site-packages/airflow/example_dags/example_external_task_marker_dag.py
[2025-03-04T07:10:01.579+0000] {processor.py:925} INFO - DAG(s) 'example_external_task_marker_parent', 'example_external_task_marker_child' retrieved from /home/airflow/.local/lib/python3.12/site-packages/airflow/example_dags/example_external_task_marker_dag.py
[2025-03-04T07:10:01.596+0000] {logging_mixin.py:190} INFO - [2025-03-04T07:10:01.596+0000] {dag.py:3239} INFO - Sync 2 DAGs
[2025-03-04T07:10:01.608+0000] {logging_mixin.py:190} INFO - [2025-03-04T07:10:01.608+0000] {dag.py:4180} INFO - Setting next_dagrun for example_external_task_marker_child to None, run_after=None
[2025-03-04T07:10:01.612+0000] {logging_mixin.py:190} INFO - [2025-03-04T07:10:01.611+0000] {dag.py:4180} INFO - Setting next_dagrun for example_external_task_marker_parent to None, run_after=None
[2025-03-04T07:10:01.625+0000] {processor.py:208} INFO - Processing /home/airflow/.local/lib/python3.12/site-packages/airflow/example_dags/example_external_task_marker_dag.py took 0.060 seconds
[2025-03-04T07:10:31.760+0000] {processor.py:186} INFO - Started process (PID=2673) to work on /home/airflow/.local/lib/python3.12/site-packages/airflow/example_dags/example_external_task_marker_dag.py
[2025-03-04T07:10:31.761+0000] {processor.py:914} INFO - Processing file /home/airflow/.local/lib/python3.12/site-packages/airflow/example_dags/example_external_task_marker_dag.py for tasks to queue
[2025-03-04T07:10:31.763+0000] {logging_mixin.py:190} INFO - [2025-03-04T07:10:31.763+0000] {dagbag.py:588} INFO - Filling up the DagBag from /home/airflow/.local/lib/python3.12/site-packages/airflow/example_dags/example_external_task_marker_dag.py
[2025-03-04T07:10:31.771+0000] {processor.py:925} INFO - DAG(s) 'example_external_task_marker_parent', 'example_external_task_marker_child' retrieved from /home/airflow/.local/lib/python3.12/site-packages/airflow/example_dags/example_external_task_marker_dag.py
[2025-03-04T07:10:31.790+0000] {logging_mixin.py:190} INFO - [2025-03-04T07:10:31.790+0000] {dag.py:3239} INFO - Sync 2 DAGs
[2025-03-04T07:10:31.801+0000] {logging_mixin.py:190} INFO - [2025-03-04T07:10:31.801+0000] {dag.py:4180} INFO - Setting next_dagrun for example_external_task_marker_child to None, run_after=None
[2025-03-04T07:10:31.805+0000] {logging_mixin.py:190} INFO - [2025-03-04T07:10:31.805+0000] {dag.py:4180} INFO - Setting next_dagrun for example_external_task_marker_parent to None, run_after=None
[2025-03-04T07:10:31.821+0000] {processor.py:208} INFO - Processing /home/airflow/.local/lib/python3.12/site-packages/airflow/example_dags/example_external_task_marker_dag.py took 0.066 seconds
[2025-03-04T07:11:02.074+0000] {processor.py:186} INFO - Started process (PID=2755) to work on /home/airflow/.local/lib/python3.12/site-packages/airflow/example_dags/example_external_task_marker_dag.py
[2025-03-04T07:11:02.076+0000] {processor.py:914} INFO - Processing file /home/airflow/.local/lib/python3.12/site-packages/airflow/example_dags/example_external_task_marker_dag.py for tasks to queue
[2025-03-04T07:11:02.078+0000] {logging_mixin.py:190} INFO - [2025-03-04T07:11:02.077+0000] {dagbag.py:588} INFO - Filling up the DagBag from /home/airflow/.local/lib/python3.12/site-packages/airflow/example_dags/example_external_task_marker_dag.py
[2025-03-04T07:11:02.085+0000] {processor.py:925} INFO - DAG(s) 'example_external_task_marker_parent', 'example_external_task_marker_child' retrieved from /home/airflow/.local/lib/python3.12/site-packages/airflow/example_dags/example_external_task_marker_dag.py
[2025-03-04T07:11:02.107+0000] {logging_mixin.py:190} INFO - [2025-03-04T07:11:02.107+0000] {dag.py:3239} INFO - Sync 2 DAGs
[2025-03-04T07:11:02.119+0000] {logging_mixin.py:190} INFO - [2025-03-04T07:11:02.119+0000] {dag.py:4180} INFO - Setting next_dagrun for example_external_task_marker_child to None, run_after=None
[2025-03-04T07:11:02.122+0000] {logging_mixin.py:190} INFO - [2025-03-04T07:11:02.122+0000] {dag.py:4180} INFO - Setting next_dagrun for example_external_task_marker_parent to None, run_after=None
[2025-03-04T07:11:02.139+0000] {processor.py:208} INFO - Processing /home/airflow/.local/lib/python3.12/site-packages/airflow/example_dags/example_external_task_marker_dag.py took 0.070 seconds
[2025-03-04T07:11:32.568+0000] {processor.py:186} INFO - Started process (PID=2829) to work on /home/airflow/.local/lib/python3.12/site-packages/airflow/example_dags/example_external_task_marker_dag.py
[2025-03-04T07:11:32.572+0000] {processor.py:914} INFO - Processing file /home/airflow/.local/lib/python3.12/site-packages/airflow/example_dags/example_external_task_marker_dag.py for tasks to queue
[2025-03-04T07:11:32.576+0000] {logging_mixin.py:190} INFO - [2025-03-04T07:11:32.575+0000] {dagbag.py:588} INFO - Filling up the DagBag from /home/airflow/.local/lib/python3.12/site-packages/airflow/example_dags/example_external_task_marker_dag.py
[2025-03-04T07:11:32.589+0000] {processor.py:925} INFO - DAG(s) 'example_external_task_marker_child', 'example_external_task_marker_parent' retrieved from /home/airflow/.local/lib/python3.12/site-packages/airflow/example_dags/example_external_task_marker_dag.py
[2025-03-04T07:11:32.617+0000] {logging_mixin.py:190} INFO - [2025-03-04T07:11:32.616+0000] {dag.py:3239} INFO - Sync 2 DAGs
[2025-03-04T07:11:32.632+0000] {logging_mixin.py:190} INFO - [2025-03-04T07:11:32.632+0000] {dag.py:4180} INFO - Setting next_dagrun for example_external_task_marker_child to None, run_after=None
[2025-03-04T07:11:32.637+0000] {logging_mixin.py:190} INFO - [2025-03-04T07:11:32.637+0000] {dag.py:4180} INFO - Setting next_dagrun for example_external_task_marker_parent to None, run_after=None
[2025-03-04T07:11:32.653+0000] {processor.py:208} INFO - Processing /home/airflow/.local/lib/python3.12/site-packages/airflow/example_dags/example_external_task_marker_dag.py took 0.097 seconds
[2025-03-04T07:12:03.476+0000] {processor.py:186} INFO - Started process (PID=2909) to work on /home/airflow/.local/lib/python3.12/site-packages/airflow/example_dags/example_external_task_marker_dag.py
[2025-03-04T07:12:03.478+0000] {processor.py:914} INFO - Processing file /home/airflow/.local/lib/python3.12/site-packages/airflow/example_dags/example_external_task_marker_dag.py for tasks to queue
[2025-03-04T07:12:03.480+0000] {logging_mixin.py:190} INFO - [2025-03-04T07:12:03.480+0000] {dagbag.py:588} INFO - Filling up the DagBag from /home/airflow/.local/lib/python3.12/site-packages/airflow/example_dags/example_external_task_marker_dag.py
[2025-03-04T07:12:03.494+0000] {processor.py:925} INFO - DAG(s) 'example_external_task_marker_parent', 'example_external_task_marker_child' retrieved from /home/airflow/.local/lib/python3.12/site-packages/airflow/example_dags/example_external_task_marker_dag.py
[2025-03-04T07:12:03.530+0000] {logging_mixin.py:190} INFO - [2025-03-04T07:12:03.529+0000] {dag.py:3239} INFO - Sync 2 DAGs
[2025-03-04T07:12:03.557+0000] {logging_mixin.py:190} INFO - [2025-03-04T07:12:03.557+0000] {dag.py:4180} INFO - Setting next_dagrun for example_external_task_marker_child to None, run_after=None
[2025-03-04T07:12:03.564+0000] {logging_mixin.py:190} INFO - [2025-03-04T07:12:03.564+0000] {dag.py:4180} INFO - Setting next_dagrun for example_external_task_marker_parent to None, run_after=None
[2025-03-04T07:12:03.591+0000] {processor.py:208} INFO - Processing /home/airflow/.local/lib/python3.12/site-packages/airflow/example_dags/example_external_task_marker_dag.py took 0.124 seconds
[2025-03-04T07:12:34.562+0000] {processor.py:186} INFO - Started process (PID=2983) to work on /home/airflow/.local/lib/python3.12/site-packages/airflow/example_dags/example_external_task_marker_dag.py
[2025-03-04T07:12:34.563+0000] {processor.py:914} INFO - Processing file /home/airflow/.local/lib/python3.12/site-packages/airflow/example_dags/example_external_task_marker_dag.py for tasks to queue
[2025-03-04T07:12:34.565+0000] {logging_mixin.py:190} INFO - [2025-03-04T07:12:34.564+0000] {dagbag.py:588} INFO - Filling up the DagBag from /home/airflow/.local/lib/python3.12/site-packages/airflow/example_dags/example_external_task_marker_dag.py
[2025-03-04T07:12:34.574+0000] {processor.py:925} INFO - DAG(s) 'example_external_task_marker_child', 'example_external_task_marker_parent' retrieved from /home/airflow/.local/lib/python3.12/site-packages/airflow/example_dags/example_external_task_marker_dag.py
[2025-03-04T07:12:34.593+0000] {logging_mixin.py:190} INFO - [2025-03-04T07:12:34.593+0000] {dag.py:3239} INFO - Sync 2 DAGs
[2025-03-04T07:12:34.607+0000] {logging_mixin.py:190} INFO - [2025-03-04T07:12:34.607+0000] {dag.py:4180} INFO - Setting next_dagrun for example_external_task_marker_child to None, run_after=None
[2025-03-04T07:12:34.611+0000] {logging_mixin.py:190} INFO - [2025-03-04T07:12:34.611+0000] {dag.py:4180} INFO - Setting next_dagrun for example_external_task_marker_parent to None, run_after=None
[2025-03-04T07:12:34.624+0000] {processor.py:208} INFO - Processing /home/airflow/.local/lib/python3.12/site-packages/airflow/example_dags/example_external_task_marker_dag.py took 0.068 seconds
[2025-03-04T07:13:05.106+0000] {processor.py:186} INFO - Started process (PID=3056) to work on /home/airflow/.local/lib/python3.12/site-packages/airflow/example_dags/example_external_task_marker_dag.py
[2025-03-04T07:13:05.107+0000] {processor.py:914} INFO - Processing file /home/airflow/.local/lib/python3.12/site-packages/airflow/example_dags/example_external_task_marker_dag.py for tasks to queue
[2025-03-04T07:13:05.109+0000] {logging_mixin.py:190} INFO - [2025-03-04T07:13:05.109+0000] {dagbag.py:588} INFO - Filling up the DagBag from /home/airflow/.local/lib/python3.12/site-packages/airflow/example_dags/example_external_task_marker_dag.py
[2025-03-04T07:13:05.116+0000] {processor.py:925} INFO - DAG(s) 'example_external_task_marker_parent', 'example_external_task_marker_child' retrieved from /home/airflow/.local/lib/python3.12/site-packages/airflow/example_dags/example_external_task_marker_dag.py
[2025-03-04T07:13:05.150+0000] {logging_mixin.py:190} INFO - [2025-03-04T07:13:05.150+0000] {dag.py:3239} INFO - Sync 2 DAGs
[2025-03-04T07:13:05.169+0000] {logging_mixin.py:190} INFO - [2025-03-04T07:13:05.168+0000] {dag.py:4180} INFO - Setting next_dagrun for example_external_task_marker_child to None, run_after=None
[2025-03-04T07:13:05.175+0000] {logging_mixin.py:190} INFO - [2025-03-04T07:13:05.174+0000] {dag.py:4180} INFO - Setting next_dagrun for example_external_task_marker_parent to None, run_after=None
[2025-03-04T07:13:05.189+0000] {processor.py:208} INFO - Processing /home/airflow/.local/lib/python3.12/site-packages/airflow/example_dags/example_external_task_marker_dag.py took 0.088 seconds
[2025-03-04T07:13:35.501+0000] {processor.py:186} INFO - Started process (PID=3137) to work on /home/airflow/.local/lib/python3.12/site-packages/airflow/example_dags/example_external_task_marker_dag.py
[2025-03-04T07:13:35.502+0000] {processor.py:914} INFO - Processing file /home/airflow/.local/lib/python3.12/site-packages/airflow/example_dags/example_external_task_marker_dag.py for tasks to queue
[2025-03-04T07:13:35.503+0000] {logging_mixin.py:190} INFO - [2025-03-04T07:13:35.503+0000] {dagbag.py:588} INFO - Filling up the DagBag from /home/airflow/.local/lib/python3.12/site-packages/airflow/example_dags/example_external_task_marker_dag.py
[2025-03-04T07:13:35.509+0000] {processor.py:925} INFO - DAG(s) 'example_external_task_marker_child', 'example_external_task_marker_parent' retrieved from /home/airflow/.local/lib/python3.12/site-packages/airflow/example_dags/example_external_task_marker_dag.py
[2025-03-04T07:13:35.527+0000] {logging_mixin.py:190} INFO - [2025-03-04T07:13:35.527+0000] {dag.py:3239} INFO - Sync 2 DAGs
[2025-03-04T07:13:35.538+0000] {logging_mixin.py:190} INFO - [2025-03-04T07:13:35.538+0000] {dag.py:4180} INFO - Setting next_dagrun for example_external_task_marker_child to None, run_after=None
[2025-03-04T07:13:35.541+0000] {logging_mixin.py:190} INFO - [2025-03-04T07:13:35.541+0000] {dag.py:4180} INFO - Setting next_dagrun for example_external_task_marker_parent to None, run_after=None
[2025-03-04T07:13:35.553+0000] {processor.py:208} INFO - Processing /home/airflow/.local/lib/python3.12/site-packages/airflow/example_dags/example_external_task_marker_dag.py took 0.056 seconds
[2025-03-04T07:14:06.229+0000] {processor.py:186} INFO - Started process (PID=3211) to work on /home/airflow/.local/lib/python3.12/site-packages/airflow/example_dags/example_external_task_marker_dag.py
[2025-03-04T07:14:06.239+0000] {processor.py:914} INFO - Processing file /home/airflow/.local/lib/python3.12/site-packages/airflow/example_dags/example_external_task_marker_dag.py for tasks to queue
[2025-03-04T07:14:06.270+0000] {logging_mixin.py:190} INFO - [2025-03-04T07:14:06.269+0000] {dagbag.py:588} INFO - Filling up the DagBag from /home/airflow/.local/lib/python3.12/site-packages/airflow/example_dags/example_external_task_marker_dag.py
[2025-03-04T07:14:06.286+0000] {processor.py:925} INFO - DAG(s) 'example_external_task_marker_child', 'example_external_task_marker_parent' retrieved from /home/airflow/.local/lib/python3.12/site-packages/airflow/example_dags/example_external_task_marker_dag.py
[2025-03-04T07:14:06.319+0000] {logging_mixin.py:190} INFO - [2025-03-04T07:14:06.318+0000] {dag.py:3239} INFO - Sync 2 DAGs
[2025-03-04T07:14:06.343+0000] {logging_mixin.py:190} INFO - [2025-03-04T07:14:06.343+0000] {dag.py:4180} INFO - Setting next_dagrun for example_external_task_marker_child to None, run_after=None
[2025-03-04T07:14:06.352+0000] {logging_mixin.py:190} INFO - [2025-03-04T07:14:06.351+0000] {dag.py:4180} INFO - Setting next_dagrun for example_external_task_marker_parent to None, run_after=None
[2025-03-04T07:14:06.381+0000] {processor.py:208} INFO - Processing /home/airflow/.local/lib/python3.12/site-packages/airflow/example_dags/example_external_task_marker_dag.py took 0.163 seconds
[2025-03-04T07:14:36.484+0000] {processor.py:186} INFO - Started process (PID=3296) to work on /home/airflow/.local/lib/python3.12/site-packages/airflow/example_dags/example_external_task_marker_dag.py
[2025-03-04T07:14:36.485+0000] {processor.py:914} INFO - Processing file /home/airflow/.local/lib/python3.12/site-packages/airflow/example_dags/example_external_task_marker_dag.py for tasks to queue
[2025-03-04T07:14:36.488+0000] {logging_mixin.py:190} INFO - [2025-03-04T07:14:36.487+0000] {dagbag.py:588} INFO - Filling up the DagBag from /home/airflow/.local/lib/python3.12/site-packages/airflow/example_dags/example_external_task_marker_dag.py
[2025-03-04T07:14:36.498+0000] {processor.py:925} INFO - DAG(s) 'example_external_task_marker_child', 'example_external_task_marker_parent' retrieved from /home/airflow/.local/lib/python3.12/site-packages/airflow/example_dags/example_external_task_marker_dag.py
[2025-03-04T07:14:36.528+0000] {logging_mixin.py:190} INFO - [2025-03-04T07:14:36.528+0000] {dag.py:3239} INFO - Sync 2 DAGs
[2025-03-04T07:14:36.546+0000] {logging_mixin.py:190} INFO - [2025-03-04T07:14:36.545+0000] {dag.py:4180} INFO - Setting next_dagrun for example_external_task_marker_child to None, run_after=None
[2025-03-04T07:14:36.552+0000] {logging_mixin.py:190} INFO - [2025-03-04T07:14:36.552+0000] {dag.py:4180} INFO - Setting next_dagrun for example_external_task_marker_parent to None, run_after=None
[2025-03-04T07:14:36.574+0000] {processor.py:208} INFO - Processing /home/airflow/.local/lib/python3.12/site-packages/airflow/example_dags/example_external_task_marker_dag.py took 0.097 seconds
[2025-03-04T07:15:07.432+0000] {processor.py:186} INFO - Started process (PID=3374) to work on /home/airflow/.local/lib/python3.12/site-packages/airflow/example_dags/example_external_task_marker_dag.py
[2025-03-04T07:15:07.433+0000] {processor.py:914} INFO - Processing file /home/airflow/.local/lib/python3.12/site-packages/airflow/example_dags/example_external_task_marker_dag.py for tasks to queue
[2025-03-04T07:15:07.439+0000] {logging_mixin.py:190} INFO - [2025-03-04T07:15:07.439+0000] {dagbag.py:588} INFO - Filling up the DagBag from /home/airflow/.local/lib/python3.12/site-packages/airflow/example_dags/example_external_task_marker_dag.py
[2025-03-04T07:15:07.446+0000] {processor.py:925} INFO - DAG(s) 'example_external_task_marker_parent', 'example_external_task_marker_child' retrieved from /home/airflow/.local/lib/python3.12/site-packages/airflow/example_dags/example_external_task_marker_dag.py
[2025-03-04T07:15:07.466+0000] {logging_mixin.py:190} INFO - [2025-03-04T07:15:07.466+0000] {dag.py:3239} INFO - Sync 2 DAGs
[2025-03-04T07:15:07.491+0000] {logging_mixin.py:190} INFO - [2025-03-04T07:15:07.490+0000] {dag.py:4180} INFO - Setting next_dagrun for example_external_task_marker_child to None, run_after=None
[2025-03-04T07:15:07.496+0000] {logging_mixin.py:190} INFO - [2025-03-04T07:15:07.495+0000] {dag.py:4180} INFO - Setting next_dagrun for example_external_task_marker_parent to None, run_after=None
[2025-03-04T07:15:07.520+0000] {processor.py:208} INFO - Processing /home/airflow/.local/lib/python3.12/site-packages/airflow/example_dags/example_external_task_marker_dag.py took 0.092 seconds
[2025-03-04T07:15:38.243+0000] {processor.py:186} INFO - Started process (PID=3448) to work on /home/airflow/.local/lib/python3.12/site-packages/airflow/example_dags/example_external_task_marker_dag.py
[2025-03-04T07:15:38.245+0000] {processor.py:914} INFO - Processing file /home/airflow/.local/lib/python3.12/site-packages/airflow/example_dags/example_external_task_marker_dag.py for tasks to queue
[2025-03-04T07:15:38.249+0000] {logging_mixin.py:190} INFO - [2025-03-04T07:15:38.248+0000] {dagbag.py:588} INFO - Filling up the DagBag from /home/airflow/.local/lib/python3.12/site-packages/airflow/example_dags/example_external_task_marker_dag.py
[2025-03-04T07:15:38.255+0000] {processor.py:925} INFO - DAG(s) 'example_external_task_marker_parent', 'example_external_task_marker_child' retrieved from /home/airflow/.local/lib/python3.12/site-packages/airflow/example_dags/example_external_task_marker_dag.py
[2025-03-04T07:15:38.277+0000] {logging_mixin.py:190} INFO - [2025-03-04T07:15:38.277+0000] {dag.py:3239} INFO - Sync 2 DAGs
[2025-03-04T07:15:38.291+0000] {logging_mixin.py:190} INFO - [2025-03-04T07:15:38.291+0000] {dag.py:4180} INFO - Setting next_dagrun for example_external_task_marker_child to None, run_after=None
[2025-03-04T07:15:38.294+0000] {logging_mixin.py:190} INFO - [2025-03-04T07:15:38.294+0000] {dag.py:4180} INFO - Setting next_dagrun for example_external_task_marker_parent to None, run_after=None
[2025-03-04T07:15:38.306+0000] {processor.py:208} INFO - Processing /home/airflow/.local/lib/python3.12/site-packages/airflow/example_dags/example_external_task_marker_dag.py took 0.069 seconds
[2025-03-04T07:16:08.853+0000] {processor.py:186} INFO - Started process (PID=3530) to work on /home/airflow/.local/lib/python3.12/site-packages/airflow/example_dags/example_external_task_marker_dag.py
[2025-03-04T07:16:08.854+0000] {processor.py:914} INFO - Processing file /home/airflow/.local/lib/python3.12/site-packages/airflow/example_dags/example_external_task_marker_dag.py for tasks to queue
[2025-03-04T07:16:08.856+0000] {logging_mixin.py:190} INFO - [2025-03-04T07:16:08.856+0000] {dagbag.py:588} INFO - Filling up the DagBag from /home/airflow/.local/lib/python3.12/site-packages/airflow/example_dags/example_external_task_marker_dag.py
[2025-03-04T07:16:08.865+0000] {processor.py:925} INFO - DAG(s) 'example_external_task_marker_child', 'example_external_task_marker_parent' retrieved from /home/airflow/.local/lib/python3.12/site-packages/airflow/example_dags/example_external_task_marker_dag.py
[2025-03-04T07:16:08.884+0000] {logging_mixin.py:190} INFO - [2025-03-04T07:16:08.884+0000] {dag.py:3239} INFO - Sync 2 DAGs
[2025-03-04T07:16:08.897+0000] {logging_mixin.py:190} INFO - [2025-03-04T07:16:08.897+0000] {dag.py:4180} INFO - Setting next_dagrun for example_external_task_marker_child to None, run_after=None
[2025-03-04T07:16:08.901+0000] {logging_mixin.py:190} INFO - [2025-03-04T07:16:08.901+0000] {dag.py:4180} INFO - Setting next_dagrun for example_external_task_marker_parent to None, run_after=None
[2025-03-04T07:16:08.916+0000] {processor.py:208} INFO - Processing /home/airflow/.local/lib/python3.12/site-packages/airflow/example_dags/example_external_task_marker_dag.py took 0.068 seconds
[2025-03-04T07:16:39.591+0000] {processor.py:186} INFO - Started process (PID=3604) to work on /home/airflow/.local/lib/python3.12/site-packages/airflow/example_dags/example_external_task_marker_dag.py
[2025-03-04T07:16:39.592+0000] {processor.py:914} INFO - Processing file /home/airflow/.local/lib/python3.12/site-packages/airflow/example_dags/example_external_task_marker_dag.py for tasks to queue
[2025-03-04T07:16:39.594+0000] {logging_mixin.py:190} INFO - [2025-03-04T07:16:39.593+0000] {dagbag.py:588} INFO - Filling up the DagBag from /home/airflow/.local/lib/python3.12/site-packages/airflow/example_dags/example_external_task_marker_dag.py
[2025-03-04T07:16:39.601+0000] {processor.py:925} INFO - DAG(s) 'example_external_task_marker_parent', 'example_external_task_marker_child' retrieved from /home/airflow/.local/lib/python3.12/site-packages/airflow/example_dags/example_external_task_marker_dag.py
[2025-03-04T07:16:39.622+0000] {logging_mixin.py:190} INFO - [2025-03-04T07:16:39.621+0000] {dag.py:3239} INFO - Sync 2 DAGs
[2025-03-04T07:16:39.635+0000] {logging_mixin.py:190} INFO - [2025-03-04T07:16:39.635+0000] {dag.py:4180} INFO - Setting next_dagrun for example_external_task_marker_child to None, run_after=None
[2025-03-04T07:16:39.639+0000] {logging_mixin.py:190} INFO - [2025-03-04T07:16:39.639+0000] {dag.py:4180} INFO - Setting next_dagrun for example_external_task_marker_parent to None, run_after=None
[2025-03-04T07:16:39.654+0000] {processor.py:208} INFO - Processing /home/airflow/.local/lib/python3.12/site-packages/airflow/example_dags/example_external_task_marker_dag.py took 0.069 seconds
[2025-03-04T07:17:09.846+0000] {processor.py:186} INFO - Started process (PID=3685) to work on /home/airflow/.local/lib/python3.12/site-packages/airflow/example_dags/example_external_task_marker_dag.py
[2025-03-04T07:17:09.847+0000] {processor.py:914} INFO - Processing file /home/airflow/.local/lib/python3.12/site-packages/airflow/example_dags/example_external_task_marker_dag.py for tasks to queue
[2025-03-04T07:17:09.848+0000] {logging_mixin.py:190} INFO - [2025-03-04T07:17:09.848+0000] {dagbag.py:588} INFO - Filling up the DagBag from /home/airflow/.local/lib/python3.12/site-packages/airflow/example_dags/example_external_task_marker_dag.py
[2025-03-04T07:17:09.856+0000] {processor.py:925} INFO - DAG(s) 'example_external_task_marker_parent', 'example_external_task_marker_child' retrieved from /home/airflow/.local/lib/python3.12/site-packages/airflow/example_dags/example_external_task_marker_dag.py
[2025-03-04T07:17:09.878+0000] {logging_mixin.py:190} INFO - [2025-03-04T07:17:09.878+0000] {dag.py:3239} INFO - Sync 2 DAGs
[2025-03-04T07:17:09.892+0000] {logging_mixin.py:190} INFO - [2025-03-04T07:17:09.892+0000] {dag.py:4180} INFO - Setting next_dagrun for example_external_task_marker_child to None, run_after=None
[2025-03-04T07:17:09.896+0000] {logging_mixin.py:190} INFO - [2025-03-04T07:17:09.896+0000] {dag.py:4180} INFO - Setting next_dagrun for example_external_task_marker_parent to None, run_after=None
[2025-03-04T07:17:09.911+0000] {processor.py:208} INFO - Processing /home/airflow/.local/lib/python3.12/site-packages/airflow/example_dags/example_external_task_marker_dag.py took 0.070 seconds
[2025-03-04T07:17:40.551+0000] {processor.py:186} INFO - Started process (PID=3760) to work on /home/airflow/.local/lib/python3.12/site-packages/airflow/example_dags/example_external_task_marker_dag.py
[2025-03-04T07:17:40.552+0000] {processor.py:914} INFO - Processing file /home/airflow/.local/lib/python3.12/site-packages/airflow/example_dags/example_external_task_marker_dag.py for tasks to queue
[2025-03-04T07:17:40.553+0000] {logging_mixin.py:190} INFO - [2025-03-04T07:17:40.552+0000] {dagbag.py:588} INFO - Filling up the DagBag from /home/airflow/.local/lib/python3.12/site-packages/airflow/example_dags/example_external_task_marker_dag.py
[2025-03-04T07:17:40.559+0000] {processor.py:925} INFO - DAG(s) 'example_external_task_marker_parent', 'example_external_task_marker_child' retrieved from /home/airflow/.local/lib/python3.12/site-packages/airflow/example_dags/example_external_task_marker_dag.py
[2025-03-04T07:17:40.577+0000] {logging_mixin.py:190} INFO - [2025-03-04T07:17:40.577+0000] {dag.py:3239} INFO - Sync 2 DAGs
[2025-03-04T07:17:40.589+0000] {logging_mixin.py:190} INFO - [2025-03-04T07:17:40.589+0000] {dag.py:4180} INFO - Setting next_dagrun for example_external_task_marker_child to None, run_after=None
[2025-03-04T07:17:40.592+0000] {logging_mixin.py:190} INFO - [2025-03-04T07:17:40.592+0000] {dag.py:4180} INFO - Setting next_dagrun for example_external_task_marker_parent to None, run_after=None
[2025-03-04T07:17:40.607+0000] {processor.py:208} INFO - Processing /home/airflow/.local/lib/python3.12/site-packages/airflow/example_dags/example_external_task_marker_dag.py took 0.060 seconds
[2025-03-04T07:18:11.315+0000] {processor.py:186} INFO - Started process (PID=3843) to work on /home/airflow/.local/lib/python3.12/site-packages/airflow/example_dags/example_external_task_marker_dag.py
[2025-03-04T07:18:11.316+0000] {processor.py:914} INFO - Processing file /home/airflow/.local/lib/python3.12/site-packages/airflow/example_dags/example_external_task_marker_dag.py for tasks to queue
[2025-03-04T07:18:11.318+0000] {logging_mixin.py:190} INFO - [2025-03-04T07:18:11.318+0000] {dagbag.py:588} INFO - Filling up the DagBag from /home/airflow/.local/lib/python3.12/site-packages/airflow/example_dags/example_external_task_marker_dag.py
[2025-03-04T07:18:11.326+0000] {processor.py:925} INFO - DAG(s) 'example_external_task_marker_parent', 'example_external_task_marker_child' retrieved from /home/airflow/.local/lib/python3.12/site-packages/airflow/example_dags/example_external_task_marker_dag.py
[2025-03-04T07:18:11.349+0000] {logging_mixin.py:190} INFO - [2025-03-04T07:18:11.349+0000] {dag.py:3239} INFO - Sync 2 DAGs
[2025-03-04T07:18:11.362+0000] {logging_mixin.py:190} INFO - [2025-03-04T07:18:11.362+0000] {dag.py:4180} INFO - Setting next_dagrun for example_external_task_marker_child to None, run_after=None
[2025-03-04T07:18:11.365+0000] {logging_mixin.py:190} INFO - [2025-03-04T07:18:11.365+0000] {dag.py:4180} INFO - Setting next_dagrun for example_external_task_marker_parent to None, run_after=None
[2025-03-04T07:18:11.382+0000] {processor.py:208} INFO - Processing /home/airflow/.local/lib/python3.12/site-packages/airflow/example_dags/example_external_task_marker_dag.py took 0.072 seconds
[2025-03-04T07:18:41.558+0000] {processor.py:186} INFO - Started process (PID=3918) to work on /home/airflow/.local/lib/python3.12/site-packages/airflow/example_dags/example_external_task_marker_dag.py
[2025-03-04T07:18:41.560+0000] {processor.py:914} INFO - Processing file /home/airflow/.local/lib/python3.12/site-packages/airflow/example_dags/example_external_task_marker_dag.py for tasks to queue
[2025-03-04T07:18:41.561+0000] {logging_mixin.py:190} INFO - [2025-03-04T07:18:41.561+0000] {dagbag.py:588} INFO - Filling up the DagBag from /home/airflow/.local/lib/python3.12/site-packages/airflow/example_dags/example_external_task_marker_dag.py
[2025-03-04T07:18:41.567+0000] {processor.py:925} INFO - DAG(s) 'example_external_task_marker_child', 'example_external_task_marker_parent' retrieved from /home/airflow/.local/lib/python3.12/site-packages/airflow/example_dags/example_external_task_marker_dag.py
[2025-03-04T07:18:41.585+0000] {logging_mixin.py:190} INFO - [2025-03-04T07:18:41.585+0000] {dag.py:3239} INFO - Sync 2 DAGs
[2025-03-04T07:18:41.596+0000] {logging_mixin.py:190} INFO - [2025-03-04T07:18:41.596+0000] {dag.py:4180} INFO - Setting next_dagrun for example_external_task_marker_child to None, run_after=None
[2025-03-04T07:18:41.600+0000] {logging_mixin.py:190} INFO - [2025-03-04T07:18:41.600+0000] {dag.py:4180} INFO - Setting next_dagrun for example_external_task_marker_parent to None, run_after=None
[2025-03-04T07:18:41.621+0000] {processor.py:208} INFO - Processing /home/airflow/.local/lib/python3.12/site-packages/airflow/example_dags/example_external_task_marker_dag.py took 0.068 seconds
