[2025-03-04T06:53:42.665+0000] {processor.py:186} INFO - Started process (PID=76) to work on /home/airflow/.local/lib/python3.12/site-packages/airflow/example_dags/example_latest_only_with_trigger.py
[2025-03-04T06:53:42.667+0000] {processor.py:914} INFO - Processing file /home/airflow/.local/lib/python3.12/site-packages/airflow/example_dags/example_latest_only_with_trigger.py for tasks to queue
[2025-03-04T06:53:42.671+0000] {logging_mixin.py:190} INFO - [2025-03-04T06:53:42.671+0000] {dagbag.py:588} INFO - Filling up the DagBag from /home/airflow/.local/lib/python3.12/site-packages/airflow/example_dags/example_latest_only_with_trigger.py
[2025-03-04T06:53:42.697+0000] {processor.py:925} INFO - DAG(s) 'latest_only_with_trigger' retrieved from /home/airflow/.local/lib/python3.12/site-packages/airflow/example_dags/example_latest_only_with_trigger.py
[2025-03-04T06:53:42.868+0000] {logging_mixin.py:190} INFO - [2025-03-04T06:53:42.867+0000] {override.py:1912} INFO - Created Permission View: can read on DAG:latest_only_with_trigger
[2025-03-04T06:53:42.889+0000] {logging_mixin.py:190} INFO - [2025-03-04T06:53:42.888+0000] {override.py:1912} INFO - Created Permission View: can edit on DAG:latest_only_with_trigger
[2025-03-04T06:53:42.900+0000] {logging_mixin.py:190} INFO - [2025-03-04T06:53:42.900+0000] {override.py:1912} INFO - Created Permission View: can delete on DAG:latest_only_with_trigger
[2025-03-04T06:53:42.913+0000] {logging_mixin.py:190} INFO - [2025-03-04T06:53:42.913+0000] {override.py:1912} INFO - Created Permission View: menu access on DAG Run:latest_only_with_trigger
[2025-03-04T06:53:42.926+0000] {logging_mixin.py:190} INFO - [2025-03-04T06:53:42.926+0000] {override.py:1912} INFO - Created Permission View: can read on DAG Run:latest_only_with_trigger
[2025-03-04T06:53:42.936+0000] {logging_mixin.py:190} INFO - [2025-03-04T06:53:42.936+0000] {override.py:1912} INFO - Created Permission View: can delete on DAG Run:latest_only_with_trigger
[2025-03-04T06:53:42.957+0000] {logging_mixin.py:190} INFO - [2025-03-04T06:53:42.956+0000] {override.py:1912} INFO - Created Permission View: can create on DAG Run:latest_only_with_trigger
[2025-03-04T06:53:42.959+0000] {logging_mixin.py:190} INFO - [2025-03-04T06:53:42.959+0000] {dag.py:3239} INFO - Sync 1 DAGs
[2025-03-04T06:53:42.981+0000] {logging_mixin.py:190} INFO - [2025-03-04T06:53:42.981+0000] {dag.py:3262} INFO - Creating ORM DAG for latest_only_with_trigger
[2025-03-04T06:53:42.997+0000] {logging_mixin.py:190} INFO - [2025-03-04T06:53:42.996+0000] {dag.py:4180} INFO - Setting next_dagrun for latest_only_with_trigger to 2025-03-04 00:00:00+00:00, run_after=2025-03-04 04:00:00+00:00
[2025-03-04T06:53:43.025+0000] {processor.py:208} INFO - Processing /home/airflow/.local/lib/python3.12/site-packages/airflow/example_dags/example_latest_only_with_trigger.py took 0.369 seconds
[2025-03-04T06:54:13.462+0000] {processor.py:186} INFO - Started process (PID=150) to work on /home/airflow/.local/lib/python3.12/site-packages/airflow/example_dags/example_latest_only_with_trigger.py
[2025-03-04T06:54:13.464+0000] {processor.py:914} INFO - Processing file /home/airflow/.local/lib/python3.12/site-packages/airflow/example_dags/example_latest_only_with_trigger.py for tasks to queue
[2025-03-04T06:54:13.466+0000] {logging_mixin.py:190} INFO - [2025-03-04T06:54:13.466+0000] {dagbag.py:588} INFO - Filling up the DagBag from /home/airflow/.local/lib/python3.12/site-packages/airflow/example_dags/example_latest_only_with_trigger.py
[2025-03-04T06:54:13.473+0000] {processor.py:925} INFO - DAG(s) 'latest_only_with_trigger' retrieved from /home/airflow/.local/lib/python3.12/site-packages/airflow/example_dags/example_latest_only_with_trigger.py
[2025-03-04T06:54:13.492+0000] {logging_mixin.py:190} INFO - [2025-03-04T06:54:13.492+0000] {dag.py:3239} INFO - Sync 1 DAGs
[2025-03-04T06:54:13.516+0000] {logging_mixin.py:190} INFO - [2025-03-04T06:54:13.516+0000] {dag.py:4180} INFO - Setting next_dagrun for latest_only_with_trigger to 2025-03-04 00:00:00+00:00, run_after=2025-03-04 04:00:00+00:00
[2025-03-04T06:54:13.535+0000] {processor.py:208} INFO - Processing /home/airflow/.local/lib/python3.12/site-packages/airflow/example_dags/example_latest_only_with_trigger.py took 0.080 seconds
[2025-03-04T06:54:43.730+0000] {processor.py:186} INFO - Started process (PID=232) to work on /home/airflow/.local/lib/python3.12/site-packages/airflow/example_dags/example_latest_only_with_trigger.py
[2025-03-04T06:54:43.731+0000] {processor.py:914} INFO - Processing file /home/airflow/.local/lib/python3.12/site-packages/airflow/example_dags/example_latest_only_with_trigger.py for tasks to queue
[2025-03-04T06:54:43.734+0000] {logging_mixin.py:190} INFO - [2025-03-04T06:54:43.734+0000] {dagbag.py:588} INFO - Filling up the DagBag from /home/airflow/.local/lib/python3.12/site-packages/airflow/example_dags/example_latest_only_with_trigger.py
[2025-03-04T06:54:43.743+0000] {processor.py:925} INFO - DAG(s) 'latest_only_with_trigger' retrieved from /home/airflow/.local/lib/python3.12/site-packages/airflow/example_dags/example_latest_only_with_trigger.py
[2025-03-04T06:54:43.769+0000] {logging_mixin.py:190} INFO - [2025-03-04T06:54:43.769+0000] {dag.py:3239} INFO - Sync 1 DAGs
[2025-03-04T06:54:43.794+0000] {logging_mixin.py:190} INFO - [2025-03-04T06:54:43.794+0000] {dag.py:4180} INFO - Setting next_dagrun for latest_only_with_trigger to 2025-03-04 00:00:00+00:00, run_after=2025-03-04 04:00:00+00:00
[2025-03-04T06:54:43.813+0000] {processor.py:208} INFO - Processing /home/airflow/.local/lib/python3.12/site-packages/airflow/example_dags/example_latest_only_with_trigger.py took 0.089 seconds
[2025-03-04T06:55:14.341+0000] {processor.py:186} INFO - Started process (PID=307) to work on /home/airflow/.local/lib/python3.12/site-packages/airflow/example_dags/example_latest_only_with_trigger.py
[2025-03-04T06:55:14.342+0000] {processor.py:914} INFO - Processing file /home/airflow/.local/lib/python3.12/site-packages/airflow/example_dags/example_latest_only_with_trigger.py for tasks to queue
[2025-03-04T06:55:14.343+0000] {logging_mixin.py:190} INFO - [2025-03-04T06:55:14.343+0000] {dagbag.py:588} INFO - Filling up the DagBag from /home/airflow/.local/lib/python3.12/site-packages/airflow/example_dags/example_latest_only_with_trigger.py
[2025-03-04T06:55:14.349+0000] {processor.py:925} INFO - DAG(s) 'latest_only_with_trigger' retrieved from /home/airflow/.local/lib/python3.12/site-packages/airflow/example_dags/example_latest_only_with_trigger.py
[2025-03-04T06:55:14.367+0000] {logging_mixin.py:190} INFO - [2025-03-04T06:55:14.367+0000] {dag.py:3239} INFO - Sync 1 DAGs
[2025-03-04T06:55:14.384+0000] {logging_mixin.py:190} INFO - [2025-03-04T06:55:14.384+0000] {dag.py:4180} INFO - Setting next_dagrun for latest_only_with_trigger to 2025-03-04 00:00:00+00:00, run_after=2025-03-04 04:00:00+00:00
[2025-03-04T06:55:14.400+0000] {processor.py:208} INFO - Processing /home/airflow/.local/lib/python3.12/site-packages/airflow/example_dags/example_latest_only_with_trigger.py took 0.063 seconds
[2025-03-04T06:55:44.552+0000] {processor.py:186} INFO - Started process (PID=389) to work on /home/airflow/.local/lib/python3.12/site-packages/airflow/example_dags/example_latest_only_with_trigger.py
[2025-03-04T06:55:44.553+0000] {processor.py:914} INFO - Processing file /home/airflow/.local/lib/python3.12/site-packages/airflow/example_dags/example_latest_only_with_trigger.py for tasks to queue
[2025-03-04T06:55:44.556+0000] {logging_mixin.py:190} INFO - [2025-03-04T06:55:44.555+0000] {dagbag.py:588} INFO - Filling up the DagBag from /home/airflow/.local/lib/python3.12/site-packages/airflow/example_dags/example_latest_only_with_trigger.py
[2025-03-04T06:55:44.563+0000] {processor.py:925} INFO - DAG(s) 'latest_only_with_trigger' retrieved from /home/airflow/.local/lib/python3.12/site-packages/airflow/example_dags/example_latest_only_with_trigger.py
[2025-03-04T06:55:44.581+0000] {logging_mixin.py:190} INFO - [2025-03-04T06:55:44.581+0000] {dag.py:3239} INFO - Sync 1 DAGs
[2025-03-04T06:55:44.602+0000] {logging_mixin.py:190} INFO - [2025-03-04T06:55:44.601+0000] {dag.py:4180} INFO - Setting next_dagrun for latest_only_with_trigger to 2025-03-04 00:00:00+00:00, run_after=2025-03-04 04:00:00+00:00
[2025-03-04T06:55:44.619+0000] {processor.py:208} INFO - Processing /home/airflow/.local/lib/python3.12/site-packages/airflow/example_dags/example_latest_only_with_trigger.py took 0.072 seconds
[2025-03-04T06:56:15.421+0000] {processor.py:186} INFO - Started process (PID=465) to work on /home/airflow/.local/lib/python3.12/site-packages/airflow/example_dags/example_latest_only_with_trigger.py
[2025-03-04T06:56:15.422+0000] {processor.py:914} INFO - Processing file /home/airflow/.local/lib/python3.12/site-packages/airflow/example_dags/example_latest_only_with_trigger.py for tasks to queue
[2025-03-04T06:56:15.424+0000] {logging_mixin.py:190} INFO - [2025-03-04T06:56:15.424+0000] {dagbag.py:588} INFO - Filling up the DagBag from /home/airflow/.local/lib/python3.12/site-packages/airflow/example_dags/example_latest_only_with_trigger.py
[2025-03-04T06:56:15.430+0000] {processor.py:925} INFO - DAG(s) 'latest_only_with_trigger' retrieved from /home/airflow/.local/lib/python3.12/site-packages/airflow/example_dags/example_latest_only_with_trigger.py
[2025-03-04T06:56:15.446+0000] {logging_mixin.py:190} INFO - [2025-03-04T06:56:15.445+0000] {dag.py:3239} INFO - Sync 1 DAGs
[2025-03-04T06:56:15.462+0000] {logging_mixin.py:190} INFO - [2025-03-04T06:56:15.462+0000] {dag.py:4180} INFO - Setting next_dagrun for latest_only_with_trigger to 2025-03-04 00:00:00+00:00, run_after=2025-03-04 04:00:00+00:00
[2025-03-04T06:56:15.478+0000] {processor.py:208} INFO - Processing /home/airflow/.local/lib/python3.12/site-packages/airflow/example_dags/example_latest_only_with_trigger.py took 0.060 seconds
[2025-03-04T06:56:46.149+0000] {processor.py:186} INFO - Started process (PID=540) to work on /home/airflow/.local/lib/python3.12/site-packages/airflow/example_dags/example_latest_only_with_trigger.py
[2025-03-04T06:56:46.150+0000] {processor.py:914} INFO - Processing file /home/airflow/.local/lib/python3.12/site-packages/airflow/example_dags/example_latest_only_with_trigger.py for tasks to queue
[2025-03-04T06:56:46.152+0000] {logging_mixin.py:190} INFO - [2025-03-04T06:56:46.152+0000] {dagbag.py:588} INFO - Filling up the DagBag from /home/airflow/.local/lib/python3.12/site-packages/airflow/example_dags/example_latest_only_with_trigger.py
[2025-03-04T06:56:46.160+0000] {processor.py:925} INFO - DAG(s) 'latest_only_with_trigger' retrieved from /home/airflow/.local/lib/python3.12/site-packages/airflow/example_dags/example_latest_only_with_trigger.py
[2025-03-04T06:56:46.181+0000] {logging_mixin.py:190} INFO - [2025-03-04T06:56:46.181+0000] {dag.py:3239} INFO - Sync 1 DAGs
[2025-03-04T06:56:46.203+0000] {logging_mixin.py:190} INFO - [2025-03-04T06:56:46.203+0000] {dag.py:4180} INFO - Setting next_dagrun for latest_only_with_trigger to 2025-03-04 00:00:00+00:00, run_after=2025-03-04 04:00:00+00:00
[2025-03-04T06:56:46.223+0000] {processor.py:208} INFO - Processing /home/airflow/.local/lib/python3.12/site-packages/airflow/example_dags/example_latest_only_with_trigger.py took 0.079 seconds
[2025-03-04T06:57:16.734+0000] {processor.py:186} INFO - Started process (PID=623) to work on /home/airflow/.local/lib/python3.12/site-packages/airflow/example_dags/example_latest_only_with_trigger.py
[2025-03-04T06:57:16.735+0000] {processor.py:914} INFO - Processing file /home/airflow/.local/lib/python3.12/site-packages/airflow/example_dags/example_latest_only_with_trigger.py for tasks to queue
[2025-03-04T06:57:16.737+0000] {logging_mixin.py:190} INFO - [2025-03-04T06:57:16.737+0000] {dagbag.py:588} INFO - Filling up the DagBag from /home/airflow/.local/lib/python3.12/site-packages/airflow/example_dags/example_latest_only_with_trigger.py
[2025-03-04T06:57:16.743+0000] {processor.py:925} INFO - DAG(s) 'latest_only_with_trigger' retrieved from /home/airflow/.local/lib/python3.12/site-packages/airflow/example_dags/example_latest_only_with_trigger.py
[2025-03-04T06:57:16.762+0000] {logging_mixin.py:190} INFO - [2025-03-04T06:57:16.761+0000] {dag.py:3239} INFO - Sync 1 DAGs
[2025-03-04T06:57:16.779+0000] {logging_mixin.py:190} INFO - [2025-03-04T06:57:16.779+0000] {dag.py:4180} INFO - Setting next_dagrun for latest_only_with_trigger to 2025-03-04 00:00:00+00:00, run_after=2025-03-04 04:00:00+00:00
[2025-03-04T06:57:16.795+0000] {processor.py:208} INFO - Processing /home/airflow/.local/lib/python3.12/site-packages/airflow/example_dags/example_latest_only_with_trigger.py took 0.067 seconds
[2025-03-04T06:57:46.867+0000] {processor.py:186} INFO - Started process (PID=698) to work on /home/airflow/.local/lib/python3.12/site-packages/airflow/example_dags/example_latest_only_with_trigger.py
[2025-03-04T06:57:46.868+0000] {processor.py:914} INFO - Processing file /home/airflow/.local/lib/python3.12/site-packages/airflow/example_dags/example_latest_only_with_trigger.py for tasks to queue
[2025-03-04T06:57:46.870+0000] {logging_mixin.py:190} INFO - [2025-03-04T06:57:46.870+0000] {dagbag.py:588} INFO - Filling up the DagBag from /home/airflow/.local/lib/python3.12/site-packages/airflow/example_dags/example_latest_only_with_trigger.py
[2025-03-04T06:57:46.876+0000] {processor.py:925} INFO - DAG(s) 'latest_only_with_trigger' retrieved from /home/airflow/.local/lib/python3.12/site-packages/airflow/example_dags/example_latest_only_with_trigger.py
[2025-03-04T06:57:46.892+0000] {logging_mixin.py:190} INFO - [2025-03-04T06:57:46.892+0000] {dag.py:3239} INFO - Sync 1 DAGs
[2025-03-04T06:57:46.908+0000] {logging_mixin.py:190} INFO - [2025-03-04T06:57:46.908+0000] {dag.py:4180} INFO - Setting next_dagrun for latest_only_with_trigger to 2025-03-04 00:00:00+00:00, run_after=2025-03-04 04:00:00+00:00
[2025-03-04T06:57:46.924+0000] {processor.py:208} INFO - Processing /home/airflow/.local/lib/python3.12/site-packages/airflow/example_dags/example_latest_only_with_trigger.py took 0.061 seconds
[2025-03-04T06:58:17.535+0000] {processor.py:186} INFO - Started process (PID=780) to work on /home/airflow/.local/lib/python3.12/site-packages/airflow/example_dags/example_latest_only_with_trigger.py
[2025-03-04T06:58:17.536+0000] {processor.py:914} INFO - Processing file /home/airflow/.local/lib/python3.12/site-packages/airflow/example_dags/example_latest_only_with_trigger.py for tasks to queue
[2025-03-04T06:58:17.540+0000] {logging_mixin.py:190} INFO - [2025-03-04T06:58:17.540+0000] {dagbag.py:588} INFO - Filling up the DagBag from /home/airflow/.local/lib/python3.12/site-packages/airflow/example_dags/example_latest_only_with_trigger.py
[2025-03-04T06:58:17.554+0000] {processor.py:925} INFO - DAG(s) 'latest_only_with_trigger' retrieved from /home/airflow/.local/lib/python3.12/site-packages/airflow/example_dags/example_latest_only_with_trigger.py
[2025-03-04T06:58:17.590+0000] {logging_mixin.py:190} INFO - [2025-03-04T06:58:17.590+0000] {dag.py:3239} INFO - Sync 1 DAGs
[2025-03-04T06:58:17.627+0000] {logging_mixin.py:190} INFO - [2025-03-04T06:58:17.627+0000] {dag.py:4180} INFO - Setting next_dagrun for latest_only_with_trigger to 2025-03-04 00:00:00+00:00, run_after=2025-03-04 04:00:00+00:00
[2025-03-04T06:58:17.654+0000] {processor.py:208} INFO - Processing /home/airflow/.local/lib/python3.12/site-packages/airflow/example_dags/example_latest_only_with_trigger.py took 0.128 seconds
[2025-03-04T06:58:47.966+0000] {processor.py:186} INFO - Started process (PID=858) to work on /home/airflow/.local/lib/python3.12/site-packages/airflow/example_dags/example_latest_only_with_trigger.py
[2025-03-04T06:58:47.970+0000] {processor.py:914} INFO - Processing file /home/airflow/.local/lib/python3.12/site-packages/airflow/example_dags/example_latest_only_with_trigger.py for tasks to queue
[2025-03-04T06:58:47.977+0000] {logging_mixin.py:190} INFO - [2025-03-04T06:58:47.977+0000] {dagbag.py:588} INFO - Filling up the DagBag from /home/airflow/.local/lib/python3.12/site-packages/airflow/example_dags/example_latest_only_with_trigger.py
[2025-03-04T06:58:47.988+0000] {processor.py:925} INFO - DAG(s) 'latest_only_with_trigger' retrieved from /home/airflow/.local/lib/python3.12/site-packages/airflow/example_dags/example_latest_only_with_trigger.py
[2025-03-04T06:58:48.008+0000] {logging_mixin.py:190} INFO - [2025-03-04T06:58:48.008+0000] {dag.py:3239} INFO - Sync 1 DAGs
[2025-03-04T06:58:48.037+0000] {logging_mixin.py:190} INFO - [2025-03-04T06:58:48.036+0000] {dag.py:4180} INFO - Setting next_dagrun for latest_only_with_trigger to 2025-03-04 00:00:00+00:00, run_after=2025-03-04 04:00:00+00:00
[2025-03-04T06:58:48.061+0000] {processor.py:208} INFO - Processing /home/airflow/.local/lib/python3.12/site-packages/airflow/example_dags/example_latest_only_with_trigger.py took 0.101 seconds
[2025-03-04T06:59:18.166+0000] {processor.py:186} INFO - Started process (PID=934) to work on /home/airflow/.local/lib/python3.12/site-packages/airflow/example_dags/example_latest_only_with_trigger.py
[2025-03-04T06:59:18.167+0000] {processor.py:914} INFO - Processing file /home/airflow/.local/lib/python3.12/site-packages/airflow/example_dags/example_latest_only_with_trigger.py for tasks to queue
[2025-03-04T06:59:18.169+0000] {logging_mixin.py:190} INFO - [2025-03-04T06:59:18.169+0000] {dagbag.py:588} INFO - Filling up the DagBag from /home/airflow/.local/lib/python3.12/site-packages/airflow/example_dags/example_latest_only_with_trigger.py
[2025-03-04T06:59:18.176+0000] {processor.py:925} INFO - DAG(s) 'latest_only_with_trigger' retrieved from /home/airflow/.local/lib/python3.12/site-packages/airflow/example_dags/example_latest_only_with_trigger.py
[2025-03-04T06:59:18.191+0000] {logging_mixin.py:190} INFO - [2025-03-04T06:59:18.191+0000] {dag.py:3239} INFO - Sync 1 DAGs
[2025-03-04T06:59:18.208+0000] {logging_mixin.py:190} INFO - [2025-03-04T06:59:18.208+0000] {dag.py:4180} INFO - Setting next_dagrun for latest_only_with_trigger to 2025-03-04 00:00:00+00:00, run_after=2025-03-04 04:00:00+00:00
[2025-03-04T06:59:18.222+0000] {processor.py:208} INFO - Processing /home/airflow/.local/lib/python3.12/site-packages/airflow/example_dags/example_latest_only_with_trigger.py took 0.061 seconds
[2025-03-04T06:59:49.015+0000] {processor.py:186} INFO - Started process (PID=1017) to work on /home/airflow/.local/lib/python3.12/site-packages/airflow/example_dags/example_latest_only_with_trigger.py
[2025-03-04T06:59:49.017+0000] {processor.py:914} INFO - Processing file /home/airflow/.local/lib/python3.12/site-packages/airflow/example_dags/example_latest_only_with_trigger.py for tasks to queue
[2025-03-04T06:59:49.022+0000] {logging_mixin.py:190} INFO - [2025-03-04T06:59:49.021+0000] {dagbag.py:588} INFO - Filling up the DagBag from /home/airflow/.local/lib/python3.12/site-packages/airflow/example_dags/example_latest_only_with_trigger.py
[2025-03-04T06:59:49.032+0000] {processor.py:925} INFO - DAG(s) 'latest_only_with_trigger' retrieved from /home/airflow/.local/lib/python3.12/site-packages/airflow/example_dags/example_latest_only_with_trigger.py
[2025-03-04T06:59:49.052+0000] {logging_mixin.py:190} INFO - [2025-03-04T06:59:49.052+0000] {dag.py:3239} INFO - Sync 1 DAGs
[2025-03-04T06:59:49.073+0000] {logging_mixin.py:190} INFO - [2025-03-04T06:59:49.073+0000] {dag.py:4180} INFO - Setting next_dagrun for latest_only_with_trigger to 2025-03-04 00:00:00+00:00, run_after=2025-03-04 04:00:00+00:00
[2025-03-04T06:59:49.093+0000] {processor.py:208} INFO - Processing /home/airflow/.local/lib/python3.12/site-packages/airflow/example_dags/example_latest_only_with_trigger.py took 0.087 seconds
[2025-03-04T07:00:19.805+0000] {processor.py:186} INFO - Started process (PID=1093) to work on /home/airflow/.local/lib/python3.12/site-packages/airflow/example_dags/example_latest_only_with_trigger.py
[2025-03-04T07:00:19.806+0000] {processor.py:914} INFO - Processing file /home/airflow/.local/lib/python3.12/site-packages/airflow/example_dags/example_latest_only_with_trigger.py for tasks to queue
[2025-03-04T07:00:19.808+0000] {logging_mixin.py:190} INFO - [2025-03-04T07:00:19.808+0000] {dagbag.py:588} INFO - Filling up the DagBag from /home/airflow/.local/lib/python3.12/site-packages/airflow/example_dags/example_latest_only_with_trigger.py
[2025-03-04T07:00:19.815+0000] {processor.py:925} INFO - DAG(s) 'latest_only_with_trigger' retrieved from /home/airflow/.local/lib/python3.12/site-packages/airflow/example_dags/example_latest_only_with_trigger.py
[2025-03-04T07:00:19.833+0000] {logging_mixin.py:190} INFO - [2025-03-04T07:00:19.833+0000] {dag.py:3239} INFO - Sync 1 DAGs
[2025-03-04T07:00:19.853+0000] {logging_mixin.py:190} INFO - [2025-03-04T07:00:19.853+0000] {dag.py:4180} INFO - Setting next_dagrun for latest_only_with_trigger to 2025-03-04 00:00:00+00:00, run_after=2025-03-04 04:00:00+00:00
[2025-03-04T07:00:19.870+0000] {processor.py:208} INFO - Processing /home/airflow/.local/lib/python3.12/site-packages/airflow/example_dags/example_latest_only_with_trigger.py took 0.070 seconds
[2025-03-04T07:00:50.179+0000] {processor.py:186} INFO - Started process (PID=1180) to work on /home/airflow/.local/lib/python3.12/site-packages/airflow/example_dags/example_latest_only_with_trigger.py
[2025-03-04T07:00:50.180+0000] {processor.py:914} INFO - Processing file /home/airflow/.local/lib/python3.12/site-packages/airflow/example_dags/example_latest_only_with_trigger.py for tasks to queue
[2025-03-04T07:00:50.181+0000] {logging_mixin.py:190} INFO - [2025-03-04T07:00:50.181+0000] {dagbag.py:588} INFO - Filling up the DagBag from /home/airflow/.local/lib/python3.12/site-packages/airflow/example_dags/example_latest_only_with_trigger.py
[2025-03-04T07:00:50.189+0000] {processor.py:925} INFO - DAG(s) 'latest_only_with_trigger' retrieved from /home/airflow/.local/lib/python3.12/site-packages/airflow/example_dags/example_latest_only_with_trigger.py
[2025-03-04T07:00:50.206+0000] {logging_mixin.py:190} INFO - [2025-03-04T07:00:50.206+0000] {dag.py:3239} INFO - Sync 1 DAGs
[2025-03-04T07:00:50.224+0000] {logging_mixin.py:190} INFO - [2025-03-04T07:00:50.224+0000] {dag.py:4180} INFO - Setting next_dagrun for latest_only_with_trigger to 2025-03-04 00:00:00+00:00, run_after=2025-03-04 04:00:00+00:00
[2025-03-04T07:00:50.240+0000] {processor.py:208} INFO - Processing /home/airflow/.local/lib/python3.12/site-packages/airflow/example_dags/example_latest_only_with_trigger.py took 0.065 seconds
[2025-03-04T07:01:20.814+0000] {processor.py:186} INFO - Started process (PID=1257) to work on /home/airflow/.local/lib/python3.12/site-packages/airflow/example_dags/example_latest_only_with_trigger.py
[2025-03-04T07:01:20.816+0000] {processor.py:914} INFO - Processing file /home/airflow/.local/lib/python3.12/site-packages/airflow/example_dags/example_latest_only_with_trigger.py for tasks to queue
[2025-03-04T07:01:20.817+0000] {logging_mixin.py:190} INFO - [2025-03-04T07:01:20.817+0000] {dagbag.py:588} INFO - Filling up the DagBag from /home/airflow/.local/lib/python3.12/site-packages/airflow/example_dags/example_latest_only_with_trigger.py
[2025-03-04T07:01:20.825+0000] {processor.py:925} INFO - DAG(s) 'latest_only_with_trigger' retrieved from /home/airflow/.local/lib/python3.12/site-packages/airflow/example_dags/example_latest_only_with_trigger.py
[2025-03-04T07:01:20.844+0000] {logging_mixin.py:190} INFO - [2025-03-04T07:01:20.843+0000] {dag.py:3239} INFO - Sync 1 DAGs
[2025-03-04T07:01:20.863+0000] {logging_mixin.py:190} INFO - [2025-03-04T07:01:20.863+0000] {dag.py:4180} INFO - Setting next_dagrun for latest_only_with_trigger to 2025-03-04 00:00:00+00:00, run_after=2025-03-04 04:00:00+00:00
[2025-03-04T07:01:20.880+0000] {processor.py:208} INFO - Processing /home/airflow/.local/lib/python3.12/site-packages/airflow/example_dags/example_latest_only_with_trigger.py took 0.071 seconds
[2025-03-04T07:01:51.190+0000] {processor.py:186} INFO - Started process (PID=1339) to work on /home/airflow/.local/lib/python3.12/site-packages/airflow/example_dags/example_latest_only_with_trigger.py
[2025-03-04T07:01:51.191+0000] {processor.py:914} INFO - Processing file /home/airflow/.local/lib/python3.12/site-packages/airflow/example_dags/example_latest_only_with_trigger.py for tasks to queue
[2025-03-04T07:01:51.193+0000] {logging_mixin.py:190} INFO - [2025-03-04T07:01:51.193+0000] {dagbag.py:588} INFO - Filling up the DagBag from /home/airflow/.local/lib/python3.12/site-packages/airflow/example_dags/example_latest_only_with_trigger.py
[2025-03-04T07:01:51.210+0000] {processor.py:925} INFO - DAG(s) 'latest_only_with_trigger' retrieved from /home/airflow/.local/lib/python3.12/site-packages/airflow/example_dags/example_latest_only_with_trigger.py
[2025-03-04T07:01:51.241+0000] {logging_mixin.py:190} INFO - [2025-03-04T07:01:51.241+0000] {dag.py:3239} INFO - Sync 1 DAGs
[2025-03-04T07:01:51.277+0000] {logging_mixin.py:190} INFO - [2025-03-04T07:01:51.276+0000] {dag.py:4180} INFO - Setting next_dagrun for latest_only_with_trigger to 2025-03-04 00:00:00+00:00, run_after=2025-03-04 04:00:00+00:00
[2025-03-04T07:01:51.310+0000] {processor.py:208} INFO - Processing /home/airflow/.local/lib/python3.12/site-packages/airflow/example_dags/example_latest_only_with_trigger.py took 0.127 seconds
[2025-03-04T07:02:21.973+0000] {processor.py:186} INFO - Started process (PID=1416) to work on /home/airflow/.local/lib/python3.12/site-packages/airflow/example_dags/example_latest_only_with_trigger.py
[2025-03-04T07:02:21.975+0000] {processor.py:914} INFO - Processing file /home/airflow/.local/lib/python3.12/site-packages/airflow/example_dags/example_latest_only_with_trigger.py for tasks to queue
[2025-03-04T07:02:21.977+0000] {logging_mixin.py:190} INFO - [2025-03-04T07:02:21.976+0000] {dagbag.py:588} INFO - Filling up the DagBag from /home/airflow/.local/lib/python3.12/site-packages/airflow/example_dags/example_latest_only_with_trigger.py
[2025-03-04T07:02:21.987+0000] {processor.py:925} INFO - DAG(s) 'latest_only_with_trigger' retrieved from /home/airflow/.local/lib/python3.12/site-packages/airflow/example_dags/example_latest_only_with_trigger.py
[2025-03-04T07:02:22.007+0000] {logging_mixin.py:190} INFO - [2025-03-04T07:02:22.006+0000] {dag.py:3239} INFO - Sync 1 DAGs
[2025-03-04T07:02:22.027+0000] {logging_mixin.py:190} INFO - [2025-03-04T07:02:22.027+0000] {dag.py:4180} INFO - Setting next_dagrun for latest_only_with_trigger to 2025-03-04 00:00:00+00:00, run_after=2025-03-04 04:00:00+00:00
[2025-03-04T07:02:22.046+0000] {processor.py:208} INFO - Processing /home/airflow/.local/lib/python3.12/site-packages/airflow/example_dags/example_latest_only_with_trigger.py took 0.078 seconds
[2025-03-04T07:02:52.481+0000] {processor.py:186} INFO - Started process (PID=1496) to work on /home/airflow/.local/lib/python3.12/site-packages/airflow/example_dags/example_latest_only_with_trigger.py
[2025-03-04T07:02:52.484+0000] {processor.py:914} INFO - Processing file /home/airflow/.local/lib/python3.12/site-packages/airflow/example_dags/example_latest_only_with_trigger.py for tasks to queue
[2025-03-04T07:02:52.487+0000] {logging_mixin.py:190} INFO - [2025-03-04T07:02:52.487+0000] {dagbag.py:588} INFO - Filling up the DagBag from /home/airflow/.local/lib/python3.12/site-packages/airflow/example_dags/example_latest_only_with_trigger.py
[2025-03-04T07:02:52.504+0000] {processor.py:925} INFO - DAG(s) 'latest_only_with_trigger' retrieved from /home/airflow/.local/lib/python3.12/site-packages/airflow/example_dags/example_latest_only_with_trigger.py
[2025-03-04T07:02:52.539+0000] {logging_mixin.py:190} INFO - [2025-03-04T07:02:52.539+0000] {dag.py:3239} INFO - Sync 1 DAGs
[2025-03-04T07:02:52.575+0000] {logging_mixin.py:190} INFO - [2025-03-04T07:02:52.575+0000] {dag.py:4180} INFO - Setting next_dagrun for latest_only_with_trigger to 2025-03-04 00:00:00+00:00, run_after=2025-03-04 04:00:00+00:00
[2025-03-04T07:02:52.601+0000] {processor.py:208} INFO - Processing /home/airflow/.local/lib/python3.12/site-packages/airflow/example_dags/example_latest_only_with_trigger.py took 0.129 seconds
[2025-03-04T07:03:22.696+0000] {processor.py:186} INFO - Started process (PID=1579) to work on /home/airflow/.local/lib/python3.12/site-packages/airflow/example_dags/example_latest_only_with_trigger.py
[2025-03-04T07:03:22.698+0000] {processor.py:914} INFO - Processing file /home/airflow/.local/lib/python3.12/site-packages/airflow/example_dags/example_latest_only_with_trigger.py for tasks to queue
[2025-03-04T07:03:22.701+0000] {logging_mixin.py:190} INFO - [2025-03-04T07:03:22.700+0000] {dagbag.py:588} INFO - Filling up the DagBag from /home/airflow/.local/lib/python3.12/site-packages/airflow/example_dags/example_latest_only_with_trigger.py
[2025-03-04T07:03:22.712+0000] {processor.py:925} INFO - DAG(s) 'latest_only_with_trigger' retrieved from /home/airflow/.local/lib/python3.12/site-packages/airflow/example_dags/example_latest_only_with_trigger.py
[2025-03-04T07:03:22.735+0000] {logging_mixin.py:190} INFO - [2025-03-04T07:03:22.735+0000] {dag.py:3239} INFO - Sync 1 DAGs
[2025-03-04T07:03:22.765+0000] {logging_mixin.py:190} INFO - [2025-03-04T07:03:22.764+0000] {dag.py:4180} INFO - Setting next_dagrun for latest_only_with_trigger to 2025-03-04 00:00:00+00:00, run_after=2025-03-04 04:00:00+00:00
[2025-03-04T07:03:22.783+0000] {processor.py:208} INFO - Processing /home/airflow/.local/lib/python3.12/site-packages/airflow/example_dags/example_latest_only_with_trigger.py took 0.097 seconds
[2025-03-04T07:03:52.953+0000] {processor.py:186} INFO - Started process (PID=1654) to work on /home/airflow/.local/lib/python3.12/site-packages/airflow/example_dags/example_latest_only_with_trigger.py
[2025-03-04T07:03:52.955+0000] {processor.py:914} INFO - Processing file /home/airflow/.local/lib/python3.12/site-packages/airflow/example_dags/example_latest_only_with_trigger.py for tasks to queue
[2025-03-04T07:03:52.956+0000] {logging_mixin.py:190} INFO - [2025-03-04T07:03:52.956+0000] {dagbag.py:588} INFO - Filling up the DagBag from /home/airflow/.local/lib/python3.12/site-packages/airflow/example_dags/example_latest_only_with_trigger.py
[2025-03-04T07:03:52.964+0000] {processor.py:925} INFO - DAG(s) 'latest_only_with_trigger' retrieved from /home/airflow/.local/lib/python3.12/site-packages/airflow/example_dags/example_latest_only_with_trigger.py
[2025-03-04T07:03:52.982+0000] {logging_mixin.py:190} INFO - [2025-03-04T07:03:52.982+0000] {dag.py:3239} INFO - Sync 1 DAGs
[2025-03-04T07:03:53.002+0000] {logging_mixin.py:190} INFO - [2025-03-04T07:03:53.002+0000] {dag.py:4180} INFO - Setting next_dagrun for latest_only_with_trigger to 2025-03-04 00:00:00+00:00, run_after=2025-03-04 04:00:00+00:00
[2025-03-04T07:03:53.021+0000] {processor.py:208} INFO - Processing /home/airflow/.local/lib/python3.12/site-packages/airflow/example_dags/example_latest_only_with_trigger.py took 0.071 seconds
[2025-03-04T07:04:23.128+0000] {processor.py:186} INFO - Started process (PID=1737) to work on /home/airflow/.local/lib/python3.12/site-packages/airflow/example_dags/example_latest_only_with_trigger.py
[2025-03-04T07:04:23.129+0000] {processor.py:914} INFO - Processing file /home/airflow/.local/lib/python3.12/site-packages/airflow/example_dags/example_latest_only_with_trigger.py for tasks to queue
[2025-03-04T07:04:23.130+0000] {logging_mixin.py:190} INFO - [2025-03-04T07:04:23.130+0000] {dagbag.py:588} INFO - Filling up the DagBag from /home/airflow/.local/lib/python3.12/site-packages/airflow/example_dags/example_latest_only_with_trigger.py
[2025-03-04T07:04:23.138+0000] {processor.py:925} INFO - DAG(s) 'latest_only_with_trigger' retrieved from /home/airflow/.local/lib/python3.12/site-packages/airflow/example_dags/example_latest_only_with_trigger.py
[2025-03-04T07:04:23.156+0000] {logging_mixin.py:190} INFO - [2025-03-04T07:04:23.156+0000] {dag.py:3239} INFO - Sync 1 DAGs
[2025-03-04T07:04:23.175+0000] {logging_mixin.py:190} INFO - [2025-03-04T07:04:23.175+0000] {dag.py:4180} INFO - Setting next_dagrun for latest_only_with_trigger to 2025-03-04 00:00:00+00:00, run_after=2025-03-04 04:00:00+00:00
[2025-03-04T07:04:23.193+0000] {processor.py:208} INFO - Processing /home/airflow/.local/lib/python3.12/site-packages/airflow/example_dags/example_latest_only_with_trigger.py took 0.070 seconds
[2025-03-04T07:04:53.306+0000] {processor.py:186} INFO - Started process (PID=1811) to work on /home/airflow/.local/lib/python3.12/site-packages/airflow/example_dags/example_latest_only_with_trigger.py
[2025-03-04T07:04:53.307+0000] {processor.py:914} INFO - Processing file /home/airflow/.local/lib/python3.12/site-packages/airflow/example_dags/example_latest_only_with_trigger.py for tasks to queue
[2025-03-04T07:04:53.308+0000] {logging_mixin.py:190} INFO - [2025-03-04T07:04:53.308+0000] {dagbag.py:588} INFO - Filling up the DagBag from /home/airflow/.local/lib/python3.12/site-packages/airflow/example_dags/example_latest_only_with_trigger.py
[2025-03-04T07:04:53.318+0000] {processor.py:925} INFO - DAG(s) 'latest_only_with_trigger' retrieved from /home/airflow/.local/lib/python3.12/site-packages/airflow/example_dags/example_latest_only_with_trigger.py
[2025-03-04T07:04:53.339+0000] {logging_mixin.py:190} INFO - [2025-03-04T07:04:53.339+0000] {dag.py:3239} INFO - Sync 1 DAGs
[2025-03-04T07:04:53.362+0000] {logging_mixin.py:190} INFO - [2025-03-04T07:04:53.362+0000] {dag.py:4180} INFO - Setting next_dagrun for latest_only_with_trigger to 2025-03-04 00:00:00+00:00, run_after=2025-03-04 04:00:00+00:00
[2025-03-04T07:04:53.381+0000] {processor.py:208} INFO - Processing /home/airflow/.local/lib/python3.12/site-packages/airflow/example_dags/example_latest_only_with_trigger.py took 0.082 seconds
[2025-03-04T07:05:23.669+0000] {processor.py:186} INFO - Started process (PID=1893) to work on /home/airflow/.local/lib/python3.12/site-packages/airflow/example_dags/example_latest_only_with_trigger.py
[2025-03-04T07:05:23.670+0000] {processor.py:914} INFO - Processing file /home/airflow/.local/lib/python3.12/site-packages/airflow/example_dags/example_latest_only_with_trigger.py for tasks to queue
[2025-03-04T07:05:23.672+0000] {logging_mixin.py:190} INFO - [2025-03-04T07:05:23.672+0000] {dagbag.py:588} INFO - Filling up the DagBag from /home/airflow/.local/lib/python3.12/site-packages/airflow/example_dags/example_latest_only_with_trigger.py
[2025-03-04T07:05:23.683+0000] {processor.py:925} INFO - DAG(s) 'latest_only_with_trigger' retrieved from /home/airflow/.local/lib/python3.12/site-packages/airflow/example_dags/example_latest_only_with_trigger.py
[2025-03-04T07:05:23.706+0000] {logging_mixin.py:190} INFO - [2025-03-04T07:05:23.706+0000] {dag.py:3239} INFO - Sync 1 DAGs
[2025-03-04T07:05:23.730+0000] {logging_mixin.py:190} INFO - [2025-03-04T07:05:23.730+0000] {dag.py:4180} INFO - Setting next_dagrun for latest_only_with_trigger to 2025-03-04 00:00:00+00:00, run_after=2025-03-04 04:00:00+00:00
[2025-03-04T07:05:23.749+0000] {processor.py:208} INFO - Processing /home/airflow/.local/lib/python3.12/site-packages/airflow/example_dags/example_latest_only_with_trigger.py took 0.086 seconds
[2025-03-04T07:05:53.968+0000] {processor.py:186} INFO - Started process (PID=1967) to work on /home/airflow/.local/lib/python3.12/site-packages/airflow/example_dags/example_latest_only_with_trigger.py
[2025-03-04T07:05:53.970+0000] {processor.py:914} INFO - Processing file /home/airflow/.local/lib/python3.12/site-packages/airflow/example_dags/example_latest_only_with_trigger.py for tasks to queue
[2025-03-04T07:05:53.972+0000] {logging_mixin.py:190} INFO - [2025-03-04T07:05:53.971+0000] {dagbag.py:588} INFO - Filling up the DagBag from /home/airflow/.local/lib/python3.12/site-packages/airflow/example_dags/example_latest_only_with_trigger.py
[2025-03-04T07:05:53.981+0000] {processor.py:925} INFO - DAG(s) 'latest_only_with_trigger' retrieved from /home/airflow/.local/lib/python3.12/site-packages/airflow/example_dags/example_latest_only_with_trigger.py
[2025-03-04T07:05:54.004+0000] {logging_mixin.py:190} INFO - [2025-03-04T07:05:54.003+0000] {dag.py:3239} INFO - Sync 1 DAGs
[2025-03-04T07:05:54.027+0000] {logging_mixin.py:190} INFO - [2025-03-04T07:05:54.027+0000] {dag.py:4180} INFO - Setting next_dagrun for latest_only_with_trigger to 2025-03-04 00:00:00+00:00, run_after=2025-03-04 04:00:00+00:00
[2025-03-04T07:05:54.049+0000] {processor.py:208} INFO - Processing /home/airflow/.local/lib/python3.12/site-packages/airflow/example_dags/example_latest_only_with_trigger.py took 0.087 seconds
[2025-03-04T07:06:24.446+0000] {processor.py:186} INFO - Started process (PID=2048) to work on /home/airflow/.local/lib/python3.12/site-packages/airflow/example_dags/example_latest_only_with_trigger.py
[2025-03-04T07:06:24.449+0000] {processor.py:914} INFO - Processing file /home/airflow/.local/lib/python3.12/site-packages/airflow/example_dags/example_latest_only_with_trigger.py for tasks to queue
[2025-03-04T07:06:24.456+0000] {logging_mixin.py:190} INFO - [2025-03-04T07:06:24.456+0000] {dagbag.py:588} INFO - Filling up the DagBag from /home/airflow/.local/lib/python3.12/site-packages/airflow/example_dags/example_latest_only_with_trigger.py
[2025-03-04T07:06:24.466+0000] {processor.py:925} INFO - DAG(s) 'latest_only_with_trigger' retrieved from /home/airflow/.local/lib/python3.12/site-packages/airflow/example_dags/example_latest_only_with_trigger.py
[2025-03-04T07:06:24.489+0000] {logging_mixin.py:190} INFO - [2025-03-04T07:06:24.489+0000] {dag.py:3239} INFO - Sync 1 DAGs
[2025-03-04T07:06:24.510+0000] {logging_mixin.py:190} INFO - [2025-03-04T07:06:24.510+0000] {dag.py:4180} INFO - Setting next_dagrun for latest_only_with_trigger to 2025-03-04 00:00:00+00:00, run_after=2025-03-04 04:00:00+00:00
[2025-03-04T07:06:24.537+0000] {processor.py:208} INFO - Processing /home/airflow/.local/lib/python3.12/site-packages/airflow/example_dags/example_latest_only_with_trigger.py took 0.097 seconds
[2025-03-04T07:06:54.798+0000] {processor.py:186} INFO - Started process (PID=2123) to work on /home/airflow/.local/lib/python3.12/site-packages/airflow/example_dags/example_latest_only_with_trigger.py
[2025-03-04T07:06:54.799+0000] {processor.py:914} INFO - Processing file /home/airflow/.local/lib/python3.12/site-packages/airflow/example_dags/example_latest_only_with_trigger.py for tasks to queue
[2025-03-04T07:06:54.800+0000] {logging_mixin.py:190} INFO - [2025-03-04T07:06:54.800+0000] {dagbag.py:588} INFO - Filling up the DagBag from /home/airflow/.local/lib/python3.12/site-packages/airflow/example_dags/example_latest_only_with_trigger.py
[2025-03-04T07:06:54.809+0000] {processor.py:925} INFO - DAG(s) 'latest_only_with_trigger' retrieved from /home/airflow/.local/lib/python3.12/site-packages/airflow/example_dags/example_latest_only_with_trigger.py
[2025-03-04T07:06:54.828+0000] {logging_mixin.py:190} INFO - [2025-03-04T07:06:54.828+0000] {dag.py:3239} INFO - Sync 1 DAGs
[2025-03-04T07:06:54.850+0000] {logging_mixin.py:190} INFO - [2025-03-04T07:06:54.850+0000] {dag.py:4180} INFO - Setting next_dagrun for latest_only_with_trigger to 2025-03-04 00:00:00+00:00, run_after=2025-03-04 04:00:00+00:00
[2025-03-04T07:06:54.870+0000] {processor.py:208} INFO - Processing /home/airflow/.local/lib/python3.12/site-packages/airflow/example_dags/example_latest_only_with_trigger.py took 0.078 seconds
[2025-03-04T07:07:25.109+0000] {processor.py:186} INFO - Started process (PID=2197) to work on /home/airflow/.local/lib/python3.12/site-packages/airflow/example_dags/example_latest_only_with_trigger.py
[2025-03-04T07:07:25.110+0000] {processor.py:914} INFO - Processing file /home/airflow/.local/lib/python3.12/site-packages/airflow/example_dags/example_latest_only_with_trigger.py for tasks to queue
[2025-03-04T07:07:25.112+0000] {logging_mixin.py:190} INFO - [2025-03-04T07:07:25.111+0000] {dagbag.py:588} INFO - Filling up the DagBag from /home/airflow/.local/lib/python3.12/site-packages/airflow/example_dags/example_latest_only_with_trigger.py
[2025-03-04T07:07:25.118+0000] {processor.py:925} INFO - DAG(s) 'latest_only_with_trigger' retrieved from /home/airflow/.local/lib/python3.12/site-packages/airflow/example_dags/example_latest_only_with_trigger.py
[2025-03-04T07:07:25.134+0000] {logging_mixin.py:190} INFO - [2025-03-04T07:07:25.133+0000] {dag.py:3239} INFO - Sync 1 DAGs
[2025-03-04T07:07:25.150+0000] {logging_mixin.py:190} INFO - [2025-03-04T07:07:25.150+0000] {dag.py:4180} INFO - Setting next_dagrun for latest_only_with_trigger to 2025-03-04 00:00:00+00:00, run_after=2025-03-04 04:00:00+00:00
[2025-03-04T07:07:25.166+0000] {processor.py:208} INFO - Processing /home/airflow/.local/lib/python3.12/site-packages/airflow/example_dags/example_latest_only_with_trigger.py took 0.061 seconds
[2025-03-04T07:07:55.479+0000] {processor.py:186} INFO - Started process (PID=2279) to work on /home/airflow/.local/lib/python3.12/site-packages/airflow/example_dags/example_latest_only_with_trigger.py
[2025-03-04T07:07:55.481+0000] {processor.py:914} INFO - Processing file /home/airflow/.local/lib/python3.12/site-packages/airflow/example_dags/example_latest_only_with_trigger.py for tasks to queue
[2025-03-04T07:07:55.483+0000] {logging_mixin.py:190} INFO - [2025-03-04T07:07:55.482+0000] {dagbag.py:588} INFO - Filling up the DagBag from /home/airflow/.local/lib/python3.12/site-packages/airflow/example_dags/example_latest_only_with_trigger.py
[2025-03-04T07:07:55.492+0000] {processor.py:925} INFO - DAG(s) 'latest_only_with_trigger' retrieved from /home/airflow/.local/lib/python3.12/site-packages/airflow/example_dags/example_latest_only_with_trigger.py
[2025-03-04T07:07:55.512+0000] {logging_mixin.py:190} INFO - [2025-03-04T07:07:55.512+0000] {dag.py:3239} INFO - Sync 1 DAGs
[2025-03-04T07:07:55.534+0000] {logging_mixin.py:190} INFO - [2025-03-04T07:07:55.534+0000] {dag.py:4180} INFO - Setting next_dagrun for latest_only_with_trigger to 2025-03-04 00:00:00+00:00, run_after=2025-03-04 04:00:00+00:00
[2025-03-04T07:07:55.559+0000] {processor.py:208} INFO - Processing /home/airflow/.local/lib/python3.12/site-packages/airflow/example_dags/example_latest_only_with_trigger.py took 0.086 seconds
[2025-03-04T07:08:26.307+0000] {processor.py:186} INFO - Started process (PID=2353) to work on /home/airflow/.local/lib/python3.12/site-packages/airflow/example_dags/example_latest_only_with_trigger.py
[2025-03-04T07:08:26.309+0000] {processor.py:914} INFO - Processing file /home/airflow/.local/lib/python3.12/site-packages/airflow/example_dags/example_latest_only_with_trigger.py for tasks to queue
[2025-03-04T07:08:26.310+0000] {logging_mixin.py:190} INFO - [2025-03-04T07:08:26.310+0000] {dagbag.py:588} INFO - Filling up the DagBag from /home/airflow/.local/lib/python3.12/site-packages/airflow/example_dags/example_latest_only_with_trigger.py
[2025-03-04T07:08:26.319+0000] {processor.py:925} INFO - DAG(s) 'latest_only_with_trigger' retrieved from /home/airflow/.local/lib/python3.12/site-packages/airflow/example_dags/example_latest_only_with_trigger.py
[2025-03-04T07:08:26.344+0000] {logging_mixin.py:190} INFO - [2025-03-04T07:08:26.344+0000] {dag.py:3239} INFO - Sync 1 DAGs
[2025-03-04T07:08:26.374+0000] {logging_mixin.py:190} INFO - [2025-03-04T07:08:26.374+0000] {dag.py:4180} INFO - Setting next_dagrun for latest_only_with_trigger to 2025-03-04 00:00:00+00:00, run_after=2025-03-04 04:00:00+00:00
[2025-03-04T07:08:26.391+0000] {processor.py:208} INFO - Processing /home/airflow/.local/lib/python3.12/site-packages/airflow/example_dags/example_latest_only_with_trigger.py took 0.089 seconds
[2025-03-04T07:08:56.807+0000] {processor.py:186} INFO - Started process (PID=2436) to work on /home/airflow/.local/lib/python3.12/site-packages/airflow/example_dags/example_latest_only_with_trigger.py
[2025-03-04T07:08:56.810+0000] {processor.py:914} INFO - Processing file /home/airflow/.local/lib/python3.12/site-packages/airflow/example_dags/example_latest_only_with_trigger.py for tasks to queue
[2025-03-04T07:08:56.817+0000] {logging_mixin.py:190} INFO - [2025-03-04T07:08:56.816+0000] {dagbag.py:588} INFO - Filling up the DagBag from /home/airflow/.local/lib/python3.12/site-packages/airflow/example_dags/example_latest_only_with_trigger.py
[2025-03-04T07:08:56.831+0000] {processor.py:925} INFO - DAG(s) 'latest_only_with_trigger' retrieved from /home/airflow/.local/lib/python3.12/site-packages/airflow/example_dags/example_latest_only_with_trigger.py
[2025-03-04T07:08:56.855+0000] {logging_mixin.py:190} INFO - [2025-03-04T07:08:56.855+0000] {dag.py:3239} INFO - Sync 1 DAGs
[2025-03-04T07:08:56.881+0000] {logging_mixin.py:190} INFO - [2025-03-04T07:08:56.881+0000] {dag.py:4180} INFO - Setting next_dagrun for latest_only_with_trigger to 2025-03-04 00:00:00+00:00, run_after=2025-03-04 04:00:00+00:00
[2025-03-04T07:08:56.906+0000] {processor.py:208} INFO - Processing /home/airflow/.local/lib/python3.12/site-packages/airflow/example_dags/example_latest_only_with_trigger.py took 0.103 seconds
[2025-03-04T07:09:27.456+0000] {processor.py:186} INFO - Started process (PID=2510) to work on /home/airflow/.local/lib/python3.12/site-packages/airflow/example_dags/example_latest_only_with_trigger.py
[2025-03-04T07:09:27.458+0000] {processor.py:914} INFO - Processing file /home/airflow/.local/lib/python3.12/site-packages/airflow/example_dags/example_latest_only_with_trigger.py for tasks to queue
[2025-03-04T07:09:27.460+0000] {logging_mixin.py:190} INFO - [2025-03-04T07:09:27.460+0000] {dagbag.py:588} INFO - Filling up the DagBag from /home/airflow/.local/lib/python3.12/site-packages/airflow/example_dags/example_latest_only_with_trigger.py
[2025-03-04T07:09:27.469+0000] {processor.py:925} INFO - DAG(s) 'latest_only_with_trigger' retrieved from /home/airflow/.local/lib/python3.12/site-packages/airflow/example_dags/example_latest_only_with_trigger.py
[2025-03-04T07:09:27.492+0000] {logging_mixin.py:190} INFO - [2025-03-04T07:09:27.492+0000] {dag.py:3239} INFO - Sync 1 DAGs
[2025-03-04T07:09:27.517+0000] {logging_mixin.py:190} INFO - [2025-03-04T07:09:27.517+0000] {dag.py:4180} INFO - Setting next_dagrun for latest_only_with_trigger to 2025-03-04 00:00:00+00:00, run_after=2025-03-04 04:00:00+00:00
[2025-03-04T07:09:27.537+0000] {processor.py:208} INFO - Processing /home/airflow/.local/lib/python3.12/site-packages/airflow/example_dags/example_latest_only_with_trigger.py took 0.086 seconds
[2025-03-04T07:09:58.065+0000] {processor.py:186} INFO - Started process (PID=2592) to work on /home/airflow/.local/lib/python3.12/site-packages/airflow/example_dags/example_latest_only_with_trigger.py
[2025-03-04T07:09:58.066+0000] {processor.py:914} INFO - Processing file /home/airflow/.local/lib/python3.12/site-packages/airflow/example_dags/example_latest_only_with_trigger.py for tasks to queue
[2025-03-04T07:09:58.067+0000] {logging_mixin.py:190} INFO - [2025-03-04T07:09:58.067+0000] {dagbag.py:588} INFO - Filling up the DagBag from /home/airflow/.local/lib/python3.12/site-packages/airflow/example_dags/example_latest_only_with_trigger.py
[2025-03-04T07:09:58.074+0000] {processor.py:925} INFO - DAG(s) 'latest_only_with_trigger' retrieved from /home/airflow/.local/lib/python3.12/site-packages/airflow/example_dags/example_latest_only_with_trigger.py
[2025-03-04T07:09:58.092+0000] {logging_mixin.py:190} INFO - [2025-03-04T07:09:58.091+0000] {dag.py:3239} INFO - Sync 1 DAGs
[2025-03-04T07:09:58.109+0000] {logging_mixin.py:190} INFO - [2025-03-04T07:09:58.109+0000] {dag.py:4180} INFO - Setting next_dagrun for latest_only_with_trigger to 2025-03-04 00:00:00+00:00, run_after=2025-03-04 04:00:00+00:00
[2025-03-04T07:09:58.126+0000] {processor.py:208} INFO - Processing /home/airflow/.local/lib/python3.12/site-packages/airflow/example_dags/example_latest_only_with_trigger.py took 0.065 seconds
[2025-03-04T07:10:28.268+0000] {processor.py:186} INFO - Started process (PID=2665) to work on /home/airflow/.local/lib/python3.12/site-packages/airflow/example_dags/example_latest_only_with_trigger.py
[2025-03-04T07:10:28.269+0000] {processor.py:914} INFO - Processing file /home/airflow/.local/lib/python3.12/site-packages/airflow/example_dags/example_latest_only_with_trigger.py for tasks to queue
[2025-03-04T07:10:28.271+0000] {logging_mixin.py:190} INFO - [2025-03-04T07:10:28.271+0000] {dagbag.py:588} INFO - Filling up the DagBag from /home/airflow/.local/lib/python3.12/site-packages/airflow/example_dags/example_latest_only_with_trigger.py
[2025-03-04T07:10:28.278+0000] {processor.py:925} INFO - DAG(s) 'latest_only_with_trigger' retrieved from /home/airflow/.local/lib/python3.12/site-packages/airflow/example_dags/example_latest_only_with_trigger.py
[2025-03-04T07:10:28.295+0000] {logging_mixin.py:190} INFO - [2025-03-04T07:10:28.294+0000] {dag.py:3239} INFO - Sync 1 DAGs
[2025-03-04T07:10:28.312+0000] {logging_mixin.py:190} INFO - [2025-03-04T07:10:28.312+0000] {dag.py:4180} INFO - Setting next_dagrun for latest_only_with_trigger to 2025-03-04 00:00:00+00:00, run_after=2025-03-04 04:00:00+00:00
[2025-03-04T07:10:28.328+0000] {processor.py:208} INFO - Processing /home/airflow/.local/lib/python3.12/site-packages/airflow/example_dags/example_latest_only_with_trigger.py took 0.065 seconds
[2025-03-04T07:10:58.678+0000] {processor.py:186} INFO - Started process (PID=2745) to work on /home/airflow/.local/lib/python3.12/site-packages/airflow/example_dags/example_latest_only_with_trigger.py
[2025-03-04T07:10:58.679+0000] {processor.py:914} INFO - Processing file /home/airflow/.local/lib/python3.12/site-packages/airflow/example_dags/example_latest_only_with_trigger.py for tasks to queue
[2025-03-04T07:10:58.680+0000] {logging_mixin.py:190} INFO - [2025-03-04T07:10:58.680+0000] {dagbag.py:588} INFO - Filling up the DagBag from /home/airflow/.local/lib/python3.12/site-packages/airflow/example_dags/example_latest_only_with_trigger.py
[2025-03-04T07:10:58.688+0000] {processor.py:925} INFO - DAG(s) 'latest_only_with_trigger' retrieved from /home/airflow/.local/lib/python3.12/site-packages/airflow/example_dags/example_latest_only_with_trigger.py
[2025-03-04T07:10:58.710+0000] {logging_mixin.py:190} INFO - [2025-03-04T07:10:58.710+0000] {dag.py:3239} INFO - Sync 1 DAGs
[2025-03-04T07:10:58.731+0000] {logging_mixin.py:190} INFO - [2025-03-04T07:10:58.731+0000] {dag.py:4180} INFO - Setting next_dagrun for latest_only_with_trigger to 2025-03-04 00:00:00+00:00, run_after=2025-03-04 04:00:00+00:00
[2025-03-04T07:10:58.748+0000] {processor.py:208} INFO - Processing /home/airflow/.local/lib/python3.12/site-packages/airflow/example_dags/example_latest_only_with_trigger.py took 0.076 seconds
[2025-03-04T07:11:29.470+0000] {processor.py:186} INFO - Started process (PID=2820) to work on /home/airflow/.local/lib/python3.12/site-packages/airflow/example_dags/example_latest_only_with_trigger.py
[2025-03-04T07:11:29.471+0000] {processor.py:914} INFO - Processing file /home/airflow/.local/lib/python3.12/site-packages/airflow/example_dags/example_latest_only_with_trigger.py for tasks to queue
[2025-03-04T07:11:29.472+0000] {logging_mixin.py:190} INFO - [2025-03-04T07:11:29.472+0000] {dagbag.py:588} INFO - Filling up the DagBag from /home/airflow/.local/lib/python3.12/site-packages/airflow/example_dags/example_latest_only_with_trigger.py
[2025-03-04T07:11:29.479+0000] {processor.py:925} INFO - DAG(s) 'latest_only_with_trigger' retrieved from /home/airflow/.local/lib/python3.12/site-packages/airflow/example_dags/example_latest_only_with_trigger.py
[2025-03-04T07:11:29.493+0000] {logging_mixin.py:190} INFO - [2025-03-04T07:11:29.493+0000] {dag.py:3239} INFO - Sync 1 DAGs
[2025-03-04T07:11:29.509+0000] {logging_mixin.py:190} INFO - [2025-03-04T07:11:29.509+0000] {dag.py:4180} INFO - Setting next_dagrun for latest_only_with_trigger to 2025-03-04 00:00:00+00:00, run_after=2025-03-04 04:00:00+00:00
[2025-03-04T07:11:29.522+0000] {processor.py:208} INFO - Processing /home/airflow/.local/lib/python3.12/site-packages/airflow/example_dags/example_latest_only_with_trigger.py took 0.058 seconds
[2025-03-04T07:12:00.188+0000] {processor.py:186} INFO - Started process (PID=2893) to work on /home/airflow/.local/lib/python3.12/site-packages/airflow/example_dags/example_latest_only_with_trigger.py
[2025-03-04T07:12:00.189+0000] {processor.py:914} INFO - Processing file /home/airflow/.local/lib/python3.12/site-packages/airflow/example_dags/example_latest_only_with_trigger.py for tasks to queue
[2025-03-04T07:12:00.191+0000] {logging_mixin.py:190} INFO - [2025-03-04T07:12:00.190+0000] {dagbag.py:588} INFO - Filling up the DagBag from /home/airflow/.local/lib/python3.12/site-packages/airflow/example_dags/example_latest_only_with_trigger.py
[2025-03-04T07:12:00.201+0000] {processor.py:925} INFO - DAG(s) 'latest_only_with_trigger' retrieved from /home/airflow/.local/lib/python3.12/site-packages/airflow/example_dags/example_latest_only_with_trigger.py
[2025-03-04T07:12:00.220+0000] {logging_mixin.py:190} INFO - [2025-03-04T07:12:00.220+0000] {dag.py:3239} INFO - Sync 1 DAGs
[2025-03-04T07:12:00.242+0000] {logging_mixin.py:190} INFO - [2025-03-04T07:12:00.242+0000] {dag.py:4180} INFO - Setting next_dagrun for latest_only_with_trigger to 2025-03-04 00:00:00+00:00, run_after=2025-03-04 04:00:00+00:00
[2025-03-04T07:12:00.264+0000] {processor.py:208} INFO - Processing /home/airflow/.local/lib/python3.12/site-packages/airflow/example_dags/example_latest_only_with_trigger.py took 0.081 seconds
[2025-03-04T07:12:30.949+0000] {processor.py:186} INFO - Started process (PID=2974) to work on /home/airflow/.local/lib/python3.12/site-packages/airflow/example_dags/example_latest_only_with_trigger.py
[2025-03-04T07:12:30.951+0000] {processor.py:914} INFO - Processing file /home/airflow/.local/lib/python3.12/site-packages/airflow/example_dags/example_latest_only_with_trigger.py for tasks to queue
[2025-03-04T07:12:30.953+0000] {logging_mixin.py:190} INFO - [2025-03-04T07:12:30.952+0000] {dagbag.py:588} INFO - Filling up the DagBag from /home/airflow/.local/lib/python3.12/site-packages/airflow/example_dags/example_latest_only_with_trigger.py
[2025-03-04T07:12:30.964+0000] {processor.py:925} INFO - DAG(s) 'latest_only_with_trigger' retrieved from /home/airflow/.local/lib/python3.12/site-packages/airflow/example_dags/example_latest_only_with_trigger.py
[2025-03-04T07:12:30.988+0000] {logging_mixin.py:190} INFO - [2025-03-04T07:12:30.987+0000] {dag.py:3239} INFO - Sync 1 DAGs
[2025-03-04T07:12:31.013+0000] {logging_mixin.py:190} INFO - [2025-03-04T07:12:31.013+0000] {dag.py:4180} INFO - Setting next_dagrun for latest_only_with_trigger to 2025-03-04 00:00:00+00:00, run_after=2025-03-04 04:00:00+00:00
[2025-03-04T07:12:31.037+0000] {processor.py:208} INFO - Processing /home/airflow/.local/lib/python3.12/site-packages/airflow/example_dags/example_latest_only_with_trigger.py took 0.094 seconds
[2025-03-04T07:13:01.111+0000] {processor.py:186} INFO - Started process (PID=3047) to work on /home/airflow/.local/lib/python3.12/site-packages/airflow/example_dags/example_latest_only_with_trigger.py
[2025-03-04T07:13:01.112+0000] {processor.py:914} INFO - Processing file /home/airflow/.local/lib/python3.12/site-packages/airflow/example_dags/example_latest_only_with_trigger.py for tasks to queue
[2025-03-04T07:13:01.113+0000] {logging_mixin.py:190} INFO - [2025-03-04T07:13:01.113+0000] {dagbag.py:588} INFO - Filling up the DagBag from /home/airflow/.local/lib/python3.12/site-packages/airflow/example_dags/example_latest_only_with_trigger.py
[2025-03-04T07:13:01.120+0000] {processor.py:925} INFO - DAG(s) 'latest_only_with_trigger' retrieved from /home/airflow/.local/lib/python3.12/site-packages/airflow/example_dags/example_latest_only_with_trigger.py
[2025-03-04T07:13:01.137+0000] {logging_mixin.py:190} INFO - [2025-03-04T07:13:01.136+0000] {dag.py:3239} INFO - Sync 1 DAGs
[2025-03-04T07:13:01.155+0000] {logging_mixin.py:190} INFO - [2025-03-04T07:13:01.155+0000] {dag.py:4180} INFO - Setting next_dagrun for latest_only_with_trigger to 2025-03-04 00:00:00+00:00, run_after=2025-03-04 04:00:00+00:00
[2025-03-04T07:13:01.170+0000] {processor.py:208} INFO - Processing /home/airflow/.local/lib/python3.12/site-packages/airflow/example_dags/example_latest_only_with_trigger.py took 0.064 seconds
[2025-03-04T07:13:31.327+0000] {processor.py:186} INFO - Started process (PID=3120) to work on /home/airflow/.local/lib/python3.12/site-packages/airflow/example_dags/example_latest_only_with_trigger.py
[2025-03-04T07:13:31.328+0000] {processor.py:914} INFO - Processing file /home/airflow/.local/lib/python3.12/site-packages/airflow/example_dags/example_latest_only_with_trigger.py for tasks to queue
[2025-03-04T07:13:31.329+0000] {logging_mixin.py:190} INFO - [2025-03-04T07:13:31.329+0000] {dagbag.py:588} INFO - Filling up the DagBag from /home/airflow/.local/lib/python3.12/site-packages/airflow/example_dags/example_latest_only_with_trigger.py
[2025-03-04T07:13:31.337+0000] {processor.py:925} INFO - DAG(s) 'latest_only_with_trigger' retrieved from /home/airflow/.local/lib/python3.12/site-packages/airflow/example_dags/example_latest_only_with_trigger.py
[2025-03-04T07:13:31.362+0000] {logging_mixin.py:190} INFO - [2025-03-04T07:13:31.362+0000] {dag.py:3239} INFO - Sync 1 DAGs
[2025-03-04T07:13:31.384+0000] {logging_mixin.py:190} INFO - [2025-03-04T07:13:31.384+0000] {dag.py:4180} INFO - Setting next_dagrun for latest_only_with_trigger to 2025-03-04 00:00:00+00:00, run_after=2025-03-04 04:00:00+00:00
[2025-03-04T07:13:31.400+0000] {processor.py:208} INFO - Processing /home/airflow/.local/lib/python3.12/site-packages/airflow/example_dags/example_latest_only_with_trigger.py took 0.079 seconds
[2025-03-04T07:14:02.356+0000] {processor.py:186} INFO - Started process (PID=3202) to work on /home/airflow/.local/lib/python3.12/site-packages/airflow/example_dags/example_latest_only_with_trigger.py
[2025-03-04T07:14:02.357+0000] {processor.py:914} INFO - Processing file /home/airflow/.local/lib/python3.12/site-packages/airflow/example_dags/example_latest_only_with_trigger.py for tasks to queue
[2025-03-04T07:14:02.358+0000] {logging_mixin.py:190} INFO - [2025-03-04T07:14:02.358+0000] {dagbag.py:588} INFO - Filling up the DagBag from /home/airflow/.local/lib/python3.12/site-packages/airflow/example_dags/example_latest_only_with_trigger.py
[2025-03-04T07:14:02.365+0000] {processor.py:925} INFO - DAG(s) 'latest_only_with_trigger' retrieved from /home/airflow/.local/lib/python3.12/site-packages/airflow/example_dags/example_latest_only_with_trigger.py
[2025-03-04T07:14:02.383+0000] {logging_mixin.py:190} INFO - [2025-03-04T07:14:02.383+0000] {dag.py:3239} INFO - Sync 1 DAGs
[2025-03-04T07:14:02.400+0000] {logging_mixin.py:190} INFO - [2025-03-04T07:14:02.400+0000] {dag.py:4180} INFO - Setting next_dagrun for latest_only_with_trigger to 2025-03-04 00:00:00+00:00, run_after=2025-03-04 04:00:00+00:00
[2025-03-04T07:14:02.415+0000] {processor.py:208} INFO - Processing /home/airflow/.local/lib/python3.12/site-packages/airflow/example_dags/example_latest_only_with_trigger.py took 0.064 seconds
[2025-03-04T07:14:32.937+0000] {processor.py:186} INFO - Started process (PID=3280) to work on /home/airflow/.local/lib/python3.12/site-packages/airflow/example_dags/example_latest_only_with_trigger.py
[2025-03-04T07:14:32.938+0000] {processor.py:914} INFO - Processing file /home/airflow/.local/lib/python3.12/site-packages/airflow/example_dags/example_latest_only_with_trigger.py for tasks to queue
[2025-03-04T07:14:32.939+0000] {logging_mixin.py:190} INFO - [2025-03-04T07:14:32.939+0000] {dagbag.py:588} INFO - Filling up the DagBag from /home/airflow/.local/lib/python3.12/site-packages/airflow/example_dags/example_latest_only_with_trigger.py
[2025-03-04T07:14:32.947+0000] {processor.py:925} INFO - DAG(s) 'latest_only_with_trigger' retrieved from /home/airflow/.local/lib/python3.12/site-packages/airflow/example_dags/example_latest_only_with_trigger.py
[2025-03-04T07:14:32.964+0000] {logging_mixin.py:190} INFO - [2025-03-04T07:14:32.964+0000] {dag.py:3239} INFO - Sync 1 DAGs
[2025-03-04T07:14:32.988+0000] {logging_mixin.py:190} INFO - [2025-03-04T07:14:32.987+0000] {dag.py:4180} INFO - Setting next_dagrun for latest_only_with_trigger to 2025-03-04 00:00:00+00:00, run_after=2025-03-04 04:00:00+00:00
[2025-03-04T07:14:33.005+0000] {processor.py:208} INFO - Processing /home/airflow/.local/lib/python3.12/site-packages/airflow/example_dags/example_latest_only_with_trigger.py took 0.074 seconds
[2025-03-04T07:15:03.625+0000] {processor.py:186} INFO - Started process (PID=3356) to work on /home/airflow/.local/lib/python3.12/site-packages/airflow/example_dags/example_latest_only_with_trigger.py
[2025-03-04T07:15:03.626+0000] {processor.py:914} INFO - Processing file /home/airflow/.local/lib/python3.12/site-packages/airflow/example_dags/example_latest_only_with_trigger.py for tasks to queue
[2025-03-04T07:15:03.628+0000] {logging_mixin.py:190} INFO - [2025-03-04T07:15:03.627+0000] {dagbag.py:588} INFO - Filling up the DagBag from /home/airflow/.local/lib/python3.12/site-packages/airflow/example_dags/example_latest_only_with_trigger.py
[2025-03-04T07:15:03.638+0000] {processor.py:925} INFO - DAG(s) 'latest_only_with_trigger' retrieved from /home/airflow/.local/lib/python3.12/site-packages/airflow/example_dags/example_latest_only_with_trigger.py
[2025-03-04T07:15:03.660+0000] {logging_mixin.py:190} INFO - [2025-03-04T07:15:03.659+0000] {dag.py:3239} INFO - Sync 1 DAGs
[2025-03-04T07:15:03.681+0000] {logging_mixin.py:190} INFO - [2025-03-04T07:15:03.681+0000] {dag.py:4180} INFO - Setting next_dagrun for latest_only_with_trigger to 2025-03-04 00:00:00+00:00, run_after=2025-03-04 04:00:00+00:00
[2025-03-04T07:15:03.698+0000] {processor.py:208} INFO - Processing /home/airflow/.local/lib/python3.12/site-packages/airflow/example_dags/example_latest_only_with_trigger.py took 0.079 seconds
[2025-03-04T07:15:34.201+0000] {processor.py:186} INFO - Started process (PID=3438) to work on /home/airflow/.local/lib/python3.12/site-packages/airflow/example_dags/example_latest_only_with_trigger.py
[2025-03-04T07:15:34.202+0000] {processor.py:914} INFO - Processing file /home/airflow/.local/lib/python3.12/site-packages/airflow/example_dags/example_latest_only_with_trigger.py for tasks to queue
[2025-03-04T07:15:34.203+0000] {logging_mixin.py:190} INFO - [2025-03-04T07:15:34.203+0000] {dagbag.py:588} INFO - Filling up the DagBag from /home/airflow/.local/lib/python3.12/site-packages/airflow/example_dags/example_latest_only_with_trigger.py
[2025-03-04T07:15:34.210+0000] {processor.py:925} INFO - DAG(s) 'latest_only_with_trigger' retrieved from /home/airflow/.local/lib/python3.12/site-packages/airflow/example_dags/example_latest_only_with_trigger.py
[2025-03-04T07:15:34.227+0000] {logging_mixin.py:190} INFO - [2025-03-04T07:15:34.227+0000] {dag.py:3239} INFO - Sync 1 DAGs
[2025-03-04T07:15:34.244+0000] {logging_mixin.py:190} INFO - [2025-03-04T07:15:34.244+0000] {dag.py:4180} INFO - Setting next_dagrun for latest_only_with_trigger to 2025-03-04 00:00:00+00:00, run_after=2025-03-04 04:00:00+00:00
[2025-03-04T07:15:34.258+0000] {processor.py:208} INFO - Processing /home/airflow/.local/lib/python3.12/site-packages/airflow/example_dags/example_latest_only_with_trigger.py took 0.061 seconds
[2025-03-04T07:16:04.767+0000] {processor.py:186} INFO - Started process (PID=3512) to work on /home/airflow/.local/lib/python3.12/site-packages/airflow/example_dags/example_latest_only_with_trigger.py
[2025-03-04T07:16:04.768+0000] {processor.py:914} INFO - Processing file /home/airflow/.local/lib/python3.12/site-packages/airflow/example_dags/example_latest_only_with_trigger.py for tasks to queue
[2025-03-04T07:16:04.770+0000] {logging_mixin.py:190} INFO - [2025-03-04T07:16:04.770+0000] {dagbag.py:588} INFO - Filling up the DagBag from /home/airflow/.local/lib/python3.12/site-packages/airflow/example_dags/example_latest_only_with_trigger.py
[2025-03-04T07:16:04.778+0000] {processor.py:925} INFO - DAG(s) 'latest_only_with_trigger' retrieved from /home/airflow/.local/lib/python3.12/site-packages/airflow/example_dags/example_latest_only_with_trigger.py
[2025-03-04T07:16:04.801+0000] {logging_mixin.py:190} INFO - [2025-03-04T07:16:04.801+0000] {dag.py:3239} INFO - Sync 1 DAGs
[2025-03-04T07:16:04.826+0000] {logging_mixin.py:190} INFO - [2025-03-04T07:16:04.826+0000] {dag.py:4180} INFO - Setting next_dagrun for latest_only_with_trigger to 2025-03-04 00:00:00+00:00, run_after=2025-03-04 04:00:00+00:00
[2025-03-04T07:16:04.853+0000] {processor.py:208} INFO - Processing /home/airflow/.local/lib/python3.12/site-packages/airflow/example_dags/example_latest_only_with_trigger.py took 0.093 seconds
[2025-03-04T07:16:35.094+0000] {processor.py:186} INFO - Started process (PID=3593) to work on /home/airflow/.local/lib/python3.12/site-packages/airflow/example_dags/example_latest_only_with_trigger.py
[2025-03-04T07:16:35.096+0000] {processor.py:914} INFO - Processing file /home/airflow/.local/lib/python3.12/site-packages/airflow/example_dags/example_latest_only_with_trigger.py for tasks to queue
[2025-03-04T07:16:35.097+0000] {logging_mixin.py:190} INFO - [2025-03-04T07:16:35.097+0000] {dagbag.py:588} INFO - Filling up the DagBag from /home/airflow/.local/lib/python3.12/site-packages/airflow/example_dags/example_latest_only_with_trigger.py
[2025-03-04T07:16:35.108+0000] {processor.py:925} INFO - DAG(s) 'latest_only_with_trigger' retrieved from /home/airflow/.local/lib/python3.12/site-packages/airflow/example_dags/example_latest_only_with_trigger.py
[2025-03-04T07:16:35.127+0000] {logging_mixin.py:190} INFO - [2025-03-04T07:16:35.127+0000] {dag.py:3239} INFO - Sync 1 DAGs
[2025-03-04T07:16:35.145+0000] {logging_mixin.py:190} INFO - [2025-03-04T07:16:35.145+0000] {dag.py:4180} INFO - Setting next_dagrun for latest_only_with_trigger to 2025-03-04 00:00:00+00:00, run_after=2025-03-04 04:00:00+00:00
[2025-03-04T07:16:35.160+0000] {processor.py:208} INFO - Processing /home/airflow/.local/lib/python3.12/site-packages/airflow/example_dags/example_latest_only_with_trigger.py took 0.071 seconds
[2025-03-04T07:17:05.255+0000] {processor.py:186} INFO - Started process (PID=3667) to work on /home/airflow/.local/lib/python3.12/site-packages/airflow/example_dags/example_latest_only_with_trigger.py
[2025-03-04T07:17:05.256+0000] {processor.py:914} INFO - Processing file /home/airflow/.local/lib/python3.12/site-packages/airflow/example_dags/example_latest_only_with_trigger.py for tasks to queue
[2025-03-04T07:17:05.258+0000] {logging_mixin.py:190} INFO - [2025-03-04T07:17:05.257+0000] {dagbag.py:588} INFO - Filling up the DagBag from /home/airflow/.local/lib/python3.12/site-packages/airflow/example_dags/example_latest_only_with_trigger.py
[2025-03-04T07:17:05.268+0000] {processor.py:925} INFO - DAG(s) 'latest_only_with_trigger' retrieved from /home/airflow/.local/lib/python3.12/site-packages/airflow/example_dags/example_latest_only_with_trigger.py
[2025-03-04T07:17:05.289+0000] {logging_mixin.py:190} INFO - [2025-03-04T07:17:05.289+0000] {dag.py:3239} INFO - Sync 1 DAGs
[2025-03-04T07:17:05.307+0000] {logging_mixin.py:190} INFO - [2025-03-04T07:17:05.307+0000] {dag.py:4180} INFO - Setting next_dagrun for latest_only_with_trigger to 2025-03-04 00:00:00+00:00, run_after=2025-03-04 04:00:00+00:00
[2025-03-04T07:17:05.325+0000] {processor.py:208} INFO - Processing /home/airflow/.local/lib/python3.12/site-packages/airflow/example_dags/example_latest_only_with_trigger.py took 0.076 seconds
[2025-03-04T07:17:35.464+0000] {processor.py:186} INFO - Started process (PID=3749) to work on /home/airflow/.local/lib/python3.12/site-packages/airflow/example_dags/example_latest_only_with_trigger.py
[2025-03-04T07:17:35.465+0000] {processor.py:914} INFO - Processing file /home/airflow/.local/lib/python3.12/site-packages/airflow/example_dags/example_latest_only_with_trigger.py for tasks to queue
[2025-03-04T07:17:35.467+0000] {logging_mixin.py:190} INFO - [2025-03-04T07:17:35.466+0000] {dagbag.py:588} INFO - Filling up the DagBag from /home/airflow/.local/lib/python3.12/site-packages/airflow/example_dags/example_latest_only_with_trigger.py
[2025-03-04T07:17:35.475+0000] {processor.py:925} INFO - DAG(s) 'latest_only_with_trigger' retrieved from /home/airflow/.local/lib/python3.12/site-packages/airflow/example_dags/example_latest_only_with_trigger.py
[2025-03-04T07:17:35.490+0000] {logging_mixin.py:190} INFO - [2025-03-04T07:17:35.490+0000] {dag.py:3239} INFO - Sync 1 DAGs
[2025-03-04T07:17:35.509+0000] {logging_mixin.py:190} INFO - [2025-03-04T07:17:35.508+0000] {dag.py:4180} INFO - Setting next_dagrun for latest_only_with_trigger to 2025-03-04 00:00:00+00:00, run_after=2025-03-04 04:00:00+00:00
[2025-03-04T07:17:35.524+0000] {processor.py:208} INFO - Processing /home/airflow/.local/lib/python3.12/site-packages/airflow/example_dags/example_latest_only_with_trigger.py took 0.065 seconds
[2025-03-04T07:18:05.616+0000] {processor.py:186} INFO - Started process (PID=3825) to work on /home/airflow/.local/lib/python3.12/site-packages/airflow/example_dags/example_latest_only_with_trigger.py
[2025-03-04T07:18:05.617+0000] {processor.py:914} INFO - Processing file /home/airflow/.local/lib/python3.12/site-packages/airflow/example_dags/example_latest_only_with_trigger.py for tasks to queue
[2025-03-04T07:18:05.619+0000] {logging_mixin.py:190} INFO - [2025-03-04T07:18:05.618+0000] {dagbag.py:588} INFO - Filling up the DagBag from /home/airflow/.local/lib/python3.12/site-packages/airflow/example_dags/example_latest_only_with_trigger.py
[2025-03-04T07:18:05.626+0000] {processor.py:925} INFO - DAG(s) 'latest_only_with_trigger' retrieved from /home/airflow/.local/lib/python3.12/site-packages/airflow/example_dags/example_latest_only_with_trigger.py
[2025-03-04T07:18:05.642+0000] {logging_mixin.py:190} INFO - [2025-03-04T07:18:05.641+0000] {dag.py:3239} INFO - Sync 1 DAGs
[2025-03-04T07:18:05.659+0000] {logging_mixin.py:190} INFO - [2025-03-04T07:18:05.659+0000] {dag.py:4180} INFO - Setting next_dagrun for latest_only_with_trigger to 2025-03-04 00:00:00+00:00, run_after=2025-03-04 04:00:00+00:00
[2025-03-04T07:18:05.672+0000] {processor.py:208} INFO - Processing /home/airflow/.local/lib/python3.12/site-packages/airflow/example_dags/example_latest_only_with_trigger.py took 0.060 seconds
[2025-03-04T07:18:35.837+0000] {processor.py:186} INFO - Started process (PID=3906) to work on /home/airflow/.local/lib/python3.12/site-packages/airflow/example_dags/example_latest_only_with_trigger.py
[2025-03-04T07:18:35.839+0000] {processor.py:914} INFO - Processing file /home/airflow/.local/lib/python3.12/site-packages/airflow/example_dags/example_latest_only_with_trigger.py for tasks to queue
[2025-03-04T07:18:35.840+0000] {logging_mixin.py:190} INFO - [2025-03-04T07:18:35.840+0000] {dagbag.py:588} INFO - Filling up the DagBag from /home/airflow/.local/lib/python3.12/site-packages/airflow/example_dags/example_latest_only_with_trigger.py
[2025-03-04T07:18:35.848+0000] {processor.py:925} INFO - DAG(s) 'latest_only_with_trigger' retrieved from /home/airflow/.local/lib/python3.12/site-packages/airflow/example_dags/example_latest_only_with_trigger.py
[2025-03-04T07:18:35.868+0000] {logging_mixin.py:190} INFO - [2025-03-04T07:18:35.867+0000] {dag.py:3239} INFO - Sync 1 DAGs
[2025-03-04T07:18:35.890+0000] {logging_mixin.py:190} INFO - [2025-03-04T07:18:35.889+0000] {dag.py:4180} INFO - Setting next_dagrun for latest_only_with_trigger to 2025-03-04 00:00:00+00:00, run_after=2025-03-04 04:00:00+00:00
[2025-03-04T07:18:35.907+0000] {processor.py:208} INFO - Processing /home/airflow/.local/lib/python3.12/site-packages/airflow/example_dags/example_latest_only_with_trigger.py took 0.075 seconds
