[2025-03-04T06:53:47.994+0000] {processor.py:186} INFO - Started process (PID=98) to work on /home/airflow/.local/lib/python3.12/site-packages/airflow/example_dags/example_bash_operator.py
[2025-03-04T06:53:47.995+0000] {processor.py:914} INFO - Processing file /home/airflow/.local/lib/python3.12/site-packages/airflow/example_dags/example_bash_operator.py for tasks to queue
[2025-03-04T06:53:47.998+0000] {logging_mixin.py:190} INFO - [2025-03-04T06:53:47.998+0000] {dagbag.py:588} INFO - Filling up the DagBag from /home/airflow/.local/lib/python3.12/site-packages/airflow/example_dags/example_bash_operator.py
[2025-03-04T06:53:48.015+0000] {processor.py:925} INFO - DAG(s) 'example_bash_operator' retrieved from /home/airflow/.local/lib/python3.12/site-packages/airflow/example_dags/example_bash_operator.py
[2025-03-04T06:53:48.124+0000] {logging_mixin.py:190} INFO - [2025-03-04T06:53:48.123+0000] {override.py:1912} INFO - Created Permission View: can read on DAG:example_bash_operator
[2025-03-04T06:53:48.138+0000] {logging_mixin.py:190} INFO - [2025-03-04T06:53:48.137+0000] {override.py:1912} INFO - Created Permission View: can edit on DAG:example_bash_operator
[2025-03-04T06:53:48.145+0000] {logging_mixin.py:190} INFO - [2025-03-04T06:53:48.145+0000] {override.py:1912} INFO - Created Permission View: can delete on DAG:example_bash_operator
[2025-03-04T06:53:48.154+0000] {logging_mixin.py:190} INFO - [2025-03-04T06:53:48.154+0000] {override.py:1912} INFO - Created Permission View: menu access on DAG Run:example_bash_operator
[2025-03-04T06:53:48.163+0000] {logging_mixin.py:190} INFO - [2025-03-04T06:53:48.163+0000] {override.py:1912} INFO - Created Permission View: can read on DAG Run:example_bash_operator
[2025-03-04T06:53:48.171+0000] {logging_mixin.py:190} INFO - [2025-03-04T06:53:48.171+0000] {override.py:1912} INFO - Created Permission View: can delete on DAG Run:example_bash_operator
[2025-03-04T06:53:48.180+0000] {logging_mixin.py:190} INFO - [2025-03-04T06:53:48.180+0000] {override.py:1912} INFO - Created Permission View: can create on DAG Run:example_bash_operator
[2025-03-04T06:53:48.181+0000] {logging_mixin.py:190} INFO - [2025-03-04T06:53:48.181+0000] {dag.py:3239} INFO - Sync 1 DAGs
[2025-03-04T06:53:48.194+0000] {logging_mixin.py:190} INFO - [2025-03-04T06:53:48.194+0000] {dag.py:3262} INFO - Creating ORM DAG for example_bash_operator
[2025-03-04T06:53:48.207+0000] {logging_mixin.py:190} INFO - [2025-03-04T06:53:48.207+0000] {dag.py:4180} INFO - Setting next_dagrun for example_bash_operator to 2025-03-03 00:00:00+00:00, run_after=2025-03-04 00:00:00+00:00
[2025-03-04T06:53:48.226+0000] {processor.py:208} INFO - Processing /home/airflow/.local/lib/python3.12/site-packages/airflow/example_dags/example_bash_operator.py took 0.238 seconds
[2025-03-04T06:54:18.666+0000] {processor.py:186} INFO - Started process (PID=180) to work on /home/airflow/.local/lib/python3.12/site-packages/airflow/example_dags/example_bash_operator.py
[2025-03-04T06:54:18.667+0000] {processor.py:914} INFO - Processing file /home/airflow/.local/lib/python3.12/site-packages/airflow/example_dags/example_bash_operator.py for tasks to queue
[2025-03-04T06:54:18.669+0000] {logging_mixin.py:190} INFO - [2025-03-04T06:54:18.669+0000] {dagbag.py:588} INFO - Filling up the DagBag from /home/airflow/.local/lib/python3.12/site-packages/airflow/example_dags/example_bash_operator.py
[2025-03-04T06:54:18.681+0000] {processor.py:925} INFO - DAG(s) 'example_bash_operator' retrieved from /home/airflow/.local/lib/python3.12/site-packages/airflow/example_dags/example_bash_operator.py
[2025-03-04T06:54:18.704+0000] {logging_mixin.py:190} INFO - [2025-03-04T06:54:18.703+0000] {dag.py:3239} INFO - Sync 1 DAGs
[2025-03-04T06:54:18.725+0000] {logging_mixin.py:190} INFO - [2025-03-04T06:54:18.724+0000] {dag.py:4180} INFO - Setting next_dagrun for example_bash_operator to 2025-03-03 00:00:00+00:00, run_after=2025-03-04 00:00:00+00:00
[2025-03-04T06:54:18.742+0000] {processor.py:208} INFO - Processing /home/airflow/.local/lib/python3.12/site-packages/airflow/example_dags/example_bash_operator.py took 0.082 seconds
[2025-03-04T06:54:48.945+0000] {processor.py:186} INFO - Started process (PID=256) to work on /home/airflow/.local/lib/python3.12/site-packages/airflow/example_dags/example_bash_operator.py
[2025-03-04T06:54:48.946+0000] {processor.py:914} INFO - Processing file /home/airflow/.local/lib/python3.12/site-packages/airflow/example_dags/example_bash_operator.py for tasks to queue
[2025-03-04T06:54:48.948+0000] {logging_mixin.py:190} INFO - [2025-03-04T06:54:48.948+0000] {dagbag.py:588} INFO - Filling up the DagBag from /home/airflow/.local/lib/python3.12/site-packages/airflow/example_dags/example_bash_operator.py
[2025-03-04T06:54:48.959+0000] {processor.py:925} INFO - DAG(s) 'example_bash_operator' retrieved from /home/airflow/.local/lib/python3.12/site-packages/airflow/example_dags/example_bash_operator.py
[2025-03-04T06:54:48.982+0000] {logging_mixin.py:190} INFO - [2025-03-04T06:54:48.982+0000] {dag.py:3239} INFO - Sync 1 DAGs
[2025-03-04T06:54:49.002+0000] {logging_mixin.py:190} INFO - [2025-03-04T06:54:49.002+0000] {dag.py:4180} INFO - Setting next_dagrun for example_bash_operator to 2025-03-03 00:00:00+00:00, run_after=2025-03-04 00:00:00+00:00
[2025-03-04T06:54:49.020+0000] {processor.py:208} INFO - Processing /home/airflow/.local/lib/python3.12/site-packages/airflow/example_dags/example_bash_operator.py took 0.080 seconds
[2025-03-04T06:55:19.224+0000] {processor.py:186} INFO - Started process (PID=329) to work on /home/airflow/.local/lib/python3.12/site-packages/airflow/example_dags/example_bash_operator.py
[2025-03-04T06:55:19.225+0000] {processor.py:914} INFO - Processing file /home/airflow/.local/lib/python3.12/site-packages/airflow/example_dags/example_bash_operator.py for tasks to queue
[2025-03-04T06:55:19.228+0000] {logging_mixin.py:190} INFO - [2025-03-04T06:55:19.227+0000] {dagbag.py:588} INFO - Filling up the DagBag from /home/airflow/.local/lib/python3.12/site-packages/airflow/example_dags/example_bash_operator.py
[2025-03-04T06:55:19.241+0000] {processor.py:925} INFO - DAG(s) 'example_bash_operator' retrieved from /home/airflow/.local/lib/python3.12/site-packages/airflow/example_dags/example_bash_operator.py
[2025-03-04T06:55:19.272+0000] {logging_mixin.py:190} INFO - [2025-03-04T06:55:19.272+0000] {dag.py:3239} INFO - Sync 1 DAGs
[2025-03-04T06:55:19.292+0000] {logging_mixin.py:190} INFO - [2025-03-04T06:55:19.292+0000] {dag.py:4180} INFO - Setting next_dagrun for example_bash_operator to 2025-03-03 00:00:00+00:00, run_after=2025-03-04 00:00:00+00:00
[2025-03-04T06:55:19.309+0000] {processor.py:208} INFO - Processing /home/airflow/.local/lib/python3.12/site-packages/airflow/example_dags/example_bash_operator.py took 0.091 seconds
[2025-03-04T06:55:50.099+0000] {processor.py:186} INFO - Started process (PID=412) to work on /home/airflow/.local/lib/python3.12/site-packages/airflow/example_dags/example_bash_operator.py
[2025-03-04T06:55:50.106+0000] {processor.py:914} INFO - Processing file /home/airflow/.local/lib/python3.12/site-packages/airflow/example_dags/example_bash_operator.py for tasks to queue
[2025-03-04T06:55:50.113+0000] {logging_mixin.py:190} INFO - [2025-03-04T06:55:50.113+0000] {dagbag.py:588} INFO - Filling up the DagBag from /home/airflow/.local/lib/python3.12/site-packages/airflow/example_dags/example_bash_operator.py
[2025-03-04T06:55:50.127+0000] {processor.py:925} INFO - DAG(s) 'example_bash_operator' retrieved from /home/airflow/.local/lib/python3.12/site-packages/airflow/example_dags/example_bash_operator.py
[2025-03-04T06:55:50.154+0000] {logging_mixin.py:190} INFO - [2025-03-04T06:55:50.154+0000] {dag.py:3239} INFO - Sync 1 DAGs
[2025-03-04T06:55:50.178+0000] {logging_mixin.py:190} INFO - [2025-03-04T06:55:50.178+0000] {dag.py:4180} INFO - Setting next_dagrun for example_bash_operator to 2025-03-03 00:00:00+00:00, run_after=2025-03-04 00:00:00+00:00
[2025-03-04T06:55:50.200+0000] {processor.py:208} INFO - Processing /home/airflow/.local/lib/python3.12/site-packages/airflow/example_dags/example_bash_operator.py took 0.109 seconds
[2025-03-04T06:56:21.122+0000] {processor.py:186} INFO - Started process (PID=494) to work on /home/airflow/.local/lib/python3.12/site-packages/airflow/example_dags/example_bash_operator.py
[2025-03-04T06:56:21.125+0000] {processor.py:914} INFO - Processing file /home/airflow/.local/lib/python3.12/site-packages/airflow/example_dags/example_bash_operator.py for tasks to queue
[2025-03-04T06:56:21.128+0000] {logging_mixin.py:190} INFO - [2025-03-04T06:56:21.128+0000] {dagbag.py:588} INFO - Filling up the DagBag from /home/airflow/.local/lib/python3.12/site-packages/airflow/example_dags/example_bash_operator.py
[2025-03-04T06:56:21.147+0000] {processor.py:925} INFO - DAG(s) 'example_bash_operator' retrieved from /home/airflow/.local/lib/python3.12/site-packages/airflow/example_dags/example_bash_operator.py
[2025-03-04T06:56:21.183+0000] {logging_mixin.py:190} INFO - [2025-03-04T06:56:21.183+0000] {dag.py:3239} INFO - Sync 1 DAGs
[2025-03-04T06:56:21.218+0000] {logging_mixin.py:190} INFO - [2025-03-04T06:56:21.218+0000] {dag.py:4180} INFO - Setting next_dagrun for example_bash_operator to 2025-03-03 00:00:00+00:00, run_after=2025-03-04 00:00:00+00:00
[2025-03-04T06:56:21.245+0000] {processor.py:208} INFO - Processing /home/airflow/.local/lib/python3.12/site-packages/airflow/example_dags/example_bash_operator.py took 0.134 seconds
[2025-03-04T06:56:52.188+0000] {processor.py:186} INFO - Started process (PID=570) to work on /home/airflow/.local/lib/python3.12/site-packages/airflow/example_dags/example_bash_operator.py
[2025-03-04T06:56:52.190+0000] {processor.py:914} INFO - Processing file /home/airflow/.local/lib/python3.12/site-packages/airflow/example_dags/example_bash_operator.py for tasks to queue
[2025-03-04T06:56:52.192+0000] {logging_mixin.py:190} INFO - [2025-03-04T06:56:52.191+0000] {dagbag.py:588} INFO - Filling up the DagBag from /home/airflow/.local/lib/python3.12/site-packages/airflow/example_dags/example_bash_operator.py
[2025-03-04T06:56:52.203+0000] {processor.py:925} INFO - DAG(s) 'example_bash_operator' retrieved from /home/airflow/.local/lib/python3.12/site-packages/airflow/example_dags/example_bash_operator.py
[2025-03-04T06:56:52.229+0000] {logging_mixin.py:190} INFO - [2025-03-04T06:56:52.229+0000] {dag.py:3239} INFO - Sync 1 DAGs
[2025-03-04T06:56:52.250+0000] {logging_mixin.py:190} INFO - [2025-03-04T06:56:52.250+0000] {dag.py:4180} INFO - Setting next_dagrun for example_bash_operator to 2025-03-03 00:00:00+00:00, run_after=2025-03-04 00:00:00+00:00
[2025-03-04T06:56:52.269+0000] {processor.py:208} INFO - Processing /home/airflow/.local/lib/python3.12/site-packages/airflow/example_dags/example_bash_operator.py took 0.085 seconds
[2025-03-04T06:57:23.276+0000] {processor.py:186} INFO - Started process (PID=645) to work on /home/airflow/.local/lib/python3.12/site-packages/airflow/example_dags/example_bash_operator.py
[2025-03-04T06:57:23.277+0000] {processor.py:914} INFO - Processing file /home/airflow/.local/lib/python3.12/site-packages/airflow/example_dags/example_bash_operator.py for tasks to queue
[2025-03-04T06:57:23.280+0000] {logging_mixin.py:190} INFO - [2025-03-04T06:57:23.279+0000] {dagbag.py:588} INFO - Filling up the DagBag from /home/airflow/.local/lib/python3.12/site-packages/airflow/example_dags/example_bash_operator.py
[2025-03-04T06:57:23.291+0000] {processor.py:925} INFO - DAG(s) 'example_bash_operator' retrieved from /home/airflow/.local/lib/python3.12/site-packages/airflow/example_dags/example_bash_operator.py
[2025-03-04T06:57:23.315+0000] {logging_mixin.py:190} INFO - [2025-03-04T06:57:23.315+0000] {dag.py:3239} INFO - Sync 1 DAGs
[2025-03-04T06:57:23.336+0000] {logging_mixin.py:190} INFO - [2025-03-04T06:57:23.336+0000] {dag.py:4180} INFO - Setting next_dagrun for example_bash_operator to 2025-03-03 00:00:00+00:00, run_after=2025-03-04 00:00:00+00:00
[2025-03-04T06:57:23.353+0000] {processor.py:208} INFO - Processing /home/airflow/.local/lib/python3.12/site-packages/airflow/example_dags/example_bash_operator.py took 0.081 seconds
[2025-03-04T06:57:53.805+0000] {processor.py:186} INFO - Started process (PID=728) to work on /home/airflow/.local/lib/python3.12/site-packages/airflow/example_dags/example_bash_operator.py
[2025-03-04T06:57:53.807+0000] {processor.py:914} INFO - Processing file /home/airflow/.local/lib/python3.12/site-packages/airflow/example_dags/example_bash_operator.py for tasks to queue
[2025-03-04T06:57:53.811+0000] {logging_mixin.py:190} INFO - [2025-03-04T06:57:53.811+0000] {dagbag.py:588} INFO - Filling up the DagBag from /home/airflow/.local/lib/python3.12/site-packages/airflow/example_dags/example_bash_operator.py
[2025-03-04T06:57:53.825+0000] {processor.py:925} INFO - DAG(s) 'example_bash_operator' retrieved from /home/airflow/.local/lib/python3.12/site-packages/airflow/example_dags/example_bash_operator.py
[2025-03-04T06:57:53.850+0000] {logging_mixin.py:190} INFO - [2025-03-04T06:57:53.850+0000] {dag.py:3239} INFO - Sync 1 DAGs
[2025-03-04T06:57:53.867+0000] {logging_mixin.py:190} INFO - [2025-03-04T06:57:53.867+0000] {dag.py:4180} INFO - Setting next_dagrun for example_bash_operator to 2025-03-03 00:00:00+00:00, run_after=2025-03-04 00:00:00+00:00
[2025-03-04T06:57:53.884+0000] {processor.py:208} INFO - Processing /home/airflow/.local/lib/python3.12/site-packages/airflow/example_dags/example_bash_operator.py took 0.085 seconds
[2025-03-04T06:58:24.020+0000] {processor.py:186} INFO - Started process (PID=803) to work on /home/airflow/.local/lib/python3.12/site-packages/airflow/example_dags/example_bash_operator.py
[2025-03-04T06:58:24.021+0000] {processor.py:914} INFO - Processing file /home/airflow/.local/lib/python3.12/site-packages/airflow/example_dags/example_bash_operator.py for tasks to queue
[2025-03-04T06:58:24.024+0000] {logging_mixin.py:190} INFO - [2025-03-04T06:58:24.023+0000] {dagbag.py:588} INFO - Filling up the DagBag from /home/airflow/.local/lib/python3.12/site-packages/airflow/example_dags/example_bash_operator.py
[2025-03-04T06:58:24.036+0000] {processor.py:925} INFO - DAG(s) 'example_bash_operator' retrieved from /home/airflow/.local/lib/python3.12/site-packages/airflow/example_dags/example_bash_operator.py
[2025-03-04T06:58:24.062+0000] {logging_mixin.py:190} INFO - [2025-03-04T06:58:24.062+0000] {dag.py:3239} INFO - Sync 1 DAGs
[2025-03-04T06:58:24.084+0000] {logging_mixin.py:190} INFO - [2025-03-04T06:58:24.084+0000] {dag.py:4180} INFO - Setting next_dagrun for example_bash_operator to 2025-03-03 00:00:00+00:00, run_after=2025-03-04 00:00:00+00:00
[2025-03-04T06:58:24.103+0000] {processor.py:208} INFO - Processing /home/airflow/.local/lib/python3.12/site-packages/airflow/example_dags/example_bash_operator.py took 0.088 seconds
[2025-03-04T06:58:54.791+0000] {processor.py:186} INFO - Started process (PID=880) to work on /home/airflow/.local/lib/python3.12/site-packages/airflow/example_dags/example_bash_operator.py
[2025-03-04T06:58:54.793+0000] {processor.py:914} INFO - Processing file /home/airflow/.local/lib/python3.12/site-packages/airflow/example_dags/example_bash_operator.py for tasks to queue
[2025-03-04T06:58:54.796+0000] {logging_mixin.py:190} INFO - [2025-03-04T06:58:54.796+0000] {dagbag.py:588} INFO - Filling up the DagBag from /home/airflow/.local/lib/python3.12/site-packages/airflow/example_dags/example_bash_operator.py
[2025-03-04T06:58:54.812+0000] {processor.py:925} INFO - DAG(s) 'example_bash_operator' retrieved from /home/airflow/.local/lib/python3.12/site-packages/airflow/example_dags/example_bash_operator.py
[2025-03-04T06:58:54.845+0000] {logging_mixin.py:190} INFO - [2025-03-04T06:58:54.844+0000] {dag.py:3239} INFO - Sync 1 DAGs
[2025-03-04T06:58:54.876+0000] {logging_mixin.py:190} INFO - [2025-03-04T06:58:54.875+0000] {dag.py:4180} INFO - Setting next_dagrun for example_bash_operator to 2025-03-03 00:00:00+00:00, run_after=2025-03-04 00:00:00+00:00
[2025-03-04T06:58:54.907+0000] {processor.py:208} INFO - Processing /home/airflow/.local/lib/python3.12/site-packages/airflow/example_dags/example_bash_operator.py took 0.122 seconds
[2025-03-04T06:59:25.695+0000] {processor.py:186} INFO - Started process (PID=964) to work on /home/airflow/.local/lib/python3.12/site-packages/airflow/example_dags/example_bash_operator.py
[2025-03-04T06:59:25.697+0000] {processor.py:914} INFO - Processing file /home/airflow/.local/lib/python3.12/site-packages/airflow/example_dags/example_bash_operator.py for tasks to queue
[2025-03-04T06:59:25.699+0000] {logging_mixin.py:190} INFO - [2025-03-04T06:59:25.698+0000] {dagbag.py:588} INFO - Filling up the DagBag from /home/airflow/.local/lib/python3.12/site-packages/airflow/example_dags/example_bash_operator.py
[2025-03-04T06:59:25.709+0000] {processor.py:925} INFO - DAG(s) 'example_bash_operator' retrieved from /home/airflow/.local/lib/python3.12/site-packages/airflow/example_dags/example_bash_operator.py
[2025-03-04T06:59:25.729+0000] {logging_mixin.py:190} INFO - [2025-03-04T06:59:25.729+0000] {dag.py:3239} INFO - Sync 1 DAGs
[2025-03-04T06:59:25.746+0000] {logging_mixin.py:190} INFO - [2025-03-04T06:59:25.746+0000] {dag.py:4180} INFO - Setting next_dagrun for example_bash_operator to 2025-03-03 00:00:00+00:00, run_after=2025-03-04 00:00:00+00:00
[2025-03-04T06:59:25.762+0000] {processor.py:208} INFO - Processing /home/airflow/.local/lib/python3.12/site-packages/airflow/example_dags/example_bash_operator.py took 0.071 seconds
[2025-03-04T06:59:56.632+0000] {processor.py:186} INFO - Started process (PID=1040) to work on /home/airflow/.local/lib/python3.12/site-packages/airflow/example_dags/example_bash_operator.py
[2025-03-04T06:59:56.633+0000] {processor.py:914} INFO - Processing file /home/airflow/.local/lib/python3.12/site-packages/airflow/example_dags/example_bash_operator.py for tasks to queue
[2025-03-04T06:59:56.635+0000] {logging_mixin.py:190} INFO - [2025-03-04T06:59:56.635+0000] {dagbag.py:588} INFO - Filling up the DagBag from /home/airflow/.local/lib/python3.12/site-packages/airflow/example_dags/example_bash_operator.py
[2025-03-04T06:59:56.646+0000] {processor.py:925} INFO - DAG(s) 'example_bash_operator' retrieved from /home/airflow/.local/lib/python3.12/site-packages/airflow/example_dags/example_bash_operator.py
[2025-03-04T06:59:56.671+0000] {logging_mixin.py:190} INFO - [2025-03-04T06:59:56.671+0000] {dag.py:3239} INFO - Sync 1 DAGs
[2025-03-04T06:59:56.690+0000] {logging_mixin.py:190} INFO - [2025-03-04T06:59:56.690+0000] {dag.py:4180} INFO - Setting next_dagrun for example_bash_operator to 2025-03-03 00:00:00+00:00, run_after=2025-03-04 00:00:00+00:00
[2025-03-04T06:59:56.708+0000] {processor.py:208} INFO - Processing /home/airflow/.local/lib/python3.12/site-packages/airflow/example_dags/example_bash_operator.py took 0.081 seconds
[2025-03-04T07:00:27.346+0000] {processor.py:186} INFO - Started process (PID=1124) to work on /home/airflow/.local/lib/python3.12/site-packages/airflow/example_dags/example_bash_operator.py
[2025-03-04T07:00:27.347+0000] {processor.py:914} INFO - Processing file /home/airflow/.local/lib/python3.12/site-packages/airflow/example_dags/example_bash_operator.py for tasks to queue
[2025-03-04T07:00:27.349+0000] {logging_mixin.py:190} INFO - [2025-03-04T07:00:27.349+0000] {dagbag.py:588} INFO - Filling up the DagBag from /home/airflow/.local/lib/python3.12/site-packages/airflow/example_dags/example_bash_operator.py
[2025-03-04T07:00:27.359+0000] {processor.py:925} INFO - DAG(s) 'example_bash_operator' retrieved from /home/airflow/.local/lib/python3.12/site-packages/airflow/example_dags/example_bash_operator.py
[2025-03-04T07:00:27.381+0000] {logging_mixin.py:190} INFO - [2025-03-04T07:00:27.381+0000] {dag.py:3239} INFO - Sync 1 DAGs
[2025-03-04T07:00:27.397+0000] {logging_mixin.py:190} INFO - [2025-03-04T07:00:27.397+0000] {dag.py:4180} INFO - Setting next_dagrun for example_bash_operator to 2025-03-03 00:00:00+00:00, run_after=2025-03-04 00:00:00+00:00
[2025-03-04T07:00:27.411+0000] {processor.py:208} INFO - Processing /home/airflow/.local/lib/python3.12/site-packages/airflow/example_dags/example_bash_operator.py took 0.070 seconds
[2025-03-04T07:00:58.257+0000] {processor.py:186} INFO - Started process (PID=1203) to work on /home/airflow/.local/lib/python3.12/site-packages/airflow/example_dags/example_bash_operator.py
[2025-03-04T07:00:58.258+0000] {processor.py:914} INFO - Processing file /home/airflow/.local/lib/python3.12/site-packages/airflow/example_dags/example_bash_operator.py for tasks to queue
[2025-03-04T07:00:58.260+0000] {logging_mixin.py:190} INFO - [2025-03-04T07:00:58.259+0000] {dagbag.py:588} INFO - Filling up the DagBag from /home/airflow/.local/lib/python3.12/site-packages/airflow/example_dags/example_bash_operator.py
[2025-03-04T07:00:58.271+0000] {processor.py:925} INFO - DAG(s) 'example_bash_operator' retrieved from /home/airflow/.local/lib/python3.12/site-packages/airflow/example_dags/example_bash_operator.py
[2025-03-04T07:00:58.314+0000] {logging_mixin.py:190} INFO - [2025-03-04T07:00:58.313+0000] {dag.py:3239} INFO - Sync 1 DAGs
[2025-03-04T07:00:58.339+0000] {logging_mixin.py:190} INFO - [2025-03-04T07:00:58.339+0000] {dag.py:4180} INFO - Setting next_dagrun for example_bash_operator to 2025-03-03 00:00:00+00:00, run_after=2025-03-04 00:00:00+00:00
[2025-03-04T07:00:58.359+0000] {processor.py:208} INFO - Processing /home/airflow/.local/lib/python3.12/site-packages/airflow/example_dags/example_bash_operator.py took 0.106 seconds
[2025-03-04T07:01:29.334+0000] {processor.py:186} INFO - Started process (PID=1287) to work on /home/airflow/.local/lib/python3.12/site-packages/airflow/example_dags/example_bash_operator.py
[2025-03-04T07:01:29.336+0000] {processor.py:914} INFO - Processing file /home/airflow/.local/lib/python3.12/site-packages/airflow/example_dags/example_bash_operator.py for tasks to queue
[2025-03-04T07:01:29.337+0000] {logging_mixin.py:190} INFO - [2025-03-04T07:01:29.337+0000] {dagbag.py:588} INFO - Filling up the DagBag from /home/airflow/.local/lib/python3.12/site-packages/airflow/example_dags/example_bash_operator.py
[2025-03-04T07:01:29.350+0000] {processor.py:925} INFO - DAG(s) 'example_bash_operator' retrieved from /home/airflow/.local/lib/python3.12/site-packages/airflow/example_dags/example_bash_operator.py
[2025-03-04T07:01:29.374+0000] {logging_mixin.py:190} INFO - [2025-03-04T07:01:29.374+0000] {dag.py:3239} INFO - Sync 1 DAGs
[2025-03-04T07:01:29.399+0000] {logging_mixin.py:190} INFO - [2025-03-04T07:01:29.399+0000] {dag.py:4180} INFO - Setting next_dagrun for example_bash_operator to 2025-03-03 00:00:00+00:00, run_after=2025-03-04 00:00:00+00:00
[2025-03-04T07:01:29.416+0000] {processor.py:208} INFO - Processing /home/airflow/.local/lib/python3.12/site-packages/airflow/example_dags/example_bash_operator.py took 0.087 seconds
[2025-03-04T07:01:59.555+0000] {processor.py:186} INFO - Started process (PID=1361) to work on /home/airflow/.local/lib/python3.12/site-packages/airflow/example_dags/example_bash_operator.py
[2025-03-04T07:01:59.556+0000] {processor.py:914} INFO - Processing file /home/airflow/.local/lib/python3.12/site-packages/airflow/example_dags/example_bash_operator.py for tasks to queue
[2025-03-04T07:01:59.558+0000] {logging_mixin.py:190} INFO - [2025-03-04T07:01:59.557+0000] {dagbag.py:588} INFO - Filling up the DagBag from /home/airflow/.local/lib/python3.12/site-packages/airflow/example_dags/example_bash_operator.py
[2025-03-04T07:01:59.568+0000] {processor.py:925} INFO - DAG(s) 'example_bash_operator' retrieved from /home/airflow/.local/lib/python3.12/site-packages/airflow/example_dags/example_bash_operator.py
[2025-03-04T07:01:59.587+0000] {logging_mixin.py:190} INFO - [2025-03-04T07:01:59.587+0000] {dag.py:3239} INFO - Sync 1 DAGs
[2025-03-04T07:01:59.605+0000] {logging_mixin.py:190} INFO - [2025-03-04T07:01:59.605+0000] {dag.py:4180} INFO - Setting next_dagrun for example_bash_operator to 2025-03-03 00:00:00+00:00, run_after=2025-03-04 00:00:00+00:00
[2025-03-04T07:01:59.620+0000] {processor.py:208} INFO - Processing /home/airflow/.local/lib/python3.12/site-packages/airflow/example_dags/example_bash_operator.py took 0.069 seconds
[2025-03-04T07:02:30.293+0000] {processor.py:186} INFO - Started process (PID=1446) to work on /home/airflow/.local/lib/python3.12/site-packages/airflow/example_dags/example_bash_operator.py
[2025-03-04T07:02:30.294+0000] {processor.py:914} INFO - Processing file /home/airflow/.local/lib/python3.12/site-packages/airflow/example_dags/example_bash_operator.py for tasks to queue
[2025-03-04T07:02:30.295+0000] {logging_mixin.py:190} INFO - [2025-03-04T07:02:30.295+0000] {dagbag.py:588} INFO - Filling up the DagBag from /home/airflow/.local/lib/python3.12/site-packages/airflow/example_dags/example_bash_operator.py
[2025-03-04T07:02:30.306+0000] {processor.py:925} INFO - DAG(s) 'example_bash_operator' retrieved from /home/airflow/.local/lib/python3.12/site-packages/airflow/example_dags/example_bash_operator.py
[2025-03-04T07:02:30.326+0000] {logging_mixin.py:190} INFO - [2025-03-04T07:02:30.326+0000] {dag.py:3239} INFO - Sync 1 DAGs
[2025-03-04T07:02:30.344+0000] {logging_mixin.py:190} INFO - [2025-03-04T07:02:30.344+0000] {dag.py:4180} INFO - Setting next_dagrun for example_bash_operator to 2025-03-03 00:00:00+00:00, run_after=2025-03-04 00:00:00+00:00
[2025-03-04T07:02:30.363+0000] {processor.py:208} INFO - Processing /home/airflow/.local/lib/python3.12/site-packages/airflow/example_dags/example_bash_operator.py took 0.075 seconds
[2025-03-04T07:03:00.709+0000] {processor.py:186} INFO - Started process (PID=1525) to work on /home/airflow/.local/lib/python3.12/site-packages/airflow/example_dags/example_bash_operator.py
[2025-03-04T07:03:00.711+0000] {processor.py:914} INFO - Processing file /home/airflow/.local/lib/python3.12/site-packages/airflow/example_dags/example_bash_operator.py for tasks to queue
[2025-03-04T07:03:00.712+0000] {logging_mixin.py:190} INFO - [2025-03-04T07:03:00.712+0000] {dagbag.py:588} INFO - Filling up the DagBag from /home/airflow/.local/lib/python3.12/site-packages/airflow/example_dags/example_bash_operator.py
[2025-03-04T07:03:00.725+0000] {processor.py:925} INFO - DAG(s) 'example_bash_operator' retrieved from /home/airflow/.local/lib/python3.12/site-packages/airflow/example_dags/example_bash_operator.py
[2025-03-04T07:03:00.748+0000] {logging_mixin.py:190} INFO - [2025-03-04T07:03:00.748+0000] {dag.py:3239} INFO - Sync 1 DAGs
[2025-03-04T07:03:00.767+0000] {logging_mixin.py:190} INFO - [2025-03-04T07:03:00.767+0000] {dag.py:4180} INFO - Setting next_dagrun for example_bash_operator to 2025-03-03 00:00:00+00:00, run_after=2025-03-04 00:00:00+00:00
[2025-03-04T07:03:00.783+0000] {processor.py:208} INFO - Processing /home/airflow/.local/lib/python3.12/site-packages/airflow/example_dags/example_bash_operator.py took 0.079 seconds
[2025-03-04T07:03:31.014+0000] {processor.py:186} INFO - Started process (PID=1607) to work on /home/airflow/.local/lib/python3.12/site-packages/airflow/example_dags/example_bash_operator.py
[2025-03-04T07:03:31.016+0000] {processor.py:914} INFO - Processing file /home/airflow/.local/lib/python3.12/site-packages/airflow/example_dags/example_bash_operator.py for tasks to queue
[2025-03-04T07:03:31.018+0000] {logging_mixin.py:190} INFO - [2025-03-04T07:03:31.018+0000] {dagbag.py:588} INFO - Filling up the DagBag from /home/airflow/.local/lib/python3.12/site-packages/airflow/example_dags/example_bash_operator.py
[2025-03-04T07:03:31.033+0000] {processor.py:925} INFO - DAG(s) 'example_bash_operator' retrieved from /home/airflow/.local/lib/python3.12/site-packages/airflow/example_dags/example_bash_operator.py
[2025-03-04T07:03:31.059+0000] {logging_mixin.py:190} INFO - [2025-03-04T07:03:31.059+0000] {dag.py:3239} INFO - Sync 1 DAGs
[2025-03-04T07:03:31.084+0000] {logging_mixin.py:190} INFO - [2025-03-04T07:03:31.084+0000] {dag.py:4180} INFO - Setting next_dagrun for example_bash_operator to 2025-03-03 00:00:00+00:00, run_after=2025-03-04 00:00:00+00:00
[2025-03-04T07:03:31.101+0000] {processor.py:208} INFO - Processing /home/airflow/.local/lib/python3.12/site-packages/airflow/example_dags/example_bash_operator.py took 0.092 seconds
[2025-03-04T07:04:01.326+0000] {processor.py:186} INFO - Started process (PID=1683) to work on /home/airflow/.local/lib/python3.12/site-packages/airflow/example_dags/example_bash_operator.py
[2025-03-04T07:04:01.327+0000] {processor.py:914} INFO - Processing file /home/airflow/.local/lib/python3.12/site-packages/airflow/example_dags/example_bash_operator.py for tasks to queue
[2025-03-04T07:04:01.329+0000] {logging_mixin.py:190} INFO - [2025-03-04T07:04:01.328+0000] {dagbag.py:588} INFO - Filling up the DagBag from /home/airflow/.local/lib/python3.12/site-packages/airflow/example_dags/example_bash_operator.py
[2025-03-04T07:04:01.339+0000] {processor.py:925} INFO - DAG(s) 'example_bash_operator' retrieved from /home/airflow/.local/lib/python3.12/site-packages/airflow/example_dags/example_bash_operator.py
[2025-03-04T07:04:01.361+0000] {logging_mixin.py:190} INFO - [2025-03-04T07:04:01.361+0000] {dag.py:3239} INFO - Sync 1 DAGs
[2025-03-04T07:04:01.382+0000] {logging_mixin.py:190} INFO - [2025-03-04T07:04:01.382+0000] {dag.py:4180} INFO - Setting next_dagrun for example_bash_operator to 2025-03-03 00:00:00+00:00, run_after=2025-03-04 00:00:00+00:00
[2025-03-04T07:04:01.397+0000] {processor.py:208} INFO - Processing /home/airflow/.local/lib/python3.12/site-packages/airflow/example_dags/example_bash_operator.py took 0.075 seconds
[2025-03-04T07:04:32.143+0000] {processor.py:186} INFO - Started process (PID=1765) to work on /home/airflow/.local/lib/python3.12/site-packages/airflow/example_dags/example_bash_operator.py
[2025-03-04T07:04:32.144+0000] {processor.py:914} INFO - Processing file /home/airflow/.local/lib/python3.12/site-packages/airflow/example_dags/example_bash_operator.py for tasks to queue
[2025-03-04T07:04:32.146+0000] {logging_mixin.py:190} INFO - [2025-03-04T07:04:32.145+0000] {dagbag.py:588} INFO - Filling up the DagBag from /home/airflow/.local/lib/python3.12/site-packages/airflow/example_dags/example_bash_operator.py
[2025-03-04T07:04:32.157+0000] {processor.py:925} INFO - DAG(s) 'example_bash_operator' retrieved from /home/airflow/.local/lib/python3.12/site-packages/airflow/example_dags/example_bash_operator.py
[2025-03-04T07:04:32.182+0000] {logging_mixin.py:190} INFO - [2025-03-04T07:04:32.181+0000] {dag.py:3239} INFO - Sync 1 DAGs
[2025-03-04T07:04:32.202+0000] {logging_mixin.py:190} INFO - [2025-03-04T07:04:32.202+0000] {dag.py:4180} INFO - Setting next_dagrun for example_bash_operator to 2025-03-03 00:00:00+00:00, run_after=2025-03-04 00:00:00+00:00
[2025-03-04T07:04:32.220+0000] {processor.py:208} INFO - Processing /home/airflow/.local/lib/python3.12/site-packages/airflow/example_dags/example_bash_operator.py took 0.082 seconds
[2025-03-04T07:05:02.394+0000] {processor.py:186} INFO - Started process (PID=1840) to work on /home/airflow/.local/lib/python3.12/site-packages/airflow/example_dags/example_bash_operator.py
[2025-03-04T07:05:02.395+0000] {processor.py:914} INFO - Processing file /home/airflow/.local/lib/python3.12/site-packages/airflow/example_dags/example_bash_operator.py for tasks to queue
[2025-03-04T07:05:02.397+0000] {logging_mixin.py:190} INFO - [2025-03-04T07:05:02.396+0000] {dagbag.py:588} INFO - Filling up the DagBag from /home/airflow/.local/lib/python3.12/site-packages/airflow/example_dags/example_bash_operator.py
[2025-03-04T07:05:02.409+0000] {processor.py:925} INFO - DAG(s) 'example_bash_operator' retrieved from /home/airflow/.local/lib/python3.12/site-packages/airflow/example_dags/example_bash_operator.py
[2025-03-04T07:05:02.436+0000] {logging_mixin.py:190} INFO - [2025-03-04T07:05:02.436+0000] {dag.py:3239} INFO - Sync 1 DAGs
[2025-03-04T07:05:02.460+0000] {logging_mixin.py:190} INFO - [2025-03-04T07:05:02.459+0000] {dag.py:4180} INFO - Setting next_dagrun for example_bash_operator to 2025-03-03 00:00:00+00:00, run_after=2025-03-04 00:00:00+00:00
[2025-03-04T07:05:02.476+0000] {processor.py:208} INFO - Processing /home/airflow/.local/lib/python3.12/site-packages/airflow/example_dags/example_bash_operator.py took 0.088 seconds
[2025-03-04T07:05:32.914+0000] {processor.py:186} INFO - Started process (PID=1914) to work on /home/airflow/.local/lib/python3.12/site-packages/airflow/example_dags/example_bash_operator.py
[2025-03-04T07:05:32.915+0000] {processor.py:914} INFO - Processing file /home/airflow/.local/lib/python3.12/site-packages/airflow/example_dags/example_bash_operator.py for tasks to queue
[2025-03-04T07:05:32.917+0000] {logging_mixin.py:190} INFO - [2025-03-04T07:05:32.917+0000] {dagbag.py:588} INFO - Filling up the DagBag from /home/airflow/.local/lib/python3.12/site-packages/airflow/example_dags/example_bash_operator.py
[2025-03-04T07:05:32.932+0000] {processor.py:925} INFO - DAG(s) 'example_bash_operator' retrieved from /home/airflow/.local/lib/python3.12/site-packages/airflow/example_dags/example_bash_operator.py
[2025-03-04T07:05:32.961+0000] {logging_mixin.py:190} INFO - [2025-03-04T07:05:32.960+0000] {dag.py:3239} INFO - Sync 1 DAGs
[2025-03-04T07:05:32.989+0000] {logging_mixin.py:190} INFO - [2025-03-04T07:05:32.989+0000] {dag.py:4180} INFO - Setting next_dagrun for example_bash_operator to 2025-03-03 00:00:00+00:00, run_after=2025-03-04 00:00:00+00:00
[2025-03-04T07:05:33.014+0000] {processor.py:208} INFO - Processing /home/airflow/.local/lib/python3.12/site-packages/airflow/example_dags/example_bash_operator.py took 0.108 seconds
[2025-03-04T07:06:03.477+0000] {processor.py:186} INFO - Started process (PID=1996) to work on /home/airflow/.local/lib/python3.12/site-packages/airflow/example_dags/example_bash_operator.py
[2025-03-04T07:06:03.479+0000] {processor.py:914} INFO - Processing file /home/airflow/.local/lib/python3.12/site-packages/airflow/example_dags/example_bash_operator.py for tasks to queue
[2025-03-04T07:06:03.480+0000] {logging_mixin.py:190} INFO - [2025-03-04T07:06:03.480+0000] {dagbag.py:588} INFO - Filling up the DagBag from /home/airflow/.local/lib/python3.12/site-packages/airflow/example_dags/example_bash_operator.py
[2025-03-04T07:06:03.495+0000] {processor.py:925} INFO - DAG(s) 'example_bash_operator' retrieved from /home/airflow/.local/lib/python3.12/site-packages/airflow/example_dags/example_bash_operator.py
[2025-03-04T07:06:03.518+0000] {logging_mixin.py:190} INFO - [2025-03-04T07:06:03.518+0000] {dag.py:3239} INFO - Sync 1 DAGs
[2025-03-04T07:06:03.542+0000] {logging_mixin.py:190} INFO - [2025-03-04T07:06:03.542+0000] {dag.py:4180} INFO - Setting next_dagrun for example_bash_operator to 2025-03-03 00:00:00+00:00, run_after=2025-03-04 00:00:00+00:00
[2025-03-04T07:06:03.563+0000] {processor.py:208} INFO - Processing /home/airflow/.local/lib/python3.12/site-packages/airflow/example_dags/example_bash_operator.py took 0.095 seconds
[2025-03-04T07:06:33.618+0000] {processor.py:186} INFO - Started process (PID=2070) to work on /home/airflow/.local/lib/python3.12/site-packages/airflow/example_dags/example_bash_operator.py
[2025-03-04T07:06:33.619+0000] {processor.py:914} INFO - Processing file /home/airflow/.local/lib/python3.12/site-packages/airflow/example_dags/example_bash_operator.py for tasks to queue
[2025-03-04T07:06:33.620+0000] {logging_mixin.py:190} INFO - [2025-03-04T07:06:33.620+0000] {dagbag.py:588} INFO - Filling up the DagBag from /home/airflow/.local/lib/python3.12/site-packages/airflow/example_dags/example_bash_operator.py
[2025-03-04T07:06:33.631+0000] {processor.py:925} INFO - DAG(s) 'example_bash_operator' retrieved from /home/airflow/.local/lib/python3.12/site-packages/airflow/example_dags/example_bash_operator.py
[2025-03-04T07:06:33.653+0000] {logging_mixin.py:190} INFO - [2025-03-04T07:06:33.653+0000] {dag.py:3239} INFO - Sync 1 DAGs
[2025-03-04T07:06:33.672+0000] {logging_mixin.py:190} INFO - [2025-03-04T07:06:33.672+0000] {dag.py:4180} INFO - Setting next_dagrun for example_bash_operator to 2025-03-03 00:00:00+00:00, run_after=2025-03-04 00:00:00+00:00
[2025-03-04T07:06:33.688+0000] {processor.py:208} INFO - Processing /home/airflow/.local/lib/python3.12/site-packages/airflow/example_dags/example_bash_operator.py took 0.075 seconds
[2025-03-04T07:07:03.899+0000] {processor.py:186} INFO - Started process (PID=2152) to work on /home/airflow/.local/lib/python3.12/site-packages/airflow/example_dags/example_bash_operator.py
[2025-03-04T07:07:03.900+0000] {processor.py:914} INFO - Processing file /home/airflow/.local/lib/python3.12/site-packages/airflow/example_dags/example_bash_operator.py for tasks to queue
[2025-03-04T07:07:03.902+0000] {logging_mixin.py:190} INFO - [2025-03-04T07:07:03.902+0000] {dagbag.py:588} INFO - Filling up the DagBag from /home/airflow/.local/lib/python3.12/site-packages/airflow/example_dags/example_bash_operator.py
[2025-03-04T07:07:03.917+0000] {processor.py:925} INFO - DAG(s) 'example_bash_operator' retrieved from /home/airflow/.local/lib/python3.12/site-packages/airflow/example_dags/example_bash_operator.py
[2025-03-04T07:07:03.945+0000] {logging_mixin.py:190} INFO - [2025-03-04T07:07:03.944+0000] {dag.py:3239} INFO - Sync 1 DAGs
[2025-03-04T07:07:03.967+0000] {logging_mixin.py:190} INFO - [2025-03-04T07:07:03.967+0000] {dag.py:4180} INFO - Setting next_dagrun for example_bash_operator to 2025-03-03 00:00:00+00:00, run_after=2025-03-04 00:00:00+00:00
[2025-03-04T07:07:03.984+0000] {processor.py:208} INFO - Processing /home/airflow/.local/lib/python3.12/site-packages/airflow/example_dags/example_bash_operator.py took 0.092 seconds
[2025-03-04T07:07:34.225+0000] {processor.py:186} INFO - Started process (PID=2226) to work on /home/airflow/.local/lib/python3.12/site-packages/airflow/example_dags/example_bash_operator.py
[2025-03-04T07:07:34.226+0000] {processor.py:914} INFO - Processing file /home/airflow/.local/lib/python3.12/site-packages/airflow/example_dags/example_bash_operator.py for tasks to queue
[2025-03-04T07:07:34.227+0000] {logging_mixin.py:190} INFO - [2025-03-04T07:07:34.227+0000] {dagbag.py:588} INFO - Filling up the DagBag from /home/airflow/.local/lib/python3.12/site-packages/airflow/example_dags/example_bash_operator.py
[2025-03-04T07:07:34.237+0000] {processor.py:925} INFO - DAG(s) 'example_bash_operator' retrieved from /home/airflow/.local/lib/python3.12/site-packages/airflow/example_dags/example_bash_operator.py
[2025-03-04T07:07:34.257+0000] {logging_mixin.py:190} INFO - [2025-03-04T07:07:34.257+0000] {dag.py:3239} INFO - Sync 1 DAGs
[2025-03-04T07:07:34.276+0000] {logging_mixin.py:190} INFO - [2025-03-04T07:07:34.276+0000] {dag.py:4180} INFO - Setting next_dagrun for example_bash_operator to 2025-03-03 00:00:00+00:00, run_after=2025-03-04 00:00:00+00:00
[2025-03-04T07:07:34.291+0000] {processor.py:208} INFO - Processing /home/airflow/.local/lib/python3.12/site-packages/airflow/example_dags/example_bash_operator.py took 0.070 seconds
[2025-03-04T07:08:04.582+0000] {processor.py:186} INFO - Started process (PID=2308) to work on /home/airflow/.local/lib/python3.12/site-packages/airflow/example_dags/example_bash_operator.py
[2025-03-04T07:08:04.582+0000] {processor.py:914} INFO - Processing file /home/airflow/.local/lib/python3.12/site-packages/airflow/example_dags/example_bash_operator.py for tasks to queue
[2025-03-04T07:08:04.584+0000] {logging_mixin.py:190} INFO - [2025-03-04T07:08:04.583+0000] {dagbag.py:588} INFO - Filling up the DagBag from /home/airflow/.local/lib/python3.12/site-packages/airflow/example_dags/example_bash_operator.py
[2025-03-04T07:08:04.596+0000] {processor.py:925} INFO - DAG(s) 'example_bash_operator' retrieved from /home/airflow/.local/lib/python3.12/site-packages/airflow/example_dags/example_bash_operator.py
[2025-03-04T07:08:04.624+0000] {logging_mixin.py:190} INFO - [2025-03-04T07:08:04.624+0000] {dag.py:3239} INFO - Sync 1 DAGs
[2025-03-04T07:08:04.657+0000] {logging_mixin.py:190} INFO - [2025-03-04T07:08:04.656+0000] {dag.py:4180} INFO - Setting next_dagrun for example_bash_operator to 2025-03-03 00:00:00+00:00, run_after=2025-03-04 00:00:00+00:00
[2025-03-04T07:08:04.680+0000] {processor.py:208} INFO - Processing /home/airflow/.local/lib/python3.12/site-packages/airflow/example_dags/example_bash_operator.py took 0.104 seconds
[2025-03-04T07:08:34.959+0000] {processor.py:186} INFO - Started process (PID=2382) to work on /home/airflow/.local/lib/python3.12/site-packages/airflow/example_dags/example_bash_operator.py
[2025-03-04T07:08:34.961+0000] {processor.py:914} INFO - Processing file /home/airflow/.local/lib/python3.12/site-packages/airflow/example_dags/example_bash_operator.py for tasks to queue
[2025-03-04T07:08:34.963+0000] {logging_mixin.py:190} INFO - [2025-03-04T07:08:34.962+0000] {dagbag.py:588} INFO - Filling up the DagBag from /home/airflow/.local/lib/python3.12/site-packages/airflow/example_dags/example_bash_operator.py
[2025-03-04T07:08:34.975+0000] {processor.py:925} INFO - DAG(s) 'example_bash_operator' retrieved from /home/airflow/.local/lib/python3.12/site-packages/airflow/example_dags/example_bash_operator.py
[2025-03-04T07:08:35.000+0000] {logging_mixin.py:190} INFO - [2025-03-04T07:08:35.000+0000] {dag.py:3239} INFO - Sync 1 DAGs
[2025-03-04T07:08:35.024+0000] {logging_mixin.py:190} INFO - [2025-03-04T07:08:35.023+0000] {dag.py:4180} INFO - Setting next_dagrun for example_bash_operator to 2025-03-03 00:00:00+00:00, run_after=2025-03-04 00:00:00+00:00
[2025-03-04T07:08:35.040+0000] {processor.py:208} INFO - Processing /home/airflow/.local/lib/python3.12/site-packages/airflow/example_dags/example_bash_operator.py took 0.086 seconds
[2025-03-04T07:09:05.353+0000] {processor.py:186} INFO - Started process (PID=2457) to work on /home/airflow/.local/lib/python3.12/site-packages/airflow/example_dags/example_bash_operator.py
[2025-03-04T07:09:05.356+0000] {processor.py:914} INFO - Processing file /home/airflow/.local/lib/python3.12/site-packages/airflow/example_dags/example_bash_operator.py for tasks to queue
[2025-03-04T07:09:05.358+0000] {logging_mixin.py:190} INFO - [2025-03-04T07:09:05.357+0000] {dagbag.py:588} INFO - Filling up the DagBag from /home/airflow/.local/lib/python3.12/site-packages/airflow/example_dags/example_bash_operator.py
[2025-03-04T07:09:05.370+0000] {processor.py:925} INFO - DAG(s) 'example_bash_operator' retrieved from /home/airflow/.local/lib/python3.12/site-packages/airflow/example_dags/example_bash_operator.py
[2025-03-04T07:09:05.393+0000] {logging_mixin.py:190} INFO - [2025-03-04T07:09:05.393+0000] {dag.py:3239} INFO - Sync 1 DAGs
[2025-03-04T07:09:05.413+0000] {logging_mixin.py:190} INFO - [2025-03-04T07:09:05.413+0000] {dag.py:4180} INFO - Setting next_dagrun for example_bash_operator to 2025-03-03 00:00:00+00:00, run_after=2025-03-04 00:00:00+00:00
[2025-03-04T07:09:05.433+0000] {processor.py:208} INFO - Processing /home/airflow/.local/lib/python3.12/site-packages/airflow/example_dags/example_bash_operator.py took 0.085 seconds
[2025-03-04T07:09:35.883+0000] {processor.py:186} INFO - Started process (PID=2539) to work on /home/airflow/.local/lib/python3.12/site-packages/airflow/example_dags/example_bash_operator.py
[2025-03-04T07:09:35.884+0000] {processor.py:914} INFO - Processing file /home/airflow/.local/lib/python3.12/site-packages/airflow/example_dags/example_bash_operator.py for tasks to queue
[2025-03-04T07:09:35.885+0000] {logging_mixin.py:190} INFO - [2025-03-04T07:09:35.885+0000] {dagbag.py:588} INFO - Filling up the DagBag from /home/airflow/.local/lib/python3.12/site-packages/airflow/example_dags/example_bash_operator.py
[2025-03-04T07:09:35.896+0000] {processor.py:925} INFO - DAG(s) 'example_bash_operator' retrieved from /home/airflow/.local/lib/python3.12/site-packages/airflow/example_dags/example_bash_operator.py
[2025-03-04T07:09:35.917+0000] {logging_mixin.py:190} INFO - [2025-03-04T07:09:35.917+0000] {dag.py:3239} INFO - Sync 1 DAGs
[2025-03-04T07:09:35.936+0000] {logging_mixin.py:190} INFO - [2025-03-04T07:09:35.936+0000] {dag.py:4180} INFO - Setting next_dagrun for example_bash_operator to 2025-03-03 00:00:00+00:00, run_after=2025-03-04 00:00:00+00:00
[2025-03-04T07:09:35.954+0000] {processor.py:208} INFO - Processing /home/airflow/.local/lib/python3.12/site-packages/airflow/example_dags/example_bash_operator.py took 0.077 seconds
[2025-03-04T07:10:06.341+0000] {processor.py:186} INFO - Started process (PID=2613) to work on /home/airflow/.local/lib/python3.12/site-packages/airflow/example_dags/example_bash_operator.py
[2025-03-04T07:10:06.342+0000] {processor.py:914} INFO - Processing file /home/airflow/.local/lib/python3.12/site-packages/airflow/example_dags/example_bash_operator.py for tasks to queue
[2025-03-04T07:10:06.344+0000] {logging_mixin.py:190} INFO - [2025-03-04T07:10:06.344+0000] {dagbag.py:588} INFO - Filling up the DagBag from /home/airflow/.local/lib/python3.12/site-packages/airflow/example_dags/example_bash_operator.py
[2025-03-04T07:10:06.360+0000] {processor.py:925} INFO - DAG(s) 'example_bash_operator' retrieved from /home/airflow/.local/lib/python3.12/site-packages/airflow/example_dags/example_bash_operator.py
[2025-03-04T07:10:06.384+0000] {logging_mixin.py:190} INFO - [2025-03-04T07:10:06.384+0000] {dag.py:3239} INFO - Sync 1 DAGs
[2025-03-04T07:10:06.403+0000] {logging_mixin.py:190} INFO - [2025-03-04T07:10:06.403+0000] {dag.py:4180} INFO - Setting next_dagrun for example_bash_operator to 2025-03-03 00:00:00+00:00, run_after=2025-03-04 00:00:00+00:00
[2025-03-04T07:10:06.419+0000] {processor.py:208} INFO - Processing /home/airflow/.local/lib/python3.12/site-packages/airflow/example_dags/example_bash_operator.py took 0.088 seconds
[2025-03-04T07:10:36.696+0000] {processor.py:186} INFO - Started process (PID=2694) to work on /home/airflow/.local/lib/python3.12/site-packages/airflow/example_dags/example_bash_operator.py
[2025-03-04T07:10:36.697+0000] {processor.py:914} INFO - Processing file /home/airflow/.local/lib/python3.12/site-packages/airflow/example_dags/example_bash_operator.py for tasks to queue
[2025-03-04T07:10:36.699+0000] {logging_mixin.py:190} INFO - [2025-03-04T07:10:36.698+0000] {dagbag.py:588} INFO - Filling up the DagBag from /home/airflow/.local/lib/python3.12/site-packages/airflow/example_dags/example_bash_operator.py
[2025-03-04T07:10:36.709+0000] {processor.py:925} INFO - DAG(s) 'example_bash_operator' retrieved from /home/airflow/.local/lib/python3.12/site-packages/airflow/example_dags/example_bash_operator.py
[2025-03-04T07:10:36.731+0000] {logging_mixin.py:190} INFO - [2025-03-04T07:10:36.730+0000] {dag.py:3239} INFO - Sync 1 DAGs
[2025-03-04T07:10:36.749+0000] {logging_mixin.py:190} INFO - [2025-03-04T07:10:36.749+0000] {dag.py:4180} INFO - Setting next_dagrun for example_bash_operator to 2025-03-03 00:00:00+00:00, run_after=2025-03-04 00:00:00+00:00
[2025-03-04T07:10:36.763+0000] {processor.py:208} INFO - Processing /home/airflow/.local/lib/python3.12/site-packages/airflow/example_dags/example_bash_operator.py took 0.072 seconds
[2025-03-04T07:11:07.004+0000] {processor.py:186} INFO - Started process (PID=2769) to work on /home/airflow/.local/lib/python3.12/site-packages/airflow/example_dags/example_bash_operator.py
[2025-03-04T07:11:07.005+0000] {processor.py:914} INFO - Processing file /home/airflow/.local/lib/python3.12/site-packages/airflow/example_dags/example_bash_operator.py for tasks to queue
[2025-03-04T07:11:07.006+0000] {logging_mixin.py:190} INFO - [2025-03-04T07:11:07.006+0000] {dagbag.py:588} INFO - Filling up the DagBag from /home/airflow/.local/lib/python3.12/site-packages/airflow/example_dags/example_bash_operator.py
[2025-03-04T07:11:07.018+0000] {processor.py:925} INFO - DAG(s) 'example_bash_operator' retrieved from /home/airflow/.local/lib/python3.12/site-packages/airflow/example_dags/example_bash_operator.py
[2025-03-04T07:11:07.044+0000] {logging_mixin.py:190} INFO - [2025-03-04T07:11:07.044+0000] {dag.py:3239} INFO - Sync 1 DAGs
[2025-03-04T07:11:07.068+0000] {logging_mixin.py:190} INFO - [2025-03-04T07:11:07.067+0000] {dag.py:4180} INFO - Setting next_dagrun for example_bash_operator to 2025-03-03 00:00:00+00:00, run_after=2025-03-04 00:00:00+00:00
[2025-03-04T07:11:07.087+0000] {processor.py:208} INFO - Processing /home/airflow/.local/lib/python3.12/site-packages/airflow/example_dags/example_bash_operator.py took 0.089 seconds
[2025-03-04T07:11:37.211+0000] {processor.py:186} INFO - Started process (PID=2850) to work on /home/airflow/.local/lib/python3.12/site-packages/airflow/example_dags/example_bash_operator.py
[2025-03-04T07:11:37.213+0000] {processor.py:914} INFO - Processing file /home/airflow/.local/lib/python3.12/site-packages/airflow/example_dags/example_bash_operator.py for tasks to queue
[2025-03-04T07:11:37.215+0000] {logging_mixin.py:190} INFO - [2025-03-04T07:11:37.214+0000] {dagbag.py:588} INFO - Filling up the DagBag from /home/airflow/.local/lib/python3.12/site-packages/airflow/example_dags/example_bash_operator.py
[2025-03-04T07:11:37.229+0000] {processor.py:925} INFO - DAG(s) 'example_bash_operator' retrieved from /home/airflow/.local/lib/python3.12/site-packages/airflow/example_dags/example_bash_operator.py
[2025-03-04T07:11:37.257+0000] {logging_mixin.py:190} INFO - [2025-03-04T07:11:37.257+0000] {dag.py:3239} INFO - Sync 1 DAGs
[2025-03-04T07:11:37.284+0000] {logging_mixin.py:190} INFO - [2025-03-04T07:11:37.284+0000] {dag.py:4180} INFO - Setting next_dagrun for example_bash_operator to 2025-03-03 00:00:00+00:00, run_after=2025-03-04 00:00:00+00:00
[2025-03-04T07:11:37.302+0000] {processor.py:208} INFO - Processing /home/airflow/.local/lib/python3.12/site-packages/airflow/example_dags/example_bash_operator.py took 0.097 seconds
[2025-03-04T07:12:08.072+0000] {processor.py:186} INFO - Started process (PID=2923) to work on /home/airflow/.local/lib/python3.12/site-packages/airflow/example_dags/example_bash_operator.py
[2025-03-04T07:12:08.073+0000] {processor.py:914} INFO - Processing file /home/airflow/.local/lib/python3.12/site-packages/airflow/example_dags/example_bash_operator.py for tasks to queue
[2025-03-04T07:12:08.074+0000] {logging_mixin.py:190} INFO - [2025-03-04T07:12:08.074+0000] {dagbag.py:588} INFO - Filling up the DagBag from /home/airflow/.local/lib/python3.12/site-packages/airflow/example_dags/example_bash_operator.py
[2025-03-04T07:12:08.085+0000] {processor.py:925} INFO - DAG(s) 'example_bash_operator' retrieved from /home/airflow/.local/lib/python3.12/site-packages/airflow/example_dags/example_bash_operator.py
[2025-03-04T07:12:08.106+0000] {logging_mixin.py:190} INFO - [2025-03-04T07:12:08.106+0000] {dag.py:3239} INFO - Sync 1 DAGs
[2025-03-04T07:12:08.127+0000] {logging_mixin.py:190} INFO - [2025-03-04T07:12:08.127+0000] {dag.py:4180} INFO - Setting next_dagrun for example_bash_operator to 2025-03-03 00:00:00+00:00, run_after=2025-03-04 00:00:00+00:00
[2025-03-04T07:12:08.143+0000] {processor.py:208} INFO - Processing /home/airflow/.local/lib/python3.12/site-packages/airflow/example_dags/example_bash_operator.py took 0.076 seconds
[2025-03-04T07:12:38.521+0000] {processor.py:186} INFO - Started process (PID=2996) to work on /home/airflow/.local/lib/python3.12/site-packages/airflow/example_dags/example_bash_operator.py
[2025-03-04T07:12:38.524+0000] {processor.py:914} INFO - Processing file /home/airflow/.local/lib/python3.12/site-packages/airflow/example_dags/example_bash_operator.py for tasks to queue
[2025-03-04T07:12:38.528+0000] {logging_mixin.py:190} INFO - [2025-03-04T07:12:38.527+0000] {dagbag.py:588} INFO - Filling up the DagBag from /home/airflow/.local/lib/python3.12/site-packages/airflow/example_dags/example_bash_operator.py
[2025-03-04T07:12:38.545+0000] {processor.py:925} INFO - DAG(s) 'example_bash_operator' retrieved from /home/airflow/.local/lib/python3.12/site-packages/airflow/example_dags/example_bash_operator.py
[2025-03-04T07:12:38.574+0000] {logging_mixin.py:190} INFO - [2025-03-04T07:12:38.574+0000] {dag.py:3239} INFO - Sync 1 DAGs
[2025-03-04T07:12:38.599+0000] {logging_mixin.py:190} INFO - [2025-03-04T07:12:38.599+0000] {dag.py:4180} INFO - Setting next_dagrun for example_bash_operator to 2025-03-03 00:00:00+00:00, run_after=2025-03-04 00:00:00+00:00
[2025-03-04T07:12:38.616+0000] {processor.py:208} INFO - Processing /home/airflow/.local/lib/python3.12/site-packages/airflow/example_dags/example_bash_operator.py took 0.105 seconds
[2025-03-04T07:13:09.124+0000] {processor.py:186} INFO - Started process (PID=3077) to work on /home/airflow/.local/lib/python3.12/site-packages/airflow/example_dags/example_bash_operator.py
[2025-03-04T07:13:09.126+0000] {processor.py:914} INFO - Processing file /home/airflow/.local/lib/python3.12/site-packages/airflow/example_dags/example_bash_operator.py for tasks to queue
[2025-03-04T07:13:09.129+0000] {logging_mixin.py:190} INFO - [2025-03-04T07:13:09.128+0000] {dagbag.py:588} INFO - Filling up the DagBag from /home/airflow/.local/lib/python3.12/site-packages/airflow/example_dags/example_bash_operator.py
[2025-03-04T07:13:09.164+0000] {processor.py:925} INFO - DAG(s) 'example_bash_operator' retrieved from /home/airflow/.local/lib/python3.12/site-packages/airflow/example_dags/example_bash_operator.py
[2025-03-04T07:13:09.219+0000] {logging_mixin.py:190} INFO - [2025-03-04T07:13:09.218+0000] {dag.py:3239} INFO - Sync 1 DAGs
[2025-03-04T07:13:09.267+0000] {logging_mixin.py:190} INFO - [2025-03-04T07:13:09.266+0000] {dag.py:4180} INFO - Setting next_dagrun for example_bash_operator to 2025-03-03 00:00:00+00:00, run_after=2025-03-04 00:00:00+00:00
[2025-03-04T07:13:09.305+0000] {processor.py:208} INFO - Processing /home/airflow/.local/lib/python3.12/site-packages/airflow/example_dags/example_bash_operator.py took 0.194 seconds
[2025-03-04T07:13:39.392+0000] {processor.py:186} INFO - Started process (PID=3150) to work on /home/airflow/.local/lib/python3.12/site-packages/airflow/example_dags/example_bash_operator.py
[2025-03-04T07:13:39.394+0000] {processor.py:914} INFO - Processing file /home/airflow/.local/lib/python3.12/site-packages/airflow/example_dags/example_bash_operator.py for tasks to queue
[2025-03-04T07:13:39.396+0000] {logging_mixin.py:190} INFO - [2025-03-04T07:13:39.395+0000] {dagbag.py:588} INFO - Filling up the DagBag from /home/airflow/.local/lib/python3.12/site-packages/airflow/example_dags/example_bash_operator.py
[2025-03-04T07:13:39.410+0000] {processor.py:925} INFO - DAG(s) 'example_bash_operator' retrieved from /home/airflow/.local/lib/python3.12/site-packages/airflow/example_dags/example_bash_operator.py
[2025-03-04T07:13:39.442+0000] {logging_mixin.py:190} INFO - [2025-03-04T07:13:39.441+0000] {dag.py:3239} INFO - Sync 1 DAGs
[2025-03-04T07:13:39.471+0000] {logging_mixin.py:190} INFO - [2025-03-04T07:13:39.470+0000] {dag.py:4180} INFO - Setting next_dagrun for example_bash_operator to 2025-03-03 00:00:00+00:00, run_after=2025-03-04 00:00:00+00:00
[2025-03-04T07:13:39.493+0000] {processor.py:208} INFO - Processing /home/airflow/.local/lib/python3.12/site-packages/airflow/example_dags/example_bash_operator.py took 0.107 seconds
[2025-03-04T07:14:10.067+0000] {processor.py:186} INFO - Started process (PID=3224) to work on /home/airflow/.local/lib/python3.12/site-packages/airflow/example_dags/example_bash_operator.py
[2025-03-04T07:14:10.069+0000] {processor.py:914} INFO - Processing file /home/airflow/.local/lib/python3.12/site-packages/airflow/example_dags/example_bash_operator.py for tasks to queue
[2025-03-04T07:14:10.071+0000] {logging_mixin.py:190} INFO - [2025-03-04T07:14:10.071+0000] {dagbag.py:588} INFO - Filling up the DagBag from /home/airflow/.local/lib/python3.12/site-packages/airflow/example_dags/example_bash_operator.py
[2025-03-04T07:14:10.086+0000] {processor.py:925} INFO - DAG(s) 'example_bash_operator' retrieved from /home/airflow/.local/lib/python3.12/site-packages/airflow/example_dags/example_bash_operator.py
[2025-03-04T07:14:10.115+0000] {logging_mixin.py:190} INFO - [2025-03-04T07:14:10.115+0000] {dag.py:3239} INFO - Sync 1 DAGs
[2025-03-04T07:14:10.142+0000] {logging_mixin.py:190} INFO - [2025-03-04T07:14:10.141+0000] {dag.py:4180} INFO - Setting next_dagrun for example_bash_operator to 2025-03-03 00:00:00+00:00, run_after=2025-03-04 00:00:00+00:00
[2025-03-04T07:14:10.163+0000] {processor.py:208} INFO - Processing /home/airflow/.local/lib/python3.12/site-packages/airflow/example_dags/example_bash_operator.py took 0.104 seconds
[2025-03-04T07:14:40.325+0000] {processor.py:186} INFO - Started process (PID=3314) to work on /home/airflow/.local/lib/python3.12/site-packages/airflow/example_dags/example_bash_operator.py
[2025-03-04T07:14:40.327+0000] {processor.py:914} INFO - Processing file /home/airflow/.local/lib/python3.12/site-packages/airflow/example_dags/example_bash_operator.py for tasks to queue
[2025-03-04T07:14:40.330+0000] {logging_mixin.py:190} INFO - [2025-03-04T07:14:40.329+0000] {dagbag.py:588} INFO - Filling up the DagBag from /home/airflow/.local/lib/python3.12/site-packages/airflow/example_dags/example_bash_operator.py
[2025-03-04T07:14:40.350+0000] {processor.py:925} INFO - DAG(s) 'example_bash_operator' retrieved from /home/airflow/.local/lib/python3.12/site-packages/airflow/example_dags/example_bash_operator.py
[2025-03-04T07:14:40.392+0000] {logging_mixin.py:190} INFO - [2025-03-04T07:14:40.392+0000] {dag.py:3239} INFO - Sync 1 DAGs
[2025-03-04T07:14:40.426+0000] {logging_mixin.py:190} INFO - [2025-03-04T07:14:40.426+0000] {dag.py:4180} INFO - Setting next_dagrun for example_bash_operator to 2025-03-03 00:00:00+00:00, run_after=2025-03-04 00:00:00+00:00
[2025-03-04T07:14:40.450+0000] {processor.py:208} INFO - Processing /home/airflow/.local/lib/python3.12/site-packages/airflow/example_dags/example_bash_operator.py took 0.135 seconds
[2025-03-04T07:15:10.552+0000] {processor.py:186} INFO - Started process (PID=3388) to work on /home/airflow/.local/lib/python3.12/site-packages/airflow/example_dags/example_bash_operator.py
[2025-03-04T07:15:10.554+0000] {processor.py:914} INFO - Processing file /home/airflow/.local/lib/python3.12/site-packages/airflow/example_dags/example_bash_operator.py for tasks to queue
[2025-03-04T07:15:10.555+0000] {logging_mixin.py:190} INFO - [2025-03-04T07:15:10.555+0000] {dagbag.py:588} INFO - Filling up the DagBag from /home/airflow/.local/lib/python3.12/site-packages/airflow/example_dags/example_bash_operator.py
[2025-03-04T07:15:10.567+0000] {processor.py:925} INFO - DAG(s) 'example_bash_operator' retrieved from /home/airflow/.local/lib/python3.12/site-packages/airflow/example_dags/example_bash_operator.py
[2025-03-04T07:15:10.592+0000] {logging_mixin.py:190} INFO - [2025-03-04T07:15:10.592+0000] {dag.py:3239} INFO - Sync 1 DAGs
[2025-03-04T07:15:10.614+0000] {logging_mixin.py:190} INFO - [2025-03-04T07:15:10.614+0000] {dag.py:4180} INFO - Setting next_dagrun for example_bash_operator to 2025-03-03 00:00:00+00:00, run_after=2025-03-04 00:00:00+00:00
[2025-03-04T07:15:10.630+0000] {processor.py:208} INFO - Processing /home/airflow/.local/lib/python3.12/site-packages/airflow/example_dags/example_bash_operator.py took 0.084 seconds
[2025-03-04T07:15:40.814+0000] {processor.py:186} INFO - Started process (PID=3462) to work on /home/airflow/.local/lib/python3.12/site-packages/airflow/example_dags/example_bash_operator.py
[2025-03-04T07:15:40.816+0000] {processor.py:914} INFO - Processing file /home/airflow/.local/lib/python3.12/site-packages/airflow/example_dags/example_bash_operator.py for tasks to queue
[2025-03-04T07:15:40.818+0000] {logging_mixin.py:190} INFO - [2025-03-04T07:15:40.817+0000] {dagbag.py:588} INFO - Filling up the DagBag from /home/airflow/.local/lib/python3.12/site-packages/airflow/example_dags/example_bash_operator.py
[2025-03-04T07:15:40.830+0000] {processor.py:925} INFO - DAG(s) 'example_bash_operator' retrieved from /home/airflow/.local/lib/python3.12/site-packages/airflow/example_dags/example_bash_operator.py
[2025-03-04T07:15:40.856+0000] {logging_mixin.py:190} INFO - [2025-03-04T07:15:40.856+0000] {dag.py:3239} INFO - Sync 1 DAGs
[2025-03-04T07:15:40.879+0000] {logging_mixin.py:190} INFO - [2025-03-04T07:15:40.878+0000] {dag.py:4180} INFO - Setting next_dagrun for example_bash_operator to 2025-03-03 00:00:00+00:00, run_after=2025-03-04 00:00:00+00:00
[2025-03-04T07:15:40.895+0000] {processor.py:208} INFO - Processing /home/airflow/.local/lib/python3.12/site-packages/airflow/example_dags/example_bash_operator.py took 0.086 seconds
[2025-03-04T07:16:11.536+0000] {processor.py:186} INFO - Started process (PID=3544) to work on /home/airflow/.local/lib/python3.12/site-packages/airflow/example_dags/example_bash_operator.py
[2025-03-04T07:16:11.537+0000] {processor.py:914} INFO - Processing file /home/airflow/.local/lib/python3.12/site-packages/airflow/example_dags/example_bash_operator.py for tasks to queue
[2025-03-04T07:16:11.539+0000] {logging_mixin.py:190} INFO - [2025-03-04T07:16:11.539+0000] {dagbag.py:588} INFO - Filling up the DagBag from /home/airflow/.local/lib/python3.12/site-packages/airflow/example_dags/example_bash_operator.py
[2025-03-04T07:16:11.555+0000] {processor.py:925} INFO - DAG(s) 'example_bash_operator' retrieved from /home/airflow/.local/lib/python3.12/site-packages/airflow/example_dags/example_bash_operator.py
[2025-03-04T07:16:11.585+0000] {logging_mixin.py:190} INFO - [2025-03-04T07:16:11.585+0000] {dag.py:3239} INFO - Sync 1 DAGs
[2025-03-04T07:16:11.618+0000] {logging_mixin.py:190} INFO - [2025-03-04T07:16:11.618+0000] {dag.py:4180} INFO - Setting next_dagrun for example_bash_operator to 2025-03-03 00:00:00+00:00, run_after=2025-03-04 00:00:00+00:00
[2025-03-04T07:16:11.637+0000] {processor.py:208} INFO - Processing /home/airflow/.local/lib/python3.12/site-packages/airflow/example_dags/example_bash_operator.py took 0.109 seconds
[2025-03-04T07:16:42.163+0000] {processor.py:186} INFO - Started process (PID=3618) to work on /home/airflow/.local/lib/python3.12/site-packages/airflow/example_dags/example_bash_operator.py
[2025-03-04T07:16:42.164+0000] {processor.py:914} INFO - Processing file /home/airflow/.local/lib/python3.12/site-packages/airflow/example_dags/example_bash_operator.py for tasks to queue
[2025-03-04T07:16:42.166+0000] {logging_mixin.py:190} INFO - [2025-03-04T07:16:42.166+0000] {dagbag.py:588} INFO - Filling up the DagBag from /home/airflow/.local/lib/python3.12/site-packages/airflow/example_dags/example_bash_operator.py
[2025-03-04T07:16:42.179+0000] {processor.py:925} INFO - DAG(s) 'example_bash_operator' retrieved from /home/airflow/.local/lib/python3.12/site-packages/airflow/example_dags/example_bash_operator.py
[2025-03-04T07:16:42.201+0000] {logging_mixin.py:190} INFO - [2025-03-04T07:16:42.201+0000] {dag.py:3239} INFO - Sync 1 DAGs
[2025-03-04T07:16:42.222+0000] {logging_mixin.py:190} INFO - [2025-03-04T07:16:42.222+0000] {dag.py:4180} INFO - Setting next_dagrun for example_bash_operator to 2025-03-03 00:00:00+00:00, run_after=2025-03-04 00:00:00+00:00
[2025-03-04T07:16:42.237+0000] {processor.py:208} INFO - Processing /home/airflow/.local/lib/python3.12/site-packages/airflow/example_dags/example_bash_operator.py took 0.081 seconds
[2025-03-04T07:17:12.689+0000] {processor.py:186} INFO - Started process (PID=3700) to work on /home/airflow/.local/lib/python3.12/site-packages/airflow/example_dags/example_bash_operator.py
[2025-03-04T07:17:12.690+0000] {processor.py:914} INFO - Processing file /home/airflow/.local/lib/python3.12/site-packages/airflow/example_dags/example_bash_operator.py for tasks to queue
[2025-03-04T07:17:12.692+0000] {logging_mixin.py:190} INFO - [2025-03-04T07:17:12.691+0000] {dagbag.py:588} INFO - Filling up the DagBag from /home/airflow/.local/lib/python3.12/site-packages/airflow/example_dags/example_bash_operator.py
[2025-03-04T07:17:12.703+0000] {processor.py:925} INFO - DAG(s) 'example_bash_operator' retrieved from /home/airflow/.local/lib/python3.12/site-packages/airflow/example_dags/example_bash_operator.py
[2025-03-04T07:17:12.724+0000] {logging_mixin.py:190} INFO - [2025-03-04T07:17:12.724+0000] {dag.py:3239} INFO - Sync 1 DAGs
[2025-03-04T07:17:12.743+0000] {logging_mixin.py:190} INFO - [2025-03-04T07:17:12.742+0000] {dag.py:4180} INFO - Setting next_dagrun for example_bash_operator to 2025-03-03 00:00:00+00:00, run_after=2025-03-04 00:00:00+00:00
[2025-03-04T07:17:12.757+0000] {processor.py:208} INFO - Processing /home/airflow/.local/lib/python3.12/site-packages/airflow/example_dags/example_bash_operator.py took 0.074 seconds
[2025-03-04T07:17:43.180+0000] {processor.py:186} INFO - Started process (PID=3775) to work on /home/airflow/.local/lib/python3.12/site-packages/airflow/example_dags/example_bash_operator.py
[2025-03-04T07:17:43.181+0000] {processor.py:914} INFO - Processing file /home/airflow/.local/lib/python3.12/site-packages/airflow/example_dags/example_bash_operator.py for tasks to queue
[2025-03-04T07:17:43.182+0000] {logging_mixin.py:190} INFO - [2025-03-04T07:17:43.182+0000] {dagbag.py:588} INFO - Filling up the DagBag from /home/airflow/.local/lib/python3.12/site-packages/airflow/example_dags/example_bash_operator.py
[2025-03-04T07:17:43.193+0000] {processor.py:925} INFO - DAG(s) 'example_bash_operator' retrieved from /home/airflow/.local/lib/python3.12/site-packages/airflow/example_dags/example_bash_operator.py
[2025-03-04T07:17:43.214+0000] {logging_mixin.py:190} INFO - [2025-03-04T07:17:43.213+0000] {dag.py:3239} INFO - Sync 1 DAGs
[2025-03-04T07:17:43.233+0000] {logging_mixin.py:190} INFO - [2025-03-04T07:17:43.233+0000] {dag.py:4180} INFO - Setting next_dagrun for example_bash_operator to 2025-03-03 00:00:00+00:00, run_after=2025-03-04 00:00:00+00:00
[2025-03-04T07:17:43.248+0000] {processor.py:208} INFO - Processing /home/airflow/.local/lib/python3.12/site-packages/airflow/example_dags/example_bash_operator.py took 0.074 seconds
[2025-03-04T07:18:13.666+0000] {processor.py:186} INFO - Started process (PID=3858) to work on /home/airflow/.local/lib/python3.12/site-packages/airflow/example_dags/example_bash_operator.py
[2025-03-04T07:18:13.668+0000] {processor.py:914} INFO - Processing file /home/airflow/.local/lib/python3.12/site-packages/airflow/example_dags/example_bash_operator.py for tasks to queue
[2025-03-04T07:18:13.669+0000] {logging_mixin.py:190} INFO - [2025-03-04T07:18:13.669+0000] {dagbag.py:588} INFO - Filling up the DagBag from /home/airflow/.local/lib/python3.12/site-packages/airflow/example_dags/example_bash_operator.py
[2025-03-04T07:18:13.681+0000] {processor.py:925} INFO - DAG(s) 'example_bash_operator' retrieved from /home/airflow/.local/lib/python3.12/site-packages/airflow/example_dags/example_bash_operator.py
[2025-03-04T07:18:13.703+0000] {logging_mixin.py:190} INFO - [2025-03-04T07:18:13.703+0000] {dag.py:3239} INFO - Sync 1 DAGs
[2025-03-04T07:18:13.721+0000] {logging_mixin.py:190} INFO - [2025-03-04T07:18:13.721+0000] {dag.py:4180} INFO - Setting next_dagrun for example_bash_operator to 2025-03-03 00:00:00+00:00, run_after=2025-03-04 00:00:00+00:00
[2025-03-04T07:18:13.738+0000] {processor.py:208} INFO - Processing /home/airflow/.local/lib/python3.12/site-packages/airflow/example_dags/example_bash_operator.py took 0.077 seconds
[2025-03-04T07:18:44.398+0000] {processor.py:186} INFO - Started process (PID=3932) to work on /home/airflow/.local/lib/python3.12/site-packages/airflow/example_dags/example_bash_operator.py
[2025-03-04T07:18:44.399+0000] {processor.py:914} INFO - Processing file /home/airflow/.local/lib/python3.12/site-packages/airflow/example_dags/example_bash_operator.py for tasks to queue
[2025-03-04T07:18:44.401+0000] {logging_mixin.py:190} INFO - [2025-03-04T07:18:44.400+0000] {dagbag.py:588} INFO - Filling up the DagBag from /home/airflow/.local/lib/python3.12/site-packages/airflow/example_dags/example_bash_operator.py
[2025-03-04T07:18:44.413+0000] {processor.py:925} INFO - DAG(s) 'example_bash_operator' retrieved from /home/airflow/.local/lib/python3.12/site-packages/airflow/example_dags/example_bash_operator.py
[2025-03-04T07:18:44.434+0000] {logging_mixin.py:190} INFO - [2025-03-04T07:18:44.434+0000] {dag.py:3239} INFO - Sync 1 DAGs
[2025-03-04T07:18:44.453+0000] {logging_mixin.py:190} INFO - [2025-03-04T07:18:44.453+0000] {dag.py:4180} INFO - Setting next_dagrun for example_bash_operator to 2025-03-03 00:00:00+00:00, run_after=2025-03-04 00:00:00+00:00
[2025-03-04T07:18:44.467+0000] {processor.py:208} INFO - Processing /home/airflow/.local/lib/python3.12/site-packages/airflow/example_dags/example_bash_operator.py took 0.073 seconds
