[2025-03-04T06:53:41.780+0000] {processor.py:186} INFO - Started process (PID=75) to work on /home/airflow/.local/lib/python3.12/site-packages/airflow/example_dags/example_local_kubernetes_executor.py
[2025-03-04T06:53:41.782+0000] {processor.py:914} INFO - Processing file /home/airflow/.local/lib/python3.12/site-packages/airflow/example_dags/example_local_kubernetes_executor.py for tasks to queue
[2025-03-04T06:53:41.786+0000] {logging_mixin.py:190} INFO - [2025-03-04T06:53:41.785+0000] {dagbag.py:588} INFO - Filling up the DagBag from /home/airflow/.local/lib/python3.12/site-packages/airflow/example_dags/example_local_kubernetes_executor.py
[2025-03-04T06:53:41.810+0000] {processor.py:925} INFO - DAG(s) 'example_local_kubernetes_executor' retrieved from /home/airflow/.local/lib/python3.12/site-packages/airflow/example_dags/example_local_kubernetes_executor.py
[2025-03-04T06:53:42.483+0000] {logging_mixin.py:190} INFO - [2025-03-04T06:53:42.481+0000] {override.py:1912} INFO - Created Permission View: can read on DAG:example_local_kubernetes_executor
[2025-03-04T06:53:42.500+0000] {logging_mixin.py:190} INFO - [2025-03-04T06:53:42.500+0000] {override.py:1912} INFO - Created Permission View: can edit on DAG:example_local_kubernetes_executor
[2025-03-04T06:53:42.513+0000] {logging_mixin.py:190} INFO - [2025-03-04T06:53:42.512+0000] {override.py:1912} INFO - Created Permission View: can delete on DAG:example_local_kubernetes_executor
[2025-03-04T06:53:42.528+0000] {logging_mixin.py:190} INFO - [2025-03-04T06:53:42.527+0000] {override.py:1912} INFO - Created Permission View: menu access on DAG Run:example_local_kubernetes_executor
[2025-03-04T06:53:42.541+0000] {logging_mixin.py:190} INFO - [2025-03-04T06:53:42.540+0000] {override.py:1912} INFO - Created Permission View: can read on DAG Run:example_local_kubernetes_executor
[2025-03-04T06:53:42.552+0000] {logging_mixin.py:190} INFO - [2025-03-04T06:53:42.552+0000] {override.py:1912} INFO - Created Permission View: can delete on DAG Run:example_local_kubernetes_executor
[2025-03-04T06:53:42.562+0000] {logging_mixin.py:190} INFO - [2025-03-04T06:53:42.562+0000] {override.py:1912} INFO - Created Permission View: can create on DAG Run:example_local_kubernetes_executor
[2025-03-04T06:53:42.563+0000] {logging_mixin.py:190} INFO - [2025-03-04T06:53:42.563+0000] {dag.py:3239} INFO - Sync 1 DAGs
[2025-03-04T06:53:42.585+0000] {logging_mixin.py:190} INFO - [2025-03-04T06:53:42.585+0000] {dag.py:3262} INFO - Creating ORM DAG for example_local_kubernetes_executor
[2025-03-04T06:53:42.586+0000] {logging_mixin.py:190} INFO - [2025-03-04T06:53:42.586+0000] {dag.py:4180} INFO - Setting next_dagrun for example_local_kubernetes_executor to None, run_after=None
[2025-03-04T06:53:42.614+0000] {processor.py:208} INFO - Processing /home/airflow/.local/lib/python3.12/site-packages/airflow/example_dags/example_local_kubernetes_executor.py took 0.844 seconds
[2025-03-04T06:54:13.463+0000] {processor.py:186} INFO - Started process (PID=149) to work on /home/airflow/.local/lib/python3.12/site-packages/airflow/example_dags/example_local_kubernetes_executor.py
[2025-03-04T06:54:13.464+0000] {processor.py:914} INFO - Processing file /home/airflow/.local/lib/python3.12/site-packages/airflow/example_dags/example_local_kubernetes_executor.py for tasks to queue
[2025-03-04T06:54:13.466+0000] {logging_mixin.py:190} INFO - [2025-03-04T06:54:13.466+0000] {dagbag.py:588} INFO - Filling up the DagBag from /home/airflow/.local/lib/python3.12/site-packages/airflow/example_dags/example_local_kubernetes_executor.py
[2025-03-04T06:54:13.475+0000] {processor.py:925} INFO - DAG(s) 'example_local_kubernetes_executor' retrieved from /home/airflow/.local/lib/python3.12/site-packages/airflow/example_dags/example_local_kubernetes_executor.py
[2025-03-04T06:54:13.492+0000] {logging_mixin.py:190} INFO - [2025-03-04T06:54:13.492+0000] {dag.py:3239} INFO - Sync 1 DAGs
[2025-03-04T06:54:13.508+0000] {logging_mixin.py:190} INFO - [2025-03-04T06:54:13.508+0000] {dag.py:4180} INFO - Setting next_dagrun for example_local_kubernetes_executor to None, run_after=None
[2025-03-04T06:54:13.528+0000] {processor.py:208} INFO - Processing /home/airflow/.local/lib/python3.12/site-packages/airflow/example_dags/example_local_kubernetes_executor.py took 0.073 seconds
[2025-03-04T06:54:43.728+0000] {processor.py:186} INFO - Started process (PID=231) to work on /home/airflow/.local/lib/python3.12/site-packages/airflow/example_dags/example_local_kubernetes_executor.py
[2025-03-04T06:54:43.730+0000] {processor.py:914} INFO - Processing file /home/airflow/.local/lib/python3.12/site-packages/airflow/example_dags/example_local_kubernetes_executor.py for tasks to queue
[2025-03-04T06:54:43.732+0000] {logging_mixin.py:190} INFO - [2025-03-04T06:54:43.732+0000] {dagbag.py:588} INFO - Filling up the DagBag from /home/airflow/.local/lib/python3.12/site-packages/airflow/example_dags/example_local_kubernetes_executor.py
[2025-03-04T06:54:43.744+0000] {processor.py:925} INFO - DAG(s) 'example_local_kubernetes_executor' retrieved from /home/airflow/.local/lib/python3.12/site-packages/airflow/example_dags/example_local_kubernetes_executor.py
[2025-03-04T06:54:43.769+0000] {logging_mixin.py:190} INFO - [2025-03-04T06:54:43.769+0000] {dag.py:3239} INFO - Sync 1 DAGs
[2025-03-04T06:54:43.784+0000] {logging_mixin.py:190} INFO - [2025-03-04T06:54:43.784+0000] {dag.py:4180} INFO - Setting next_dagrun for example_local_kubernetes_executor to None, run_after=None
[2025-03-04T06:54:43.804+0000] {processor.py:208} INFO - Processing /home/airflow/.local/lib/python3.12/site-packages/airflow/example_dags/example_local_kubernetes_executor.py took 0.082 seconds
[2025-03-04T06:55:14.340+0000] {processor.py:186} INFO - Started process (PID=306) to work on /home/airflow/.local/lib/python3.12/site-packages/airflow/example_dags/example_local_kubernetes_executor.py
[2025-03-04T06:55:14.342+0000] {processor.py:914} INFO - Processing file /home/airflow/.local/lib/python3.12/site-packages/airflow/example_dags/example_local_kubernetes_executor.py for tasks to queue
[2025-03-04T06:55:14.344+0000] {logging_mixin.py:190} INFO - [2025-03-04T06:55:14.343+0000] {dagbag.py:588} INFO - Filling up the DagBag from /home/airflow/.local/lib/python3.12/site-packages/airflow/example_dags/example_local_kubernetes_executor.py
[2025-03-04T06:55:14.350+0000] {processor.py:925} INFO - DAG(s) 'example_local_kubernetes_executor' retrieved from /home/airflow/.local/lib/python3.12/site-packages/airflow/example_dags/example_local_kubernetes_executor.py
[2025-03-04T06:55:14.367+0000] {logging_mixin.py:190} INFO - [2025-03-04T06:55:14.367+0000] {dag.py:3239} INFO - Sync 1 DAGs
[2025-03-04T06:55:14.378+0000] {logging_mixin.py:190} INFO - [2025-03-04T06:55:14.378+0000] {dag.py:4180} INFO - Setting next_dagrun for example_local_kubernetes_executor to None, run_after=None
[2025-03-04T06:55:14.394+0000] {processor.py:208} INFO - Processing /home/airflow/.local/lib/python3.12/site-packages/airflow/example_dags/example_local_kubernetes_executor.py took 0.059 seconds
[2025-03-04T06:55:44.550+0000] {processor.py:186} INFO - Started process (PID=388) to work on /home/airflow/.local/lib/python3.12/site-packages/airflow/example_dags/example_local_kubernetes_executor.py
[2025-03-04T06:55:44.553+0000] {processor.py:914} INFO - Processing file /home/airflow/.local/lib/python3.12/site-packages/airflow/example_dags/example_local_kubernetes_executor.py for tasks to queue
[2025-03-04T06:55:44.557+0000] {logging_mixin.py:190} INFO - [2025-03-04T06:55:44.557+0000] {dagbag.py:588} INFO - Filling up the DagBag from /home/airflow/.local/lib/python3.12/site-packages/airflow/example_dags/example_local_kubernetes_executor.py
[2025-03-04T06:55:44.565+0000] {processor.py:925} INFO - DAG(s) 'example_local_kubernetes_executor' retrieved from /home/airflow/.local/lib/python3.12/site-packages/airflow/example_dags/example_local_kubernetes_executor.py
[2025-03-04T06:55:44.582+0000] {logging_mixin.py:190} INFO - [2025-03-04T06:55:44.582+0000] {dag.py:3239} INFO - Sync 1 DAGs
[2025-03-04T06:55:44.594+0000] {logging_mixin.py:190} INFO - [2025-03-04T06:55:44.594+0000] {dag.py:4180} INFO - Setting next_dagrun for example_local_kubernetes_executor to None, run_after=None
[2025-03-04T06:55:44.611+0000] {processor.py:208} INFO - Processing /home/airflow/.local/lib/python3.12/site-packages/airflow/example_dags/example_local_kubernetes_executor.py took 0.066 seconds
[2025-03-04T06:56:15.421+0000] {processor.py:186} INFO - Started process (PID=464) to work on /home/airflow/.local/lib/python3.12/site-packages/airflow/example_dags/example_local_kubernetes_executor.py
[2025-03-04T06:56:15.422+0000] {processor.py:914} INFO - Processing file /home/airflow/.local/lib/python3.12/site-packages/airflow/example_dags/example_local_kubernetes_executor.py for tasks to queue
[2025-03-04T06:56:15.424+0000] {logging_mixin.py:190} INFO - [2025-03-04T06:56:15.424+0000] {dagbag.py:588} INFO - Filling up the DagBag from /home/airflow/.local/lib/python3.12/site-packages/airflow/example_dags/example_local_kubernetes_executor.py
[2025-03-04T06:56:15.431+0000] {processor.py:925} INFO - DAG(s) 'example_local_kubernetes_executor' retrieved from /home/airflow/.local/lib/python3.12/site-packages/airflow/example_dags/example_local_kubernetes_executor.py
[2025-03-04T06:56:15.446+0000] {logging_mixin.py:190} INFO - [2025-03-04T06:56:15.446+0000] {dag.py:3239} INFO - Sync 1 DAGs
[2025-03-04T06:56:15.456+0000] {logging_mixin.py:190} INFO - [2025-03-04T06:56:15.456+0000] {dag.py:4180} INFO - Setting next_dagrun for example_local_kubernetes_executor to None, run_after=None
[2025-03-04T06:56:15.473+0000] {processor.py:208} INFO - Processing /home/airflow/.local/lib/python3.12/site-packages/airflow/example_dags/example_local_kubernetes_executor.py took 0.056 seconds
[2025-03-04T06:56:46.149+0000] {processor.py:186} INFO - Started process (PID=539) to work on /home/airflow/.local/lib/python3.12/site-packages/airflow/example_dags/example_local_kubernetes_executor.py
[2025-03-04T06:56:46.150+0000] {processor.py:914} INFO - Processing file /home/airflow/.local/lib/python3.12/site-packages/airflow/example_dags/example_local_kubernetes_executor.py for tasks to queue
[2025-03-04T06:56:46.152+0000] {logging_mixin.py:190} INFO - [2025-03-04T06:56:46.152+0000] {dagbag.py:588} INFO - Filling up the DagBag from /home/airflow/.local/lib/python3.12/site-packages/airflow/example_dags/example_local_kubernetes_executor.py
[2025-03-04T06:56:46.162+0000] {processor.py:925} INFO - DAG(s) 'example_local_kubernetes_executor' retrieved from /home/airflow/.local/lib/python3.12/site-packages/airflow/example_dags/example_local_kubernetes_executor.py
[2025-03-04T06:56:46.181+0000] {logging_mixin.py:190} INFO - [2025-03-04T06:56:46.181+0000] {dag.py:3239} INFO - Sync 1 DAGs
[2025-03-04T06:56:46.194+0000] {logging_mixin.py:190} INFO - [2025-03-04T06:56:46.193+0000] {dag.py:4180} INFO - Setting next_dagrun for example_local_kubernetes_executor to None, run_after=None
[2025-03-04T06:56:46.213+0000] {processor.py:208} INFO - Processing /home/airflow/.local/lib/python3.12/site-packages/airflow/example_dags/example_local_kubernetes_executor.py took 0.069 seconds
[2025-03-04T06:57:16.734+0000] {processor.py:186} INFO - Started process (PID=622) to work on /home/airflow/.local/lib/python3.12/site-packages/airflow/example_dags/example_local_kubernetes_executor.py
[2025-03-04T06:57:16.735+0000] {processor.py:914} INFO - Processing file /home/airflow/.local/lib/python3.12/site-packages/airflow/example_dags/example_local_kubernetes_executor.py for tasks to queue
[2025-03-04T06:57:16.737+0000] {logging_mixin.py:190} INFO - [2025-03-04T06:57:16.736+0000] {dagbag.py:588} INFO - Filling up the DagBag from /home/airflow/.local/lib/python3.12/site-packages/airflow/example_dags/example_local_kubernetes_executor.py
[2025-03-04T06:57:16.745+0000] {processor.py:925} INFO - DAG(s) 'example_local_kubernetes_executor' retrieved from /home/airflow/.local/lib/python3.12/site-packages/airflow/example_dags/example_local_kubernetes_executor.py
[2025-03-04T06:57:16.763+0000] {logging_mixin.py:190} INFO - [2025-03-04T06:57:16.762+0000] {dag.py:3239} INFO - Sync 1 DAGs
[2025-03-04T06:57:16.773+0000] {logging_mixin.py:190} INFO - [2025-03-04T06:57:16.773+0000] {dag.py:4180} INFO - Setting next_dagrun for example_local_kubernetes_executor to None, run_after=None
[2025-03-04T06:57:16.789+0000] {processor.py:208} INFO - Processing /home/airflow/.local/lib/python3.12/site-packages/airflow/example_dags/example_local_kubernetes_executor.py took 0.060 seconds
[2025-03-04T06:57:46.867+0000] {processor.py:186} INFO - Started process (PID=697) to work on /home/airflow/.local/lib/python3.12/site-packages/airflow/example_dags/example_local_kubernetes_executor.py
[2025-03-04T06:57:46.868+0000] {processor.py:914} INFO - Processing file /home/airflow/.local/lib/python3.12/site-packages/airflow/example_dags/example_local_kubernetes_executor.py for tasks to queue
[2025-03-04T06:57:46.870+0000] {logging_mixin.py:190} INFO - [2025-03-04T06:57:46.870+0000] {dagbag.py:588} INFO - Filling up the DagBag from /home/airflow/.local/lib/python3.12/site-packages/airflow/example_dags/example_local_kubernetes_executor.py
[2025-03-04T06:57:46.877+0000] {processor.py:925} INFO - DAG(s) 'example_local_kubernetes_executor' retrieved from /home/airflow/.local/lib/python3.12/site-packages/airflow/example_dags/example_local_kubernetes_executor.py
[2025-03-04T06:57:46.893+0000] {logging_mixin.py:190} INFO - [2025-03-04T06:57:46.893+0000] {dag.py:3239} INFO - Sync 1 DAGs
[2025-03-04T06:57:46.903+0000] {logging_mixin.py:190} INFO - [2025-03-04T06:57:46.903+0000] {dag.py:4180} INFO - Setting next_dagrun for example_local_kubernetes_executor to None, run_after=None
[2025-03-04T06:57:46.919+0000] {processor.py:208} INFO - Processing /home/airflow/.local/lib/python3.12/site-packages/airflow/example_dags/example_local_kubernetes_executor.py took 0.056 seconds
[2025-03-04T06:58:17.534+0000] {processor.py:186} INFO - Started process (PID=779) to work on /home/airflow/.local/lib/python3.12/site-packages/airflow/example_dags/example_local_kubernetes_executor.py
[2025-03-04T06:58:17.536+0000] {processor.py:914} INFO - Processing file /home/airflow/.local/lib/python3.12/site-packages/airflow/example_dags/example_local_kubernetes_executor.py for tasks to queue
[2025-03-04T06:58:17.540+0000] {logging_mixin.py:190} INFO - [2025-03-04T06:58:17.540+0000] {dagbag.py:588} INFO - Filling up the DagBag from /home/airflow/.local/lib/python3.12/site-packages/airflow/example_dags/example_local_kubernetes_executor.py
[2025-03-04T06:58:17.559+0000] {processor.py:925} INFO - DAG(s) 'example_local_kubernetes_executor' retrieved from /home/airflow/.local/lib/python3.12/site-packages/airflow/example_dags/example_local_kubernetes_executor.py
[2025-03-04T06:58:17.595+0000] {logging_mixin.py:190} INFO - [2025-03-04T06:58:17.594+0000] {dag.py:3239} INFO - Sync 1 DAGs
[2025-03-04T06:58:17.618+0000] {logging_mixin.py:190} INFO - [2025-03-04T06:58:17.618+0000] {dag.py:4180} INFO - Setting next_dagrun for example_local_kubernetes_executor to None, run_after=None
[2025-03-04T06:58:17.649+0000] {processor.py:208} INFO - Processing /home/airflow/.local/lib/python3.12/site-packages/airflow/example_dags/example_local_kubernetes_executor.py took 0.124 seconds
[2025-03-04T06:58:47.946+0000] {processor.py:186} INFO - Started process (PID=857) to work on /home/airflow/.local/lib/python3.12/site-packages/airflow/example_dags/example_local_kubernetes_executor.py
[2025-03-04T06:58:47.949+0000] {processor.py:914} INFO - Processing file /home/airflow/.local/lib/python3.12/site-packages/airflow/example_dags/example_local_kubernetes_executor.py for tasks to queue
[2025-03-04T06:58:47.956+0000] {logging_mixin.py:190} INFO - [2025-03-04T06:58:47.956+0000] {dagbag.py:588} INFO - Filling up the DagBag from /home/airflow/.local/lib/python3.12/site-packages/airflow/example_dags/example_local_kubernetes_executor.py
[2025-03-04T06:58:47.969+0000] {processor.py:925} INFO - DAG(s) 'example_local_kubernetes_executor' retrieved from /home/airflow/.local/lib/python3.12/site-packages/airflow/example_dags/example_local_kubernetes_executor.py
[2025-03-04T06:58:47.990+0000] {logging_mixin.py:190} INFO - [2025-03-04T06:58:47.989+0000] {dag.py:3239} INFO - Sync 1 DAGs
[2025-03-04T06:58:48.004+0000] {logging_mixin.py:190} INFO - [2025-03-04T06:58:48.004+0000] {dag.py:4180} INFO - Setting next_dagrun for example_local_kubernetes_executor to None, run_after=None
[2025-03-04T06:58:48.032+0000] {processor.py:208} INFO - Processing /home/airflow/.local/lib/python3.12/site-packages/airflow/example_dags/example_local_kubernetes_executor.py took 0.091 seconds
[2025-03-04T06:59:18.073+0000] {processor.py:186} INFO - Started process (PID=933) to work on /home/airflow/.local/lib/python3.12/site-packages/airflow/example_dags/example_local_kubernetes_executor.py
[2025-03-04T06:59:18.074+0000] {processor.py:914} INFO - Processing file /home/airflow/.local/lib/python3.12/site-packages/airflow/example_dags/example_local_kubernetes_executor.py for tasks to queue
[2025-03-04T06:59:18.076+0000] {logging_mixin.py:190} INFO - [2025-03-04T06:59:18.076+0000] {dagbag.py:588} INFO - Filling up the DagBag from /home/airflow/.local/lib/python3.12/site-packages/airflow/example_dags/example_local_kubernetes_executor.py
[2025-03-04T06:59:18.084+0000] {processor.py:925} INFO - DAG(s) 'example_local_kubernetes_executor' retrieved from /home/airflow/.local/lib/python3.12/site-packages/airflow/example_dags/example_local_kubernetes_executor.py
[2025-03-04T06:59:18.098+0000] {logging_mixin.py:190} INFO - [2025-03-04T06:59:18.098+0000] {dag.py:3239} INFO - Sync 1 DAGs
[2025-03-04T06:59:18.109+0000] {logging_mixin.py:190} INFO - [2025-03-04T06:59:18.109+0000] {dag.py:4180} INFO - Setting next_dagrun for example_local_kubernetes_executor to None, run_after=None
[2025-03-04T06:59:18.124+0000] {processor.py:208} INFO - Processing /home/airflow/.local/lib/python3.12/site-packages/airflow/example_dags/example_local_kubernetes_executor.py took 0.056 seconds
[2025-03-04T06:59:49.015+0000] {processor.py:186} INFO - Started process (PID=1016) to work on /home/airflow/.local/lib/python3.12/site-packages/airflow/example_dags/example_local_kubernetes_executor.py
[2025-03-04T06:59:49.017+0000] {processor.py:914} INFO - Processing file /home/airflow/.local/lib/python3.12/site-packages/airflow/example_dags/example_local_kubernetes_executor.py for tasks to queue
[2025-03-04T06:59:49.021+0000] {logging_mixin.py:190} INFO - [2025-03-04T06:59:49.020+0000] {dagbag.py:588} INFO - Filling up the DagBag from /home/airflow/.local/lib/python3.12/site-packages/airflow/example_dags/example_local_kubernetes_executor.py
[2025-03-04T06:59:49.034+0000] {processor.py:925} INFO - DAG(s) 'example_local_kubernetes_executor' retrieved from /home/airflow/.local/lib/python3.12/site-packages/airflow/example_dags/example_local_kubernetes_executor.py
[2025-03-04T06:59:49.052+0000] {logging_mixin.py:190} INFO - [2025-03-04T06:59:49.052+0000] {dag.py:3239} INFO - Sync 1 DAGs
[2025-03-04T06:59:49.064+0000] {logging_mixin.py:190} INFO - [2025-03-04T06:59:49.064+0000] {dag.py:4180} INFO - Setting next_dagrun for example_local_kubernetes_executor to None, run_after=None
[2025-03-04T06:59:49.087+0000] {processor.py:208} INFO - Processing /home/airflow/.local/lib/python3.12/site-packages/airflow/example_dags/example_local_kubernetes_executor.py took 0.081 seconds
[2025-03-04T07:00:19.804+0000] {processor.py:186} INFO - Started process (PID=1092) to work on /home/airflow/.local/lib/python3.12/site-packages/airflow/example_dags/example_local_kubernetes_executor.py
[2025-03-04T07:00:19.805+0000] {processor.py:914} INFO - Processing file /home/airflow/.local/lib/python3.12/site-packages/airflow/example_dags/example_local_kubernetes_executor.py for tasks to queue
[2025-03-04T07:00:19.807+0000] {logging_mixin.py:190} INFO - [2025-03-04T07:00:19.807+0000] {dagbag.py:588} INFO - Filling up the DagBag from /home/airflow/.local/lib/python3.12/site-packages/airflow/example_dags/example_local_kubernetes_executor.py
[2025-03-04T07:00:19.816+0000] {processor.py:925} INFO - DAG(s) 'example_local_kubernetes_executor' retrieved from /home/airflow/.local/lib/python3.12/site-packages/airflow/example_dags/example_local_kubernetes_executor.py
[2025-03-04T07:00:19.833+0000] {logging_mixin.py:190} INFO - [2025-03-04T07:00:19.833+0000] {dag.py:3239} INFO - Sync 1 DAGs
[2025-03-04T07:00:19.844+0000] {logging_mixin.py:190} INFO - [2025-03-04T07:00:19.844+0000] {dag.py:4180} INFO - Setting next_dagrun for example_local_kubernetes_executor to None, run_after=None
[2025-03-04T07:00:19.864+0000] {processor.py:208} INFO - Processing /home/airflow/.local/lib/python3.12/site-packages/airflow/example_dags/example_local_kubernetes_executor.py took 0.064 seconds
[2025-03-04T07:00:50.179+0000] {processor.py:186} INFO - Started process (PID=1179) to work on /home/airflow/.local/lib/python3.12/site-packages/airflow/example_dags/example_local_kubernetes_executor.py
[2025-03-04T07:00:50.180+0000] {processor.py:914} INFO - Processing file /home/airflow/.local/lib/python3.12/site-packages/airflow/example_dags/example_local_kubernetes_executor.py for tasks to queue
[2025-03-04T07:00:50.181+0000] {logging_mixin.py:190} INFO - [2025-03-04T07:00:50.181+0000] {dagbag.py:588} INFO - Filling up the DagBag from /home/airflow/.local/lib/python3.12/site-packages/airflow/example_dags/example_local_kubernetes_executor.py
[2025-03-04T07:00:50.189+0000] {processor.py:925} INFO - DAG(s) 'example_local_kubernetes_executor' retrieved from /home/airflow/.local/lib/python3.12/site-packages/airflow/example_dags/example_local_kubernetes_executor.py
[2025-03-04T07:00:50.206+0000] {logging_mixin.py:190} INFO - [2025-03-04T07:00:50.206+0000] {dag.py:3239} INFO - Sync 1 DAGs
[2025-03-04T07:00:50.218+0000] {logging_mixin.py:190} INFO - [2025-03-04T07:00:50.218+0000] {dag.py:4180} INFO - Setting next_dagrun for example_local_kubernetes_executor to None, run_after=None
[2025-03-04T07:00:50.235+0000] {processor.py:208} INFO - Processing /home/airflow/.local/lib/python3.12/site-packages/airflow/example_dags/example_local_kubernetes_executor.py took 0.062 seconds
[2025-03-04T07:01:20.814+0000] {processor.py:186} INFO - Started process (PID=1256) to work on /home/airflow/.local/lib/python3.12/site-packages/airflow/example_dags/example_local_kubernetes_executor.py
[2025-03-04T07:01:20.816+0000] {processor.py:914} INFO - Processing file /home/airflow/.local/lib/python3.12/site-packages/airflow/example_dags/example_local_kubernetes_executor.py for tasks to queue
[2025-03-04T07:01:20.817+0000] {logging_mixin.py:190} INFO - [2025-03-04T07:01:20.817+0000] {dagbag.py:588} INFO - Filling up the DagBag from /home/airflow/.local/lib/python3.12/site-packages/airflow/example_dags/example_local_kubernetes_executor.py
[2025-03-04T07:01:20.826+0000] {processor.py:925} INFO - DAG(s) 'example_local_kubernetes_executor' retrieved from /home/airflow/.local/lib/python3.12/site-packages/airflow/example_dags/example_local_kubernetes_executor.py
[2025-03-04T07:01:20.844+0000] {logging_mixin.py:190} INFO - [2025-03-04T07:01:20.844+0000] {dag.py:3239} INFO - Sync 1 DAGs
[2025-03-04T07:01:20.858+0000] {logging_mixin.py:190} INFO - [2025-03-04T07:01:20.857+0000] {dag.py:4180} INFO - Setting next_dagrun for example_local_kubernetes_executor to None, run_after=None
[2025-03-04T07:01:20.875+0000] {processor.py:208} INFO - Processing /home/airflow/.local/lib/python3.12/site-packages/airflow/example_dags/example_local_kubernetes_executor.py took 0.065 seconds
[2025-03-04T07:01:51.189+0000] {processor.py:186} INFO - Started process (PID=1338) to work on /home/airflow/.local/lib/python3.12/site-packages/airflow/example_dags/example_local_kubernetes_executor.py
[2025-03-04T07:01:51.191+0000] {processor.py:914} INFO - Processing file /home/airflow/.local/lib/python3.12/site-packages/airflow/example_dags/example_local_kubernetes_executor.py for tasks to queue
[2025-03-04T07:01:51.193+0000] {logging_mixin.py:190} INFO - [2025-03-04T07:01:51.193+0000] {dagbag.py:588} INFO - Filling up the DagBag from /home/airflow/.local/lib/python3.12/site-packages/airflow/example_dags/example_local_kubernetes_executor.py
[2025-03-04T07:01:51.209+0000] {processor.py:925} INFO - DAG(s) 'example_local_kubernetes_executor' retrieved from /home/airflow/.local/lib/python3.12/site-packages/airflow/example_dags/example_local_kubernetes_executor.py
[2025-03-04T07:01:51.241+0000] {logging_mixin.py:190} INFO - [2025-03-04T07:01:51.241+0000] {dag.py:3239} INFO - Sync 1 DAGs
[2025-03-04T07:01:51.266+0000] {logging_mixin.py:190} INFO - [2025-03-04T07:01:51.266+0000] {dag.py:4180} INFO - Setting next_dagrun for example_local_kubernetes_executor to None, run_after=None
[2025-03-04T07:01:51.292+0000] {processor.py:208} INFO - Processing /home/airflow/.local/lib/python3.12/site-packages/airflow/example_dags/example_local_kubernetes_executor.py took 0.109 seconds
[2025-03-04T07:02:21.971+0000] {processor.py:186} INFO - Started process (PID=1415) to work on /home/airflow/.local/lib/python3.12/site-packages/airflow/example_dags/example_local_kubernetes_executor.py
[2025-03-04T07:02:21.972+0000] {processor.py:914} INFO - Processing file /home/airflow/.local/lib/python3.12/site-packages/airflow/example_dags/example_local_kubernetes_executor.py for tasks to queue
[2025-03-04T07:02:21.974+0000] {logging_mixin.py:190} INFO - [2025-03-04T07:02:21.974+0000] {dagbag.py:588} INFO - Filling up the DagBag from /home/airflow/.local/lib/python3.12/site-packages/airflow/example_dags/example_local_kubernetes_executor.py
[2025-03-04T07:02:21.987+0000] {processor.py:925} INFO - DAG(s) 'example_local_kubernetes_executor' retrieved from /home/airflow/.local/lib/python3.12/site-packages/airflow/example_dags/example_local_kubernetes_executor.py
[2025-03-04T07:02:22.007+0000] {logging_mixin.py:190} INFO - [2025-03-04T07:02:22.007+0000] {dag.py:3239} INFO - Sync 1 DAGs
[2025-03-04T07:02:22.020+0000] {logging_mixin.py:190} INFO - [2025-03-04T07:02:22.019+0000] {dag.py:4180} INFO - Setting next_dagrun for example_local_kubernetes_executor to None, run_after=None
[2025-03-04T07:02:22.037+0000] {processor.py:208} INFO - Processing /home/airflow/.local/lib/python3.12/site-packages/airflow/example_dags/example_local_kubernetes_executor.py took 0.072 seconds
[2025-03-04T07:02:52.481+0000] {processor.py:186} INFO - Started process (PID=1495) to work on /home/airflow/.local/lib/python3.12/site-packages/airflow/example_dags/example_local_kubernetes_executor.py
[2025-03-04T07:02:52.484+0000] {processor.py:914} INFO - Processing file /home/airflow/.local/lib/python3.12/site-packages/airflow/example_dags/example_local_kubernetes_executor.py for tasks to queue
[2025-03-04T07:02:52.487+0000] {logging_mixin.py:190} INFO - [2025-03-04T07:02:52.486+0000] {dagbag.py:588} INFO - Filling up the DagBag from /home/airflow/.local/lib/python3.12/site-packages/airflow/example_dags/example_local_kubernetes_executor.py
[2025-03-04T07:02:52.505+0000] {processor.py:925} INFO - DAG(s) 'example_local_kubernetes_executor' retrieved from /home/airflow/.local/lib/python3.12/site-packages/airflow/example_dags/example_local_kubernetes_executor.py
[2025-03-04T07:02:52.541+0000] {logging_mixin.py:190} INFO - [2025-03-04T07:02:52.540+0000] {dag.py:3239} INFO - Sync 1 DAGs
[2025-03-04T07:02:52.567+0000] {logging_mixin.py:190} INFO - [2025-03-04T07:02:52.567+0000] {dag.py:4180} INFO - Setting next_dagrun for example_local_kubernetes_executor to None, run_after=None
[2025-03-04T07:02:52.595+0000] {processor.py:208} INFO - Processing /home/airflow/.local/lib/python3.12/site-packages/airflow/example_dags/example_local_kubernetes_executor.py took 0.124 seconds
[2025-03-04T07:03:22.696+0000] {processor.py:186} INFO - Started process (PID=1578) to work on /home/airflow/.local/lib/python3.12/site-packages/airflow/example_dags/example_local_kubernetes_executor.py
[2025-03-04T07:03:22.698+0000] {processor.py:914} INFO - Processing file /home/airflow/.local/lib/python3.12/site-packages/airflow/example_dags/example_local_kubernetes_executor.py for tasks to queue
[2025-03-04T07:03:22.701+0000] {logging_mixin.py:190} INFO - [2025-03-04T07:03:22.700+0000] {dagbag.py:588} INFO - Filling up the DagBag from /home/airflow/.local/lib/python3.12/site-packages/airflow/example_dags/example_local_kubernetes_executor.py
[2025-03-04T07:03:22.713+0000] {processor.py:925} INFO - DAG(s) 'example_local_kubernetes_executor' retrieved from /home/airflow/.local/lib/python3.12/site-packages/airflow/example_dags/example_local_kubernetes_executor.py
[2025-03-04T07:03:22.735+0000] {logging_mixin.py:190} INFO - [2025-03-04T07:03:22.735+0000] {dag.py:3239} INFO - Sync 1 DAGs
[2025-03-04T07:03:22.756+0000] {logging_mixin.py:190} INFO - [2025-03-04T07:03:22.756+0000] {dag.py:4180} INFO - Setting next_dagrun for example_local_kubernetes_executor to None, run_after=None
[2025-03-04T07:03:22.775+0000] {processor.py:208} INFO - Processing /home/airflow/.local/lib/python3.12/site-packages/airflow/example_dags/example_local_kubernetes_executor.py took 0.089 seconds
[2025-03-04T07:03:52.953+0000] {processor.py:186} INFO - Started process (PID=1653) to work on /home/airflow/.local/lib/python3.12/site-packages/airflow/example_dags/example_local_kubernetes_executor.py
[2025-03-04T07:03:52.955+0000] {processor.py:914} INFO - Processing file /home/airflow/.local/lib/python3.12/site-packages/airflow/example_dags/example_local_kubernetes_executor.py for tasks to queue
[2025-03-04T07:03:52.956+0000] {logging_mixin.py:190} INFO - [2025-03-04T07:03:52.956+0000] {dagbag.py:588} INFO - Filling up the DagBag from /home/airflow/.local/lib/python3.12/site-packages/airflow/example_dags/example_local_kubernetes_executor.py
[2025-03-04T07:03:52.965+0000] {processor.py:925} INFO - DAG(s) 'example_local_kubernetes_executor' retrieved from /home/airflow/.local/lib/python3.12/site-packages/airflow/example_dags/example_local_kubernetes_executor.py
[2025-03-04T07:03:52.982+0000] {logging_mixin.py:190} INFO - [2025-03-04T07:03:52.982+0000] {dag.py:3239} INFO - Sync 1 DAGs
[2025-03-04T07:03:52.994+0000] {logging_mixin.py:190} INFO - [2025-03-04T07:03:52.994+0000] {dag.py:4180} INFO - Setting next_dagrun for example_local_kubernetes_executor to None, run_after=None
[2025-03-04T07:03:53.013+0000] {processor.py:208} INFO - Processing /home/airflow/.local/lib/python3.12/site-packages/airflow/example_dags/example_local_kubernetes_executor.py took 0.064 seconds
[2025-03-04T07:04:23.128+0000] {processor.py:186} INFO - Started process (PID=1736) to work on /home/airflow/.local/lib/python3.12/site-packages/airflow/example_dags/example_local_kubernetes_executor.py
[2025-03-04T07:04:23.129+0000] {processor.py:914} INFO - Processing file /home/airflow/.local/lib/python3.12/site-packages/airflow/example_dags/example_local_kubernetes_executor.py for tasks to queue
[2025-03-04T07:04:23.130+0000] {logging_mixin.py:190} INFO - [2025-03-04T07:04:23.130+0000] {dagbag.py:588} INFO - Filling up the DagBag from /home/airflow/.local/lib/python3.12/site-packages/airflow/example_dags/example_local_kubernetes_executor.py
[2025-03-04T07:04:23.139+0000] {processor.py:925} INFO - DAG(s) 'example_local_kubernetes_executor' retrieved from /home/airflow/.local/lib/python3.12/site-packages/airflow/example_dags/example_local_kubernetes_executor.py
[2025-03-04T07:04:23.156+0000] {logging_mixin.py:190} INFO - [2025-03-04T07:04:23.156+0000] {dag.py:3239} INFO - Sync 1 DAGs
[2025-03-04T07:04:23.168+0000] {logging_mixin.py:190} INFO - [2025-03-04T07:04:23.168+0000] {dag.py:4180} INFO - Setting next_dagrun for example_local_kubernetes_executor to None, run_after=None
[2025-03-04T07:04:23.187+0000] {processor.py:208} INFO - Processing /home/airflow/.local/lib/python3.12/site-packages/airflow/example_dags/example_local_kubernetes_executor.py took 0.065 seconds
[2025-03-04T07:04:53.304+0000] {processor.py:186} INFO - Started process (PID=1810) to work on /home/airflow/.local/lib/python3.12/site-packages/airflow/example_dags/example_local_kubernetes_executor.py
[2025-03-04T07:04:53.305+0000] {processor.py:914} INFO - Processing file /home/airflow/.local/lib/python3.12/site-packages/airflow/example_dags/example_local_kubernetes_executor.py for tasks to queue
[2025-03-04T07:04:53.306+0000] {logging_mixin.py:190} INFO - [2025-03-04T07:04:53.306+0000] {dagbag.py:588} INFO - Filling up the DagBag from /home/airflow/.local/lib/python3.12/site-packages/airflow/example_dags/example_local_kubernetes_executor.py
[2025-03-04T07:04:53.317+0000] {processor.py:925} INFO - DAG(s) 'example_local_kubernetes_executor' retrieved from /home/airflow/.local/lib/python3.12/site-packages/airflow/example_dags/example_local_kubernetes_executor.py
[2025-03-04T07:04:53.339+0000] {logging_mixin.py:190} INFO - [2025-03-04T07:04:53.339+0000] {dag.py:3239} INFO - Sync 1 DAGs
[2025-03-04T07:04:53.354+0000] {logging_mixin.py:190} INFO - [2025-03-04T07:04:53.354+0000] {dag.py:4180} INFO - Setting next_dagrun for example_local_kubernetes_executor to None, run_after=None
[2025-03-04T07:04:53.374+0000] {processor.py:208} INFO - Processing /home/airflow/.local/lib/python3.12/site-packages/airflow/example_dags/example_local_kubernetes_executor.py took 0.077 seconds
[2025-03-04T07:05:23.669+0000] {processor.py:186} INFO - Started process (PID=1892) to work on /home/airflow/.local/lib/python3.12/site-packages/airflow/example_dags/example_local_kubernetes_executor.py
[2025-03-04T07:05:23.670+0000] {processor.py:914} INFO - Processing file /home/airflow/.local/lib/python3.12/site-packages/airflow/example_dags/example_local_kubernetes_executor.py for tasks to queue
[2025-03-04T07:05:23.672+0000] {logging_mixin.py:190} INFO - [2025-03-04T07:05:23.672+0000] {dagbag.py:588} INFO - Filling up the DagBag from /home/airflow/.local/lib/python3.12/site-packages/airflow/example_dags/example_local_kubernetes_executor.py
[2025-03-04T07:05:23.685+0000] {processor.py:925} INFO - DAG(s) 'example_local_kubernetes_executor' retrieved from /home/airflow/.local/lib/python3.12/site-packages/airflow/example_dags/example_local_kubernetes_executor.py
[2025-03-04T07:05:23.707+0000] {logging_mixin.py:190} INFO - [2025-03-04T07:05:23.706+0000] {dag.py:3239} INFO - Sync 1 DAGs
[2025-03-04T07:05:23.722+0000] {logging_mixin.py:190} INFO - [2025-03-04T07:05:23.722+0000] {dag.py:4180} INFO - Setting next_dagrun for example_local_kubernetes_executor to None, run_after=None
[2025-03-04T07:05:23.743+0000] {processor.py:208} INFO - Processing /home/airflow/.local/lib/python3.12/site-packages/airflow/example_dags/example_local_kubernetes_executor.py took 0.080 seconds
[2025-03-04T07:05:53.973+0000] {processor.py:186} INFO - Started process (PID=1966) to work on /home/airflow/.local/lib/python3.12/site-packages/airflow/example_dags/example_local_kubernetes_executor.py
[2025-03-04T07:05:53.974+0000] {processor.py:914} INFO - Processing file /home/airflow/.local/lib/python3.12/site-packages/airflow/example_dags/example_local_kubernetes_executor.py for tasks to queue
[2025-03-04T07:05:53.976+0000] {logging_mixin.py:190} INFO - [2025-03-04T07:05:53.975+0000] {dagbag.py:588} INFO - Filling up the DagBag from /home/airflow/.local/lib/python3.12/site-packages/airflow/example_dags/example_local_kubernetes_executor.py
[2025-03-04T07:05:53.986+0000] {processor.py:925} INFO - DAG(s) 'example_local_kubernetes_executor' retrieved from /home/airflow/.local/lib/python3.12/site-packages/airflow/example_dags/example_local_kubernetes_executor.py
[2025-03-04T07:05:54.018+0000] {logging_mixin.py:190} INFO - [2025-03-04T07:05:54.017+0000] {dag.py:3239} INFO - Sync 1 DAGs
[2025-03-04T07:05:54.033+0000] {logging_mixin.py:190} INFO - [2025-03-04T07:05:54.032+0000] {dag.py:4180} INFO - Setting next_dagrun for example_local_kubernetes_executor to None, run_after=None
[2025-03-04T07:05:54.052+0000] {processor.py:208} INFO - Processing /home/airflow/.local/lib/python3.12/site-packages/airflow/example_dags/example_local_kubernetes_executor.py took 0.091 seconds
[2025-03-04T07:06:24.453+0000] {processor.py:186} INFO - Started process (PID=2047) to work on /home/airflow/.local/lib/python3.12/site-packages/airflow/example_dags/example_local_kubernetes_executor.py
[2025-03-04T07:06:24.456+0000] {processor.py:914} INFO - Processing file /home/airflow/.local/lib/python3.12/site-packages/airflow/example_dags/example_local_kubernetes_executor.py for tasks to queue
[2025-03-04T07:06:24.459+0000] {logging_mixin.py:190} INFO - [2025-03-04T07:06:24.459+0000] {dagbag.py:588} INFO - Filling up the DagBag from /home/airflow/.local/lib/python3.12/site-packages/airflow/example_dags/example_local_kubernetes_executor.py
[2025-03-04T07:06:24.471+0000] {processor.py:925} INFO - DAG(s) 'example_local_kubernetes_executor' retrieved from /home/airflow/.local/lib/python3.12/site-packages/airflow/example_dags/example_local_kubernetes_executor.py
[2025-03-04T07:06:24.492+0000] {logging_mixin.py:190} INFO - [2025-03-04T07:06:24.492+0000] {dag.py:3239} INFO - Sync 1 DAGs
[2025-03-04T07:06:24.506+0000] {logging_mixin.py:190} INFO - [2025-03-04T07:06:24.506+0000] {dag.py:4180} INFO - Setting next_dagrun for example_local_kubernetes_executor to None, run_after=None
[2025-03-04T07:06:24.532+0000] {processor.py:208} INFO - Processing /home/airflow/.local/lib/python3.12/site-packages/airflow/example_dags/example_local_kubernetes_executor.py took 0.086 seconds
[2025-03-04T07:06:54.798+0000] {processor.py:186} INFO - Started process (PID=2122) to work on /home/airflow/.local/lib/python3.12/site-packages/airflow/example_dags/example_local_kubernetes_executor.py
[2025-03-04T07:06:54.799+0000] {processor.py:914} INFO - Processing file /home/airflow/.local/lib/python3.12/site-packages/airflow/example_dags/example_local_kubernetes_executor.py for tasks to queue
[2025-03-04T07:06:54.800+0000] {logging_mixin.py:190} INFO - [2025-03-04T07:06:54.800+0000] {dagbag.py:588} INFO - Filling up the DagBag from /home/airflow/.local/lib/python3.12/site-packages/airflow/example_dags/example_local_kubernetes_executor.py
[2025-03-04T07:06:54.810+0000] {processor.py:925} INFO - DAG(s) 'example_local_kubernetes_executor' retrieved from /home/airflow/.local/lib/python3.12/site-packages/airflow/example_dags/example_local_kubernetes_executor.py
[2025-03-04T07:06:54.829+0000] {logging_mixin.py:190} INFO - [2025-03-04T07:06:54.829+0000] {dag.py:3239} INFO - Sync 1 DAGs
[2025-03-04T07:06:54.843+0000] {logging_mixin.py:190} INFO - [2025-03-04T07:06:54.843+0000] {dag.py:4180} INFO - Setting next_dagrun for example_local_kubernetes_executor to None, run_after=None
[2025-03-04T07:06:54.860+0000] {processor.py:208} INFO - Processing /home/airflow/.local/lib/python3.12/site-packages/airflow/example_dags/example_local_kubernetes_executor.py took 0.068 seconds
[2025-03-04T07:07:25.110+0000] {processor.py:186} INFO - Started process (PID=2196) to work on /home/airflow/.local/lib/python3.12/site-packages/airflow/example_dags/example_local_kubernetes_executor.py
[2025-03-04T07:07:25.111+0000] {processor.py:914} INFO - Processing file /home/airflow/.local/lib/python3.12/site-packages/airflow/example_dags/example_local_kubernetes_executor.py for tasks to queue
[2025-03-04T07:07:25.112+0000] {logging_mixin.py:190} INFO - [2025-03-04T07:07:25.112+0000] {dagbag.py:588} INFO - Filling up the DagBag from /home/airflow/.local/lib/python3.12/site-packages/airflow/example_dags/example_local_kubernetes_executor.py
[2025-03-04T07:07:25.119+0000] {processor.py:925} INFO - DAG(s) 'example_local_kubernetes_executor' retrieved from /home/airflow/.local/lib/python3.12/site-packages/airflow/example_dags/example_local_kubernetes_executor.py
[2025-03-04T07:07:25.133+0000] {logging_mixin.py:190} INFO - [2025-03-04T07:07:25.133+0000] {dag.py:3239} INFO - Sync 1 DAGs
[2025-03-04T07:07:25.144+0000] {logging_mixin.py:190} INFO - [2025-03-04T07:07:25.144+0000] {dag.py:4180} INFO - Setting next_dagrun for example_local_kubernetes_executor to None, run_after=None
[2025-03-04T07:07:25.159+0000] {processor.py:208} INFO - Processing /home/airflow/.local/lib/python3.12/site-packages/airflow/example_dags/example_local_kubernetes_executor.py took 0.054 seconds
[2025-03-04T07:07:55.477+0000] {processor.py:186} INFO - Started process (PID=2278) to work on /home/airflow/.local/lib/python3.12/site-packages/airflow/example_dags/example_local_kubernetes_executor.py
[2025-03-04T07:07:55.481+0000] {processor.py:914} INFO - Processing file /home/airflow/.local/lib/python3.12/site-packages/airflow/example_dags/example_local_kubernetes_executor.py for tasks to queue
[2025-03-04T07:07:55.482+0000] {logging_mixin.py:190} INFO - [2025-03-04T07:07:55.482+0000] {dagbag.py:588} INFO - Filling up the DagBag from /home/airflow/.local/lib/python3.12/site-packages/airflow/example_dags/example_local_kubernetes_executor.py
[2025-03-04T07:07:55.490+0000] {processor.py:925} INFO - DAG(s) 'example_local_kubernetes_executor' retrieved from /home/airflow/.local/lib/python3.12/site-packages/airflow/example_dags/example_local_kubernetes_executor.py
[2025-03-04T07:07:55.512+0000] {logging_mixin.py:190} INFO - [2025-03-04T07:07:55.511+0000] {dag.py:3239} INFO - Sync 1 DAGs
[2025-03-04T07:07:55.526+0000] {logging_mixin.py:190} INFO - [2025-03-04T07:07:55.526+0000] {dag.py:4180} INFO - Setting next_dagrun for example_local_kubernetes_executor to None, run_after=None
[2025-03-04T07:07:55.548+0000] {processor.py:208} INFO - Processing /home/airflow/.local/lib/python3.12/site-packages/airflow/example_dags/example_local_kubernetes_executor.py took 0.075 seconds
[2025-03-04T07:08:26.307+0000] {processor.py:186} INFO - Started process (PID=2352) to work on /home/airflow/.local/lib/python3.12/site-packages/airflow/example_dags/example_local_kubernetes_executor.py
[2025-03-04T07:08:26.309+0000] {processor.py:914} INFO - Processing file /home/airflow/.local/lib/python3.12/site-packages/airflow/example_dags/example_local_kubernetes_executor.py for tasks to queue
[2025-03-04T07:08:26.310+0000] {logging_mixin.py:190} INFO - [2025-03-04T07:08:26.310+0000] {dagbag.py:588} INFO - Filling up the DagBag from /home/airflow/.local/lib/python3.12/site-packages/airflow/example_dags/example_local_kubernetes_executor.py
[2025-03-04T07:08:26.321+0000] {processor.py:925} INFO - DAG(s) 'example_local_kubernetes_executor' retrieved from /home/airflow/.local/lib/python3.12/site-packages/airflow/example_dags/example_local_kubernetes_executor.py
[2025-03-04T07:08:26.343+0000] {logging_mixin.py:190} INFO - [2025-03-04T07:08:26.343+0000] {dag.py:3239} INFO - Sync 1 DAGs
[2025-03-04T07:08:26.365+0000] {logging_mixin.py:190} INFO - [2025-03-04T07:08:26.365+0000] {dag.py:4180} INFO - Setting next_dagrun for example_local_kubernetes_executor to None, run_after=None
[2025-03-04T07:08:26.384+0000] {processor.py:208} INFO - Processing /home/airflow/.local/lib/python3.12/site-packages/airflow/example_dags/example_local_kubernetes_executor.py took 0.082 seconds
[2025-03-04T07:08:56.806+0000] {processor.py:186} INFO - Started process (PID=2435) to work on /home/airflow/.local/lib/python3.12/site-packages/airflow/example_dags/example_local_kubernetes_executor.py
[2025-03-04T07:08:56.808+0000] {processor.py:914} INFO - Processing file /home/airflow/.local/lib/python3.12/site-packages/airflow/example_dags/example_local_kubernetes_executor.py for tasks to queue
[2025-03-04T07:08:56.815+0000] {logging_mixin.py:190} INFO - [2025-03-04T07:08:56.810+0000] {dagbag.py:588} INFO - Filling up the DagBag from /home/airflow/.local/lib/python3.12/site-packages/airflow/example_dags/example_local_kubernetes_executor.py
[2025-03-04T07:08:56.829+0000] {processor.py:925} INFO - DAG(s) 'example_local_kubernetes_executor' retrieved from /home/airflow/.local/lib/python3.12/site-packages/airflow/example_dags/example_local_kubernetes_executor.py
[2025-03-04T07:08:56.855+0000] {logging_mixin.py:190} INFO - [2025-03-04T07:08:56.854+0000] {dag.py:3239} INFO - Sync 1 DAGs
[2025-03-04T07:08:56.872+0000] {logging_mixin.py:190} INFO - [2025-03-04T07:08:56.871+0000] {dag.py:4180} INFO - Setting next_dagrun for example_local_kubernetes_executor to None, run_after=None
[2025-03-04T07:08:56.897+0000] {processor.py:208} INFO - Processing /home/airflow/.local/lib/python3.12/site-packages/airflow/example_dags/example_local_kubernetes_executor.py took 0.096 seconds
[2025-03-04T07:09:27.457+0000] {processor.py:186} INFO - Started process (PID=2509) to work on /home/airflow/.local/lib/python3.12/site-packages/airflow/example_dags/example_local_kubernetes_executor.py
[2025-03-04T07:09:27.459+0000] {processor.py:914} INFO - Processing file /home/airflow/.local/lib/python3.12/site-packages/airflow/example_dags/example_local_kubernetes_executor.py for tasks to queue
[2025-03-04T07:09:27.460+0000] {logging_mixin.py:190} INFO - [2025-03-04T07:09:27.460+0000] {dagbag.py:588} INFO - Filling up the DagBag from /home/airflow/.local/lib/python3.12/site-packages/airflow/example_dags/example_local_kubernetes_executor.py
[2025-03-04T07:09:27.471+0000] {processor.py:925} INFO - DAG(s) 'example_local_kubernetes_executor' retrieved from /home/airflow/.local/lib/python3.12/site-packages/airflow/example_dags/example_local_kubernetes_executor.py
[2025-03-04T07:09:27.493+0000] {logging_mixin.py:190} INFO - [2025-03-04T07:09:27.493+0000] {dag.py:3239} INFO - Sync 1 DAGs
[2025-03-04T07:09:27.509+0000] {logging_mixin.py:190} INFO - [2025-03-04T07:09:27.509+0000] {dag.py:4180} INFO - Setting next_dagrun for example_local_kubernetes_executor to None, run_after=None
[2025-03-04T07:09:27.527+0000] {processor.py:208} INFO - Processing /home/airflow/.local/lib/python3.12/site-packages/airflow/example_dags/example_local_kubernetes_executor.py took 0.076 seconds
[2025-03-04T07:09:58.065+0000] {processor.py:186} INFO - Started process (PID=2591) to work on /home/airflow/.local/lib/python3.12/site-packages/airflow/example_dags/example_local_kubernetes_executor.py
[2025-03-04T07:09:58.066+0000] {processor.py:914} INFO - Processing file /home/airflow/.local/lib/python3.12/site-packages/airflow/example_dags/example_local_kubernetes_executor.py for tasks to queue
[2025-03-04T07:09:58.067+0000] {logging_mixin.py:190} INFO - [2025-03-04T07:09:58.067+0000] {dagbag.py:588} INFO - Filling up the DagBag from /home/airflow/.local/lib/python3.12/site-packages/airflow/example_dags/example_local_kubernetes_executor.py
[2025-03-04T07:09:58.075+0000] {processor.py:925} INFO - DAG(s) 'example_local_kubernetes_executor' retrieved from /home/airflow/.local/lib/python3.12/site-packages/airflow/example_dags/example_local_kubernetes_executor.py
[2025-03-04T07:09:58.092+0000] {logging_mixin.py:190} INFO - [2025-03-04T07:09:58.091+0000] {dag.py:3239} INFO - Sync 1 DAGs
[2025-03-04T07:09:58.103+0000] {logging_mixin.py:190} INFO - [2025-03-04T07:09:58.103+0000] {dag.py:4180} INFO - Setting next_dagrun for example_local_kubernetes_executor to None, run_after=None
[2025-03-04T07:09:58.121+0000] {processor.py:208} INFO - Processing /home/airflow/.local/lib/python3.12/site-packages/airflow/example_dags/example_local_kubernetes_executor.py took 0.061 seconds
[2025-03-04T07:10:28.177+0000] {processor.py:186} INFO - Started process (PID=2664) to work on /home/airflow/.local/lib/python3.12/site-packages/airflow/example_dags/example_local_kubernetes_executor.py
[2025-03-04T07:10:28.178+0000] {processor.py:914} INFO - Processing file /home/airflow/.local/lib/python3.12/site-packages/airflow/example_dags/example_local_kubernetes_executor.py for tasks to queue
[2025-03-04T07:10:28.180+0000] {logging_mixin.py:190} INFO - [2025-03-04T07:10:28.179+0000] {dagbag.py:588} INFO - Filling up the DagBag from /home/airflow/.local/lib/python3.12/site-packages/airflow/example_dags/example_local_kubernetes_executor.py
[2025-03-04T07:10:28.187+0000] {processor.py:925} INFO - DAG(s) 'example_local_kubernetes_executor' retrieved from /home/airflow/.local/lib/python3.12/site-packages/airflow/example_dags/example_local_kubernetes_executor.py
[2025-03-04T07:10:28.205+0000] {logging_mixin.py:190} INFO - [2025-03-04T07:10:28.205+0000] {dag.py:3239} INFO - Sync 1 DAGs
[2025-03-04T07:10:28.218+0000] {logging_mixin.py:190} INFO - [2025-03-04T07:10:28.218+0000] {dag.py:4180} INFO - Setting next_dagrun for example_local_kubernetes_executor to None, run_after=None
[2025-03-04T07:10:28.235+0000] {processor.py:208} INFO - Processing /home/airflow/.local/lib/python3.12/site-packages/airflow/example_dags/example_local_kubernetes_executor.py took 0.062 seconds
[2025-03-04T07:10:58.562+0000] {processor.py:186} INFO - Started process (PID=2744) to work on /home/airflow/.local/lib/python3.12/site-packages/airflow/example_dags/example_local_kubernetes_executor.py
[2025-03-04T07:10:58.563+0000] {processor.py:914} INFO - Processing file /home/airflow/.local/lib/python3.12/site-packages/airflow/example_dags/example_local_kubernetes_executor.py for tasks to queue
[2025-03-04T07:10:58.565+0000] {logging_mixin.py:190} INFO - [2025-03-04T07:10:58.565+0000] {dagbag.py:588} INFO - Filling up the DagBag from /home/airflow/.local/lib/python3.12/site-packages/airflow/example_dags/example_local_kubernetes_executor.py
[2025-03-04T07:10:58.575+0000] {processor.py:925} INFO - DAG(s) 'example_local_kubernetes_executor' retrieved from /home/airflow/.local/lib/python3.12/site-packages/airflow/example_dags/example_local_kubernetes_executor.py
[2025-03-04T07:10:58.595+0000] {logging_mixin.py:190} INFO - [2025-03-04T07:10:58.595+0000] {dag.py:3239} INFO - Sync 1 DAGs
[2025-03-04T07:10:58.608+0000] {logging_mixin.py:190} INFO - [2025-03-04T07:10:58.608+0000] {dag.py:4180} INFO - Setting next_dagrun for example_local_kubernetes_executor to None, run_after=None
[2025-03-04T07:10:58.624+0000] {processor.py:208} INFO - Processing /home/airflow/.local/lib/python3.12/site-packages/airflow/example_dags/example_local_kubernetes_executor.py took 0.068 seconds
[2025-03-04T07:11:29.361+0000] {processor.py:186} INFO - Started process (PID=2819) to work on /home/airflow/.local/lib/python3.12/site-packages/airflow/example_dags/example_local_kubernetes_executor.py
[2025-03-04T07:11:29.362+0000] {processor.py:914} INFO - Processing file /home/airflow/.local/lib/python3.12/site-packages/airflow/example_dags/example_local_kubernetes_executor.py for tasks to queue
[2025-03-04T07:11:29.363+0000] {logging_mixin.py:190} INFO - [2025-03-04T07:11:29.363+0000] {dagbag.py:588} INFO - Filling up the DagBag from /home/airflow/.local/lib/python3.12/site-packages/airflow/example_dags/example_local_kubernetes_executor.py
[2025-03-04T07:11:29.371+0000] {processor.py:925} INFO - DAG(s) 'example_local_kubernetes_executor' retrieved from /home/airflow/.local/lib/python3.12/site-packages/airflow/example_dags/example_local_kubernetes_executor.py
[2025-03-04T07:11:29.392+0000] {logging_mixin.py:190} INFO - [2025-03-04T07:11:29.391+0000] {dag.py:3239} INFO - Sync 1 DAGs
[2025-03-04T07:11:29.404+0000] {logging_mixin.py:190} INFO - [2025-03-04T07:11:29.404+0000] {dag.py:4180} INFO - Setting next_dagrun for example_local_kubernetes_executor to None, run_after=None
[2025-03-04T07:11:29.421+0000] {processor.py:208} INFO - Processing /home/airflow/.local/lib/python3.12/site-packages/airflow/example_dags/example_local_kubernetes_executor.py took 0.065 seconds
[2025-03-04T07:12:00.065+0000] {processor.py:186} INFO - Started process (PID=2892) to work on /home/airflow/.local/lib/python3.12/site-packages/airflow/example_dags/example_local_kubernetes_executor.py
[2025-03-04T07:12:00.067+0000] {processor.py:914} INFO - Processing file /home/airflow/.local/lib/python3.12/site-packages/airflow/example_dags/example_local_kubernetes_executor.py for tasks to queue
[2025-03-04T07:12:00.068+0000] {logging_mixin.py:190} INFO - [2025-03-04T07:12:00.068+0000] {dagbag.py:588} INFO - Filling up the DagBag from /home/airflow/.local/lib/python3.12/site-packages/airflow/example_dags/example_local_kubernetes_executor.py
[2025-03-04T07:12:00.078+0000] {processor.py:925} INFO - DAG(s) 'example_local_kubernetes_executor' retrieved from /home/airflow/.local/lib/python3.12/site-packages/airflow/example_dags/example_local_kubernetes_executor.py
[2025-03-04T07:12:00.101+0000] {logging_mixin.py:190} INFO - [2025-03-04T07:12:00.101+0000] {dag.py:3239} INFO - Sync 1 DAGs
[2025-03-04T07:12:00.117+0000] {logging_mixin.py:190} INFO - [2025-03-04T07:12:00.117+0000] {dag.py:4180} INFO - Setting next_dagrun for example_local_kubernetes_executor to None, run_after=None
[2025-03-04T07:12:00.135+0000] {processor.py:208} INFO - Processing /home/airflow/.local/lib/python3.12/site-packages/airflow/example_dags/example_local_kubernetes_executor.py took 0.076 seconds
[2025-03-04T07:12:30.772+0000] {processor.py:186} INFO - Started process (PID=2973) to work on /home/airflow/.local/lib/python3.12/site-packages/airflow/example_dags/example_local_kubernetes_executor.py
[2025-03-04T07:12:30.774+0000] {processor.py:914} INFO - Processing file /home/airflow/.local/lib/python3.12/site-packages/airflow/example_dags/example_local_kubernetes_executor.py for tasks to queue
[2025-03-04T07:12:30.776+0000] {logging_mixin.py:190} INFO - [2025-03-04T07:12:30.776+0000] {dagbag.py:588} INFO - Filling up the DagBag from /home/airflow/.local/lib/python3.12/site-packages/airflow/example_dags/example_local_kubernetes_executor.py
[2025-03-04T07:12:30.793+0000] {processor.py:925} INFO - DAG(s) 'example_local_kubernetes_executor' retrieved from /home/airflow/.local/lib/python3.12/site-packages/airflow/example_dags/example_local_kubernetes_executor.py
[2025-03-04T07:12:30.828+0000] {logging_mixin.py:190} INFO - [2025-03-04T07:12:30.828+0000] {dag.py:3239} INFO - Sync 1 DAGs
[2025-03-04T07:12:30.853+0000] {logging_mixin.py:190} INFO - [2025-03-04T07:12:30.852+0000] {dag.py:4180} INFO - Setting next_dagrun for example_local_kubernetes_executor to None, run_after=None
[2025-03-04T07:12:30.882+0000] {processor.py:208} INFO - Processing /home/airflow/.local/lib/python3.12/site-packages/airflow/example_dags/example_local_kubernetes_executor.py took 0.121 seconds
[2025-03-04T07:13:01.020+0000] {processor.py:186} INFO - Started process (PID=3046) to work on /home/airflow/.local/lib/python3.12/site-packages/airflow/example_dags/example_local_kubernetes_executor.py
[2025-03-04T07:13:01.022+0000] {processor.py:914} INFO - Processing file /home/airflow/.local/lib/python3.12/site-packages/airflow/example_dags/example_local_kubernetes_executor.py for tasks to queue
[2025-03-04T07:13:01.023+0000] {logging_mixin.py:190} INFO - [2025-03-04T07:13:01.023+0000] {dagbag.py:588} INFO - Filling up the DagBag from /home/airflow/.local/lib/python3.12/site-packages/airflow/example_dags/example_local_kubernetes_executor.py
[2025-03-04T07:13:01.031+0000] {processor.py:925} INFO - DAG(s) 'example_local_kubernetes_executor' retrieved from /home/airflow/.local/lib/python3.12/site-packages/airflow/example_dags/example_local_kubernetes_executor.py
[2025-03-04T07:13:01.046+0000] {logging_mixin.py:190} INFO - [2025-03-04T07:13:01.046+0000] {dag.py:3239} INFO - Sync 1 DAGs
[2025-03-04T07:13:01.058+0000] {logging_mixin.py:190} INFO - [2025-03-04T07:13:01.058+0000] {dag.py:4180} INFO - Setting next_dagrun for example_local_kubernetes_executor to None, run_after=None
[2025-03-04T07:13:01.072+0000] {processor.py:208} INFO - Processing /home/airflow/.local/lib/python3.12/site-packages/airflow/example_dags/example_local_kubernetes_executor.py took 0.057 seconds
[2025-03-04T07:13:31.212+0000] {processor.py:186} INFO - Started process (PID=3119) to work on /home/airflow/.local/lib/python3.12/site-packages/airflow/example_dags/example_local_kubernetes_executor.py
[2025-03-04T07:13:31.212+0000] {processor.py:914} INFO - Processing file /home/airflow/.local/lib/python3.12/site-packages/airflow/example_dags/example_local_kubernetes_executor.py for tasks to queue
[2025-03-04T07:13:31.214+0000] {logging_mixin.py:190} INFO - [2025-03-04T07:13:31.214+0000] {dagbag.py:588} INFO - Filling up the DagBag from /home/airflow/.local/lib/python3.12/site-packages/airflow/example_dags/example_local_kubernetes_executor.py
[2025-03-04T07:13:31.222+0000] {processor.py:925} INFO - DAG(s) 'example_local_kubernetes_executor' retrieved from /home/airflow/.local/lib/python3.12/site-packages/airflow/example_dags/example_local_kubernetes_executor.py
[2025-03-04T07:13:31.250+0000] {logging_mixin.py:190} INFO - [2025-03-04T07:13:31.249+0000] {dag.py:3239} INFO - Sync 1 DAGs
[2025-03-04T07:13:31.264+0000] {logging_mixin.py:190} INFO - [2025-03-04T07:13:31.264+0000] {dag.py:4180} INFO - Setting next_dagrun for example_local_kubernetes_executor to None, run_after=None
[2025-03-04T07:13:31.283+0000] {processor.py:208} INFO - Processing /home/airflow/.local/lib/python3.12/site-packages/airflow/example_dags/example_local_kubernetes_executor.py took 0.076 seconds
[2025-03-04T07:14:02.251+0000] {processor.py:186} INFO - Started process (PID=3201) to work on /home/airflow/.local/lib/python3.12/site-packages/airflow/example_dags/example_local_kubernetes_executor.py
[2025-03-04T07:14:02.253+0000] {processor.py:914} INFO - Processing file /home/airflow/.local/lib/python3.12/site-packages/airflow/example_dags/example_local_kubernetes_executor.py for tasks to queue
[2025-03-04T07:14:02.254+0000] {logging_mixin.py:190} INFO - [2025-03-04T07:14:02.254+0000] {dagbag.py:588} INFO - Filling up the DagBag from /home/airflow/.local/lib/python3.12/site-packages/airflow/example_dags/example_local_kubernetes_executor.py
[2025-03-04T07:14:02.262+0000] {processor.py:925} INFO - DAG(s) 'example_local_kubernetes_executor' retrieved from /home/airflow/.local/lib/python3.12/site-packages/airflow/example_dags/example_local_kubernetes_executor.py
[2025-03-04T07:14:02.281+0000] {logging_mixin.py:190} INFO - [2025-03-04T07:14:02.280+0000] {dag.py:3239} INFO - Sync 1 DAGs
[2025-03-04T07:14:02.292+0000] {logging_mixin.py:190} INFO - [2025-03-04T07:14:02.292+0000] {dag.py:4180} INFO - Setting next_dagrun for example_local_kubernetes_executor to None, run_after=None
[2025-03-04T07:14:02.308+0000] {processor.py:208} INFO - Processing /home/airflow/.local/lib/python3.12/site-packages/airflow/example_dags/example_local_kubernetes_executor.py took 0.063 seconds
[2025-03-04T07:14:32.836+0000] {processor.py:186} INFO - Started process (PID=3279) to work on /home/airflow/.local/lib/python3.12/site-packages/airflow/example_dags/example_local_kubernetes_executor.py
[2025-03-04T07:14:32.837+0000] {processor.py:914} INFO - Processing file /home/airflow/.local/lib/python3.12/site-packages/airflow/example_dags/example_local_kubernetes_executor.py for tasks to queue
[2025-03-04T07:14:32.838+0000] {logging_mixin.py:190} INFO - [2025-03-04T07:14:32.838+0000] {dagbag.py:588} INFO - Filling up the DagBag from /home/airflow/.local/lib/python3.12/site-packages/airflow/example_dags/example_local_kubernetes_executor.py
[2025-03-04T07:14:32.847+0000] {processor.py:925} INFO - DAG(s) 'example_local_kubernetes_executor' retrieved from /home/airflow/.local/lib/python3.12/site-packages/airflow/example_dags/example_local_kubernetes_executor.py
[2025-03-04T07:14:32.867+0000] {logging_mixin.py:190} INFO - [2025-03-04T07:14:32.866+0000] {dag.py:3239} INFO - Sync 1 DAGs
[2025-03-04T07:14:32.880+0000] {logging_mixin.py:190} INFO - [2025-03-04T07:14:32.880+0000] {dag.py:4180} INFO - Setting next_dagrun for example_local_kubernetes_executor to None, run_after=None
[2025-03-04T07:14:32.899+0000] {processor.py:208} INFO - Processing /home/airflow/.local/lib/python3.12/site-packages/airflow/example_dags/example_local_kubernetes_executor.py took 0.069 seconds
[2025-03-04T07:15:03.470+0000] {processor.py:186} INFO - Started process (PID=3355) to work on /home/airflow/.local/lib/python3.12/site-packages/airflow/example_dags/example_local_kubernetes_executor.py
[2025-03-04T07:15:03.472+0000] {processor.py:914} INFO - Processing file /home/airflow/.local/lib/python3.12/site-packages/airflow/example_dags/example_local_kubernetes_executor.py for tasks to queue
[2025-03-04T07:15:03.474+0000] {logging_mixin.py:190} INFO - [2025-03-04T07:15:03.474+0000] {dagbag.py:588} INFO - Filling up the DagBag from /home/airflow/.local/lib/python3.12/site-packages/airflow/example_dags/example_local_kubernetes_executor.py
[2025-03-04T07:15:03.489+0000] {processor.py:925} INFO - DAG(s) 'example_local_kubernetes_executor' retrieved from /home/airflow/.local/lib/python3.12/site-packages/airflow/example_dags/example_local_kubernetes_executor.py
[2025-03-04T07:15:03.522+0000] {logging_mixin.py:190} INFO - [2025-03-04T07:15:03.522+0000] {dag.py:3239} INFO - Sync 1 DAGs
[2025-03-04T07:15:03.540+0000] {logging_mixin.py:190} INFO - [2025-03-04T07:15:03.539+0000] {dag.py:4180} INFO - Setting next_dagrun for example_local_kubernetes_executor to None, run_after=None
[2025-03-04T07:15:03.561+0000] {processor.py:208} INFO - Processing /home/airflow/.local/lib/python3.12/site-packages/airflow/example_dags/example_local_kubernetes_executor.py took 0.100 seconds
[2025-03-04T07:15:34.088+0000] {processor.py:186} INFO - Started process (PID=3437) to work on /home/airflow/.local/lib/python3.12/site-packages/airflow/example_dags/example_local_kubernetes_executor.py
[2025-03-04T07:15:34.090+0000] {processor.py:914} INFO - Processing file /home/airflow/.local/lib/python3.12/site-packages/airflow/example_dags/example_local_kubernetes_executor.py for tasks to queue
[2025-03-04T07:15:34.091+0000] {logging_mixin.py:190} INFO - [2025-03-04T07:15:34.090+0000] {dagbag.py:588} INFO - Filling up the DagBag from /home/airflow/.local/lib/python3.12/site-packages/airflow/example_dags/example_local_kubernetes_executor.py
[2025-03-04T07:15:34.098+0000] {processor.py:925} INFO - DAG(s) 'example_local_kubernetes_executor' retrieved from /home/airflow/.local/lib/python3.12/site-packages/airflow/example_dags/example_local_kubernetes_executor.py
[2025-03-04T07:15:34.115+0000] {logging_mixin.py:190} INFO - [2025-03-04T07:15:34.114+0000] {dag.py:3239} INFO - Sync 1 DAGs
[2025-03-04T07:15:34.126+0000] {logging_mixin.py:190} INFO - [2025-03-04T07:15:34.126+0000] {dag.py:4180} INFO - Setting next_dagrun for example_local_kubernetes_executor to None, run_after=None
[2025-03-04T07:15:34.151+0000] {processor.py:208} INFO - Processing /home/airflow/.local/lib/python3.12/site-packages/airflow/example_dags/example_local_kubernetes_executor.py took 0.067 seconds
[2025-03-04T07:16:04.651+0000] {processor.py:186} INFO - Started process (PID=3511) to work on /home/airflow/.local/lib/python3.12/site-packages/airflow/example_dags/example_local_kubernetes_executor.py
[2025-03-04T07:16:04.651+0000] {processor.py:914} INFO - Processing file /home/airflow/.local/lib/python3.12/site-packages/airflow/example_dags/example_local_kubernetes_executor.py for tasks to queue
[2025-03-04T07:16:04.653+0000] {logging_mixin.py:190} INFO - [2025-03-04T07:16:04.652+0000] {dagbag.py:588} INFO - Filling up the DagBag from /home/airflow/.local/lib/python3.12/site-packages/airflow/example_dags/example_local_kubernetes_executor.py
[2025-03-04T07:16:04.660+0000] {processor.py:925} INFO - DAG(s) 'example_local_kubernetes_executor' retrieved from /home/airflow/.local/lib/python3.12/site-packages/airflow/example_dags/example_local_kubernetes_executor.py
[2025-03-04T07:16:04.678+0000] {logging_mixin.py:190} INFO - [2025-03-04T07:16:04.678+0000] {dag.py:3239} INFO - Sync 1 DAGs
[2025-03-04T07:16:04.690+0000] {logging_mixin.py:190} INFO - [2025-03-04T07:16:04.690+0000] {dag.py:4180} INFO - Setting next_dagrun for example_local_kubernetes_executor to None, run_after=None
[2025-03-04T07:16:04.716+0000] {processor.py:208} INFO - Processing /home/airflow/.local/lib/python3.12/site-packages/airflow/example_dags/example_local_kubernetes_executor.py took 0.070 seconds
[2025-03-04T07:16:34.943+0000] {processor.py:186} INFO - Started process (PID=3592) to work on /home/airflow/.local/lib/python3.12/site-packages/airflow/example_dags/example_local_kubernetes_executor.py
[2025-03-04T07:16:34.945+0000] {processor.py:914} INFO - Processing file /home/airflow/.local/lib/python3.12/site-packages/airflow/example_dags/example_local_kubernetes_executor.py for tasks to queue
[2025-03-04T07:16:34.947+0000] {logging_mixin.py:190} INFO - [2025-03-04T07:16:34.947+0000] {dagbag.py:588} INFO - Filling up the DagBag from /home/airflow/.local/lib/python3.12/site-packages/airflow/example_dags/example_local_kubernetes_executor.py
[2025-03-04T07:16:34.958+0000] {processor.py:925} INFO - DAG(s) 'example_local_kubernetes_executor' retrieved from /home/airflow/.local/lib/python3.12/site-packages/airflow/example_dags/example_local_kubernetes_executor.py
[2025-03-04T07:16:34.996+0000] {logging_mixin.py:190} INFO - [2025-03-04T07:16:34.995+0000] {dag.py:3239} INFO - Sync 1 DAGs
[2025-03-04T07:16:35.017+0000] {logging_mixin.py:190} INFO - [2025-03-04T07:16:35.016+0000] {dag.py:4180} INFO - Setting next_dagrun for example_local_kubernetes_executor to None, run_after=None
[2025-03-04T07:16:35.039+0000] {processor.py:208} INFO - Processing /home/airflow/.local/lib/python3.12/site-packages/airflow/example_dags/example_local_kubernetes_executor.py took 0.106 seconds
[2025-03-04T07:17:05.133+0000] {processor.py:186} INFO - Started process (PID=3666) to work on /home/airflow/.local/lib/python3.12/site-packages/airflow/example_dags/example_local_kubernetes_executor.py
[2025-03-04T07:17:05.135+0000] {processor.py:914} INFO - Processing file /home/airflow/.local/lib/python3.12/site-packages/airflow/example_dags/example_local_kubernetes_executor.py for tasks to queue
[2025-03-04T07:17:05.136+0000] {logging_mixin.py:190} INFO - [2025-03-04T07:17:05.136+0000] {dagbag.py:588} INFO - Filling up the DagBag from /home/airflow/.local/lib/python3.12/site-packages/airflow/example_dags/example_local_kubernetes_executor.py
[2025-03-04T07:17:05.146+0000] {processor.py:925} INFO - DAG(s) 'example_local_kubernetes_executor' retrieved from /home/airflow/.local/lib/python3.12/site-packages/airflow/example_dags/example_local_kubernetes_executor.py
[2025-03-04T07:17:05.167+0000] {logging_mixin.py:190} INFO - [2025-03-04T07:17:05.167+0000] {dag.py:3239} INFO - Sync 1 DAGs
[2025-03-04T07:17:05.180+0000] {logging_mixin.py:190} INFO - [2025-03-04T07:17:05.180+0000] {dag.py:4180} INFO - Setting next_dagrun for example_local_kubernetes_executor to None, run_after=None
[2025-03-04T07:17:05.201+0000] {processor.py:208} INFO - Processing /home/airflow/.local/lib/python3.12/site-packages/airflow/example_dags/example_local_kubernetes_executor.py took 0.073 seconds
[2025-03-04T07:17:35.345+0000] {processor.py:186} INFO - Started process (PID=3748) to work on /home/airflow/.local/lib/python3.12/site-packages/airflow/example_dags/example_local_kubernetes_executor.py
[2025-03-04T07:17:35.346+0000] {processor.py:914} INFO - Processing file /home/airflow/.local/lib/python3.12/site-packages/airflow/example_dags/example_local_kubernetes_executor.py for tasks to queue
[2025-03-04T07:17:35.348+0000] {logging_mixin.py:190} INFO - [2025-03-04T07:17:35.347+0000] {dagbag.py:588} INFO - Filling up the DagBag from /home/airflow/.local/lib/python3.12/site-packages/airflow/example_dags/example_local_kubernetes_executor.py
[2025-03-04T07:17:35.357+0000] {processor.py:925} INFO - DAG(s) 'example_local_kubernetes_executor' retrieved from /home/airflow/.local/lib/python3.12/site-packages/airflow/example_dags/example_local_kubernetes_executor.py
[2025-03-04T07:17:35.377+0000] {logging_mixin.py:190} INFO - [2025-03-04T07:17:35.376+0000] {dag.py:3239} INFO - Sync 1 DAGs
[2025-03-04T07:17:35.390+0000] {logging_mixin.py:190} INFO - [2025-03-04T07:17:35.390+0000] {dag.py:4180} INFO - Setting next_dagrun for example_local_kubernetes_executor to None, run_after=None
[2025-03-04T07:17:35.408+0000] {processor.py:208} INFO - Processing /home/airflow/.local/lib/python3.12/site-packages/airflow/example_dags/example_local_kubernetes_executor.py took 0.069 seconds
[2025-03-04T07:18:05.504+0000] {processor.py:186} INFO - Started process (PID=3824) to work on /home/airflow/.local/lib/python3.12/site-packages/airflow/example_dags/example_local_kubernetes_executor.py
[2025-03-04T07:18:05.505+0000] {processor.py:914} INFO - Processing file /home/airflow/.local/lib/python3.12/site-packages/airflow/example_dags/example_local_kubernetes_executor.py for tasks to queue
[2025-03-04T07:18:05.505+0000] {logging_mixin.py:190} INFO - [2025-03-04T07:18:05.505+0000] {dagbag.py:588} INFO - Filling up the DagBag from /home/airflow/.local/lib/python3.12/site-packages/airflow/example_dags/example_local_kubernetes_executor.py
[2025-03-04T07:18:05.513+0000] {processor.py:925} INFO - DAG(s) 'example_local_kubernetes_executor' retrieved from /home/airflow/.local/lib/python3.12/site-packages/airflow/example_dags/example_local_kubernetes_executor.py
[2025-03-04T07:18:05.530+0000] {logging_mixin.py:190} INFO - [2025-03-04T07:18:05.529+0000] {dag.py:3239} INFO - Sync 1 DAGs
[2025-03-04T07:18:05.542+0000] {logging_mixin.py:190} INFO - [2025-03-04T07:18:05.541+0000] {dag.py:4180} INFO - Setting next_dagrun for example_local_kubernetes_executor to None, run_after=None
[2025-03-04T07:18:05.565+0000] {processor.py:208} INFO - Processing /home/airflow/.local/lib/python3.12/site-packages/airflow/example_dags/example_local_kubernetes_executor.py took 0.065 seconds
[2025-03-04T07:18:35.720+0000] {processor.py:186} INFO - Started process (PID=3905) to work on /home/airflow/.local/lib/python3.12/site-packages/airflow/example_dags/example_local_kubernetes_executor.py
[2025-03-04T07:18:35.721+0000] {processor.py:914} INFO - Processing file /home/airflow/.local/lib/python3.12/site-packages/airflow/example_dags/example_local_kubernetes_executor.py for tasks to queue
[2025-03-04T07:18:35.723+0000] {logging_mixin.py:190} INFO - [2025-03-04T07:18:35.722+0000] {dagbag.py:588} INFO - Filling up the DagBag from /home/airflow/.local/lib/python3.12/site-packages/airflow/example_dags/example_local_kubernetes_executor.py
[2025-03-04T07:18:35.732+0000] {processor.py:925} INFO - DAG(s) 'example_local_kubernetes_executor' retrieved from /home/airflow/.local/lib/python3.12/site-packages/airflow/example_dags/example_local_kubernetes_executor.py
[2025-03-04T07:18:35.751+0000] {logging_mixin.py:190} INFO - [2025-03-04T07:18:35.751+0000] {dag.py:3239} INFO - Sync 1 DAGs
[2025-03-04T07:18:35.765+0000] {logging_mixin.py:190} INFO - [2025-03-04T07:18:35.765+0000] {dag.py:4180} INFO - Setting next_dagrun for example_local_kubernetes_executor to None, run_after=None
[2025-03-04T07:18:35.783+0000] {processor.py:208} INFO - Processing /home/airflow/.local/lib/python3.12/site-packages/airflow/example_dags/example_local_kubernetes_executor.py took 0.068 seconds
