[2025-03-04T06:53:46.834+0000] {processor.py:186} INFO - Started process (PID=92) to work on /home/airflow/.local/lib/python3.12/site-packages/airflow/example_dags/example_complex.py
[2025-03-04T06:53:46.836+0000] {processor.py:914} INFO - Processing file /home/airflow/.local/lib/python3.12/site-packages/airflow/example_dags/example_complex.py for tasks to queue
[2025-03-04T06:53:46.838+0000] {logging_mixin.py:190} INFO - [2025-03-04T06:53:46.838+0000] {dagbag.py:588} INFO - Filling up the DagBag from /home/airflow/.local/lib/python3.12/site-packages/airflow/example_dags/example_complex.py
[2025-03-04T06:53:46.862+0000] {processor.py:925} INFO - DAG(s) 'example_complex' retrieved from /home/airflow/.local/lib/python3.12/site-packages/airflow/example_dags/example_complex.py
[2025-03-04T06:53:46.967+0000] {logging_mixin.py:190} INFO - [2025-03-04T06:53:46.967+0000] {override.py:1912} INFO - Created Permission View: can read on DAG:example_complex
[2025-03-04T06:53:46.979+0000] {logging_mixin.py:190} INFO - [2025-03-04T06:53:46.978+0000] {override.py:1912} INFO - Created Permission View: can edit on DAG:example_complex
[2025-03-04T06:53:46.987+0000] {logging_mixin.py:190} INFO - [2025-03-04T06:53:46.987+0000] {override.py:1912} INFO - Created Permission View: can delete on DAG:example_complex
[2025-03-04T06:53:46.996+0000] {logging_mixin.py:190} INFO - [2025-03-04T06:53:46.996+0000] {override.py:1912} INFO - Created Permission View: menu access on DAG Run:example_complex
[2025-03-04T06:53:47.003+0000] {logging_mixin.py:190} INFO - [2025-03-04T06:53:47.003+0000] {override.py:1912} INFO - Created Permission View: can read on DAG Run:example_complex
[2025-03-04T06:53:47.010+0000] {logging_mixin.py:190} INFO - [2025-03-04T06:53:47.009+0000] {override.py:1912} INFO - Created Permission View: can delete on DAG Run:example_complex
[2025-03-04T06:53:47.017+0000] {logging_mixin.py:190} INFO - [2025-03-04T06:53:47.016+0000] {override.py:1912} INFO - Created Permission View: can create on DAG Run:example_complex
[2025-03-04T06:53:47.018+0000] {logging_mixin.py:190} INFO - [2025-03-04T06:53:47.017+0000] {dag.py:3239} INFO - Sync 1 DAGs
[2025-03-04T06:53:47.029+0000] {logging_mixin.py:190} INFO - [2025-03-04T06:53:47.029+0000] {dag.py:3262} INFO - Creating ORM DAG for example_complex
[2025-03-04T06:53:47.030+0000] {logging_mixin.py:190} INFO - [2025-03-04T06:53:47.030+0000] {dag.py:4180} INFO - Setting next_dagrun for example_complex to None, run_after=None
[2025-03-04T06:53:47.049+0000] {processor.py:208} INFO - Processing /home/airflow/.local/lib/python3.12/site-packages/airflow/example_dags/example_complex.py took 0.222 seconds
[2025-03-04T06:54:17.173+0000] {processor.py:186} INFO - Started process (PID=167) to work on /home/airflow/.local/lib/python3.12/site-packages/airflow/example_dags/example_complex.py
[2025-03-04T06:54:17.176+0000] {processor.py:914} INFO - Processing file /home/airflow/.local/lib/python3.12/site-packages/airflow/example_dags/example_complex.py for tasks to queue
[2025-03-04T06:54:17.178+0000] {logging_mixin.py:190} INFO - [2025-03-04T06:54:17.178+0000] {dagbag.py:588} INFO - Filling up the DagBag from /home/airflow/.local/lib/python3.12/site-packages/airflow/example_dags/example_complex.py
[2025-03-04T06:54:17.187+0000] {processor.py:925} INFO - DAG(s) 'example_complex' retrieved from /home/airflow/.local/lib/python3.12/site-packages/airflow/example_dags/example_complex.py
[2025-03-04T06:54:17.212+0000] {logging_mixin.py:190} INFO - [2025-03-04T06:54:17.212+0000] {dag.py:3239} INFO - Sync 1 DAGs
[2025-03-04T06:54:17.223+0000] {logging_mixin.py:190} INFO - [2025-03-04T06:54:17.223+0000] {dag.py:4180} INFO - Setting next_dagrun for example_complex to None, run_after=None
[2025-03-04T06:54:17.237+0000] {processor.py:208} INFO - Processing /home/airflow/.local/lib/python3.12/site-packages/airflow/example_dags/example_complex.py took 0.069 seconds
[2025-03-04T06:54:47.554+0000] {processor.py:186} INFO - Started process (PID=250) to work on /home/airflow/.local/lib/python3.12/site-packages/airflow/example_dags/example_complex.py
[2025-03-04T06:54:47.555+0000] {processor.py:914} INFO - Processing file /home/airflow/.local/lib/python3.12/site-packages/airflow/example_dags/example_complex.py for tasks to queue
[2025-03-04T06:54:47.558+0000] {logging_mixin.py:190} INFO - [2025-03-04T06:54:47.557+0000] {dagbag.py:588} INFO - Filling up the DagBag from /home/airflow/.local/lib/python3.12/site-packages/airflow/example_dags/example_complex.py
[2025-03-04T06:54:47.567+0000] {processor.py:925} INFO - DAG(s) 'example_complex' retrieved from /home/airflow/.local/lib/python3.12/site-packages/airflow/example_dags/example_complex.py
[2025-03-04T06:54:47.596+0000] {logging_mixin.py:190} INFO - [2025-03-04T06:54:47.596+0000] {dag.py:3239} INFO - Sync 1 DAGs
[2025-03-04T06:54:47.608+0000] {logging_mixin.py:190} INFO - [2025-03-04T06:54:47.607+0000] {dag.py:4180} INFO - Setting next_dagrun for example_complex to None, run_after=None
[2025-03-04T06:54:47.625+0000] {processor.py:208} INFO - Processing /home/airflow/.local/lib/python3.12/site-packages/airflow/example_dags/example_complex.py took 0.076 seconds
[2025-03-04T06:55:17.854+0000] {processor.py:186} INFO - Started process (PID=324) to work on /home/airflow/.local/lib/python3.12/site-packages/airflow/example_dags/example_complex.py
[2025-03-04T06:55:17.855+0000] {processor.py:914} INFO - Processing file /home/airflow/.local/lib/python3.12/site-packages/airflow/example_dags/example_complex.py for tasks to queue
[2025-03-04T06:55:17.857+0000] {logging_mixin.py:190} INFO - [2025-03-04T06:55:17.857+0000] {dagbag.py:588} INFO - Filling up the DagBag from /home/airflow/.local/lib/python3.12/site-packages/airflow/example_dags/example_complex.py
[2025-03-04T06:55:17.866+0000] {processor.py:925} INFO - DAG(s) 'example_complex' retrieved from /home/airflow/.local/lib/python3.12/site-packages/airflow/example_dags/example_complex.py
[2025-03-04T06:55:17.894+0000] {logging_mixin.py:190} INFO - [2025-03-04T06:55:17.893+0000] {dag.py:3239} INFO - Sync 1 DAGs
[2025-03-04T06:55:17.906+0000] {logging_mixin.py:190} INFO - [2025-03-04T06:55:17.906+0000] {dag.py:4180} INFO - Setting next_dagrun for example_complex to None, run_after=None
[2025-03-04T06:55:17.924+0000] {processor.py:208} INFO - Processing /home/airflow/.local/lib/python3.12/site-packages/airflow/example_dags/example_complex.py took 0.075 seconds
[2025-03-04T06:55:48.698+0000] {processor.py:186} INFO - Started process (PID=407) to work on /home/airflow/.local/lib/python3.12/site-packages/airflow/example_dags/example_complex.py
[2025-03-04T06:55:48.699+0000] {processor.py:914} INFO - Processing file /home/airflow/.local/lib/python3.12/site-packages/airflow/example_dags/example_complex.py for tasks to queue
[2025-03-04T06:55:48.701+0000] {logging_mixin.py:190} INFO - [2025-03-04T06:55:48.701+0000] {dagbag.py:588} INFO - Filling up the DagBag from /home/airflow/.local/lib/python3.12/site-packages/airflow/example_dags/example_complex.py
[2025-03-04T06:55:48.710+0000] {processor.py:925} INFO - DAG(s) 'example_complex' retrieved from /home/airflow/.local/lib/python3.12/site-packages/airflow/example_dags/example_complex.py
[2025-03-04T06:55:48.732+0000] {logging_mixin.py:190} INFO - [2025-03-04T06:55:48.732+0000] {dag.py:3239} INFO - Sync 1 DAGs
[2025-03-04T06:55:48.742+0000] {logging_mixin.py:190} INFO - [2025-03-04T06:55:48.742+0000] {dag.py:4180} INFO - Setting next_dagrun for example_complex to None, run_after=None
[2025-03-04T06:55:48.755+0000] {processor.py:208} INFO - Processing /home/airflow/.local/lib/python3.12/site-packages/airflow/example_dags/example_complex.py took 0.062 seconds
[2025-03-04T06:56:19.623+0000] {processor.py:186} INFO - Started process (PID=482) to work on /home/airflow/.local/lib/python3.12/site-packages/airflow/example_dags/example_complex.py
[2025-03-04T06:56:19.624+0000] {processor.py:914} INFO - Processing file /home/airflow/.local/lib/python3.12/site-packages/airflow/example_dags/example_complex.py for tasks to queue
[2025-03-04T06:56:19.626+0000] {logging_mixin.py:190} INFO - [2025-03-04T06:56:19.626+0000] {dagbag.py:588} INFO - Filling up the DagBag from /home/airflow/.local/lib/python3.12/site-packages/airflow/example_dags/example_complex.py
[2025-03-04T06:56:19.636+0000] {processor.py:925} INFO - DAG(s) 'example_complex' retrieved from /home/airflow/.local/lib/python3.12/site-packages/airflow/example_dags/example_complex.py
[2025-03-04T06:56:19.662+0000] {logging_mixin.py:190} INFO - [2025-03-04T06:56:19.661+0000] {dag.py:3239} INFO - Sync 1 DAGs
[2025-03-04T06:56:19.674+0000] {logging_mixin.py:190} INFO - [2025-03-04T06:56:19.673+0000] {dag.py:4180} INFO - Setting next_dagrun for example_complex to None, run_after=None
[2025-03-04T06:56:19.689+0000] {processor.py:208} INFO - Processing /home/airflow/.local/lib/python3.12/site-packages/airflow/example_dags/example_complex.py took 0.072 seconds
[2025-03-04T06:56:50.766+0000] {processor.py:186} INFO - Started process (PID=565) to work on /home/airflow/.local/lib/python3.12/site-packages/airflow/example_dags/example_complex.py
[2025-03-04T06:56:50.767+0000] {processor.py:914} INFO - Processing file /home/airflow/.local/lib/python3.12/site-packages/airflow/example_dags/example_complex.py for tasks to queue
[2025-03-04T06:56:50.770+0000] {logging_mixin.py:190} INFO - [2025-03-04T06:56:50.770+0000] {dagbag.py:588} INFO - Filling up the DagBag from /home/airflow/.local/lib/python3.12/site-packages/airflow/example_dags/example_complex.py
[2025-03-04T06:56:50.783+0000] {processor.py:925} INFO - DAG(s) 'example_complex' retrieved from /home/airflow/.local/lib/python3.12/site-packages/airflow/example_dags/example_complex.py
[2025-03-04T06:56:50.818+0000] {logging_mixin.py:190} INFO - [2025-03-04T06:56:50.817+0000] {dag.py:3239} INFO - Sync 1 DAGs
[2025-03-04T06:56:50.833+0000] {logging_mixin.py:190} INFO - [2025-03-04T06:56:50.832+0000] {dag.py:4180} INFO - Setting next_dagrun for example_complex to None, run_after=None
[2025-03-04T06:56:50.851+0000] {processor.py:208} INFO - Processing /home/airflow/.local/lib/python3.12/site-packages/airflow/example_dags/example_complex.py took 0.091 seconds
[2025-03-04T06:57:21.924+0000] {processor.py:186} INFO - Started process (PID=640) to work on /home/airflow/.local/lib/python3.12/site-packages/airflow/example_dags/example_complex.py
[2025-03-04T06:57:21.925+0000] {processor.py:914} INFO - Processing file /home/airflow/.local/lib/python3.12/site-packages/airflow/example_dags/example_complex.py for tasks to queue
[2025-03-04T06:57:21.927+0000] {logging_mixin.py:190} INFO - [2025-03-04T06:57:21.927+0000] {dagbag.py:588} INFO - Filling up the DagBag from /home/airflow/.local/lib/python3.12/site-packages/airflow/example_dags/example_complex.py
[2025-03-04T06:57:21.936+0000] {processor.py:925} INFO - DAG(s) 'example_complex' retrieved from /home/airflow/.local/lib/python3.12/site-packages/airflow/example_dags/example_complex.py
[2025-03-04T06:57:21.962+0000] {logging_mixin.py:190} INFO - [2025-03-04T06:57:21.962+0000] {dag.py:3239} INFO - Sync 1 DAGs
[2025-03-04T06:57:21.974+0000] {logging_mixin.py:190} INFO - [2025-03-04T06:57:21.974+0000] {dag.py:4180} INFO - Setting next_dagrun for example_complex to None, run_after=None
[2025-03-04T06:57:21.991+0000] {processor.py:208} INFO - Processing /home/airflow/.local/lib/python3.12/site-packages/airflow/example_dags/example_complex.py took 0.072 seconds
[2025-03-04T06:57:53.307+0000] {processor.py:186} INFO - Started process (PID=723) to work on /home/airflow/.local/lib/python3.12/site-packages/airflow/example_dags/example_complex.py
[2025-03-04T06:57:53.309+0000] {processor.py:914} INFO - Processing file /home/airflow/.local/lib/python3.12/site-packages/airflow/example_dags/example_complex.py for tasks to queue
[2025-03-04T06:57:53.312+0000] {logging_mixin.py:190} INFO - [2025-03-04T06:57:53.311+0000] {dagbag.py:588} INFO - Filling up the DagBag from /home/airflow/.local/lib/python3.12/site-packages/airflow/example_dags/example_complex.py
[2025-03-04T06:57:53.323+0000] {processor.py:925} INFO - DAG(s) 'example_complex' retrieved from /home/airflow/.local/lib/python3.12/site-packages/airflow/example_dags/example_complex.py
[2025-03-04T06:57:53.354+0000] {logging_mixin.py:190} INFO - [2025-03-04T06:57:53.354+0000] {dag.py:3239} INFO - Sync 1 DAGs
[2025-03-04T06:57:53.369+0000] {logging_mixin.py:190} INFO - [2025-03-04T06:57:53.369+0000] {dag.py:4180} INFO - Setting next_dagrun for example_complex to None, run_after=None
[2025-03-04T06:57:53.386+0000] {processor.py:208} INFO - Processing /home/airflow/.local/lib/python3.12/site-packages/airflow/example_dags/example_complex.py took 0.085 seconds
[2025-03-04T06:58:23.728+0000] {processor.py:186} INFO - Started process (PID=798) to work on /home/airflow/.local/lib/python3.12/site-packages/airflow/example_dags/example_complex.py
[2025-03-04T06:58:23.729+0000] {processor.py:914} INFO - Processing file /home/airflow/.local/lib/python3.12/site-packages/airflow/example_dags/example_complex.py for tasks to queue
[2025-03-04T06:58:23.732+0000] {logging_mixin.py:190} INFO - [2025-03-04T06:58:23.731+0000] {dagbag.py:588} INFO - Filling up the DagBag from /home/airflow/.local/lib/python3.12/site-packages/airflow/example_dags/example_complex.py
[2025-03-04T06:58:23.741+0000] {processor.py:925} INFO - DAG(s) 'example_complex' retrieved from /home/airflow/.local/lib/python3.12/site-packages/airflow/example_dags/example_complex.py
[2025-03-04T06:58:23.767+0000] {logging_mixin.py:190} INFO - [2025-03-04T06:58:23.767+0000] {dag.py:3239} INFO - Sync 1 DAGs
[2025-03-04T06:58:23.779+0000] {logging_mixin.py:190} INFO - [2025-03-04T06:58:23.779+0000] {dag.py:4180} INFO - Setting next_dagrun for example_complex to None, run_after=None
[2025-03-04T06:58:23.793+0000] {processor.py:208} INFO - Processing /home/airflow/.local/lib/python3.12/site-packages/airflow/example_dags/example_complex.py took 0.070 seconds
[2025-03-04T06:58:54.242+0000] {processor.py:186} INFO - Started process (PID=875) to work on /home/airflow/.local/lib/python3.12/site-packages/airflow/example_dags/example_complex.py
[2025-03-04T06:58:54.244+0000] {processor.py:914} INFO - Processing file /home/airflow/.local/lib/python3.12/site-packages/airflow/example_dags/example_complex.py for tasks to queue
[2025-03-04T06:58:54.248+0000] {logging_mixin.py:190} INFO - [2025-03-04T06:58:54.248+0000] {dagbag.py:588} INFO - Filling up the DagBag from /home/airflow/.local/lib/python3.12/site-packages/airflow/example_dags/example_complex.py
[2025-03-04T06:58:54.266+0000] {processor.py:925} INFO - DAG(s) 'example_complex' retrieved from /home/airflow/.local/lib/python3.12/site-packages/airflow/example_dags/example_complex.py
[2025-03-04T06:58:54.305+0000] {logging_mixin.py:190} INFO - [2025-03-04T06:58:54.305+0000] {dag.py:3239} INFO - Sync 1 DAGs
[2025-03-04T06:58:54.325+0000] {logging_mixin.py:190} INFO - [2025-03-04T06:58:54.325+0000] {dag.py:4180} INFO - Setting next_dagrun for example_complex to None, run_after=None
[2025-03-04T06:58:54.350+0000] {processor.py:208} INFO - Processing /home/airflow/.local/lib/python3.12/site-packages/airflow/example_dags/example_complex.py took 0.120 seconds
[2025-03-04T06:59:25.270+0000] {processor.py:186} INFO - Started process (PID=959) to work on /home/airflow/.local/lib/python3.12/site-packages/airflow/example_dags/example_complex.py
[2025-03-04T06:59:25.272+0000] {processor.py:914} INFO - Processing file /home/airflow/.local/lib/python3.12/site-packages/airflow/example_dags/example_complex.py for tasks to queue
[2025-03-04T06:59:25.275+0000] {logging_mixin.py:190} INFO - [2025-03-04T06:59:25.275+0000] {dagbag.py:588} INFO - Filling up the DagBag from /home/airflow/.local/lib/python3.12/site-packages/airflow/example_dags/example_complex.py
[2025-03-04T06:59:25.286+0000] {processor.py:925} INFO - DAG(s) 'example_complex' retrieved from /home/airflow/.local/lib/python3.12/site-packages/airflow/example_dags/example_complex.py
[2025-03-04T06:59:25.315+0000] {logging_mixin.py:190} INFO - [2025-03-04T06:59:25.315+0000] {dag.py:3239} INFO - Sync 1 DAGs
[2025-03-04T06:59:25.328+0000] {logging_mixin.py:190} INFO - [2025-03-04T06:59:25.328+0000] {dag.py:4180} INFO - Setting next_dagrun for example_complex to None, run_after=None
[2025-03-04T06:59:25.348+0000] {processor.py:208} INFO - Processing /home/airflow/.local/lib/python3.12/site-packages/airflow/example_dags/example_complex.py took 0.084 seconds
[2025-03-04T06:59:56.172+0000] {processor.py:186} INFO - Started process (PID=1035) to work on /home/airflow/.local/lib/python3.12/site-packages/airflow/example_dags/example_complex.py
[2025-03-04T06:59:56.173+0000] {processor.py:914} INFO - Processing file /home/airflow/.local/lib/python3.12/site-packages/airflow/example_dags/example_complex.py for tasks to queue
[2025-03-04T06:59:56.175+0000] {logging_mixin.py:190} INFO - [2025-03-04T06:59:56.175+0000] {dagbag.py:588} INFO - Filling up the DagBag from /home/airflow/.local/lib/python3.12/site-packages/airflow/example_dags/example_complex.py
[2025-03-04T06:59:56.186+0000] {processor.py:925} INFO - DAG(s) 'example_complex' retrieved from /home/airflow/.local/lib/python3.12/site-packages/airflow/example_dags/example_complex.py
[2025-03-04T06:59:56.215+0000] {logging_mixin.py:190} INFO - [2025-03-04T06:59:56.215+0000] {dag.py:3239} INFO - Sync 1 DAGs
[2025-03-04T06:59:56.228+0000] {logging_mixin.py:190} INFO - [2025-03-04T06:59:56.228+0000] {dag.py:4180} INFO - Setting next_dagrun for example_complex to None, run_after=None
[2025-03-04T06:59:56.245+0000] {processor.py:208} INFO - Processing /home/airflow/.local/lib/python3.12/site-packages/airflow/example_dags/example_complex.py took 0.079 seconds
[2025-03-04T07:00:26.790+0000] {processor.py:186} INFO - Started process (PID=1119) to work on /home/airflow/.local/lib/python3.12/site-packages/airflow/example_dags/example_complex.py
[2025-03-04T07:00:26.791+0000] {processor.py:914} INFO - Processing file /home/airflow/.local/lib/python3.12/site-packages/airflow/example_dags/example_complex.py for tasks to queue
[2025-03-04T07:00:26.793+0000] {logging_mixin.py:190} INFO - [2025-03-04T07:00:26.793+0000] {dagbag.py:588} INFO - Filling up the DagBag from /home/airflow/.local/lib/python3.12/site-packages/airflow/example_dags/example_complex.py
[2025-03-04T07:00:26.802+0000] {processor.py:925} INFO - DAG(s) 'example_complex' retrieved from /home/airflow/.local/lib/python3.12/site-packages/airflow/example_dags/example_complex.py
[2025-03-04T07:00:26.826+0000] {logging_mixin.py:190} INFO - [2025-03-04T07:00:26.826+0000] {dag.py:3239} INFO - Sync 1 DAGs
[2025-03-04T07:00:26.839+0000] {logging_mixin.py:190} INFO - [2025-03-04T07:00:26.838+0000] {dag.py:4180} INFO - Setting next_dagrun for example_complex to None, run_after=None
[2025-03-04T07:00:26.853+0000] {processor.py:208} INFO - Processing /home/airflow/.local/lib/python3.12/site-packages/airflow/example_dags/example_complex.py took 0.067 seconds
[2025-03-04T07:00:57.292+0000] {processor.py:186} INFO - Started process (PID=1197) to work on /home/airflow/.local/lib/python3.12/site-packages/airflow/example_dags/example_complex.py
[2025-03-04T07:00:57.294+0000] {processor.py:914} INFO - Processing file /home/airflow/.local/lib/python3.12/site-packages/airflow/example_dags/example_complex.py for tasks to queue
[2025-03-04T07:00:57.295+0000] {logging_mixin.py:190} INFO - [2025-03-04T07:00:57.295+0000] {dagbag.py:588} INFO - Filling up the DagBag from /home/airflow/.local/lib/python3.12/site-packages/airflow/example_dags/example_complex.py
[2025-03-04T07:00:57.305+0000] {processor.py:925} INFO - DAG(s) 'example_complex' retrieved from /home/airflow/.local/lib/python3.12/site-packages/airflow/example_dags/example_complex.py
[2025-03-04T07:00:57.330+0000] {logging_mixin.py:190} INFO - [2025-03-04T07:00:57.330+0000] {dag.py:3239} INFO - Sync 1 DAGs
[2025-03-04T07:00:57.341+0000] {logging_mixin.py:190} INFO - [2025-03-04T07:00:57.341+0000] {dag.py:4180} INFO - Setting next_dagrun for example_complex to None, run_after=None
[2025-03-04T07:00:57.357+0000] {processor.py:208} INFO - Processing /home/airflow/.local/lib/python3.12/site-packages/airflow/example_dags/example_complex.py took 0.069 seconds
[2025-03-04T07:01:27.725+0000] {processor.py:186} INFO - Started process (PID=1281) to work on /home/airflow/.local/lib/python3.12/site-packages/airflow/example_dags/example_complex.py
[2025-03-04T07:01:27.727+0000] {processor.py:914} INFO - Processing file /home/airflow/.local/lib/python3.12/site-packages/airflow/example_dags/example_complex.py for tasks to queue
[2025-03-04T07:01:27.729+0000] {logging_mixin.py:190} INFO - [2025-03-04T07:01:27.728+0000] {dagbag.py:588} INFO - Filling up the DagBag from /home/airflow/.local/lib/python3.12/site-packages/airflow/example_dags/example_complex.py
[2025-03-04T07:01:27.743+0000] {processor.py:925} INFO - DAG(s) 'example_complex' retrieved from /home/airflow/.local/lib/python3.12/site-packages/airflow/example_dags/example_complex.py
[2025-03-04T07:01:27.781+0000] {logging_mixin.py:190} INFO - [2025-03-04T07:01:27.780+0000] {dag.py:3239} INFO - Sync 1 DAGs
[2025-03-04T07:01:27.800+0000] {logging_mixin.py:190} INFO - [2025-03-04T07:01:27.799+0000] {dag.py:4180} INFO - Setting next_dagrun for example_complex to None, run_after=None
[2025-03-04T07:01:27.823+0000] {processor.py:208} INFO - Processing /home/airflow/.local/lib/python3.12/site-packages/airflow/example_dags/example_complex.py took 0.104 seconds
[2025-03-04T07:01:58.280+0000] {processor.py:186} INFO - Started process (PID=1356) to work on /home/airflow/.local/lib/python3.12/site-packages/airflow/example_dags/example_complex.py
[2025-03-04T07:01:58.281+0000] {processor.py:914} INFO - Processing file /home/airflow/.local/lib/python3.12/site-packages/airflow/example_dags/example_complex.py for tasks to queue
[2025-03-04T07:01:58.282+0000] {logging_mixin.py:190} INFO - [2025-03-04T07:01:58.282+0000] {dagbag.py:588} INFO - Filling up the DagBag from /home/airflow/.local/lib/python3.12/site-packages/airflow/example_dags/example_complex.py
[2025-03-04T07:01:58.291+0000] {processor.py:925} INFO - DAG(s) 'example_complex' retrieved from /home/airflow/.local/lib/python3.12/site-packages/airflow/example_dags/example_complex.py
[2025-03-04T07:01:58.315+0000] {logging_mixin.py:190} INFO - [2025-03-04T07:01:58.314+0000] {dag.py:3239} INFO - Sync 1 DAGs
[2025-03-04T07:01:58.326+0000] {logging_mixin.py:190} INFO - [2025-03-04T07:01:58.326+0000] {dag.py:4180} INFO - Setting next_dagrun for example_complex to None, run_after=None
[2025-03-04T07:01:58.342+0000] {processor.py:208} INFO - Processing /home/airflow/.local/lib/python3.12/site-packages/airflow/example_dags/example_complex.py took 0.066 seconds
[2025-03-04T07:02:28.901+0000] {processor.py:186} INFO - Started process (PID=1441) to work on /home/airflow/.local/lib/python3.12/site-packages/airflow/example_dags/example_complex.py
[2025-03-04T07:02:28.903+0000] {processor.py:914} INFO - Processing file /home/airflow/.local/lib/python3.12/site-packages/airflow/example_dags/example_complex.py for tasks to queue
[2025-03-04T07:02:28.905+0000] {logging_mixin.py:190} INFO - [2025-03-04T07:02:28.904+0000] {dagbag.py:588} INFO - Filling up the DagBag from /home/airflow/.local/lib/python3.12/site-packages/airflow/example_dags/example_complex.py
[2025-03-04T07:02:28.923+0000] {processor.py:925} INFO - DAG(s) 'example_complex' retrieved from /home/airflow/.local/lib/python3.12/site-packages/airflow/example_dags/example_complex.py
[2025-03-04T07:02:28.960+0000] {logging_mixin.py:190} INFO - [2025-03-04T07:02:28.960+0000] {dag.py:3239} INFO - Sync 1 DAGs
[2025-03-04T07:02:28.980+0000] {logging_mixin.py:190} INFO - [2025-03-04T07:02:28.980+0000] {dag.py:4180} INFO - Setting next_dagrun for example_complex to None, run_after=None
[2025-03-04T07:02:29.004+0000] {processor.py:208} INFO - Processing /home/airflow/.local/lib/python3.12/site-packages/airflow/example_dags/example_complex.py took 0.111 seconds
[2025-03-04T07:02:59.460+0000] {processor.py:186} INFO - Started process (PID=1520) to work on /home/airflow/.local/lib/python3.12/site-packages/airflow/example_dags/example_complex.py
[2025-03-04T07:02:59.461+0000] {processor.py:914} INFO - Processing file /home/airflow/.local/lib/python3.12/site-packages/airflow/example_dags/example_complex.py for tasks to queue
[2025-03-04T07:02:59.462+0000] {logging_mixin.py:190} INFO - [2025-03-04T07:02:59.462+0000] {dagbag.py:588} INFO - Filling up the DagBag from /home/airflow/.local/lib/python3.12/site-packages/airflow/example_dags/example_complex.py
[2025-03-04T07:02:59.472+0000] {processor.py:925} INFO - DAG(s) 'example_complex' retrieved from /home/airflow/.local/lib/python3.12/site-packages/airflow/example_dags/example_complex.py
[2025-03-04T07:02:59.496+0000] {logging_mixin.py:190} INFO - [2025-03-04T07:02:59.496+0000] {dag.py:3239} INFO - Sync 1 DAGs
[2025-03-04T07:02:59.510+0000] {logging_mixin.py:190} INFO - [2025-03-04T07:02:59.509+0000] {dag.py:4180} INFO - Setting next_dagrun for example_complex to None, run_after=None
[2025-03-04T07:02:59.531+0000] {processor.py:208} INFO - Processing /home/airflow/.local/lib/python3.12/site-packages/airflow/example_dags/example_complex.py took 0.076 seconds
[2025-03-04T07:03:29.623+0000] {processor.py:186} INFO - Started process (PID=1595) to work on /home/airflow/.local/lib/python3.12/site-packages/airflow/example_dags/example_complex.py
[2025-03-04T07:03:29.625+0000] {processor.py:914} INFO - Processing file /home/airflow/.local/lib/python3.12/site-packages/airflow/example_dags/example_complex.py for tasks to queue
[2025-03-04T07:03:29.627+0000] {logging_mixin.py:190} INFO - [2025-03-04T07:03:29.626+0000] {dagbag.py:588} INFO - Filling up the DagBag from /home/airflow/.local/lib/python3.12/site-packages/airflow/example_dags/example_complex.py
[2025-03-04T07:03:29.639+0000] {processor.py:925} INFO - DAG(s) 'example_complex' retrieved from /home/airflow/.local/lib/python3.12/site-packages/airflow/example_dags/example_complex.py
[2025-03-04T07:03:29.665+0000] {logging_mixin.py:190} INFO - [2025-03-04T07:03:29.665+0000] {dag.py:3239} INFO - Sync 1 DAGs
[2025-03-04T07:03:29.679+0000] {logging_mixin.py:190} INFO - [2025-03-04T07:03:29.679+0000] {dag.py:4180} INFO - Setting next_dagrun for example_complex to None, run_after=None
[2025-03-04T07:03:29.699+0000] {processor.py:208} INFO - Processing /home/airflow/.local/lib/python3.12/site-packages/airflow/example_dags/example_complex.py took 0.080 seconds
[2025-03-04T07:04:00.002+0000] {processor.py:186} INFO - Started process (PID=1678) to work on /home/airflow/.local/lib/python3.12/site-packages/airflow/example_dags/example_complex.py
[2025-03-04T07:04:00.003+0000] {processor.py:914} INFO - Processing file /home/airflow/.local/lib/python3.12/site-packages/airflow/example_dags/example_complex.py for tasks to queue
[2025-03-04T07:04:00.005+0000] {logging_mixin.py:190} INFO - [2025-03-04T07:04:00.004+0000] {dagbag.py:588} INFO - Filling up the DagBag from /home/airflow/.local/lib/python3.12/site-packages/airflow/example_dags/example_complex.py
[2025-03-04T07:04:00.015+0000] {processor.py:925} INFO - DAG(s) 'example_complex' retrieved from /home/airflow/.local/lib/python3.12/site-packages/airflow/example_dags/example_complex.py
[2025-03-04T07:04:00.042+0000] {logging_mixin.py:190} INFO - [2025-03-04T07:04:00.042+0000] {dag.py:3239} INFO - Sync 1 DAGs
[2025-03-04T07:04:00.053+0000] {logging_mixin.py:190} INFO - [2025-03-04T07:04:00.053+0000] {dag.py:4180} INFO - Setting next_dagrun for example_complex to None, run_after=None
[2025-03-04T07:04:00.070+0000] {processor.py:208} INFO - Processing /home/airflow/.local/lib/python3.12/site-packages/airflow/example_dags/example_complex.py took 0.073 seconds
[2025-03-04T07:04:30.872+0000] {processor.py:186} INFO - Started process (PID=1753) to work on /home/airflow/.local/lib/python3.12/site-packages/airflow/example_dags/example_complex.py
[2025-03-04T07:04:30.873+0000] {processor.py:914} INFO - Processing file /home/airflow/.local/lib/python3.12/site-packages/airflow/example_dags/example_complex.py for tasks to queue
[2025-03-04T07:04:30.874+0000] {logging_mixin.py:190} INFO - [2025-03-04T07:04:30.874+0000] {dagbag.py:588} INFO - Filling up the DagBag from /home/airflow/.local/lib/python3.12/site-packages/airflow/example_dags/example_complex.py
[2025-03-04T07:04:30.887+0000] {processor.py:925} INFO - DAG(s) 'example_complex' retrieved from /home/airflow/.local/lib/python3.12/site-packages/airflow/example_dags/example_complex.py
[2025-03-04T07:04:30.909+0000] {logging_mixin.py:190} INFO - [2025-03-04T07:04:30.909+0000] {dag.py:3239} INFO - Sync 1 DAGs
[2025-03-04T07:04:30.924+0000] {logging_mixin.py:190} INFO - [2025-03-04T07:04:30.924+0000] {dag.py:4180} INFO - Setting next_dagrun for example_complex to None, run_after=None
[2025-03-04T07:04:30.940+0000] {processor.py:208} INFO - Processing /home/airflow/.local/lib/python3.12/site-packages/airflow/example_dags/example_complex.py took 0.072 seconds
[2025-03-04T07:05:01.138+0000] {processor.py:186} INFO - Started process (PID=1835) to work on /home/airflow/.local/lib/python3.12/site-packages/airflow/example_dags/example_complex.py
[2025-03-04T07:05:01.139+0000] {processor.py:914} INFO - Processing file /home/airflow/.local/lib/python3.12/site-packages/airflow/example_dags/example_complex.py for tasks to queue
[2025-03-04T07:05:01.141+0000] {logging_mixin.py:190} INFO - [2025-03-04T07:05:01.141+0000] {dagbag.py:588} INFO - Filling up the DagBag from /home/airflow/.local/lib/python3.12/site-packages/airflow/example_dags/example_complex.py
[2025-03-04T07:05:01.151+0000] {processor.py:925} INFO - DAG(s) 'example_complex' retrieved from /home/airflow/.local/lib/python3.12/site-packages/airflow/example_dags/example_complex.py
[2025-03-04T07:05:01.179+0000] {logging_mixin.py:190} INFO - [2025-03-04T07:05:01.179+0000] {dag.py:3239} INFO - Sync 1 DAGs
[2025-03-04T07:05:01.195+0000] {logging_mixin.py:190} INFO - [2025-03-04T07:05:01.195+0000] {dag.py:4180} INFO - Setting next_dagrun for example_complex to None, run_after=None
[2025-03-04T07:05:01.216+0000] {processor.py:208} INFO - Processing /home/airflow/.local/lib/python3.12/site-packages/airflow/example_dags/example_complex.py took 0.083 seconds
[2025-03-04T07:05:31.525+0000] {processor.py:186} INFO - Started process (PID=1909) to work on /home/airflow/.local/lib/python3.12/site-packages/airflow/example_dags/example_complex.py
[2025-03-04T07:05:31.526+0000] {processor.py:914} INFO - Processing file /home/airflow/.local/lib/python3.12/site-packages/airflow/example_dags/example_complex.py for tasks to queue
[2025-03-04T07:05:31.528+0000] {logging_mixin.py:190} INFO - [2025-03-04T07:05:31.528+0000] {dagbag.py:588} INFO - Filling up the DagBag from /home/airflow/.local/lib/python3.12/site-packages/airflow/example_dags/example_complex.py
[2025-03-04T07:05:31.541+0000] {processor.py:925} INFO - DAG(s) 'example_complex' retrieved from /home/airflow/.local/lib/python3.12/site-packages/airflow/example_dags/example_complex.py
[2025-03-04T07:05:31.564+0000] {logging_mixin.py:190} INFO - [2025-03-04T07:05:31.564+0000] {dag.py:3239} INFO - Sync 1 DAGs
[2025-03-04T07:05:31.575+0000] {logging_mixin.py:190} INFO - [2025-03-04T07:05:31.575+0000] {dag.py:4180} INFO - Setting next_dagrun for example_complex to None, run_after=None
[2025-03-04T07:05:31.591+0000] {processor.py:208} INFO - Processing /home/airflow/.local/lib/python3.12/site-packages/airflow/example_dags/example_complex.py took 0.071 seconds
[2025-03-04T07:06:01.878+0000] {processor.py:186} INFO - Started process (PID=1991) to work on /home/airflow/.local/lib/python3.12/site-packages/airflow/example_dags/example_complex.py
[2025-03-04T07:06:01.879+0000] {processor.py:914} INFO - Processing file /home/airflow/.local/lib/python3.12/site-packages/airflow/example_dags/example_complex.py for tasks to queue
[2025-03-04T07:06:01.880+0000] {logging_mixin.py:190} INFO - [2025-03-04T07:06:01.880+0000] {dagbag.py:588} INFO - Filling up the DagBag from /home/airflow/.local/lib/python3.12/site-packages/airflow/example_dags/example_complex.py
[2025-03-04T07:06:01.890+0000] {processor.py:925} INFO - DAG(s) 'example_complex' retrieved from /home/airflow/.local/lib/python3.12/site-packages/airflow/example_dags/example_complex.py
[2025-03-04T07:06:01.918+0000] {logging_mixin.py:190} INFO - [2025-03-04T07:06:01.918+0000] {dag.py:3239} INFO - Sync 1 DAGs
[2025-03-04T07:06:01.932+0000] {logging_mixin.py:190} INFO - [2025-03-04T07:06:01.932+0000] {dag.py:4180} INFO - Setting next_dagrun for example_complex to None, run_after=None
[2025-03-04T07:06:01.951+0000] {processor.py:208} INFO - Processing /home/airflow/.local/lib/python3.12/site-packages/airflow/example_dags/example_complex.py took 0.079 seconds
[2025-03-04T07:06:32.263+0000] {processor.py:186} INFO - Started process (PID=2065) to work on /home/airflow/.local/lib/python3.12/site-packages/airflow/example_dags/example_complex.py
[2025-03-04T07:06:32.264+0000] {processor.py:914} INFO - Processing file /home/airflow/.local/lib/python3.12/site-packages/airflow/example_dags/example_complex.py for tasks to queue
[2025-03-04T07:06:32.265+0000] {logging_mixin.py:190} INFO - [2025-03-04T07:06:32.265+0000] {dagbag.py:588} INFO - Filling up the DagBag from /home/airflow/.local/lib/python3.12/site-packages/airflow/example_dags/example_complex.py
[2025-03-04T07:06:32.274+0000] {processor.py:925} INFO - DAG(s) 'example_complex' retrieved from /home/airflow/.local/lib/python3.12/site-packages/airflow/example_dags/example_complex.py
[2025-03-04T07:06:32.297+0000] {logging_mixin.py:190} INFO - [2025-03-04T07:06:32.297+0000] {dag.py:3239} INFO - Sync 1 DAGs
[2025-03-04T07:06:32.308+0000] {logging_mixin.py:190} INFO - [2025-03-04T07:06:32.308+0000] {dag.py:4180} INFO - Setting next_dagrun for example_complex to None, run_after=None
[2025-03-04T07:06:32.323+0000] {processor.py:208} INFO - Processing /home/airflow/.local/lib/python3.12/site-packages/airflow/example_dags/example_complex.py took 0.065 seconds
[2025-03-04T07:07:02.602+0000] {processor.py:186} INFO - Started process (PID=2147) to work on /home/airflow/.local/lib/python3.12/site-packages/airflow/example_dags/example_complex.py
[2025-03-04T07:07:02.604+0000] {processor.py:914} INFO - Processing file /home/airflow/.local/lib/python3.12/site-packages/airflow/example_dags/example_complex.py for tasks to queue
[2025-03-04T07:07:02.605+0000] {logging_mixin.py:190} INFO - [2025-03-04T07:07:02.605+0000] {dagbag.py:588} INFO - Filling up the DagBag from /home/airflow/.local/lib/python3.12/site-packages/airflow/example_dags/example_complex.py
[2025-03-04T07:07:02.620+0000] {processor.py:925} INFO - DAG(s) 'example_complex' retrieved from /home/airflow/.local/lib/python3.12/site-packages/airflow/example_dags/example_complex.py
[2025-03-04T07:07:02.657+0000] {logging_mixin.py:190} INFO - [2025-03-04T07:07:02.657+0000] {dag.py:3239} INFO - Sync 1 DAGs
[2025-03-04T07:07:02.674+0000] {logging_mixin.py:190} INFO - [2025-03-04T07:07:02.674+0000] {dag.py:4180} INFO - Setting next_dagrun for example_complex to None, run_after=None
[2025-03-04T07:07:02.697+0000] {processor.py:208} INFO - Processing /home/airflow/.local/lib/python3.12/site-packages/airflow/example_dags/example_complex.py took 0.103 seconds
[2025-03-04T07:07:32.869+0000] {processor.py:186} INFO - Started process (PID=2221) to work on /home/airflow/.local/lib/python3.12/site-packages/airflow/example_dags/example_complex.py
[2025-03-04T07:07:32.870+0000] {processor.py:914} INFO - Processing file /home/airflow/.local/lib/python3.12/site-packages/airflow/example_dags/example_complex.py for tasks to queue
[2025-03-04T07:07:32.871+0000] {logging_mixin.py:190} INFO - [2025-03-04T07:07:32.871+0000] {dagbag.py:588} INFO - Filling up the DagBag from /home/airflow/.local/lib/python3.12/site-packages/airflow/example_dags/example_complex.py
[2025-03-04T07:07:32.880+0000] {processor.py:925} INFO - DAG(s) 'example_complex' retrieved from /home/airflow/.local/lib/python3.12/site-packages/airflow/example_dags/example_complex.py
[2025-03-04T07:07:32.903+0000] {logging_mixin.py:190} INFO - [2025-03-04T07:07:32.903+0000] {dag.py:3239} INFO - Sync 1 DAGs
[2025-03-04T07:07:32.914+0000] {logging_mixin.py:190} INFO - [2025-03-04T07:07:32.914+0000] {dag.py:4180} INFO - Setting next_dagrun for example_complex to None, run_after=None
[2025-03-04T07:07:32.930+0000] {processor.py:208} INFO - Processing /home/airflow/.local/lib/python3.12/site-packages/airflow/example_dags/example_complex.py took 0.065 seconds
[2025-03-04T07:08:03.178+0000] {processor.py:186} INFO - Started process (PID=2302) to work on /home/airflow/.local/lib/python3.12/site-packages/airflow/example_dags/example_complex.py
[2025-03-04T07:08:03.180+0000] {processor.py:914} INFO - Processing file /home/airflow/.local/lib/python3.12/site-packages/airflow/example_dags/example_complex.py for tasks to queue
[2025-03-04T07:08:03.182+0000] {logging_mixin.py:190} INFO - [2025-03-04T07:08:03.181+0000] {dagbag.py:588} INFO - Filling up the DagBag from /home/airflow/.local/lib/python3.12/site-packages/airflow/example_dags/example_complex.py
[2025-03-04T07:08:03.198+0000] {processor.py:925} INFO - DAG(s) 'example_complex' retrieved from /home/airflow/.local/lib/python3.12/site-packages/airflow/example_dags/example_complex.py
[2025-03-04T07:08:03.237+0000] {logging_mixin.py:190} INFO - [2025-03-04T07:08:03.237+0000] {dag.py:3239} INFO - Sync 1 DAGs
[2025-03-04T07:08:03.257+0000] {logging_mixin.py:190} INFO - [2025-03-04T07:08:03.256+0000] {dag.py:4180} INFO - Setting next_dagrun for example_complex to None, run_after=None
[2025-03-04T07:08:03.275+0000] {processor.py:208} INFO - Processing /home/airflow/.local/lib/python3.12/site-packages/airflow/example_dags/example_complex.py took 0.104 seconds
[2025-03-04T07:08:33.543+0000] {processor.py:186} INFO - Started process (PID=2377) to work on /home/airflow/.local/lib/python3.12/site-packages/airflow/example_dags/example_complex.py
[2025-03-04T07:08:33.544+0000] {processor.py:914} INFO - Processing file /home/airflow/.local/lib/python3.12/site-packages/airflow/example_dags/example_complex.py for tasks to queue
[2025-03-04T07:08:33.546+0000] {logging_mixin.py:190} INFO - [2025-03-04T07:08:33.546+0000] {dagbag.py:588} INFO - Filling up the DagBag from /home/airflow/.local/lib/python3.12/site-packages/airflow/example_dags/example_complex.py
[2025-03-04T07:08:33.561+0000] {processor.py:925} INFO - DAG(s) 'example_complex' retrieved from /home/airflow/.local/lib/python3.12/site-packages/airflow/example_dags/example_complex.py
[2025-03-04T07:08:33.594+0000] {logging_mixin.py:190} INFO - [2025-03-04T07:08:33.594+0000] {dag.py:3239} INFO - Sync 1 DAGs
[2025-03-04T07:08:33.610+0000] {logging_mixin.py:190} INFO - [2025-03-04T07:08:33.610+0000] {dag.py:4180} INFO - Setting next_dagrun for example_complex to None, run_after=None
[2025-03-04T07:08:33.631+0000] {processor.py:208} INFO - Processing /home/airflow/.local/lib/python3.12/site-packages/airflow/example_dags/example_complex.py took 0.095 seconds
[2025-03-04T07:09:03.928+0000] {processor.py:186} INFO - Started process (PID=2452) to work on /home/airflow/.local/lib/python3.12/site-packages/airflow/example_dags/example_complex.py
[2025-03-04T07:09:03.930+0000] {processor.py:914} INFO - Processing file /home/airflow/.local/lib/python3.12/site-packages/airflow/example_dags/example_complex.py for tasks to queue
[2025-03-04T07:09:03.932+0000] {logging_mixin.py:190} INFO - [2025-03-04T07:09:03.931+0000] {dagbag.py:588} INFO - Filling up the DagBag from /home/airflow/.local/lib/python3.12/site-packages/airflow/example_dags/example_complex.py
[2025-03-04T07:09:03.944+0000] {processor.py:925} INFO - DAG(s) 'example_complex' retrieved from /home/airflow/.local/lib/python3.12/site-packages/airflow/example_dags/example_complex.py
[2025-03-04T07:09:03.971+0000] {logging_mixin.py:190} INFO - [2025-03-04T07:09:03.971+0000] {dag.py:3239} INFO - Sync 1 DAGs
[2025-03-04T07:09:03.985+0000] {logging_mixin.py:190} INFO - [2025-03-04T07:09:03.984+0000] {dag.py:4180} INFO - Setting next_dagrun for example_complex to None, run_after=None
[2025-03-04T07:09:04.004+0000] {processor.py:208} INFO - Processing /home/airflow/.local/lib/python3.12/site-packages/airflow/example_dags/example_complex.py took 0.082 seconds
[2025-03-04T07:09:34.569+0000] {processor.py:186} INFO - Started process (PID=2534) to work on /home/airflow/.local/lib/python3.12/site-packages/airflow/example_dags/example_complex.py
[2025-03-04T07:09:34.570+0000] {processor.py:914} INFO - Processing file /home/airflow/.local/lib/python3.12/site-packages/airflow/example_dags/example_complex.py for tasks to queue
[2025-03-04T07:09:34.571+0000] {logging_mixin.py:190} INFO - [2025-03-04T07:09:34.571+0000] {dagbag.py:588} INFO - Filling up the DagBag from /home/airflow/.local/lib/python3.12/site-packages/airflow/example_dags/example_complex.py
[2025-03-04T07:09:34.582+0000] {processor.py:925} INFO - DAG(s) 'example_complex' retrieved from /home/airflow/.local/lib/python3.12/site-packages/airflow/example_dags/example_complex.py
[2025-03-04T07:09:34.609+0000] {logging_mixin.py:190} INFO - [2025-03-04T07:09:34.609+0000] {dag.py:3239} INFO - Sync 1 DAGs
[2025-03-04T07:09:34.621+0000] {logging_mixin.py:190} INFO - [2025-03-04T07:09:34.621+0000] {dag.py:4180} INFO - Setting next_dagrun for example_complex to None, run_after=None
[2025-03-04T07:09:34.638+0000] {processor.py:208} INFO - Processing /home/airflow/.local/lib/python3.12/site-packages/airflow/example_dags/example_complex.py took 0.076 seconds
[2025-03-04T07:10:04.975+0000] {processor.py:186} INFO - Started process (PID=2608) to work on /home/airflow/.local/lib/python3.12/site-packages/airflow/example_dags/example_complex.py
[2025-03-04T07:10:04.977+0000] {processor.py:914} INFO - Processing file /home/airflow/.local/lib/python3.12/site-packages/airflow/example_dags/example_complex.py for tasks to queue
[2025-03-04T07:10:04.979+0000] {logging_mixin.py:190} INFO - [2025-03-04T07:10:04.979+0000] {dagbag.py:588} INFO - Filling up the DagBag from /home/airflow/.local/lib/python3.12/site-packages/airflow/example_dags/example_complex.py
[2025-03-04T07:10:04.988+0000] {processor.py:925} INFO - DAG(s) 'example_complex' retrieved from /home/airflow/.local/lib/python3.12/site-packages/airflow/example_dags/example_complex.py
[2025-03-04T07:10:05.012+0000] {logging_mixin.py:190} INFO - [2025-03-04T07:10:05.012+0000] {dag.py:3239} INFO - Sync 1 DAGs
[2025-03-04T07:10:05.023+0000] {logging_mixin.py:190} INFO - [2025-03-04T07:10:05.023+0000] {dag.py:4180} INFO - Setting next_dagrun for example_complex to None, run_after=None
[2025-03-04T07:10:05.040+0000] {processor.py:208} INFO - Processing /home/airflow/.local/lib/python3.12/site-packages/airflow/example_dags/example_complex.py took 0.069 seconds
[2025-03-04T07:10:35.280+0000] {processor.py:186} INFO - Started process (PID=2688) to work on /home/airflow/.local/lib/python3.12/site-packages/airflow/example_dags/example_complex.py
[2025-03-04T07:10:35.281+0000] {processor.py:914} INFO - Processing file /home/airflow/.local/lib/python3.12/site-packages/airflow/example_dags/example_complex.py for tasks to queue
[2025-03-04T07:10:35.284+0000] {logging_mixin.py:190} INFO - [2025-03-04T07:10:35.283+0000] {dagbag.py:588} INFO - Filling up the DagBag from /home/airflow/.local/lib/python3.12/site-packages/airflow/example_dags/example_complex.py
[2025-03-04T07:10:35.297+0000] {processor.py:925} INFO - DAG(s) 'example_complex' retrieved from /home/airflow/.local/lib/python3.12/site-packages/airflow/example_dags/example_complex.py
[2025-03-04T07:10:35.327+0000] {logging_mixin.py:190} INFO - [2025-03-04T07:10:35.327+0000] {dag.py:3239} INFO - Sync 1 DAGs
[2025-03-04T07:10:35.343+0000] {logging_mixin.py:190} INFO - [2025-03-04T07:10:35.343+0000] {dag.py:4180} INFO - Setting next_dagrun for example_complex to None, run_after=None
[2025-03-04T07:10:35.367+0000] {processor.py:208} INFO - Processing /home/airflow/.local/lib/python3.12/site-packages/airflow/example_dags/example_complex.py took 0.092 seconds
[2025-03-04T07:11:05.464+0000] {processor.py:186} INFO - Started process (PID=2763) to work on /home/airflow/.local/lib/python3.12/site-packages/airflow/example_dags/example_complex.py
[2025-03-04T07:11:05.465+0000] {processor.py:914} INFO - Processing file /home/airflow/.local/lib/python3.12/site-packages/airflow/example_dags/example_complex.py for tasks to queue
[2025-03-04T07:11:05.466+0000] {logging_mixin.py:190} INFO - [2025-03-04T07:11:05.466+0000] {dagbag.py:588} INFO - Filling up the DagBag from /home/airflow/.local/lib/python3.12/site-packages/airflow/example_dags/example_complex.py
[2025-03-04T07:11:05.476+0000] {processor.py:925} INFO - DAG(s) 'example_complex' retrieved from /home/airflow/.local/lib/python3.12/site-packages/airflow/example_dags/example_complex.py
[2025-03-04T07:11:05.501+0000] {logging_mixin.py:190} INFO - [2025-03-04T07:11:05.500+0000] {dag.py:3239} INFO - Sync 1 DAGs
[2025-03-04T07:11:05.512+0000] {logging_mixin.py:190} INFO - [2025-03-04T07:11:05.511+0000] {dag.py:4180} INFO - Setting next_dagrun for example_complex to None, run_after=None
[2025-03-04T07:11:05.528+0000] {processor.py:208} INFO - Processing /home/airflow/.local/lib/python3.12/site-packages/airflow/example_dags/example_complex.py took 0.069 seconds
[2025-03-04T07:11:35.835+0000] {processor.py:186} INFO - Started process (PID=2837) to work on /home/airflow/.local/lib/python3.12/site-packages/airflow/example_dags/example_complex.py
[2025-03-04T07:11:35.836+0000] {processor.py:914} INFO - Processing file /home/airflow/.local/lib/python3.12/site-packages/airflow/example_dags/example_complex.py for tasks to queue
[2025-03-04T07:11:35.841+0000] {logging_mixin.py:190} INFO - [2025-03-04T07:11:35.840+0000] {dagbag.py:588} INFO - Filling up the DagBag from /home/airflow/.local/lib/python3.12/site-packages/airflow/example_dags/example_complex.py
[2025-03-04T07:11:35.850+0000] {processor.py:925} INFO - DAG(s) 'example_complex' retrieved from /home/airflow/.local/lib/python3.12/site-packages/airflow/example_dags/example_complex.py
[2025-03-04T07:11:35.872+0000] {logging_mixin.py:190} INFO - [2025-03-04T07:11:35.871+0000] {dag.py:3239} INFO - Sync 1 DAGs
[2025-03-04T07:11:35.882+0000] {logging_mixin.py:190} INFO - [2025-03-04T07:11:35.882+0000] {dag.py:4180} INFO - Setting next_dagrun for example_complex to None, run_after=None
[2025-03-04T07:11:35.897+0000] {processor.py:208} INFO - Processing /home/airflow/.local/lib/python3.12/site-packages/airflow/example_dags/example_complex.py took 0.066 seconds
[2025-03-04T07:12:06.729+0000] {processor.py:186} INFO - Started process (PID=2918) to work on /home/airflow/.local/lib/python3.12/site-packages/airflow/example_dags/example_complex.py
[2025-03-04T07:12:06.730+0000] {processor.py:914} INFO - Processing file /home/airflow/.local/lib/python3.12/site-packages/airflow/example_dags/example_complex.py for tasks to queue
[2025-03-04T07:12:06.731+0000] {logging_mixin.py:190} INFO - [2025-03-04T07:12:06.731+0000] {dagbag.py:588} INFO - Filling up the DagBag from /home/airflow/.local/lib/python3.12/site-packages/airflow/example_dags/example_complex.py
[2025-03-04T07:12:06.740+0000] {processor.py:925} INFO - DAG(s) 'example_complex' retrieved from /home/airflow/.local/lib/python3.12/site-packages/airflow/example_dags/example_complex.py
[2025-03-04T07:12:06.772+0000] {logging_mixin.py:190} INFO - [2025-03-04T07:12:06.772+0000] {dag.py:3239} INFO - Sync 1 DAGs
[2025-03-04T07:12:06.789+0000] {logging_mixin.py:190} INFO - [2025-03-04T07:12:06.789+0000] {dag.py:4180} INFO - Setting next_dagrun for example_complex to None, run_after=None
[2025-03-04T07:12:06.811+0000] {processor.py:208} INFO - Processing /home/airflow/.local/lib/python3.12/site-packages/airflow/example_dags/example_complex.py took 0.087 seconds
[2025-03-04T07:12:37.048+0000] {processor.py:186} INFO - Started process (PID=2991) to work on /home/airflow/.local/lib/python3.12/site-packages/airflow/example_dags/example_complex.py
[2025-03-04T07:12:37.049+0000] {processor.py:914} INFO - Processing file /home/airflow/.local/lib/python3.12/site-packages/airflow/example_dags/example_complex.py for tasks to queue
[2025-03-04T07:12:37.051+0000] {logging_mixin.py:190} INFO - [2025-03-04T07:12:37.050+0000] {dagbag.py:588} INFO - Filling up the DagBag from /home/airflow/.local/lib/python3.12/site-packages/airflow/example_dags/example_complex.py
[2025-03-04T07:12:37.063+0000] {processor.py:925} INFO - DAG(s) 'example_complex' retrieved from /home/airflow/.local/lib/python3.12/site-packages/airflow/example_dags/example_complex.py
[2025-03-04T07:12:37.097+0000] {logging_mixin.py:190} INFO - [2025-03-04T07:12:37.096+0000] {dag.py:3239} INFO - Sync 1 DAGs
[2025-03-04T07:12:37.113+0000] {logging_mixin.py:190} INFO - [2025-03-04T07:12:37.113+0000] {dag.py:4180} INFO - Setting next_dagrun for example_complex to None, run_after=None
[2025-03-04T07:12:37.146+0000] {processor.py:208} INFO - Processing /home/airflow/.local/lib/python3.12/site-packages/airflow/example_dags/example_complex.py took 0.106 seconds
[2025-03-04T07:13:07.696+0000] {processor.py:186} INFO - Started process (PID=3071) to work on /home/airflow/.local/lib/python3.12/site-packages/airflow/example_dags/example_complex.py
[2025-03-04T07:13:07.698+0000] {processor.py:914} INFO - Processing file /home/airflow/.local/lib/python3.12/site-packages/airflow/example_dags/example_complex.py for tasks to queue
[2025-03-04T07:13:07.705+0000] {logging_mixin.py:190} INFO - [2025-03-04T07:13:07.704+0000] {dagbag.py:588} INFO - Filling up the DagBag from /home/airflow/.local/lib/python3.12/site-packages/airflow/example_dags/example_complex.py
[2025-03-04T07:13:07.726+0000] {processor.py:925} INFO - DAG(s) 'example_complex' retrieved from /home/airflow/.local/lib/python3.12/site-packages/airflow/example_dags/example_complex.py
[2025-03-04T07:13:07.764+0000] {logging_mixin.py:190} INFO - [2025-03-04T07:13:07.763+0000] {dag.py:3239} INFO - Sync 1 DAGs
[2025-03-04T07:13:07.779+0000] {logging_mixin.py:190} INFO - [2025-03-04T07:13:07.779+0000] {dag.py:4180} INFO - Setting next_dagrun for example_complex to None, run_after=None
[2025-03-04T07:13:07.797+0000] {processor.py:208} INFO - Processing /home/airflow/.local/lib/python3.12/site-packages/airflow/example_dags/example_complex.py took 0.109 seconds
[2025-03-04T07:13:37.843+0000] {processor.py:186} INFO - Started process (PID=3144) to work on /home/airflow/.local/lib/python3.12/site-packages/airflow/example_dags/example_complex.py
[2025-03-04T07:13:37.845+0000] {processor.py:914} INFO - Processing file /home/airflow/.local/lib/python3.12/site-packages/airflow/example_dags/example_complex.py for tasks to queue
[2025-03-04T07:13:37.846+0000] {logging_mixin.py:190} INFO - [2025-03-04T07:13:37.846+0000] {dagbag.py:588} INFO - Filling up the DagBag from /home/airflow/.local/lib/python3.12/site-packages/airflow/example_dags/example_complex.py
[2025-03-04T07:13:37.855+0000] {processor.py:925} INFO - DAG(s) 'example_complex' retrieved from /home/airflow/.local/lib/python3.12/site-packages/airflow/example_dags/example_complex.py
[2025-03-04T07:13:37.878+0000] {logging_mixin.py:190} INFO - [2025-03-04T07:13:37.877+0000] {dag.py:3239} INFO - Sync 1 DAGs
[2025-03-04T07:13:37.888+0000] {logging_mixin.py:190} INFO - [2025-03-04T07:13:37.888+0000] {dag.py:4180} INFO - Setting next_dagrun for example_complex to None, run_after=None
[2025-03-04T07:13:37.903+0000] {processor.py:208} INFO - Processing /home/airflow/.local/lib/python3.12/site-packages/airflow/example_dags/example_complex.py took 0.065 seconds
[2025-03-04T07:14:08.762+0000] {processor.py:186} INFO - Started process (PID=3219) to work on /home/airflow/.local/lib/python3.12/site-packages/airflow/example_dags/example_complex.py
[2025-03-04T07:14:08.763+0000] {processor.py:914} INFO - Processing file /home/airflow/.local/lib/python3.12/site-packages/airflow/example_dags/example_complex.py for tasks to queue
[2025-03-04T07:14:08.764+0000] {logging_mixin.py:190} INFO - [2025-03-04T07:14:08.764+0000] {dagbag.py:588} INFO - Filling up the DagBag from /home/airflow/.local/lib/python3.12/site-packages/airflow/example_dags/example_complex.py
[2025-03-04T07:14:08.773+0000] {processor.py:925} INFO - DAG(s) 'example_complex' retrieved from /home/airflow/.local/lib/python3.12/site-packages/airflow/example_dags/example_complex.py
[2025-03-04T07:14:08.796+0000] {logging_mixin.py:190} INFO - [2025-03-04T07:14:08.796+0000] {dag.py:3239} INFO - Sync 1 DAGs
[2025-03-04T07:14:08.807+0000] {logging_mixin.py:190} INFO - [2025-03-04T07:14:08.807+0000] {dag.py:4180} INFO - Setting next_dagrun for example_complex to None, run_after=None
[2025-03-04T07:14:08.823+0000] {processor.py:208} INFO - Processing /home/airflow/.local/lib/python3.12/site-packages/airflow/example_dags/example_complex.py took 0.065 seconds
[2025-03-04T07:14:39.531+0000] {processor.py:186} INFO - Started process (PID=3305) to work on /home/airflow/.local/lib/python3.12/site-packages/airflow/example_dags/example_complex.py
[2025-03-04T07:14:39.532+0000] {processor.py:914} INFO - Processing file /home/airflow/.local/lib/python3.12/site-packages/airflow/example_dags/example_complex.py for tasks to queue
[2025-03-04T07:14:39.534+0000] {logging_mixin.py:190} INFO - [2025-03-04T07:14:39.534+0000] {dagbag.py:588} INFO - Filling up the DagBag from /home/airflow/.local/lib/python3.12/site-packages/airflow/example_dags/example_complex.py
[2025-03-04T07:14:39.557+0000] {processor.py:925} INFO - DAG(s) 'example_complex' retrieved from /home/airflow/.local/lib/python3.12/site-packages/airflow/example_dags/example_complex.py
[2025-03-04T07:14:39.637+0000] {logging_mixin.py:190} INFO - [2025-03-04T07:14:39.637+0000] {dag.py:3239} INFO - Sync 1 DAGs
[2025-03-04T07:14:39.670+0000] {logging_mixin.py:190} INFO - [2025-03-04T07:14:39.670+0000] {dag.py:4180} INFO - Setting next_dagrun for example_complex to None, run_after=None
[2025-03-04T07:14:39.707+0000] {processor.py:208} INFO - Processing /home/airflow/.local/lib/python3.12/site-packages/airflow/example_dags/example_complex.py took 0.186 seconds
[2025-03-04T07:15:10.103+0000] {processor.py:186} INFO - Started process (PID=3383) to work on /home/airflow/.local/lib/python3.12/site-packages/airflow/example_dags/example_complex.py
[2025-03-04T07:15:10.105+0000] {processor.py:914} INFO - Processing file /home/airflow/.local/lib/python3.12/site-packages/airflow/example_dags/example_complex.py for tasks to queue
[2025-03-04T07:15:10.107+0000] {logging_mixin.py:190} INFO - [2025-03-04T07:15:10.106+0000] {dagbag.py:588} INFO - Filling up the DagBag from /home/airflow/.local/lib/python3.12/site-packages/airflow/example_dags/example_complex.py
[2025-03-04T07:15:10.123+0000] {processor.py:925} INFO - DAG(s) 'example_complex' retrieved from /home/airflow/.local/lib/python3.12/site-packages/airflow/example_dags/example_complex.py
[2025-03-04T07:15:10.165+0000] {logging_mixin.py:190} INFO - [2025-03-04T07:15:10.164+0000] {dag.py:3239} INFO - Sync 1 DAGs
[2025-03-04T07:15:10.183+0000] {logging_mixin.py:190} INFO - [2025-03-04T07:15:10.183+0000] {dag.py:4180} INFO - Setting next_dagrun for example_complex to None, run_after=None
[2025-03-04T07:15:10.205+0000] {processor.py:208} INFO - Processing /home/airflow/.local/lib/python3.12/site-packages/airflow/example_dags/example_complex.py took 0.110 seconds
[2025-03-04T07:15:40.469+0000] {processor.py:186} INFO - Started process (PID=3457) to work on /home/airflow/.local/lib/python3.12/site-packages/airflow/example_dags/example_complex.py
[2025-03-04T07:15:40.470+0000] {processor.py:914} INFO - Processing file /home/airflow/.local/lib/python3.12/site-packages/airflow/example_dags/example_complex.py for tasks to queue
[2025-03-04T07:15:40.471+0000] {logging_mixin.py:190} INFO - [2025-03-04T07:15:40.471+0000] {dagbag.py:588} INFO - Filling up the DagBag from /home/airflow/.local/lib/python3.12/site-packages/airflow/example_dags/example_complex.py
[2025-03-04T07:15:40.483+0000] {processor.py:925} INFO - DAG(s) 'example_complex' retrieved from /home/airflow/.local/lib/python3.12/site-packages/airflow/example_dags/example_complex.py
[2025-03-04T07:15:40.512+0000] {logging_mixin.py:190} INFO - [2025-03-04T07:15:40.512+0000] {dag.py:3239} INFO - Sync 1 DAGs
[2025-03-04T07:15:40.526+0000] {logging_mixin.py:190} INFO - [2025-03-04T07:15:40.525+0000] {dag.py:4180} INFO - Setting next_dagrun for example_complex to None, run_after=None
[2025-03-04T07:15:40.543+0000] {processor.py:208} INFO - Processing /home/airflow/.local/lib/python3.12/site-packages/airflow/example_dags/example_complex.py took 0.079 seconds
[2025-03-04T07:16:11.089+0000] {processor.py:186} INFO - Started process (PID=3539) to work on /home/airflow/.local/lib/python3.12/site-packages/airflow/example_dags/example_complex.py
[2025-03-04T07:16:11.090+0000] {processor.py:914} INFO - Processing file /home/airflow/.local/lib/python3.12/site-packages/airflow/example_dags/example_complex.py for tasks to queue
[2025-03-04T07:16:11.092+0000] {logging_mixin.py:190} INFO - [2025-03-04T07:16:11.091+0000] {dagbag.py:588} INFO - Filling up the DagBag from /home/airflow/.local/lib/python3.12/site-packages/airflow/example_dags/example_complex.py
[2025-03-04T07:16:11.102+0000] {processor.py:925} INFO - DAG(s) 'example_complex' retrieved from /home/airflow/.local/lib/python3.12/site-packages/airflow/example_dags/example_complex.py
[2025-03-04T07:16:11.129+0000] {logging_mixin.py:190} INFO - [2025-03-04T07:16:11.129+0000] {dag.py:3239} INFO - Sync 1 DAGs
[2025-03-04T07:16:11.146+0000] {logging_mixin.py:190} INFO - [2025-03-04T07:16:11.146+0000] {dag.py:4180} INFO - Setting next_dagrun for example_complex to None, run_after=None
[2025-03-04T07:16:11.167+0000] {processor.py:208} INFO - Processing /home/airflow/.local/lib/python3.12/site-packages/airflow/example_dags/example_complex.py took 0.083 seconds
[2025-03-04T07:16:41.766+0000] {processor.py:186} INFO - Started process (PID=3613) to work on /home/airflow/.local/lib/python3.12/site-packages/airflow/example_dags/example_complex.py
[2025-03-04T07:16:41.767+0000] {processor.py:914} INFO - Processing file /home/airflow/.local/lib/python3.12/site-packages/airflow/example_dags/example_complex.py for tasks to queue
[2025-03-04T07:16:41.769+0000] {logging_mixin.py:190} INFO - [2025-03-04T07:16:41.769+0000] {dagbag.py:588} INFO - Filling up the DagBag from /home/airflow/.local/lib/python3.12/site-packages/airflow/example_dags/example_complex.py
[2025-03-04T07:16:41.781+0000] {processor.py:925} INFO - DAG(s) 'example_complex' retrieved from /home/airflow/.local/lib/python3.12/site-packages/airflow/example_dags/example_complex.py
[2025-03-04T07:16:41.817+0000] {logging_mixin.py:190} INFO - [2025-03-04T07:16:41.817+0000] {dag.py:3239} INFO - Sync 1 DAGs
[2025-03-04T07:16:41.837+0000] {logging_mixin.py:190} INFO - [2025-03-04T07:16:41.836+0000] {dag.py:4180} INFO - Setting next_dagrun for example_complex to None, run_after=None
[2025-03-04T07:16:41.874+0000] {processor.py:208} INFO - Processing /home/airflow/.local/lib/python3.12/site-packages/airflow/example_dags/example_complex.py took 0.114 seconds
[2025-03-04T07:17:12.356+0000] {processor.py:186} INFO - Started process (PID=3695) to work on /home/airflow/.local/lib/python3.12/site-packages/airflow/example_dags/example_complex.py
[2025-03-04T07:17:12.358+0000] {processor.py:914} INFO - Processing file /home/airflow/.local/lib/python3.12/site-packages/airflow/example_dags/example_complex.py for tasks to queue
[2025-03-04T07:17:12.359+0000] {logging_mixin.py:190} INFO - [2025-03-04T07:17:12.359+0000] {dagbag.py:588} INFO - Filling up the DagBag from /home/airflow/.local/lib/python3.12/site-packages/airflow/example_dags/example_complex.py
[2025-03-04T07:17:12.376+0000] {processor.py:925} INFO - DAG(s) 'example_complex' retrieved from /home/airflow/.local/lib/python3.12/site-packages/airflow/example_dags/example_complex.py
[2025-03-04T07:17:12.407+0000] {logging_mixin.py:190} INFO - [2025-03-04T07:17:12.407+0000] {dag.py:3239} INFO - Sync 1 DAGs
[2025-03-04T07:17:12.422+0000] {logging_mixin.py:190} INFO - [2025-03-04T07:17:12.422+0000] {dag.py:4180} INFO - Setting next_dagrun for example_complex to None, run_after=None
[2025-03-04T07:17:12.439+0000] {processor.py:208} INFO - Processing /home/airflow/.local/lib/python3.12/site-packages/airflow/example_dags/example_complex.py took 0.091 seconds
[2025-03-04T07:17:42.784+0000] {processor.py:186} INFO - Started process (PID=3769) to work on /home/airflow/.local/lib/python3.12/site-packages/airflow/example_dags/example_complex.py
[2025-03-04T07:17:42.790+0000] {processor.py:914} INFO - Processing file /home/airflow/.local/lib/python3.12/site-packages/airflow/example_dags/example_complex.py for tasks to queue
[2025-03-04T07:17:42.798+0000] {logging_mixin.py:190} INFO - [2025-03-04T07:17:42.797+0000] {dagbag.py:588} INFO - Filling up the DagBag from /home/airflow/.local/lib/python3.12/site-packages/airflow/example_dags/example_complex.py
[2025-03-04T07:17:42.809+0000] {processor.py:925} INFO - DAG(s) 'example_complex' retrieved from /home/airflow/.local/lib/python3.12/site-packages/airflow/example_dags/example_complex.py
[2025-03-04T07:17:42.839+0000] {logging_mixin.py:190} INFO - [2025-03-04T07:17:42.839+0000] {dag.py:3239} INFO - Sync 1 DAGs
[2025-03-04T07:17:42.853+0000] {logging_mixin.py:190} INFO - [2025-03-04T07:17:42.853+0000] {dag.py:4180} INFO - Setting next_dagrun for example_complex to None, run_after=None
[2025-03-04T07:17:42.874+0000] {processor.py:208} INFO - Processing /home/airflow/.local/lib/python3.12/site-packages/airflow/example_dags/example_complex.py took 0.095 seconds
[2025-03-04T07:18:13.356+0000] {processor.py:186} INFO - Started process (PID=3853) to work on /home/airflow/.local/lib/python3.12/site-packages/airflow/example_dags/example_complex.py
[2025-03-04T07:18:13.357+0000] {processor.py:914} INFO - Processing file /home/airflow/.local/lib/python3.12/site-packages/airflow/example_dags/example_complex.py for tasks to queue
[2025-03-04T07:18:13.358+0000] {logging_mixin.py:190} INFO - [2025-03-04T07:18:13.358+0000] {dagbag.py:588} INFO - Filling up the DagBag from /home/airflow/.local/lib/python3.12/site-packages/airflow/example_dags/example_complex.py
[2025-03-04T07:18:13.367+0000] {processor.py:925} INFO - DAG(s) 'example_complex' retrieved from /home/airflow/.local/lib/python3.12/site-packages/airflow/example_dags/example_complex.py
[2025-03-04T07:18:13.390+0000] {logging_mixin.py:190} INFO - [2025-03-04T07:18:13.390+0000] {dag.py:3239} INFO - Sync 1 DAGs
[2025-03-04T07:18:13.402+0000] {logging_mixin.py:190} INFO - [2025-03-04T07:18:13.401+0000] {dag.py:4180} INFO - Setting next_dagrun for example_complex to None, run_after=None
[2025-03-04T07:18:13.416+0000] {processor.py:208} INFO - Processing /home/airflow/.local/lib/python3.12/site-packages/airflow/example_dags/example_complex.py took 0.065 seconds
[2025-03-04T07:18:44.071+0000] {processor.py:186} INFO - Started process (PID=3927) to work on /home/airflow/.local/lib/python3.12/site-packages/airflow/example_dags/example_complex.py
[2025-03-04T07:18:44.073+0000] {processor.py:914} INFO - Processing file /home/airflow/.local/lib/python3.12/site-packages/airflow/example_dags/example_complex.py for tasks to queue
[2025-03-04T07:18:44.074+0000] {logging_mixin.py:190} INFO - [2025-03-04T07:18:44.074+0000] {dagbag.py:588} INFO - Filling up the DagBag from /home/airflow/.local/lib/python3.12/site-packages/airflow/example_dags/example_complex.py
[2025-03-04T07:18:44.084+0000] {processor.py:925} INFO - DAG(s) 'example_complex' retrieved from /home/airflow/.local/lib/python3.12/site-packages/airflow/example_dags/example_complex.py
[2025-03-04T07:18:44.111+0000] {logging_mixin.py:190} INFO - [2025-03-04T07:18:44.110+0000] {dag.py:3239} INFO - Sync 1 DAGs
[2025-03-04T07:18:44.127+0000] {logging_mixin.py:190} INFO - [2025-03-04T07:18:44.126+0000] {dag.py:4180} INFO - Setting next_dagrun for example_complex to None, run_after=None
[2025-03-04T07:18:44.149+0000] {processor.py:208} INFO - Processing /home/airflow/.local/lib/python3.12/site-packages/airflow/example_dags/example_complex.py took 0.082 seconds
