[2025-03-04T06:53:39.485+0000] {processor.py:186} INFO - Started process (PID=68) to work on /home/airflow/.local/lib/python3.12/site-packages/airflow/example_dags/example_sensors.py
[2025-03-04T06:53:39.487+0000] {processor.py:914} INFO - Processing file /home/airflow/.local/lib/python3.12/site-packages/airflow/example_dags/example_sensors.py for tasks to queue
[2025-03-04T06:53:39.492+0000] {logging_mixin.py:190} INFO - [2025-03-04T06:53:39.491+0000] {dagbag.py:588} INFO - Filling up the DagBag from /home/airflow/.local/lib/python3.12/site-packages/airflow/example_dags/example_sensors.py
[2025-03-04T06:53:39.520+0000] {processor.py:925} INFO - DAG(s) 'example_sensors' retrieved from /home/airflow/.local/lib/python3.12/site-packages/airflow/example_dags/example_sensors.py
[2025-03-04T06:53:39.751+0000] {logging_mixin.py:190} INFO - [2025-03-04T06:53:39.750+0000] {override.py:1912} INFO - Created Permission View: can read on DAG:example_sensors
[2025-03-04T06:53:39.769+0000] {logging_mixin.py:190} INFO - [2025-03-04T06:53:39.769+0000] {override.py:1912} INFO - Created Permission View: can edit on DAG:example_sensors
[2025-03-04T06:53:39.782+0000] {logging_mixin.py:190} INFO - [2025-03-04T06:53:39.782+0000] {override.py:1912} INFO - Created Permission View: can delete on DAG:example_sensors
[2025-03-04T06:53:39.796+0000] {logging_mixin.py:190} INFO - [2025-03-04T06:53:39.795+0000] {override.py:1912} INFO - Created Permission View: menu access on DAG Run:example_sensors
[2025-03-04T06:53:39.812+0000] {logging_mixin.py:190} INFO - [2025-03-04T06:53:39.811+0000] {override.py:1912} INFO - Created Permission View: can read on DAG Run:example_sensors
[2025-03-04T06:53:39.829+0000] {logging_mixin.py:190} INFO - [2025-03-04T06:53:39.828+0000] {override.py:1912} INFO - Created Permission View: can delete on DAG Run:example_sensors
[2025-03-04T06:53:39.842+0000] {logging_mixin.py:190} INFO - [2025-03-04T06:53:39.842+0000] {override.py:1912} INFO - Created Permission View: can create on DAG Run:example_sensors
[2025-03-04T06:53:39.843+0000] {logging_mixin.py:190} INFO - [2025-03-04T06:53:39.843+0000] {dag.py:3239} INFO - Sync 1 DAGs
[2025-03-04T06:53:39.872+0000] {logging_mixin.py:190} INFO - [2025-03-04T06:53:39.871+0000] {dag.py:3262} INFO - Creating ORM DAG for example_sensors
[2025-03-04T06:53:39.874+0000] {logging_mixin.py:190} INFO - [2025-03-04T06:53:39.873+0000] {dag.py:4180} INFO - Setting next_dagrun for example_sensors to None, run_after=None
[2025-03-04T06:53:39.900+0000] {processor.py:208} INFO - Processing /home/airflow/.local/lib/python3.12/site-packages/airflow/example_dags/example_sensors.py took 0.427 seconds
[2025-03-04T06:54:10.323+0000] {processor.py:186} INFO - Started process (PID=144) to work on /home/airflow/.local/lib/python3.12/site-packages/airflow/example_dags/example_sensors.py
[2025-03-04T06:54:10.324+0000] {processor.py:914} INFO - Processing file /home/airflow/.local/lib/python3.12/site-packages/airflow/example_dags/example_sensors.py for tasks to queue
[2025-03-04T06:54:10.327+0000] {logging_mixin.py:190} INFO - [2025-03-04T06:54:10.327+0000] {dagbag.py:588} INFO - Filling up the DagBag from /home/airflow/.local/lib/python3.12/site-packages/airflow/example_dags/example_sensors.py
[2025-03-04T06:54:10.341+0000] {processor.py:925} INFO - DAG(s) 'example_sensors' retrieved from /home/airflow/.local/lib/python3.12/site-packages/airflow/example_dags/example_sensors.py
[2025-03-04T06:54:10.372+0000] {logging_mixin.py:190} INFO - [2025-03-04T06:54:10.372+0000] {dag.py:3239} INFO - Sync 1 DAGs
[2025-03-04T06:54:10.389+0000] {logging_mixin.py:190} INFO - [2025-03-04T06:54:10.389+0000] {dag.py:4180} INFO - Setting next_dagrun for example_sensors to None, run_after=None
[2025-03-04T06:54:10.417+0000] {processor.py:208} INFO - Processing /home/airflow/.local/lib/python3.12/site-packages/airflow/example_dags/example_sensors.py took 0.103 seconds
[2025-03-04T06:54:40.566+0000] {processor.py:186} INFO - Started process (PID=219) to work on /home/airflow/.local/lib/python3.12/site-packages/airflow/example_dags/example_sensors.py
[2025-03-04T06:54:40.567+0000] {processor.py:914} INFO - Processing file /home/airflow/.local/lib/python3.12/site-packages/airflow/example_dags/example_sensors.py for tasks to queue
[2025-03-04T06:54:40.569+0000] {logging_mixin.py:190} INFO - [2025-03-04T06:54:40.569+0000] {dagbag.py:588} INFO - Filling up the DagBag from /home/airflow/.local/lib/python3.12/site-packages/airflow/example_dags/example_sensors.py
[2025-03-04T06:54:40.580+0000] {processor.py:925} INFO - DAG(s) 'example_sensors' retrieved from /home/airflow/.local/lib/python3.12/site-packages/airflow/example_dags/example_sensors.py
[2025-03-04T06:54:40.603+0000] {logging_mixin.py:190} INFO - [2025-03-04T06:54:40.603+0000] {dag.py:3239} INFO - Sync 1 DAGs
[2025-03-04T06:54:40.616+0000] {logging_mixin.py:190} INFO - [2025-03-04T06:54:40.616+0000] {dag.py:4180} INFO - Setting next_dagrun for example_sensors to None, run_after=None
[2025-03-04T06:54:40.636+0000] {processor.py:208} INFO - Processing /home/airflow/.local/lib/python3.12/site-packages/airflow/example_dags/example_sensors.py took 0.076 seconds
[2025-03-04T06:55:11.093+0000] {processor.py:186} INFO - Started process (PID=301) to work on /home/airflow/.local/lib/python3.12/site-packages/airflow/example_dags/example_sensors.py
[2025-03-04T06:55:11.094+0000] {processor.py:914} INFO - Processing file /home/airflow/.local/lib/python3.12/site-packages/airflow/example_dags/example_sensors.py for tasks to queue
[2025-03-04T06:55:11.096+0000] {logging_mixin.py:190} INFO - [2025-03-04T06:55:11.096+0000] {dagbag.py:588} INFO - Filling up the DagBag from /home/airflow/.local/lib/python3.12/site-packages/airflow/example_dags/example_sensors.py
[2025-03-04T06:55:11.104+0000] {processor.py:925} INFO - DAG(s) 'example_sensors' retrieved from /home/airflow/.local/lib/python3.12/site-packages/airflow/example_dags/example_sensors.py
[2025-03-04T06:55:11.124+0000] {logging_mixin.py:190} INFO - [2025-03-04T06:55:11.123+0000] {dag.py:3239} INFO - Sync 1 DAGs
[2025-03-04T06:55:11.134+0000] {logging_mixin.py:190} INFO - [2025-03-04T06:55:11.134+0000] {dag.py:4180} INFO - Setting next_dagrun for example_sensors to None, run_after=None
[2025-03-04T06:55:11.148+0000] {processor.py:208} INFO - Processing /home/airflow/.local/lib/python3.12/site-packages/airflow/example_dags/example_sensors.py took 0.059 seconds
[2025-03-04T06:55:41.295+0000] {processor.py:186} INFO - Started process (PID=376) to work on /home/airflow/.local/lib/python3.12/site-packages/airflow/example_dags/example_sensors.py
[2025-03-04T06:55:41.296+0000] {processor.py:914} INFO - Processing file /home/airflow/.local/lib/python3.12/site-packages/airflow/example_dags/example_sensors.py for tasks to queue
[2025-03-04T06:55:41.298+0000] {logging_mixin.py:190} INFO - [2025-03-04T06:55:41.298+0000] {dagbag.py:588} INFO - Filling up the DagBag from /home/airflow/.local/lib/python3.12/site-packages/airflow/example_dags/example_sensors.py
[2025-03-04T06:55:41.306+0000] {processor.py:925} INFO - DAG(s) 'example_sensors' retrieved from /home/airflow/.local/lib/python3.12/site-packages/airflow/example_dags/example_sensors.py
[2025-03-04T06:55:41.326+0000] {logging_mixin.py:190} INFO - [2025-03-04T06:55:41.325+0000] {dag.py:3239} INFO - Sync 1 DAGs
[2025-03-04T06:55:41.336+0000] {logging_mixin.py:190} INFO - [2025-03-04T06:55:41.336+0000] {dag.py:4180} INFO - Setting next_dagrun for example_sensors to None, run_after=None
[2025-03-04T06:55:41.352+0000] {processor.py:208} INFO - Processing /home/airflow/.local/lib/python3.12/site-packages/airflow/example_dags/example_sensors.py took 0.061 seconds
[2025-03-04T06:56:12.178+0000] {processor.py:186} INFO - Started process (PID=459) to work on /home/airflow/.local/lib/python3.12/site-packages/airflow/example_dags/example_sensors.py
[2025-03-04T06:56:12.179+0000] {processor.py:914} INFO - Processing file /home/airflow/.local/lib/python3.12/site-packages/airflow/example_dags/example_sensors.py for tasks to queue
[2025-03-04T06:56:12.182+0000] {logging_mixin.py:190} INFO - [2025-03-04T06:56:12.181+0000] {dagbag.py:588} INFO - Filling up the DagBag from /home/airflow/.local/lib/python3.12/site-packages/airflow/example_dags/example_sensors.py
[2025-03-04T06:56:12.194+0000] {processor.py:925} INFO - DAG(s) 'example_sensors' retrieved from /home/airflow/.local/lib/python3.12/site-packages/airflow/example_dags/example_sensors.py
[2025-03-04T06:56:12.218+0000] {logging_mixin.py:190} INFO - [2025-03-04T06:56:12.218+0000] {dag.py:3239} INFO - Sync 1 DAGs
[2025-03-04T06:56:12.231+0000] {logging_mixin.py:190} INFO - [2025-03-04T06:56:12.231+0000] {dag.py:4180} INFO - Setting next_dagrun for example_sensors to None, run_after=None
[2025-03-04T06:56:12.252+0000] {processor.py:208} INFO - Processing /home/airflow/.local/lib/python3.12/site-packages/airflow/example_dags/example_sensors.py took 0.081 seconds
[2025-03-04T06:56:42.875+0000] {processor.py:186} INFO - Started process (PID=534) to work on /home/airflow/.local/lib/python3.12/site-packages/airflow/example_dags/example_sensors.py
[2025-03-04T06:56:42.877+0000] {processor.py:914} INFO - Processing file /home/airflow/.local/lib/python3.12/site-packages/airflow/example_dags/example_sensors.py for tasks to queue
[2025-03-04T06:56:42.879+0000] {logging_mixin.py:190} INFO - [2025-03-04T06:56:42.879+0000] {dagbag.py:588} INFO - Filling up the DagBag from /home/airflow/.local/lib/python3.12/site-packages/airflow/example_dags/example_sensors.py
[2025-03-04T06:56:42.892+0000] {processor.py:925} INFO - DAG(s) 'example_sensors' retrieved from /home/airflow/.local/lib/python3.12/site-packages/airflow/example_dags/example_sensors.py
[2025-03-04T06:56:42.922+0000] {logging_mixin.py:190} INFO - [2025-03-04T06:56:42.922+0000] {dag.py:3239} INFO - Sync 1 DAGs
[2025-03-04T06:56:42.937+0000] {logging_mixin.py:190} INFO - [2025-03-04T06:56:42.937+0000] {dag.py:4180} INFO - Setting next_dagrun for example_sensors to None, run_after=None
[2025-03-04T06:56:42.963+0000] {processor.py:208} INFO - Processing /home/airflow/.local/lib/python3.12/site-packages/airflow/example_dags/example_sensors.py took 0.097 seconds
[2025-03-04T06:57:13.332+0000] {processor.py:186} INFO - Started process (PID=616) to work on /home/airflow/.local/lib/python3.12/site-packages/airflow/example_dags/example_sensors.py
[2025-03-04T06:57:13.334+0000] {processor.py:914} INFO - Processing file /home/airflow/.local/lib/python3.12/site-packages/airflow/example_dags/example_sensors.py for tasks to queue
[2025-03-04T06:57:13.337+0000] {logging_mixin.py:190} INFO - [2025-03-04T06:57:13.336+0000] {dagbag.py:588} INFO - Filling up the DagBag from /home/airflow/.local/lib/python3.12/site-packages/airflow/example_dags/example_sensors.py
[2025-03-04T06:57:13.349+0000] {processor.py:925} INFO - DAG(s) 'example_sensors' retrieved from /home/airflow/.local/lib/python3.12/site-packages/airflow/example_dags/example_sensors.py
[2025-03-04T06:57:13.378+0000] {logging_mixin.py:190} INFO - [2025-03-04T06:57:13.377+0000] {dag.py:3239} INFO - Sync 1 DAGs
[2025-03-04T06:57:13.392+0000] {logging_mixin.py:190} INFO - [2025-03-04T06:57:13.391+0000] {dag.py:4180} INFO - Setting next_dagrun for example_sensors to None, run_after=None
[2025-03-04T06:57:13.414+0000] {processor.py:208} INFO - Processing /home/airflow/.local/lib/python3.12/site-packages/airflow/example_dags/example_sensors.py took 0.089 seconds
[2025-03-04T06:57:43.676+0000] {processor.py:186} INFO - Started process (PID=692) to work on /home/airflow/.local/lib/python3.12/site-packages/airflow/example_dags/example_sensors.py
[2025-03-04T06:57:43.678+0000] {processor.py:914} INFO - Processing file /home/airflow/.local/lib/python3.12/site-packages/airflow/example_dags/example_sensors.py for tasks to queue
[2025-03-04T06:57:43.681+0000] {logging_mixin.py:190} INFO - [2025-03-04T06:57:43.680+0000] {dagbag.py:588} INFO - Filling up the DagBag from /home/airflow/.local/lib/python3.12/site-packages/airflow/example_dags/example_sensors.py
[2025-03-04T06:57:43.690+0000] {processor.py:925} INFO - DAG(s) 'example_sensors' retrieved from /home/airflow/.local/lib/python3.12/site-packages/airflow/example_dags/example_sensors.py
[2025-03-04T06:57:43.716+0000] {logging_mixin.py:190} INFO - [2025-03-04T06:57:43.715+0000] {dag.py:3239} INFO - Sync 1 DAGs
[2025-03-04T06:57:43.729+0000] {logging_mixin.py:190} INFO - [2025-03-04T06:57:43.728+0000] {dag.py:4180} INFO - Setting next_dagrun for example_sensors to None, run_after=None
[2025-03-04T06:57:43.767+0000] {processor.py:208} INFO - Processing /home/airflow/.local/lib/python3.12/site-packages/airflow/example_dags/example_sensors.py took 0.096 seconds
[2025-03-04T06:58:14.207+0000] {processor.py:186} INFO - Started process (PID=767) to work on /home/airflow/.local/lib/python3.12/site-packages/airflow/example_dags/example_sensors.py
[2025-03-04T06:58:14.209+0000] {processor.py:914} INFO - Processing file /home/airflow/.local/lib/python3.12/site-packages/airflow/example_dags/example_sensors.py for tasks to queue
[2025-03-04T06:58:14.212+0000] {logging_mixin.py:190} INFO - [2025-03-04T06:58:14.211+0000] {dagbag.py:588} INFO - Filling up the DagBag from /home/airflow/.local/lib/python3.12/site-packages/airflow/example_dags/example_sensors.py
[2025-03-04T06:58:14.230+0000] {processor.py:925} INFO - DAG(s) 'example_sensors' retrieved from /home/airflow/.local/lib/python3.12/site-packages/airflow/example_dags/example_sensors.py
[2025-03-04T06:58:14.257+0000] {logging_mixin.py:190} INFO - [2025-03-04T06:58:14.257+0000] {dag.py:3239} INFO - Sync 1 DAGs
[2025-03-04T06:58:14.275+0000] {logging_mixin.py:190} INFO - [2025-03-04T06:58:14.275+0000] {dag.py:4180} INFO - Setting next_dagrun for example_sensors to None, run_after=None
[2025-03-04T06:58:14.292+0000] {processor.py:208} INFO - Processing /home/airflow/.local/lib/python3.12/site-packages/airflow/example_dags/example_sensors.py took 0.090 seconds
[2025-03-04T06:58:44.536+0000] {processor.py:186} INFO - Started process (PID=851) to work on /home/airflow/.local/lib/python3.12/site-packages/airflow/example_dags/example_sensors.py
[2025-03-04T06:58:44.538+0000] {processor.py:914} INFO - Processing file /home/airflow/.local/lib/python3.12/site-packages/airflow/example_dags/example_sensors.py for tasks to queue
[2025-03-04T06:58:44.541+0000] {logging_mixin.py:190} INFO - [2025-03-04T06:58:44.540+0000] {dagbag.py:588} INFO - Filling up the DagBag from /home/airflow/.local/lib/python3.12/site-packages/airflow/example_dags/example_sensors.py
[2025-03-04T06:58:44.554+0000] {processor.py:925} INFO - DAG(s) 'example_sensors' retrieved from /home/airflow/.local/lib/python3.12/site-packages/airflow/example_dags/example_sensors.py
[2025-03-04T06:58:44.603+0000] {logging_mixin.py:190} INFO - [2025-03-04T06:58:44.603+0000] {dag.py:3239} INFO - Sync 1 DAGs
[2025-03-04T06:58:44.629+0000] {logging_mixin.py:190} INFO - [2025-03-04T06:58:44.629+0000] {dag.py:4180} INFO - Setting next_dagrun for example_sensors to None, run_after=None
[2025-03-04T06:58:44.668+0000] {processor.py:208} INFO - Processing /home/airflow/.local/lib/python3.12/site-packages/airflow/example_dags/example_sensors.py took 0.138 seconds
[2025-03-04T06:59:15.536+0000] {processor.py:186} INFO - Started process (PID=927) to work on /home/airflow/.local/lib/python3.12/site-packages/airflow/example_dags/example_sensors.py
[2025-03-04T06:59:15.536+0000] {processor.py:914} INFO - Processing file /home/airflow/.local/lib/python3.12/site-packages/airflow/example_dags/example_sensors.py for tasks to queue
[2025-03-04T06:59:15.538+0000] {logging_mixin.py:190} INFO - [2025-03-04T06:59:15.538+0000] {dagbag.py:588} INFO - Filling up the DagBag from /home/airflow/.local/lib/python3.12/site-packages/airflow/example_dags/example_sensors.py
[2025-03-04T06:59:15.547+0000] {processor.py:925} INFO - DAG(s) 'example_sensors' retrieved from /home/airflow/.local/lib/python3.12/site-packages/airflow/example_dags/example_sensors.py
[2025-03-04T06:59:15.566+0000] {logging_mixin.py:190} INFO - [2025-03-04T06:59:15.566+0000] {dag.py:3239} INFO - Sync 1 DAGs
[2025-03-04T06:59:15.580+0000] {logging_mixin.py:190} INFO - [2025-03-04T06:59:15.580+0000] {dag.py:4180} INFO - Setting next_dagrun for example_sensors to None, run_after=None
[2025-03-04T06:59:15.595+0000] {processor.py:208} INFO - Processing /home/airflow/.local/lib/python3.12/site-packages/airflow/example_dags/example_sensors.py took 0.064 seconds
[2025-03-04T06:59:45.647+0000] {processor.py:186} INFO - Started process (PID=1010) to work on /home/airflow/.local/lib/python3.12/site-packages/airflow/example_dags/example_sensors.py
[2025-03-04T06:59:45.649+0000] {processor.py:914} INFO - Processing file /home/airflow/.local/lib/python3.12/site-packages/airflow/example_dags/example_sensors.py for tasks to queue
[2025-03-04T06:59:45.650+0000] {logging_mixin.py:190} INFO - [2025-03-04T06:59:45.650+0000] {dagbag.py:588} INFO - Filling up the DagBag from /home/airflow/.local/lib/python3.12/site-packages/airflow/example_dags/example_sensors.py
[2025-03-04T06:59:45.660+0000] {processor.py:925} INFO - DAG(s) 'example_sensors' retrieved from /home/airflow/.local/lib/python3.12/site-packages/airflow/example_dags/example_sensors.py
[2025-03-04T06:59:45.682+0000] {logging_mixin.py:190} INFO - [2025-03-04T06:59:45.682+0000] {dag.py:3239} INFO - Sync 1 DAGs
[2025-03-04T06:59:45.694+0000] {logging_mixin.py:190} INFO - [2025-03-04T06:59:45.694+0000] {dag.py:4180} INFO - Setting next_dagrun for example_sensors to None, run_after=None
[2025-03-04T06:59:45.711+0000] {processor.py:208} INFO - Processing /home/airflow/.local/lib/python3.12/site-packages/airflow/example_dags/example_sensors.py took 0.069 seconds
[2025-03-04T07:00:16.497+0000] {processor.py:186} INFO - Started process (PID=1087) to work on /home/airflow/.local/lib/python3.12/site-packages/airflow/example_dags/example_sensors.py
[2025-03-04T07:00:16.499+0000] {processor.py:914} INFO - Processing file /home/airflow/.local/lib/python3.12/site-packages/airflow/example_dags/example_sensors.py for tasks to queue
[2025-03-04T07:00:16.501+0000] {logging_mixin.py:190} INFO - [2025-03-04T07:00:16.501+0000] {dagbag.py:588} INFO - Filling up the DagBag from /home/airflow/.local/lib/python3.12/site-packages/airflow/example_dags/example_sensors.py
[2025-03-04T07:00:16.513+0000] {processor.py:925} INFO - DAG(s) 'example_sensors' retrieved from /home/airflow/.local/lib/python3.12/site-packages/airflow/example_dags/example_sensors.py
[2025-03-04T07:00:16.536+0000] {logging_mixin.py:190} INFO - [2025-03-04T07:00:16.535+0000] {dag.py:3239} INFO - Sync 1 DAGs
[2025-03-04T07:00:16.547+0000] {logging_mixin.py:190} INFO - [2025-03-04T07:00:16.547+0000] {dag.py:4180} INFO - Setting next_dagrun for example_sensors to None, run_after=None
[2025-03-04T07:00:16.565+0000] {processor.py:208} INFO - Processing /home/airflow/.local/lib/python3.12/site-packages/airflow/example_dags/example_sensors.py took 0.074 seconds
[2025-03-04T07:00:46.799+0000] {processor.py:186} INFO - Started process (PID=1165) to work on /home/airflow/.local/lib/python3.12/site-packages/airflow/example_dags/example_sensors.py
[2025-03-04T07:00:46.800+0000] {processor.py:914} INFO - Processing file /home/airflow/.local/lib/python3.12/site-packages/airflow/example_dags/example_sensors.py for tasks to queue
[2025-03-04T07:00:46.801+0000] {logging_mixin.py:190} INFO - [2025-03-04T07:00:46.801+0000] {dagbag.py:588} INFO - Filling up the DagBag from /home/airflow/.local/lib/python3.12/site-packages/airflow/example_dags/example_sensors.py
[2025-03-04T07:00:46.811+0000] {processor.py:925} INFO - DAG(s) 'example_sensors' retrieved from /home/airflow/.local/lib/python3.12/site-packages/airflow/example_dags/example_sensors.py
[2025-03-04T07:00:46.832+0000] {logging_mixin.py:190} INFO - [2025-03-04T07:00:46.832+0000] {dag.py:3239} INFO - Sync 1 DAGs
[2025-03-04T07:00:46.845+0000] {logging_mixin.py:190} INFO - [2025-03-04T07:00:46.845+0000] {dag.py:4180} INFO - Setting next_dagrun for example_sensors to None, run_after=None
[2025-03-04T07:00:46.864+0000] {processor.py:208} INFO - Processing /home/airflow/.local/lib/python3.12/site-packages/airflow/example_dags/example_sensors.py took 0.071 seconds
[2025-03-04T07:01:17.614+0000] {processor.py:186} INFO - Started process (PID=1251) to work on /home/airflow/.local/lib/python3.12/site-packages/airflow/example_dags/example_sensors.py
[2025-03-04T07:01:17.615+0000] {processor.py:914} INFO - Processing file /home/airflow/.local/lib/python3.12/site-packages/airflow/example_dags/example_sensors.py for tasks to queue
[2025-03-04T07:01:17.616+0000] {logging_mixin.py:190} INFO - [2025-03-04T07:01:17.616+0000] {dagbag.py:588} INFO - Filling up the DagBag from /home/airflow/.local/lib/python3.12/site-packages/airflow/example_dags/example_sensors.py
[2025-03-04T07:01:17.626+0000] {processor.py:925} INFO - DAG(s) 'example_sensors' retrieved from /home/airflow/.local/lib/python3.12/site-packages/airflow/example_dags/example_sensors.py
[2025-03-04T07:01:17.648+0000] {logging_mixin.py:190} INFO - [2025-03-04T07:01:17.648+0000] {dag.py:3239} INFO - Sync 1 DAGs
[2025-03-04T07:01:17.659+0000] {logging_mixin.py:190} INFO - [2025-03-04T07:01:17.659+0000] {dag.py:4180} INFO - Setting next_dagrun for example_sensors to None, run_after=None
[2025-03-04T07:01:17.677+0000] {processor.py:208} INFO - Processing /home/airflow/.local/lib/python3.12/site-packages/airflow/example_dags/example_sensors.py took 0.068 seconds
[2025-03-04T07:01:47.933+0000] {processor.py:186} INFO - Started process (PID=1326) to work on /home/airflow/.local/lib/python3.12/site-packages/airflow/example_dags/example_sensors.py
[2025-03-04T07:01:47.933+0000] {processor.py:914} INFO - Processing file /home/airflow/.local/lib/python3.12/site-packages/airflow/example_dags/example_sensors.py for tasks to queue
[2025-03-04T07:01:47.934+0000] {logging_mixin.py:190} INFO - [2025-03-04T07:01:47.934+0000] {dagbag.py:588} INFO - Filling up the DagBag from /home/airflow/.local/lib/python3.12/site-packages/airflow/example_dags/example_sensors.py
[2025-03-04T07:01:47.944+0000] {processor.py:925} INFO - DAG(s) 'example_sensors' retrieved from /home/airflow/.local/lib/python3.12/site-packages/airflow/example_dags/example_sensors.py
[2025-03-04T07:01:47.962+0000] {logging_mixin.py:190} INFO - [2025-03-04T07:01:47.962+0000] {dag.py:3239} INFO - Sync 1 DAGs
[2025-03-04T07:01:47.972+0000] {logging_mixin.py:190} INFO - [2025-03-04T07:01:47.972+0000] {dag.py:4180} INFO - Setting next_dagrun for example_sensors to None, run_after=None
[2025-03-04T07:01:47.989+0000] {processor.py:208} INFO - Processing /home/airflow/.local/lib/python3.12/site-packages/airflow/example_dags/example_sensors.py took 0.061 seconds
[2025-03-04T07:02:18.745+0000] {processor.py:186} INFO - Started process (PID=1410) to work on /home/airflow/.local/lib/python3.12/site-packages/airflow/example_dags/example_sensors.py
[2025-03-04T07:02:18.747+0000] {processor.py:914} INFO - Processing file /home/airflow/.local/lib/python3.12/site-packages/airflow/example_dags/example_sensors.py for tasks to queue
[2025-03-04T07:02:18.749+0000] {logging_mixin.py:190} INFO - [2025-03-04T07:02:18.748+0000] {dagbag.py:588} INFO - Filling up the DagBag from /home/airflow/.local/lib/python3.12/site-packages/airflow/example_dags/example_sensors.py
[2025-03-04T07:02:18.768+0000] {processor.py:925} INFO - DAG(s) 'example_sensors' retrieved from /home/airflow/.local/lib/python3.12/site-packages/airflow/example_dags/example_sensors.py
[2025-03-04T07:02:18.804+0000] {logging_mixin.py:190} INFO - [2025-03-04T07:02:18.804+0000] {dag.py:3239} INFO - Sync 1 DAGs
[2025-03-04T07:02:18.825+0000] {logging_mixin.py:190} INFO - [2025-03-04T07:02:18.825+0000] {dag.py:4180} INFO - Setting next_dagrun for example_sensors to None, run_after=None
[2025-03-04T07:02:18.853+0000] {processor.py:208} INFO - Processing /home/airflow/.local/lib/python3.12/site-packages/airflow/example_dags/example_sensors.py took 0.116 seconds
[2025-03-04T07:02:49.155+0000] {processor.py:186} INFO - Started process (PID=1490) to work on /home/airflow/.local/lib/python3.12/site-packages/airflow/example_dags/example_sensors.py
[2025-03-04T07:02:49.157+0000] {processor.py:914} INFO - Processing file /home/airflow/.local/lib/python3.12/site-packages/airflow/example_dags/example_sensors.py for tasks to queue
[2025-03-04T07:02:49.159+0000] {logging_mixin.py:190} INFO - [2025-03-04T07:02:49.158+0000] {dagbag.py:588} INFO - Filling up the DagBag from /home/airflow/.local/lib/python3.12/site-packages/airflow/example_dags/example_sensors.py
[2025-03-04T07:02:49.169+0000] {processor.py:925} INFO - DAG(s) 'example_sensors' retrieved from /home/airflow/.local/lib/python3.12/site-packages/airflow/example_dags/example_sensors.py
[2025-03-04T07:02:49.193+0000] {logging_mixin.py:190} INFO - [2025-03-04T07:02:49.193+0000] {dag.py:3239} INFO - Sync 1 DAGs
[2025-03-04T07:02:49.206+0000] {logging_mixin.py:190} INFO - [2025-03-04T07:02:49.206+0000] {dag.py:4180} INFO - Setting next_dagrun for example_sensors to None, run_after=None
[2025-03-04T07:02:49.226+0000] {processor.py:208} INFO - Processing /home/airflow/.local/lib/python3.12/site-packages/airflow/example_dags/example_sensors.py took 0.076 seconds
[2025-03-04T07:03:19.311+0000] {processor.py:186} INFO - Started process (PID=1572) to work on /home/airflow/.local/lib/python3.12/site-packages/airflow/example_dags/example_sensors.py
[2025-03-04T07:03:19.312+0000] {processor.py:914} INFO - Processing file /home/airflow/.local/lib/python3.12/site-packages/airflow/example_dags/example_sensors.py for tasks to queue
[2025-03-04T07:03:19.314+0000] {logging_mixin.py:190} INFO - [2025-03-04T07:03:19.313+0000] {dagbag.py:588} INFO - Filling up the DagBag from /home/airflow/.local/lib/python3.12/site-packages/airflow/example_dags/example_sensors.py
[2025-03-04T07:03:19.324+0000] {processor.py:925} INFO - DAG(s) 'example_sensors' retrieved from /home/airflow/.local/lib/python3.12/site-packages/airflow/example_dags/example_sensors.py
[2025-03-04T07:03:19.351+0000] {logging_mixin.py:190} INFO - [2025-03-04T07:03:19.351+0000] {dag.py:3239} INFO - Sync 1 DAGs
[2025-03-04T07:03:19.368+0000] {logging_mixin.py:190} INFO - [2025-03-04T07:03:19.368+0000] {dag.py:4180} INFO - Setting next_dagrun for example_sensors to None, run_after=None
[2025-03-04T07:03:19.387+0000] {processor.py:208} INFO - Processing /home/airflow/.local/lib/python3.12/site-packages/airflow/example_dags/example_sensors.py took 0.081 seconds
[2025-03-04T07:03:49.685+0000] {processor.py:186} INFO - Started process (PID=1648) to work on /home/airflow/.local/lib/python3.12/site-packages/airflow/example_dags/example_sensors.py
[2025-03-04T07:03:49.686+0000] {processor.py:914} INFO - Processing file /home/airflow/.local/lib/python3.12/site-packages/airflow/example_dags/example_sensors.py for tasks to queue
[2025-03-04T07:03:49.687+0000] {logging_mixin.py:190} INFO - [2025-03-04T07:03:49.687+0000] {dagbag.py:588} INFO - Filling up the DagBag from /home/airflow/.local/lib/python3.12/site-packages/airflow/example_dags/example_sensors.py
[2025-03-04T07:03:49.696+0000] {processor.py:925} INFO - DAG(s) 'example_sensors' retrieved from /home/airflow/.local/lib/python3.12/site-packages/airflow/example_dags/example_sensors.py
[2025-03-04T07:03:49.716+0000] {logging_mixin.py:190} INFO - [2025-03-04T07:03:49.715+0000] {dag.py:3239} INFO - Sync 1 DAGs
[2025-03-04T07:03:49.727+0000] {logging_mixin.py:190} INFO - [2025-03-04T07:03:49.727+0000] {dag.py:4180} INFO - Setting next_dagrun for example_sensors to None, run_after=None
[2025-03-04T07:03:49.745+0000] {processor.py:208} INFO - Processing /home/airflow/.local/lib/python3.12/site-packages/airflow/example_dags/example_sensors.py took 0.065 seconds
[2025-03-04T07:04:19.942+0000] {processor.py:186} INFO - Started process (PID=1730) to work on /home/airflow/.local/lib/python3.12/site-packages/airflow/example_dags/example_sensors.py
[2025-03-04T07:04:19.943+0000] {processor.py:914} INFO - Processing file /home/airflow/.local/lib/python3.12/site-packages/airflow/example_dags/example_sensors.py for tasks to queue
[2025-03-04T07:04:19.945+0000] {logging_mixin.py:190} INFO - [2025-03-04T07:04:19.944+0000] {dagbag.py:588} INFO - Filling up the DagBag from /home/airflow/.local/lib/python3.12/site-packages/airflow/example_dags/example_sensors.py
[2025-03-04T07:04:19.957+0000] {processor.py:925} INFO - DAG(s) 'example_sensors' retrieved from /home/airflow/.local/lib/python3.12/site-packages/airflow/example_dags/example_sensors.py
[2025-03-04T07:04:19.985+0000] {logging_mixin.py:190} INFO - [2025-03-04T07:04:19.985+0000] {dag.py:3239} INFO - Sync 1 DAGs
[2025-03-04T07:04:19.998+0000] {logging_mixin.py:190} INFO - [2025-03-04T07:04:19.998+0000] {dag.py:4180} INFO - Setting next_dagrun for example_sensors to None, run_after=None
[2025-03-04T07:04:20.016+0000] {processor.py:208} INFO - Processing /home/airflow/.local/lib/python3.12/site-packages/airflow/example_dags/example_sensors.py took 0.081 seconds
[2025-03-04T07:04:50.129+0000] {processor.py:186} INFO - Started process (PID=1805) to work on /home/airflow/.local/lib/python3.12/site-packages/airflow/example_dags/example_sensors.py
[2025-03-04T07:04:50.130+0000] {processor.py:914} INFO - Processing file /home/airflow/.local/lib/python3.12/site-packages/airflow/example_dags/example_sensors.py for tasks to queue
[2025-03-04T07:04:50.131+0000] {logging_mixin.py:190} INFO - [2025-03-04T07:04:50.131+0000] {dagbag.py:588} INFO - Filling up the DagBag from /home/airflow/.local/lib/python3.12/site-packages/airflow/example_dags/example_sensors.py
[2025-03-04T07:04:50.139+0000] {processor.py:925} INFO - DAG(s) 'example_sensors' retrieved from /home/airflow/.local/lib/python3.12/site-packages/airflow/example_dags/example_sensors.py
[2025-03-04T07:04:50.157+0000] {logging_mixin.py:190} INFO - [2025-03-04T07:04:50.157+0000] {dag.py:3239} INFO - Sync 1 DAGs
[2025-03-04T07:04:50.178+0000] {logging_mixin.py:190} INFO - [2025-03-04T07:04:50.178+0000] {dag.py:4180} INFO - Setting next_dagrun for example_sensors to None, run_after=None
[2025-03-04T07:04:50.201+0000] {processor.py:208} INFO - Processing /home/airflow/.local/lib/python3.12/site-packages/airflow/example_dags/example_sensors.py took 0.076 seconds
[2025-03-04T07:05:20.468+0000] {processor.py:186} INFO - Started process (PID=1879) to work on /home/airflow/.local/lib/python3.12/site-packages/airflow/example_dags/example_sensors.py
[2025-03-04T07:05:20.469+0000] {processor.py:914} INFO - Processing file /home/airflow/.local/lib/python3.12/site-packages/airflow/example_dags/example_sensors.py for tasks to queue
[2025-03-04T07:05:20.470+0000] {logging_mixin.py:190} INFO - [2025-03-04T07:05:20.470+0000] {dagbag.py:588} INFO - Filling up the DagBag from /home/airflow/.local/lib/python3.12/site-packages/airflow/example_dags/example_sensors.py
[2025-03-04T07:05:20.479+0000] {processor.py:925} INFO - DAG(s) 'example_sensors' retrieved from /home/airflow/.local/lib/python3.12/site-packages/airflow/example_dags/example_sensors.py
[2025-03-04T07:05:20.500+0000] {logging_mixin.py:190} INFO - [2025-03-04T07:05:20.500+0000] {dag.py:3239} INFO - Sync 1 DAGs
[2025-03-04T07:05:20.513+0000] {logging_mixin.py:190} INFO - [2025-03-04T07:05:20.513+0000] {dag.py:4180} INFO - Setting next_dagrun for example_sensors to None, run_after=None
[2025-03-04T07:05:20.540+0000] {processor.py:208} INFO - Processing /home/airflow/.local/lib/python3.12/site-packages/airflow/example_dags/example_sensors.py took 0.078 seconds
[2025-03-04T07:05:50.713+0000] {processor.py:186} INFO - Started process (PID=1961) to work on /home/airflow/.local/lib/python3.12/site-packages/airflow/example_dags/example_sensors.py
[2025-03-04T07:05:50.714+0000] {processor.py:914} INFO - Processing file /home/airflow/.local/lib/python3.12/site-packages/airflow/example_dags/example_sensors.py for tasks to queue
[2025-03-04T07:05:50.715+0000] {logging_mixin.py:190} INFO - [2025-03-04T07:05:50.715+0000] {dagbag.py:588} INFO - Filling up the DagBag from /home/airflow/.local/lib/python3.12/site-packages/airflow/example_dags/example_sensors.py
[2025-03-04T07:05:50.724+0000] {processor.py:925} INFO - DAG(s) 'example_sensors' retrieved from /home/airflow/.local/lib/python3.12/site-packages/airflow/example_dags/example_sensors.py
[2025-03-04T07:05:50.747+0000] {logging_mixin.py:190} INFO - [2025-03-04T07:05:50.747+0000] {dag.py:3239} INFO - Sync 1 DAGs
[2025-03-04T07:05:50.760+0000] {logging_mixin.py:190} INFO - [2025-03-04T07:05:50.760+0000] {dag.py:4180} INFO - Setting next_dagrun for example_sensors to None, run_after=None
[2025-03-04T07:05:50.775+0000] {processor.py:208} INFO - Processing /home/airflow/.local/lib/python3.12/site-packages/airflow/example_dags/example_sensors.py took 0.068 seconds
[2025-03-04T07:06:21.126+0000] {processor.py:186} INFO - Started process (PID=2035) to work on /home/airflow/.local/lib/python3.12/site-packages/airflow/example_dags/example_sensors.py
[2025-03-04T07:06:21.127+0000] {processor.py:914} INFO - Processing file /home/airflow/.local/lib/python3.12/site-packages/airflow/example_dags/example_sensors.py for tasks to queue
[2025-03-04T07:06:21.128+0000] {logging_mixin.py:190} INFO - [2025-03-04T07:06:21.128+0000] {dagbag.py:588} INFO - Filling up the DagBag from /home/airflow/.local/lib/python3.12/site-packages/airflow/example_dags/example_sensors.py
[2025-03-04T07:06:21.139+0000] {processor.py:925} INFO - DAG(s) 'example_sensors' retrieved from /home/airflow/.local/lib/python3.12/site-packages/airflow/example_dags/example_sensors.py
[2025-03-04T07:06:21.171+0000] {logging_mixin.py:190} INFO - [2025-03-04T07:06:21.170+0000] {dag.py:3239} INFO - Sync 1 DAGs
[2025-03-04T07:06:21.190+0000] {logging_mixin.py:190} INFO - [2025-03-04T07:06:21.189+0000] {dag.py:4180} INFO - Setting next_dagrun for example_sensors to None, run_after=None
[2025-03-04T07:06:21.209+0000] {processor.py:208} INFO - Processing /home/airflow/.local/lib/python3.12/site-packages/airflow/example_dags/example_sensors.py took 0.088 seconds
[2025-03-04T07:06:51.522+0000] {processor.py:186} INFO - Started process (PID=2117) to work on /home/airflow/.local/lib/python3.12/site-packages/airflow/example_dags/example_sensors.py
[2025-03-04T07:06:51.523+0000] {processor.py:914} INFO - Processing file /home/airflow/.local/lib/python3.12/site-packages/airflow/example_dags/example_sensors.py for tasks to queue
[2025-03-04T07:06:51.524+0000] {logging_mixin.py:190} INFO - [2025-03-04T07:06:51.524+0000] {dagbag.py:588} INFO - Filling up the DagBag from /home/airflow/.local/lib/python3.12/site-packages/airflow/example_dags/example_sensors.py
[2025-03-04T07:06:51.533+0000] {processor.py:925} INFO - DAG(s) 'example_sensors' retrieved from /home/airflow/.local/lib/python3.12/site-packages/airflow/example_dags/example_sensors.py
[2025-03-04T07:06:51.552+0000] {logging_mixin.py:190} INFO - [2025-03-04T07:06:51.552+0000] {dag.py:3239} INFO - Sync 1 DAGs
[2025-03-04T07:06:51.562+0000] {logging_mixin.py:190} INFO - [2025-03-04T07:06:51.562+0000] {dag.py:4180} INFO - Setting next_dagrun for example_sensors to None, run_after=None
[2025-03-04T07:06:51.578+0000] {processor.py:208} INFO - Processing /home/airflow/.local/lib/python3.12/site-packages/airflow/example_dags/example_sensors.py took 0.061 seconds
[2025-03-04T07:07:21.943+0000] {processor.py:186} INFO - Started process (PID=2191) to work on /home/airflow/.local/lib/python3.12/site-packages/airflow/example_dags/example_sensors.py
[2025-03-04T07:07:21.945+0000] {processor.py:914} INFO - Processing file /home/airflow/.local/lib/python3.12/site-packages/airflow/example_dags/example_sensors.py for tasks to queue
[2025-03-04T07:07:21.946+0000] {logging_mixin.py:190} INFO - [2025-03-04T07:07:21.946+0000] {dagbag.py:588} INFO - Filling up the DagBag from /home/airflow/.local/lib/python3.12/site-packages/airflow/example_dags/example_sensors.py
[2025-03-04T07:07:21.957+0000] {processor.py:925} INFO - DAG(s) 'example_sensors' retrieved from /home/airflow/.local/lib/python3.12/site-packages/airflow/example_dags/example_sensors.py
[2025-03-04T07:07:21.977+0000] {logging_mixin.py:190} INFO - [2025-03-04T07:07:21.977+0000] {dag.py:3239} INFO - Sync 1 DAGs
[2025-03-04T07:07:21.987+0000] {logging_mixin.py:190} INFO - [2025-03-04T07:07:21.987+0000] {dag.py:4180} INFO - Setting next_dagrun for example_sensors to None, run_after=None
[2025-03-04T07:07:22.004+0000] {processor.py:208} INFO - Processing /home/airflow/.local/lib/python3.12/site-packages/airflow/example_dags/example_sensors.py took 0.068 seconds
[2025-03-04T07:07:52.189+0000] {processor.py:186} INFO - Started process (PID=2272) to work on /home/airflow/.local/lib/python3.12/site-packages/airflow/example_dags/example_sensors.py
[2025-03-04T07:07:52.190+0000] {processor.py:914} INFO - Processing file /home/airflow/.local/lib/python3.12/site-packages/airflow/example_dags/example_sensors.py for tasks to queue
[2025-03-04T07:07:52.192+0000] {logging_mixin.py:190} INFO - [2025-03-04T07:07:52.191+0000] {dagbag.py:588} INFO - Filling up the DagBag from /home/airflow/.local/lib/python3.12/site-packages/airflow/example_dags/example_sensors.py
[2025-03-04T07:07:52.200+0000] {processor.py:925} INFO - DAG(s) 'example_sensors' retrieved from /home/airflow/.local/lib/python3.12/site-packages/airflow/example_dags/example_sensors.py
[2025-03-04T07:07:52.220+0000] {logging_mixin.py:190} INFO - [2025-03-04T07:07:52.220+0000] {dag.py:3239} INFO - Sync 1 DAGs
[2025-03-04T07:07:52.230+0000] {logging_mixin.py:190} INFO - [2025-03-04T07:07:52.230+0000] {dag.py:4180} INFO - Setting next_dagrun for example_sensors to None, run_after=None
[2025-03-04T07:07:52.244+0000] {processor.py:208} INFO - Processing /home/airflow/.local/lib/python3.12/site-packages/airflow/example_dags/example_sensors.py took 0.059 seconds
[2025-03-04T07:08:22.312+0000] {processor.py:186} INFO - Started process (PID=2346) to work on /home/airflow/.local/lib/python3.12/site-packages/airflow/example_dags/example_sensors.py
[2025-03-04T07:08:22.313+0000] {processor.py:914} INFO - Processing file /home/airflow/.local/lib/python3.12/site-packages/airflow/example_dags/example_sensors.py for tasks to queue
[2025-03-04T07:08:22.314+0000] {logging_mixin.py:190} INFO - [2025-03-04T07:08:22.314+0000] {dagbag.py:588} INFO - Filling up the DagBag from /home/airflow/.local/lib/python3.12/site-packages/airflow/example_dags/example_sensors.py
[2025-03-04T07:08:22.324+0000] {processor.py:925} INFO - DAG(s) 'example_sensors' retrieved from /home/airflow/.local/lib/python3.12/site-packages/airflow/example_dags/example_sensors.py
[2025-03-04T07:08:22.344+0000] {logging_mixin.py:190} INFO - [2025-03-04T07:08:22.343+0000] {dag.py:3239} INFO - Sync 1 DAGs
[2025-03-04T07:08:22.354+0000] {logging_mixin.py:190} INFO - [2025-03-04T07:08:22.354+0000] {dag.py:4180} INFO - Setting next_dagrun for example_sensors to None, run_after=None
[2025-03-04T07:08:22.369+0000] {processor.py:208} INFO - Processing /home/airflow/.local/lib/python3.12/site-packages/airflow/example_dags/example_sensors.py took 0.062 seconds
[2025-03-04T07:08:52.813+0000] {processor.py:186} INFO - Started process (PID=2421) to work on /home/airflow/.local/lib/python3.12/site-packages/airflow/example_dags/example_sensors.py
[2025-03-04T07:08:52.814+0000] {processor.py:914} INFO - Processing file /home/airflow/.local/lib/python3.12/site-packages/airflow/example_dags/example_sensors.py for tasks to queue
[2025-03-04T07:08:52.815+0000] {logging_mixin.py:190} INFO - [2025-03-04T07:08:52.815+0000] {dagbag.py:588} INFO - Filling up the DagBag from /home/airflow/.local/lib/python3.12/site-packages/airflow/example_dags/example_sensors.py
[2025-03-04T07:08:52.824+0000] {processor.py:925} INFO - DAG(s) 'example_sensors' retrieved from /home/airflow/.local/lib/python3.12/site-packages/airflow/example_dags/example_sensors.py
[2025-03-04T07:08:52.843+0000] {logging_mixin.py:190} INFO - [2025-03-04T07:08:52.843+0000] {dag.py:3239} INFO - Sync 1 DAGs
[2025-03-04T07:08:52.854+0000] {logging_mixin.py:190} INFO - [2025-03-04T07:08:52.854+0000] {dag.py:4180} INFO - Setting next_dagrun for example_sensors to None, run_after=None
[2025-03-04T07:08:52.874+0000] {processor.py:208} INFO - Processing /home/airflow/.local/lib/python3.12/site-packages/airflow/example_dags/example_sensors.py took 0.066 seconds
[2025-03-04T07:09:23.107+0000] {processor.py:186} INFO - Started process (PID=2503) to work on /home/airflow/.local/lib/python3.12/site-packages/airflow/example_dags/example_sensors.py
[2025-03-04T07:09:23.109+0000] {processor.py:914} INFO - Processing file /home/airflow/.local/lib/python3.12/site-packages/airflow/example_dags/example_sensors.py for tasks to queue
[2025-03-04T07:09:23.112+0000] {logging_mixin.py:190} INFO - [2025-03-04T07:09:23.112+0000] {dagbag.py:588} INFO - Filling up the DagBag from /home/airflow/.local/lib/python3.12/site-packages/airflow/example_dags/example_sensors.py
[2025-03-04T07:09:23.130+0000] {processor.py:925} INFO - DAG(s) 'example_sensors' retrieved from /home/airflow/.local/lib/python3.12/site-packages/airflow/example_dags/example_sensors.py
[2025-03-04T07:09:23.167+0000] {logging_mixin.py:190} INFO - [2025-03-04T07:09:23.167+0000] {dag.py:3239} INFO - Sync 1 DAGs
[2025-03-04T07:09:23.184+0000] {logging_mixin.py:190} INFO - [2025-03-04T07:09:23.184+0000] {dag.py:4180} INFO - Setting next_dagrun for example_sensors to None, run_after=None
[2025-03-04T07:09:23.205+0000] {processor.py:208} INFO - Processing /home/airflow/.local/lib/python3.12/site-packages/airflow/example_dags/example_sensors.py took 0.106 seconds
[2025-03-04T07:09:54.155+0000] {processor.py:186} INFO - Started process (PID=2577) to work on /home/airflow/.local/lib/python3.12/site-packages/airflow/example_dags/example_sensors.py
[2025-03-04T07:09:54.156+0000] {processor.py:914} INFO - Processing file /home/airflow/.local/lib/python3.12/site-packages/airflow/example_dags/example_sensors.py for tasks to queue
[2025-03-04T07:09:54.157+0000] {logging_mixin.py:190} INFO - [2025-03-04T07:09:54.157+0000] {dagbag.py:588} INFO - Filling up the DagBag from /home/airflow/.local/lib/python3.12/site-packages/airflow/example_dags/example_sensors.py
[2025-03-04T07:09:54.167+0000] {processor.py:925} INFO - DAG(s) 'example_sensors' retrieved from /home/airflow/.local/lib/python3.12/site-packages/airflow/example_dags/example_sensors.py
[2025-03-04T07:09:54.188+0000] {logging_mixin.py:190} INFO - [2025-03-04T07:09:54.188+0000] {dag.py:3239} INFO - Sync 1 DAGs
[2025-03-04T07:09:54.199+0000] {logging_mixin.py:190} INFO - [2025-03-04T07:09:54.199+0000] {dag.py:4180} INFO - Setting next_dagrun for example_sensors to None, run_after=None
[2025-03-04T07:09:54.213+0000] {processor.py:208} INFO - Processing /home/airflow/.local/lib/python3.12/site-packages/airflow/example_dags/example_sensors.py took 0.063 seconds
[2025-03-04T07:10:24.854+0000] {processor.py:186} INFO - Started process (PID=2658) to work on /home/airflow/.local/lib/python3.12/site-packages/airflow/example_dags/example_sensors.py
[2025-03-04T07:10:24.856+0000] {processor.py:914} INFO - Processing file /home/airflow/.local/lib/python3.12/site-packages/airflow/example_dags/example_sensors.py for tasks to queue
[2025-03-04T07:10:24.858+0000] {logging_mixin.py:190} INFO - [2025-03-04T07:10:24.857+0000] {dagbag.py:588} INFO - Filling up the DagBag from /home/airflow/.local/lib/python3.12/site-packages/airflow/example_dags/example_sensors.py
[2025-03-04T07:10:24.870+0000] {processor.py:925} INFO - DAG(s) 'example_sensors' retrieved from /home/airflow/.local/lib/python3.12/site-packages/airflow/example_dags/example_sensors.py
[2025-03-04T07:10:24.891+0000] {logging_mixin.py:190} INFO - [2025-03-04T07:10:24.890+0000] {dag.py:3239} INFO - Sync 1 DAGs
[2025-03-04T07:10:24.901+0000] {logging_mixin.py:190} INFO - [2025-03-04T07:10:24.901+0000] {dag.py:4180} INFO - Setting next_dagrun for example_sensors to None, run_after=None
[2025-03-04T07:10:24.914+0000] {processor.py:208} INFO - Processing /home/airflow/.local/lib/python3.12/site-packages/airflow/example_dags/example_sensors.py took 0.066 seconds
[2025-03-04T07:10:55.376+0000] {processor.py:186} INFO - Started process (PID=2732) to work on /home/airflow/.local/lib/python3.12/site-packages/airflow/example_dags/example_sensors.py
[2025-03-04T07:10:55.377+0000] {processor.py:914} INFO - Processing file /home/airflow/.local/lib/python3.12/site-packages/airflow/example_dags/example_sensors.py for tasks to queue
[2025-03-04T07:10:55.378+0000] {logging_mixin.py:190} INFO - [2025-03-04T07:10:55.378+0000] {dagbag.py:588} INFO - Filling up the DagBag from /home/airflow/.local/lib/python3.12/site-packages/airflow/example_dags/example_sensors.py
[2025-03-04T07:10:55.388+0000] {processor.py:925} INFO - DAG(s) 'example_sensors' retrieved from /home/airflow/.local/lib/python3.12/site-packages/airflow/example_dags/example_sensors.py
[2025-03-04T07:10:55.409+0000] {logging_mixin.py:190} INFO - [2025-03-04T07:10:55.409+0000] {dag.py:3239} INFO - Sync 1 DAGs
[2025-03-04T07:10:55.421+0000] {logging_mixin.py:190} INFO - [2025-03-04T07:10:55.420+0000] {dag.py:4180} INFO - Setting next_dagrun for example_sensors to None, run_after=None
[2025-03-04T07:10:55.434+0000] {processor.py:208} INFO - Processing /home/airflow/.local/lib/python3.12/site-packages/airflow/example_dags/example_sensors.py took 0.064 seconds
[2025-03-04T07:11:26.165+0000] {processor.py:186} INFO - Started process (PID=2814) to work on /home/airflow/.local/lib/python3.12/site-packages/airflow/example_dags/example_sensors.py
[2025-03-04T07:11:26.166+0000] {processor.py:914} INFO - Processing file /home/airflow/.local/lib/python3.12/site-packages/airflow/example_dags/example_sensors.py for tasks to queue
[2025-03-04T07:11:26.168+0000] {logging_mixin.py:190} INFO - [2025-03-04T07:11:26.167+0000] {dagbag.py:588} INFO - Filling up the DagBag from /home/airflow/.local/lib/python3.12/site-packages/airflow/example_dags/example_sensors.py
[2025-03-04T07:11:26.178+0000] {processor.py:925} INFO - DAG(s) 'example_sensors' retrieved from /home/airflow/.local/lib/python3.12/site-packages/airflow/example_dags/example_sensors.py
[2025-03-04T07:11:26.204+0000] {logging_mixin.py:190} INFO - [2025-03-04T07:11:26.204+0000] {dag.py:3239} INFO - Sync 1 DAGs
[2025-03-04T07:11:26.222+0000] {logging_mixin.py:190} INFO - [2025-03-04T07:11:26.222+0000] {dag.py:4180} INFO - Setting next_dagrun for example_sensors to None, run_after=None
[2025-03-04T07:11:26.239+0000] {processor.py:208} INFO - Processing /home/airflow/.local/lib/python3.12/site-packages/airflow/example_dags/example_sensors.py took 0.081 seconds
[2025-03-04T07:11:56.891+0000] {processor.py:186} INFO - Started process (PID=2887) to work on /home/airflow/.local/lib/python3.12/site-packages/airflow/example_dags/example_sensors.py
[2025-03-04T07:11:56.895+0000] {processor.py:914} INFO - Processing file /home/airflow/.local/lib/python3.12/site-packages/airflow/example_dags/example_sensors.py for tasks to queue
[2025-03-04T07:11:56.897+0000] {logging_mixin.py:190} INFO - [2025-03-04T07:11:56.897+0000] {dagbag.py:588} INFO - Filling up the DagBag from /home/airflow/.local/lib/python3.12/site-packages/airflow/example_dags/example_sensors.py
[2025-03-04T07:11:56.907+0000] {processor.py:925} INFO - DAG(s) 'example_sensors' retrieved from /home/airflow/.local/lib/python3.12/site-packages/airflow/example_dags/example_sensors.py
[2025-03-04T07:11:56.931+0000] {logging_mixin.py:190} INFO - [2025-03-04T07:11:56.930+0000] {dag.py:3239} INFO - Sync 1 DAGs
[2025-03-04T07:11:56.944+0000] {logging_mixin.py:190} INFO - [2025-03-04T07:11:56.944+0000] {dag.py:4180} INFO - Setting next_dagrun for example_sensors to None, run_after=None
[2025-03-04T07:11:56.961+0000] {processor.py:208} INFO - Processing /home/airflow/.local/lib/python3.12/site-packages/airflow/example_dags/example_sensors.py took 0.074 seconds
[2025-03-04T07:12:27.465+0000] {processor.py:186} INFO - Started process (PID=2958) to work on /home/airflow/.local/lib/python3.12/site-packages/airflow/example_dags/example_sensors.py
[2025-03-04T07:12:27.466+0000] {processor.py:914} INFO - Processing file /home/airflow/.local/lib/python3.12/site-packages/airflow/example_dags/example_sensors.py for tasks to queue
[2025-03-04T07:12:27.467+0000] {logging_mixin.py:190} INFO - [2025-03-04T07:12:27.467+0000] {dagbag.py:588} INFO - Filling up the DagBag from /home/airflow/.local/lib/python3.12/site-packages/airflow/example_dags/example_sensors.py
[2025-03-04T07:12:27.478+0000] {processor.py:925} INFO - DAG(s) 'example_sensors' retrieved from /home/airflow/.local/lib/python3.12/site-packages/airflow/example_dags/example_sensors.py
[2025-03-04T07:12:27.498+0000] {logging_mixin.py:190} INFO - [2025-03-04T07:12:27.497+0000] {dag.py:3239} INFO - Sync 1 DAGs
[2025-03-04T07:12:27.508+0000] {logging_mixin.py:190} INFO - [2025-03-04T07:12:27.508+0000] {dag.py:4180} INFO - Setting next_dagrun for example_sensors to None, run_after=None
[2025-03-04T07:12:27.523+0000] {processor.py:208} INFO - Processing /home/airflow/.local/lib/python3.12/site-packages/airflow/example_dags/example_sensors.py took 0.063 seconds
[2025-03-04T07:12:58.138+0000] {processor.py:186} INFO - Started process (PID=3039) to work on /home/airflow/.local/lib/python3.12/site-packages/airflow/example_dags/example_sensors.py
[2025-03-04T07:12:58.139+0000] {processor.py:914} INFO - Processing file /home/airflow/.local/lib/python3.12/site-packages/airflow/example_dags/example_sensors.py for tasks to queue
[2025-03-04T07:12:58.140+0000] {logging_mixin.py:190} INFO - [2025-03-04T07:12:58.140+0000] {dagbag.py:588} INFO - Filling up the DagBag from /home/airflow/.local/lib/python3.12/site-packages/airflow/example_dags/example_sensors.py
[2025-03-04T07:12:58.151+0000] {processor.py:925} INFO - DAG(s) 'example_sensors' retrieved from /home/airflow/.local/lib/python3.12/site-packages/airflow/example_dags/example_sensors.py
[2025-03-04T07:12:58.175+0000] {logging_mixin.py:190} INFO - [2025-03-04T07:12:58.175+0000] {dag.py:3239} INFO - Sync 1 DAGs
[2025-03-04T07:12:58.188+0000] {logging_mixin.py:190} INFO - [2025-03-04T07:12:58.188+0000] {dag.py:4180} INFO - Setting next_dagrun for example_sensors to None, run_after=None
[2025-03-04T07:12:58.209+0000] {processor.py:208} INFO - Processing /home/airflow/.local/lib/python3.12/site-packages/airflow/example_dags/example_sensors.py took 0.076 seconds
[2025-03-04T07:13:29.090+0000] {processor.py:186} INFO - Started process (PID=3112) to work on /home/airflow/.local/lib/python3.12/site-packages/airflow/example_dags/example_sensors.py
[2025-03-04T07:13:29.091+0000] {processor.py:914} INFO - Processing file /home/airflow/.local/lib/python3.12/site-packages/airflow/example_dags/example_sensors.py for tasks to queue
[2025-03-04T07:13:29.093+0000] {logging_mixin.py:190} INFO - [2025-03-04T07:13:29.092+0000] {dagbag.py:588} INFO - Filling up the DagBag from /home/airflow/.local/lib/python3.12/site-packages/airflow/example_dags/example_sensors.py
[2025-03-04T07:13:29.105+0000] {processor.py:925} INFO - DAG(s) 'example_sensors' retrieved from /home/airflow/.local/lib/python3.12/site-packages/airflow/example_dags/example_sensors.py
[2025-03-04T07:13:29.131+0000] {logging_mixin.py:190} INFO - [2025-03-04T07:13:29.131+0000] {dag.py:3239} INFO - Sync 1 DAGs
[2025-03-04T07:13:29.146+0000] {logging_mixin.py:190} INFO - [2025-03-04T07:13:29.146+0000] {dag.py:4180} INFO - Setting next_dagrun for example_sensors to None, run_after=None
[2025-03-04T07:13:29.166+0000] {processor.py:208} INFO - Processing /home/airflow/.local/lib/python3.12/site-packages/airflow/example_dags/example_sensors.py took 0.082 seconds
[2025-03-04T07:13:59.316+0000] {processor.py:186} INFO - Started process (PID=3193) to work on /home/airflow/.local/lib/python3.12/site-packages/airflow/example_dags/example_sensors.py
[2025-03-04T07:13:59.318+0000] {processor.py:914} INFO - Processing file /home/airflow/.local/lib/python3.12/site-packages/airflow/example_dags/example_sensors.py for tasks to queue
[2025-03-04T07:13:59.320+0000] {logging_mixin.py:190} INFO - [2025-03-04T07:13:59.319+0000] {dagbag.py:588} INFO - Filling up the DagBag from /home/airflow/.local/lib/python3.12/site-packages/airflow/example_dags/example_sensors.py
[2025-03-04T07:13:59.339+0000] {processor.py:925} INFO - DAG(s) 'example_sensors' retrieved from /home/airflow/.local/lib/python3.12/site-packages/airflow/example_dags/example_sensors.py
[2025-03-04T07:13:59.380+0000] {logging_mixin.py:190} INFO - [2025-03-04T07:13:59.379+0000] {dag.py:3239} INFO - Sync 1 DAGs
[2025-03-04T07:13:59.399+0000] {logging_mixin.py:190} INFO - [2025-03-04T07:13:59.399+0000] {dag.py:4180} INFO - Setting next_dagrun for example_sensors to None, run_after=None
[2025-03-04T07:13:59.426+0000] {processor.py:208} INFO - Processing /home/airflow/.local/lib/python3.12/site-packages/airflow/example_dags/example_sensors.py took 0.125 seconds
[2025-03-04T07:14:29.629+0000] {processor.py:186} INFO - Started process (PID=3272) to work on /home/airflow/.local/lib/python3.12/site-packages/airflow/example_dags/example_sensors.py
[2025-03-04T07:14:29.630+0000] {processor.py:914} INFO - Processing file /home/airflow/.local/lib/python3.12/site-packages/airflow/example_dags/example_sensors.py for tasks to queue
[2025-03-04T07:14:29.632+0000] {logging_mixin.py:190} INFO - [2025-03-04T07:14:29.632+0000] {dagbag.py:588} INFO - Filling up the DagBag from /home/airflow/.local/lib/python3.12/site-packages/airflow/example_dags/example_sensors.py
[2025-03-04T07:14:29.649+0000] {processor.py:925} INFO - DAG(s) 'example_sensors' retrieved from /home/airflow/.local/lib/python3.12/site-packages/airflow/example_dags/example_sensors.py
[2025-03-04T07:14:29.681+0000] {logging_mixin.py:190} INFO - [2025-03-04T07:14:29.681+0000] {dag.py:3239} INFO - Sync 1 DAGs
[2025-03-04T07:14:29.697+0000] {logging_mixin.py:190} INFO - [2025-03-04T07:14:29.697+0000] {dag.py:4180} INFO - Setting next_dagrun for example_sensors to None, run_after=None
[2025-03-04T07:14:29.722+0000] {processor.py:208} INFO - Processing /home/airflow/.local/lib/python3.12/site-packages/airflow/example_dags/example_sensors.py took 0.116 seconds
[2025-03-04T07:15:00.360+0000] {processor.py:186} INFO - Started process (PID=3349) to work on /home/airflow/.local/lib/python3.12/site-packages/airflow/example_dags/example_sensors.py
[2025-03-04T07:15:00.362+0000] {processor.py:914} INFO - Processing file /home/airflow/.local/lib/python3.12/site-packages/airflow/example_dags/example_sensors.py for tasks to queue
[2025-03-04T07:15:00.364+0000] {logging_mixin.py:190} INFO - [2025-03-04T07:15:00.363+0000] {dagbag.py:588} INFO - Filling up the DagBag from /home/airflow/.local/lib/python3.12/site-packages/airflow/example_dags/example_sensors.py
[2025-03-04T07:15:00.375+0000] {processor.py:925} INFO - DAG(s) 'example_sensors' retrieved from /home/airflow/.local/lib/python3.12/site-packages/airflow/example_dags/example_sensors.py
[2025-03-04T07:15:00.408+0000] {logging_mixin.py:190} INFO - [2025-03-04T07:15:00.408+0000] {dag.py:3239} INFO - Sync 1 DAGs
[2025-03-04T07:15:00.425+0000] {logging_mixin.py:190} INFO - [2025-03-04T07:15:00.425+0000] {dag.py:4180} INFO - Setting next_dagrun for example_sensors to None, run_after=None
[2025-03-04T07:15:00.466+0000] {processor.py:208} INFO - Processing /home/airflow/.local/lib/python3.12/site-packages/airflow/example_dags/example_sensors.py took 0.112 seconds
[2025-03-04T07:15:31.024+0000] {processor.py:186} INFO - Started process (PID=3430) to work on /home/airflow/.local/lib/python3.12/site-packages/airflow/example_dags/example_sensors.py
[2025-03-04T07:15:31.025+0000] {processor.py:914} INFO - Processing file /home/airflow/.local/lib/python3.12/site-packages/airflow/example_dags/example_sensors.py for tasks to queue
[2025-03-04T07:15:31.027+0000] {logging_mixin.py:190} INFO - [2025-03-04T07:15:31.027+0000] {dagbag.py:588} INFO - Filling up the DagBag from /home/airflow/.local/lib/python3.12/site-packages/airflow/example_dags/example_sensors.py
[2025-03-04T07:15:31.036+0000] {processor.py:925} INFO - DAG(s) 'example_sensors' retrieved from /home/airflow/.local/lib/python3.12/site-packages/airflow/example_dags/example_sensors.py
[2025-03-04T07:15:31.056+0000] {logging_mixin.py:190} INFO - [2025-03-04T07:15:31.056+0000] {dag.py:3239} INFO - Sync 1 DAGs
[2025-03-04T07:15:31.067+0000] {logging_mixin.py:190} INFO - [2025-03-04T07:15:31.067+0000] {dag.py:4180} INFO - Setting next_dagrun for example_sensors to None, run_after=None
[2025-03-04T07:15:31.100+0000] {processor.py:208} INFO - Processing /home/airflow/.local/lib/python3.12/site-packages/airflow/example_dags/example_sensors.py took 0.080 seconds
[2025-03-04T07:16:01.390+0000] {processor.py:186} INFO - Started process (PID=3505) to work on /home/airflow/.local/lib/python3.12/site-packages/airflow/example_dags/example_sensors.py
[2025-03-04T07:16:01.391+0000] {processor.py:914} INFO - Processing file /home/airflow/.local/lib/python3.12/site-packages/airflow/example_dags/example_sensors.py for tasks to queue
[2025-03-04T07:16:01.392+0000] {logging_mixin.py:190} INFO - [2025-03-04T07:16:01.391+0000] {dagbag.py:588} INFO - Filling up the DagBag from /home/airflow/.local/lib/python3.12/site-packages/airflow/example_dags/example_sensors.py
[2025-03-04T07:16:01.400+0000] {processor.py:925} INFO - DAG(s) 'example_sensors' retrieved from /home/airflow/.local/lib/python3.12/site-packages/airflow/example_dags/example_sensors.py
[2025-03-04T07:16:01.419+0000] {logging_mixin.py:190} INFO - [2025-03-04T07:16:01.418+0000] {dag.py:3239} INFO - Sync 1 DAGs
[2025-03-04T07:16:01.429+0000] {logging_mixin.py:190} INFO - [2025-03-04T07:16:01.428+0000] {dag.py:4180} INFO - Setting next_dagrun for example_sensors to None, run_after=None
[2025-03-04T07:16:01.447+0000] {processor.py:208} INFO - Processing /home/airflow/.local/lib/python3.12/site-packages/airflow/example_dags/example_sensors.py took 0.062 seconds
[2025-03-04T07:16:31.623+0000] {processor.py:186} INFO - Started process (PID=3586) to work on /home/airflow/.local/lib/python3.12/site-packages/airflow/example_dags/example_sensors.py
[2025-03-04T07:16:31.624+0000] {processor.py:914} INFO - Processing file /home/airflow/.local/lib/python3.12/site-packages/airflow/example_dags/example_sensors.py for tasks to queue
[2025-03-04T07:16:31.626+0000] {logging_mixin.py:190} INFO - [2025-03-04T07:16:31.625+0000] {dagbag.py:588} INFO - Filling up the DagBag from /home/airflow/.local/lib/python3.12/site-packages/airflow/example_dags/example_sensors.py
[2025-03-04T07:16:31.643+0000] {processor.py:925} INFO - DAG(s) 'example_sensors' retrieved from /home/airflow/.local/lib/python3.12/site-packages/airflow/example_dags/example_sensors.py
[2025-03-04T07:16:31.681+0000] {logging_mixin.py:190} INFO - [2025-03-04T07:16:31.680+0000] {dag.py:3239} INFO - Sync 1 DAGs
[2025-03-04T07:16:31.698+0000] {logging_mixin.py:190} INFO - [2025-03-04T07:16:31.697+0000] {dag.py:4180} INFO - Setting next_dagrun for example_sensors to None, run_after=None
[2025-03-04T07:16:31.718+0000] {processor.py:208} INFO - Processing /home/airflow/.local/lib/python3.12/site-packages/airflow/example_dags/example_sensors.py took 0.104 seconds
[2025-03-04T07:17:01.860+0000] {processor.py:186} INFO - Started process (PID=3661) to work on /home/airflow/.local/lib/python3.12/site-packages/airflow/example_dags/example_sensors.py
[2025-03-04T07:17:01.861+0000] {processor.py:914} INFO - Processing file /home/airflow/.local/lib/python3.12/site-packages/airflow/example_dags/example_sensors.py for tasks to queue
[2025-03-04T07:17:01.864+0000] {logging_mixin.py:190} INFO - [2025-03-04T07:17:01.864+0000] {dagbag.py:588} INFO - Filling up the DagBag from /home/airflow/.local/lib/python3.12/site-packages/airflow/example_dags/example_sensors.py
[2025-03-04T07:17:01.880+0000] {processor.py:925} INFO - DAG(s) 'example_sensors' retrieved from /home/airflow/.local/lib/python3.12/site-packages/airflow/example_dags/example_sensors.py
[2025-03-04T07:17:01.900+0000] {logging_mixin.py:190} INFO - [2025-03-04T07:17:01.900+0000] {dag.py:3239} INFO - Sync 1 DAGs
[2025-03-04T07:17:01.912+0000] {logging_mixin.py:190} INFO - [2025-03-04T07:17:01.912+0000] {dag.py:4180} INFO - Setting next_dagrun for example_sensors to None, run_after=None
[2025-03-04T07:17:01.927+0000] {processor.py:208} INFO - Processing /home/airflow/.local/lib/python3.12/site-packages/airflow/example_dags/example_sensors.py took 0.072 seconds
[2025-03-04T07:17:32.084+0000] {processor.py:186} INFO - Started process (PID=3734) to work on /home/airflow/.local/lib/python3.12/site-packages/airflow/example_dags/example_sensors.py
[2025-03-04T07:17:32.085+0000] {processor.py:914} INFO - Processing file /home/airflow/.local/lib/python3.12/site-packages/airflow/example_dags/example_sensors.py for tasks to queue
[2025-03-04T07:17:32.087+0000] {logging_mixin.py:190} INFO - [2025-03-04T07:17:32.087+0000] {dagbag.py:588} INFO - Filling up the DagBag from /home/airflow/.local/lib/python3.12/site-packages/airflow/example_dags/example_sensors.py
[2025-03-04T07:17:32.096+0000] {processor.py:925} INFO - DAG(s) 'example_sensors' retrieved from /home/airflow/.local/lib/python3.12/site-packages/airflow/example_dags/example_sensors.py
[2025-03-04T07:17:32.118+0000] {logging_mixin.py:190} INFO - [2025-03-04T07:17:32.118+0000] {dag.py:3239} INFO - Sync 1 DAGs
[2025-03-04T07:17:32.128+0000] {logging_mixin.py:190} INFO - [2025-03-04T07:17:32.128+0000] {dag.py:4180} INFO - Setting next_dagrun for example_sensors to None, run_after=None
[2025-03-04T07:17:32.144+0000] {processor.py:208} INFO - Processing /home/airflow/.local/lib/python3.12/site-packages/airflow/example_dags/example_sensors.py took 0.064 seconds
[2025-03-04T07:18:02.801+0000] {processor.py:186} INFO - Started process (PID=3818) to work on /home/airflow/.local/lib/python3.12/site-packages/airflow/example_dags/example_sensors.py
[2025-03-04T07:18:02.802+0000] {processor.py:914} INFO - Processing file /home/airflow/.local/lib/python3.12/site-packages/airflow/example_dags/example_sensors.py for tasks to queue
[2025-03-04T07:18:02.803+0000] {logging_mixin.py:190} INFO - [2025-03-04T07:18:02.803+0000] {dagbag.py:588} INFO - Filling up the DagBag from /home/airflow/.local/lib/python3.12/site-packages/airflow/example_dags/example_sensors.py
[2025-03-04T07:18:02.813+0000] {processor.py:925} INFO - DAG(s) 'example_sensors' retrieved from /home/airflow/.local/lib/python3.12/site-packages/airflow/example_dags/example_sensors.py
[2025-03-04T07:18:02.833+0000] {logging_mixin.py:190} INFO - [2025-03-04T07:18:02.833+0000] {dag.py:3239} INFO - Sync 1 DAGs
[2025-03-04T07:18:02.843+0000] {logging_mixin.py:190} INFO - [2025-03-04T07:18:02.842+0000] {dag.py:4180} INFO - Setting next_dagrun for example_sensors to None, run_after=None
[2025-03-04T07:18:02.857+0000] {processor.py:208} INFO - Processing /home/airflow/.local/lib/python3.12/site-packages/airflow/example_dags/example_sensors.py took 0.061 seconds
[2025-03-04T07:18:33.012+0000] {processor.py:186} INFO - Started process (PID=3892) to work on /home/airflow/.local/lib/python3.12/site-packages/airflow/example_dags/example_sensors.py
[2025-03-04T07:18:33.014+0000] {processor.py:914} INFO - Processing file /home/airflow/.local/lib/python3.12/site-packages/airflow/example_dags/example_sensors.py for tasks to queue
[2025-03-04T07:18:33.016+0000] {logging_mixin.py:190} INFO - [2025-03-04T07:18:33.016+0000] {dagbag.py:588} INFO - Filling up the DagBag from /home/airflow/.local/lib/python3.12/site-packages/airflow/example_dags/example_sensors.py
[2025-03-04T07:18:33.028+0000] {processor.py:925} INFO - DAG(s) 'example_sensors' retrieved from /home/airflow/.local/lib/python3.12/site-packages/airflow/example_dags/example_sensors.py
[2025-03-04T07:18:33.054+0000] {logging_mixin.py:190} INFO - [2025-03-04T07:18:33.054+0000] {dag.py:3239} INFO - Sync 1 DAGs
[2025-03-04T07:18:33.066+0000] {logging_mixin.py:190} INFO - [2025-03-04T07:18:33.066+0000] {dag.py:4180} INFO - Setting next_dagrun for example_sensors to None, run_after=None
[2025-03-04T07:18:33.084+0000] {processor.py:208} INFO - Processing /home/airflow/.local/lib/python3.12/site-packages/airflow/example_dags/example_sensors.py took 0.080 seconds
