[2025-03-04T06:53:46.554+0000] {processor.py:186} INFO - Started process (PID=90) to work on /home/airflow/.local/lib/python3.12/site-packages/airflow/example_dags/example_python_operator.py
[2025-03-04T06:53:46.556+0000] {processor.py:914} INFO - Processing file /home/airflow/.local/lib/python3.12/site-packages/airflow/example_dags/example_python_operator.py for tasks to queue
[2025-03-04T06:53:46.559+0000] {logging_mixin.py:190} INFO - [2025-03-04T06:53:46.559+0000] {dagbag.py:588} INFO - Filling up the DagBag from /home/airflow/.local/lib/python3.12/site-packages/airflow/example_dags/example_python_operator.py
[2025-03-04T06:53:46.587+0000] {processor.py:925} INFO - DAG(s) 'example_python_operator' retrieved from /home/airflow/.local/lib/python3.12/site-packages/airflow/example_dags/example_python_operator.py
[2025-03-04T06:53:46.695+0000] {logging_mixin.py:190} INFO - [2025-03-04T06:53:46.694+0000] {override.py:1912} INFO - Created Permission View: can read on DAG:example_python_operator
[2025-03-04T06:53:46.707+0000] {logging_mixin.py:190} INFO - [2025-03-04T06:53:46.706+0000] {override.py:1912} INFO - Created Permission View: can edit on DAG:example_python_operator
[2025-03-04T06:53:46.715+0000] {logging_mixin.py:190} INFO - [2025-03-04T06:53:46.715+0000] {override.py:1912} INFO - Created Permission View: can delete on DAG:example_python_operator
[2025-03-04T06:53:46.727+0000] {logging_mixin.py:190} INFO - [2025-03-04T06:53:46.726+0000] {override.py:1912} INFO - Created Permission View: menu access on DAG Run:example_python_operator
[2025-03-04T06:53:46.734+0000] {logging_mixin.py:190} INFO - [2025-03-04T06:53:46.734+0000] {override.py:1912} INFO - Created Permission View: can read on DAG Run:example_python_operator
[2025-03-04T06:53:46.742+0000] {logging_mixin.py:190} INFO - [2025-03-04T06:53:46.742+0000] {override.py:1912} INFO - Created Permission View: can delete on DAG Run:example_python_operator
[2025-03-04T06:53:46.749+0000] {logging_mixin.py:190} INFO - [2025-03-04T06:53:46.749+0000] {override.py:1912} INFO - Created Permission View: can create on DAG Run:example_python_operator
[2025-03-04T06:53:46.750+0000] {logging_mixin.py:190} INFO - [2025-03-04T06:53:46.750+0000] {dag.py:3239} INFO - Sync 1 DAGs
[2025-03-04T06:53:46.766+0000] {logging_mixin.py:190} INFO - [2025-03-04T06:53:46.766+0000] {dag.py:3262} INFO - Creating ORM DAG for example_python_operator
[2025-03-04T06:53:46.767+0000] {logging_mixin.py:190} INFO - [2025-03-04T06:53:46.767+0000] {dag.py:4180} INFO - Setting next_dagrun for example_python_operator to None, run_after=None
[2025-03-04T06:53:46.784+0000] {processor.py:208} INFO - Processing /home/airflow/.local/lib/python3.12/site-packages/airflow/example_dags/example_python_operator.py took 0.237 seconds
[2025-03-04T06:54:16.947+0000] {processor.py:186} INFO - Started process (PID=165) to work on /home/airflow/.local/lib/python3.12/site-packages/airflow/example_dags/example_python_operator.py
[2025-03-04T06:54:16.948+0000] {processor.py:914} INFO - Processing file /home/airflow/.local/lib/python3.12/site-packages/airflow/example_dags/example_python_operator.py for tasks to queue
[2025-03-04T06:54:16.950+0000] {logging_mixin.py:190} INFO - [2025-03-04T06:54:16.950+0000] {dagbag.py:588} INFO - Filling up the DagBag from /home/airflow/.local/lib/python3.12/site-packages/airflow/example_dags/example_python_operator.py
[2025-03-04T06:54:16.960+0000] {processor.py:925} INFO - DAG(s) 'example_python_operator' retrieved from /home/airflow/.local/lib/python3.12/site-packages/airflow/example_dags/example_python_operator.py
[2025-03-04T06:54:16.979+0000] {logging_mixin.py:190} INFO - [2025-03-04T06:54:16.978+0000] {dag.py:3239} INFO - Sync 1 DAGs
[2025-03-04T06:54:16.991+0000] {logging_mixin.py:190} INFO - [2025-03-04T06:54:16.991+0000] {dag.py:4180} INFO - Setting next_dagrun for example_python_operator to None, run_after=None
[2025-03-04T06:54:17.006+0000] {processor.py:208} INFO - Processing /home/airflow/.local/lib/python3.12/site-packages/airflow/example_dags/example_python_operator.py took 0.064 seconds
[2025-03-04T06:54:47.418+0000] {processor.py:186} INFO - Started process (PID=248) to work on /home/airflow/.local/lib/python3.12/site-packages/airflow/example_dags/example_python_operator.py
[2025-03-04T06:54:47.419+0000] {processor.py:914} INFO - Processing file /home/airflow/.local/lib/python3.12/site-packages/airflow/example_dags/example_python_operator.py for tasks to queue
[2025-03-04T06:54:47.421+0000] {logging_mixin.py:190} INFO - [2025-03-04T06:54:47.421+0000] {dagbag.py:588} INFO - Filling up the DagBag from /home/airflow/.local/lib/python3.12/site-packages/airflow/example_dags/example_python_operator.py
[2025-03-04T06:54:47.431+0000] {processor.py:925} INFO - DAG(s) 'example_python_operator' retrieved from /home/airflow/.local/lib/python3.12/site-packages/airflow/example_dags/example_python_operator.py
[2025-03-04T06:54:47.450+0000] {logging_mixin.py:190} INFO - [2025-03-04T06:54:47.450+0000] {dag.py:3239} INFO - Sync 1 DAGs
[2025-03-04T06:54:47.474+0000] {logging_mixin.py:190} INFO - [2025-03-04T06:54:47.474+0000] {dag.py:4180} INFO - Setting next_dagrun for example_python_operator to None, run_after=None
[2025-03-04T06:54:47.502+0000] {processor.py:208} INFO - Processing /home/airflow/.local/lib/python3.12/site-packages/airflow/example_dags/example_python_operator.py took 0.090 seconds
[2025-03-04T06:55:17.748+0000] {processor.py:186} INFO - Started process (PID=322) to work on /home/airflow/.local/lib/python3.12/site-packages/airflow/example_dags/example_python_operator.py
[2025-03-04T06:55:17.750+0000] {processor.py:914} INFO - Processing file /home/airflow/.local/lib/python3.12/site-packages/airflow/example_dags/example_python_operator.py for tasks to queue
[2025-03-04T06:55:17.752+0000] {logging_mixin.py:190} INFO - [2025-03-04T06:55:17.752+0000] {dagbag.py:588} INFO - Filling up the DagBag from /home/airflow/.local/lib/python3.12/site-packages/airflow/example_dags/example_python_operator.py
[2025-03-04T06:55:17.762+0000] {processor.py:925} INFO - DAG(s) 'example_python_operator' retrieved from /home/airflow/.local/lib/python3.12/site-packages/airflow/example_dags/example_python_operator.py
[2025-03-04T06:55:17.783+0000] {logging_mixin.py:190} INFO - [2025-03-04T06:55:17.783+0000] {dag.py:3239} INFO - Sync 1 DAGs
[2025-03-04T06:55:17.795+0000] {logging_mixin.py:190} INFO - [2025-03-04T06:55:17.795+0000] {dag.py:4180} INFO - Setting next_dagrun for example_python_operator to None, run_after=None
[2025-03-04T06:55:17.812+0000] {processor.py:208} INFO - Processing /home/airflow/.local/lib/python3.12/site-packages/airflow/example_dags/example_python_operator.py took 0.069 seconds
[2025-03-04T06:55:48.614+0000] {processor.py:186} INFO - Started process (PID=405) to work on /home/airflow/.local/lib/python3.12/site-packages/airflow/example_dags/example_python_operator.py
[2025-03-04T06:55:48.615+0000] {processor.py:914} INFO - Processing file /home/airflow/.local/lib/python3.12/site-packages/airflow/example_dags/example_python_operator.py for tasks to queue
[2025-03-04T06:55:48.617+0000] {logging_mixin.py:190} INFO - [2025-03-04T06:55:48.617+0000] {dagbag.py:588} INFO - Filling up the DagBag from /home/airflow/.local/lib/python3.12/site-packages/airflow/example_dags/example_python_operator.py
[2025-03-04T06:55:48.627+0000] {processor.py:925} INFO - DAG(s) 'example_python_operator' retrieved from /home/airflow/.local/lib/python3.12/site-packages/airflow/example_dags/example_python_operator.py
[2025-03-04T06:55:48.644+0000] {logging_mixin.py:190} INFO - [2025-03-04T06:55:48.644+0000] {dag.py:3239} INFO - Sync 1 DAGs
[2025-03-04T06:55:48.655+0000] {logging_mixin.py:190} INFO - [2025-03-04T06:55:48.655+0000] {dag.py:4180} INFO - Setting next_dagrun for example_python_operator to None, run_after=None
[2025-03-04T06:55:48.670+0000] {processor.py:208} INFO - Processing /home/airflow/.local/lib/python3.12/site-packages/airflow/example_dags/example_python_operator.py took 0.060 seconds
[2025-03-04T06:56:19.530+0000] {processor.py:186} INFO - Started process (PID=480) to work on /home/airflow/.local/lib/python3.12/site-packages/airflow/example_dags/example_python_operator.py
[2025-03-04T06:56:19.531+0000] {processor.py:914} INFO - Processing file /home/airflow/.local/lib/python3.12/site-packages/airflow/example_dags/example_python_operator.py for tasks to queue
[2025-03-04T06:56:19.533+0000] {logging_mixin.py:190} INFO - [2025-03-04T06:56:19.533+0000] {dagbag.py:588} INFO - Filling up the DagBag from /home/airflow/.local/lib/python3.12/site-packages/airflow/example_dags/example_python_operator.py
[2025-03-04T06:56:19.544+0000] {processor.py:925} INFO - DAG(s) 'example_python_operator' retrieved from /home/airflow/.local/lib/python3.12/site-packages/airflow/example_dags/example_python_operator.py
[2025-03-04T06:56:19.563+0000] {logging_mixin.py:190} INFO - [2025-03-04T06:56:19.563+0000] {dag.py:3239} INFO - Sync 1 DAGs
[2025-03-04T06:56:19.575+0000] {logging_mixin.py:190} INFO - [2025-03-04T06:56:19.575+0000] {dag.py:4180} INFO - Setting next_dagrun for example_python_operator to None, run_after=None
[2025-03-04T06:56:19.590+0000] {processor.py:208} INFO - Processing /home/airflow/.local/lib/python3.12/site-packages/airflow/example_dags/example_python_operator.py took 0.066 seconds
[2025-03-04T06:56:50.649+0000] {processor.py:186} INFO - Started process (PID=563) to work on /home/airflow/.local/lib/python3.12/site-packages/airflow/example_dags/example_python_operator.py
[2025-03-04T06:56:50.651+0000] {processor.py:914} INFO - Processing file /home/airflow/.local/lib/python3.12/site-packages/airflow/example_dags/example_python_operator.py for tasks to queue
[2025-03-04T06:56:50.654+0000] {logging_mixin.py:190} INFO - [2025-03-04T06:56:50.653+0000] {dagbag.py:588} INFO - Filling up the DagBag from /home/airflow/.local/lib/python3.12/site-packages/airflow/example_dags/example_python_operator.py
[2025-03-04T06:56:50.666+0000] {processor.py:925} INFO - DAG(s) 'example_python_operator' retrieved from /home/airflow/.local/lib/python3.12/site-packages/airflow/example_dags/example_python_operator.py
[2025-03-04T06:56:50.689+0000] {logging_mixin.py:190} INFO - [2025-03-04T06:56:50.688+0000] {dag.py:3239} INFO - Sync 1 DAGs
[2025-03-04T06:56:50.705+0000] {logging_mixin.py:190} INFO - [2025-03-04T06:56:50.704+0000] {dag.py:4180} INFO - Setting next_dagrun for example_python_operator to None, run_after=None
[2025-03-04T06:56:50.725+0000] {processor.py:208} INFO - Processing /home/airflow/.local/lib/python3.12/site-packages/airflow/example_dags/example_python_operator.py took 0.084 seconds
[2025-03-04T06:57:21.819+0000] {processor.py:186} INFO - Started process (PID=638) to work on /home/airflow/.local/lib/python3.12/site-packages/airflow/example_dags/example_python_operator.py
[2025-03-04T06:57:21.820+0000] {processor.py:914} INFO - Processing file /home/airflow/.local/lib/python3.12/site-packages/airflow/example_dags/example_python_operator.py for tasks to queue
[2025-03-04T06:57:21.823+0000] {logging_mixin.py:190} INFO - [2025-03-04T06:57:21.822+0000] {dagbag.py:588} INFO - Filling up the DagBag from /home/airflow/.local/lib/python3.12/site-packages/airflow/example_dags/example_python_operator.py
[2025-03-04T06:57:21.832+0000] {processor.py:925} INFO - DAG(s) 'example_python_operator' retrieved from /home/airflow/.local/lib/python3.12/site-packages/airflow/example_dags/example_python_operator.py
[2025-03-04T06:57:21.853+0000] {logging_mixin.py:190} INFO - [2025-03-04T06:57:21.853+0000] {dag.py:3239} INFO - Sync 1 DAGs
[2025-03-04T06:57:21.865+0000] {logging_mixin.py:190} INFO - [2025-03-04T06:57:21.865+0000] {dag.py:4180} INFO - Setting next_dagrun for example_python_operator to None, run_after=None
[2025-03-04T06:57:21.881+0000] {processor.py:208} INFO - Processing /home/airflow/.local/lib/python3.12/site-packages/airflow/example_dags/example_python_operator.py took 0.067 seconds
[2025-03-04T06:57:53.186+0000] {processor.py:186} INFO - Started process (PID=721) to work on /home/airflow/.local/lib/python3.12/site-packages/airflow/example_dags/example_python_operator.py
[2025-03-04T06:57:53.188+0000] {processor.py:914} INFO - Processing file /home/airflow/.local/lib/python3.12/site-packages/airflow/example_dags/example_python_operator.py for tasks to queue
[2025-03-04T06:57:53.191+0000] {logging_mixin.py:190} INFO - [2025-03-04T06:57:53.191+0000] {dagbag.py:588} INFO - Filling up the DagBag from /home/airflow/.local/lib/python3.12/site-packages/airflow/example_dags/example_python_operator.py
[2025-03-04T06:57:53.205+0000] {processor.py:925} INFO - DAG(s) 'example_python_operator' retrieved from /home/airflow/.local/lib/python3.12/site-packages/airflow/example_dags/example_python_operator.py
[2025-03-04T06:57:53.229+0000] {logging_mixin.py:190} INFO - [2025-03-04T06:57:53.229+0000] {dag.py:3239} INFO - Sync 1 DAGs
[2025-03-04T06:57:53.244+0000] {logging_mixin.py:190} INFO - [2025-03-04T06:57:53.243+0000] {dag.py:4180} INFO - Setting next_dagrun for example_python_operator to None, run_after=None
[2025-03-04T06:57:53.263+0000] {processor.py:208} INFO - Processing /home/airflow/.local/lib/python3.12/site-packages/airflow/example_dags/example_python_operator.py took 0.084 seconds
[2025-03-04T06:58:23.477+0000] {processor.py:186} INFO - Started process (PID=796) to work on /home/airflow/.local/lib/python3.12/site-packages/airflow/example_dags/example_python_operator.py
[2025-03-04T06:58:23.479+0000] {processor.py:914} INFO - Processing file /home/airflow/.local/lib/python3.12/site-packages/airflow/example_dags/example_python_operator.py for tasks to queue
[2025-03-04T06:58:23.481+0000] {logging_mixin.py:190} INFO - [2025-03-04T06:58:23.481+0000] {dagbag.py:588} INFO - Filling up the DagBag from /home/airflow/.local/lib/python3.12/site-packages/airflow/example_dags/example_python_operator.py
[2025-03-04T06:58:23.491+0000] {processor.py:925} INFO - DAG(s) 'example_python_operator' retrieved from /home/airflow/.local/lib/python3.12/site-packages/airflow/example_dags/example_python_operator.py
[2025-03-04T06:58:23.509+0000] {logging_mixin.py:190} INFO - [2025-03-04T06:58:23.508+0000] {dag.py:3239} INFO - Sync 1 DAGs
[2025-03-04T06:58:23.520+0000] {logging_mixin.py:190} INFO - [2025-03-04T06:58:23.520+0000] {dag.py:4180} INFO - Setting next_dagrun for example_python_operator to None, run_after=None
[2025-03-04T06:58:23.539+0000] {processor.py:208} INFO - Processing /home/airflow/.local/lib/python3.12/site-packages/airflow/example_dags/example_python_operator.py took 0.066 seconds
[2025-03-04T06:58:53.932+0000] {processor.py:186} INFO - Started process (PID=873) to work on /home/airflow/.local/lib/python3.12/site-packages/airflow/example_dags/example_python_operator.py
[2025-03-04T06:58:53.934+0000] {processor.py:914} INFO - Processing file /home/airflow/.local/lib/python3.12/site-packages/airflow/example_dags/example_python_operator.py for tasks to queue
[2025-03-04T06:58:53.936+0000] {logging_mixin.py:190} INFO - [2025-03-04T06:58:53.936+0000] {dagbag.py:588} INFO - Filling up the DagBag from /home/airflow/.local/lib/python3.12/site-packages/airflow/example_dags/example_python_operator.py
[2025-03-04T06:58:53.950+0000] {processor.py:925} INFO - DAG(s) 'example_python_operator' retrieved from /home/airflow/.local/lib/python3.12/site-packages/airflow/example_dags/example_python_operator.py
[2025-03-04T06:58:53.975+0000] {logging_mixin.py:190} INFO - [2025-03-04T06:58:53.974+0000] {dag.py:3239} INFO - Sync 1 DAGs
[2025-03-04T06:58:53.989+0000] {logging_mixin.py:190} INFO - [2025-03-04T06:58:53.989+0000] {dag.py:4180} INFO - Setting next_dagrun for example_python_operator to None, run_after=None
[2025-03-04T06:58:54.021+0000] {processor.py:208} INFO - Processing /home/airflow/.local/lib/python3.12/site-packages/airflow/example_dags/example_python_operator.py took 0.095 seconds
[2025-03-04T06:59:24.081+0000] {processor.py:186} INFO - Started process (PID=956) to work on /home/airflow/.local/lib/python3.12/site-packages/airflow/example_dags/example_python_operator.py
[2025-03-04T06:59:24.083+0000] {processor.py:914} INFO - Processing file /home/airflow/.local/lib/python3.12/site-packages/airflow/example_dags/example_python_operator.py for tasks to queue
[2025-03-04T06:59:24.085+0000] {logging_mixin.py:190} INFO - [2025-03-04T06:59:24.085+0000] {dagbag.py:588} INFO - Filling up the DagBag from /home/airflow/.local/lib/python3.12/site-packages/airflow/example_dags/example_python_operator.py
[2025-03-04T06:59:24.103+0000] {processor.py:925} INFO - DAG(s) 'example_python_operator' retrieved from /home/airflow/.local/lib/python3.12/site-packages/airflow/example_dags/example_python_operator.py
[2025-03-04T06:59:24.126+0000] {logging_mixin.py:190} INFO - [2025-03-04T06:59:24.126+0000] {dag.py:3239} INFO - Sync 1 DAGs
[2025-03-04T06:59:24.140+0000] {logging_mixin.py:190} INFO - [2025-03-04T06:59:24.140+0000] {dag.py:4180} INFO - Setting next_dagrun for example_python_operator to None, run_after=None
[2025-03-04T06:59:24.154+0000] {processor.py:208} INFO - Processing /home/airflow/.local/lib/python3.12/site-packages/airflow/example_dags/example_python_operator.py took 0.078 seconds
[2025-03-04T06:59:54.951+0000] {processor.py:186} INFO - Started process (PID=1032) to work on /home/airflow/.local/lib/python3.12/site-packages/airflow/example_dags/example_python_operator.py
[2025-03-04T06:59:54.952+0000] {processor.py:914} INFO - Processing file /home/airflow/.local/lib/python3.12/site-packages/airflow/example_dags/example_python_operator.py for tasks to queue
[2025-03-04T06:59:54.954+0000] {logging_mixin.py:190} INFO - [2025-03-04T06:59:54.954+0000] {dagbag.py:588} INFO - Filling up the DagBag from /home/airflow/.local/lib/python3.12/site-packages/airflow/example_dags/example_python_operator.py
[2025-03-04T06:59:54.965+0000] {processor.py:925} INFO - DAG(s) 'example_python_operator' retrieved from /home/airflow/.local/lib/python3.12/site-packages/airflow/example_dags/example_python_operator.py
[2025-03-04T06:59:54.982+0000] {logging_mixin.py:190} INFO - [2025-03-04T06:59:54.982+0000] {dag.py:3239} INFO - Sync 1 DAGs
[2025-03-04T06:59:54.993+0000] {logging_mixin.py:190} INFO - [2025-03-04T06:59:54.992+0000] {dag.py:4180} INFO - Setting next_dagrun for example_python_operator to None, run_after=None
[2025-03-04T06:59:55.006+0000] {processor.py:208} INFO - Processing /home/airflow/.local/lib/python3.12/site-packages/airflow/example_dags/example_python_operator.py took 0.059 seconds
[2025-03-04T07:00:25.643+0000] {processor.py:186} INFO - Started process (PID=1116) to work on /home/airflow/.local/lib/python3.12/site-packages/airflow/example_dags/example_python_operator.py
[2025-03-04T07:00:25.644+0000] {processor.py:914} INFO - Processing file /home/airflow/.local/lib/python3.12/site-packages/airflow/example_dags/example_python_operator.py for tasks to queue
[2025-03-04T07:00:25.647+0000] {logging_mixin.py:190} INFO - [2025-03-04T07:00:25.646+0000] {dagbag.py:588} INFO - Filling up the DagBag from /home/airflow/.local/lib/python3.12/site-packages/airflow/example_dags/example_python_operator.py
[2025-03-04T07:00:25.657+0000] {processor.py:925} INFO - DAG(s) 'example_python_operator' retrieved from /home/airflow/.local/lib/python3.12/site-packages/airflow/example_dags/example_python_operator.py
[2025-03-04T07:00:25.681+0000] {logging_mixin.py:190} INFO - [2025-03-04T07:00:25.681+0000] {dag.py:3239} INFO - Sync 1 DAGs
[2025-03-04T07:00:25.692+0000] {logging_mixin.py:190} INFO - [2025-03-04T07:00:25.692+0000] {dag.py:4180} INFO - Setting next_dagrun for example_python_operator to None, run_after=None
[2025-03-04T07:00:25.705+0000] {processor.py:208} INFO - Processing /home/airflow/.local/lib/python3.12/site-packages/airflow/example_dags/example_python_operator.py took 0.068 seconds
[2025-03-04T07:00:56.050+0000] {processor.py:186} INFO - Started process (PID=1194) to work on /home/airflow/.local/lib/python3.12/site-packages/airflow/example_dags/example_python_operator.py
[2025-03-04T07:00:56.051+0000] {processor.py:914} INFO - Processing file /home/airflow/.local/lib/python3.12/site-packages/airflow/example_dags/example_python_operator.py for tasks to queue
[2025-03-04T07:00:56.053+0000] {logging_mixin.py:190} INFO - [2025-03-04T07:00:56.052+0000] {dagbag.py:588} INFO - Filling up the DagBag from /home/airflow/.local/lib/python3.12/site-packages/airflow/example_dags/example_python_operator.py
[2025-03-04T07:00:56.065+0000] {processor.py:925} INFO - DAG(s) 'example_python_operator' retrieved from /home/airflow/.local/lib/python3.12/site-packages/airflow/example_dags/example_python_operator.py
[2025-03-04T07:00:56.083+0000] {logging_mixin.py:190} INFO - [2025-03-04T07:00:56.083+0000] {dag.py:3239} INFO - Sync 1 DAGs
[2025-03-04T07:00:56.095+0000] {logging_mixin.py:190} INFO - [2025-03-04T07:00:56.094+0000] {dag.py:4180} INFO - Setting next_dagrun for example_python_operator to None, run_after=None
[2025-03-04T07:00:56.110+0000] {processor.py:208} INFO - Processing /home/airflow/.local/lib/python3.12/site-packages/airflow/example_dags/example_python_operator.py took 0.065 seconds
[2025-03-04T07:01:26.640+0000] {processor.py:186} INFO - Started process (PID=1278) to work on /home/airflow/.local/lib/python3.12/site-packages/airflow/example_dags/example_python_operator.py
[2025-03-04T07:01:26.641+0000] {processor.py:914} INFO - Processing file /home/airflow/.local/lib/python3.12/site-packages/airflow/example_dags/example_python_operator.py for tasks to queue
[2025-03-04T07:01:26.642+0000] {logging_mixin.py:190} INFO - [2025-03-04T07:01:26.642+0000] {dagbag.py:588} INFO - Filling up the DagBag from /home/airflow/.local/lib/python3.12/site-packages/airflow/example_dags/example_python_operator.py
[2025-03-04T07:01:26.654+0000] {processor.py:925} INFO - DAG(s) 'example_python_operator' retrieved from /home/airflow/.local/lib/python3.12/site-packages/airflow/example_dags/example_python_operator.py
[2025-03-04T07:01:26.676+0000] {logging_mixin.py:190} INFO - [2025-03-04T07:01:26.676+0000] {dag.py:3239} INFO - Sync 1 DAGs
[2025-03-04T07:01:26.690+0000] {logging_mixin.py:190} INFO - [2025-03-04T07:01:26.690+0000] {dag.py:4180} INFO - Setting next_dagrun for example_python_operator to None, run_after=None
[2025-03-04T07:01:26.706+0000] {processor.py:208} INFO - Processing /home/airflow/.local/lib/python3.12/site-packages/airflow/example_dags/example_python_operator.py took 0.073 seconds
[2025-03-04T07:01:57.264+0000] {processor.py:186} INFO - Started process (PID=1354) to work on /home/airflow/.local/lib/python3.12/site-packages/airflow/example_dags/example_python_operator.py
[2025-03-04T07:01:57.265+0000] {processor.py:914} INFO - Processing file /home/airflow/.local/lib/python3.12/site-packages/airflow/example_dags/example_python_operator.py for tasks to queue
[2025-03-04T07:01:57.267+0000] {logging_mixin.py:190} INFO - [2025-03-04T07:01:57.267+0000] {dagbag.py:588} INFO - Filling up the DagBag from /home/airflow/.local/lib/python3.12/site-packages/airflow/example_dags/example_python_operator.py
[2025-03-04T07:01:57.278+0000] {processor.py:925} INFO - DAG(s) 'example_python_operator' retrieved from /home/airflow/.local/lib/python3.12/site-packages/airflow/example_dags/example_python_operator.py
[2025-03-04T07:01:57.302+0000] {logging_mixin.py:190} INFO - [2025-03-04T07:01:57.301+0000] {dag.py:3239} INFO - Sync 1 DAGs
[2025-03-04T07:01:57.318+0000] {logging_mixin.py:190} INFO - [2025-03-04T07:01:57.318+0000] {dag.py:4180} INFO - Setting next_dagrun for example_python_operator to None, run_after=None
[2025-03-04T07:01:57.336+0000] {processor.py:208} INFO - Processing /home/airflow/.local/lib/python3.12/site-packages/airflow/example_dags/example_python_operator.py took 0.077 seconds
[2025-03-04T07:02:27.797+0000] {processor.py:186} INFO - Started process (PID=1438) to work on /home/airflow/.local/lib/python3.12/site-packages/airflow/example_dags/example_python_operator.py
[2025-03-04T07:02:27.799+0000] {processor.py:914} INFO - Processing file /home/airflow/.local/lib/python3.12/site-packages/airflow/example_dags/example_python_operator.py for tasks to queue
[2025-03-04T07:02:27.801+0000] {logging_mixin.py:190} INFO - [2025-03-04T07:02:27.800+0000] {dagbag.py:588} INFO - Filling up the DagBag from /home/airflow/.local/lib/python3.12/site-packages/airflow/example_dags/example_python_operator.py
[2025-03-04T07:02:27.811+0000] {processor.py:925} INFO - DAG(s) 'example_python_operator' retrieved from /home/airflow/.local/lib/python3.12/site-packages/airflow/example_dags/example_python_operator.py
[2025-03-04T07:02:27.835+0000] {logging_mixin.py:190} INFO - [2025-03-04T07:02:27.834+0000] {dag.py:3239} INFO - Sync 1 DAGs
[2025-03-04T07:02:27.853+0000] {logging_mixin.py:190} INFO - [2025-03-04T07:02:27.853+0000] {dag.py:4180} INFO - Setting next_dagrun for example_python_operator to None, run_after=None
[2025-03-04T07:02:27.874+0000] {processor.py:208} INFO - Processing /home/airflow/.local/lib/python3.12/site-packages/airflow/example_dags/example_python_operator.py took 0.081 seconds
[2025-03-04T07:02:58.398+0000] {processor.py:186} INFO - Started process (PID=1518) to work on /home/airflow/.local/lib/python3.12/site-packages/airflow/example_dags/example_python_operator.py
[2025-03-04T07:02:58.399+0000] {processor.py:914} INFO - Processing file /home/airflow/.local/lib/python3.12/site-packages/airflow/example_dags/example_python_operator.py for tasks to queue
[2025-03-04T07:02:58.401+0000] {logging_mixin.py:190} INFO - [2025-03-04T07:02:58.401+0000] {dagbag.py:588} INFO - Filling up the DagBag from /home/airflow/.local/lib/python3.12/site-packages/airflow/example_dags/example_python_operator.py
[2025-03-04T07:02:58.412+0000] {processor.py:925} INFO - DAG(s) 'example_python_operator' retrieved from /home/airflow/.local/lib/python3.12/site-packages/airflow/example_dags/example_python_operator.py
[2025-03-04T07:02:58.433+0000] {logging_mixin.py:190} INFO - [2025-03-04T07:02:58.433+0000] {dag.py:3239} INFO - Sync 1 DAGs
[2025-03-04T07:02:58.447+0000] {logging_mixin.py:190} INFO - [2025-03-04T07:02:58.446+0000] {dag.py:4180} INFO - Setting next_dagrun for example_python_operator to None, run_after=None
[2025-03-04T07:02:58.466+0000] {processor.py:208} INFO - Processing /home/airflow/.local/lib/python3.12/site-packages/airflow/example_dags/example_python_operator.py took 0.074 seconds
[2025-03-04T07:03:28.522+0000] {processor.py:186} INFO - Started process (PID=1593) to work on /home/airflow/.local/lib/python3.12/site-packages/airflow/example_dags/example_python_operator.py
[2025-03-04T07:03:28.523+0000] {processor.py:914} INFO - Processing file /home/airflow/.local/lib/python3.12/site-packages/airflow/example_dags/example_python_operator.py for tasks to queue
[2025-03-04T07:03:28.525+0000] {logging_mixin.py:190} INFO - [2025-03-04T07:03:28.524+0000] {dagbag.py:588} INFO - Filling up the DagBag from /home/airflow/.local/lib/python3.12/site-packages/airflow/example_dags/example_python_operator.py
[2025-03-04T07:03:28.534+0000] {processor.py:925} INFO - DAG(s) 'example_python_operator' retrieved from /home/airflow/.local/lib/python3.12/site-packages/airflow/example_dags/example_python_operator.py
[2025-03-04T07:03:28.552+0000] {logging_mixin.py:190} INFO - [2025-03-04T07:03:28.551+0000] {dag.py:3239} INFO - Sync 1 DAGs
[2025-03-04T07:03:28.563+0000] {logging_mixin.py:190} INFO - [2025-03-04T07:03:28.563+0000] {dag.py:4180} INFO - Setting next_dagrun for example_python_operator to None, run_after=None
[2025-03-04T07:03:28.578+0000] {processor.py:208} INFO - Processing /home/airflow/.local/lib/python3.12/site-packages/airflow/example_dags/example_python_operator.py took 0.060 seconds
[2025-03-04T07:03:58.972+0000] {processor.py:186} INFO - Started process (PID=1676) to work on /home/airflow/.local/lib/python3.12/site-packages/airflow/example_dags/example_python_operator.py
[2025-03-04T07:03:58.974+0000] {processor.py:914} INFO - Processing file /home/airflow/.local/lib/python3.12/site-packages/airflow/example_dags/example_python_operator.py for tasks to queue
[2025-03-04T07:03:58.976+0000] {logging_mixin.py:190} INFO - [2025-03-04T07:03:58.975+0000] {dagbag.py:588} INFO - Filling up the DagBag from /home/airflow/.local/lib/python3.12/site-packages/airflow/example_dags/example_python_operator.py
[2025-03-04T07:03:58.987+0000] {processor.py:925} INFO - DAG(s) 'example_python_operator' retrieved from /home/airflow/.local/lib/python3.12/site-packages/airflow/example_dags/example_python_operator.py
[2025-03-04T07:03:59.006+0000] {logging_mixin.py:190} INFO - [2025-03-04T07:03:59.006+0000] {dag.py:3239} INFO - Sync 1 DAGs
[2025-03-04T07:03:59.019+0000] {logging_mixin.py:190} INFO - [2025-03-04T07:03:59.019+0000] {dag.py:4180} INFO - Setting next_dagrun for example_python_operator to None, run_after=None
[2025-03-04T07:03:59.035+0000] {processor.py:208} INFO - Processing /home/airflow/.local/lib/python3.12/site-packages/airflow/example_dags/example_python_operator.py took 0.067 seconds
[2025-03-04T07:04:29.848+0000] {processor.py:186} INFO - Started process (PID=1751) to work on /home/airflow/.local/lib/python3.12/site-packages/airflow/example_dags/example_python_operator.py
[2025-03-04T07:04:29.850+0000] {processor.py:914} INFO - Processing file /home/airflow/.local/lib/python3.12/site-packages/airflow/example_dags/example_python_operator.py for tasks to queue
[2025-03-04T07:04:29.851+0000] {logging_mixin.py:190} INFO - [2025-03-04T07:04:29.851+0000] {dagbag.py:588} INFO - Filling up the DagBag from /home/airflow/.local/lib/python3.12/site-packages/airflow/example_dags/example_python_operator.py
[2025-03-04T07:04:29.860+0000] {processor.py:925} INFO - DAG(s) 'example_python_operator' retrieved from /home/airflow/.local/lib/python3.12/site-packages/airflow/example_dags/example_python_operator.py
[2025-03-04T07:04:29.876+0000] {logging_mixin.py:190} INFO - [2025-03-04T07:04:29.876+0000] {dag.py:3239} INFO - Sync 1 DAGs
[2025-03-04T07:04:29.887+0000] {logging_mixin.py:190} INFO - [2025-03-04T07:04:29.887+0000] {dag.py:4180} INFO - Setting next_dagrun for example_python_operator to None, run_after=None
[2025-03-04T07:04:29.899+0000] {processor.py:208} INFO - Processing /home/airflow/.local/lib/python3.12/site-packages/airflow/example_dags/example_python_operator.py took 0.056 seconds
[2025-03-04T07:05:00.087+0000] {processor.py:186} INFO - Started process (PID=1833) to work on /home/airflow/.local/lib/python3.12/site-packages/airflow/example_dags/example_python_operator.py
[2025-03-04T07:05:00.088+0000] {processor.py:914} INFO - Processing file /home/airflow/.local/lib/python3.12/site-packages/airflow/example_dags/example_python_operator.py for tasks to queue
[2025-03-04T07:05:00.090+0000] {logging_mixin.py:190} INFO - [2025-03-04T07:05:00.090+0000] {dagbag.py:588} INFO - Filling up the DagBag from /home/airflow/.local/lib/python3.12/site-packages/airflow/example_dags/example_python_operator.py
[2025-03-04T07:05:00.105+0000] {processor.py:925} INFO - DAG(s) 'example_python_operator' retrieved from /home/airflow/.local/lib/python3.12/site-packages/airflow/example_dags/example_python_operator.py
[2025-03-04T07:05:00.129+0000] {logging_mixin.py:190} INFO - [2025-03-04T07:05:00.129+0000] {dag.py:3239} INFO - Sync 1 DAGs
[2025-03-04T07:05:00.141+0000] {logging_mixin.py:190} INFO - [2025-03-04T07:05:00.141+0000] {dag.py:4180} INFO - Setting next_dagrun for example_python_operator to None, run_after=None
[2025-03-04T07:05:00.155+0000] {processor.py:208} INFO - Processing /home/airflow/.local/lib/python3.12/site-packages/airflow/example_dags/example_python_operator.py took 0.076 seconds
[2025-03-04T07:05:30.465+0000] {processor.py:186} INFO - Started process (PID=1907) to work on /home/airflow/.local/lib/python3.12/site-packages/airflow/example_dags/example_python_operator.py
[2025-03-04T07:05:30.466+0000] {processor.py:914} INFO - Processing file /home/airflow/.local/lib/python3.12/site-packages/airflow/example_dags/example_python_operator.py for tasks to queue
[2025-03-04T07:05:30.467+0000] {logging_mixin.py:190} INFO - [2025-03-04T07:05:30.467+0000] {dagbag.py:588} INFO - Filling up the DagBag from /home/airflow/.local/lib/python3.12/site-packages/airflow/example_dags/example_python_operator.py
[2025-03-04T07:05:30.478+0000] {processor.py:925} INFO - DAG(s) 'example_python_operator' retrieved from /home/airflow/.local/lib/python3.12/site-packages/airflow/example_dags/example_python_operator.py
[2025-03-04T07:05:30.494+0000] {logging_mixin.py:190} INFO - [2025-03-04T07:05:30.494+0000] {dag.py:3239} INFO - Sync 1 DAGs
[2025-03-04T07:05:30.505+0000] {logging_mixin.py:190} INFO - [2025-03-04T07:05:30.505+0000] {dag.py:4180} INFO - Setting next_dagrun for example_python_operator to None, run_after=None
[2025-03-04T07:05:30.519+0000] {processor.py:208} INFO - Processing /home/airflow/.local/lib/python3.12/site-packages/airflow/example_dags/example_python_operator.py took 0.059 seconds
[2025-03-04T07:06:00.834+0000] {processor.py:186} INFO - Started process (PID=1989) to work on /home/airflow/.local/lib/python3.12/site-packages/airflow/example_dags/example_python_operator.py
[2025-03-04T07:06:00.835+0000] {processor.py:914} INFO - Processing file /home/airflow/.local/lib/python3.12/site-packages/airflow/example_dags/example_python_operator.py for tasks to queue
[2025-03-04T07:06:00.836+0000] {logging_mixin.py:190} INFO - [2025-03-04T07:06:00.836+0000] {dagbag.py:588} INFO - Filling up the DagBag from /home/airflow/.local/lib/python3.12/site-packages/airflow/example_dags/example_python_operator.py
[2025-03-04T07:06:00.846+0000] {processor.py:925} INFO - DAG(s) 'example_python_operator' retrieved from /home/airflow/.local/lib/python3.12/site-packages/airflow/example_dags/example_python_operator.py
[2025-03-04T07:06:00.870+0000] {logging_mixin.py:190} INFO - [2025-03-04T07:06:00.869+0000] {dag.py:3239} INFO - Sync 1 DAGs
[2025-03-04T07:06:00.881+0000] {logging_mixin.py:190} INFO - [2025-03-04T07:06:00.881+0000] {dag.py:4180} INFO - Setting next_dagrun for example_python_operator to None, run_after=None
[2025-03-04T07:06:00.894+0000] {processor.py:208} INFO - Processing /home/airflow/.local/lib/python3.12/site-packages/airflow/example_dags/example_python_operator.py took 0.065 seconds
[2025-03-04T07:06:31.207+0000] {processor.py:186} INFO - Started process (PID=2063) to work on /home/airflow/.local/lib/python3.12/site-packages/airflow/example_dags/example_python_operator.py
[2025-03-04T07:06:31.210+0000] {processor.py:914} INFO - Processing file /home/airflow/.local/lib/python3.12/site-packages/airflow/example_dags/example_python_operator.py for tasks to queue
[2025-03-04T07:06:31.211+0000] {logging_mixin.py:190} INFO - [2025-03-04T07:06:31.211+0000] {dagbag.py:588} INFO - Filling up the DagBag from /home/airflow/.local/lib/python3.12/site-packages/airflow/example_dags/example_python_operator.py
[2025-03-04T07:06:31.228+0000] {processor.py:925} INFO - DAG(s) 'example_python_operator' retrieved from /home/airflow/.local/lib/python3.12/site-packages/airflow/example_dags/example_python_operator.py
[2025-03-04T07:06:31.243+0000] {logging_mixin.py:190} INFO - [2025-03-04T07:06:31.243+0000] {dag.py:3239} INFO - Sync 1 DAGs
[2025-03-04T07:06:31.254+0000] {logging_mixin.py:190} INFO - [2025-03-04T07:06:31.254+0000] {dag.py:4180} INFO - Setting next_dagrun for example_python_operator to None, run_after=None
[2025-03-04T07:06:31.267+0000] {processor.py:208} INFO - Processing /home/airflow/.local/lib/python3.12/site-packages/airflow/example_dags/example_python_operator.py took 0.064 seconds
[2025-03-04T07:07:01.585+0000] {processor.py:186} INFO - Started process (PID=2144) to work on /home/airflow/.local/lib/python3.12/site-packages/airflow/example_dags/example_python_operator.py
[2025-03-04T07:07:01.587+0000] {processor.py:914} INFO - Processing file /home/airflow/.local/lib/python3.12/site-packages/airflow/example_dags/example_python_operator.py for tasks to queue
[2025-03-04T07:07:01.588+0000] {logging_mixin.py:190} INFO - [2025-03-04T07:07:01.588+0000] {dagbag.py:588} INFO - Filling up the DagBag from /home/airflow/.local/lib/python3.12/site-packages/airflow/example_dags/example_python_operator.py
[2025-03-04T07:07:01.605+0000] {processor.py:925} INFO - DAG(s) 'example_python_operator' retrieved from /home/airflow/.local/lib/python3.12/site-packages/airflow/example_dags/example_python_operator.py
[2025-03-04T07:07:01.630+0000] {logging_mixin.py:190} INFO - [2025-03-04T07:07:01.630+0000] {dag.py:3239} INFO - Sync 1 DAGs
[2025-03-04T07:07:01.645+0000] {logging_mixin.py:190} INFO - [2025-03-04T07:07:01.645+0000] {dag.py:4180} INFO - Setting next_dagrun for example_python_operator to None, run_after=None
[2025-03-04T07:07:01.668+0000] {processor.py:208} INFO - Processing /home/airflow/.local/lib/python3.12/site-packages/airflow/example_dags/example_python_operator.py took 0.090 seconds
[2025-03-04T07:07:31.824+0000] {processor.py:186} INFO - Started process (PID=2219) to work on /home/airflow/.local/lib/python3.12/site-packages/airflow/example_dags/example_python_operator.py
[2025-03-04T07:07:31.825+0000] {processor.py:914} INFO - Processing file /home/airflow/.local/lib/python3.12/site-packages/airflow/example_dags/example_python_operator.py for tasks to queue
[2025-03-04T07:07:31.827+0000] {logging_mixin.py:190} INFO - [2025-03-04T07:07:31.826+0000] {dagbag.py:588} INFO - Filling up the DagBag from /home/airflow/.local/lib/python3.12/site-packages/airflow/example_dags/example_python_operator.py
[2025-03-04T07:07:31.838+0000] {processor.py:925} INFO - DAG(s) 'example_python_operator' retrieved from /home/airflow/.local/lib/python3.12/site-packages/airflow/example_dags/example_python_operator.py
[2025-03-04T07:07:31.856+0000] {logging_mixin.py:190} INFO - [2025-03-04T07:07:31.855+0000] {dag.py:3239} INFO - Sync 1 DAGs
[2025-03-04T07:07:31.868+0000] {logging_mixin.py:190} INFO - [2025-03-04T07:07:31.868+0000] {dag.py:4180} INFO - Setting next_dagrun for example_python_operator to None, run_after=None
[2025-03-04T07:07:31.884+0000] {processor.py:208} INFO - Processing /home/airflow/.local/lib/python3.12/site-packages/airflow/example_dags/example_python_operator.py took 0.065 seconds
[2025-03-04T07:08:02.133+0000] {processor.py:186} INFO - Started process (PID=2300) to work on /home/airflow/.local/lib/python3.12/site-packages/airflow/example_dags/example_python_operator.py
[2025-03-04T07:08:02.134+0000] {processor.py:914} INFO - Processing file /home/airflow/.local/lib/python3.12/site-packages/airflow/example_dags/example_python_operator.py for tasks to queue
[2025-03-04T07:08:02.136+0000] {logging_mixin.py:190} INFO - [2025-03-04T07:08:02.136+0000] {dagbag.py:588} INFO - Filling up the DagBag from /home/airflow/.local/lib/python3.12/site-packages/airflow/example_dags/example_python_operator.py
[2025-03-04T07:08:02.148+0000] {processor.py:925} INFO - DAG(s) 'example_python_operator' retrieved from /home/airflow/.local/lib/python3.12/site-packages/airflow/example_dags/example_python_operator.py
[2025-03-04T07:08:02.167+0000] {logging_mixin.py:190} INFO - [2025-03-04T07:08:02.167+0000] {dag.py:3239} INFO - Sync 1 DAGs
[2025-03-04T07:08:02.181+0000] {logging_mixin.py:190} INFO - [2025-03-04T07:08:02.181+0000] {dag.py:4180} INFO - Setting next_dagrun for example_python_operator to None, run_after=None
[2025-03-04T07:08:02.197+0000] {processor.py:208} INFO - Processing /home/airflow/.local/lib/python3.12/site-packages/airflow/example_dags/example_python_operator.py took 0.069 seconds
[2025-03-04T07:08:32.360+0000] {processor.py:186} INFO - Started process (PID=2375) to work on /home/airflow/.local/lib/python3.12/site-packages/airflow/example_dags/example_python_operator.py
[2025-03-04T07:08:32.361+0000] {processor.py:914} INFO - Processing file /home/airflow/.local/lib/python3.12/site-packages/airflow/example_dags/example_python_operator.py for tasks to queue
[2025-03-04T07:08:32.363+0000] {logging_mixin.py:190} INFO - [2025-03-04T07:08:32.363+0000] {dagbag.py:588} INFO - Filling up the DagBag from /home/airflow/.local/lib/python3.12/site-packages/airflow/example_dags/example_python_operator.py
[2025-03-04T07:08:32.385+0000] {processor.py:925} INFO - DAG(s) 'example_python_operator' retrieved from /home/airflow/.local/lib/python3.12/site-packages/airflow/example_dags/example_python_operator.py
[2025-03-04T07:08:32.424+0000] {logging_mixin.py:190} INFO - [2025-03-04T07:08:32.423+0000] {dag.py:3239} INFO - Sync 1 DAGs
[2025-03-04T07:08:32.453+0000] {logging_mixin.py:190} INFO - [2025-03-04T07:08:32.452+0000] {dag.py:4180} INFO - Setting next_dagrun for example_python_operator to None, run_after=None
[2025-03-04T07:08:32.477+0000] {processor.py:208} INFO - Processing /home/airflow/.local/lib/python3.12/site-packages/airflow/example_dags/example_python_operator.py took 0.127 seconds
[2025-03-04T07:09:02.567+0000] {processor.py:186} INFO - Started process (PID=2449) to work on /home/airflow/.local/lib/python3.12/site-packages/airflow/example_dags/example_python_operator.py
[2025-03-04T07:09:02.568+0000] {processor.py:914} INFO - Processing file /home/airflow/.local/lib/python3.12/site-packages/airflow/example_dags/example_python_operator.py for tasks to queue
[2025-03-04T07:09:02.570+0000] {logging_mixin.py:190} INFO - [2025-03-04T07:09:02.569+0000] {dagbag.py:588} INFO - Filling up the DagBag from /home/airflow/.local/lib/python3.12/site-packages/airflow/example_dags/example_python_operator.py
[2025-03-04T07:09:02.579+0000] {processor.py:925} INFO - DAG(s) 'example_python_operator' retrieved from /home/airflow/.local/lib/python3.12/site-packages/airflow/example_dags/example_python_operator.py
[2025-03-04T07:09:02.594+0000] {logging_mixin.py:190} INFO - [2025-03-04T07:09:02.594+0000] {dag.py:3239} INFO - Sync 1 DAGs
[2025-03-04T07:09:02.605+0000] {logging_mixin.py:190} INFO - [2025-03-04T07:09:02.605+0000] {dag.py:4180} INFO - Setting next_dagrun for example_python_operator to None, run_after=None
[2025-03-04T07:09:02.618+0000] {processor.py:208} INFO - Processing /home/airflow/.local/lib/python3.12/site-packages/airflow/example_dags/example_python_operator.py took 0.055 seconds
[2025-03-04T07:09:33.490+0000] {processor.py:186} INFO - Started process (PID=2532) to work on /home/airflow/.local/lib/python3.12/site-packages/airflow/example_dags/example_python_operator.py
[2025-03-04T07:09:33.492+0000] {processor.py:914} INFO - Processing file /home/airflow/.local/lib/python3.12/site-packages/airflow/example_dags/example_python_operator.py for tasks to queue
[2025-03-04T07:09:33.494+0000] {logging_mixin.py:190} INFO - [2025-03-04T07:09:33.494+0000] {dagbag.py:588} INFO - Filling up the DagBag from /home/airflow/.local/lib/python3.12/site-packages/airflow/example_dags/example_python_operator.py
[2025-03-04T07:09:33.510+0000] {processor.py:925} INFO - DAG(s) 'example_python_operator' retrieved from /home/airflow/.local/lib/python3.12/site-packages/airflow/example_dags/example_python_operator.py
[2025-03-04T07:09:33.536+0000] {logging_mixin.py:190} INFO - [2025-03-04T07:09:33.536+0000] {dag.py:3239} INFO - Sync 1 DAGs
[2025-03-04T07:09:33.556+0000] {logging_mixin.py:190} INFO - [2025-03-04T07:09:33.556+0000] {dag.py:4180} INFO - Setting next_dagrun for example_python_operator to None, run_after=None
[2025-03-04T07:09:33.587+0000] {processor.py:208} INFO - Processing /home/airflow/.local/lib/python3.12/site-packages/airflow/example_dags/example_python_operator.py took 0.104 seconds
[2025-03-04T07:10:03.917+0000] {processor.py:186} INFO - Started process (PID=2606) to work on /home/airflow/.local/lib/python3.12/site-packages/airflow/example_dags/example_python_operator.py
[2025-03-04T07:10:03.919+0000] {processor.py:914} INFO - Processing file /home/airflow/.local/lib/python3.12/site-packages/airflow/example_dags/example_python_operator.py for tasks to queue
[2025-03-04T07:10:03.920+0000] {logging_mixin.py:190} INFO - [2025-03-04T07:10:03.920+0000] {dagbag.py:588} INFO - Filling up the DagBag from /home/airflow/.local/lib/python3.12/site-packages/airflow/example_dags/example_python_operator.py
[2025-03-04T07:10:03.932+0000] {processor.py:925} INFO - DAG(s) 'example_python_operator' retrieved from /home/airflow/.local/lib/python3.12/site-packages/airflow/example_dags/example_python_operator.py
[2025-03-04T07:10:03.951+0000] {logging_mixin.py:190} INFO - [2025-03-04T07:10:03.951+0000] {dag.py:3239} INFO - Sync 1 DAGs
[2025-03-04T07:10:03.962+0000] {logging_mixin.py:190} INFO - [2025-03-04T07:10:03.962+0000] {dag.py:4180} INFO - Setting next_dagrun for example_python_operator to None, run_after=None
[2025-03-04T07:10:03.977+0000] {processor.py:208} INFO - Processing /home/airflow/.local/lib/python3.12/site-packages/airflow/example_dags/example_python_operator.py took 0.065 seconds
[2025-03-04T07:10:34.152+0000] {processor.py:186} INFO - Started process (PID=2686) to work on /home/airflow/.local/lib/python3.12/site-packages/airflow/example_dags/example_python_operator.py
[2025-03-04T07:10:34.154+0000] {processor.py:914} INFO - Processing file /home/airflow/.local/lib/python3.12/site-packages/airflow/example_dags/example_python_operator.py for tasks to queue
[2025-03-04T07:10:34.155+0000] {logging_mixin.py:190} INFO - [2025-03-04T07:10:34.155+0000] {dagbag.py:588} INFO - Filling up the DagBag from /home/airflow/.local/lib/python3.12/site-packages/airflow/example_dags/example_python_operator.py
[2025-03-04T07:10:34.167+0000] {processor.py:925} INFO - DAG(s) 'example_python_operator' retrieved from /home/airflow/.local/lib/python3.12/site-packages/airflow/example_dags/example_python_operator.py
[2025-03-04T07:10:34.188+0000] {logging_mixin.py:190} INFO - [2025-03-04T07:10:34.188+0000] {dag.py:3239} INFO - Sync 1 DAGs
[2025-03-04T07:10:34.204+0000] {logging_mixin.py:190} INFO - [2025-03-04T07:10:34.204+0000] {dag.py:4180} INFO - Setting next_dagrun for example_python_operator to None, run_after=None
[2025-03-04T07:10:34.225+0000] {processor.py:208} INFO - Processing /home/airflow/.local/lib/python3.12/site-packages/airflow/example_dags/example_python_operator.py took 0.078 seconds
[2025-03-04T07:11:04.317+0000] {processor.py:186} INFO - Started process (PID=2760) to work on /home/airflow/.local/lib/python3.12/site-packages/airflow/example_dags/example_python_operator.py
[2025-03-04T07:11:04.318+0000] {processor.py:914} INFO - Processing file /home/airflow/.local/lib/python3.12/site-packages/airflow/example_dags/example_python_operator.py for tasks to queue
[2025-03-04T07:11:04.320+0000] {logging_mixin.py:190} INFO - [2025-03-04T07:11:04.320+0000] {dagbag.py:588} INFO - Filling up the DagBag from /home/airflow/.local/lib/python3.12/site-packages/airflow/example_dags/example_python_operator.py
[2025-03-04T07:11:04.330+0000] {processor.py:925} INFO - DAG(s) 'example_python_operator' retrieved from /home/airflow/.local/lib/python3.12/site-packages/airflow/example_dags/example_python_operator.py
[2025-03-04T07:11:04.353+0000] {logging_mixin.py:190} INFO - [2025-03-04T07:11:04.352+0000] {dag.py:3239} INFO - Sync 1 DAGs
[2025-03-04T07:11:04.366+0000] {logging_mixin.py:190} INFO - [2025-03-04T07:11:04.366+0000] {dag.py:4180} INFO - Setting next_dagrun for example_python_operator to None, run_after=None
[2025-03-04T07:11:04.385+0000] {processor.py:208} INFO - Processing /home/airflow/.local/lib/python3.12/site-packages/airflow/example_dags/example_python_operator.py took 0.073 seconds
[2025-03-04T07:11:34.714+0000] {processor.py:186} INFO - Started process (PID=2834) to work on /home/airflow/.local/lib/python3.12/site-packages/airflow/example_dags/example_python_operator.py
[2025-03-04T07:11:34.715+0000] {processor.py:914} INFO - Processing file /home/airflow/.local/lib/python3.12/site-packages/airflow/example_dags/example_python_operator.py for tasks to queue
[2025-03-04T07:11:34.717+0000] {logging_mixin.py:190} INFO - [2025-03-04T07:11:34.716+0000] {dagbag.py:588} INFO - Filling up the DagBag from /home/airflow/.local/lib/python3.12/site-packages/airflow/example_dags/example_python_operator.py
[2025-03-04T07:11:34.726+0000] {processor.py:925} INFO - DAG(s) 'example_python_operator' retrieved from /home/airflow/.local/lib/python3.12/site-packages/airflow/example_dags/example_python_operator.py
[2025-03-04T07:11:34.745+0000] {logging_mixin.py:190} INFO - [2025-03-04T07:11:34.745+0000] {dag.py:3239} INFO - Sync 1 DAGs
[2025-03-04T07:11:34.757+0000] {logging_mixin.py:190} INFO - [2025-03-04T07:11:34.756+0000] {dag.py:4180} INFO - Setting next_dagrun for example_python_operator to None, run_after=None
[2025-03-04T07:11:34.773+0000] {processor.py:208} INFO - Processing /home/airflow/.local/lib/python3.12/site-packages/airflow/example_dags/example_python_operator.py took 0.064 seconds
[2025-03-04T07:12:05.669+0000] {processor.py:186} INFO - Started process (PID=2916) to work on /home/airflow/.local/lib/python3.12/site-packages/airflow/example_dags/example_python_operator.py
[2025-03-04T07:12:05.670+0000] {processor.py:914} INFO - Processing file /home/airflow/.local/lib/python3.12/site-packages/airflow/example_dags/example_python_operator.py for tasks to queue
[2025-03-04T07:12:05.672+0000] {logging_mixin.py:190} INFO - [2025-03-04T07:12:05.671+0000] {dagbag.py:588} INFO - Filling up the DagBag from /home/airflow/.local/lib/python3.12/site-packages/airflow/example_dags/example_python_operator.py
[2025-03-04T07:12:05.683+0000] {processor.py:925} INFO - DAG(s) 'example_python_operator' retrieved from /home/airflow/.local/lib/python3.12/site-packages/airflow/example_dags/example_python_operator.py
[2025-03-04T07:12:05.702+0000] {logging_mixin.py:190} INFO - [2025-03-04T07:12:05.702+0000] {dag.py:3239} INFO - Sync 1 DAGs
[2025-03-04T07:12:05.717+0000] {logging_mixin.py:190} INFO - [2025-03-04T07:12:05.717+0000] {dag.py:4180} INFO - Setting next_dagrun for example_python_operator to None, run_after=None
[2025-03-04T07:12:05.732+0000] {processor.py:208} INFO - Processing /home/airflow/.local/lib/python3.12/site-packages/airflow/example_dags/example_python_operator.py took 0.068 seconds
[2025-03-04T07:12:36.001+0000] {processor.py:186} INFO - Started process (PID=2989) to work on /home/airflow/.local/lib/python3.12/site-packages/airflow/example_dags/example_python_operator.py
[2025-03-04T07:12:36.003+0000] {processor.py:914} INFO - Processing file /home/airflow/.local/lib/python3.12/site-packages/airflow/example_dags/example_python_operator.py for tasks to queue
[2025-03-04T07:12:36.004+0000] {logging_mixin.py:190} INFO - [2025-03-04T07:12:36.004+0000] {dagbag.py:588} INFO - Filling up the DagBag from /home/airflow/.local/lib/python3.12/site-packages/airflow/example_dags/example_python_operator.py
[2025-03-04T07:12:36.014+0000] {processor.py:925} INFO - DAG(s) 'example_python_operator' retrieved from /home/airflow/.local/lib/python3.12/site-packages/airflow/example_dags/example_python_operator.py
[2025-03-04T07:12:36.031+0000] {logging_mixin.py:190} INFO - [2025-03-04T07:12:36.031+0000] {dag.py:3239} INFO - Sync 1 DAGs
[2025-03-04T07:12:36.043+0000] {logging_mixin.py:190} INFO - [2025-03-04T07:12:36.042+0000] {dag.py:4180} INFO - Setting next_dagrun for example_python_operator to None, run_after=None
[2025-03-04T07:12:36.056+0000] {processor.py:208} INFO - Processing /home/airflow/.local/lib/python3.12/site-packages/airflow/example_dags/example_python_operator.py took 0.060 seconds
[2025-03-04T07:13:06.557+0000] {processor.py:186} INFO - Started process (PID=3062) to work on /home/airflow/.local/lib/python3.12/site-packages/airflow/example_dags/example_python_operator.py
[2025-03-04T07:13:06.559+0000] {processor.py:914} INFO - Processing file /home/airflow/.local/lib/python3.12/site-packages/airflow/example_dags/example_python_operator.py for tasks to queue
[2025-03-04T07:13:06.560+0000] {logging_mixin.py:190} INFO - [2025-03-04T07:13:06.560+0000] {dagbag.py:588} INFO - Filling up the DagBag from /home/airflow/.local/lib/python3.12/site-packages/airflow/example_dags/example_python_operator.py
[2025-03-04T07:13:06.573+0000] {processor.py:925} INFO - DAG(s) 'example_python_operator' retrieved from /home/airflow/.local/lib/python3.12/site-packages/airflow/example_dags/example_python_operator.py
[2025-03-04T07:13:06.597+0000] {logging_mixin.py:190} INFO - [2025-03-04T07:13:06.596+0000] {dag.py:3239} INFO - Sync 1 DAGs
[2025-03-04T07:13:06.610+0000] {logging_mixin.py:190} INFO - [2025-03-04T07:13:06.610+0000] {dag.py:4180} INFO - Setting next_dagrun for example_python_operator to None, run_after=None
[2025-03-04T07:13:06.625+0000] {processor.py:208} INFO - Processing /home/airflow/.local/lib/python3.12/site-packages/airflow/example_dags/example_python_operator.py took 0.074 seconds
[2025-03-04T07:13:36.733+0000] {processor.py:186} INFO - Started process (PID=3142) to work on /home/airflow/.local/lib/python3.12/site-packages/airflow/example_dags/example_python_operator.py
[2025-03-04T07:13:36.734+0000] {processor.py:914} INFO - Processing file /home/airflow/.local/lib/python3.12/site-packages/airflow/example_dags/example_python_operator.py for tasks to queue
[2025-03-04T07:13:36.735+0000] {logging_mixin.py:190} INFO - [2025-03-04T07:13:36.735+0000] {dagbag.py:588} INFO - Filling up the DagBag from /home/airflow/.local/lib/python3.12/site-packages/airflow/example_dags/example_python_operator.py
[2025-03-04T07:13:36.745+0000] {processor.py:925} INFO - DAG(s) 'example_python_operator' retrieved from /home/airflow/.local/lib/python3.12/site-packages/airflow/example_dags/example_python_operator.py
[2025-03-04T07:13:36.762+0000] {logging_mixin.py:190} INFO - [2025-03-04T07:13:36.762+0000] {dag.py:3239} INFO - Sync 1 DAGs
[2025-03-04T07:13:36.773+0000] {logging_mixin.py:190} INFO - [2025-03-04T07:13:36.773+0000] {dag.py:4180} INFO - Setting next_dagrun for example_python_operator to None, run_after=None
[2025-03-04T07:13:36.788+0000] {processor.py:208} INFO - Processing /home/airflow/.local/lib/python3.12/site-packages/airflow/example_dags/example_python_operator.py took 0.061 seconds
[2025-03-04T07:14:07.636+0000] {processor.py:186} INFO - Started process (PID=3217) to work on /home/airflow/.local/lib/python3.12/site-packages/airflow/example_dags/example_python_operator.py
[2025-03-04T07:14:07.637+0000] {processor.py:914} INFO - Processing file /home/airflow/.local/lib/python3.12/site-packages/airflow/example_dags/example_python_operator.py for tasks to queue
[2025-03-04T07:14:07.639+0000] {logging_mixin.py:190} INFO - [2025-03-04T07:14:07.638+0000] {dagbag.py:588} INFO - Filling up the DagBag from /home/airflow/.local/lib/python3.12/site-packages/airflow/example_dags/example_python_operator.py
[2025-03-04T07:14:07.651+0000] {processor.py:925} INFO - DAG(s) 'example_python_operator' retrieved from /home/airflow/.local/lib/python3.12/site-packages/airflow/example_dags/example_python_operator.py
[2025-03-04T07:14:07.674+0000] {logging_mixin.py:190} INFO - [2025-03-04T07:14:07.674+0000] {dag.py:3239} INFO - Sync 1 DAGs
[2025-03-04T07:14:07.687+0000] {logging_mixin.py:190} INFO - [2025-03-04T07:14:07.687+0000] {dag.py:4180} INFO - Setting next_dagrun for example_python_operator to None, run_after=None
[2025-03-04T07:14:07.704+0000] {processor.py:208} INFO - Processing /home/airflow/.local/lib/python3.12/site-packages/airflow/example_dags/example_python_operator.py took 0.073 seconds
[2025-03-04T07:14:38.508+0000] {processor.py:186} INFO - Started process (PID=3302) to work on /home/airflow/.local/lib/python3.12/site-packages/airflow/example_dags/example_python_operator.py
[2025-03-04T07:14:38.510+0000] {processor.py:914} INFO - Processing file /home/airflow/.local/lib/python3.12/site-packages/airflow/example_dags/example_python_operator.py for tasks to queue
[2025-03-04T07:14:38.512+0000] {logging_mixin.py:190} INFO - [2025-03-04T07:14:38.511+0000] {dagbag.py:588} INFO - Filling up the DagBag from /home/airflow/.local/lib/python3.12/site-packages/airflow/example_dags/example_python_operator.py
[2025-03-04T07:14:38.531+0000] {processor.py:925} INFO - DAG(s) 'example_python_operator' retrieved from /home/airflow/.local/lib/python3.12/site-packages/airflow/example_dags/example_python_operator.py
[2025-03-04T07:14:38.565+0000] {logging_mixin.py:190} INFO - [2025-03-04T07:14:38.565+0000] {dag.py:3239} INFO - Sync 1 DAGs
[2025-03-04T07:14:38.588+0000] {logging_mixin.py:190} INFO - [2025-03-04T07:14:38.588+0000] {dag.py:4180} INFO - Setting next_dagrun for example_python_operator to None, run_after=None
[2025-03-04T07:14:38.610+0000] {processor.py:208} INFO - Processing /home/airflow/.local/lib/python3.12/site-packages/airflow/example_dags/example_python_operator.py took 0.112 seconds
[2025-03-04T07:15:09.078+0000] {processor.py:186} INFO - Started process (PID=3381) to work on /home/airflow/.local/lib/python3.12/site-packages/airflow/example_dags/example_python_operator.py
[2025-03-04T07:15:09.080+0000] {processor.py:914} INFO - Processing file /home/airflow/.local/lib/python3.12/site-packages/airflow/example_dags/example_python_operator.py for tasks to queue
[2025-03-04T07:15:09.081+0000] {logging_mixin.py:190} INFO - [2025-03-04T07:15:09.081+0000] {dagbag.py:588} INFO - Filling up the DagBag from /home/airflow/.local/lib/python3.12/site-packages/airflow/example_dags/example_python_operator.py
[2025-03-04T07:15:09.094+0000] {processor.py:925} INFO - DAG(s) 'example_python_operator' retrieved from /home/airflow/.local/lib/python3.12/site-packages/airflow/example_dags/example_python_operator.py
[2025-03-04T07:15:09.115+0000] {logging_mixin.py:190} INFO - [2025-03-04T07:15:09.114+0000] {dag.py:3239} INFO - Sync 1 DAGs
[2025-03-04T07:15:09.132+0000] {logging_mixin.py:190} INFO - [2025-03-04T07:15:09.131+0000] {dag.py:4180} INFO - Setting next_dagrun for example_python_operator to None, run_after=None
[2025-03-04T07:15:09.152+0000] {processor.py:208} INFO - Processing /home/airflow/.local/lib/python3.12/site-packages/airflow/example_dags/example_python_operator.py took 0.080 seconds
[2025-03-04T07:15:39.469+0000] {processor.py:186} INFO - Started process (PID=3455) to work on /home/airflow/.local/lib/python3.12/site-packages/airflow/example_dags/example_python_operator.py
[2025-03-04T07:15:39.470+0000] {processor.py:914} INFO - Processing file /home/airflow/.local/lib/python3.12/site-packages/airflow/example_dags/example_python_operator.py for tasks to queue
[2025-03-04T07:15:39.471+0000] {logging_mixin.py:190} INFO - [2025-03-04T07:15:39.471+0000] {dagbag.py:588} INFO - Filling up the DagBag from /home/airflow/.local/lib/python3.12/site-packages/airflow/example_dags/example_python_operator.py
[2025-03-04T07:15:39.485+0000] {processor.py:925} INFO - DAG(s) 'example_python_operator' retrieved from /home/airflow/.local/lib/python3.12/site-packages/airflow/example_dags/example_python_operator.py
[2025-03-04T07:15:39.508+0000] {logging_mixin.py:190} INFO - [2025-03-04T07:15:39.507+0000] {dag.py:3239} INFO - Sync 1 DAGs
[2025-03-04T07:15:39.524+0000] {logging_mixin.py:190} INFO - [2025-03-04T07:15:39.524+0000] {dag.py:4180} INFO - Setting next_dagrun for example_python_operator to None, run_after=None
[2025-03-04T07:15:39.541+0000] {processor.py:208} INFO - Processing /home/airflow/.local/lib/python3.12/site-packages/airflow/example_dags/example_python_operator.py took 0.078 seconds
[2025-03-04T07:16:09.966+0000] {processor.py:186} INFO - Started process (PID=3537) to work on /home/airflow/.local/lib/python3.12/site-packages/airflow/example_dags/example_python_operator.py
[2025-03-04T07:16:09.968+0000] {processor.py:914} INFO - Processing file /home/airflow/.local/lib/python3.12/site-packages/airflow/example_dags/example_python_operator.py for tasks to queue
[2025-03-04T07:16:09.969+0000] {logging_mixin.py:190} INFO - [2025-03-04T07:16:09.969+0000] {dagbag.py:588} INFO - Filling up the DagBag from /home/airflow/.local/lib/python3.12/site-packages/airflow/example_dags/example_python_operator.py
[2025-03-04T07:16:09.980+0000] {processor.py:925} INFO - DAG(s) 'example_python_operator' retrieved from /home/airflow/.local/lib/python3.12/site-packages/airflow/example_dags/example_python_operator.py
[2025-03-04T07:16:10.000+0000] {logging_mixin.py:190} INFO - [2025-03-04T07:16:10.000+0000] {dag.py:3239} INFO - Sync 1 DAGs
[2025-03-04T07:16:10.013+0000] {logging_mixin.py:190} INFO - [2025-03-04T07:16:10.013+0000] {dag.py:4180} INFO - Setting next_dagrun for example_python_operator to None, run_after=None
[2025-03-04T07:16:10.030+0000] {processor.py:208} INFO - Processing /home/airflow/.local/lib/python3.12/site-packages/airflow/example_dags/example_python_operator.py took 0.070 seconds
[2025-03-04T07:16:40.634+0000] {processor.py:186} INFO - Started process (PID=3611) to work on /home/airflow/.local/lib/python3.12/site-packages/airflow/example_dags/example_python_operator.py
[2025-03-04T07:16:40.636+0000] {processor.py:914} INFO - Processing file /home/airflow/.local/lib/python3.12/site-packages/airflow/example_dags/example_python_operator.py for tasks to queue
[2025-03-04T07:16:40.637+0000] {logging_mixin.py:190} INFO - [2025-03-04T07:16:40.637+0000] {dagbag.py:588} INFO - Filling up the DagBag from /home/airflow/.local/lib/python3.12/site-packages/airflow/example_dags/example_python_operator.py
[2025-03-04T07:16:40.650+0000] {processor.py:925} INFO - DAG(s) 'example_python_operator' retrieved from /home/airflow/.local/lib/python3.12/site-packages/airflow/example_dags/example_python_operator.py
[2025-03-04T07:16:40.669+0000] {logging_mixin.py:190} INFO - [2025-03-04T07:16:40.668+0000] {dag.py:3239} INFO - Sync 1 DAGs
[2025-03-04T07:16:40.682+0000] {logging_mixin.py:190} INFO - [2025-03-04T07:16:40.681+0000] {dag.py:4180} INFO - Setting next_dagrun for example_python_operator to None, run_after=None
[2025-03-04T07:16:40.702+0000] {processor.py:208} INFO - Processing /home/airflow/.local/lib/python3.12/site-packages/airflow/example_dags/example_python_operator.py took 0.073 seconds
[2025-03-04T07:17:11.220+0000] {processor.py:186} INFO - Started process (PID=3692) to work on /home/airflow/.local/lib/python3.12/site-packages/airflow/example_dags/example_python_operator.py
[2025-03-04T07:17:11.222+0000] {processor.py:914} INFO - Processing file /home/airflow/.local/lib/python3.12/site-packages/airflow/example_dags/example_python_operator.py for tasks to queue
[2025-03-04T07:17:11.224+0000] {logging_mixin.py:190} INFO - [2025-03-04T07:17:11.224+0000] {dagbag.py:588} INFO - Filling up the DagBag from /home/airflow/.local/lib/python3.12/site-packages/airflow/example_dags/example_python_operator.py
[2025-03-04T07:17:11.235+0000] {processor.py:925} INFO - DAG(s) 'example_python_operator' retrieved from /home/airflow/.local/lib/python3.12/site-packages/airflow/example_dags/example_python_operator.py
[2025-03-04T07:17:11.255+0000] {logging_mixin.py:190} INFO - [2025-03-04T07:17:11.255+0000] {dag.py:3239} INFO - Sync 1 DAGs
[2025-03-04T07:17:11.267+0000] {logging_mixin.py:190} INFO - [2025-03-04T07:17:11.267+0000] {dag.py:4180} INFO - Setting next_dagrun for example_python_operator to None, run_after=None
[2025-03-04T07:17:11.286+0000] {processor.py:208} INFO - Processing /home/airflow/.local/lib/python3.12/site-packages/airflow/example_dags/example_python_operator.py took 0.071 seconds
[2025-03-04T07:17:41.852+0000] {processor.py:186} INFO - Started process (PID=3766) to work on /home/airflow/.local/lib/python3.12/site-packages/airflow/example_dags/example_python_operator.py
[2025-03-04T07:17:41.854+0000] {processor.py:914} INFO - Processing file /home/airflow/.local/lib/python3.12/site-packages/airflow/example_dags/example_python_operator.py for tasks to queue
[2025-03-04T07:17:41.855+0000] {logging_mixin.py:190} INFO - [2025-03-04T07:17:41.855+0000] {dagbag.py:588} INFO - Filling up the DagBag from /home/airflow/.local/lib/python3.12/site-packages/airflow/example_dags/example_python_operator.py
[2025-03-04T07:17:41.866+0000] {processor.py:925} INFO - DAG(s) 'example_python_operator' retrieved from /home/airflow/.local/lib/python3.12/site-packages/airflow/example_dags/example_python_operator.py
[2025-03-04T07:17:41.883+0000] {logging_mixin.py:190} INFO - [2025-03-04T07:17:41.883+0000] {dag.py:3239} INFO - Sync 1 DAGs
[2025-03-04T07:17:41.894+0000] {logging_mixin.py:190} INFO - [2025-03-04T07:17:41.894+0000] {dag.py:4180} INFO - Setting next_dagrun for example_python_operator to None, run_after=None
[2025-03-04T07:17:41.907+0000] {processor.py:208} INFO - Processing /home/airflow/.local/lib/python3.12/site-packages/airflow/example_dags/example_python_operator.py took 0.060 seconds
[2025-03-04T07:18:12.662+0000] {processor.py:186} INFO - Started process (PID=3850) to work on /home/airflow/.local/lib/python3.12/site-packages/airflow/example_dags/example_python_operator.py
[2025-03-04T07:18:12.663+0000] {processor.py:914} INFO - Processing file /home/airflow/.local/lib/python3.12/site-packages/airflow/example_dags/example_python_operator.py for tasks to queue
[2025-03-04T07:18:12.665+0000] {logging_mixin.py:190} INFO - [2025-03-04T07:18:12.665+0000] {dagbag.py:588} INFO - Filling up the DagBag from /home/airflow/.local/lib/python3.12/site-packages/airflow/example_dags/example_python_operator.py
[2025-03-04T07:18:12.678+0000] {processor.py:925} INFO - DAG(s) 'example_python_operator' retrieved from /home/airflow/.local/lib/python3.12/site-packages/airflow/example_dags/example_python_operator.py
[2025-03-04T07:18:12.697+0000] {logging_mixin.py:190} INFO - [2025-03-04T07:18:12.697+0000] {dag.py:3239} INFO - Sync 1 DAGs
[2025-03-04T07:18:12.710+0000] {logging_mixin.py:190} INFO - [2025-03-04T07:18:12.710+0000] {dag.py:4180} INFO - Setting next_dagrun for example_python_operator to None, run_after=None
[2025-03-04T07:18:12.726+0000] {processor.py:208} INFO - Processing /home/airflow/.local/lib/python3.12/site-packages/airflow/example_dags/example_python_operator.py took 0.070 seconds
[2025-03-04T07:18:43.246+0000] {processor.py:186} INFO - Started process (PID=3924) to work on /home/airflow/.local/lib/python3.12/site-packages/airflow/example_dags/example_python_operator.py
[2025-03-04T07:18:43.247+0000] {processor.py:914} INFO - Processing file /home/airflow/.local/lib/python3.12/site-packages/airflow/example_dags/example_python_operator.py for tasks to queue
[2025-03-04T07:18:43.249+0000] {logging_mixin.py:190} INFO - [2025-03-04T07:18:43.249+0000] {dagbag.py:588} INFO - Filling up the DagBag from /home/airflow/.local/lib/python3.12/site-packages/airflow/example_dags/example_python_operator.py
[2025-03-04T07:18:43.259+0000] {processor.py:925} INFO - DAG(s) 'example_python_operator' retrieved from /home/airflow/.local/lib/python3.12/site-packages/airflow/example_dags/example_python_operator.py
[2025-03-04T07:18:43.286+0000] {logging_mixin.py:190} INFO - [2025-03-04T07:18:43.285+0000] {dag.py:3239} INFO - Sync 1 DAGs
[2025-03-04T07:18:43.307+0000] {logging_mixin.py:190} INFO - [2025-03-04T07:18:43.306+0000] {dag.py:4180} INFO - Setting next_dagrun for example_python_operator to None, run_after=None
[2025-03-04T07:18:43.330+0000] {processor.py:208} INFO - Processing /home/airflow/.local/lib/python3.12/site-packages/airflow/example_dags/example_python_operator.py took 0.089 seconds
