[2025-03-04T06:53:45.687+0000] {processor.py:186} INFO - Started process (PID=86) to work on /home/airflow/.local/lib/python3.12/site-packages/airflow/example_dags/example_task_group.py
[2025-03-04T06:53:45.689+0000] {processor.py:914} INFO - Processing file /home/airflow/.local/lib/python3.12/site-packages/airflow/example_dags/example_task_group.py for tasks to queue
[2025-03-04T06:53:45.692+0000] {logging_mixin.py:190} INFO - [2025-03-04T06:53:45.692+0000] {dagbag.py:588} INFO - Filling up the DagBag from /home/airflow/.local/lib/python3.12/site-packages/airflow/example_dags/example_task_group.py
[2025-03-04T06:53:45.705+0000] {processor.py:925} INFO - DAG(s) 'example_task_group' retrieved from /home/airflow/.local/lib/python3.12/site-packages/airflow/example_dags/example_task_group.py
[2025-03-04T06:53:45.815+0000] {logging_mixin.py:190} INFO - [2025-03-04T06:53:45.814+0000] {override.py:1912} INFO - Created Permission View: can read on DAG:example_task_group
[2025-03-04T06:53:45.829+0000] {logging_mixin.py:190} INFO - [2025-03-04T06:53:45.828+0000] {override.py:1912} INFO - Created Permission View: can edit on DAG:example_task_group
[2025-03-04T06:53:45.838+0000] {logging_mixin.py:190} INFO - [2025-03-04T06:53:45.838+0000] {override.py:1912} INFO - Created Permission View: can delete on DAG:example_task_group
[2025-03-04T06:53:45.846+0000] {logging_mixin.py:190} INFO - [2025-03-04T06:53:45.845+0000] {override.py:1912} INFO - Created Permission View: menu access on DAG Run:example_task_group
[2025-03-04T06:53:45.853+0000] {logging_mixin.py:190} INFO - [2025-03-04T06:53:45.853+0000] {override.py:1912} INFO - Created Permission View: can read on DAG Run:example_task_group
[2025-03-04T06:53:45.861+0000] {logging_mixin.py:190} INFO - [2025-03-04T06:53:45.860+0000] {override.py:1912} INFO - Created Permission View: can delete on DAG Run:example_task_group
[2025-03-04T06:53:45.868+0000] {logging_mixin.py:190} INFO - [2025-03-04T06:53:45.868+0000] {override.py:1912} INFO - Created Permission View: can create on DAG Run:example_task_group
[2025-03-04T06:53:45.869+0000] {logging_mixin.py:190} INFO - [2025-03-04T06:53:45.869+0000] {dag.py:3239} INFO - Sync 1 DAGs
[2025-03-04T06:53:45.883+0000] {logging_mixin.py:190} INFO - [2025-03-04T06:53:45.882+0000] {dag.py:3262} INFO - Creating ORM DAG for example_task_group
[2025-03-04T06:53:45.884+0000] {logging_mixin.py:190} INFO - [2025-03-04T06:53:45.884+0000] {dag.py:4180} INFO - Setting next_dagrun for example_task_group to None, run_after=None
[2025-03-04T06:53:45.901+0000] {processor.py:208} INFO - Processing /home/airflow/.local/lib/python3.12/site-packages/airflow/example_dags/example_task_group.py took 0.221 seconds
[2025-03-04T06:54:16.724+0000] {processor.py:186} INFO - Started process (PID=161) to work on /home/airflow/.local/lib/python3.12/site-packages/airflow/example_dags/example_task_group.py
[2025-03-04T06:54:16.725+0000] {processor.py:914} INFO - Processing file /home/airflow/.local/lib/python3.12/site-packages/airflow/example_dags/example_task_group.py for tasks to queue
[2025-03-04T06:54:16.727+0000] {logging_mixin.py:190} INFO - [2025-03-04T06:54:16.727+0000] {dagbag.py:588} INFO - Filling up the DagBag from /home/airflow/.local/lib/python3.12/site-packages/airflow/example_dags/example_task_group.py
[2025-03-04T06:54:16.734+0000] {processor.py:925} INFO - DAG(s) 'example_task_group' retrieved from /home/airflow/.local/lib/python3.12/site-packages/airflow/example_dags/example_task_group.py
[2025-03-04T06:54:16.757+0000] {logging_mixin.py:190} INFO - [2025-03-04T06:54:16.757+0000] {dag.py:3239} INFO - Sync 1 DAGs
[2025-03-04T06:54:16.771+0000] {logging_mixin.py:190} INFO - [2025-03-04T06:54:16.771+0000] {dag.py:4180} INFO - Setting next_dagrun for example_task_group to None, run_after=None
[2025-03-04T06:54:16.795+0000] {processor.py:208} INFO - Processing /home/airflow/.local/lib/python3.12/site-packages/airflow/example_dags/example_task_group.py took 0.075 seconds
[2025-03-04T06:54:47.092+0000] {processor.py:186} INFO - Started process (PID=244) to work on /home/airflow/.local/lib/python3.12/site-packages/airflow/example_dags/example_task_group.py
[2025-03-04T06:54:47.093+0000] {processor.py:914} INFO - Processing file /home/airflow/.local/lib/python3.12/site-packages/airflow/example_dags/example_task_group.py for tasks to queue
[2025-03-04T06:54:47.097+0000] {logging_mixin.py:190} INFO - [2025-03-04T06:54:47.097+0000] {dagbag.py:588} INFO - Filling up the DagBag from /home/airflow/.local/lib/python3.12/site-packages/airflow/example_dags/example_task_group.py
[2025-03-04T06:54:47.107+0000] {processor.py:925} INFO - DAG(s) 'example_task_group' retrieved from /home/airflow/.local/lib/python3.12/site-packages/airflow/example_dags/example_task_group.py
[2025-03-04T06:54:47.126+0000] {logging_mixin.py:190} INFO - [2025-03-04T06:54:47.125+0000] {dag.py:3239} INFO - Sync 1 DAGs
[2025-03-04T06:54:47.137+0000] {logging_mixin.py:190} INFO - [2025-03-04T06:54:47.137+0000] {dag.py:4180} INFO - Setting next_dagrun for example_task_group to None, run_after=None
[2025-03-04T06:54:47.153+0000] {processor.py:208} INFO - Processing /home/airflow/.local/lib/python3.12/site-packages/airflow/example_dags/example_task_group.py took 0.067 seconds
[2025-03-04T06:55:17.375+0000] {processor.py:186} INFO - Started process (PID=317) to work on /home/airflow/.local/lib/python3.12/site-packages/airflow/example_dags/example_task_group.py
[2025-03-04T06:55:17.376+0000] {processor.py:914} INFO - Processing file /home/airflow/.local/lib/python3.12/site-packages/airflow/example_dags/example_task_group.py for tasks to queue
[2025-03-04T06:55:17.380+0000] {logging_mixin.py:190} INFO - [2025-03-04T06:55:17.379+0000] {dagbag.py:588} INFO - Filling up the DagBag from /home/airflow/.local/lib/python3.12/site-packages/airflow/example_dags/example_task_group.py
[2025-03-04T06:55:17.390+0000] {processor.py:925} INFO - DAG(s) 'example_task_group' retrieved from /home/airflow/.local/lib/python3.12/site-packages/airflow/example_dags/example_task_group.py
[2025-03-04T06:55:17.408+0000] {logging_mixin.py:190} INFO - [2025-03-04T06:55:17.408+0000] {dag.py:3239} INFO - Sync 1 DAGs
[2025-03-04T06:55:17.420+0000] {logging_mixin.py:190} INFO - [2025-03-04T06:55:17.420+0000] {dag.py:4180} INFO - Setting next_dagrun for example_task_group to None, run_after=None
[2025-03-04T06:55:17.435+0000] {processor.py:208} INFO - Processing /home/airflow/.local/lib/python3.12/site-packages/airflow/example_dags/example_task_group.py took 0.065 seconds
[2025-03-04T06:55:48.429+0000] {processor.py:186} INFO - Started process (PID=401) to work on /home/airflow/.local/lib/python3.12/site-packages/airflow/example_dags/example_task_group.py
[2025-03-04T06:55:48.430+0000] {processor.py:914} INFO - Processing file /home/airflow/.local/lib/python3.12/site-packages/airflow/example_dags/example_task_group.py for tasks to queue
[2025-03-04T06:55:48.431+0000] {logging_mixin.py:190} INFO - [2025-03-04T06:55:48.431+0000] {dagbag.py:588} INFO - Filling up the DagBag from /home/airflow/.local/lib/python3.12/site-packages/airflow/example_dags/example_task_group.py
[2025-03-04T06:55:48.438+0000] {processor.py:925} INFO - DAG(s) 'example_task_group' retrieved from /home/airflow/.local/lib/python3.12/site-packages/airflow/example_dags/example_task_group.py
[2025-03-04T06:55:48.454+0000] {logging_mixin.py:190} INFO - [2025-03-04T06:55:48.454+0000] {dag.py:3239} INFO - Sync 1 DAGs
[2025-03-04T06:55:48.464+0000] {logging_mixin.py:190} INFO - [2025-03-04T06:55:48.464+0000] {dag.py:4180} INFO - Setting next_dagrun for example_task_group to None, run_after=None
[2025-03-04T06:55:48.477+0000] {processor.py:208} INFO - Processing /home/airflow/.local/lib/python3.12/site-packages/airflow/example_dags/example_task_group.py took 0.054 seconds
[2025-03-04T06:56:19.297+0000] {processor.py:186} INFO - Started process (PID=476) to work on /home/airflow/.local/lib/python3.12/site-packages/airflow/example_dags/example_task_group.py
[2025-03-04T06:56:19.298+0000] {processor.py:914} INFO - Processing file /home/airflow/.local/lib/python3.12/site-packages/airflow/example_dags/example_task_group.py for tasks to queue
[2025-03-04T06:56:19.300+0000] {logging_mixin.py:190} INFO - [2025-03-04T06:56:19.300+0000] {dagbag.py:588} INFO - Filling up the DagBag from /home/airflow/.local/lib/python3.12/site-packages/airflow/example_dags/example_task_group.py
[2025-03-04T06:56:19.307+0000] {processor.py:925} INFO - DAG(s) 'example_task_group' retrieved from /home/airflow/.local/lib/python3.12/site-packages/airflow/example_dags/example_task_group.py
[2025-03-04T06:56:19.323+0000] {logging_mixin.py:190} INFO - [2025-03-04T06:56:19.322+0000] {dag.py:3239} INFO - Sync 1 DAGs
[2025-03-04T06:56:19.334+0000] {logging_mixin.py:190} INFO - [2025-03-04T06:56:19.334+0000] {dag.py:4180} INFO - Setting next_dagrun for example_task_group to None, run_after=None
[2025-03-04T06:56:19.349+0000] {processor.py:208} INFO - Processing /home/airflow/.local/lib/python3.12/site-packages/airflow/example_dags/example_task_group.py took 0.056 seconds
[2025-03-04T06:56:50.352+0000] {processor.py:186} INFO - Started process (PID=559) to work on /home/airflow/.local/lib/python3.12/site-packages/airflow/example_dags/example_task_group.py
[2025-03-04T06:56:50.354+0000] {processor.py:914} INFO - Processing file /home/airflow/.local/lib/python3.12/site-packages/airflow/example_dags/example_task_group.py for tasks to queue
[2025-03-04T06:56:50.357+0000] {logging_mixin.py:190} INFO - [2025-03-04T06:56:50.356+0000] {dagbag.py:588} INFO - Filling up the DagBag from /home/airflow/.local/lib/python3.12/site-packages/airflow/example_dags/example_task_group.py
[2025-03-04T06:56:50.367+0000] {processor.py:925} INFO - DAG(s) 'example_task_group' retrieved from /home/airflow/.local/lib/python3.12/site-packages/airflow/example_dags/example_task_group.py
[2025-03-04T06:56:50.390+0000] {logging_mixin.py:190} INFO - [2025-03-04T06:56:50.390+0000] {dag.py:3239} INFO - Sync 1 DAGs
[2025-03-04T06:56:50.405+0000] {logging_mixin.py:190} INFO - [2025-03-04T06:56:50.404+0000] {dag.py:4180} INFO - Setting next_dagrun for example_task_group to None, run_after=None
[2025-03-04T06:56:50.426+0000] {processor.py:208} INFO - Processing /home/airflow/.local/lib/python3.12/site-packages/airflow/example_dags/example_task_group.py took 0.079 seconds
[2025-03-04T06:57:21.497+0000] {processor.py:186} INFO - Started process (PID=634) to work on /home/airflow/.local/lib/python3.12/site-packages/airflow/example_dags/example_task_group.py
[2025-03-04T06:57:21.499+0000] {processor.py:914} INFO - Processing file /home/airflow/.local/lib/python3.12/site-packages/airflow/example_dags/example_task_group.py for tasks to queue
[2025-03-04T06:57:21.501+0000] {logging_mixin.py:190} INFO - [2025-03-04T06:57:21.501+0000] {dagbag.py:588} INFO - Filling up the DagBag from /home/airflow/.local/lib/python3.12/site-packages/airflow/example_dags/example_task_group.py
[2025-03-04T06:57:21.508+0000] {processor.py:925} INFO - DAG(s) 'example_task_group' retrieved from /home/airflow/.local/lib/python3.12/site-packages/airflow/example_dags/example_task_group.py
[2025-03-04T06:57:21.525+0000] {logging_mixin.py:190} INFO - [2025-03-04T06:57:21.525+0000] {dag.py:3239} INFO - Sync 1 DAGs
[2025-03-04T06:57:21.536+0000] {logging_mixin.py:190} INFO - [2025-03-04T06:57:21.536+0000] {dag.py:4180} INFO - Setting next_dagrun for example_task_group to None, run_after=None
[2025-03-04T06:57:21.553+0000] {processor.py:208} INFO - Processing /home/airflow/.local/lib/python3.12/site-packages/airflow/example_dags/example_task_group.py took 0.060 seconds
[2025-03-04T06:57:52.677+0000] {processor.py:186} INFO - Started process (PID=716) to work on /home/airflow/.local/lib/python3.12/site-packages/airflow/example_dags/example_task_group.py
[2025-03-04T06:57:52.678+0000] {processor.py:914} INFO - Processing file /home/airflow/.local/lib/python3.12/site-packages/airflow/example_dags/example_task_group.py for tasks to queue
[2025-03-04T06:57:52.682+0000] {logging_mixin.py:190} INFO - [2025-03-04T06:57:52.681+0000] {dagbag.py:588} INFO - Filling up the DagBag from /home/airflow/.local/lib/python3.12/site-packages/airflow/example_dags/example_task_group.py
[2025-03-04T06:57:52.691+0000] {processor.py:925} INFO - DAG(s) 'example_task_group' retrieved from /home/airflow/.local/lib/python3.12/site-packages/airflow/example_dags/example_task_group.py
[2025-03-04T06:57:52.723+0000] {logging_mixin.py:190} INFO - [2025-03-04T06:57:52.723+0000] {dag.py:3239} INFO - Sync 1 DAGs
[2025-03-04T06:57:52.746+0000] {logging_mixin.py:190} INFO - [2025-03-04T06:57:52.745+0000] {dag.py:4180} INFO - Setting next_dagrun for example_task_group to None, run_after=None
[2025-03-04T06:57:52.785+0000] {processor.py:208} INFO - Processing /home/airflow/.local/lib/python3.12/site-packages/airflow/example_dags/example_task_group.py took 0.116 seconds
[2025-03-04T06:58:23.000+0000] {processor.py:186} INFO - Started process (PID=791) to work on /home/airflow/.local/lib/python3.12/site-packages/airflow/example_dags/example_task_group.py
[2025-03-04T06:58:23.002+0000] {processor.py:914} INFO - Processing file /home/airflow/.local/lib/python3.12/site-packages/airflow/example_dags/example_task_group.py for tasks to queue
[2025-03-04T06:58:23.004+0000] {logging_mixin.py:190} INFO - [2025-03-04T06:58:23.004+0000] {dagbag.py:588} INFO - Filling up the DagBag from /home/airflow/.local/lib/python3.12/site-packages/airflow/example_dags/example_task_group.py
[2025-03-04T06:58:23.011+0000] {processor.py:925} INFO - DAG(s) 'example_task_group' retrieved from /home/airflow/.local/lib/python3.12/site-packages/airflow/example_dags/example_task_group.py
[2025-03-04T06:58:23.033+0000] {logging_mixin.py:190} INFO - [2025-03-04T06:58:23.032+0000] {dag.py:3239} INFO - Sync 1 DAGs
[2025-03-04T06:58:23.047+0000] {logging_mixin.py:190} INFO - [2025-03-04T06:58:23.046+0000] {dag.py:4180} INFO - Setting next_dagrun for example_task_group to None, run_after=None
[2025-03-04T06:58:23.061+0000] {processor.py:208} INFO - Processing /home/airflow/.local/lib/python3.12/site-packages/airflow/example_dags/example_task_group.py took 0.065 seconds
[2025-03-04T06:58:53.513+0000] {processor.py:186} INFO - Started process (PID=868) to work on /home/airflow/.local/lib/python3.12/site-packages/airflow/example_dags/example_task_group.py
[2025-03-04T06:58:53.514+0000] {processor.py:914} INFO - Processing file /home/airflow/.local/lib/python3.12/site-packages/airflow/example_dags/example_task_group.py for tasks to queue
[2025-03-04T06:58:53.516+0000] {logging_mixin.py:190} INFO - [2025-03-04T06:58:53.516+0000] {dagbag.py:588} INFO - Filling up the DagBag from /home/airflow/.local/lib/python3.12/site-packages/airflow/example_dags/example_task_group.py
[2025-03-04T06:58:53.526+0000] {processor.py:925} INFO - DAG(s) 'example_task_group' retrieved from /home/airflow/.local/lib/python3.12/site-packages/airflow/example_dags/example_task_group.py
[2025-03-04T06:58:53.546+0000] {logging_mixin.py:190} INFO - [2025-03-04T06:58:53.545+0000] {dag.py:3239} INFO - Sync 1 DAGs
[2025-03-04T06:58:53.566+0000] {logging_mixin.py:190} INFO - [2025-03-04T06:58:53.566+0000] {dag.py:4180} INFO - Setting next_dagrun for example_task_group to None, run_after=None
[2025-03-04T06:58:53.594+0000] {processor.py:208} INFO - Processing /home/airflow/.local/lib/python3.12/site-packages/airflow/example_dags/example_task_group.py took 0.086 seconds
[2025-03-04T06:59:23.675+0000] {processor.py:186} INFO - Started process (PID=951) to work on /home/airflow/.local/lib/python3.12/site-packages/airflow/example_dags/example_task_group.py
[2025-03-04T06:59:23.676+0000] {processor.py:914} INFO - Processing file /home/airflow/.local/lib/python3.12/site-packages/airflow/example_dags/example_task_group.py for tasks to queue
[2025-03-04T06:59:23.678+0000] {logging_mixin.py:190} INFO - [2025-03-04T06:59:23.677+0000] {dagbag.py:588} INFO - Filling up the DagBag from /home/airflow/.local/lib/python3.12/site-packages/airflow/example_dags/example_task_group.py
[2025-03-04T06:59:23.685+0000] {processor.py:925} INFO - DAG(s) 'example_task_group' retrieved from /home/airflow/.local/lib/python3.12/site-packages/airflow/example_dags/example_task_group.py
[2025-03-04T06:59:23.702+0000] {logging_mixin.py:190} INFO - [2025-03-04T06:59:23.702+0000] {dag.py:3239} INFO - Sync 1 DAGs
[2025-03-04T06:59:23.712+0000] {logging_mixin.py:190} INFO - [2025-03-04T06:59:23.712+0000] {dag.py:4180} INFO - Setting next_dagrun for example_task_group to None, run_after=None
[2025-03-04T06:59:23.729+0000] {processor.py:208} INFO - Processing /home/airflow/.local/lib/python3.12/site-packages/airflow/example_dags/example_task_group.py took 0.059 seconds
[2025-03-04T06:59:54.679+0000] {processor.py:186} INFO - Started process (PID=1028) to work on /home/airflow/.local/lib/python3.12/site-packages/airflow/example_dags/example_task_group.py
[2025-03-04T06:59:54.680+0000] {processor.py:914} INFO - Processing file /home/airflow/.local/lib/python3.12/site-packages/airflow/example_dags/example_task_group.py for tasks to queue
[2025-03-04T06:59:54.682+0000] {logging_mixin.py:190} INFO - [2025-03-04T06:59:54.682+0000] {dagbag.py:588} INFO - Filling up the DagBag from /home/airflow/.local/lib/python3.12/site-packages/airflow/example_dags/example_task_group.py
[2025-03-04T06:59:54.689+0000] {processor.py:925} INFO - DAG(s) 'example_task_group' retrieved from /home/airflow/.local/lib/python3.12/site-packages/airflow/example_dags/example_task_group.py
[2025-03-04T06:59:54.706+0000] {logging_mixin.py:190} INFO - [2025-03-04T06:59:54.705+0000] {dag.py:3239} INFO - Sync 1 DAGs
[2025-03-04T06:59:54.717+0000] {logging_mixin.py:190} INFO - [2025-03-04T06:59:54.717+0000] {dag.py:4180} INFO - Setting next_dagrun for example_task_group to None, run_after=None
[2025-03-04T06:59:54.734+0000] {processor.py:208} INFO - Processing /home/airflow/.local/lib/python3.12/site-packages/airflow/example_dags/example_task_group.py took 0.059 seconds
[2025-03-04T07:00:25.354+0000] {processor.py:186} INFO - Started process (PID=1112) to work on /home/airflow/.local/lib/python3.12/site-packages/airflow/example_dags/example_task_group.py
[2025-03-04T07:00:25.355+0000] {processor.py:914} INFO - Processing file /home/airflow/.local/lib/python3.12/site-packages/airflow/example_dags/example_task_group.py for tasks to queue
[2025-03-04T07:00:25.357+0000] {logging_mixin.py:190} INFO - [2025-03-04T07:00:25.357+0000] {dagbag.py:588} INFO - Filling up the DagBag from /home/airflow/.local/lib/python3.12/site-packages/airflow/example_dags/example_task_group.py
[2025-03-04T07:00:25.365+0000] {processor.py:925} INFO - DAG(s) 'example_task_group' retrieved from /home/airflow/.local/lib/python3.12/site-packages/airflow/example_dags/example_task_group.py
[2025-03-04T07:00:25.384+0000] {logging_mixin.py:190} INFO - [2025-03-04T07:00:25.383+0000] {dag.py:3239} INFO - Sync 1 DAGs
[2025-03-04T07:00:25.395+0000] {logging_mixin.py:190} INFO - [2025-03-04T07:00:25.394+0000] {dag.py:4180} INFO - Setting next_dagrun for example_task_group to None, run_after=None
[2025-03-04T07:00:25.411+0000] {processor.py:208} INFO - Processing /home/airflow/.local/lib/python3.12/site-packages/airflow/example_dags/example_task_group.py took 0.062 seconds
[2025-03-04T07:00:55.632+0000] {processor.py:186} INFO - Started process (PID=1190) to work on /home/airflow/.local/lib/python3.12/site-packages/airflow/example_dags/example_task_group.py
[2025-03-04T07:00:55.633+0000] {processor.py:914} INFO - Processing file /home/airflow/.local/lib/python3.12/site-packages/airflow/example_dags/example_task_group.py for tasks to queue
[2025-03-04T07:00:55.635+0000] {logging_mixin.py:190} INFO - [2025-03-04T07:00:55.635+0000] {dagbag.py:588} INFO - Filling up the DagBag from /home/airflow/.local/lib/python3.12/site-packages/airflow/example_dags/example_task_group.py
[2025-03-04T07:00:55.643+0000] {processor.py:925} INFO - DAG(s) 'example_task_group' retrieved from /home/airflow/.local/lib/python3.12/site-packages/airflow/example_dags/example_task_group.py
[2025-03-04T07:00:55.669+0000] {logging_mixin.py:190} INFO - [2025-03-04T07:00:55.669+0000] {dag.py:3239} INFO - Sync 1 DAGs
[2025-03-04T07:00:55.683+0000] {logging_mixin.py:190} INFO - [2025-03-04T07:00:55.683+0000] {dag.py:4180} INFO - Setting next_dagrun for example_task_group to None, run_after=None
[2025-03-04T07:00:55.703+0000] {processor.py:208} INFO - Processing /home/airflow/.local/lib/python3.12/site-packages/airflow/example_dags/example_task_group.py took 0.077 seconds
[2025-03-04T07:01:26.272+0000] {processor.py:186} INFO - Started process (PID=1274) to work on /home/airflow/.local/lib/python3.12/site-packages/airflow/example_dags/example_task_group.py
[2025-03-04T07:01:26.276+0000] {processor.py:914} INFO - Processing file /home/airflow/.local/lib/python3.12/site-packages/airflow/example_dags/example_task_group.py for tasks to queue
[2025-03-04T07:01:26.279+0000] {logging_mixin.py:190} INFO - [2025-03-04T07:01:26.278+0000] {dagbag.py:588} INFO - Filling up the DagBag from /home/airflow/.local/lib/python3.12/site-packages/airflow/example_dags/example_task_group.py
[2025-03-04T07:01:26.297+0000] {processor.py:925} INFO - DAG(s) 'example_task_group' retrieved from /home/airflow/.local/lib/python3.12/site-packages/airflow/example_dags/example_task_group.py
[2025-03-04T07:01:26.322+0000] {logging_mixin.py:190} INFO - [2025-03-04T07:01:26.322+0000] {dag.py:3239} INFO - Sync 1 DAGs
[2025-03-04T07:01:26.342+0000] {logging_mixin.py:190} INFO - [2025-03-04T07:01:26.342+0000] {dag.py:4180} INFO - Setting next_dagrun for example_task_group to None, run_after=None
[2025-03-04T07:01:26.365+0000] {processor.py:208} INFO - Processing /home/airflow/.local/lib/python3.12/site-packages/airflow/example_dags/example_task_group.py took 0.101 seconds
[2025-03-04T07:01:56.933+0000] {processor.py:186} INFO - Started process (PID=1350) to work on /home/airflow/.local/lib/python3.12/site-packages/airflow/example_dags/example_task_group.py
[2025-03-04T07:01:56.934+0000] {processor.py:914} INFO - Processing file /home/airflow/.local/lib/python3.12/site-packages/airflow/example_dags/example_task_group.py for tasks to queue
[2025-03-04T07:01:56.936+0000] {logging_mixin.py:190} INFO - [2025-03-04T07:01:56.936+0000] {dagbag.py:588} INFO - Filling up the DagBag from /home/airflow/.local/lib/python3.12/site-packages/airflow/example_dags/example_task_group.py
[2025-03-04T07:01:56.948+0000] {processor.py:925} INFO - DAG(s) 'example_task_group' retrieved from /home/airflow/.local/lib/python3.12/site-packages/airflow/example_dags/example_task_group.py
[2025-03-04T07:01:56.974+0000] {logging_mixin.py:190} INFO - [2025-03-04T07:01:56.974+0000] {dag.py:3239} INFO - Sync 1 DAGs
[2025-03-04T07:01:56.988+0000] {logging_mixin.py:190} INFO - [2025-03-04T07:01:56.988+0000] {dag.py:4180} INFO - Setting next_dagrun for example_task_group to None, run_after=None
[2025-03-04T07:01:57.006+0000] {processor.py:208} INFO - Processing /home/airflow/.local/lib/python3.12/site-packages/airflow/example_dags/example_task_group.py took 0.080 seconds
[2025-03-04T07:02:27.493+0000] {processor.py:186} INFO - Started process (PID=1434) to work on /home/airflow/.local/lib/python3.12/site-packages/airflow/example_dags/example_task_group.py
[2025-03-04T07:02:27.494+0000] {processor.py:914} INFO - Processing file /home/airflow/.local/lib/python3.12/site-packages/airflow/example_dags/example_task_group.py for tasks to queue
[2025-03-04T07:02:27.495+0000] {logging_mixin.py:190} INFO - [2025-03-04T07:02:27.495+0000] {dagbag.py:588} INFO - Filling up the DagBag from /home/airflow/.local/lib/python3.12/site-packages/airflow/example_dags/example_task_group.py
[2025-03-04T07:02:27.504+0000] {processor.py:925} INFO - DAG(s) 'example_task_group' retrieved from /home/airflow/.local/lib/python3.12/site-packages/airflow/example_dags/example_task_group.py
[2025-03-04T07:02:27.522+0000] {logging_mixin.py:190} INFO - [2025-03-04T07:02:27.522+0000] {dag.py:3239} INFO - Sync 1 DAGs
[2025-03-04T07:02:27.533+0000] {logging_mixin.py:190} INFO - [2025-03-04T07:02:27.533+0000] {dag.py:4180} INFO - Setting next_dagrun for example_task_group to None, run_after=None
[2025-03-04T07:02:27.549+0000] {processor.py:208} INFO - Processing /home/airflow/.local/lib/python3.12/site-packages/airflow/example_dags/example_task_group.py took 0.061 seconds
[2025-03-04T07:02:58.029+0000] {processor.py:186} INFO - Started process (PID=1514) to work on /home/airflow/.local/lib/python3.12/site-packages/airflow/example_dags/example_task_group.py
[2025-03-04T07:02:58.031+0000] {processor.py:914} INFO - Processing file /home/airflow/.local/lib/python3.12/site-packages/airflow/example_dags/example_task_group.py for tasks to queue
[2025-03-04T07:02:58.033+0000] {logging_mixin.py:190} INFO - [2025-03-04T07:02:58.033+0000] {dagbag.py:588} INFO - Filling up the DagBag from /home/airflow/.local/lib/python3.12/site-packages/airflow/example_dags/example_task_group.py
[2025-03-04T07:02:58.044+0000] {processor.py:925} INFO - DAG(s) 'example_task_group' retrieved from /home/airflow/.local/lib/python3.12/site-packages/airflow/example_dags/example_task_group.py
[2025-03-04T07:02:58.074+0000] {logging_mixin.py:190} INFO - [2025-03-04T07:02:58.073+0000] {dag.py:3239} INFO - Sync 1 DAGs
[2025-03-04T07:02:58.094+0000] {logging_mixin.py:190} INFO - [2025-03-04T07:02:58.094+0000] {dag.py:4180} INFO - Setting next_dagrun for example_task_group to None, run_after=None
[2025-03-04T07:02:58.121+0000] {processor.py:208} INFO - Processing /home/airflow/.local/lib/python3.12/site-packages/airflow/example_dags/example_task_group.py took 0.098 seconds
[2025-03-04T07:03:28.238+0000] {processor.py:186} INFO - Started process (PID=1588) to work on /home/airflow/.local/lib/python3.12/site-packages/airflow/example_dags/example_task_group.py
[2025-03-04T07:03:28.239+0000] {processor.py:914} INFO - Processing file /home/airflow/.local/lib/python3.12/site-packages/airflow/example_dags/example_task_group.py for tasks to queue
[2025-03-04T07:03:28.240+0000] {logging_mixin.py:190} INFO - [2025-03-04T07:03:28.240+0000] {dagbag.py:588} INFO - Filling up the DagBag from /home/airflow/.local/lib/python3.12/site-packages/airflow/example_dags/example_task_group.py
[2025-03-04T07:03:28.248+0000] {processor.py:925} INFO - DAG(s) 'example_task_group' retrieved from /home/airflow/.local/lib/python3.12/site-packages/airflow/example_dags/example_task_group.py
[2025-03-04T07:03:28.266+0000] {logging_mixin.py:190} INFO - [2025-03-04T07:03:28.266+0000] {dag.py:3239} INFO - Sync 1 DAGs
[2025-03-04T07:03:28.279+0000] {logging_mixin.py:190} INFO - [2025-03-04T07:03:28.278+0000] {dag.py:4180} INFO - Setting next_dagrun for example_task_group to None, run_after=None
[2025-03-04T07:03:28.294+0000] {processor.py:208} INFO - Processing /home/airflow/.local/lib/python3.12/site-packages/airflow/example_dags/example_task_group.py took 0.063 seconds
[2025-03-04T07:03:58.474+0000] {processor.py:186} INFO - Started process (PID=1671) to work on /home/airflow/.local/lib/python3.12/site-packages/airflow/example_dags/example_task_group.py
[2025-03-04T07:03:58.475+0000] {processor.py:914} INFO - Processing file /home/airflow/.local/lib/python3.12/site-packages/airflow/example_dags/example_task_group.py for tasks to queue
[2025-03-04T07:03:58.476+0000] {logging_mixin.py:190} INFO - [2025-03-04T07:03:58.476+0000] {dagbag.py:588} INFO - Filling up the DagBag from /home/airflow/.local/lib/python3.12/site-packages/airflow/example_dags/example_task_group.py
[2025-03-04T07:03:58.484+0000] {processor.py:925} INFO - DAG(s) 'example_task_group' retrieved from /home/airflow/.local/lib/python3.12/site-packages/airflow/example_dags/example_task_group.py
[2025-03-04T07:03:58.504+0000] {logging_mixin.py:190} INFO - [2025-03-04T07:03:58.504+0000] {dag.py:3239} INFO - Sync 1 DAGs
[2025-03-04T07:03:58.521+0000] {logging_mixin.py:190} INFO - [2025-03-04T07:03:58.521+0000] {dag.py:4180} INFO - Setting next_dagrun for example_task_group to None, run_after=None
[2025-03-04T07:03:58.539+0000] {processor.py:208} INFO - Processing /home/airflow/.local/lib/python3.12/site-packages/airflow/example_dags/example_task_group.py took 0.070 seconds
[2025-03-04T07:04:28.611+0000] {processor.py:186} INFO - Started process (PID=1746) to work on /home/airflow/.local/lib/python3.12/site-packages/airflow/example_dags/example_task_group.py
[2025-03-04T07:04:28.612+0000] {processor.py:914} INFO - Processing file /home/airflow/.local/lib/python3.12/site-packages/airflow/example_dags/example_task_group.py for tasks to queue
[2025-03-04T07:04:28.614+0000] {logging_mixin.py:190} INFO - [2025-03-04T07:04:28.614+0000] {dagbag.py:588} INFO - Filling up the DagBag from /home/airflow/.local/lib/python3.12/site-packages/airflow/example_dags/example_task_group.py
[2025-03-04T07:04:28.623+0000] {processor.py:925} INFO - DAG(s) 'example_task_group' retrieved from /home/airflow/.local/lib/python3.12/site-packages/airflow/example_dags/example_task_group.py
[2025-03-04T07:04:28.643+0000] {logging_mixin.py:190} INFO - [2025-03-04T07:04:28.643+0000] {dag.py:3239} INFO - Sync 1 DAGs
[2025-03-04T07:04:28.657+0000] {logging_mixin.py:190} INFO - [2025-03-04T07:04:28.657+0000] {dag.py:4180} INFO - Setting next_dagrun for example_task_group to None, run_after=None
[2025-03-04T07:04:28.674+0000] {processor.py:208} INFO - Processing /home/airflow/.local/lib/python3.12/site-packages/airflow/example_dags/example_task_group.py took 0.068 seconds
[2025-03-04T07:04:58.734+0000] {processor.py:186} INFO - Started process (PID=1828) to work on /home/airflow/.local/lib/python3.12/site-packages/airflow/example_dags/example_task_group.py
[2025-03-04T07:04:58.735+0000] {processor.py:914} INFO - Processing file /home/airflow/.local/lib/python3.12/site-packages/airflow/example_dags/example_task_group.py for tasks to queue
[2025-03-04T07:04:58.737+0000] {logging_mixin.py:190} INFO - [2025-03-04T07:04:58.736+0000] {dagbag.py:588} INFO - Filling up the DagBag from /home/airflow/.local/lib/python3.12/site-packages/airflow/example_dags/example_task_group.py
[2025-03-04T07:04:58.750+0000] {processor.py:925} INFO - DAG(s) 'example_task_group' retrieved from /home/airflow/.local/lib/python3.12/site-packages/airflow/example_dags/example_task_group.py
[2025-03-04T07:04:58.768+0000] {logging_mixin.py:190} INFO - [2025-03-04T07:04:58.768+0000] {dag.py:3239} INFO - Sync 1 DAGs
[2025-03-04T07:04:58.781+0000] {logging_mixin.py:190} INFO - [2025-03-04T07:04:58.781+0000] {dag.py:4180} INFO - Setting next_dagrun for example_task_group to None, run_after=None
[2025-03-04T07:04:58.799+0000] {processor.py:208} INFO - Processing /home/airflow/.local/lib/python3.12/site-packages/airflow/example_dags/example_task_group.py took 0.072 seconds
[2025-03-04T07:05:29.201+0000] {processor.py:186} INFO - Started process (PID=1902) to work on /home/airflow/.local/lib/python3.12/site-packages/airflow/example_dags/example_task_group.py
[2025-03-04T07:05:29.203+0000] {processor.py:914} INFO - Processing file /home/airflow/.local/lib/python3.12/site-packages/airflow/example_dags/example_task_group.py for tasks to queue
[2025-03-04T07:05:29.205+0000] {logging_mixin.py:190} INFO - [2025-03-04T07:05:29.204+0000] {dagbag.py:588} INFO - Filling up the DagBag from /home/airflow/.local/lib/python3.12/site-packages/airflow/example_dags/example_task_group.py
[2025-03-04T07:05:29.216+0000] {processor.py:925} INFO - DAG(s) 'example_task_group' retrieved from /home/airflow/.local/lib/python3.12/site-packages/airflow/example_dags/example_task_group.py
[2025-03-04T07:05:29.241+0000] {logging_mixin.py:190} INFO - [2025-03-04T07:05:29.241+0000] {dag.py:3239} INFO - Sync 1 DAGs
[2025-03-04T07:05:29.257+0000] {logging_mixin.py:190} INFO - [2025-03-04T07:05:29.256+0000] {dag.py:4180} INFO - Setting next_dagrun for example_task_group to None, run_after=None
[2025-03-04T07:05:29.275+0000] {processor.py:208} INFO - Processing /home/airflow/.local/lib/python3.12/site-packages/airflow/example_dags/example_task_group.py took 0.079 seconds
[2025-03-04T07:05:59.447+0000] {processor.py:186} INFO - Started process (PID=1983) to work on /home/airflow/.local/lib/python3.12/site-packages/airflow/example_dags/example_task_group.py
[2025-03-04T07:05:59.448+0000] {processor.py:914} INFO - Processing file /home/airflow/.local/lib/python3.12/site-packages/airflow/example_dags/example_task_group.py for tasks to queue
[2025-03-04T07:05:59.450+0000] {logging_mixin.py:190} INFO - [2025-03-04T07:05:59.449+0000] {dagbag.py:588} INFO - Filling up the DagBag from /home/airflow/.local/lib/python3.12/site-packages/airflow/example_dags/example_task_group.py
[2025-03-04T07:05:59.459+0000] {processor.py:925} INFO - DAG(s) 'example_task_group' retrieved from /home/airflow/.local/lib/python3.12/site-packages/airflow/example_dags/example_task_group.py
[2025-03-04T07:05:59.481+0000] {logging_mixin.py:190} INFO - [2025-03-04T07:05:59.480+0000] {dag.py:3239} INFO - Sync 1 DAGs
[2025-03-04T07:05:59.494+0000] {logging_mixin.py:190} INFO - [2025-03-04T07:05:59.494+0000] {dag.py:4180} INFO - Setting next_dagrun for example_task_group to None, run_after=None
[2025-03-04T07:05:59.512+0000] {processor.py:208} INFO - Processing /home/airflow/.local/lib/python3.12/site-packages/airflow/example_dags/example_task_group.py took 0.072 seconds
[2025-03-04T07:06:29.921+0000] {processor.py:186} INFO - Started process (PID=2058) to work on /home/airflow/.local/lib/python3.12/site-packages/airflow/example_dags/example_task_group.py
[2025-03-04T07:06:29.922+0000] {processor.py:914} INFO - Processing file /home/airflow/.local/lib/python3.12/site-packages/airflow/example_dags/example_task_group.py for tasks to queue
[2025-03-04T07:06:29.924+0000] {logging_mixin.py:190} INFO - [2025-03-04T07:06:29.923+0000] {dagbag.py:588} INFO - Filling up the DagBag from /home/airflow/.local/lib/python3.12/site-packages/airflow/example_dags/example_task_group.py
[2025-03-04T07:06:29.932+0000] {processor.py:925} INFO - DAG(s) 'example_task_group' retrieved from /home/airflow/.local/lib/python3.12/site-packages/airflow/example_dags/example_task_group.py
[2025-03-04T07:06:29.954+0000] {logging_mixin.py:190} INFO - [2025-03-04T07:06:29.953+0000] {dag.py:3239} INFO - Sync 1 DAGs
[2025-03-04T07:06:29.971+0000] {logging_mixin.py:190} INFO - [2025-03-04T07:06:29.971+0000] {dag.py:4180} INFO - Setting next_dagrun for example_task_group to None, run_after=None
[2025-03-04T07:06:29.994+0000] {processor.py:208} INFO - Processing /home/airflow/.local/lib/python3.12/site-packages/airflow/example_dags/example_task_group.py took 0.079 seconds
[2025-03-04T07:07:00.200+0000] {processor.py:186} INFO - Started process (PID=2132) to work on /home/airflow/.local/lib/python3.12/site-packages/airflow/example_dags/example_task_group.py
[2025-03-04T07:07:00.202+0000] {processor.py:914} INFO - Processing file /home/airflow/.local/lib/python3.12/site-packages/airflow/example_dags/example_task_group.py for tasks to queue
[2025-03-04T07:07:00.203+0000] {logging_mixin.py:190} INFO - [2025-03-04T07:07:00.202+0000] {dagbag.py:588} INFO - Filling up the DagBag from /home/airflow/.local/lib/python3.12/site-packages/airflow/example_dags/example_task_group.py
[2025-03-04T07:07:00.211+0000] {processor.py:925} INFO - DAG(s) 'example_task_group' retrieved from /home/airflow/.local/lib/python3.12/site-packages/airflow/example_dags/example_task_group.py
[2025-03-04T07:07:00.228+0000] {logging_mixin.py:190} INFO - [2025-03-04T07:07:00.228+0000] {dag.py:3239} INFO - Sync 1 DAGs
[2025-03-04T07:07:00.240+0000] {logging_mixin.py:190} INFO - [2025-03-04T07:07:00.240+0000] {dag.py:4180} INFO - Setting next_dagrun for example_task_group to None, run_after=None
[2025-03-04T07:07:00.257+0000] {processor.py:208} INFO - Processing /home/airflow/.local/lib/python3.12/site-packages/airflow/example_dags/example_task_group.py took 0.061 seconds
[2025-03-04T07:07:30.516+0000] {processor.py:186} INFO - Started process (PID=2214) to work on /home/airflow/.local/lib/python3.12/site-packages/airflow/example_dags/example_task_group.py
[2025-03-04T07:07:30.517+0000] {processor.py:914} INFO - Processing file /home/airflow/.local/lib/python3.12/site-packages/airflow/example_dags/example_task_group.py for tasks to queue
[2025-03-04T07:07:30.518+0000] {logging_mixin.py:190} INFO - [2025-03-04T07:07:30.518+0000] {dagbag.py:588} INFO - Filling up the DagBag from /home/airflow/.local/lib/python3.12/site-packages/airflow/example_dags/example_task_group.py
[2025-03-04T07:07:30.526+0000] {processor.py:925} INFO - DAG(s) 'example_task_group' retrieved from /home/airflow/.local/lib/python3.12/site-packages/airflow/example_dags/example_task_group.py
[2025-03-04T07:07:30.545+0000] {logging_mixin.py:190} INFO - [2025-03-04T07:07:30.544+0000] {dag.py:3239} INFO - Sync 1 DAGs
[2025-03-04T07:07:30.556+0000] {logging_mixin.py:190} INFO - [2025-03-04T07:07:30.556+0000] {dag.py:4180} INFO - Setting next_dagrun for example_task_group to None, run_after=None
[2025-03-04T07:07:30.575+0000] {processor.py:208} INFO - Processing /home/airflow/.local/lib/python3.12/site-packages/airflow/example_dags/example_task_group.py took 0.064 seconds
[2025-03-04T07:08:00.855+0000] {processor.py:186} INFO - Started process (PID=2288) to work on /home/airflow/.local/lib/python3.12/site-packages/airflow/example_dags/example_task_group.py
[2025-03-04T07:08:00.856+0000] {processor.py:914} INFO - Processing file /home/airflow/.local/lib/python3.12/site-packages/airflow/example_dags/example_task_group.py for tasks to queue
[2025-03-04T07:08:00.857+0000] {logging_mixin.py:190} INFO - [2025-03-04T07:08:00.857+0000] {dagbag.py:588} INFO - Filling up the DagBag from /home/airflow/.local/lib/python3.12/site-packages/airflow/example_dags/example_task_group.py
[2025-03-04T07:08:00.864+0000] {processor.py:925} INFO - DAG(s) 'example_task_group' retrieved from /home/airflow/.local/lib/python3.12/site-packages/airflow/example_dags/example_task_group.py
[2025-03-04T07:08:00.880+0000] {logging_mixin.py:190} INFO - [2025-03-04T07:08:00.880+0000] {dag.py:3239} INFO - Sync 1 DAGs
[2025-03-04T07:08:00.890+0000] {logging_mixin.py:190} INFO - [2025-03-04T07:08:00.890+0000] {dag.py:4180} INFO - Setting next_dagrun for example_task_group to None, run_after=None
[2025-03-04T07:08:00.906+0000] {processor.py:208} INFO - Processing /home/airflow/.local/lib/python3.12/site-packages/airflow/example_dags/example_task_group.py took 0.055 seconds
[2025-03-04T07:08:31.068+0000] {processor.py:186} INFO - Started process (PID=2370) to work on /home/airflow/.local/lib/python3.12/site-packages/airflow/example_dags/example_task_group.py
[2025-03-04T07:08:31.070+0000] {processor.py:914} INFO - Processing file /home/airflow/.local/lib/python3.12/site-packages/airflow/example_dags/example_task_group.py for tasks to queue
[2025-03-04T07:08:31.072+0000] {logging_mixin.py:190} INFO - [2025-03-04T07:08:31.071+0000] {dagbag.py:588} INFO - Filling up the DagBag from /home/airflow/.local/lib/python3.12/site-packages/airflow/example_dags/example_task_group.py
[2025-03-04T07:08:31.082+0000] {processor.py:925} INFO - DAG(s) 'example_task_group' retrieved from /home/airflow/.local/lib/python3.12/site-packages/airflow/example_dags/example_task_group.py
[2025-03-04T07:08:31.112+0000] {logging_mixin.py:190} INFO - [2025-03-04T07:08:31.111+0000] {dag.py:3239} INFO - Sync 1 DAGs
[2025-03-04T07:08:31.130+0000] {logging_mixin.py:190} INFO - [2025-03-04T07:08:31.129+0000] {dag.py:4180} INFO - Setting next_dagrun for example_task_group to None, run_after=None
[2025-03-04T07:08:31.159+0000] {processor.py:208} INFO - Processing /home/airflow/.local/lib/python3.12/site-packages/airflow/example_dags/example_task_group.py took 0.098 seconds
[2025-03-04T07:09:01.378+0000] {processor.py:186} INFO - Started process (PID=2445) to work on /home/airflow/.local/lib/python3.12/site-packages/airflow/example_dags/example_task_group.py
[2025-03-04T07:09:01.380+0000] {processor.py:914} INFO - Processing file /home/airflow/.local/lib/python3.12/site-packages/airflow/example_dags/example_task_group.py for tasks to queue
[2025-03-04T07:09:01.382+0000] {logging_mixin.py:190} INFO - [2025-03-04T07:09:01.381+0000] {dagbag.py:588} INFO - Filling up the DagBag from /home/airflow/.local/lib/python3.12/site-packages/airflow/example_dags/example_task_group.py
[2025-03-04T07:09:01.395+0000] {processor.py:925} INFO - DAG(s) 'example_task_group' retrieved from /home/airflow/.local/lib/python3.12/site-packages/airflow/example_dags/example_task_group.py
[2025-03-04T07:09:01.413+0000] {logging_mixin.py:190} INFO - [2025-03-04T07:09:01.412+0000] {dag.py:3239} INFO - Sync 1 DAGs
[2025-03-04T07:09:01.428+0000] {logging_mixin.py:190} INFO - [2025-03-04T07:09:01.428+0000] {dag.py:4180} INFO - Setting next_dagrun for example_task_group to None, run_after=None
[2025-03-04T07:09:01.445+0000] {processor.py:208} INFO - Processing /home/airflow/.local/lib/python3.12/site-packages/airflow/example_dags/example_task_group.py took 0.072 seconds
[2025-03-04T07:09:32.046+0000] {processor.py:186} INFO - Started process (PID=2526) to work on /home/airflow/.local/lib/python3.12/site-packages/airflow/example_dags/example_task_group.py
[2025-03-04T07:09:32.048+0000] {processor.py:914} INFO - Processing file /home/airflow/.local/lib/python3.12/site-packages/airflow/example_dags/example_task_group.py for tasks to queue
[2025-03-04T07:09:32.051+0000] {logging_mixin.py:190} INFO - [2025-03-04T07:09:32.050+0000] {dagbag.py:588} INFO - Filling up the DagBag from /home/airflow/.local/lib/python3.12/site-packages/airflow/example_dags/example_task_group.py
[2025-03-04T07:09:32.065+0000] {processor.py:925} INFO - DAG(s) 'example_task_group' retrieved from /home/airflow/.local/lib/python3.12/site-packages/airflow/example_dags/example_task_group.py
[2025-03-04T07:09:32.099+0000] {logging_mixin.py:190} INFO - [2025-03-04T07:09:32.099+0000] {dag.py:3239} INFO - Sync 1 DAGs
[2025-03-04T07:09:32.118+0000] {logging_mixin.py:190} INFO - [2025-03-04T07:09:32.118+0000] {dag.py:4180} INFO - Setting next_dagrun for example_task_group to None, run_after=None
[2025-03-04T07:09:32.143+0000] {processor.py:208} INFO - Processing /home/airflow/.local/lib/python3.12/site-packages/airflow/example_dags/example_task_group.py took 0.106 seconds
[2025-03-04T07:10:02.589+0000] {processor.py:186} INFO - Started process (PID=2601) to work on /home/airflow/.local/lib/python3.12/site-packages/airflow/example_dags/example_task_group.py
[2025-03-04T07:10:02.590+0000] {processor.py:914} INFO - Processing file /home/airflow/.local/lib/python3.12/site-packages/airflow/example_dags/example_task_group.py for tasks to queue
[2025-03-04T07:10:02.591+0000] {logging_mixin.py:190} INFO - [2025-03-04T07:10:02.591+0000] {dagbag.py:588} INFO - Filling up the DagBag from /home/airflow/.local/lib/python3.12/site-packages/airflow/example_dags/example_task_group.py
[2025-03-04T07:10:02.599+0000] {processor.py:925} INFO - DAG(s) 'example_task_group' retrieved from /home/airflow/.local/lib/python3.12/site-packages/airflow/example_dags/example_task_group.py
[2025-03-04T07:10:02.618+0000] {logging_mixin.py:190} INFO - [2025-03-04T07:10:02.618+0000] {dag.py:3239} INFO - Sync 1 DAGs
[2025-03-04T07:10:02.630+0000] {logging_mixin.py:190} INFO - [2025-03-04T07:10:02.630+0000] {dag.py:4180} INFO - Setting next_dagrun for example_task_group to None, run_after=None
[2025-03-04T07:10:02.648+0000] {processor.py:208} INFO - Processing /home/airflow/.local/lib/python3.12/site-packages/airflow/example_dags/example_task_group.py took 0.063 seconds
[2025-03-04T07:10:32.782+0000] {processor.py:186} INFO - Started process (PID=2674) to work on /home/airflow/.local/lib/python3.12/site-packages/airflow/example_dags/example_task_group.py
[2025-03-04T07:10:32.784+0000] {processor.py:914} INFO - Processing file /home/airflow/.local/lib/python3.12/site-packages/airflow/example_dags/example_task_group.py for tasks to queue
[2025-03-04T07:10:32.785+0000] {logging_mixin.py:190} INFO - [2025-03-04T07:10:32.785+0000] {dagbag.py:588} INFO - Filling up the DagBag from /home/airflow/.local/lib/python3.12/site-packages/airflow/example_dags/example_task_group.py
[2025-03-04T07:10:32.795+0000] {processor.py:925} INFO - DAG(s) 'example_task_group' retrieved from /home/airflow/.local/lib/python3.12/site-packages/airflow/example_dags/example_task_group.py
[2025-03-04T07:10:32.815+0000] {logging_mixin.py:190} INFO - [2025-03-04T07:10:32.814+0000] {dag.py:3239} INFO - Sync 1 DAGs
[2025-03-04T07:10:32.830+0000] {logging_mixin.py:190} INFO - [2025-03-04T07:10:32.829+0000] {dag.py:4180} INFO - Setting next_dagrun for example_task_group to None, run_after=None
[2025-03-04T07:10:32.848+0000] {processor.py:208} INFO - Processing /home/airflow/.local/lib/python3.12/site-packages/airflow/example_dags/example_task_group.py took 0.071 seconds
[2025-03-04T07:11:03.067+0000] {processor.py:186} INFO - Started process (PID=2756) to work on /home/airflow/.local/lib/python3.12/site-packages/airflow/example_dags/example_task_group.py
[2025-03-04T07:11:03.074+0000] {processor.py:914} INFO - Processing file /home/airflow/.local/lib/python3.12/site-packages/airflow/example_dags/example_task_group.py for tasks to queue
[2025-03-04T07:11:03.076+0000] {logging_mixin.py:190} INFO - [2025-03-04T07:11:03.076+0000] {dagbag.py:588} INFO - Filling up the DagBag from /home/airflow/.local/lib/python3.12/site-packages/airflow/example_dags/example_task_group.py
[2025-03-04T07:11:03.086+0000] {processor.py:925} INFO - DAG(s) 'example_task_group' retrieved from /home/airflow/.local/lib/python3.12/site-packages/airflow/example_dags/example_task_group.py
[2025-03-04T07:11:03.108+0000] {logging_mixin.py:190} INFO - [2025-03-04T07:11:03.108+0000] {dag.py:3239} INFO - Sync 1 DAGs
[2025-03-04T07:11:03.123+0000] {logging_mixin.py:190} INFO - [2025-03-04T07:11:03.123+0000] {dag.py:4180} INFO - Setting next_dagrun for example_task_group to None, run_after=None
[2025-03-04T07:11:03.143+0000] {processor.py:208} INFO - Processing /home/airflow/.local/lib/python3.12/site-packages/airflow/example_dags/example_task_group.py took 0.081 seconds
[2025-03-04T07:11:33.567+0000] {processor.py:186} INFO - Started process (PID=2830) to work on /home/airflow/.local/lib/python3.12/site-packages/airflow/example_dags/example_task_group.py
[2025-03-04T07:11:33.569+0000] {processor.py:914} INFO - Processing file /home/airflow/.local/lib/python3.12/site-packages/airflow/example_dags/example_task_group.py for tasks to queue
[2025-03-04T07:11:33.571+0000] {logging_mixin.py:190} INFO - [2025-03-04T07:11:33.571+0000] {dagbag.py:588} INFO - Filling up the DagBag from /home/airflow/.local/lib/python3.12/site-packages/airflow/example_dags/example_task_group.py
[2025-03-04T07:11:33.581+0000] {processor.py:925} INFO - DAG(s) 'example_task_group' retrieved from /home/airflow/.local/lib/python3.12/site-packages/airflow/example_dags/example_task_group.py
[2025-03-04T07:11:33.611+0000] {logging_mixin.py:190} INFO - [2025-03-04T07:11:33.610+0000] {dag.py:3239} INFO - Sync 1 DAGs
[2025-03-04T07:11:33.626+0000] {logging_mixin.py:190} INFO - [2025-03-04T07:11:33.626+0000] {dag.py:4180} INFO - Setting next_dagrun for example_task_group to None, run_after=None
[2025-03-04T07:11:33.648+0000] {processor.py:208} INFO - Processing /home/airflow/.local/lib/python3.12/site-packages/airflow/example_dags/example_task_group.py took 0.088 seconds
[2025-03-04T07:12:04.496+0000] {processor.py:186} INFO - Started process (PID=2910) to work on /home/airflow/.local/lib/python3.12/site-packages/airflow/example_dags/example_task_group.py
[2025-03-04T07:12:04.498+0000] {processor.py:914} INFO - Processing file /home/airflow/.local/lib/python3.12/site-packages/airflow/example_dags/example_task_group.py for tasks to queue
[2025-03-04T07:12:04.500+0000] {logging_mixin.py:190} INFO - [2025-03-04T07:12:04.500+0000] {dagbag.py:588} INFO - Filling up the DagBag from /home/airflow/.local/lib/python3.12/site-packages/airflow/example_dags/example_task_group.py
[2025-03-04T07:12:04.512+0000] {processor.py:925} INFO - DAG(s) 'example_task_group' retrieved from /home/airflow/.local/lib/python3.12/site-packages/airflow/example_dags/example_task_group.py
[2025-03-04T07:12:04.540+0000] {logging_mixin.py:190} INFO - [2025-03-04T07:12:04.539+0000] {dag.py:3239} INFO - Sync 1 DAGs
[2025-03-04T07:12:04.563+0000] {logging_mixin.py:190} INFO - [2025-03-04T07:12:04.563+0000] {dag.py:4180} INFO - Setting next_dagrun for example_task_group to None, run_after=None
[2025-03-04T07:12:04.589+0000] {processor.py:208} INFO - Processing /home/airflow/.local/lib/python3.12/site-packages/airflow/example_dags/example_task_group.py took 0.101 seconds
[2025-03-04T07:12:34.625+0000] {processor.py:186} INFO - Started process (PID=2984) to work on /home/airflow/.local/lib/python3.12/site-packages/airflow/example_dags/example_task_group.py
[2025-03-04T07:12:34.626+0000] {processor.py:914} INFO - Processing file /home/airflow/.local/lib/python3.12/site-packages/airflow/example_dags/example_task_group.py for tasks to queue
[2025-03-04T07:12:34.628+0000] {logging_mixin.py:190} INFO - [2025-03-04T07:12:34.627+0000] {dagbag.py:588} INFO - Filling up the DagBag from /home/airflow/.local/lib/python3.12/site-packages/airflow/example_dags/example_task_group.py
[2025-03-04T07:12:34.636+0000] {processor.py:925} INFO - DAG(s) 'example_task_group' retrieved from /home/airflow/.local/lib/python3.12/site-packages/airflow/example_dags/example_task_group.py
[2025-03-04T07:12:34.659+0000] {logging_mixin.py:190} INFO - [2025-03-04T07:12:34.658+0000] {dag.py:3239} INFO - Sync 1 DAGs
[2025-03-04T07:12:34.672+0000] {logging_mixin.py:190} INFO - [2025-03-04T07:12:34.671+0000] {dag.py:4180} INFO - Setting next_dagrun for example_task_group to None, run_after=None
[2025-03-04T07:12:34.690+0000] {processor.py:208} INFO - Processing /home/airflow/.local/lib/python3.12/site-packages/airflow/example_dags/example_task_group.py took 0.070 seconds
[2025-03-04T07:13:05.106+0000] {processor.py:186} INFO - Started process (PID=3057) to work on /home/airflow/.local/lib/python3.12/site-packages/airflow/example_dags/example_task_group.py
[2025-03-04T07:13:05.107+0000] {processor.py:914} INFO - Processing file /home/airflow/.local/lib/python3.12/site-packages/airflow/example_dags/example_task_group.py for tasks to queue
[2025-03-04T07:13:05.109+0000] {logging_mixin.py:190} INFO - [2025-03-04T07:13:05.108+0000] {dagbag.py:588} INFO - Filling up the DagBag from /home/airflow/.local/lib/python3.12/site-packages/airflow/example_dags/example_task_group.py
[2025-03-04T07:13:05.117+0000] {processor.py:925} INFO - DAG(s) 'example_task_group' retrieved from /home/airflow/.local/lib/python3.12/site-packages/airflow/example_dags/example_task_group.py
[2025-03-04T07:13:05.149+0000] {logging_mixin.py:190} INFO - [2025-03-04T07:13:05.149+0000] {dag.py:3239} INFO - Sync 1 DAGs
[2025-03-04T07:13:05.168+0000] {logging_mixin.py:190} INFO - [2025-03-04T07:13:05.168+0000] {dag.py:4180} INFO - Setting next_dagrun for example_task_group to None, run_after=None
[2025-03-04T07:13:05.187+0000] {processor.py:208} INFO - Processing /home/airflow/.local/lib/python3.12/site-packages/airflow/example_dags/example_task_group.py took 0.086 seconds
[2025-03-04T07:13:35.501+0000] {processor.py:186} INFO - Started process (PID=3138) to work on /home/airflow/.local/lib/python3.12/site-packages/airflow/example_dags/example_task_group.py
[2025-03-04T07:13:35.502+0000] {processor.py:914} INFO - Processing file /home/airflow/.local/lib/python3.12/site-packages/airflow/example_dags/example_task_group.py for tasks to queue
[2025-03-04T07:13:35.503+0000] {logging_mixin.py:190} INFO - [2025-03-04T07:13:35.503+0000] {dagbag.py:588} INFO - Filling up the DagBag from /home/airflow/.local/lib/python3.12/site-packages/airflow/example_dags/example_task_group.py
[2025-03-04T07:13:35.509+0000] {processor.py:925} INFO - DAG(s) 'example_task_group' retrieved from /home/airflow/.local/lib/python3.12/site-packages/airflow/example_dags/example_task_group.py
[2025-03-04T07:13:35.525+0000] {logging_mixin.py:190} INFO - [2025-03-04T07:13:35.525+0000] {dag.py:3239} INFO - Sync 1 DAGs
[2025-03-04T07:13:35.536+0000] {logging_mixin.py:190} INFO - [2025-03-04T07:13:35.536+0000] {dag.py:4180} INFO - Setting next_dagrun for example_task_group to None, run_after=None
[2025-03-04T07:13:35.551+0000] {processor.py:208} INFO - Processing /home/airflow/.local/lib/python3.12/site-packages/airflow/example_dags/example_task_group.py took 0.054 seconds
[2025-03-04T07:14:06.234+0000] {processor.py:186} INFO - Started process (PID=3212) to work on /home/airflow/.local/lib/python3.12/site-packages/airflow/example_dags/example_task_group.py
[2025-03-04T07:14:06.239+0000] {processor.py:914} INFO - Processing file /home/airflow/.local/lib/python3.12/site-packages/airflow/example_dags/example_task_group.py for tasks to queue
[2025-03-04T07:14:06.270+0000] {logging_mixin.py:190} INFO - [2025-03-04T07:14:06.269+0000] {dagbag.py:588} INFO - Filling up the DagBag from /home/airflow/.local/lib/python3.12/site-packages/airflow/example_dags/example_task_group.py
[2025-03-04T07:14:06.286+0000] {processor.py:925} INFO - DAG(s) 'example_task_group' retrieved from /home/airflow/.local/lib/python3.12/site-packages/airflow/example_dags/example_task_group.py
[2025-03-04T07:14:06.318+0000] {logging_mixin.py:190} INFO - [2025-03-04T07:14:06.317+0000] {dag.py:3239} INFO - Sync 1 DAGs
[2025-03-04T07:14:06.343+0000] {logging_mixin.py:190} INFO - [2025-03-04T07:14:06.343+0000] {dag.py:4180} INFO - Setting next_dagrun for example_task_group to None, run_after=None
[2025-03-04T07:14:06.365+0000] {processor.py:208} INFO - Processing /home/airflow/.local/lib/python3.12/site-packages/airflow/example_dags/example_task_group.py took 0.137 seconds
[2025-03-04T07:14:36.635+0000] {processor.py:186} INFO - Started process (PID=3297) to work on /home/airflow/.local/lib/python3.12/site-packages/airflow/example_dags/example_task_group.py
[2025-03-04T07:14:36.638+0000] {processor.py:914} INFO - Processing file /home/airflow/.local/lib/python3.12/site-packages/airflow/example_dags/example_task_group.py for tasks to queue
[2025-03-04T07:14:36.642+0000] {logging_mixin.py:190} INFO - [2025-03-04T07:14:36.641+0000] {dagbag.py:588} INFO - Filling up the DagBag from /home/airflow/.local/lib/python3.12/site-packages/airflow/example_dags/example_task_group.py
[2025-03-04T07:14:36.658+0000] {processor.py:925} INFO - DAG(s) 'example_task_group' retrieved from /home/airflow/.local/lib/python3.12/site-packages/airflow/example_dags/example_task_group.py
[2025-03-04T07:14:36.705+0000] {logging_mixin.py:190} INFO - [2025-03-04T07:14:36.705+0000] {dag.py:3239} INFO - Sync 1 DAGs
[2025-03-04T07:14:36.765+0000] {logging_mixin.py:190} INFO - [2025-03-04T07:14:36.765+0000] {dag.py:4180} INFO - Setting next_dagrun for example_task_group to None, run_after=None
[2025-03-04T07:14:36.818+0000] {processor.py:208} INFO - Processing /home/airflow/.local/lib/python3.12/site-packages/airflow/example_dags/example_task_group.py took 0.198 seconds
[2025-03-04T07:15:07.437+0000] {processor.py:186} INFO - Started process (PID=3375) to work on /home/airflow/.local/lib/python3.12/site-packages/airflow/example_dags/example_task_group.py
[2025-03-04T07:15:07.439+0000] {processor.py:914} INFO - Processing file /home/airflow/.local/lib/python3.12/site-packages/airflow/example_dags/example_task_group.py for tasks to queue
[2025-03-04T07:15:07.440+0000] {logging_mixin.py:190} INFO - [2025-03-04T07:15:07.440+0000] {dagbag.py:588} INFO - Filling up the DagBag from /home/airflow/.local/lib/python3.12/site-packages/airflow/example_dags/example_task_group.py
[2025-03-04T07:15:07.447+0000] {processor.py:925} INFO - DAG(s) 'example_task_group' retrieved from /home/airflow/.local/lib/python3.12/site-packages/airflow/example_dags/example_task_group.py
[2025-03-04T07:15:07.465+0000] {logging_mixin.py:190} INFO - [2025-03-04T07:15:07.465+0000] {dag.py:3239} INFO - Sync 1 DAGs
[2025-03-04T07:15:07.490+0000] {logging_mixin.py:190} INFO - [2025-03-04T07:15:07.490+0000] {dag.py:4180} INFO - Setting next_dagrun for example_task_group to None, run_after=None
[2025-03-04T07:15:07.515+0000] {processor.py:208} INFO - Processing /home/airflow/.local/lib/python3.12/site-packages/airflow/example_dags/example_task_group.py took 0.082 seconds
[2025-03-04T07:15:38.243+0000] {processor.py:186} INFO - Started process (PID=3449) to work on /home/airflow/.local/lib/python3.12/site-packages/airflow/example_dags/example_task_group.py
[2025-03-04T07:15:38.245+0000] {processor.py:914} INFO - Processing file /home/airflow/.local/lib/python3.12/site-packages/airflow/example_dags/example_task_group.py for tasks to queue
[2025-03-04T07:15:38.249+0000] {logging_mixin.py:190} INFO - [2025-03-04T07:15:38.248+0000] {dagbag.py:588} INFO - Filling up the DagBag from /home/airflow/.local/lib/python3.12/site-packages/airflow/example_dags/example_task_group.py
[2025-03-04T07:15:38.256+0000] {processor.py:925} INFO - DAG(s) 'example_task_group' retrieved from /home/airflow/.local/lib/python3.12/site-packages/airflow/example_dags/example_task_group.py
[2025-03-04T07:15:38.275+0000] {logging_mixin.py:190} INFO - [2025-03-04T07:15:38.275+0000] {dag.py:3239} INFO - Sync 1 DAGs
[2025-03-04T07:15:38.289+0000] {logging_mixin.py:190} INFO - [2025-03-04T07:15:38.289+0000] {dag.py:4180} INFO - Setting next_dagrun for example_task_group to None, run_after=None
[2025-03-04T07:15:38.304+0000] {processor.py:208} INFO - Processing /home/airflow/.local/lib/python3.12/site-packages/airflow/example_dags/example_task_group.py took 0.067 seconds
[2025-03-04T07:16:08.853+0000] {processor.py:186} INFO - Started process (PID=3531) to work on /home/airflow/.local/lib/python3.12/site-packages/airflow/example_dags/example_task_group.py
[2025-03-04T07:16:08.855+0000] {processor.py:914} INFO - Processing file /home/airflow/.local/lib/python3.12/site-packages/airflow/example_dags/example_task_group.py for tasks to queue
[2025-03-04T07:16:08.856+0000] {logging_mixin.py:190} INFO - [2025-03-04T07:16:08.856+0000] {dagbag.py:588} INFO - Filling up the DagBag from /home/airflow/.local/lib/python3.12/site-packages/airflow/example_dags/example_task_group.py
[2025-03-04T07:16:08.866+0000] {processor.py:925} INFO - DAG(s) 'example_task_group' retrieved from /home/airflow/.local/lib/python3.12/site-packages/airflow/example_dags/example_task_group.py
[2025-03-04T07:16:08.883+0000] {logging_mixin.py:190} INFO - [2025-03-04T07:16:08.883+0000] {dag.py:3239} INFO - Sync 1 DAGs
[2025-03-04T07:16:08.896+0000] {logging_mixin.py:190} INFO - [2025-03-04T07:16:08.895+0000] {dag.py:4180} INFO - Setting next_dagrun for example_task_group to None, run_after=None
[2025-03-04T07:16:08.914+0000] {processor.py:208} INFO - Processing /home/airflow/.local/lib/python3.12/site-packages/airflow/example_dags/example_task_group.py took 0.066 seconds
[2025-03-04T07:16:39.592+0000] {processor.py:186} INFO - Started process (PID=3605) to work on /home/airflow/.local/lib/python3.12/site-packages/airflow/example_dags/example_task_group.py
[2025-03-04T07:16:39.593+0000] {processor.py:914} INFO - Processing file /home/airflow/.local/lib/python3.12/site-packages/airflow/example_dags/example_task_group.py for tasks to queue
[2025-03-04T07:16:39.594+0000] {logging_mixin.py:190} INFO - [2025-03-04T07:16:39.594+0000] {dagbag.py:588} INFO - Filling up the DagBag from /home/airflow/.local/lib/python3.12/site-packages/airflow/example_dags/example_task_group.py
[2025-03-04T07:16:39.602+0000] {processor.py:925} INFO - DAG(s) 'example_task_group' retrieved from /home/airflow/.local/lib/python3.12/site-packages/airflow/example_dags/example_task_group.py
[2025-03-04T07:16:39.620+0000] {logging_mixin.py:190} INFO - [2025-03-04T07:16:39.619+0000] {dag.py:3239} INFO - Sync 1 DAGs
[2025-03-04T07:16:39.633+0000] {logging_mixin.py:190} INFO - [2025-03-04T07:16:39.633+0000] {dag.py:4180} INFO - Setting next_dagrun for example_task_group to None, run_after=None
[2025-03-04T07:16:39.653+0000] {processor.py:208} INFO - Processing /home/airflow/.local/lib/python3.12/site-packages/airflow/example_dags/example_task_group.py took 0.067 seconds
[2025-03-04T07:17:09.846+0000] {processor.py:186} INFO - Started process (PID=3686) to work on /home/airflow/.local/lib/python3.12/site-packages/airflow/example_dags/example_task_group.py
[2025-03-04T07:17:09.847+0000] {processor.py:914} INFO - Processing file /home/airflow/.local/lib/python3.12/site-packages/airflow/example_dags/example_task_group.py for tasks to queue
[2025-03-04T07:17:09.848+0000] {logging_mixin.py:190} INFO - [2025-03-04T07:17:09.848+0000] {dagbag.py:588} INFO - Filling up the DagBag from /home/airflow/.local/lib/python3.12/site-packages/airflow/example_dags/example_task_group.py
[2025-03-04T07:17:09.857+0000] {processor.py:925} INFO - DAG(s) 'example_task_group' retrieved from /home/airflow/.local/lib/python3.12/site-packages/airflow/example_dags/example_task_group.py
[2025-03-04T07:17:09.876+0000] {logging_mixin.py:190} INFO - [2025-03-04T07:17:09.876+0000] {dag.py:3239} INFO - Sync 1 DAGs
[2025-03-04T07:17:09.891+0000] {logging_mixin.py:190} INFO - [2025-03-04T07:17:09.891+0000] {dag.py:4180} INFO - Setting next_dagrun for example_task_group to None, run_after=None
[2025-03-04T07:17:09.909+0000] {processor.py:208} INFO - Processing /home/airflow/.local/lib/python3.12/site-packages/airflow/example_dags/example_task_group.py took 0.068 seconds
[2025-03-04T07:17:40.551+0000] {processor.py:186} INFO - Started process (PID=3761) to work on /home/airflow/.local/lib/python3.12/site-packages/airflow/example_dags/example_task_group.py
[2025-03-04T07:17:40.552+0000] {processor.py:914} INFO - Processing file /home/airflow/.local/lib/python3.12/site-packages/airflow/example_dags/example_task_group.py for tasks to queue
[2025-03-04T07:17:40.553+0000] {logging_mixin.py:190} INFO - [2025-03-04T07:17:40.552+0000] {dagbag.py:588} INFO - Filling up the DagBag from /home/airflow/.local/lib/python3.12/site-packages/airflow/example_dags/example_task_group.py
[2025-03-04T07:17:40.560+0000] {processor.py:925} INFO - DAG(s) 'example_task_group' retrieved from /home/airflow/.local/lib/python3.12/site-packages/airflow/example_dags/example_task_group.py
[2025-03-04T07:17:40.576+0000] {logging_mixin.py:190} INFO - [2025-03-04T07:17:40.576+0000] {dag.py:3239} INFO - Sync 1 DAGs
[2025-03-04T07:17:40.587+0000] {logging_mixin.py:190} INFO - [2025-03-04T07:17:40.587+0000] {dag.py:4180} INFO - Setting next_dagrun for example_task_group to None, run_after=None
[2025-03-04T07:17:40.603+0000] {processor.py:208} INFO - Processing /home/airflow/.local/lib/python3.12/site-packages/airflow/example_dags/example_task_group.py took 0.057 seconds
[2025-03-04T07:18:11.315+0000] {processor.py:186} INFO - Started process (PID=3844) to work on /home/airflow/.local/lib/python3.12/site-packages/airflow/example_dags/example_task_group.py
[2025-03-04T07:18:11.317+0000] {processor.py:914} INFO - Processing file /home/airflow/.local/lib/python3.12/site-packages/airflow/example_dags/example_task_group.py for tasks to queue
[2025-03-04T07:18:11.318+0000] {logging_mixin.py:190} INFO - [2025-03-04T07:18:11.318+0000] {dagbag.py:588} INFO - Filling up the DagBag from /home/airflow/.local/lib/python3.12/site-packages/airflow/example_dags/example_task_group.py
[2025-03-04T07:18:11.327+0000] {processor.py:925} INFO - DAG(s) 'example_task_group' retrieved from /home/airflow/.local/lib/python3.12/site-packages/airflow/example_dags/example_task_group.py
[2025-03-04T07:18:11.347+0000] {logging_mixin.py:190} INFO - [2025-03-04T07:18:11.347+0000] {dag.py:3239} INFO - Sync 1 DAGs
[2025-03-04T07:18:11.360+0000] {logging_mixin.py:190} INFO - [2025-03-04T07:18:11.360+0000] {dag.py:4180} INFO - Setting next_dagrun for example_task_group to None, run_after=None
[2025-03-04T07:18:11.379+0000] {processor.py:208} INFO - Processing /home/airflow/.local/lib/python3.12/site-packages/airflow/example_dags/example_task_group.py took 0.070 seconds
[2025-03-04T07:18:41.559+0000] {processor.py:186} INFO - Started process (PID=3919) to work on /home/airflow/.local/lib/python3.12/site-packages/airflow/example_dags/example_task_group.py
[2025-03-04T07:18:41.560+0000] {processor.py:914} INFO - Processing file /home/airflow/.local/lib/python3.12/site-packages/airflow/example_dags/example_task_group.py for tasks to queue
[2025-03-04T07:18:41.562+0000] {logging_mixin.py:190} INFO - [2025-03-04T07:18:41.562+0000] {dagbag.py:588} INFO - Filling up the DagBag from /home/airflow/.local/lib/python3.12/site-packages/airflow/example_dags/example_task_group.py
[2025-03-04T07:18:41.569+0000] {processor.py:925} INFO - DAG(s) 'example_task_group' retrieved from /home/airflow/.local/lib/python3.12/site-packages/airflow/example_dags/example_task_group.py
[2025-03-04T07:18:41.583+0000] {logging_mixin.py:190} INFO - [2025-03-04T07:18:41.583+0000] {dag.py:3239} INFO - Sync 1 DAGs
[2025-03-04T07:18:41.595+0000] {logging_mixin.py:190} INFO - [2025-03-04T07:18:41.595+0000] {dag.py:4180} INFO - Setting next_dagrun for example_task_group to None, run_after=None
[2025-03-04T07:18:41.612+0000] {processor.py:208} INFO - Processing /home/airflow/.local/lib/python3.12/site-packages/airflow/example_dags/example_task_group.py took 0.057 seconds
