[2025-03-04T06:53:41.233+0000] {processor.py:186} INFO - Started process (PID=73) to work on /home/airflow/.local/lib/python3.12/site-packages/airflow/example_dags/example_inlet_event_extra.py
[2025-03-04T06:53:41.238+0000] {processor.py:914} INFO - Processing file /home/airflow/.local/lib/python3.12/site-packages/airflow/example_dags/example_inlet_event_extra.py for tasks to queue
[2025-03-04T06:53:41.250+0000] {logging_mixin.py:190} INFO - [2025-03-04T06:53:41.249+0000] {dagbag.py:588} INFO - Filling up the DagBag from /home/airflow/.local/lib/python3.12/site-packages/airflow/example_dags/example_inlet_event_extra.py
[2025-03-04T06:53:43.896+0000] {processor.py:925} INFO - DAG(s) 'read_dataset_event_from_classic', 'read_dataset_event' retrieved from /home/airflow/.local/lib/python3.12/site-packages/airflow/example_dags/example_inlet_event_extra.py
[2025-03-04T06:53:44.061+0000] {logging_mixin.py:190} INFO - [2025-03-04T06:53:44.060+0000] {override.py:1912} INFO - Created Permission View: can read on DAG:read_dataset_event_from_classic
[2025-03-04T06:53:44.078+0000] {logging_mixin.py:190} INFO - [2025-03-04T06:53:44.078+0000] {override.py:1912} INFO - Created Permission View: can edit on DAG:read_dataset_event_from_classic
[2025-03-04T06:53:44.092+0000] {logging_mixin.py:190} INFO - [2025-03-04T06:53:44.091+0000] {override.py:1912} INFO - Created Permission View: can delete on DAG:read_dataset_event_from_classic
[2025-03-04T06:53:44.107+0000] {logging_mixin.py:190} INFO - [2025-03-04T06:53:44.106+0000] {override.py:1912} INFO - Created Permission View: menu access on DAG Run:read_dataset_event_from_classic
[2025-03-04T06:53:44.118+0000] {logging_mixin.py:190} INFO - [2025-03-04T06:53:44.117+0000] {override.py:1912} INFO - Created Permission View: can read on DAG Run:read_dataset_event_from_classic
[2025-03-04T06:53:44.129+0000] {logging_mixin.py:190} INFO - [2025-03-04T06:53:44.128+0000] {override.py:1912} INFO - Created Permission View: can delete on DAG Run:read_dataset_event_from_classic
[2025-03-04T06:53:44.140+0000] {logging_mixin.py:190} INFO - [2025-03-04T06:53:44.139+0000] {override.py:1912} INFO - Created Permission View: can create on DAG Run:read_dataset_event_from_classic
[2025-03-04T06:53:44.162+0000] {logging_mixin.py:190} INFO - [2025-03-04T06:53:44.162+0000] {override.py:1912} INFO - Created Permission View: can read on DAG:read_dataset_event
[2025-03-04T06:53:44.175+0000] {logging_mixin.py:190} INFO - [2025-03-04T06:53:44.174+0000] {override.py:1912} INFO - Created Permission View: can edit on DAG:read_dataset_event
[2025-03-04T06:53:44.189+0000] {logging_mixin.py:190} INFO - [2025-03-04T06:53:44.189+0000] {override.py:1912} INFO - Created Permission View: can delete on DAG:read_dataset_event
[2025-03-04T06:53:44.204+0000] {logging_mixin.py:190} INFO - [2025-03-04T06:53:44.204+0000] {override.py:1912} INFO - Created Permission View: menu access on DAG Run:read_dataset_event
[2025-03-04T06:53:44.219+0000] {logging_mixin.py:190} INFO - [2025-03-04T06:53:44.218+0000] {override.py:1912} INFO - Created Permission View: can read on DAG Run:read_dataset_event
[2025-03-04T06:53:44.231+0000] {logging_mixin.py:190} INFO - [2025-03-04T06:53:44.231+0000] {override.py:1912} INFO - Created Permission View: can delete on DAG Run:read_dataset_event
[2025-03-04T06:53:44.244+0000] {logging_mixin.py:190} INFO - [2025-03-04T06:53:44.243+0000] {override.py:1912} INFO - Created Permission View: can create on DAG Run:read_dataset_event
[2025-03-04T06:53:44.245+0000] {logging_mixin.py:190} INFO - [2025-03-04T06:53:44.244+0000] {dag.py:3239} INFO - Sync 2 DAGs
[2025-03-04T06:53:44.262+0000] {logging_mixin.py:190} INFO - [2025-03-04T06:53:44.262+0000] {dag.py:3262} INFO - Creating ORM DAG for read_dataset_event_from_classic
[2025-03-04T06:53:44.264+0000] {logging_mixin.py:190} INFO - [2025-03-04T06:53:44.264+0000] {dag.py:3262} INFO - Creating ORM DAG for read_dataset_event
[2025-03-04T06:53:44.280+0000] {logging_mixin.py:190} INFO - [2025-03-04T06:53:44.279+0000] {dag.py:4180} INFO - Setting next_dagrun for read_dataset_event to 2025-03-03 00:00:00+00:00, run_after=2025-03-04 00:00:00+00:00
[2025-03-04T06:53:44.282+0000] {logging_mixin.py:190} INFO - [2025-03-04T06:53:44.282+0000] {dag.py:4180} INFO - Setting next_dagrun for read_dataset_event_from_classic to 2025-03-03 00:00:00+00:00, run_after=2025-03-04 00:00:00+00:00
[2025-03-04T06:53:44.309+0000] {processor.py:208} INFO - Processing /home/airflow/.local/lib/python3.12/site-packages/airflow/example_dags/example_inlet_event_extra.py took 3.107 seconds
[2025-03-04T06:54:14.603+0000] {processor.py:186} INFO - Started process (PID=152) to work on /home/airflow/.local/lib/python3.12/site-packages/airflow/example_dags/example_inlet_event_extra.py
[2025-03-04T06:54:14.605+0000] {processor.py:914} INFO - Processing file /home/airflow/.local/lib/python3.12/site-packages/airflow/example_dags/example_inlet_event_extra.py for tasks to queue
[2025-03-04T06:54:14.608+0000] {logging_mixin.py:190} INFO - [2025-03-04T06:54:14.608+0000] {dagbag.py:588} INFO - Filling up the DagBag from /home/airflow/.local/lib/python3.12/site-packages/airflow/example_dags/example_inlet_event_extra.py
[2025-03-04T06:54:15.193+0000] {processor.py:925} INFO - DAG(s) 'read_dataset_event_from_classic', 'read_dataset_event' retrieved from /home/airflow/.local/lib/python3.12/site-packages/airflow/example_dags/example_inlet_event_extra.py
[2025-03-04T06:54:15.209+0000] {logging_mixin.py:190} INFO - [2025-03-04T06:54:15.209+0000] {dag.py:3239} INFO - Sync 2 DAGs
[2025-03-04T06:54:15.225+0000] {logging_mixin.py:190} INFO - [2025-03-04T06:54:15.225+0000] {dag.py:4180} INFO - Setting next_dagrun for read_dataset_event to 2025-03-03 00:00:00+00:00, run_after=2025-03-04 00:00:00+00:00
[2025-03-04T06:54:15.229+0000] {logging_mixin.py:190} INFO - [2025-03-04T06:54:15.229+0000] {dag.py:4180} INFO - Setting next_dagrun for read_dataset_event_from_classic to 2025-03-03 00:00:00+00:00, run_after=2025-03-04 00:00:00+00:00
[2025-03-04T06:54:15.249+0000] {processor.py:208} INFO - Processing /home/airflow/.local/lib/python3.12/site-packages/airflow/example_dags/example_inlet_event_extra.py took 0.652 seconds
[2025-03-04T06:54:45.354+0000] {processor.py:186} INFO - Started process (PID=239) to work on /home/airflow/.local/lib/python3.12/site-packages/airflow/example_dags/example_inlet_event_extra.py
[2025-03-04T06:54:45.355+0000] {processor.py:914} INFO - Processing file /home/airflow/.local/lib/python3.12/site-packages/airflow/example_dags/example_inlet_event_extra.py for tasks to queue
[2025-03-04T06:54:45.358+0000] {logging_mixin.py:190} INFO - [2025-03-04T06:54:45.358+0000] {dagbag.py:588} INFO - Filling up the DagBag from /home/airflow/.local/lib/python3.12/site-packages/airflow/example_dags/example_inlet_event_extra.py
[2025-03-04T06:54:45.844+0000] {processor.py:925} INFO - DAG(s) 'read_dataset_event', 'read_dataset_event_from_classic' retrieved from /home/airflow/.local/lib/python3.12/site-packages/airflow/example_dags/example_inlet_event_extra.py
[2025-03-04T06:54:45.862+0000] {logging_mixin.py:190} INFO - [2025-03-04T06:54:45.862+0000] {dag.py:3239} INFO - Sync 2 DAGs
[2025-03-04T06:54:45.880+0000] {logging_mixin.py:190} INFO - [2025-03-04T06:54:45.880+0000] {dag.py:4180} INFO - Setting next_dagrun for read_dataset_event to 2025-03-03 00:00:00+00:00, run_after=2025-03-04 00:00:00+00:00
[2025-03-04T06:54:45.884+0000] {logging_mixin.py:190} INFO - [2025-03-04T06:54:45.884+0000] {dag.py:4180} INFO - Setting next_dagrun for read_dataset_event_from_classic to 2025-03-03 00:00:00+00:00, run_after=2025-03-04 00:00:00+00:00
[2025-03-04T06:54:45.901+0000] {processor.py:208} INFO - Processing /home/airflow/.local/lib/python3.12/site-packages/airflow/example_dags/example_inlet_event_extra.py took 0.552 seconds
[2025-03-04T06:55:16.713+0000] {processor.py:186} INFO - Started process (PID=313) to work on /home/airflow/.local/lib/python3.12/site-packages/airflow/example_dags/example_inlet_event_extra.py
[2025-03-04T06:55:16.715+0000] {processor.py:914} INFO - Processing file /home/airflow/.local/lib/python3.12/site-packages/airflow/example_dags/example_inlet_event_extra.py for tasks to queue
[2025-03-04T06:55:16.717+0000] {logging_mixin.py:190} INFO - [2025-03-04T06:55:16.717+0000] {dagbag.py:588} INFO - Filling up the DagBag from /home/airflow/.local/lib/python3.12/site-packages/airflow/example_dags/example_inlet_event_extra.py
[2025-03-04T06:55:17.156+0000] {processor.py:925} INFO - DAG(s) 'read_dataset_event', 'read_dataset_event_from_classic' retrieved from /home/airflow/.local/lib/python3.12/site-packages/airflow/example_dags/example_inlet_event_extra.py
[2025-03-04T06:55:17.172+0000] {logging_mixin.py:190} INFO - [2025-03-04T06:55:17.172+0000] {dag.py:3239} INFO - Sync 2 DAGs
[2025-03-04T06:55:17.190+0000] {logging_mixin.py:190} INFO - [2025-03-04T06:55:17.189+0000] {dag.py:4180} INFO - Setting next_dagrun for read_dataset_event to 2025-03-03 00:00:00+00:00, run_after=2025-03-04 00:00:00+00:00
[2025-03-04T06:55:17.193+0000] {logging_mixin.py:190} INFO - [2025-03-04T06:55:17.193+0000] {dag.py:4180} INFO - Setting next_dagrun for read_dataset_event_from_classic to 2025-03-03 00:00:00+00:00, run_after=2025-03-04 00:00:00+00:00
[2025-03-04T06:55:17.207+0000] {processor.py:208} INFO - Processing /home/airflow/.local/lib/python3.12/site-packages/airflow/example_dags/example_inlet_event_extra.py took 0.498 seconds
[2025-03-04T06:55:48.016+0000] {processor.py:186} INFO - Started process (PID=397) to work on /home/airflow/.local/lib/python3.12/site-packages/airflow/example_dags/example_inlet_event_extra.py
[2025-03-04T06:55:48.022+0000] {processor.py:914} INFO - Processing file /home/airflow/.local/lib/python3.12/site-packages/airflow/example_dags/example_inlet_event_extra.py for tasks to queue
[2025-03-04T06:55:48.028+0000] {logging_mixin.py:190} INFO - [2025-03-04T06:55:48.027+0000] {dagbag.py:588} INFO - Filling up the DagBag from /home/airflow/.local/lib/python3.12/site-packages/airflow/example_dags/example_inlet_event_extra.py
[2025-03-04T06:55:48.448+0000] {processor.py:925} INFO - DAG(s) 'read_dataset_event', 'read_dataset_event_from_classic' retrieved from /home/airflow/.local/lib/python3.12/site-packages/airflow/example_dags/example_inlet_event_extra.py
[2025-03-04T06:55:48.461+0000] {logging_mixin.py:190} INFO - [2025-03-04T06:55:48.461+0000] {dag.py:3239} INFO - Sync 2 DAGs
[2025-03-04T06:55:48.477+0000] {logging_mixin.py:190} INFO - [2025-03-04T06:55:48.477+0000] {dag.py:4180} INFO - Setting next_dagrun for read_dataset_event to 2025-03-03 00:00:00+00:00, run_after=2025-03-04 00:00:00+00:00
[2025-03-04T06:55:48.481+0000] {logging_mixin.py:190} INFO - [2025-03-04T06:55:48.481+0000] {dag.py:4180} INFO - Setting next_dagrun for read_dataset_event_from_classic to 2025-03-03 00:00:00+00:00, run_after=2025-03-04 00:00:00+00:00
[2025-03-04T06:55:48.494+0000] {processor.py:208} INFO - Processing /home/airflow/.local/lib/python3.12/site-packages/airflow/example_dags/example_inlet_event_extra.py took 0.484 seconds
[2025-03-04T06:56:18.855+0000] {processor.py:186} INFO - Started process (PID=472) to work on /home/airflow/.local/lib/python3.12/site-packages/airflow/example_dags/example_inlet_event_extra.py
[2025-03-04T06:56:18.856+0000] {processor.py:914} INFO - Processing file /home/airflow/.local/lib/python3.12/site-packages/airflow/example_dags/example_inlet_event_extra.py for tasks to queue
[2025-03-04T06:56:18.858+0000] {logging_mixin.py:190} INFO - [2025-03-04T06:56:18.858+0000] {dagbag.py:588} INFO - Filling up the DagBag from /home/airflow/.local/lib/python3.12/site-packages/airflow/example_dags/example_inlet_event_extra.py
[2025-03-04T06:56:19.340+0000] {processor.py:925} INFO - DAG(s) 'read_dataset_event_from_classic', 'read_dataset_event' retrieved from /home/airflow/.local/lib/python3.12/site-packages/airflow/example_dags/example_inlet_event_extra.py
[2025-03-04T06:56:19.356+0000] {logging_mixin.py:190} INFO - [2025-03-04T06:56:19.356+0000] {dag.py:3239} INFO - Sync 2 DAGs
[2025-03-04T06:56:19.375+0000] {logging_mixin.py:190} INFO - [2025-03-04T06:56:19.374+0000] {dag.py:4180} INFO - Setting next_dagrun for read_dataset_event to 2025-03-03 00:00:00+00:00, run_after=2025-03-04 00:00:00+00:00
[2025-03-04T06:56:19.379+0000] {logging_mixin.py:190} INFO - [2025-03-04T06:56:19.379+0000] {dag.py:4180} INFO - Setting next_dagrun for read_dataset_event_from_classic to 2025-03-03 00:00:00+00:00, run_after=2025-03-04 00:00:00+00:00
[2025-03-04T06:56:19.392+0000] {processor.py:208} INFO - Processing /home/airflow/.local/lib/python3.12/site-packages/airflow/example_dags/example_inlet_event_extra.py took 0.542 seconds
[2025-03-04T06:56:49.745+0000] {processor.py:186} INFO - Started process (PID=555) to work on /home/airflow/.local/lib/python3.12/site-packages/airflow/example_dags/example_inlet_event_extra.py
[2025-03-04T06:56:49.747+0000] {processor.py:914} INFO - Processing file /home/airflow/.local/lib/python3.12/site-packages/airflow/example_dags/example_inlet_event_extra.py for tasks to queue
[2025-03-04T06:56:49.752+0000] {logging_mixin.py:190} INFO - [2025-03-04T06:56:49.751+0000] {dagbag.py:588} INFO - Filling up the DagBag from /home/airflow/.local/lib/python3.12/site-packages/airflow/example_dags/example_inlet_event_extra.py
[2025-03-04T06:56:50.422+0000] {processor.py:925} INFO - DAG(s) 'read_dataset_event_from_classic', 'read_dataset_event' retrieved from /home/airflow/.local/lib/python3.12/site-packages/airflow/example_dags/example_inlet_event_extra.py
[2025-03-04T06:56:50.442+0000] {logging_mixin.py:190} INFO - [2025-03-04T06:56:50.442+0000] {dag.py:3239} INFO - Sync 2 DAGs
[2025-03-04T06:56:50.467+0000] {logging_mixin.py:190} INFO - [2025-03-04T06:56:50.466+0000] {dag.py:4180} INFO - Setting next_dagrun for read_dataset_event to 2025-03-03 00:00:00+00:00, run_after=2025-03-04 00:00:00+00:00
[2025-03-04T06:56:50.472+0000] {logging_mixin.py:190} INFO - [2025-03-04T06:56:50.472+0000] {dag.py:4180} INFO - Setting next_dagrun for read_dataset_event_from_classic to 2025-03-03 00:00:00+00:00, run_after=2025-03-04 00:00:00+00:00
[2025-03-04T06:56:50.489+0000] {processor.py:208} INFO - Processing /home/airflow/.local/lib/python3.12/site-packages/airflow/example_dags/example_inlet_event_extra.py took 0.756 seconds
[2025-03-04T06:57:21.261+0000] {processor.py:186} INFO - Started process (PID=632) to work on /home/airflow/.local/lib/python3.12/site-packages/airflow/example_dags/example_inlet_event_extra.py
[2025-03-04T06:57:21.263+0000] {processor.py:914} INFO - Processing file /home/airflow/.local/lib/python3.12/site-packages/airflow/example_dags/example_inlet_event_extra.py for tasks to queue
[2025-03-04T06:57:21.265+0000] {logging_mixin.py:190} INFO - [2025-03-04T06:57:21.265+0000] {dagbag.py:588} INFO - Filling up the DagBag from /home/airflow/.local/lib/python3.12/site-packages/airflow/example_dags/example_inlet_event_extra.py
[2025-03-04T06:57:21.722+0000] {processor.py:925} INFO - DAG(s) 'read_dataset_event', 'read_dataset_event_from_classic' retrieved from /home/airflow/.local/lib/python3.12/site-packages/airflow/example_dags/example_inlet_event_extra.py
[2025-03-04T06:57:21.738+0000] {logging_mixin.py:190} INFO - [2025-03-04T06:57:21.738+0000] {dag.py:3239} INFO - Sync 2 DAGs
[2025-03-04T06:57:21.759+0000] {logging_mixin.py:190} INFO - [2025-03-04T06:57:21.759+0000] {dag.py:4180} INFO - Setting next_dagrun for read_dataset_event to 2025-03-03 00:00:00+00:00, run_after=2025-03-04 00:00:00+00:00
[2025-03-04T06:57:21.765+0000] {logging_mixin.py:190} INFO - [2025-03-04T06:57:21.765+0000] {dag.py:4180} INFO - Setting next_dagrun for read_dataset_event_from_classic to 2025-03-03 00:00:00+00:00, run_after=2025-03-04 00:00:00+00:00
[2025-03-04T06:57:21.777+0000] {processor.py:208} INFO - Processing /home/airflow/.local/lib/python3.12/site-packages/airflow/example_dags/example_inlet_event_extra.py took 0.521 seconds
[2025-03-04T06:57:52.381+0000] {processor.py:186} INFO - Started process (PID=714) to work on /home/airflow/.local/lib/python3.12/site-packages/airflow/example_dags/example_inlet_event_extra.py
[2025-03-04T06:57:52.383+0000] {processor.py:914} INFO - Processing file /home/airflow/.local/lib/python3.12/site-packages/airflow/example_dags/example_inlet_event_extra.py for tasks to queue
[2025-03-04T06:57:52.385+0000] {logging_mixin.py:190} INFO - [2025-03-04T06:57:52.385+0000] {dagbag.py:588} INFO - Filling up the DagBag from /home/airflow/.local/lib/python3.12/site-packages/airflow/example_dags/example_inlet_event_extra.py
[2025-03-04T06:57:53.061+0000] {processor.py:925} INFO - DAG(s) 'read_dataset_event', 'read_dataset_event_from_classic' retrieved from /home/airflow/.local/lib/python3.12/site-packages/airflow/example_dags/example_inlet_event_extra.py
[2025-03-04T06:57:53.085+0000] {logging_mixin.py:190} INFO - [2025-03-04T06:57:53.084+0000] {dag.py:3239} INFO - Sync 2 DAGs
[2025-03-04T06:57:53.114+0000] {logging_mixin.py:190} INFO - [2025-03-04T06:57:53.113+0000] {dag.py:4180} INFO - Setting next_dagrun for read_dataset_event to 2025-03-03 00:00:00+00:00, run_after=2025-03-04 00:00:00+00:00
[2025-03-04T06:57:53.120+0000] {logging_mixin.py:190} INFO - [2025-03-04T06:57:53.120+0000] {dag.py:4180} INFO - Setting next_dagrun for read_dataset_event_from_classic to 2025-03-03 00:00:00+00:00, run_after=2025-03-04 00:00:00+00:00
[2025-03-04T06:57:53.137+0000] {processor.py:208} INFO - Processing /home/airflow/.local/lib/python3.12/site-packages/airflow/example_dags/example_inlet_event_extra.py took 0.763 seconds
[2025-03-04T06:58:23.229+0000] {processor.py:186} INFO - Started process (PID=793) to work on /home/airflow/.local/lib/python3.12/site-packages/airflow/example_dags/example_inlet_event_extra.py
[2025-03-04T06:58:23.231+0000] {processor.py:914} INFO - Processing file /home/airflow/.local/lib/python3.12/site-packages/airflow/example_dags/example_inlet_event_extra.py for tasks to queue
[2025-03-04T06:58:23.234+0000] {logging_mixin.py:190} INFO - [2025-03-04T06:58:23.233+0000] {dagbag.py:588} INFO - Filling up the DagBag from /home/airflow/.local/lib/python3.12/site-packages/airflow/example_dags/example_inlet_event_extra.py
[2025-03-04T06:58:23.692+0000] {processor.py:925} INFO - DAG(s) 'read_dataset_event_from_classic', 'read_dataset_event' retrieved from /home/airflow/.local/lib/python3.12/site-packages/airflow/example_dags/example_inlet_event_extra.py
[2025-03-04T06:58:23.710+0000] {logging_mixin.py:190} INFO - [2025-03-04T06:58:23.710+0000] {dag.py:3239} INFO - Sync 2 DAGs
[2025-03-04T06:58:23.729+0000] {logging_mixin.py:190} INFO - [2025-03-04T06:58:23.729+0000] {dag.py:4180} INFO - Setting next_dagrun for read_dataset_event to 2025-03-03 00:00:00+00:00, run_after=2025-03-04 00:00:00+00:00
[2025-03-04T06:58:23.733+0000] {logging_mixin.py:190} INFO - [2025-03-04T06:58:23.733+0000] {dag.py:4180} INFO - Setting next_dagrun for read_dataset_event_from_classic to 2025-03-03 00:00:00+00:00, run_after=2025-03-04 00:00:00+00:00
[2025-03-04T06:58:23.747+0000] {processor.py:208} INFO - Processing /home/airflow/.local/lib/python3.12/site-packages/airflow/example_dags/example_inlet_event_extra.py took 0.525 seconds
[2025-03-04T06:58:53.871+0000] {processor.py:186} INFO - Started process (PID=872) to work on /home/airflow/.local/lib/python3.12/site-packages/airflow/example_dags/example_inlet_event_extra.py
[2025-03-04T06:58:53.873+0000] {processor.py:914} INFO - Processing file /home/airflow/.local/lib/python3.12/site-packages/airflow/example_dags/example_inlet_event_extra.py for tasks to queue
[2025-03-04T06:58:53.876+0000] {logging_mixin.py:190} INFO - [2025-03-04T06:58:53.875+0000] {dagbag.py:588} INFO - Filling up the DagBag from /home/airflow/.local/lib/python3.12/site-packages/airflow/example_dags/example_inlet_event_extra.py
[2025-03-04T06:58:54.488+0000] {processor.py:925} INFO - DAG(s) 'read_dataset_event', 'read_dataset_event_from_classic' retrieved from /home/airflow/.local/lib/python3.12/site-packages/airflow/example_dags/example_inlet_event_extra.py
[2025-03-04T06:58:54.516+0000] {logging_mixin.py:190} INFO - [2025-03-04T06:58:54.516+0000] {dag.py:3239} INFO - Sync 2 DAGs
[2025-03-04T06:58:54.553+0000] {logging_mixin.py:190} INFO - [2025-03-04T06:58:54.553+0000] {dag.py:4180} INFO - Setting next_dagrun for read_dataset_event to 2025-03-03 00:00:00+00:00, run_after=2025-03-04 00:00:00+00:00
[2025-03-04T06:58:54.560+0000] {logging_mixin.py:190} INFO - [2025-03-04T06:58:54.559+0000] {dag.py:4180} INFO - Setting next_dagrun for read_dataset_event_from_classic to 2025-03-03 00:00:00+00:00, run_after=2025-03-04 00:00:00+00:00
[2025-03-04T06:58:54.585+0000] {processor.py:208} INFO - Processing /home/airflow/.local/lib/python3.12/site-packages/airflow/example_dags/example_inlet_event_extra.py took 0.719 seconds
[2025-03-04T06:59:25.136+0000] {processor.py:186} INFO - Started process (PID=957) to work on /home/airflow/.local/lib/python3.12/site-packages/airflow/example_dags/example_inlet_event_extra.py
[2025-03-04T06:59:25.137+0000] {processor.py:914} INFO - Processing file /home/airflow/.local/lib/python3.12/site-packages/airflow/example_dags/example_inlet_event_extra.py for tasks to queue
[2025-03-04T06:59:25.139+0000] {logging_mixin.py:190} INFO - [2025-03-04T06:59:25.139+0000] {dagbag.py:588} INFO - Filling up the DagBag from /home/airflow/.local/lib/python3.12/site-packages/airflow/example_dags/example_inlet_event_extra.py
[2025-03-04T06:59:25.597+0000] {processor.py:925} INFO - DAG(s) 'read_dataset_event_from_classic', 'read_dataset_event' retrieved from /home/airflow/.local/lib/python3.12/site-packages/airflow/example_dags/example_inlet_event_extra.py
[2025-03-04T06:59:25.612+0000] {logging_mixin.py:190} INFO - [2025-03-04T06:59:25.612+0000] {dag.py:3239} INFO - Sync 2 DAGs
[2025-03-04T06:59:25.630+0000] {logging_mixin.py:190} INFO - [2025-03-04T06:59:25.630+0000] {dag.py:4180} INFO - Setting next_dagrun for read_dataset_event to 2025-03-03 00:00:00+00:00, run_after=2025-03-04 00:00:00+00:00
[2025-03-04T06:59:25.635+0000] {logging_mixin.py:190} INFO - [2025-03-04T06:59:25.634+0000] {dag.py:4180} INFO - Setting next_dagrun for read_dataset_event_from_classic to 2025-03-03 00:00:00+00:00, run_after=2025-03-04 00:00:00+00:00
[2025-03-04T06:59:25.647+0000] {processor.py:208} INFO - Processing /home/airflow/.local/lib/python3.12/site-packages/airflow/example_dags/example_inlet_event_extra.py took 0.516 seconds
[2025-03-04T06:59:56.027+0000] {processor.py:186} INFO - Started process (PID=1033) to work on /home/airflow/.local/lib/python3.12/site-packages/airflow/example_dags/example_inlet_event_extra.py
[2025-03-04T06:59:56.028+0000] {processor.py:914} INFO - Processing file /home/airflow/.local/lib/python3.12/site-packages/airflow/example_dags/example_inlet_event_extra.py for tasks to queue
[2025-03-04T06:59:56.031+0000] {logging_mixin.py:190} INFO - [2025-03-04T06:59:56.031+0000] {dagbag.py:588} INFO - Filling up the DagBag from /home/airflow/.local/lib/python3.12/site-packages/airflow/example_dags/example_inlet_event_extra.py
[2025-03-04T06:59:56.525+0000] {processor.py:925} INFO - DAG(s) 'read_dataset_event', 'read_dataset_event_from_classic' retrieved from /home/airflow/.local/lib/python3.12/site-packages/airflow/example_dags/example_inlet_event_extra.py
[2025-03-04T06:59:56.544+0000] {logging_mixin.py:190} INFO - [2025-03-04T06:59:56.544+0000] {dag.py:3239} INFO - Sync 2 DAGs
[2025-03-04T06:59:56.565+0000] {logging_mixin.py:190} INFO - [2025-03-04T06:59:56.565+0000] {dag.py:4180} INFO - Setting next_dagrun for read_dataset_event to 2025-03-03 00:00:00+00:00, run_after=2025-03-04 00:00:00+00:00
[2025-03-04T06:59:56.570+0000] {logging_mixin.py:190} INFO - [2025-03-04T06:59:56.570+0000] {dag.py:4180} INFO - Setting next_dagrun for read_dataset_event_from_classic to 2025-03-03 00:00:00+00:00, run_after=2025-03-04 00:00:00+00:00
[2025-03-04T06:59:56.586+0000] {processor.py:208} INFO - Processing /home/airflow/.local/lib/python3.12/site-packages/airflow/example_dags/example_inlet_event_extra.py took 0.564 seconds
[2025-03-04T07:00:26.672+0000] {processor.py:186} INFO - Started process (PID=1117) to work on /home/airflow/.local/lib/python3.12/site-packages/airflow/example_dags/example_inlet_event_extra.py
[2025-03-04T07:00:26.673+0000] {processor.py:914} INFO - Processing file /home/airflow/.local/lib/python3.12/site-packages/airflow/example_dags/example_inlet_event_extra.py for tasks to queue
[2025-03-04T07:00:26.675+0000] {logging_mixin.py:190} INFO - [2025-03-04T07:00:26.675+0000] {dagbag.py:588} INFO - Filling up the DagBag from /home/airflow/.local/lib/python3.12/site-packages/airflow/example_dags/example_inlet_event_extra.py
[2025-03-04T07:00:27.118+0000] {processor.py:925} INFO - DAG(s) 'read_dataset_event', 'read_dataset_event_from_classic' retrieved from /home/airflow/.local/lib/python3.12/site-packages/airflow/example_dags/example_inlet_event_extra.py
[2025-03-04T07:00:27.138+0000] {logging_mixin.py:190} INFO - [2025-03-04T07:00:27.138+0000] {dag.py:3239} INFO - Sync 2 DAGs
[2025-03-04T07:00:27.160+0000] {logging_mixin.py:190} INFO - [2025-03-04T07:00:27.160+0000] {dag.py:4180} INFO - Setting next_dagrun for read_dataset_event to 2025-03-03 00:00:00+00:00, run_after=2025-03-04 00:00:00+00:00
[2025-03-04T07:00:27.167+0000] {logging_mixin.py:190} INFO - [2025-03-04T07:00:27.166+0000] {dag.py:4180} INFO - Setting next_dagrun for read_dataset_event_from_classic to 2025-03-03 00:00:00+00:00, run_after=2025-03-04 00:00:00+00:00
[2025-03-04T07:00:27.182+0000] {processor.py:208} INFO - Processing /home/airflow/.local/lib/python3.12/site-packages/airflow/example_dags/example_inlet_event_extra.py took 0.515 seconds
[2025-03-04T07:00:57.537+0000] {processor.py:186} INFO - Started process (PID=1200) to work on /home/airflow/.local/lib/python3.12/site-packages/airflow/example_dags/example_inlet_event_extra.py
[2025-03-04T07:00:57.538+0000] {processor.py:914} INFO - Processing file /home/airflow/.local/lib/python3.12/site-packages/airflow/example_dags/example_inlet_event_extra.py for tasks to queue
[2025-03-04T07:00:57.540+0000] {logging_mixin.py:190} INFO - [2025-03-04T07:00:57.539+0000] {dagbag.py:588} INFO - Filling up the DagBag from /home/airflow/.local/lib/python3.12/site-packages/airflow/example_dags/example_inlet_event_extra.py
[2025-03-04T07:00:58.025+0000] {processor.py:925} INFO - DAG(s) 'read_dataset_event_from_classic', 'read_dataset_event' retrieved from /home/airflow/.local/lib/python3.12/site-packages/airflow/example_dags/example_inlet_event_extra.py
[2025-03-04T07:00:58.045+0000] {logging_mixin.py:190} INFO - [2025-03-04T07:00:58.045+0000] {dag.py:3239} INFO - Sync 2 DAGs
[2025-03-04T07:00:58.064+0000] {logging_mixin.py:190} INFO - [2025-03-04T07:00:58.064+0000] {dag.py:4180} INFO - Setting next_dagrun for read_dataset_event to 2025-03-03 00:00:00+00:00, run_after=2025-03-04 00:00:00+00:00
[2025-03-04T07:00:58.070+0000] {logging_mixin.py:190} INFO - [2025-03-04T07:00:58.070+0000] {dag.py:4180} INFO - Setting next_dagrun for read_dataset_event_from_classic to 2025-03-03 00:00:00+00:00, run_after=2025-03-04 00:00:00+00:00
[2025-03-04T07:00:58.088+0000] {processor.py:208} INFO - Processing /home/airflow/.local/lib/python3.12/site-packages/airflow/example_dags/example_inlet_event_extra.py took 0.557 seconds
[2025-03-04T07:01:29.071+0000] {processor.py:186} INFO - Started process (PID=1284) to work on /home/airflow/.local/lib/python3.12/site-packages/airflow/example_dags/example_inlet_event_extra.py
[2025-03-04T07:01:29.073+0000] {processor.py:914} INFO - Processing file /home/airflow/.local/lib/python3.12/site-packages/airflow/example_dags/example_inlet_event_extra.py for tasks to queue
[2025-03-04T07:01:29.075+0000] {logging_mixin.py:190} INFO - [2025-03-04T07:01:29.074+0000] {dagbag.py:588} INFO - Filling up the DagBag from /home/airflow/.local/lib/python3.12/site-packages/airflow/example_dags/example_inlet_event_extra.py
[2025-03-04T07:01:29.623+0000] {processor.py:925} INFO - DAG(s) 'read_dataset_event', 'read_dataset_event_from_classic' retrieved from /home/airflow/.local/lib/python3.12/site-packages/airflow/example_dags/example_inlet_event_extra.py
[2025-03-04T07:01:29.644+0000] {logging_mixin.py:190} INFO - [2025-03-04T07:01:29.644+0000] {dag.py:3239} INFO - Sync 2 DAGs
[2025-03-04T07:01:29.665+0000] {logging_mixin.py:190} INFO - [2025-03-04T07:01:29.664+0000] {dag.py:4180} INFO - Setting next_dagrun for read_dataset_event to 2025-03-03 00:00:00+00:00, run_after=2025-03-04 00:00:00+00:00
[2025-03-04T07:01:29.670+0000] {logging_mixin.py:190} INFO - [2025-03-04T07:01:29.670+0000] {dag.py:4180} INFO - Setting next_dagrun for read_dataset_event_from_classic to 2025-03-03 00:00:00+00:00, run_after=2025-03-04 00:00:00+00:00
[2025-03-04T07:01:29.687+0000] {processor.py:208} INFO - Processing /home/airflow/.local/lib/python3.12/site-packages/airflow/example_dags/example_inlet_event_extra.py took 0.626 seconds
[2025-03-04T07:01:59.810+0000] {processor.py:186} INFO - Started process (PID=1363) to work on /home/airflow/.local/lib/python3.12/site-packages/airflow/example_dags/example_inlet_event_extra.py
[2025-03-04T07:01:59.811+0000] {processor.py:914} INFO - Processing file /home/airflow/.local/lib/python3.12/site-packages/airflow/example_dags/example_inlet_event_extra.py for tasks to queue
[2025-03-04T07:01:59.812+0000] {logging_mixin.py:190} INFO - [2025-03-04T07:01:59.812+0000] {dagbag.py:588} INFO - Filling up the DagBag from /home/airflow/.local/lib/python3.12/site-packages/airflow/example_dags/example_inlet_event_extra.py
[2025-03-04T07:02:00.353+0000] {processor.py:925} INFO - DAG(s) 'read_dataset_event_from_classic', 'read_dataset_event' retrieved from /home/airflow/.local/lib/python3.12/site-packages/airflow/example_dags/example_inlet_event_extra.py
[2025-03-04T07:02:00.371+0000] {logging_mixin.py:190} INFO - [2025-03-04T07:02:00.371+0000] {dag.py:3239} INFO - Sync 2 DAGs
[2025-03-04T07:02:00.392+0000] {logging_mixin.py:190} INFO - [2025-03-04T07:02:00.392+0000] {dag.py:4180} INFO - Setting next_dagrun for read_dataset_event to 2025-03-03 00:00:00+00:00, run_after=2025-03-04 00:00:00+00:00
[2025-03-04T07:02:00.396+0000] {logging_mixin.py:190} INFO - [2025-03-04T07:02:00.396+0000] {dag.py:4180} INFO - Setting next_dagrun for read_dataset_event_from_classic to 2025-03-03 00:00:00+00:00, run_after=2025-03-04 00:00:00+00:00
[2025-03-04T07:02:00.411+0000] {processor.py:208} INFO - Processing /home/airflow/.local/lib/python3.12/site-packages/airflow/example_dags/example_inlet_event_extra.py took 0.606 seconds
[2025-03-04T07:02:30.695+0000] {processor.py:186} INFO - Started process (PID=1450) to work on /home/airflow/.local/lib/python3.12/site-packages/airflow/example_dags/example_inlet_event_extra.py
[2025-03-04T07:02:30.696+0000] {processor.py:914} INFO - Processing file /home/airflow/.local/lib/python3.12/site-packages/airflow/example_dags/example_inlet_event_extra.py for tasks to queue
[2025-03-04T07:02:30.697+0000] {logging_mixin.py:190} INFO - [2025-03-04T07:02:30.697+0000] {dagbag.py:588} INFO - Filling up the DagBag from /home/airflow/.local/lib/python3.12/site-packages/airflow/example_dags/example_inlet_event_extra.py
[2025-03-04T07:02:31.181+0000] {processor.py:925} INFO - DAG(s) 'read_dataset_event', 'read_dataset_event_from_classic' retrieved from /home/airflow/.local/lib/python3.12/site-packages/airflow/example_dags/example_inlet_event_extra.py
[2025-03-04T07:02:31.197+0000] {logging_mixin.py:190} INFO - [2025-03-04T07:02:31.197+0000] {dag.py:3239} INFO - Sync 2 DAGs
[2025-03-04T07:02:31.215+0000] {logging_mixin.py:190} INFO - [2025-03-04T07:02:31.215+0000] {dag.py:4180} INFO - Setting next_dagrun for read_dataset_event to 2025-03-03 00:00:00+00:00, run_after=2025-03-04 00:00:00+00:00
[2025-03-04T07:02:31.220+0000] {logging_mixin.py:190} INFO - [2025-03-04T07:02:31.219+0000] {dag.py:4180} INFO - Setting next_dagrun for read_dataset_event_from_classic to 2025-03-03 00:00:00+00:00, run_after=2025-03-04 00:00:00+00:00
[2025-03-04T07:02:31.232+0000] {processor.py:208} INFO - Processing /home/airflow/.local/lib/python3.12/site-packages/airflow/example_dags/example_inlet_event_extra.py took 0.542 seconds
[2025-03-04T07:03:01.351+0000] {processor.py:186} INFO - Started process (PID=1534) to work on /home/airflow/.local/lib/python3.12/site-packages/airflow/example_dags/example_inlet_event_extra.py
[2025-03-04T07:03:01.352+0000] {processor.py:914} INFO - Processing file /home/airflow/.local/lib/python3.12/site-packages/airflow/example_dags/example_inlet_event_extra.py for tasks to queue
[2025-03-04T07:03:01.353+0000] {logging_mixin.py:190} INFO - [2025-03-04T07:03:01.353+0000] {dagbag.py:588} INFO - Filling up the DagBag from /home/airflow/.local/lib/python3.12/site-packages/airflow/example_dags/example_inlet_event_extra.py
[2025-03-04T07:03:01.835+0000] {processor.py:925} INFO - DAG(s) 'read_dataset_event', 'read_dataset_event_from_classic' retrieved from /home/airflow/.local/lib/python3.12/site-packages/airflow/example_dags/example_inlet_event_extra.py
[2025-03-04T07:03:01.852+0000] {logging_mixin.py:190} INFO - [2025-03-04T07:03:01.852+0000] {dag.py:3239} INFO - Sync 2 DAGs
[2025-03-04T07:03:01.869+0000] {logging_mixin.py:190} INFO - [2025-03-04T07:03:01.869+0000] {dag.py:4180} INFO - Setting next_dagrun for read_dataset_event to 2025-03-03 00:00:00+00:00, run_after=2025-03-04 00:00:00+00:00
[2025-03-04T07:03:01.873+0000] {logging_mixin.py:190} INFO - [2025-03-04T07:03:01.873+0000] {dag.py:4180} INFO - Setting next_dagrun for read_dataset_event_from_classic to 2025-03-03 00:00:00+00:00, run_after=2025-03-04 00:00:00+00:00
[2025-03-04T07:03:01.888+0000] {processor.py:208} INFO - Processing /home/airflow/.local/lib/python3.12/site-packages/airflow/example_dags/example_inlet_event_extra.py took 0.543 seconds
[2025-03-04T07:03:32.577+0000] {processor.py:186} INFO - Started process (PID=1617) to work on /home/airflow/.local/lib/python3.12/site-packages/airflow/example_dags/example_inlet_event_extra.py
[2025-03-04T07:03:32.579+0000] {processor.py:914} INFO - Processing file /home/airflow/.local/lib/python3.12/site-packages/airflow/example_dags/example_inlet_event_extra.py for tasks to queue
[2025-03-04T07:03:32.581+0000] {logging_mixin.py:190} INFO - [2025-03-04T07:03:32.580+0000] {dagbag.py:588} INFO - Filling up the DagBag from /home/airflow/.local/lib/python3.12/site-packages/airflow/example_dags/example_inlet_event_extra.py
[2025-03-04T07:03:33.174+0000] {processor.py:925} INFO - DAG(s) 'read_dataset_event_from_classic', 'read_dataset_event' retrieved from /home/airflow/.local/lib/python3.12/site-packages/airflow/example_dags/example_inlet_event_extra.py
[2025-03-04T07:03:33.195+0000] {logging_mixin.py:190} INFO - [2025-03-04T07:03:33.195+0000] {dag.py:3239} INFO - Sync 2 DAGs
[2025-03-04T07:03:33.220+0000] {logging_mixin.py:190} INFO - [2025-03-04T07:03:33.219+0000] {dag.py:4180} INFO - Setting next_dagrun for read_dataset_event to 2025-03-03 00:00:00+00:00, run_after=2025-03-04 00:00:00+00:00
[2025-03-04T07:03:33.224+0000] {logging_mixin.py:190} INFO - [2025-03-04T07:03:33.224+0000] {dag.py:4180} INFO - Setting next_dagrun for read_dataset_event_from_classic to 2025-03-03 00:00:00+00:00, run_after=2025-03-04 00:00:00+00:00
[2025-03-04T07:03:33.240+0000] {processor.py:208} INFO - Processing /home/airflow/.local/lib/python3.12/site-packages/airflow/example_dags/example_inlet_event_extra.py took 0.670 seconds
[2025-03-04T07:04:04.007+0000] {processor.py:186} INFO - Started process (PID=1692) to work on /home/airflow/.local/lib/python3.12/site-packages/airflow/example_dags/example_inlet_event_extra.py
[2025-03-04T07:04:04.009+0000] {processor.py:914} INFO - Processing file /home/airflow/.local/lib/python3.12/site-packages/airflow/example_dags/example_inlet_event_extra.py for tasks to queue
[2025-03-04T07:04:04.010+0000] {logging_mixin.py:190} INFO - [2025-03-04T07:04:04.010+0000] {dagbag.py:588} INFO - Filling up the DagBag from /home/airflow/.local/lib/python3.12/site-packages/airflow/example_dags/example_inlet_event_extra.py
[2025-03-04T07:04:04.423+0000] {processor.py:925} INFO - DAG(s) 'read_dataset_event', 'read_dataset_event_from_classic' retrieved from /home/airflow/.local/lib/python3.12/site-packages/airflow/example_dags/example_inlet_event_extra.py
[2025-03-04T07:04:04.439+0000] {logging_mixin.py:190} INFO - [2025-03-04T07:04:04.439+0000] {dag.py:3239} INFO - Sync 2 DAGs
[2025-03-04T07:04:04.458+0000] {logging_mixin.py:190} INFO - [2025-03-04T07:04:04.458+0000] {dag.py:4180} INFO - Setting next_dagrun for read_dataset_event to 2025-03-03 00:00:00+00:00, run_after=2025-03-04 00:00:00+00:00
[2025-03-04T07:04:04.462+0000] {logging_mixin.py:190} INFO - [2025-03-04T07:04:04.462+0000] {dag.py:4180} INFO - Setting next_dagrun for read_dataset_event_from_classic to 2025-03-03 00:00:00+00:00, run_after=2025-03-04 00:00:00+00:00
[2025-03-04T07:04:04.476+0000] {processor.py:208} INFO - Processing /home/airflow/.local/lib/python3.12/site-packages/airflow/example_dags/example_inlet_event_extra.py took 0.474 seconds
[2025-03-04T07:04:34.605+0000] {processor.py:186} INFO - Started process (PID=1775) to work on /home/airflow/.local/lib/python3.12/site-packages/airflow/example_dags/example_inlet_event_extra.py
[2025-03-04T07:04:34.610+0000] {processor.py:914} INFO - Processing file /home/airflow/.local/lib/python3.12/site-packages/airflow/example_dags/example_inlet_event_extra.py for tasks to queue
[2025-03-04T07:04:34.612+0000] {logging_mixin.py:190} INFO - [2025-03-04T07:04:34.611+0000] {dagbag.py:588} INFO - Filling up the DagBag from /home/airflow/.local/lib/python3.12/site-packages/airflow/example_dags/example_inlet_event_extra.py
[2025-03-04T07:04:35.031+0000] {processor.py:925} INFO - DAG(s) 'read_dataset_event_from_classic', 'read_dataset_event' retrieved from /home/airflow/.local/lib/python3.12/site-packages/airflow/example_dags/example_inlet_event_extra.py
[2025-03-04T07:04:35.045+0000] {logging_mixin.py:190} INFO - [2025-03-04T07:04:35.044+0000] {dag.py:3239} INFO - Sync 2 DAGs
[2025-03-04T07:04:35.059+0000] {logging_mixin.py:190} INFO - [2025-03-04T07:04:35.059+0000] {dag.py:4180} INFO - Setting next_dagrun for read_dataset_event to 2025-03-03 00:00:00+00:00, run_after=2025-03-04 00:00:00+00:00
[2025-03-04T07:04:35.063+0000] {logging_mixin.py:190} INFO - [2025-03-04T07:04:35.063+0000] {dag.py:4180} INFO - Setting next_dagrun for read_dataset_event_from_classic to 2025-03-03 00:00:00+00:00, run_after=2025-03-04 00:00:00+00:00
[2025-03-04T07:04:35.074+0000] {processor.py:208} INFO - Processing /home/airflow/.local/lib/python3.12/site-packages/airflow/example_dags/example_inlet_event_extra.py took 0.475 seconds
[2025-03-04T07:05:05.943+0000] {processor.py:186} INFO - Started process (PID=1849) to work on /home/airflow/.local/lib/python3.12/site-packages/airflow/example_dags/example_inlet_event_extra.py
[2025-03-04T07:05:05.945+0000] {processor.py:914} INFO - Processing file /home/airflow/.local/lib/python3.12/site-packages/airflow/example_dags/example_inlet_event_extra.py for tasks to queue
[2025-03-04T07:05:05.947+0000] {logging_mixin.py:190} INFO - [2025-03-04T07:05:05.947+0000] {dagbag.py:588} INFO - Filling up the DagBag from /home/airflow/.local/lib/python3.12/site-packages/airflow/example_dags/example_inlet_event_extra.py
[2025-03-04T07:05:06.393+0000] {processor.py:925} INFO - DAG(s) 'read_dataset_event', 'read_dataset_event_from_classic' retrieved from /home/airflow/.local/lib/python3.12/site-packages/airflow/example_dags/example_inlet_event_extra.py
[2025-03-04T07:05:06.415+0000] {logging_mixin.py:190} INFO - [2025-03-04T07:05:06.414+0000] {dag.py:3239} INFO - Sync 2 DAGs
[2025-03-04T07:05:06.436+0000] {logging_mixin.py:190} INFO - [2025-03-04T07:05:06.436+0000] {dag.py:4180} INFO - Setting next_dagrun for read_dataset_event to 2025-03-03 00:00:00+00:00, run_after=2025-03-04 00:00:00+00:00
[2025-03-04T07:05:06.441+0000] {logging_mixin.py:190} INFO - [2025-03-04T07:05:06.441+0000] {dag.py:4180} INFO - Setting next_dagrun for read_dataset_event_from_classic to 2025-03-03 00:00:00+00:00, run_after=2025-03-04 00:00:00+00:00
[2025-03-04T07:05:06.461+0000] {processor.py:208} INFO - Processing /home/airflow/.local/lib/python3.12/site-packages/airflow/example_dags/example_inlet_event_extra.py took 0.523 seconds
[2025-03-04T07:05:36.650+0000] {processor.py:186} INFO - Started process (PID=1931) to work on /home/airflow/.local/lib/python3.12/site-packages/airflow/example_dags/example_inlet_event_extra.py
[2025-03-04T07:05:36.651+0000] {processor.py:914} INFO - Processing file /home/airflow/.local/lib/python3.12/site-packages/airflow/example_dags/example_inlet_event_extra.py for tasks to queue
[2025-03-04T07:05:36.653+0000] {logging_mixin.py:190} INFO - [2025-03-04T07:05:36.653+0000] {dagbag.py:588} INFO - Filling up the DagBag from /home/airflow/.local/lib/python3.12/site-packages/airflow/example_dags/example_inlet_event_extra.py
[2025-03-04T07:05:37.103+0000] {processor.py:925} INFO - DAG(s) 'read_dataset_event_from_classic', 'read_dataset_event' retrieved from /home/airflow/.local/lib/python3.12/site-packages/airflow/example_dags/example_inlet_event_extra.py
[2025-03-04T07:05:37.121+0000] {logging_mixin.py:190} INFO - [2025-03-04T07:05:37.121+0000] {dag.py:3239} INFO - Sync 2 DAGs
[2025-03-04T07:05:37.137+0000] {logging_mixin.py:190} INFO - [2025-03-04T07:05:37.137+0000] {dag.py:4180} INFO - Setting next_dagrun for read_dataset_event to 2025-03-03 00:00:00+00:00, run_after=2025-03-04 00:00:00+00:00
[2025-03-04T07:05:37.141+0000] {logging_mixin.py:190} INFO - [2025-03-04T07:05:37.140+0000] {dag.py:4180} INFO - Setting next_dagrun for read_dataset_event_from_classic to 2025-03-03 00:00:00+00:00, run_after=2025-03-04 00:00:00+00:00
[2025-03-04T07:05:37.155+0000] {processor.py:208} INFO - Processing /home/airflow/.local/lib/python3.12/site-packages/airflow/example_dags/example_inlet_event_extra.py took 0.510 seconds
[2025-03-04T07:06:07.223+0000] {processor.py:186} INFO - Started process (PID=2005) to work on /home/airflow/.local/lib/python3.12/site-packages/airflow/example_dags/example_inlet_event_extra.py
[2025-03-04T07:06:07.225+0000] {processor.py:914} INFO - Processing file /home/airflow/.local/lib/python3.12/site-packages/airflow/example_dags/example_inlet_event_extra.py for tasks to queue
[2025-03-04T07:06:07.227+0000] {logging_mixin.py:190} INFO - [2025-03-04T07:06:07.227+0000] {dagbag.py:588} INFO - Filling up the DagBag from /home/airflow/.local/lib/python3.12/site-packages/airflow/example_dags/example_inlet_event_extra.py
[2025-03-04T07:06:07.851+0000] {processor.py:925} INFO - DAG(s) 'read_dataset_event', 'read_dataset_event_from_classic' retrieved from /home/airflow/.local/lib/python3.12/site-packages/airflow/example_dags/example_inlet_event_extra.py
[2025-03-04T07:06:07.868+0000] {logging_mixin.py:190} INFO - [2025-03-04T07:06:07.868+0000] {dag.py:3239} INFO - Sync 2 DAGs
[2025-03-04T07:06:07.886+0000] {logging_mixin.py:190} INFO - [2025-03-04T07:06:07.886+0000] {dag.py:4180} INFO - Setting next_dagrun for read_dataset_event to 2025-03-03 00:00:00+00:00, run_after=2025-03-04 00:00:00+00:00
[2025-03-04T07:06:07.890+0000] {logging_mixin.py:190} INFO - [2025-03-04T07:06:07.890+0000] {dag.py:4180} INFO - Setting next_dagrun for read_dataset_event_from_classic to 2025-03-03 00:00:00+00:00, run_after=2025-03-04 00:00:00+00:00
[2025-03-04T07:06:07.904+0000] {processor.py:208} INFO - Processing /home/airflow/.local/lib/python3.12/site-packages/airflow/example_dags/example_inlet_event_extra.py took 0.689 seconds
[2025-03-04T07:06:38.329+0000] {processor.py:186} INFO - Started process (PID=2087) to work on /home/airflow/.local/lib/python3.12/site-packages/airflow/example_dags/example_inlet_event_extra.py
[2025-03-04T07:06:38.330+0000] {processor.py:914} INFO - Processing file /home/airflow/.local/lib/python3.12/site-packages/airflow/example_dags/example_inlet_event_extra.py for tasks to queue
[2025-03-04T07:06:38.331+0000] {logging_mixin.py:190} INFO - [2025-03-04T07:06:38.331+0000] {dagbag.py:588} INFO - Filling up the DagBag from /home/airflow/.local/lib/python3.12/site-packages/airflow/example_dags/example_inlet_event_extra.py
[2025-03-04T07:06:38.840+0000] {processor.py:925} INFO - DAG(s) 'read_dataset_event', 'read_dataset_event_from_classic' retrieved from /home/airflow/.local/lib/python3.12/site-packages/airflow/example_dags/example_inlet_event_extra.py
[2025-03-04T07:06:38.858+0000] {logging_mixin.py:190} INFO - [2025-03-04T07:06:38.857+0000] {dag.py:3239} INFO - Sync 2 DAGs
[2025-03-04T07:06:38.877+0000] {logging_mixin.py:190} INFO - [2025-03-04T07:06:38.876+0000] {dag.py:4180} INFO - Setting next_dagrun for read_dataset_event to 2025-03-03 00:00:00+00:00, run_after=2025-03-04 00:00:00+00:00
[2025-03-04T07:06:38.882+0000] {logging_mixin.py:190} INFO - [2025-03-04T07:06:38.882+0000] {dag.py:4180} INFO - Setting next_dagrun for read_dataset_event_from_classic to 2025-03-03 00:00:00+00:00, run_after=2025-03-04 00:00:00+00:00
[2025-03-04T07:06:38.900+0000] {processor.py:208} INFO - Processing /home/airflow/.local/lib/python3.12/site-packages/airflow/example_dags/example_inlet_event_extra.py took 0.577 seconds
[2025-03-04T07:07:09.116+0000] {processor.py:186} INFO - Started process (PID=2165) to work on /home/airflow/.local/lib/python3.12/site-packages/airflow/example_dags/example_inlet_event_extra.py
[2025-03-04T07:07:09.117+0000] {processor.py:914} INFO - Processing file /home/airflow/.local/lib/python3.12/site-packages/airflow/example_dags/example_inlet_event_extra.py for tasks to queue
[2025-03-04T07:07:09.118+0000] {logging_mixin.py:190} INFO - [2025-03-04T07:07:09.118+0000] {dagbag.py:588} INFO - Filling up the DagBag from /home/airflow/.local/lib/python3.12/site-packages/airflow/example_dags/example_inlet_event_extra.py
[2025-03-04T07:07:09.513+0000] {processor.py:925} INFO - DAG(s) 'read_dataset_event', 'read_dataset_event_from_classic' retrieved from /home/airflow/.local/lib/python3.12/site-packages/airflow/example_dags/example_inlet_event_extra.py
[2025-03-04T07:07:09.528+0000] {logging_mixin.py:190} INFO - [2025-03-04T07:07:09.528+0000] {dag.py:3239} INFO - Sync 2 DAGs
[2025-03-04T07:07:09.546+0000] {logging_mixin.py:190} INFO - [2025-03-04T07:07:09.546+0000] {dag.py:4180} INFO - Setting next_dagrun for read_dataset_event to 2025-03-03 00:00:00+00:00, run_after=2025-03-04 00:00:00+00:00
[2025-03-04T07:07:09.549+0000] {logging_mixin.py:190} INFO - [2025-03-04T07:07:09.549+0000] {dag.py:4180} INFO - Setting next_dagrun for read_dataset_event_from_classic to 2025-03-03 00:00:00+00:00, run_after=2025-03-04 00:00:00+00:00
[2025-03-04T07:07:09.561+0000] {processor.py:208} INFO - Processing /home/airflow/.local/lib/python3.12/site-packages/airflow/example_dags/example_inlet_event_extra.py took 0.451 seconds
[2025-03-04T07:07:40.292+0000] {processor.py:186} INFO - Started process (PID=2248) to work on /home/airflow/.local/lib/python3.12/site-packages/airflow/example_dags/example_inlet_event_extra.py
[2025-03-04T07:07:40.292+0000] {processor.py:914} INFO - Processing file /home/airflow/.local/lib/python3.12/site-packages/airflow/example_dags/example_inlet_event_extra.py for tasks to queue
[2025-03-04T07:07:40.293+0000] {logging_mixin.py:190} INFO - [2025-03-04T07:07:40.293+0000] {dagbag.py:588} INFO - Filling up the DagBag from /home/airflow/.local/lib/python3.12/site-packages/airflow/example_dags/example_inlet_event_extra.py
[2025-03-04T07:07:40.696+0000] {processor.py:925} INFO - DAG(s) 'read_dataset_event_from_classic', 'read_dataset_event' retrieved from /home/airflow/.local/lib/python3.12/site-packages/airflow/example_dags/example_inlet_event_extra.py
[2025-03-04T07:07:40.714+0000] {logging_mixin.py:190} INFO - [2025-03-04T07:07:40.714+0000] {dag.py:3239} INFO - Sync 2 DAGs
[2025-03-04T07:07:40.733+0000] {logging_mixin.py:190} INFO - [2025-03-04T07:07:40.733+0000] {dag.py:4180} INFO - Setting next_dagrun for read_dataset_event to 2025-03-03 00:00:00+00:00, run_after=2025-03-04 00:00:00+00:00
[2025-03-04T07:07:40.746+0000] {logging_mixin.py:190} INFO - [2025-03-04T07:07:40.746+0000] {dag.py:4180} INFO - Setting next_dagrun for read_dataset_event_from_classic to 2025-03-03 00:00:00+00:00, run_after=2025-03-04 00:00:00+00:00
[2025-03-04T07:07:40.766+0000] {processor.py:208} INFO - Processing /home/airflow/.local/lib/python3.12/site-packages/airflow/example_dags/example_inlet_event_extra.py took 0.479 seconds
[2025-03-04T07:08:10.858+0000] {processor.py:186} INFO - Started process (PID=2324) to work on /home/airflow/.local/lib/python3.12/site-packages/airflow/example_dags/example_inlet_event_extra.py
[2025-03-04T07:08:10.859+0000] {processor.py:914} INFO - Processing file /home/airflow/.local/lib/python3.12/site-packages/airflow/example_dags/example_inlet_event_extra.py for tasks to queue
[2025-03-04T07:08:10.861+0000] {logging_mixin.py:190} INFO - [2025-03-04T07:08:10.861+0000] {dagbag.py:588} INFO - Filling up the DagBag from /home/airflow/.local/lib/python3.12/site-packages/airflow/example_dags/example_inlet_event_extra.py
[2025-03-04T07:08:11.378+0000] {processor.py:925} INFO - DAG(s) 'read_dataset_event', 'read_dataset_event_from_classic' retrieved from /home/airflow/.local/lib/python3.12/site-packages/airflow/example_dags/example_inlet_event_extra.py
[2025-03-04T07:08:11.397+0000] {logging_mixin.py:190} INFO - [2025-03-04T07:08:11.397+0000] {dag.py:3239} INFO - Sync 2 DAGs
[2025-03-04T07:08:11.420+0000] {logging_mixin.py:190} INFO - [2025-03-04T07:08:11.420+0000] {dag.py:4180} INFO - Setting next_dagrun for read_dataset_event to 2025-03-03 00:00:00+00:00, run_after=2025-03-04 00:00:00+00:00
[2025-03-04T07:08:11.427+0000] {logging_mixin.py:190} INFO - [2025-03-04T07:08:11.426+0000] {dag.py:4180} INFO - Setting next_dagrun for read_dataset_event_from_classic to 2025-03-03 00:00:00+00:00, run_after=2025-03-04 00:00:00+00:00
[2025-03-04T07:08:11.442+0000] {processor.py:208} INFO - Processing /home/airflow/.local/lib/python3.12/site-packages/airflow/example_dags/example_inlet_event_extra.py took 0.590 seconds
[2025-03-04T07:08:42.238+0000] {processor.py:186} INFO - Started process (PID=2407) to work on /home/airflow/.local/lib/python3.12/site-packages/airflow/example_dags/example_inlet_event_extra.py
[2025-03-04T07:08:42.239+0000] {processor.py:914} INFO - Processing file /home/airflow/.local/lib/python3.12/site-packages/airflow/example_dags/example_inlet_event_extra.py for tasks to queue
[2025-03-04T07:08:42.241+0000] {logging_mixin.py:190} INFO - [2025-03-04T07:08:42.241+0000] {dagbag.py:588} INFO - Filling up the DagBag from /home/airflow/.local/lib/python3.12/site-packages/airflow/example_dags/example_inlet_event_extra.py
[2025-03-04T07:08:42.774+0000] {processor.py:925} INFO - DAG(s) 'read_dataset_event', 'read_dataset_event_from_classic' retrieved from /home/airflow/.local/lib/python3.12/site-packages/airflow/example_dags/example_inlet_event_extra.py
[2025-03-04T07:08:42.798+0000] {logging_mixin.py:190} INFO - [2025-03-04T07:08:42.798+0000] {dag.py:3239} INFO - Sync 2 DAGs
[2025-03-04T07:08:42.823+0000] {logging_mixin.py:190} INFO - [2025-03-04T07:08:42.822+0000] {dag.py:4180} INFO - Setting next_dagrun for read_dataset_event to 2025-03-03 00:00:00+00:00, run_after=2025-03-04 00:00:00+00:00
[2025-03-04T07:08:42.835+0000] {logging_mixin.py:190} INFO - [2025-03-04T07:08:42.835+0000] {dag.py:4180} INFO - Setting next_dagrun for read_dataset_event_from_classic to 2025-03-03 00:00:00+00:00, run_after=2025-03-04 00:00:00+00:00
[2025-03-04T07:08:42.854+0000] {processor.py:208} INFO - Processing /home/airflow/.local/lib/python3.12/site-packages/airflow/example_dags/example_inlet_event_extra.py took 0.623 seconds
[2025-03-04T07:09:13.485+0000] {processor.py:186} INFO - Started process (PID=2481) to work on /home/airflow/.local/lib/python3.12/site-packages/airflow/example_dags/example_inlet_event_extra.py
[2025-03-04T07:09:13.486+0000] {processor.py:914} INFO - Processing file /home/airflow/.local/lib/python3.12/site-packages/airflow/example_dags/example_inlet_event_extra.py for tasks to queue
[2025-03-04T07:09:13.487+0000] {logging_mixin.py:190} INFO - [2025-03-04T07:09:13.487+0000] {dagbag.py:588} INFO - Filling up the DagBag from /home/airflow/.local/lib/python3.12/site-packages/airflow/example_dags/example_inlet_event_extra.py
[2025-03-04T07:09:13.918+0000] {processor.py:925} INFO - DAG(s) 'read_dataset_event', 'read_dataset_event_from_classic' retrieved from /home/airflow/.local/lib/python3.12/site-packages/airflow/example_dags/example_inlet_event_extra.py
[2025-03-04T07:09:13.934+0000] {logging_mixin.py:190} INFO - [2025-03-04T07:09:13.934+0000] {dag.py:3239} INFO - Sync 2 DAGs
[2025-03-04T07:09:13.953+0000] {logging_mixin.py:190} INFO - [2025-03-04T07:09:13.953+0000] {dag.py:4180} INFO - Setting next_dagrun for read_dataset_event to 2025-03-03 00:00:00+00:00, run_after=2025-03-04 00:00:00+00:00
[2025-03-04T07:09:13.958+0000] {logging_mixin.py:190} INFO - [2025-03-04T07:09:13.958+0000] {dag.py:4180} INFO - Setting next_dagrun for read_dataset_event_from_classic to 2025-03-03 00:00:00+00:00, run_after=2025-03-04 00:00:00+00:00
[2025-03-04T07:09:13.976+0000] {processor.py:208} INFO - Processing /home/airflow/.local/lib/python3.12/site-packages/airflow/example_dags/example_inlet_event_extra.py took 0.496 seconds
[2025-03-04T07:09:44.828+0000] {processor.py:186} INFO - Started process (PID=2562) to work on /home/airflow/.local/lib/python3.12/site-packages/airflow/example_dags/example_inlet_event_extra.py
[2025-03-04T07:09:44.829+0000] {processor.py:914} INFO - Processing file /home/airflow/.local/lib/python3.12/site-packages/airflow/example_dags/example_inlet_event_extra.py for tasks to queue
[2025-03-04T07:09:44.830+0000] {logging_mixin.py:190} INFO - [2025-03-04T07:09:44.829+0000] {dagbag.py:588} INFO - Filling up the DagBag from /home/airflow/.local/lib/python3.12/site-packages/airflow/example_dags/example_inlet_event_extra.py
[2025-03-04T07:09:45.363+0000] {processor.py:925} INFO - DAG(s) 'read_dataset_event', 'read_dataset_event_from_classic' retrieved from /home/airflow/.local/lib/python3.12/site-packages/airflow/example_dags/example_inlet_event_extra.py
[2025-03-04T07:09:45.391+0000] {logging_mixin.py:190} INFO - [2025-03-04T07:09:45.391+0000] {dag.py:3239} INFO - Sync 2 DAGs
[2025-03-04T07:09:45.413+0000] {logging_mixin.py:190} INFO - [2025-03-04T07:09:45.413+0000] {dag.py:4180} INFO - Setting next_dagrun for read_dataset_event to 2025-03-03 00:00:00+00:00, run_after=2025-03-04 00:00:00+00:00
[2025-03-04T07:09:45.419+0000] {logging_mixin.py:190} INFO - [2025-03-04T07:09:45.419+0000] {dag.py:4180} INFO - Setting next_dagrun for read_dataset_event_from_classic to 2025-03-03 00:00:00+00:00, run_after=2025-03-04 00:00:00+00:00
[2025-03-04T07:09:45.434+0000] {processor.py:208} INFO - Processing /home/airflow/.local/lib/python3.12/site-packages/airflow/example_dags/example_inlet_event_extra.py took 0.611 seconds
[2025-03-04T07:10:16.444+0000] {processor.py:186} INFO - Started process (PID=2637) to work on /home/airflow/.local/lib/python3.12/site-packages/airflow/example_dags/example_inlet_event_extra.py
[2025-03-04T07:10:16.445+0000] {processor.py:914} INFO - Processing file /home/airflow/.local/lib/python3.12/site-packages/airflow/example_dags/example_inlet_event_extra.py for tasks to queue
[2025-03-04T07:10:16.447+0000] {logging_mixin.py:190} INFO - [2025-03-04T07:10:16.446+0000] {dagbag.py:588} INFO - Filling up the DagBag from /home/airflow/.local/lib/python3.12/site-packages/airflow/example_dags/example_inlet_event_extra.py
[2025-03-04T07:10:16.875+0000] {processor.py:925} INFO - DAG(s) 'read_dataset_event_from_classic', 'read_dataset_event' retrieved from /home/airflow/.local/lib/python3.12/site-packages/airflow/example_dags/example_inlet_event_extra.py
[2025-03-04T07:10:16.894+0000] {logging_mixin.py:190} INFO - [2025-03-04T07:10:16.894+0000] {dag.py:3239} INFO - Sync 2 DAGs
[2025-03-04T07:10:16.914+0000] {logging_mixin.py:190} INFO - [2025-03-04T07:10:16.913+0000] {dag.py:4180} INFO - Setting next_dagrun for read_dataset_event to 2025-03-03 00:00:00+00:00, run_after=2025-03-04 00:00:00+00:00
[2025-03-04T07:10:16.919+0000] {logging_mixin.py:190} INFO - [2025-03-04T07:10:16.919+0000] {dag.py:4180} INFO - Setting next_dagrun for read_dataset_event_from_classic to 2025-03-03 00:00:00+00:00, run_after=2025-03-04 00:00:00+00:00
[2025-03-04T07:10:16.934+0000] {processor.py:208} INFO - Processing /home/airflow/.local/lib/python3.12/site-packages/airflow/example_dags/example_inlet_event_extra.py took 0.495 seconds
[2025-03-04T07:10:47.731+0000] {processor.py:186} INFO - Started process (PID=2717) to work on /home/airflow/.local/lib/python3.12/site-packages/airflow/example_dags/example_inlet_event_extra.py
[2025-03-04T07:10:47.733+0000] {processor.py:914} INFO - Processing file /home/airflow/.local/lib/python3.12/site-packages/airflow/example_dags/example_inlet_event_extra.py for tasks to queue
[2025-03-04T07:10:47.735+0000] {logging_mixin.py:190} INFO - [2025-03-04T07:10:47.734+0000] {dagbag.py:588} INFO - Filling up the DagBag from /home/airflow/.local/lib/python3.12/site-packages/airflow/example_dags/example_inlet_event_extra.py
[2025-03-04T07:10:48.299+0000] {processor.py:925} INFO - DAG(s) 'read_dataset_event_from_classic', 'read_dataset_event' retrieved from /home/airflow/.local/lib/python3.12/site-packages/airflow/example_dags/example_inlet_event_extra.py
[2025-03-04T07:10:48.322+0000] {logging_mixin.py:190} INFO - [2025-03-04T07:10:48.321+0000] {dag.py:3239} INFO - Sync 2 DAGs
[2025-03-04T07:10:48.348+0000] {logging_mixin.py:190} INFO - [2025-03-04T07:10:48.347+0000] {dag.py:4180} INFO - Setting next_dagrun for read_dataset_event to 2025-03-03 00:00:00+00:00, run_after=2025-03-04 00:00:00+00:00
[2025-03-04T07:10:48.354+0000] {logging_mixin.py:190} INFO - [2025-03-04T07:10:48.354+0000] {dag.py:4180} INFO - Setting next_dagrun for read_dataset_event_from_classic to 2025-03-03 00:00:00+00:00, run_after=2025-03-04 00:00:00+00:00
[2025-03-04T07:10:48.369+0000] {processor.py:208} INFO - Processing /home/airflow/.local/lib/python3.12/site-packages/airflow/example_dags/example_inlet_event_extra.py took 0.644 seconds
[2025-03-04T07:11:19.063+0000] {processor.py:186} INFO - Started process (PID=2792) to work on /home/airflow/.local/lib/python3.12/site-packages/airflow/example_dags/example_inlet_event_extra.py
[2025-03-04T07:11:19.064+0000] {processor.py:914} INFO - Processing file /home/airflow/.local/lib/python3.12/site-packages/airflow/example_dags/example_inlet_event_extra.py for tasks to queue
[2025-03-04T07:11:19.065+0000] {logging_mixin.py:190} INFO - [2025-03-04T07:11:19.064+0000] {dagbag.py:588} INFO - Filling up the DagBag from /home/airflow/.local/lib/python3.12/site-packages/airflow/example_dags/example_inlet_event_extra.py
[2025-03-04T07:11:19.509+0000] {processor.py:925} INFO - DAG(s) 'read_dataset_event_from_classic', 'read_dataset_event' retrieved from /home/airflow/.local/lib/python3.12/site-packages/airflow/example_dags/example_inlet_event_extra.py
[2025-03-04T07:11:19.523+0000] {logging_mixin.py:190} INFO - [2025-03-04T07:11:19.523+0000] {dag.py:3239} INFO - Sync 2 DAGs
[2025-03-04T07:11:19.544+0000] {logging_mixin.py:190} INFO - [2025-03-04T07:11:19.543+0000] {dag.py:4180} INFO - Setting next_dagrun for read_dataset_event to 2025-03-03 00:00:00+00:00, run_after=2025-03-04 00:00:00+00:00
[2025-03-04T07:11:19.549+0000] {logging_mixin.py:190} INFO - [2025-03-04T07:11:19.549+0000] {dag.py:4180} INFO - Setting next_dagrun for read_dataset_event_from_classic to 2025-03-03 00:00:00+00:00, run_after=2025-03-04 00:00:00+00:00
[2025-03-04T07:11:19.567+0000] {processor.py:208} INFO - Processing /home/airflow/.local/lib/python3.12/site-packages/airflow/example_dags/example_inlet_event_extra.py took 0.509 seconds
[2025-03-04T07:11:50.308+0000] {processor.py:186} INFO - Started process (PID=2873) to work on /home/airflow/.local/lib/python3.12/site-packages/airflow/example_dags/example_inlet_event_extra.py
[2025-03-04T07:11:50.310+0000] {processor.py:914} INFO - Processing file /home/airflow/.local/lib/python3.12/site-packages/airflow/example_dags/example_inlet_event_extra.py for tasks to queue
[2025-03-04T07:11:50.314+0000] {logging_mixin.py:190} INFO - [2025-03-04T07:11:50.314+0000] {dagbag.py:588} INFO - Filling up the DagBag from /home/airflow/.local/lib/python3.12/site-packages/airflow/example_dags/example_inlet_event_extra.py
[2025-03-04T07:11:50.984+0000] {processor.py:925} INFO - DAG(s) 'read_dataset_event_from_classic', 'read_dataset_event' retrieved from /home/airflow/.local/lib/python3.12/site-packages/airflow/example_dags/example_inlet_event_extra.py
[2025-03-04T07:11:51.003+0000] {logging_mixin.py:190} INFO - [2025-03-04T07:11:51.003+0000] {dag.py:3239} INFO - Sync 2 DAGs
[2025-03-04T07:11:51.026+0000] {logging_mixin.py:190} INFO - [2025-03-04T07:11:51.026+0000] {dag.py:4180} INFO - Setting next_dagrun for read_dataset_event to 2025-03-03 00:00:00+00:00, run_after=2025-03-04 00:00:00+00:00
[2025-03-04T07:11:51.031+0000] {logging_mixin.py:190} INFO - [2025-03-04T07:11:51.030+0000] {dag.py:4180} INFO - Setting next_dagrun for read_dataset_event_from_classic to 2025-03-03 00:00:00+00:00, run_after=2025-03-04 00:00:00+00:00
[2025-03-04T07:11:51.049+0000] {processor.py:208} INFO - Processing /home/airflow/.local/lib/python3.12/site-packages/airflow/example_dags/example_inlet_event_extra.py took 0.752 seconds
[2025-03-04T07:12:21.414+0000] {processor.py:186} INFO - Started process (PID=2954) to work on /home/airflow/.local/lib/python3.12/site-packages/airflow/example_dags/example_inlet_event_extra.py
[2025-03-04T07:12:21.415+0000] {processor.py:914} INFO - Processing file /home/airflow/.local/lib/python3.12/site-packages/airflow/example_dags/example_inlet_event_extra.py for tasks to queue
[2025-03-04T07:12:21.417+0000] {logging_mixin.py:190} INFO - [2025-03-04T07:12:21.416+0000] {dagbag.py:588} INFO - Filling up the DagBag from /home/airflow/.local/lib/python3.12/site-packages/airflow/example_dags/example_inlet_event_extra.py
[2025-03-04T07:12:21.823+0000] {processor.py:925} INFO - DAG(s) 'read_dataset_event', 'read_dataset_event_from_classic' retrieved from /home/airflow/.local/lib/python3.12/site-packages/airflow/example_dags/example_inlet_event_extra.py
[2025-03-04T07:12:21.843+0000] {logging_mixin.py:190} INFO - [2025-03-04T07:12:21.842+0000] {dag.py:3239} INFO - Sync 2 DAGs
[2025-03-04T07:12:21.861+0000] {logging_mixin.py:190} INFO - [2025-03-04T07:12:21.861+0000] {dag.py:4180} INFO - Setting next_dagrun for read_dataset_event to 2025-03-03 00:00:00+00:00, run_after=2025-03-04 00:00:00+00:00
[2025-03-04T07:12:21.866+0000] {logging_mixin.py:190} INFO - [2025-03-04T07:12:21.866+0000] {dag.py:4180} INFO - Setting next_dagrun for read_dataset_event_from_classic to 2025-03-03 00:00:00+00:00, run_after=2025-03-04 00:00:00+00:00
[2025-03-04T07:12:21.882+0000] {processor.py:208} INFO - Processing /home/airflow/.local/lib/python3.12/site-packages/airflow/example_dags/example_inlet_event_extra.py took 0.473 seconds
[2025-03-04T07:12:52.083+0000] {processor.py:186} INFO - Started process (PID=3027) to work on /home/airflow/.local/lib/python3.12/site-packages/airflow/example_dags/example_inlet_event_extra.py
[2025-03-04T07:12:52.084+0000] {processor.py:914} INFO - Processing file /home/airflow/.local/lib/python3.12/site-packages/airflow/example_dags/example_inlet_event_extra.py for tasks to queue
[2025-03-04T07:12:52.086+0000] {logging_mixin.py:190} INFO - [2025-03-04T07:12:52.086+0000] {dagbag.py:588} INFO - Filling up the DagBag from /home/airflow/.local/lib/python3.12/site-packages/airflow/example_dags/example_inlet_event_extra.py
[2025-03-04T07:12:52.557+0000] {processor.py:925} INFO - DAG(s) 'read_dataset_event_from_classic', 'read_dataset_event' retrieved from /home/airflow/.local/lib/python3.12/site-packages/airflow/example_dags/example_inlet_event_extra.py
[2025-03-04T07:12:52.572+0000] {logging_mixin.py:190} INFO - [2025-03-04T07:12:52.572+0000] {dag.py:3239} INFO - Sync 2 DAGs
[2025-03-04T07:12:52.590+0000] {logging_mixin.py:190} INFO - [2025-03-04T07:12:52.590+0000] {dag.py:4180} INFO - Setting next_dagrun for read_dataset_event to 2025-03-03 00:00:00+00:00, run_after=2025-03-04 00:00:00+00:00
[2025-03-04T07:12:52.594+0000] {logging_mixin.py:190} INFO - [2025-03-04T07:12:52.594+0000] {dag.py:4180} INFO - Setting next_dagrun for read_dataset_event_from_classic to 2025-03-03 00:00:00+00:00, run_after=2025-03-04 00:00:00+00:00
[2025-03-04T07:12:52.605+0000] {processor.py:208} INFO - Processing /home/airflow/.local/lib/python3.12/site-packages/airflow/example_dags/example_inlet_event_extra.py took 0.527 seconds
[2025-03-04T07:13:23.543+0000] {processor.py:186} INFO - Started process (PID=3108) to work on /home/airflow/.local/lib/python3.12/site-packages/airflow/example_dags/example_inlet_event_extra.py
[2025-03-04T07:13:23.544+0000] {processor.py:914} INFO - Processing file /home/airflow/.local/lib/python3.12/site-packages/airflow/example_dags/example_inlet_event_extra.py for tasks to queue
[2025-03-04T07:13:23.545+0000] {logging_mixin.py:190} INFO - [2025-03-04T07:13:23.544+0000] {dagbag.py:588} INFO - Filling up the DagBag from /home/airflow/.local/lib/python3.12/site-packages/airflow/example_dags/example_inlet_event_extra.py
[2025-03-04T07:13:23.951+0000] {processor.py:925} INFO - DAG(s) 'read_dataset_event_from_classic', 'read_dataset_event' retrieved from /home/airflow/.local/lib/python3.12/site-packages/airflow/example_dags/example_inlet_event_extra.py
[2025-03-04T07:13:23.966+0000] {logging_mixin.py:190} INFO - [2025-03-04T07:13:23.965+0000] {dag.py:3239} INFO - Sync 2 DAGs
[2025-03-04T07:13:23.982+0000] {logging_mixin.py:190} INFO - [2025-03-04T07:13:23.982+0000] {dag.py:4180} INFO - Setting next_dagrun for read_dataset_event to 2025-03-03 00:00:00+00:00, run_after=2025-03-04 00:00:00+00:00
[2025-03-04T07:13:23.987+0000] {logging_mixin.py:190} INFO - [2025-03-04T07:13:23.987+0000] {dag.py:4180} INFO - Setting next_dagrun for read_dataset_event_from_classic to 2025-03-03 00:00:00+00:00, run_after=2025-03-04 00:00:00+00:00
[2025-03-04T07:13:23.998+0000] {processor.py:208} INFO - Processing /home/airflow/.local/lib/python3.12/site-packages/airflow/example_dags/example_inlet_event_extra.py took 0.460 seconds
[2025-03-04T07:13:54.346+0000] {processor.py:186} INFO - Started process (PID=3182) to work on /home/airflow/.local/lib/python3.12/site-packages/airflow/example_dags/example_inlet_event_extra.py
[2025-03-04T07:13:54.347+0000] {processor.py:914} INFO - Processing file /home/airflow/.local/lib/python3.12/site-packages/airflow/example_dags/example_inlet_event_extra.py for tasks to queue
[2025-03-04T07:13:54.349+0000] {logging_mixin.py:190} INFO - [2025-03-04T07:13:54.349+0000] {dagbag.py:588} INFO - Filling up the DagBag from /home/airflow/.local/lib/python3.12/site-packages/airflow/example_dags/example_inlet_event_extra.py
[2025-03-04T07:13:54.820+0000] {processor.py:925} INFO - DAG(s) 'read_dataset_event', 'read_dataset_event_from_classic' retrieved from /home/airflow/.local/lib/python3.12/site-packages/airflow/example_dags/example_inlet_event_extra.py
[2025-03-04T07:13:54.835+0000] {logging_mixin.py:190} INFO - [2025-03-04T07:13:54.835+0000] {dag.py:3239} INFO - Sync 2 DAGs
[2025-03-04T07:13:54.853+0000] {logging_mixin.py:190} INFO - [2025-03-04T07:13:54.853+0000] {dag.py:4180} INFO - Setting next_dagrun for read_dataset_event to 2025-03-03 00:00:00+00:00, run_after=2025-03-04 00:00:00+00:00
[2025-03-04T07:13:54.857+0000] {logging_mixin.py:190} INFO - [2025-03-04T07:13:54.857+0000] {dag.py:4180} INFO - Setting next_dagrun for read_dataset_event_from_classic to 2025-03-03 00:00:00+00:00, run_after=2025-03-04 00:00:00+00:00
[2025-03-04T07:13:54.872+0000] {processor.py:208} INFO - Processing /home/airflow/.local/lib/python3.12/site-packages/airflow/example_dags/example_inlet_event_extra.py took 0.532 seconds
[2025-03-04T07:14:24.956+0000] {processor.py:186} INFO - Started process (PID=3267) to work on /home/airflow/.local/lib/python3.12/site-packages/airflow/example_dags/example_inlet_event_extra.py
[2025-03-04T07:14:24.957+0000] {processor.py:914} INFO - Processing file /home/airflow/.local/lib/python3.12/site-packages/airflow/example_dags/example_inlet_event_extra.py for tasks to queue
[2025-03-04T07:14:24.961+0000] {logging_mixin.py:190} INFO - [2025-03-04T07:14:24.960+0000] {dagbag.py:588} INFO - Filling up the DagBag from /home/airflow/.local/lib/python3.12/site-packages/airflow/example_dags/example_inlet_event_extra.py
[2025-03-04T07:14:25.598+0000] {processor.py:925} INFO - DAG(s) 'read_dataset_event', 'read_dataset_event_from_classic' retrieved from /home/airflow/.local/lib/python3.12/site-packages/airflow/example_dags/example_inlet_event_extra.py
[2025-03-04T07:14:25.620+0000] {logging_mixin.py:190} INFO - [2025-03-04T07:14:25.620+0000] {dag.py:3239} INFO - Sync 2 DAGs
[2025-03-04T07:14:25.645+0000] {logging_mixin.py:190} INFO - [2025-03-04T07:14:25.645+0000] {dag.py:4180} INFO - Setting next_dagrun for read_dataset_event to 2025-03-03 00:00:00+00:00, run_after=2025-03-04 00:00:00+00:00
[2025-03-04T07:14:25.652+0000] {logging_mixin.py:190} INFO - [2025-03-04T07:14:25.652+0000] {dag.py:4180} INFO - Setting next_dagrun for read_dataset_event_from_classic to 2025-03-03 00:00:00+00:00, run_after=2025-03-04 00:00:00+00:00
[2025-03-04T07:14:25.676+0000] {processor.py:208} INFO - Processing /home/airflow/.local/lib/python3.12/site-packages/airflow/example_dags/example_inlet_event_extra.py took 0.730 seconds
[2025-03-04T07:14:56.564+0000] {processor.py:186} INFO - Started process (PID=3346) to work on /home/airflow/.local/lib/python3.12/site-packages/airflow/example_dags/example_inlet_event_extra.py
[2025-03-04T07:14:56.566+0000] {processor.py:914} INFO - Processing file /home/airflow/.local/lib/python3.12/site-packages/airflow/example_dags/example_inlet_event_extra.py for tasks to queue
[2025-03-04T07:14:56.567+0000] {logging_mixin.py:190} INFO - [2025-03-04T07:14:56.567+0000] {dagbag.py:588} INFO - Filling up the DagBag from /home/airflow/.local/lib/python3.12/site-packages/airflow/example_dags/example_inlet_event_extra.py
[2025-03-04T07:14:57.147+0000] {processor.py:925} INFO - DAG(s) 'read_dataset_event_from_classic', 'read_dataset_event' retrieved from /home/airflow/.local/lib/python3.12/site-packages/airflow/example_dags/example_inlet_event_extra.py
[2025-03-04T07:14:57.169+0000] {logging_mixin.py:190} INFO - [2025-03-04T07:14:57.169+0000] {dag.py:3239} INFO - Sync 2 DAGs
[2025-03-04T07:14:57.201+0000] {logging_mixin.py:190} INFO - [2025-03-04T07:14:57.201+0000] {dag.py:4180} INFO - Setting next_dagrun for read_dataset_event to 2025-03-03 00:00:00+00:00, run_after=2025-03-04 00:00:00+00:00
[2025-03-04T07:14:57.209+0000] {logging_mixin.py:190} INFO - [2025-03-04T07:14:57.209+0000] {dag.py:4180} INFO - Setting next_dagrun for read_dataset_event_from_classic to 2025-03-03 00:00:00+00:00, run_after=2025-03-04 00:00:00+00:00
[2025-03-04T07:14:57.231+0000] {processor.py:208} INFO - Processing /home/airflow/.local/lib/python3.12/site-packages/airflow/example_dags/example_inlet_event_extra.py took 0.672 seconds
[2025-03-04T07:15:27.926+0000] {processor.py:186} INFO - Started process (PID=3420) to work on /home/airflow/.local/lib/python3.12/site-packages/airflow/example_dags/example_inlet_event_extra.py
[2025-03-04T07:15:27.927+0000] {processor.py:914} INFO - Processing file /home/airflow/.local/lib/python3.12/site-packages/airflow/example_dags/example_inlet_event_extra.py for tasks to queue
[2025-03-04T07:15:27.929+0000] {logging_mixin.py:190} INFO - [2025-03-04T07:15:27.929+0000] {dagbag.py:588} INFO - Filling up the DagBag from /home/airflow/.local/lib/python3.12/site-packages/airflow/example_dags/example_inlet_event_extra.py
[2025-03-04T07:15:28.354+0000] {processor.py:925} INFO - DAG(s) 'read_dataset_event', 'read_dataset_event_from_classic' retrieved from /home/airflow/.local/lib/python3.12/site-packages/airflow/example_dags/example_inlet_event_extra.py
[2025-03-04T07:15:28.372+0000] {logging_mixin.py:190} INFO - [2025-03-04T07:15:28.372+0000] {dag.py:3239} INFO - Sync 2 DAGs
[2025-03-04T07:15:28.393+0000] {logging_mixin.py:190} INFO - [2025-03-04T07:15:28.392+0000] {dag.py:4180} INFO - Setting next_dagrun for read_dataset_event to 2025-03-03 00:00:00+00:00, run_after=2025-03-04 00:00:00+00:00
[2025-03-04T07:15:28.401+0000] {logging_mixin.py:190} INFO - [2025-03-04T07:15:28.401+0000] {dag.py:4180} INFO - Setting next_dagrun for read_dataset_event_from_classic to 2025-03-03 00:00:00+00:00, run_after=2025-03-04 00:00:00+00:00
[2025-03-04T07:15:28.423+0000] {processor.py:208} INFO - Processing /home/airflow/.local/lib/python3.12/site-packages/airflow/example_dags/example_inlet_event_extra.py took 0.502 seconds
[2025-03-04T07:15:59.271+0000] {processor.py:186} INFO - Started process (PID=3502) to work on /home/airflow/.local/lib/python3.12/site-packages/airflow/example_dags/example_inlet_event_extra.py
[2025-03-04T07:15:59.272+0000] {processor.py:914} INFO - Processing file /home/airflow/.local/lib/python3.12/site-packages/airflow/example_dags/example_inlet_event_extra.py for tasks to queue
[2025-03-04T07:15:59.274+0000] {logging_mixin.py:190} INFO - [2025-03-04T07:15:59.273+0000] {dagbag.py:588} INFO - Filling up the DagBag from /home/airflow/.local/lib/python3.12/site-packages/airflow/example_dags/example_inlet_event_extra.py
[2025-03-04T07:15:59.743+0000] {processor.py:925} INFO - DAG(s) 'read_dataset_event', 'read_dataset_event_from_classic' retrieved from /home/airflow/.local/lib/python3.12/site-packages/airflow/example_dags/example_inlet_event_extra.py
[2025-03-04T07:15:59.760+0000] {logging_mixin.py:190} INFO - [2025-03-04T07:15:59.760+0000] {dag.py:3239} INFO - Sync 2 DAGs
[2025-03-04T07:15:59.778+0000] {logging_mixin.py:190} INFO - [2025-03-04T07:15:59.778+0000] {dag.py:4180} INFO - Setting next_dagrun for read_dataset_event to 2025-03-03 00:00:00+00:00, run_after=2025-03-04 00:00:00+00:00
[2025-03-04T07:15:59.782+0000] {logging_mixin.py:190} INFO - [2025-03-04T07:15:59.782+0000] {dag.py:4180} INFO - Setting next_dagrun for read_dataset_event_from_classic to 2025-03-03 00:00:00+00:00, run_after=2025-03-04 00:00:00+00:00
[2025-03-04T07:15:59.818+0000] {processor.py:208} INFO - Processing /home/airflow/.local/lib/python3.12/site-packages/airflow/example_dags/example_inlet_event_extra.py took 0.552 seconds
[2025-03-04T07:16:30.012+0000] {processor.py:186} INFO - Started process (PID=3576) to work on /home/airflow/.local/lib/python3.12/site-packages/airflow/example_dags/example_inlet_event_extra.py
[2025-03-04T07:16:30.013+0000] {processor.py:914} INFO - Processing file /home/airflow/.local/lib/python3.12/site-packages/airflow/example_dags/example_inlet_event_extra.py for tasks to queue
[2025-03-04T07:16:30.014+0000] {logging_mixin.py:190} INFO - [2025-03-04T07:16:30.014+0000] {dagbag.py:588} INFO - Filling up the DagBag from /home/airflow/.local/lib/python3.12/site-packages/airflow/example_dags/example_inlet_event_extra.py
[2025-03-04T07:16:30.488+0000] {processor.py:925} INFO - DAG(s) 'read_dataset_event', 'read_dataset_event_from_classic' retrieved from /home/airflow/.local/lib/python3.12/site-packages/airflow/example_dags/example_inlet_event_extra.py
[2025-03-04T07:16:30.515+0000] {logging_mixin.py:190} INFO - [2025-03-04T07:16:30.515+0000] {dag.py:3239} INFO - Sync 2 DAGs
[2025-03-04T07:16:30.536+0000] {logging_mixin.py:190} INFO - [2025-03-04T07:16:30.536+0000] {dag.py:4180} INFO - Setting next_dagrun for read_dataset_event to 2025-03-03 00:00:00+00:00, run_after=2025-03-04 00:00:00+00:00
[2025-03-04T07:16:30.541+0000] {logging_mixin.py:190} INFO - [2025-03-04T07:16:30.541+0000] {dag.py:4180} INFO - Setting next_dagrun for read_dataset_event_from_classic to 2025-03-03 00:00:00+00:00, run_after=2025-03-04 00:00:00+00:00
[2025-03-04T07:16:30.556+0000] {processor.py:208} INFO - Processing /home/airflow/.local/lib/python3.12/site-packages/airflow/example_dags/example_inlet_event_extra.py took 0.550 seconds
[2025-03-04T07:17:00.710+0000] {processor.py:186} INFO - Started process (PID=3658) to work on /home/airflow/.local/lib/python3.12/site-packages/airflow/example_dags/example_inlet_event_extra.py
[2025-03-04T07:17:00.712+0000] {processor.py:914} INFO - Processing file /home/airflow/.local/lib/python3.12/site-packages/airflow/example_dags/example_inlet_event_extra.py for tasks to queue
[2025-03-04T07:17:00.714+0000] {logging_mixin.py:190} INFO - [2025-03-04T07:17:00.713+0000] {dagbag.py:588} INFO - Filling up the DagBag from /home/airflow/.local/lib/python3.12/site-packages/airflow/example_dags/example_inlet_event_extra.py
[2025-03-04T07:17:01.111+0000] {processor.py:925} INFO - DAG(s) 'read_dataset_event_from_classic', 'read_dataset_event' retrieved from /home/airflow/.local/lib/python3.12/site-packages/airflow/example_dags/example_inlet_event_extra.py
[2025-03-04T07:17:01.126+0000] {logging_mixin.py:190} INFO - [2025-03-04T07:17:01.126+0000] {dag.py:3239} INFO - Sync 2 DAGs
[2025-03-04T07:17:01.143+0000] {logging_mixin.py:190} INFO - [2025-03-04T07:17:01.143+0000] {dag.py:4180} INFO - Setting next_dagrun for read_dataset_event to 2025-03-03 00:00:00+00:00, run_after=2025-03-04 00:00:00+00:00
[2025-03-04T07:17:01.147+0000] {logging_mixin.py:190} INFO - [2025-03-04T07:17:01.146+0000] {dag.py:4180} INFO - Setting next_dagrun for read_dataset_event_from_classic to 2025-03-03 00:00:00+00:00, run_after=2025-03-04 00:00:00+00:00
[2025-03-04T07:17:01.157+0000] {processor.py:208} INFO - Processing /home/airflow/.local/lib/python3.12/site-packages/airflow/example_dags/example_inlet_event_extra.py took 0.454 seconds
[2025-03-04T07:17:32.202+0000] {processor.py:186} INFO - Started process (PID=3735) to work on /home/airflow/.local/lib/python3.12/site-packages/airflow/example_dags/example_inlet_event_extra.py
[2025-03-04T07:17:32.204+0000] {processor.py:914} INFO - Processing file /home/airflow/.local/lib/python3.12/site-packages/airflow/example_dags/example_inlet_event_extra.py for tasks to queue
[2025-03-04T07:17:32.206+0000] {logging_mixin.py:190} INFO - [2025-03-04T07:17:32.205+0000] {dagbag.py:588} INFO - Filling up the DagBag from /home/airflow/.local/lib/python3.12/site-packages/airflow/example_dags/example_inlet_event_extra.py
[2025-03-04T07:17:32.621+0000] {processor.py:925} INFO - DAG(s) 'read_dataset_event', 'read_dataset_event_from_classic' retrieved from /home/airflow/.local/lib/python3.12/site-packages/airflow/example_dags/example_inlet_event_extra.py
[2025-03-04T07:17:32.638+0000] {logging_mixin.py:190} INFO - [2025-03-04T07:17:32.638+0000] {dag.py:3239} INFO - Sync 2 DAGs
[2025-03-04T07:17:32.656+0000] {logging_mixin.py:190} INFO - [2025-03-04T07:17:32.656+0000] {dag.py:4180} INFO - Setting next_dagrun for read_dataset_event to 2025-03-03 00:00:00+00:00, run_after=2025-03-04 00:00:00+00:00
[2025-03-04T07:17:32.660+0000] {logging_mixin.py:190} INFO - [2025-03-04T07:17:32.660+0000] {dag.py:4180} INFO - Setting next_dagrun for read_dataset_event_from_classic to 2025-03-03 00:00:00+00:00, run_after=2025-03-04 00:00:00+00:00
[2025-03-04T07:17:32.673+0000] {processor.py:208} INFO - Processing /home/airflow/.local/lib/python3.12/site-packages/airflow/example_dags/example_inlet_event_extra.py took 0.479 seconds
[2025-03-04T07:18:02.918+0000] {processor.py:186} INFO - Started process (PID=3819) to work on /home/airflow/.local/lib/python3.12/site-packages/airflow/example_dags/example_inlet_event_extra.py
[2025-03-04T07:18:02.919+0000] {processor.py:914} INFO - Processing file /home/airflow/.local/lib/python3.12/site-packages/airflow/example_dags/example_inlet_event_extra.py for tasks to queue
[2025-03-04T07:18:02.920+0000] {logging_mixin.py:190} INFO - [2025-03-04T07:18:02.920+0000] {dagbag.py:588} INFO - Filling up the DagBag from /home/airflow/.local/lib/python3.12/site-packages/airflow/example_dags/example_inlet_event_extra.py
[2025-03-04T07:18:03.287+0000] {processor.py:925} INFO - DAG(s) 'read_dataset_event', 'read_dataset_event_from_classic' retrieved from /home/airflow/.local/lib/python3.12/site-packages/airflow/example_dags/example_inlet_event_extra.py
[2025-03-04T07:18:03.304+0000] {logging_mixin.py:190} INFO - [2025-03-04T07:18:03.304+0000] {dag.py:3239} INFO - Sync 2 DAGs
[2025-03-04T07:18:03.320+0000] {logging_mixin.py:190} INFO - [2025-03-04T07:18:03.320+0000] {dag.py:4180} INFO - Setting next_dagrun for read_dataset_event to 2025-03-03 00:00:00+00:00, run_after=2025-03-04 00:00:00+00:00
[2025-03-04T07:18:03.325+0000] {logging_mixin.py:190} INFO - [2025-03-04T07:18:03.324+0000] {dag.py:4180} INFO - Setting next_dagrun for read_dataset_event_from_classic to 2025-03-03 00:00:00+00:00, run_after=2025-03-04 00:00:00+00:00
[2025-03-04T07:18:03.335+0000] {processor.py:208} INFO - Processing /home/airflow/.local/lib/python3.12/site-packages/airflow/example_dags/example_inlet_event_extra.py took 0.423 seconds
[2025-03-04T07:18:34.142+0000] {processor.py:186} INFO - Started process (PID=3896) to work on /home/airflow/.local/lib/python3.12/site-packages/airflow/example_dags/example_inlet_event_extra.py
[2025-03-04T07:18:34.144+0000] {processor.py:914} INFO - Processing file /home/airflow/.local/lib/python3.12/site-packages/airflow/example_dags/example_inlet_event_extra.py for tasks to queue
[2025-03-04T07:18:34.145+0000] {logging_mixin.py:190} INFO - [2025-03-04T07:18:34.145+0000] {dagbag.py:588} INFO - Filling up the DagBag from /home/airflow/.local/lib/python3.12/site-packages/airflow/example_dags/example_inlet_event_extra.py
[2025-03-04T07:18:34.587+0000] {processor.py:925} INFO - DAG(s) 'read_dataset_event', 'read_dataset_event_from_classic' retrieved from /home/airflow/.local/lib/python3.12/site-packages/airflow/example_dags/example_inlet_event_extra.py
[2025-03-04T07:18:34.609+0000] {logging_mixin.py:190} INFO - [2025-03-04T07:18:34.609+0000] {dag.py:3239} INFO - Sync 2 DAGs
[2025-03-04T07:18:34.630+0000] {logging_mixin.py:190} INFO - [2025-03-04T07:18:34.630+0000] {dag.py:4180} INFO - Setting next_dagrun for read_dataset_event to 2025-03-03 00:00:00+00:00, run_after=2025-03-04 00:00:00+00:00
[2025-03-04T07:18:34.637+0000] {logging_mixin.py:190} INFO - [2025-03-04T07:18:34.637+0000] {dag.py:4180} INFO - Setting next_dagrun for read_dataset_event_from_classic to 2025-03-03 00:00:00+00:00, run_after=2025-03-04 00:00:00+00:00
[2025-03-04T07:18:34.653+0000] {processor.py:208} INFO - Processing /home/airflow/.local/lib/python3.12/site-packages/airflow/example_dags/example_inlet_event_extra.py took 0.515 seconds
