[2025-03-04T06:53:40.643+0000] {processor.py:186} INFO - Started process (PID=71) to work on /home/airflow/.local/lib/python3.12/site-packages/airflow/example_dags/example_branch_python_dop_operator_3.py
[2025-03-04T06:53:40.645+0000] {processor.py:914} INFO - Processing file /home/airflow/.local/lib/python3.12/site-packages/airflow/example_dags/example_branch_python_dop_operator_3.py for tasks to queue
[2025-03-04T06:53:40.651+0000] {logging_mixin.py:190} INFO - [2025-03-04T06:53:40.650+0000] {dagbag.py:588} INFO - Filling up the DagBag from /home/airflow/.local/lib/python3.12/site-packages/airflow/example_dags/example_branch_python_dop_operator_3.py
[2025-03-04T06:53:40.689+0000] {processor.py:925} INFO - DAG(s) 'example_branch_dop_operator_v3' retrieved from /home/airflow/.local/lib/python3.12/site-packages/airflow/example_dags/example_branch_python_dop_operator_3.py
[2025-03-04T06:53:40.931+0000] {logging_mixin.py:190} INFO - [2025-03-04T06:53:40.930+0000] {override.py:1912} INFO - Created Permission View: can read on DAG:example_branch_dop_operator_v3
[2025-03-04T06:53:40.950+0000] {logging_mixin.py:190} INFO - [2025-03-04T06:53:40.950+0000] {override.py:1912} INFO - Created Permission View: can edit on DAG:example_branch_dop_operator_v3
[2025-03-04T06:53:40.964+0000] {logging_mixin.py:190} INFO - [2025-03-04T06:53:40.964+0000] {override.py:1912} INFO - Created Permission View: can delete on DAG:example_branch_dop_operator_v3
[2025-03-04T06:53:40.978+0000] {logging_mixin.py:190} INFO - [2025-03-04T06:53:40.978+0000] {override.py:1912} INFO - Created Permission View: menu access on DAG Run:example_branch_dop_operator_v3
[2025-03-04T06:53:40.991+0000] {logging_mixin.py:190} INFO - [2025-03-04T06:53:40.990+0000] {override.py:1912} INFO - Created Permission View: can read on DAG Run:example_branch_dop_operator_v3
[2025-03-04T06:53:41.003+0000] {logging_mixin.py:190} INFO - [2025-03-04T06:53:41.003+0000] {override.py:1912} INFO - Created Permission View: can delete on DAG Run:example_branch_dop_operator_v3
[2025-03-04T06:53:41.016+0000] {logging_mixin.py:190} INFO - [2025-03-04T06:53:41.015+0000] {override.py:1912} INFO - Created Permission View: can create on DAG Run:example_branch_dop_operator_v3
[2025-03-04T06:53:41.017+0000] {logging_mixin.py:190} INFO - [2025-03-04T06:53:41.017+0000] {dag.py:3239} INFO - Sync 1 DAGs
[2025-03-04T06:53:41.048+0000] {logging_mixin.py:190} INFO - [2025-03-04T06:53:41.047+0000] {dag.py:3262} INFO - Creating ORM DAG for example_branch_dop_operator_v3
[2025-03-04T06:53:41.075+0000] {logging_mixin.py:190} INFO - [2025-03-04T06:53:41.075+0000] {dag.py:4180} INFO - Setting next_dagrun for example_branch_dop_operator_v3 to 2025-03-04 06:52:00+00:00, run_after=2025-03-04 06:53:00+00:00
[2025-03-04T06:53:41.118+0000] {processor.py:208} INFO - Processing /home/airflow/.local/lib/python3.12/site-packages/airflow/example_dags/example_branch_python_dop_operator_3.py took 0.493 seconds
[2025-03-04T06:54:11.438+0000] {processor.py:186} INFO - Started process (PID=147) to work on /home/airflow/.local/lib/python3.12/site-packages/airflow/example_dags/example_branch_python_dop_operator_3.py
[2025-03-04T06:54:11.439+0000] {processor.py:914} INFO - Processing file /home/airflow/.local/lib/python3.12/site-packages/airflow/example_dags/example_branch_python_dop_operator_3.py for tasks to queue
[2025-03-04T06:54:11.441+0000] {logging_mixin.py:190} INFO - [2025-03-04T06:54:11.441+0000] {dagbag.py:588} INFO - Filling up the DagBag from /home/airflow/.local/lib/python3.12/site-packages/airflow/example_dags/example_branch_python_dop_operator_3.py
[2025-03-04T06:54:11.449+0000] {processor.py:925} INFO - DAG(s) 'example_branch_dop_operator_v3' retrieved from /home/airflow/.local/lib/python3.12/site-packages/airflow/example_dags/example_branch_python_dop_operator_3.py
[2025-03-04T06:54:11.463+0000] {logging_mixin.py:190} INFO - [2025-03-04T06:54:11.463+0000] {dag.py:3239} INFO - Sync 1 DAGs
[2025-03-04T06:54:11.494+0000] {logging_mixin.py:190} INFO - [2025-03-04T06:54:11.494+0000] {dag.py:4180} INFO - Setting next_dagrun for example_branch_dop_operator_v3 to 2025-03-04 06:53:00+00:00, run_after=2025-03-04 06:54:00+00:00
[2025-03-04T06:54:11.508+0000] {processor.py:208} INFO - Processing /home/airflow/.local/lib/python3.12/site-packages/airflow/example_dags/example_branch_python_dop_operator_3.py took 0.077 seconds
[2025-03-04T06:54:41.709+0000] {processor.py:186} INFO - Started process (PID=222) to work on /home/airflow/.local/lib/python3.12/site-packages/airflow/example_dags/example_branch_python_dop_operator_3.py
[2025-03-04T06:54:41.711+0000] {processor.py:914} INFO - Processing file /home/airflow/.local/lib/python3.12/site-packages/airflow/example_dags/example_branch_python_dop_operator_3.py for tasks to queue
[2025-03-04T06:54:41.714+0000] {logging_mixin.py:190} INFO - [2025-03-04T06:54:41.713+0000] {dagbag.py:588} INFO - Filling up the DagBag from /home/airflow/.local/lib/python3.12/site-packages/airflow/example_dags/example_branch_python_dop_operator_3.py
[2025-03-04T06:54:41.724+0000] {processor.py:925} INFO - DAG(s) 'example_branch_dop_operator_v3' retrieved from /home/airflow/.local/lib/python3.12/site-packages/airflow/example_dags/example_branch_python_dop_operator_3.py
[2025-03-04T06:54:41.740+0000] {logging_mixin.py:190} INFO - [2025-03-04T06:54:41.740+0000] {dag.py:3239} INFO - Sync 1 DAGs
[2025-03-04T06:54:41.763+0000] {logging_mixin.py:190} INFO - [2025-03-04T06:54:41.763+0000] {dag.py:4180} INFO - Setting next_dagrun for example_branch_dop_operator_v3 to 2025-03-04 06:53:00+00:00, run_after=2025-03-04 06:54:00+00:00
[2025-03-04T06:54:41.779+0000] {processor.py:208} INFO - Processing /home/airflow/.local/lib/python3.12/site-packages/airflow/example_dags/example_branch_python_dop_operator_3.py took 0.076 seconds
[2025-03-04T06:55:12.220+0000] {processor.py:186} INFO - Started process (PID=304) to work on /home/airflow/.local/lib/python3.12/site-packages/airflow/example_dags/example_branch_python_dop_operator_3.py
[2025-03-04T06:55:12.221+0000] {processor.py:914} INFO - Processing file /home/airflow/.local/lib/python3.12/site-packages/airflow/example_dags/example_branch_python_dop_operator_3.py for tasks to queue
[2025-03-04T06:55:12.223+0000] {logging_mixin.py:190} INFO - [2025-03-04T06:55:12.223+0000] {dagbag.py:588} INFO - Filling up the DagBag from /home/airflow/.local/lib/python3.12/site-packages/airflow/example_dags/example_branch_python_dop_operator_3.py
[2025-03-04T06:55:12.231+0000] {processor.py:925} INFO - DAG(s) 'example_branch_dop_operator_v3' retrieved from /home/airflow/.local/lib/python3.12/site-packages/airflow/example_dags/example_branch_python_dop_operator_3.py
[2025-03-04T06:55:12.244+0000] {logging_mixin.py:190} INFO - [2025-03-04T06:55:12.243+0000] {dag.py:3239} INFO - Sync 1 DAGs
[2025-03-04T06:55:12.262+0000] {logging_mixin.py:190} INFO - [2025-03-04T06:55:12.261+0000] {dag.py:4180} INFO - Setting next_dagrun for example_branch_dop_operator_v3 to 2025-03-04 06:54:00+00:00, run_after=2025-03-04 06:55:00+00:00
[2025-03-04T06:55:12.274+0000] {processor.py:208} INFO - Processing /home/airflow/.local/lib/python3.12/site-packages/airflow/example_dags/example_branch_python_dop_operator_3.py took 0.059 seconds
[2025-03-04T06:55:42.416+0000] {processor.py:186} INFO - Started process (PID=379) to work on /home/airflow/.local/lib/python3.12/site-packages/airflow/example_dags/example_branch_python_dop_operator_3.py
[2025-03-04T06:55:42.417+0000] {processor.py:914} INFO - Processing file /home/airflow/.local/lib/python3.12/site-packages/airflow/example_dags/example_branch_python_dop_operator_3.py for tasks to queue
[2025-03-04T06:55:42.419+0000] {logging_mixin.py:190} INFO - [2025-03-04T06:55:42.419+0000] {dagbag.py:588} INFO - Filling up the DagBag from /home/airflow/.local/lib/python3.12/site-packages/airflow/example_dags/example_branch_python_dop_operator_3.py
[2025-03-04T06:55:42.427+0000] {processor.py:925} INFO - DAG(s) 'example_branch_dop_operator_v3' retrieved from /home/airflow/.local/lib/python3.12/site-packages/airflow/example_dags/example_branch_python_dop_operator_3.py
[2025-03-04T06:55:42.442+0000] {logging_mixin.py:190} INFO - [2025-03-04T06:55:42.442+0000] {dag.py:3239} INFO - Sync 1 DAGs
[2025-03-04T06:55:42.460+0000] {logging_mixin.py:190} INFO - [2025-03-04T06:55:42.460+0000] {dag.py:4180} INFO - Setting next_dagrun for example_branch_dop_operator_v3 to 2025-03-04 06:54:00+00:00, run_after=2025-03-04 06:55:00+00:00
[2025-03-04T06:55:42.494+0000] {processor.py:208} INFO - Processing /home/airflow/.local/lib/python3.12/site-packages/airflow/example_dags/example_branch_python_dop_operator_3.py took 0.082 seconds
[2025-03-04T06:56:13.294+0000] {processor.py:186} INFO - Started process (PID=462) to work on /home/airflow/.local/lib/python3.12/site-packages/airflow/example_dags/example_branch_python_dop_operator_3.py
[2025-03-04T06:56:13.295+0000] {processor.py:914} INFO - Processing file /home/airflow/.local/lib/python3.12/site-packages/airflow/example_dags/example_branch_python_dop_operator_3.py for tasks to queue
[2025-03-04T06:56:13.297+0000] {logging_mixin.py:190} INFO - [2025-03-04T06:56:13.297+0000] {dagbag.py:588} INFO - Filling up the DagBag from /home/airflow/.local/lib/python3.12/site-packages/airflow/example_dags/example_branch_python_dop_operator_3.py
[2025-03-04T06:56:13.306+0000] {processor.py:925} INFO - DAG(s) 'example_branch_dop_operator_v3' retrieved from /home/airflow/.local/lib/python3.12/site-packages/airflow/example_dags/example_branch_python_dop_operator_3.py
[2025-03-04T06:56:13.320+0000] {logging_mixin.py:190} INFO - [2025-03-04T06:56:13.320+0000] {dag.py:3239} INFO - Sync 1 DAGs
[2025-03-04T06:56:13.339+0000] {logging_mixin.py:190} INFO - [2025-03-04T06:56:13.339+0000] {dag.py:4180} INFO - Setting next_dagrun for example_branch_dop_operator_v3 to 2025-03-04 06:55:00+00:00, run_after=2025-03-04 06:56:00+00:00
[2025-03-04T06:56:13.355+0000] {processor.py:208} INFO - Processing /home/airflow/.local/lib/python3.12/site-packages/airflow/example_dags/example_branch_python_dop_operator_3.py took 0.066 seconds
[2025-03-04T06:56:44.005+0000] {processor.py:186} INFO - Started process (PID=537) to work on /home/airflow/.local/lib/python3.12/site-packages/airflow/example_dags/example_branch_python_dop_operator_3.py
[2025-03-04T06:56:44.007+0000] {processor.py:914} INFO - Processing file /home/airflow/.local/lib/python3.12/site-packages/airflow/example_dags/example_branch_python_dop_operator_3.py for tasks to queue
[2025-03-04T06:56:44.009+0000] {logging_mixin.py:190} INFO - [2025-03-04T06:56:44.009+0000] {dagbag.py:588} INFO - Filling up the DagBag from /home/airflow/.local/lib/python3.12/site-packages/airflow/example_dags/example_branch_python_dop_operator_3.py
[2025-03-04T06:56:44.018+0000] {processor.py:925} INFO - DAG(s) 'example_branch_dop_operator_v3' retrieved from /home/airflow/.local/lib/python3.12/site-packages/airflow/example_dags/example_branch_python_dop_operator_3.py
[2025-03-04T06:56:44.033+0000] {logging_mixin.py:190} INFO - [2025-03-04T06:56:44.033+0000] {dag.py:3239} INFO - Sync 1 DAGs
[2025-03-04T06:56:44.054+0000] {logging_mixin.py:190} INFO - [2025-03-04T06:56:44.053+0000] {dag.py:4180} INFO - Setting next_dagrun for example_branch_dop_operator_v3 to 2025-03-04 06:55:00+00:00, run_after=2025-03-04 06:56:00+00:00
[2025-03-04T06:56:44.072+0000] {processor.py:208} INFO - Processing /home/airflow/.local/lib/python3.12/site-packages/airflow/example_dags/example_branch_python_dop_operator_3.py took 0.071 seconds
[2025-03-04T06:57:14.573+0000] {processor.py:186} INFO - Started process (PID=619) to work on /home/airflow/.local/lib/python3.12/site-packages/airflow/example_dags/example_branch_python_dop_operator_3.py
[2025-03-04T06:57:14.575+0000] {processor.py:914} INFO - Processing file /home/airflow/.local/lib/python3.12/site-packages/airflow/example_dags/example_branch_python_dop_operator_3.py for tasks to queue
[2025-03-04T06:57:14.579+0000] {logging_mixin.py:190} INFO - [2025-03-04T06:57:14.578+0000] {dagbag.py:588} INFO - Filling up the DagBag from /home/airflow/.local/lib/python3.12/site-packages/airflow/example_dags/example_branch_python_dop_operator_3.py
[2025-03-04T06:57:14.592+0000] {processor.py:925} INFO - DAG(s) 'example_branch_dop_operator_v3' retrieved from /home/airflow/.local/lib/python3.12/site-packages/airflow/example_dags/example_branch_python_dop_operator_3.py
[2025-03-04T06:57:14.618+0000] {logging_mixin.py:190} INFO - [2025-03-04T06:57:14.618+0000] {dag.py:3239} INFO - Sync 1 DAGs
[2025-03-04T06:57:14.649+0000] {logging_mixin.py:190} INFO - [2025-03-04T06:57:14.649+0000] {dag.py:4180} INFO - Setting next_dagrun for example_branch_dop_operator_v3 to 2025-03-04 06:56:00+00:00, run_after=2025-03-04 06:57:00+00:00
[2025-03-04T06:57:14.671+0000] {processor.py:208} INFO - Processing /home/airflow/.local/lib/python3.12/site-packages/airflow/example_dags/example_branch_python_dop_operator_3.py took 0.107 seconds
[2025-03-04T06:57:44.824+0000] {processor.py:186} INFO - Started process (PID=695) to work on /home/airflow/.local/lib/python3.12/site-packages/airflow/example_dags/example_branch_python_dop_operator_3.py
[2025-03-04T06:57:44.825+0000] {processor.py:914} INFO - Processing file /home/airflow/.local/lib/python3.12/site-packages/airflow/example_dags/example_branch_python_dop_operator_3.py for tasks to queue
[2025-03-04T06:57:44.827+0000] {logging_mixin.py:190} INFO - [2025-03-04T06:57:44.827+0000] {dagbag.py:588} INFO - Filling up the DagBag from /home/airflow/.local/lib/python3.12/site-packages/airflow/example_dags/example_branch_python_dop_operator_3.py
[2025-03-04T06:57:44.836+0000] {processor.py:925} INFO - DAG(s) 'example_branch_dop_operator_v3' retrieved from /home/airflow/.local/lib/python3.12/site-packages/airflow/example_dags/example_branch_python_dop_operator_3.py
[2025-03-04T06:57:44.853+0000] {logging_mixin.py:190} INFO - [2025-03-04T06:57:44.853+0000] {dag.py:3239} INFO - Sync 1 DAGs
[2025-03-04T06:57:44.875+0000] {logging_mixin.py:190} INFO - [2025-03-04T06:57:44.874+0000] {dag.py:4180} INFO - Setting next_dagrun for example_branch_dop_operator_v3 to 2025-03-04 06:56:00+00:00, run_after=2025-03-04 06:57:00+00:00
[2025-03-04T06:57:44.890+0000] {processor.py:208} INFO - Processing /home/airflow/.local/lib/python3.12/site-packages/airflow/example_dags/example_branch_python_dop_operator_3.py took 0.071 seconds
[2025-03-04T06:58:15.391+0000] {processor.py:186} INFO - Started process (PID=770) to work on /home/airflow/.local/lib/python3.12/site-packages/airflow/example_dags/example_branch_python_dop_operator_3.py
[2025-03-04T06:58:15.392+0000] {processor.py:914} INFO - Processing file /home/airflow/.local/lib/python3.12/site-packages/airflow/example_dags/example_branch_python_dop_operator_3.py for tasks to queue
[2025-03-04T06:58:15.395+0000] {logging_mixin.py:190} INFO - [2025-03-04T06:58:15.395+0000] {dagbag.py:588} INFO - Filling up the DagBag from /home/airflow/.local/lib/python3.12/site-packages/airflow/example_dags/example_branch_python_dop_operator_3.py
[2025-03-04T06:58:15.404+0000] {processor.py:925} INFO - DAG(s) 'example_branch_dop_operator_v3' retrieved from /home/airflow/.local/lib/python3.12/site-packages/airflow/example_dags/example_branch_python_dop_operator_3.py
[2025-03-04T06:58:15.423+0000] {logging_mixin.py:190} INFO - [2025-03-04T06:58:15.423+0000] {dag.py:3239} INFO - Sync 1 DAGs
[2025-03-04T06:58:15.445+0000] {logging_mixin.py:190} INFO - [2025-03-04T06:58:15.445+0000] {dag.py:4180} INFO - Setting next_dagrun for example_branch_dop_operator_v3 to 2025-03-04 06:57:00+00:00, run_after=2025-03-04 06:58:00+00:00
[2025-03-04T06:58:15.461+0000] {processor.py:208} INFO - Processing /home/airflow/.local/lib/python3.12/site-packages/airflow/example_dags/example_branch_python_dop_operator_3.py took 0.076 seconds
[2025-03-04T06:58:45.700+0000] {processor.py:186} INFO - Started process (PID=854) to work on /home/airflow/.local/lib/python3.12/site-packages/airflow/example_dags/example_branch_python_dop_operator_3.py
[2025-03-04T06:58:45.701+0000] {processor.py:914} INFO - Processing file /home/airflow/.local/lib/python3.12/site-packages/airflow/example_dags/example_branch_python_dop_operator_3.py for tasks to queue
[2025-03-04T06:58:45.704+0000] {logging_mixin.py:190} INFO - [2025-03-04T06:58:45.704+0000] {dagbag.py:588} INFO - Filling up the DagBag from /home/airflow/.local/lib/python3.12/site-packages/airflow/example_dags/example_branch_python_dop_operator_3.py
[2025-03-04T06:58:45.714+0000] {processor.py:925} INFO - DAG(s) 'example_branch_dop_operator_v3' retrieved from /home/airflow/.local/lib/python3.12/site-packages/airflow/example_dags/example_branch_python_dop_operator_3.py
[2025-03-04T06:58:45.732+0000] {logging_mixin.py:190} INFO - [2025-03-04T06:58:45.731+0000] {dag.py:3239} INFO - Sync 1 DAGs
[2025-03-04T06:58:45.752+0000] {logging_mixin.py:190} INFO - [2025-03-04T06:58:45.752+0000] {dag.py:4180} INFO - Setting next_dagrun for example_branch_dop_operator_v3 to 2025-03-04 06:57:00+00:00, run_after=2025-03-04 06:58:00+00:00
[2025-03-04T06:58:45.770+0000] {processor.py:208} INFO - Processing /home/airflow/.local/lib/python3.12/site-packages/airflow/example_dags/example_branch_python_dop_operator_3.py took 0.076 seconds
[2025-03-04T06:59:16.687+0000] {processor.py:186} INFO - Started process (PID=930) to work on /home/airflow/.local/lib/python3.12/site-packages/airflow/example_dags/example_branch_python_dop_operator_3.py
[2025-03-04T06:59:16.689+0000] {processor.py:914} INFO - Processing file /home/airflow/.local/lib/python3.12/site-packages/airflow/example_dags/example_branch_python_dop_operator_3.py for tasks to queue
[2025-03-04T06:59:16.694+0000] {logging_mixin.py:190} INFO - [2025-03-04T06:59:16.693+0000] {dagbag.py:588} INFO - Filling up the DagBag from /home/airflow/.local/lib/python3.12/site-packages/airflow/example_dags/example_branch_python_dop_operator_3.py
[2025-03-04T06:59:16.705+0000] {processor.py:925} INFO - DAG(s) 'example_branch_dop_operator_v3' retrieved from /home/airflow/.local/lib/python3.12/site-packages/airflow/example_dags/example_branch_python_dop_operator_3.py
[2025-03-04T06:59:16.725+0000] {logging_mixin.py:190} INFO - [2025-03-04T06:59:16.725+0000] {dag.py:3239} INFO - Sync 1 DAGs
[2025-03-04T06:59:16.749+0000] {logging_mixin.py:190} INFO - [2025-03-04T06:59:16.749+0000] {dag.py:4180} INFO - Setting next_dagrun for example_branch_dop_operator_v3 to 2025-03-04 06:58:00+00:00, run_after=2025-03-04 06:59:00+00:00
[2025-03-04T06:59:16.766+0000] {processor.py:208} INFO - Processing /home/airflow/.local/lib/python3.12/site-packages/airflow/example_dags/example_branch_python_dop_operator_3.py took 0.084 seconds
[2025-03-04T06:59:46.848+0000] {processor.py:186} INFO - Started process (PID=1013) to work on /home/airflow/.local/lib/python3.12/site-packages/airflow/example_dags/example_branch_python_dop_operator_3.py
[2025-03-04T06:59:46.849+0000] {processor.py:914} INFO - Processing file /home/airflow/.local/lib/python3.12/site-packages/airflow/example_dags/example_branch_python_dop_operator_3.py for tasks to queue
[2025-03-04T06:59:46.851+0000] {logging_mixin.py:190} INFO - [2025-03-04T06:59:46.851+0000] {dagbag.py:588} INFO - Filling up the DagBag from /home/airflow/.local/lib/python3.12/site-packages/airflow/example_dags/example_branch_python_dop_operator_3.py
[2025-03-04T06:59:46.861+0000] {processor.py:925} INFO - DAG(s) 'example_branch_dop_operator_v3' retrieved from /home/airflow/.local/lib/python3.12/site-packages/airflow/example_dags/example_branch_python_dop_operator_3.py
[2025-03-04T06:59:46.876+0000] {logging_mixin.py:190} INFO - [2025-03-04T06:59:46.876+0000] {dag.py:3239} INFO - Sync 1 DAGs
[2025-03-04T06:59:46.896+0000] {logging_mixin.py:190} INFO - [2025-03-04T06:59:46.896+0000] {dag.py:4180} INFO - Setting next_dagrun for example_branch_dop_operator_v3 to 2025-03-04 06:58:00+00:00, run_after=2025-03-04 06:59:00+00:00
[2025-03-04T06:59:46.910+0000] {processor.py:208} INFO - Processing /home/airflow/.local/lib/python3.12/site-packages/airflow/example_dags/example_branch_python_dop_operator_3.py took 0.067 seconds
[2025-03-04T07:00:17.660+0000] {processor.py:186} INFO - Started process (PID=1090) to work on /home/airflow/.local/lib/python3.12/site-packages/airflow/example_dags/example_branch_python_dop_operator_3.py
[2025-03-04T07:00:17.662+0000] {processor.py:914} INFO - Processing file /home/airflow/.local/lib/python3.12/site-packages/airflow/example_dags/example_branch_python_dop_operator_3.py for tasks to queue
[2025-03-04T07:00:17.665+0000] {logging_mixin.py:190} INFO - [2025-03-04T07:00:17.665+0000] {dagbag.py:588} INFO - Filling up the DagBag from /home/airflow/.local/lib/python3.12/site-packages/airflow/example_dags/example_branch_python_dop_operator_3.py
[2025-03-04T07:00:17.674+0000] {processor.py:925} INFO - DAG(s) 'example_branch_dop_operator_v3' retrieved from /home/airflow/.local/lib/python3.12/site-packages/airflow/example_dags/example_branch_python_dop_operator_3.py
[2025-03-04T07:00:17.693+0000] {logging_mixin.py:190} INFO - [2025-03-04T07:00:17.693+0000] {dag.py:3239} INFO - Sync 1 DAGs
[2025-03-04T07:00:17.717+0000] {logging_mixin.py:190} INFO - [2025-03-04T07:00:17.716+0000] {dag.py:4180} INFO - Setting next_dagrun for example_branch_dop_operator_v3 to 2025-03-04 06:59:00+00:00, run_after=2025-03-04 07:00:00+00:00
[2025-03-04T07:00:17.741+0000] {processor.py:208} INFO - Processing /home/airflow/.local/lib/python3.12/site-packages/airflow/example_dags/example_branch_python_dop_operator_3.py took 0.087 seconds
[2025-03-04T07:00:47.982+0000] {processor.py:186} INFO - Started process (PID=1175) to work on /home/airflow/.local/lib/python3.12/site-packages/airflow/example_dags/example_branch_python_dop_operator_3.py
[2025-03-04T07:00:47.984+0000] {processor.py:914} INFO - Processing file /home/airflow/.local/lib/python3.12/site-packages/airflow/example_dags/example_branch_python_dop_operator_3.py for tasks to queue
[2025-03-04T07:00:47.986+0000] {logging_mixin.py:190} INFO - [2025-03-04T07:00:47.985+0000] {dagbag.py:588} INFO - Filling up the DagBag from /home/airflow/.local/lib/python3.12/site-packages/airflow/example_dags/example_branch_python_dop_operator_3.py
[2025-03-04T07:00:47.996+0000] {processor.py:925} INFO - DAG(s) 'example_branch_dop_operator_v3' retrieved from /home/airflow/.local/lib/python3.12/site-packages/airflow/example_dags/example_branch_python_dop_operator_3.py
[2025-03-04T07:00:48.011+0000] {logging_mixin.py:190} INFO - [2025-03-04T07:00:48.011+0000] {dag.py:3239} INFO - Sync 1 DAGs
[2025-03-04T07:00:48.037+0000] {logging_mixin.py:190} INFO - [2025-03-04T07:00:48.036+0000] {dag.py:4180} INFO - Setting next_dagrun for example_branch_dop_operator_v3 to 2025-03-04 06:59:00+00:00, run_after=2025-03-04 07:00:00+00:00
[2025-03-04T07:00:48.060+0000] {processor.py:208} INFO - Processing /home/airflow/.local/lib/python3.12/site-packages/airflow/example_dags/example_branch_python_dop_operator_3.py took 0.083 seconds
[2025-03-04T07:01:18.779+0000] {processor.py:186} INFO - Started process (PID=1254) to work on /home/airflow/.local/lib/python3.12/site-packages/airflow/example_dags/example_branch_python_dop_operator_3.py
[2025-03-04T07:01:18.781+0000] {processor.py:914} INFO - Processing file /home/airflow/.local/lib/python3.12/site-packages/airflow/example_dags/example_branch_python_dop_operator_3.py for tasks to queue
[2025-03-04T07:01:18.782+0000] {logging_mixin.py:190} INFO - [2025-03-04T07:01:18.782+0000] {dagbag.py:588} INFO - Filling up the DagBag from /home/airflow/.local/lib/python3.12/site-packages/airflow/example_dags/example_branch_python_dop_operator_3.py
[2025-03-04T07:01:18.792+0000] {processor.py:925} INFO - DAG(s) 'example_branch_dop_operator_v3' retrieved from /home/airflow/.local/lib/python3.12/site-packages/airflow/example_dags/example_branch_python_dop_operator_3.py
[2025-03-04T07:01:18.809+0000] {logging_mixin.py:190} INFO - [2025-03-04T07:01:18.809+0000] {dag.py:3239} INFO - Sync 1 DAGs
[2025-03-04T07:01:18.833+0000] {logging_mixin.py:190} INFO - [2025-03-04T07:01:18.833+0000] {dag.py:4180} INFO - Setting next_dagrun for example_branch_dop_operator_v3 to 2025-03-04 07:00:00+00:00, run_after=2025-03-04 07:01:00+00:00
[2025-03-04T07:01:18.851+0000] {processor.py:208} INFO - Processing /home/airflow/.local/lib/python3.12/site-packages/airflow/example_dags/example_branch_python_dop_operator_3.py took 0.079 seconds
[2025-03-04T07:01:49.067+0000] {processor.py:186} INFO - Started process (PID=1329) to work on /home/airflow/.local/lib/python3.12/site-packages/airflow/example_dags/example_branch_python_dop_operator_3.py
[2025-03-04T07:01:49.068+0000] {processor.py:914} INFO - Processing file /home/airflow/.local/lib/python3.12/site-packages/airflow/example_dags/example_branch_python_dop_operator_3.py for tasks to queue
[2025-03-04T07:01:49.069+0000] {logging_mixin.py:190} INFO - [2025-03-04T07:01:49.069+0000] {dagbag.py:588} INFO - Filling up the DagBag from /home/airflow/.local/lib/python3.12/site-packages/airflow/example_dags/example_branch_python_dop_operator_3.py
[2025-03-04T07:01:49.077+0000] {processor.py:925} INFO - DAG(s) 'example_branch_dop_operator_v3' retrieved from /home/airflow/.local/lib/python3.12/site-packages/airflow/example_dags/example_branch_python_dop_operator_3.py
[2025-03-04T07:01:49.092+0000] {logging_mixin.py:190} INFO - [2025-03-04T07:01:49.091+0000] {dag.py:3239} INFO - Sync 1 DAGs
[2025-03-04T07:01:49.110+0000] {logging_mixin.py:190} INFO - [2025-03-04T07:01:49.110+0000] {dag.py:4180} INFO - Setting next_dagrun for example_branch_dop_operator_v3 to 2025-03-04 07:00:00+00:00, run_after=2025-03-04 07:01:00+00:00
[2025-03-04T07:01:49.124+0000] {processor.py:208} INFO - Processing /home/airflow/.local/lib/python3.12/site-packages/airflow/example_dags/example_branch_python_dop_operator_3.py took 0.061 seconds
[2025-03-04T07:02:19.845+0000] {processor.py:186} INFO - Started process (PID=1413) to work on /home/airflow/.local/lib/python3.12/site-packages/airflow/example_dags/example_branch_python_dop_operator_3.py
[2025-03-04T07:02:19.846+0000] {processor.py:914} INFO - Processing file /home/airflow/.local/lib/python3.12/site-packages/airflow/example_dags/example_branch_python_dop_operator_3.py for tasks to queue
[2025-03-04T07:02:19.847+0000] {logging_mixin.py:190} INFO - [2025-03-04T07:02:19.847+0000] {dagbag.py:588} INFO - Filling up the DagBag from /home/airflow/.local/lib/python3.12/site-packages/airflow/example_dags/example_branch_python_dop_operator_3.py
[2025-03-04T07:02:19.855+0000] {processor.py:925} INFO - DAG(s) 'example_branch_dop_operator_v3' retrieved from /home/airflow/.local/lib/python3.12/site-packages/airflow/example_dags/example_branch_python_dop_operator_3.py
[2025-03-04T07:02:19.871+0000] {logging_mixin.py:190} INFO - [2025-03-04T07:02:19.870+0000] {dag.py:3239} INFO - Sync 1 DAGs
[2025-03-04T07:02:19.890+0000] {logging_mixin.py:190} INFO - [2025-03-04T07:02:19.889+0000] {dag.py:4180} INFO - Setting next_dagrun for example_branch_dop_operator_v3 to 2025-03-04 07:01:00+00:00, run_after=2025-03-04 07:02:00+00:00
[2025-03-04T07:02:19.903+0000] {processor.py:208} INFO - Processing /home/airflow/.local/lib/python3.12/site-packages/airflow/example_dags/example_branch_python_dop_operator_3.py took 0.063 seconds
[2025-03-04T07:02:50.298+0000] {processor.py:186} INFO - Started process (PID=1493) to work on /home/airflow/.local/lib/python3.12/site-packages/airflow/example_dags/example_branch_python_dop_operator_3.py
[2025-03-04T07:02:50.299+0000] {processor.py:914} INFO - Processing file /home/airflow/.local/lib/python3.12/site-packages/airflow/example_dags/example_branch_python_dop_operator_3.py for tasks to queue
[2025-03-04T07:02:50.300+0000] {logging_mixin.py:190} INFO - [2025-03-04T07:02:50.300+0000] {dagbag.py:588} INFO - Filling up the DagBag from /home/airflow/.local/lib/python3.12/site-packages/airflow/example_dags/example_branch_python_dop_operator_3.py
[2025-03-04T07:02:50.312+0000] {processor.py:925} INFO - DAG(s) 'example_branch_dop_operator_v3' retrieved from /home/airflow/.local/lib/python3.12/site-packages/airflow/example_dags/example_branch_python_dop_operator_3.py
[2025-03-04T07:02:50.332+0000] {logging_mixin.py:190} INFO - [2025-03-04T07:02:50.332+0000] {dag.py:3239} INFO - Sync 1 DAGs
[2025-03-04T07:02:50.358+0000] {logging_mixin.py:190} INFO - [2025-03-04T07:02:50.358+0000] {dag.py:4180} INFO - Setting next_dagrun for example_branch_dop_operator_v3 to 2025-03-04 07:01:00+00:00, run_after=2025-03-04 07:02:00+00:00
[2025-03-04T07:02:50.375+0000] {processor.py:208} INFO - Processing /home/airflow/.local/lib/python3.12/site-packages/airflow/example_dags/example_branch_python_dop_operator_3.py took 0.083 seconds
[2025-03-04T07:03:20.544+0000] {processor.py:186} INFO - Started process (PID=1576) to work on /home/airflow/.local/lib/python3.12/site-packages/airflow/example_dags/example_branch_python_dop_operator_3.py
[2025-03-04T07:03:20.546+0000] {processor.py:914} INFO - Processing file /home/airflow/.local/lib/python3.12/site-packages/airflow/example_dags/example_branch_python_dop_operator_3.py for tasks to queue
[2025-03-04T07:03:20.547+0000] {logging_mixin.py:190} INFO - [2025-03-04T07:03:20.547+0000] {dagbag.py:588} INFO - Filling up the DagBag from /home/airflow/.local/lib/python3.12/site-packages/airflow/example_dags/example_branch_python_dop_operator_3.py
[2025-03-04T07:03:20.555+0000] {processor.py:925} INFO - DAG(s) 'example_branch_dop_operator_v3' retrieved from /home/airflow/.local/lib/python3.12/site-packages/airflow/example_dags/example_branch_python_dop_operator_3.py
[2025-03-04T07:03:20.570+0000] {logging_mixin.py:190} INFO - [2025-03-04T07:03:20.570+0000] {dag.py:3239} INFO - Sync 1 DAGs
[2025-03-04T07:03:20.588+0000] {logging_mixin.py:190} INFO - [2025-03-04T07:03:20.588+0000] {dag.py:4180} INFO - Setting next_dagrun for example_branch_dop_operator_v3 to 2025-03-04 07:02:00+00:00, run_after=2025-03-04 07:03:00+00:00
[2025-03-04T07:03:20.604+0000] {processor.py:208} INFO - Processing /home/airflow/.local/lib/python3.12/site-packages/airflow/example_dags/example_branch_python_dop_operator_3.py took 0.064 seconds
[2025-03-04T07:03:50.822+0000] {processor.py:186} INFO - Started process (PID=1651) to work on /home/airflow/.local/lib/python3.12/site-packages/airflow/example_dags/example_branch_python_dop_operator_3.py
[2025-03-04T07:03:50.823+0000] {processor.py:914} INFO - Processing file /home/airflow/.local/lib/python3.12/site-packages/airflow/example_dags/example_branch_python_dop_operator_3.py for tasks to queue
[2025-03-04T07:03:50.825+0000] {logging_mixin.py:190} INFO - [2025-03-04T07:03:50.824+0000] {dagbag.py:588} INFO - Filling up the DagBag from /home/airflow/.local/lib/python3.12/site-packages/airflow/example_dags/example_branch_python_dop_operator_3.py
[2025-03-04T07:03:50.832+0000] {processor.py:925} INFO - DAG(s) 'example_branch_dop_operator_v3' retrieved from /home/airflow/.local/lib/python3.12/site-packages/airflow/example_dags/example_branch_python_dop_operator_3.py
[2025-03-04T07:03:50.848+0000] {logging_mixin.py:190} INFO - [2025-03-04T07:03:50.848+0000] {dag.py:3239} INFO - Sync 1 DAGs
[2025-03-04T07:03:50.868+0000] {logging_mixin.py:190} INFO - [2025-03-04T07:03:50.868+0000] {dag.py:4180} INFO - Setting next_dagrun for example_branch_dop_operator_v3 to 2025-03-04 07:02:00+00:00, run_after=2025-03-04 07:03:00+00:00
[2025-03-04T07:03:50.883+0000] {processor.py:208} INFO - Processing /home/airflow/.local/lib/python3.12/site-packages/airflow/example_dags/example_branch_python_dop_operator_3.py took 0.065 seconds
[2025-03-04T07:04:21.094+0000] {processor.py:186} INFO - Started process (PID=1733) to work on /home/airflow/.local/lib/python3.12/site-packages/airflow/example_dags/example_branch_python_dop_operator_3.py
[2025-03-04T07:04:21.095+0000] {processor.py:914} INFO - Processing file /home/airflow/.local/lib/python3.12/site-packages/airflow/example_dags/example_branch_python_dop_operator_3.py for tasks to queue
[2025-03-04T07:04:21.097+0000] {logging_mixin.py:190} INFO - [2025-03-04T07:04:21.097+0000] {dagbag.py:588} INFO - Filling up the DagBag from /home/airflow/.local/lib/python3.12/site-packages/airflow/example_dags/example_branch_python_dop_operator_3.py
[2025-03-04T07:04:21.107+0000] {processor.py:925} INFO - DAG(s) 'example_branch_dop_operator_v3' retrieved from /home/airflow/.local/lib/python3.12/site-packages/airflow/example_dags/example_branch_python_dop_operator_3.py
[2025-03-04T07:04:21.125+0000] {logging_mixin.py:190} INFO - [2025-03-04T07:04:21.125+0000] {dag.py:3239} INFO - Sync 1 DAGs
[2025-03-04T07:04:21.146+0000] {logging_mixin.py:190} INFO - [2025-03-04T07:04:21.146+0000] {dag.py:4180} INFO - Setting next_dagrun for example_branch_dop_operator_v3 to 2025-03-04 07:03:00+00:00, run_after=2025-03-04 07:04:00+00:00
[2025-03-04T07:04:21.162+0000] {processor.py:208} INFO - Processing /home/airflow/.local/lib/python3.12/site-packages/airflow/example_dags/example_branch_python_dop_operator_3.py took 0.073 seconds
[2025-03-04T07:04:51.305+0000] {processor.py:186} INFO - Started process (PID=1808) to work on /home/airflow/.local/lib/python3.12/site-packages/airflow/example_dags/example_branch_python_dop_operator_3.py
[2025-03-04T07:04:51.306+0000] {processor.py:914} INFO - Processing file /home/airflow/.local/lib/python3.12/site-packages/airflow/example_dags/example_branch_python_dop_operator_3.py for tasks to queue
[2025-03-04T07:04:51.308+0000] {logging_mixin.py:190} INFO - [2025-03-04T07:04:51.308+0000] {dagbag.py:588} INFO - Filling up the DagBag from /home/airflow/.local/lib/python3.12/site-packages/airflow/example_dags/example_branch_python_dop_operator_3.py
[2025-03-04T07:04:51.317+0000] {processor.py:925} INFO - DAG(s) 'example_branch_dop_operator_v3' retrieved from /home/airflow/.local/lib/python3.12/site-packages/airflow/example_dags/example_branch_python_dop_operator_3.py
[2025-03-04T07:04:51.334+0000] {logging_mixin.py:190} INFO - [2025-03-04T07:04:51.333+0000] {dag.py:3239} INFO - Sync 1 DAGs
[2025-03-04T07:04:51.353+0000] {logging_mixin.py:190} INFO - [2025-03-04T07:04:51.353+0000] {dag.py:4180} INFO - Setting next_dagrun for example_branch_dop_operator_v3 to 2025-03-04 07:03:00+00:00, run_after=2025-03-04 07:04:00+00:00
[2025-03-04T07:04:51.368+0000] {processor.py:208} INFO - Processing /home/airflow/.local/lib/python3.12/site-packages/airflow/example_dags/example_branch_python_dop_operator_3.py took 0.068 seconds
[2025-03-04T07:05:21.642+0000] {processor.py:186} INFO - Started process (PID=1889) to work on /home/airflow/.local/lib/python3.12/site-packages/airflow/example_dags/example_branch_python_dop_operator_3.py
[2025-03-04T07:05:21.643+0000] {processor.py:914} INFO - Processing file /home/airflow/.local/lib/python3.12/site-packages/airflow/example_dags/example_branch_python_dop_operator_3.py for tasks to queue
[2025-03-04T07:05:21.645+0000] {logging_mixin.py:190} INFO - [2025-03-04T07:05:21.644+0000] {dagbag.py:588} INFO - Filling up the DagBag from /home/airflow/.local/lib/python3.12/site-packages/airflow/example_dags/example_branch_python_dop_operator_3.py
[2025-03-04T07:05:21.654+0000] {processor.py:925} INFO - DAG(s) 'example_branch_dop_operator_v3' retrieved from /home/airflow/.local/lib/python3.12/site-packages/airflow/example_dags/example_branch_python_dop_operator_3.py
[2025-03-04T07:05:21.675+0000] {logging_mixin.py:190} INFO - [2025-03-04T07:05:21.675+0000] {dag.py:3239} INFO - Sync 1 DAGs
[2025-03-04T07:05:21.705+0000] {logging_mixin.py:190} INFO - [2025-03-04T07:05:21.705+0000] {dag.py:4180} INFO - Setting next_dagrun for example_branch_dop_operator_v3 to 2025-03-04 07:04:00+00:00, run_after=2025-03-04 07:05:00+00:00
[2025-03-04T07:05:21.728+0000] {processor.py:208} INFO - Processing /home/airflow/.local/lib/python3.12/site-packages/airflow/example_dags/example_branch_python_dop_operator_3.py took 0.091 seconds
[2025-03-04T07:05:51.847+0000] {processor.py:186} INFO - Started process (PID=1964) to work on /home/airflow/.local/lib/python3.12/site-packages/airflow/example_dags/example_branch_python_dop_operator_3.py
[2025-03-04T07:05:51.849+0000] {processor.py:914} INFO - Processing file /home/airflow/.local/lib/python3.12/site-packages/airflow/example_dags/example_branch_python_dop_operator_3.py for tasks to queue
[2025-03-04T07:05:51.850+0000] {logging_mixin.py:190} INFO - [2025-03-04T07:05:51.850+0000] {dagbag.py:588} INFO - Filling up the DagBag from /home/airflow/.local/lib/python3.12/site-packages/airflow/example_dags/example_branch_python_dop_operator_3.py
[2025-03-04T07:05:51.858+0000] {processor.py:925} INFO - DAG(s) 'example_branch_dop_operator_v3' retrieved from /home/airflow/.local/lib/python3.12/site-packages/airflow/example_dags/example_branch_python_dop_operator_3.py
[2025-03-04T07:05:51.872+0000] {logging_mixin.py:190} INFO - [2025-03-04T07:05:51.872+0000] {dag.py:3239} INFO - Sync 1 DAGs
[2025-03-04T07:05:51.891+0000] {logging_mixin.py:190} INFO - [2025-03-04T07:05:51.891+0000] {dag.py:4180} INFO - Setting next_dagrun for example_branch_dop_operator_v3 to 2025-03-04 07:04:00+00:00, run_after=2025-03-04 07:05:00+00:00
[2025-03-04T07:05:51.906+0000] {processor.py:208} INFO - Processing /home/airflow/.local/lib/python3.12/site-packages/airflow/example_dags/example_branch_python_dop_operator_3.py took 0.063 seconds
[2025-03-04T07:06:22.237+0000] {processor.py:186} INFO - Started process (PID=2038) to work on /home/airflow/.local/lib/python3.12/site-packages/airflow/example_dags/example_branch_python_dop_operator_3.py
[2025-03-04T07:06:22.239+0000] {processor.py:914} INFO - Processing file /home/airflow/.local/lib/python3.12/site-packages/airflow/example_dags/example_branch_python_dop_operator_3.py for tasks to queue
[2025-03-04T07:06:22.240+0000] {logging_mixin.py:190} INFO - [2025-03-04T07:06:22.240+0000] {dagbag.py:588} INFO - Filling up the DagBag from /home/airflow/.local/lib/python3.12/site-packages/airflow/example_dags/example_branch_python_dop_operator_3.py
[2025-03-04T07:06:22.248+0000] {processor.py:925} INFO - DAG(s) 'example_branch_dop_operator_v3' retrieved from /home/airflow/.local/lib/python3.12/site-packages/airflow/example_dags/example_branch_python_dop_operator_3.py
[2025-03-04T07:06:22.263+0000] {logging_mixin.py:190} INFO - [2025-03-04T07:06:22.263+0000] {dag.py:3239} INFO - Sync 1 DAGs
[2025-03-04T07:06:22.285+0000] {logging_mixin.py:190} INFO - [2025-03-04T07:06:22.285+0000] {dag.py:4180} INFO - Setting next_dagrun for example_branch_dop_operator_v3 to 2025-03-04 07:05:00+00:00, run_after=2025-03-04 07:06:00+00:00
[2025-03-04T07:06:22.301+0000] {processor.py:208} INFO - Processing /home/airflow/.local/lib/python3.12/site-packages/airflow/example_dags/example_branch_python_dop_operator_3.py took 0.068 seconds
[2025-03-04T07:06:52.677+0000] {processor.py:186} INFO - Started process (PID=2120) to work on /home/airflow/.local/lib/python3.12/site-packages/airflow/example_dags/example_branch_python_dop_operator_3.py
[2025-03-04T07:06:52.678+0000] {processor.py:914} INFO - Processing file /home/airflow/.local/lib/python3.12/site-packages/airflow/example_dags/example_branch_python_dop_operator_3.py for tasks to queue
[2025-03-04T07:06:52.680+0000] {logging_mixin.py:190} INFO - [2025-03-04T07:06:52.679+0000] {dagbag.py:588} INFO - Filling up the DagBag from /home/airflow/.local/lib/python3.12/site-packages/airflow/example_dags/example_branch_python_dop_operator_3.py
[2025-03-04T07:06:52.688+0000] {processor.py:925} INFO - DAG(s) 'example_branch_dop_operator_v3' retrieved from /home/airflow/.local/lib/python3.12/site-packages/airflow/example_dags/example_branch_python_dop_operator_3.py
[2025-03-04T07:06:52.702+0000] {logging_mixin.py:190} INFO - [2025-03-04T07:06:52.702+0000] {dag.py:3239} INFO - Sync 1 DAGs
[2025-03-04T07:06:52.723+0000] {logging_mixin.py:190} INFO - [2025-03-04T07:06:52.723+0000] {dag.py:4180} INFO - Setting next_dagrun for example_branch_dop_operator_v3 to 2025-03-04 07:05:00+00:00, run_after=2025-03-04 07:06:00+00:00
[2025-03-04T07:06:52.738+0000] {processor.py:208} INFO - Processing /home/airflow/.local/lib/python3.12/site-packages/airflow/example_dags/example_branch_python_dop_operator_3.py took 0.066 seconds
[2025-03-04T07:07:23.080+0000] {processor.py:186} INFO - Started process (PID=2194) to work on /home/airflow/.local/lib/python3.12/site-packages/airflow/example_dags/example_branch_python_dop_operator_3.py
[2025-03-04T07:07:23.082+0000] {processor.py:914} INFO - Processing file /home/airflow/.local/lib/python3.12/site-packages/airflow/example_dags/example_branch_python_dop_operator_3.py for tasks to queue
[2025-03-04T07:07:23.083+0000] {logging_mixin.py:190} INFO - [2025-03-04T07:07:23.083+0000] {dagbag.py:588} INFO - Filling up the DagBag from /home/airflow/.local/lib/python3.12/site-packages/airflow/example_dags/example_branch_python_dop_operator_3.py
[2025-03-04T07:07:23.092+0000] {processor.py:925} INFO - DAG(s) 'example_branch_dop_operator_v3' retrieved from /home/airflow/.local/lib/python3.12/site-packages/airflow/example_dags/example_branch_python_dop_operator_3.py
[2025-03-04T07:07:23.110+0000] {logging_mixin.py:190} INFO - [2025-03-04T07:07:23.110+0000] {dag.py:3239} INFO - Sync 1 DAGs
[2025-03-04T07:07:23.131+0000] {logging_mixin.py:190} INFO - [2025-03-04T07:07:23.131+0000] {dag.py:4180} INFO - Setting next_dagrun for example_branch_dop_operator_v3 to 2025-03-04 07:06:00+00:00, run_after=2025-03-04 07:07:00+00:00
[2025-03-04T07:07:23.146+0000] {processor.py:208} INFO - Processing /home/airflow/.local/lib/python3.12/site-packages/airflow/example_dags/example_branch_python_dop_operator_3.py took 0.071 seconds
[2025-03-04T07:07:53.453+0000] {processor.py:186} INFO - Started process (PID=2276) to work on /home/airflow/.local/lib/python3.12/site-packages/airflow/example_dags/example_branch_python_dop_operator_3.py
[2025-03-04T07:07:53.455+0000] {processor.py:914} INFO - Processing file /home/airflow/.local/lib/python3.12/site-packages/airflow/example_dags/example_branch_python_dop_operator_3.py for tasks to queue
[2025-03-04T07:07:53.456+0000] {logging_mixin.py:190} INFO - [2025-03-04T07:07:53.456+0000] {dagbag.py:588} INFO - Filling up the DagBag from /home/airflow/.local/lib/python3.12/site-packages/airflow/example_dags/example_branch_python_dop_operator_3.py
[2025-03-04T07:07:53.466+0000] {processor.py:925} INFO - DAG(s) 'example_branch_dop_operator_v3' retrieved from /home/airflow/.local/lib/python3.12/site-packages/airflow/example_dags/example_branch_python_dop_operator_3.py
[2025-03-04T07:07:53.488+0000] {logging_mixin.py:190} INFO - [2025-03-04T07:07:53.488+0000] {dag.py:3239} INFO - Sync 1 DAGs
[2025-03-04T07:07:53.512+0000] {logging_mixin.py:190} INFO - [2025-03-04T07:07:53.512+0000] {dag.py:4180} INFO - Setting next_dagrun for example_branch_dop_operator_v3 to 2025-03-04 07:06:00+00:00, run_after=2025-03-04 07:07:00+00:00
[2025-03-04T07:07:53.530+0000] {processor.py:208} INFO - Processing /home/airflow/.local/lib/python3.12/site-packages/airflow/example_dags/example_branch_python_dop_operator_3.py took 0.083 seconds
[2025-03-04T07:08:24.284+0000] {processor.py:186} INFO - Started process (PID=2350) to work on /home/airflow/.local/lib/python3.12/site-packages/airflow/example_dags/example_branch_python_dop_operator_3.py
[2025-03-04T07:08:24.285+0000] {processor.py:914} INFO - Processing file /home/airflow/.local/lib/python3.12/site-packages/airflow/example_dags/example_branch_python_dop_operator_3.py for tasks to queue
[2025-03-04T07:08:24.286+0000] {logging_mixin.py:190} INFO - [2025-03-04T07:08:24.286+0000] {dagbag.py:588} INFO - Filling up the DagBag from /home/airflow/.local/lib/python3.12/site-packages/airflow/example_dags/example_branch_python_dop_operator_3.py
[2025-03-04T07:08:24.295+0000] {processor.py:925} INFO - DAG(s) 'example_branch_dop_operator_v3' retrieved from /home/airflow/.local/lib/python3.12/site-packages/airflow/example_dags/example_branch_python_dop_operator_3.py
[2025-03-04T07:08:24.312+0000] {logging_mixin.py:190} INFO - [2025-03-04T07:08:24.312+0000] {dag.py:3239} INFO - Sync 1 DAGs
[2025-03-04T07:08:24.332+0000] {logging_mixin.py:190} INFO - [2025-03-04T07:08:24.332+0000] {dag.py:4180} INFO - Setting next_dagrun for example_branch_dop_operator_v3 to 2025-03-04 07:07:00+00:00, run_after=2025-03-04 07:08:00+00:00
[2025-03-04T07:08:24.350+0000] {processor.py:208} INFO - Processing /home/airflow/.local/lib/python3.12/site-packages/airflow/example_dags/example_branch_python_dop_operator_3.py took 0.072 seconds
[2025-03-04T07:08:54.986+0000] {processor.py:186} INFO - Started process (PID=2431) to work on /home/airflow/.local/lib/python3.12/site-packages/airflow/example_dags/example_branch_python_dop_operator_3.py
[2025-03-04T07:08:54.988+0000] {processor.py:914} INFO - Processing file /home/airflow/.local/lib/python3.12/site-packages/airflow/example_dags/example_branch_python_dop_operator_3.py for tasks to queue
[2025-03-04T07:08:54.989+0000] {logging_mixin.py:190} INFO - [2025-03-04T07:08:54.989+0000] {dagbag.py:588} INFO - Filling up the DagBag from /home/airflow/.local/lib/python3.12/site-packages/airflow/example_dags/example_branch_python_dop_operator_3.py
[2025-03-04T07:08:54.999+0000] {processor.py:925} INFO - DAG(s) 'example_branch_dop_operator_v3' retrieved from /home/airflow/.local/lib/python3.12/site-packages/airflow/example_dags/example_branch_python_dop_operator_3.py
[2025-03-04T07:08:55.019+0000] {logging_mixin.py:190} INFO - [2025-03-04T07:08:55.019+0000] {dag.py:3239} INFO - Sync 1 DAGs
[2025-03-04T07:08:55.042+0000] {logging_mixin.py:190} INFO - [2025-03-04T07:08:55.042+0000] {dag.py:4180} INFO - Setting next_dagrun for example_branch_dop_operator_v3 to 2025-03-04 07:07:00+00:00, run_after=2025-03-04 07:08:00+00:00
[2025-03-04T07:08:55.059+0000] {processor.py:208} INFO - Processing /home/airflow/.local/lib/python3.12/site-packages/airflow/example_dags/example_branch_python_dop_operator_3.py took 0.078 seconds
[2025-03-04T07:09:25.352+0000] {processor.py:186} INFO - Started process (PID=2506) to work on /home/airflow/.local/lib/python3.12/site-packages/airflow/example_dags/example_branch_python_dop_operator_3.py
[2025-03-04T07:09:25.354+0000] {processor.py:914} INFO - Processing file /home/airflow/.local/lib/python3.12/site-packages/airflow/example_dags/example_branch_python_dop_operator_3.py for tasks to queue
[2025-03-04T07:09:25.356+0000] {logging_mixin.py:190} INFO - [2025-03-04T07:09:25.356+0000] {dagbag.py:588} INFO - Filling up the DagBag from /home/airflow/.local/lib/python3.12/site-packages/airflow/example_dags/example_branch_python_dop_operator_3.py
[2025-03-04T07:09:25.368+0000] {processor.py:925} INFO - DAG(s) 'example_branch_dop_operator_v3' retrieved from /home/airflow/.local/lib/python3.12/site-packages/airflow/example_dags/example_branch_python_dop_operator_3.py
[2025-03-04T07:09:25.389+0000] {logging_mixin.py:190} INFO - [2025-03-04T07:09:25.388+0000] {dag.py:3239} INFO - Sync 1 DAGs
[2025-03-04T07:09:25.410+0000] {logging_mixin.py:190} INFO - [2025-03-04T07:09:25.410+0000] {dag.py:4180} INFO - Setting next_dagrun for example_branch_dop_operator_v3 to 2025-03-04 07:08:00+00:00, run_after=2025-03-04 07:09:00+00:00
[2025-03-04T07:09:25.435+0000] {processor.py:208} INFO - Processing /home/airflow/.local/lib/python3.12/site-packages/airflow/example_dags/example_branch_python_dop_operator_3.py took 0.089 seconds
[2025-03-04T07:09:56.305+0000] {processor.py:186} INFO - Started process (PID=2587) to work on /home/airflow/.local/lib/python3.12/site-packages/airflow/example_dags/example_branch_python_dop_operator_3.py
[2025-03-04T07:09:56.306+0000] {processor.py:914} INFO - Processing file /home/airflow/.local/lib/python3.12/site-packages/airflow/example_dags/example_branch_python_dop_operator_3.py for tasks to queue
[2025-03-04T07:09:56.308+0000] {logging_mixin.py:190} INFO - [2025-03-04T07:09:56.308+0000] {dagbag.py:588} INFO - Filling up the DagBag from /home/airflow/.local/lib/python3.12/site-packages/airflow/example_dags/example_branch_python_dop_operator_3.py
[2025-03-04T07:09:56.321+0000] {processor.py:925} INFO - DAG(s) 'example_branch_dop_operator_v3' retrieved from /home/airflow/.local/lib/python3.12/site-packages/airflow/example_dags/example_branch_python_dop_operator_3.py
[2025-03-04T07:09:56.337+0000] {logging_mixin.py:190} INFO - [2025-03-04T07:09:56.336+0000] {dag.py:3239} INFO - Sync 1 DAGs
[2025-03-04T07:09:56.358+0000] {logging_mixin.py:190} INFO - [2025-03-04T07:09:56.358+0000] {dag.py:4180} INFO - Setting next_dagrun for example_branch_dop_operator_v3 to 2025-03-04 07:08:00+00:00, run_after=2025-03-04 07:09:00+00:00
[2025-03-04T07:09:56.372+0000] {processor.py:208} INFO - Processing /home/airflow/.local/lib/python3.12/site-packages/airflow/example_dags/example_branch_python_dop_operator_3.py took 0.074 seconds
[2025-03-04T07:10:27.053+0000] {processor.py:186} INFO - Started process (PID=2661) to work on /home/airflow/.local/lib/python3.12/site-packages/airflow/example_dags/example_branch_python_dop_operator_3.py
[2025-03-04T07:10:27.057+0000] {processor.py:914} INFO - Processing file /home/airflow/.local/lib/python3.12/site-packages/airflow/example_dags/example_branch_python_dop_operator_3.py for tasks to queue
[2025-03-04T07:10:27.059+0000] {logging_mixin.py:190} INFO - [2025-03-04T07:10:27.058+0000] {dagbag.py:588} INFO - Filling up the DagBag from /home/airflow/.local/lib/python3.12/site-packages/airflow/example_dags/example_branch_python_dop_operator_3.py
[2025-03-04T07:10:27.072+0000] {processor.py:925} INFO - DAG(s) 'example_branch_dop_operator_v3' retrieved from /home/airflow/.local/lib/python3.12/site-packages/airflow/example_dags/example_branch_python_dop_operator_3.py
[2025-03-04T07:10:27.097+0000] {logging_mixin.py:190} INFO - [2025-03-04T07:10:27.096+0000] {dag.py:3239} INFO - Sync 1 DAGs
[2025-03-04T07:10:27.118+0000] {logging_mixin.py:190} INFO - [2025-03-04T07:10:27.117+0000] {dag.py:4180} INFO - Setting next_dagrun for example_branch_dop_operator_v3 to 2025-03-04 07:09:00+00:00, run_after=2025-03-04 07:10:00+00:00
[2025-03-04T07:10:27.132+0000] {processor.py:208} INFO - Processing /home/airflow/.local/lib/python3.12/site-packages/airflow/example_dags/example_branch_python_dop_operator_3.py took 0.085 seconds
[2025-03-04T07:10:57.531+0000] {processor.py:186} INFO - Started process (PID=2735) to work on /home/airflow/.local/lib/python3.12/site-packages/airflow/example_dags/example_branch_python_dop_operator_3.py
[2025-03-04T07:10:57.532+0000] {processor.py:914} INFO - Processing file /home/airflow/.local/lib/python3.12/site-packages/airflow/example_dags/example_branch_python_dop_operator_3.py for tasks to queue
[2025-03-04T07:10:57.533+0000] {logging_mixin.py:190} INFO - [2025-03-04T07:10:57.533+0000] {dagbag.py:588} INFO - Filling up the DagBag from /home/airflow/.local/lib/python3.12/site-packages/airflow/example_dags/example_branch_python_dop_operator_3.py
[2025-03-04T07:10:57.543+0000] {processor.py:925} INFO - DAG(s) 'example_branch_dop_operator_v3' retrieved from /home/airflow/.local/lib/python3.12/site-packages/airflow/example_dags/example_branch_python_dop_operator_3.py
[2025-03-04T07:10:57.560+0000] {logging_mixin.py:190} INFO - [2025-03-04T07:10:57.560+0000] {dag.py:3239} INFO - Sync 1 DAGs
[2025-03-04T07:10:57.590+0000] {logging_mixin.py:190} INFO - [2025-03-04T07:10:57.590+0000] {dag.py:4180} INFO - Setting next_dagrun for example_branch_dop_operator_v3 to 2025-03-04 07:09:00+00:00, run_after=2025-03-04 07:10:00+00:00
[2025-03-04T07:10:57.610+0000] {processor.py:208} INFO - Processing /home/airflow/.local/lib/python3.12/site-packages/airflow/example_dags/example_branch_python_dop_operator_3.py took 0.084 seconds
[2025-03-04T07:11:28.304+0000] {processor.py:186} INFO - Started process (PID=2817) to work on /home/airflow/.local/lib/python3.12/site-packages/airflow/example_dags/example_branch_python_dop_operator_3.py
[2025-03-04T07:11:28.305+0000] {processor.py:914} INFO - Processing file /home/airflow/.local/lib/python3.12/site-packages/airflow/example_dags/example_branch_python_dop_operator_3.py for tasks to queue
[2025-03-04T07:11:28.307+0000] {logging_mixin.py:190} INFO - [2025-03-04T07:11:28.307+0000] {dagbag.py:588} INFO - Filling up the DagBag from /home/airflow/.local/lib/python3.12/site-packages/airflow/example_dags/example_branch_python_dop_operator_3.py
[2025-03-04T07:11:28.315+0000] {processor.py:925} INFO - DAG(s) 'example_branch_dop_operator_v3' retrieved from /home/airflow/.local/lib/python3.12/site-packages/airflow/example_dags/example_branch_python_dop_operator_3.py
[2025-03-04T07:11:28.328+0000] {logging_mixin.py:190} INFO - [2025-03-04T07:11:28.328+0000] {dag.py:3239} INFO - Sync 1 DAGs
[2025-03-04T07:11:28.347+0000] {logging_mixin.py:190} INFO - [2025-03-04T07:11:28.347+0000] {dag.py:4180} INFO - Setting next_dagrun for example_branch_dop_operator_v3 to 2025-03-04 07:10:00+00:00, run_after=2025-03-04 07:11:00+00:00
[2025-03-04T07:11:28.360+0000] {processor.py:208} INFO - Processing /home/airflow/.local/lib/python3.12/site-packages/airflow/example_dags/example_branch_python_dop_operator_3.py took 0.060 seconds
[2025-03-04T07:11:59.026+0000] {processor.py:186} INFO - Started process (PID=2890) to work on /home/airflow/.local/lib/python3.12/site-packages/airflow/example_dags/example_branch_python_dop_operator_3.py
[2025-03-04T07:11:59.027+0000] {processor.py:914} INFO - Processing file /home/airflow/.local/lib/python3.12/site-packages/airflow/example_dags/example_branch_python_dop_operator_3.py for tasks to queue
[2025-03-04T07:11:59.028+0000] {logging_mixin.py:190} INFO - [2025-03-04T07:11:59.028+0000] {dagbag.py:588} INFO - Filling up the DagBag from /home/airflow/.local/lib/python3.12/site-packages/airflow/example_dags/example_branch_python_dop_operator_3.py
[2025-03-04T07:11:59.036+0000] {processor.py:925} INFO - DAG(s) 'example_branch_dop_operator_v3' retrieved from /home/airflow/.local/lib/python3.12/site-packages/airflow/example_dags/example_branch_python_dop_operator_3.py
[2025-03-04T07:11:59.049+0000] {logging_mixin.py:190} INFO - [2025-03-04T07:11:59.049+0000] {dag.py:3239} INFO - Sync 1 DAGs
[2025-03-04T07:11:59.069+0000] {logging_mixin.py:190} INFO - [2025-03-04T07:11:59.069+0000] {dag.py:4180} INFO - Setting next_dagrun for example_branch_dop_operator_v3 to 2025-03-04 07:10:00+00:00, run_after=2025-03-04 07:11:00+00:00
[2025-03-04T07:11:59.088+0000] {processor.py:208} INFO - Processing /home/airflow/.local/lib/python3.12/site-packages/airflow/example_dags/example_branch_python_dop_operator_3.py took 0.066 seconds
[2025-03-04T07:12:29.749+0000] {processor.py:186} INFO - Started process (PID=2970) to work on /home/airflow/.local/lib/python3.12/site-packages/airflow/example_dags/example_branch_python_dop_operator_3.py
[2025-03-04T07:12:29.750+0000] {processor.py:914} INFO - Processing file /home/airflow/.local/lib/python3.12/site-packages/airflow/example_dags/example_branch_python_dop_operator_3.py for tasks to queue
[2025-03-04T07:12:29.752+0000] {logging_mixin.py:190} INFO - [2025-03-04T07:12:29.752+0000] {dagbag.py:588} INFO - Filling up the DagBag from /home/airflow/.local/lib/python3.12/site-packages/airflow/example_dags/example_branch_python_dop_operator_3.py
[2025-03-04T07:12:29.763+0000] {processor.py:925} INFO - DAG(s) 'example_branch_dop_operator_v3' retrieved from /home/airflow/.local/lib/python3.12/site-packages/airflow/example_dags/example_branch_python_dop_operator_3.py
[2025-03-04T07:12:29.784+0000] {logging_mixin.py:190} INFO - [2025-03-04T07:12:29.783+0000] {dag.py:3239} INFO - Sync 1 DAGs
[2025-03-04T07:12:29.810+0000] {logging_mixin.py:190} INFO - [2025-03-04T07:12:29.809+0000] {dag.py:4180} INFO - Setting next_dagrun for example_branch_dop_operator_v3 to 2025-03-04 07:11:00+00:00, run_after=2025-03-04 07:12:00+00:00
[2025-03-04T07:12:29.836+0000] {processor.py:208} INFO - Processing /home/airflow/.local/lib/python3.12/site-packages/airflow/example_dags/example_branch_python_dop_operator_3.py took 0.093 seconds
[2025-03-04T07:12:59.889+0000] {processor.py:186} INFO - Started process (PID=3044) to work on /home/airflow/.local/lib/python3.12/site-packages/airflow/example_dags/example_branch_python_dop_operator_3.py
[2025-03-04T07:12:59.891+0000] {processor.py:914} INFO - Processing file /home/airflow/.local/lib/python3.12/site-packages/airflow/example_dags/example_branch_python_dop_operator_3.py for tasks to queue
[2025-03-04T07:12:59.893+0000] {logging_mixin.py:190} INFO - [2025-03-04T07:12:59.892+0000] {dagbag.py:588} INFO - Filling up the DagBag from /home/airflow/.local/lib/python3.12/site-packages/airflow/example_dags/example_branch_python_dop_operator_3.py
[2025-03-04T07:12:59.904+0000] {processor.py:925} INFO - DAG(s) 'example_branch_dop_operator_v3' retrieved from /home/airflow/.local/lib/python3.12/site-packages/airflow/example_dags/example_branch_python_dop_operator_3.py
[2025-03-04T07:12:59.924+0000] {logging_mixin.py:190} INFO - [2025-03-04T07:12:59.924+0000] {dag.py:3239} INFO - Sync 1 DAGs
[2025-03-04T07:12:59.959+0000] {logging_mixin.py:190} INFO - [2025-03-04T07:12:59.958+0000] {dag.py:4180} INFO - Setting next_dagrun for example_branch_dop_operator_v3 to 2025-03-04 07:11:00+00:00, run_after=2025-03-04 07:12:00+00:00
[2025-03-04T07:12:59.979+0000] {processor.py:208} INFO - Processing /home/airflow/.local/lib/python3.12/site-packages/airflow/example_dags/example_branch_python_dop_operator_3.py took 0.097 seconds
[2025-03-04T07:13:30.102+0000] {processor.py:186} INFO - Started process (PID=3117) to work on /home/airflow/.local/lib/python3.12/site-packages/airflow/example_dags/example_branch_python_dop_operator_3.py
[2025-03-04T07:13:30.103+0000] {processor.py:914} INFO - Processing file /home/airflow/.local/lib/python3.12/site-packages/airflow/example_dags/example_branch_python_dop_operator_3.py for tasks to queue
[2025-03-04T07:13:30.104+0000] {logging_mixin.py:190} INFO - [2025-03-04T07:13:30.104+0000] {dagbag.py:588} INFO - Filling up the DagBag from /home/airflow/.local/lib/python3.12/site-packages/airflow/example_dags/example_branch_python_dop_operator_3.py
[2025-03-04T07:13:30.113+0000] {processor.py:925} INFO - DAG(s) 'example_branch_dop_operator_v3' retrieved from /home/airflow/.local/lib/python3.12/site-packages/airflow/example_dags/example_branch_python_dop_operator_3.py
[2025-03-04T07:13:30.130+0000] {logging_mixin.py:190} INFO - [2025-03-04T07:13:30.130+0000] {dag.py:3239} INFO - Sync 1 DAGs
[2025-03-04T07:13:30.149+0000] {logging_mixin.py:190} INFO - [2025-03-04T07:13:30.149+0000] {dag.py:4180} INFO - Setting next_dagrun for example_branch_dop_operator_v3 to 2025-03-04 07:12:00+00:00, run_after=2025-03-04 07:13:00+00:00
[2025-03-04T07:13:30.168+0000] {processor.py:208} INFO - Processing /home/airflow/.local/lib/python3.12/site-packages/airflow/example_dags/example_branch_python_dop_operator_3.py took 0.071 seconds
[2025-03-04T07:14:00.589+0000] {processor.py:186} INFO - Started process (PID=3197) to work on /home/airflow/.local/lib/python3.12/site-packages/airflow/example_dags/example_branch_python_dop_operator_3.py
[2025-03-04T07:14:00.593+0000] {processor.py:914} INFO - Processing file /home/airflow/.local/lib/python3.12/site-packages/airflow/example_dags/example_branch_python_dop_operator_3.py for tasks to queue
[2025-03-04T07:14:00.594+0000] {logging_mixin.py:190} INFO - [2025-03-04T07:14:00.594+0000] {dagbag.py:588} INFO - Filling up the DagBag from /home/airflow/.local/lib/python3.12/site-packages/airflow/example_dags/example_branch_python_dop_operator_3.py
[2025-03-04T07:14:00.603+0000] {processor.py:925} INFO - DAG(s) 'example_branch_dop_operator_v3' retrieved from /home/airflow/.local/lib/python3.12/site-packages/airflow/example_dags/example_branch_python_dop_operator_3.py
[2025-03-04T07:14:00.621+0000] {logging_mixin.py:190} INFO - [2025-03-04T07:14:00.621+0000] {dag.py:3239} INFO - Sync 1 DAGs
[2025-03-04T07:14:00.648+0000] {logging_mixin.py:190} INFO - [2025-03-04T07:14:00.647+0000] {dag.py:4180} INFO - Setting next_dagrun for example_branch_dop_operator_v3 to 2025-03-04 07:13:00+00:00, run_after=2025-03-04 07:14:00+00:00
[2025-03-04T07:14:00.664+0000] {processor.py:208} INFO - Processing /home/airflow/.local/lib/python3.12/site-packages/airflow/example_dags/example_branch_python_dop_operator_3.py took 0.080 seconds
[2025-03-04T07:14:30.752+0000] {processor.py:186} INFO - Started process (PID=3275) to work on /home/airflow/.local/lib/python3.12/site-packages/airflow/example_dags/example_branch_python_dop_operator_3.py
[2025-03-04T07:14:30.753+0000] {processor.py:914} INFO - Processing file /home/airflow/.local/lib/python3.12/site-packages/airflow/example_dags/example_branch_python_dop_operator_3.py for tasks to queue
[2025-03-04T07:14:30.754+0000] {logging_mixin.py:190} INFO - [2025-03-04T07:14:30.754+0000] {dagbag.py:588} INFO - Filling up the DagBag from /home/airflow/.local/lib/python3.12/site-packages/airflow/example_dags/example_branch_python_dop_operator_3.py
[2025-03-04T07:14:30.765+0000] {processor.py:925} INFO - DAG(s) 'example_branch_dop_operator_v3' retrieved from /home/airflow/.local/lib/python3.12/site-packages/airflow/example_dags/example_branch_python_dop_operator_3.py
[2025-03-04T07:14:30.783+0000] {logging_mixin.py:190} INFO - [2025-03-04T07:14:30.782+0000] {dag.py:3239} INFO - Sync 1 DAGs
[2025-03-04T07:14:30.806+0000] {logging_mixin.py:190} INFO - [2025-03-04T07:14:30.805+0000] {dag.py:4180} INFO - Setting next_dagrun for example_branch_dop_operator_v3 to 2025-03-04 07:13:00+00:00, run_after=2025-03-04 07:14:00+00:00
[2025-03-04T07:14:30.821+0000] {processor.py:208} INFO - Processing /home/airflow/.local/lib/python3.12/site-packages/airflow/example_dags/example_branch_python_dop_operator_3.py took 0.074 seconds
[2025-03-04T07:15:01.413+0000] {processor.py:186} INFO - Started process (PID=3353) to work on /home/airflow/.local/lib/python3.12/site-packages/airflow/example_dags/example_branch_python_dop_operator_3.py
[2025-03-04T07:15:01.415+0000] {processor.py:914} INFO - Processing file /home/airflow/.local/lib/python3.12/site-packages/airflow/example_dags/example_branch_python_dop_operator_3.py for tasks to queue
[2025-03-04T07:15:01.418+0000] {logging_mixin.py:190} INFO - [2025-03-04T07:15:01.417+0000] {dagbag.py:588} INFO - Filling up the DagBag from /home/airflow/.local/lib/python3.12/site-packages/airflow/example_dags/example_branch_python_dop_operator_3.py
[2025-03-04T07:15:01.438+0000] {processor.py:925} INFO - DAG(s) 'example_branch_dop_operator_v3' retrieved from /home/airflow/.local/lib/python3.12/site-packages/airflow/example_dags/example_branch_python_dop_operator_3.py
[2025-03-04T07:15:01.473+0000] {logging_mixin.py:190} INFO - [2025-03-04T07:15:01.472+0000] {dag.py:3239} INFO - Sync 1 DAGs
[2025-03-04T07:15:01.520+0000] {logging_mixin.py:190} INFO - [2025-03-04T07:15:01.520+0000] {dag.py:4180} INFO - Setting next_dagrun for example_branch_dop_operator_v3 to 2025-03-04 07:14:00+00:00, run_after=2025-03-04 07:15:00+00:00
[2025-03-04T07:15:01.557+0000] {processor.py:208} INFO - Processing /home/airflow/.local/lib/python3.12/site-packages/airflow/example_dags/example_branch_python_dop_operator_3.py took 0.159 seconds
[2025-03-04T07:15:32.165+0000] {processor.py:186} INFO - Started process (PID=3434) to work on /home/airflow/.local/lib/python3.12/site-packages/airflow/example_dags/example_branch_python_dop_operator_3.py
[2025-03-04T07:15:32.166+0000] {processor.py:914} INFO - Processing file /home/airflow/.local/lib/python3.12/site-packages/airflow/example_dags/example_branch_python_dop_operator_3.py for tasks to queue
[2025-03-04T07:15:32.168+0000] {logging_mixin.py:190} INFO - [2025-03-04T07:15:32.167+0000] {dagbag.py:588} INFO - Filling up the DagBag from /home/airflow/.local/lib/python3.12/site-packages/airflow/example_dags/example_branch_python_dop_operator_3.py
[2025-03-04T07:15:32.177+0000] {processor.py:925} INFO - DAG(s) 'example_branch_dop_operator_v3' retrieved from /home/airflow/.local/lib/python3.12/site-packages/airflow/example_dags/example_branch_python_dop_operator_3.py
[2025-03-04T07:15:32.195+0000] {logging_mixin.py:190} INFO - [2025-03-04T07:15:32.195+0000] {dag.py:3239} INFO - Sync 1 DAGs
[2025-03-04T07:15:32.220+0000] {logging_mixin.py:190} INFO - [2025-03-04T07:15:32.219+0000] {dag.py:4180} INFO - Setting next_dagrun for example_branch_dop_operator_v3 to 2025-03-04 07:14:00+00:00, run_after=2025-03-04 07:15:00+00:00
[2025-03-04T07:15:32.245+0000] {processor.py:208} INFO - Processing /home/airflow/.local/lib/python3.12/site-packages/airflow/example_dags/example_branch_python_dop_operator_3.py took 0.085 seconds
[2025-03-04T07:16:02.542+0000] {processor.py:186} INFO - Started process (PID=3508) to work on /home/airflow/.local/lib/python3.12/site-packages/airflow/example_dags/example_branch_python_dop_operator_3.py
[2025-03-04T07:16:02.543+0000] {processor.py:914} INFO - Processing file /home/airflow/.local/lib/python3.12/site-packages/airflow/example_dags/example_branch_python_dop_operator_3.py for tasks to queue
[2025-03-04T07:16:02.544+0000] {logging_mixin.py:190} INFO - [2025-03-04T07:16:02.544+0000] {dagbag.py:588} INFO - Filling up the DagBag from /home/airflow/.local/lib/python3.12/site-packages/airflow/example_dags/example_branch_python_dop_operator_3.py
[2025-03-04T07:16:02.553+0000] {processor.py:925} INFO - DAG(s) 'example_branch_dop_operator_v3' retrieved from /home/airflow/.local/lib/python3.12/site-packages/airflow/example_dags/example_branch_python_dop_operator_3.py
[2025-03-04T07:16:02.567+0000] {logging_mixin.py:190} INFO - [2025-03-04T07:16:02.567+0000] {dag.py:3239} INFO - Sync 1 DAGs
[2025-03-04T07:16:02.586+0000] {logging_mixin.py:190} INFO - [2025-03-04T07:16:02.586+0000] {dag.py:4180} INFO - Setting next_dagrun for example_branch_dop_operator_v3 to 2025-03-04 07:15:00+00:00, run_after=2025-03-04 07:16:00+00:00
[2025-03-04T07:16:02.600+0000] {processor.py:208} INFO - Processing /home/airflow/.local/lib/python3.12/site-packages/airflow/example_dags/example_branch_python_dop_operator_3.py took 0.063 seconds
[2025-03-04T07:16:32.882+0000] {processor.py:186} INFO - Started process (PID=3589) to work on /home/airflow/.local/lib/python3.12/site-packages/airflow/example_dags/example_branch_python_dop_operator_3.py
[2025-03-04T07:16:32.883+0000] {processor.py:914} INFO - Processing file /home/airflow/.local/lib/python3.12/site-packages/airflow/example_dags/example_branch_python_dop_operator_3.py for tasks to queue
[2025-03-04T07:16:32.884+0000] {logging_mixin.py:190} INFO - [2025-03-04T07:16:32.884+0000] {dagbag.py:588} INFO - Filling up the DagBag from /home/airflow/.local/lib/python3.12/site-packages/airflow/example_dags/example_branch_python_dop_operator_3.py
[2025-03-04T07:16:32.892+0000] {processor.py:925} INFO - DAG(s) 'example_branch_dop_operator_v3' retrieved from /home/airflow/.local/lib/python3.12/site-packages/airflow/example_dags/example_branch_python_dop_operator_3.py
[2025-03-04T07:16:32.909+0000] {logging_mixin.py:190} INFO - [2025-03-04T07:16:32.909+0000] {dag.py:3239} INFO - Sync 1 DAGs
[2025-03-04T07:16:32.934+0000] {logging_mixin.py:190} INFO - [2025-03-04T07:16:32.934+0000] {dag.py:4180} INFO - Setting next_dagrun for example_branch_dop_operator_v3 to 2025-03-04 07:15:00+00:00, run_after=2025-03-04 07:16:00+00:00
[2025-03-04T07:16:32.949+0000] {processor.py:208} INFO - Processing /home/airflow/.local/lib/python3.12/site-packages/airflow/example_dags/example_branch_python_dop_operator_3.py took 0.072 seconds
[2025-03-04T07:17:02.990+0000] {processor.py:186} INFO - Started process (PID=3664) to work on /home/airflow/.local/lib/python3.12/site-packages/airflow/example_dags/example_branch_python_dop_operator_3.py
[2025-03-04T07:17:02.991+0000] {processor.py:914} INFO - Processing file /home/airflow/.local/lib/python3.12/site-packages/airflow/example_dags/example_branch_python_dop_operator_3.py for tasks to queue
[2025-03-04T07:17:02.992+0000] {logging_mixin.py:190} INFO - [2025-03-04T07:17:02.992+0000] {dagbag.py:588} INFO - Filling up the DagBag from /home/airflow/.local/lib/python3.12/site-packages/airflow/example_dags/example_branch_python_dop_operator_3.py
[2025-03-04T07:17:03.002+0000] {processor.py:925} INFO - DAG(s) 'example_branch_dop_operator_v3' retrieved from /home/airflow/.local/lib/python3.12/site-packages/airflow/example_dags/example_branch_python_dop_operator_3.py
[2025-03-04T07:17:03.018+0000] {logging_mixin.py:190} INFO - [2025-03-04T07:17:03.018+0000] {dag.py:3239} INFO - Sync 1 DAGs
[2025-03-04T07:17:03.040+0000] {logging_mixin.py:190} INFO - [2025-03-04T07:17:03.040+0000] {dag.py:4180} INFO - Setting next_dagrun for example_branch_dop_operator_v3 to 2025-03-04 07:16:00+00:00, run_after=2025-03-04 07:17:00+00:00
[2025-03-04T07:17:03.056+0000] {processor.py:208} INFO - Processing /home/airflow/.local/lib/python3.12/site-packages/airflow/example_dags/example_branch_python_dop_operator_3.py took 0.071 seconds
[2025-03-04T07:17:33.319+0000] {processor.py:186} INFO - Started process (PID=3745) to work on /home/airflow/.local/lib/python3.12/site-packages/airflow/example_dags/example_branch_python_dop_operator_3.py
[2025-03-04T07:17:33.320+0000] {processor.py:914} INFO - Processing file /home/airflow/.local/lib/python3.12/site-packages/airflow/example_dags/example_branch_python_dop_operator_3.py for tasks to queue
[2025-03-04T07:17:33.321+0000] {logging_mixin.py:190} INFO - [2025-03-04T07:17:33.321+0000] {dagbag.py:588} INFO - Filling up the DagBag from /home/airflow/.local/lib/python3.12/site-packages/airflow/example_dags/example_branch_python_dop_operator_3.py
[2025-03-04T07:17:33.330+0000] {processor.py:925} INFO - DAG(s) 'example_branch_dop_operator_v3' retrieved from /home/airflow/.local/lib/python3.12/site-packages/airflow/example_dags/example_branch_python_dop_operator_3.py
[2025-03-04T07:17:33.345+0000] {logging_mixin.py:190} INFO - [2025-03-04T07:17:33.344+0000] {dag.py:3239} INFO - Sync 1 DAGs
[2025-03-04T07:17:33.365+0000] {logging_mixin.py:190} INFO - [2025-03-04T07:17:33.364+0000] {dag.py:4180} INFO - Setting next_dagrun for example_branch_dop_operator_v3 to 2025-03-04 07:16:00+00:00, run_after=2025-03-04 07:17:00+00:00
[2025-03-04T07:17:33.379+0000] {processor.py:208} INFO - Processing /home/airflow/.local/lib/python3.12/site-packages/airflow/example_dags/example_branch_python_dop_operator_3.py took 0.064 seconds
[2025-03-04T07:18:03.478+0000] {processor.py:186} INFO - Started process (PID=3822) to work on /home/airflow/.local/lib/python3.12/site-packages/airflow/example_dags/example_branch_python_dop_operator_3.py
[2025-03-04T07:18:03.479+0000] {processor.py:914} INFO - Processing file /home/airflow/.local/lib/python3.12/site-packages/airflow/example_dags/example_branch_python_dop_operator_3.py for tasks to queue
[2025-03-04T07:18:03.480+0000] {logging_mixin.py:190} INFO - [2025-03-04T07:18:03.480+0000] {dagbag.py:588} INFO - Filling up the DagBag from /home/airflow/.local/lib/python3.12/site-packages/airflow/example_dags/example_branch_python_dop_operator_3.py
[2025-03-04T07:18:03.489+0000] {processor.py:925} INFO - DAG(s) 'example_branch_dop_operator_v3' retrieved from /home/airflow/.local/lib/python3.12/site-packages/airflow/example_dags/example_branch_python_dop_operator_3.py
[2025-03-04T07:18:03.503+0000] {logging_mixin.py:190} INFO - [2025-03-04T07:18:03.502+0000] {dag.py:3239} INFO - Sync 1 DAGs
[2025-03-04T07:18:03.522+0000] {logging_mixin.py:190} INFO - [2025-03-04T07:18:03.521+0000] {dag.py:4180} INFO - Setting next_dagrun for example_branch_dop_operator_v3 to 2025-03-04 07:17:00+00:00, run_after=2025-03-04 07:18:00+00:00
[2025-03-04T07:18:03.533+0000] {processor.py:208} INFO - Processing /home/airflow/.local/lib/python3.12/site-packages/airflow/example_dags/example_branch_python_dop_operator_3.py took 0.060 seconds
[2025-03-04T07:18:34.137+0000] {processor.py:186} INFO - Started process (PID=3895) to work on /home/airflow/.local/lib/python3.12/site-packages/airflow/example_dags/example_branch_python_dop_operator_3.py
[2025-03-04T07:18:34.138+0000] {processor.py:914} INFO - Processing file /home/airflow/.local/lib/python3.12/site-packages/airflow/example_dags/example_branch_python_dop_operator_3.py for tasks to queue
[2025-03-04T07:18:34.139+0000] {logging_mixin.py:190} INFO - [2025-03-04T07:18:34.139+0000] {dagbag.py:588} INFO - Filling up the DagBag from /home/airflow/.local/lib/python3.12/site-packages/airflow/example_dags/example_branch_python_dop_operator_3.py
[2025-03-04T07:18:34.147+0000] {processor.py:925} INFO - DAG(s) 'example_branch_dop_operator_v3' retrieved from /home/airflow/.local/lib/python3.12/site-packages/airflow/example_dags/example_branch_python_dop_operator_3.py
[2025-03-04T07:18:34.162+0000] {logging_mixin.py:190} INFO - [2025-03-04T07:18:34.162+0000] {dag.py:3239} INFO - Sync 1 DAGs
[2025-03-04T07:18:34.181+0000] {logging_mixin.py:190} INFO - [2025-03-04T07:18:34.181+0000] {dag.py:4180} INFO - Setting next_dagrun for example_branch_dop_operator_v3 to 2025-03-04 07:17:00+00:00, run_after=2025-03-04 07:18:00+00:00
[2025-03-04T07:18:34.197+0000] {processor.py:208} INFO - Processing /home/airflow/.local/lib/python3.12/site-packages/airflow/example_dags/example_branch_python_dop_operator_3.py took 0.064 seconds
