[2025-03-04T06:53:45.950+0000] {processor.py:186} INFO - Started process (PID=87) to work on /home/airflow/.local/lib/python3.12/site-packages/airflow/example_dags/example_trigger_target_dag.py
[2025-03-04T06:53:45.952+0000] {processor.py:914} INFO - Processing file /home/airflow/.local/lib/python3.12/site-packages/airflow/example_dags/example_trigger_target_dag.py for tasks to queue
[2025-03-04T06:53:45.955+0000] {logging_mixin.py:190} INFO - [2025-03-04T06:53:45.955+0000] {dagbag.py:588} INFO - Filling up the DagBag from /home/airflow/.local/lib/python3.12/site-packages/airflow/example_dags/example_trigger_target_dag.py
[2025-03-04T06:53:45.975+0000] {processor.py:925} INFO - DAG(s) 'example_trigger_target_dag' retrieved from /home/airflow/.local/lib/python3.12/site-packages/airflow/example_dags/example_trigger_target_dag.py
[2025-03-04T06:53:46.095+0000] {logging_mixin.py:190} INFO - [2025-03-04T06:53:46.094+0000] {override.py:1912} INFO - Created Permission View: can read on DAG:example_trigger_target_dag
[2025-03-04T06:53:46.109+0000] {logging_mixin.py:190} INFO - [2025-03-04T06:53:46.108+0000] {override.py:1912} INFO - Created Permission View: can edit on DAG:example_trigger_target_dag
[2025-03-04T06:53:46.118+0000] {logging_mixin.py:190} INFO - [2025-03-04T06:53:46.118+0000] {override.py:1912} INFO - Created Permission View: can delete on DAG:example_trigger_target_dag
[2025-03-04T06:53:46.129+0000] {logging_mixin.py:190} INFO - [2025-03-04T06:53:46.129+0000] {override.py:1912} INFO - Created Permission View: menu access on DAG Run:example_trigger_target_dag
[2025-03-04T06:53:46.141+0000] {logging_mixin.py:190} INFO - [2025-03-04T06:53:46.140+0000] {override.py:1912} INFO - Created Permission View: can read on DAG Run:example_trigger_target_dag
[2025-03-04T06:53:46.149+0000] {logging_mixin.py:190} INFO - [2025-03-04T06:53:46.149+0000] {override.py:1912} INFO - Created Permission View: can delete on DAG Run:example_trigger_target_dag
[2025-03-04T06:53:46.157+0000] {logging_mixin.py:190} INFO - [2025-03-04T06:53:46.157+0000] {override.py:1912} INFO - Created Permission View: can create on DAG Run:example_trigger_target_dag
[2025-03-04T06:53:46.158+0000] {logging_mixin.py:190} INFO - [2025-03-04T06:53:46.158+0000] {dag.py:3239} INFO - Sync 1 DAGs
[2025-03-04T06:53:46.170+0000] {logging_mixin.py:190} INFO - [2025-03-04T06:53:46.170+0000] {dag.py:3262} INFO - Creating ORM DAG for example_trigger_target_dag
[2025-03-04T06:53:46.171+0000] {logging_mixin.py:190} INFO - [2025-03-04T06:53:46.171+0000] {dag.py:4180} INFO - Setting next_dagrun for example_trigger_target_dag to None, run_after=None
[2025-03-04T06:53:46.192+0000] {processor.py:208} INFO - Processing /home/airflow/.local/lib/python3.12/site-packages/airflow/example_dags/example_trigger_target_dag.py took 0.247 seconds
[2025-03-04T06:54:16.724+0000] {processor.py:186} INFO - Started process (PID=162) to work on /home/airflow/.local/lib/python3.12/site-packages/airflow/example_dags/example_trigger_target_dag.py
[2025-03-04T06:54:16.725+0000] {processor.py:914} INFO - Processing file /home/airflow/.local/lib/python3.12/site-packages/airflow/example_dags/example_trigger_target_dag.py for tasks to queue
[2025-03-04T06:54:16.727+0000] {logging_mixin.py:190} INFO - [2025-03-04T06:54:16.727+0000] {dagbag.py:588} INFO - Filling up the DagBag from /home/airflow/.local/lib/python3.12/site-packages/airflow/example_dags/example_trigger_target_dag.py
[2025-03-04T06:54:16.734+0000] {processor.py:925} INFO - DAG(s) 'example_trigger_target_dag' retrieved from /home/airflow/.local/lib/python3.12/site-packages/airflow/example_dags/example_trigger_target_dag.py
[2025-03-04T06:54:16.753+0000] {logging_mixin.py:190} INFO - [2025-03-04T06:54:16.752+0000] {dag.py:3239} INFO - Sync 1 DAGs
[2025-03-04T06:54:16.771+0000] {logging_mixin.py:190} INFO - [2025-03-04T06:54:16.771+0000] {dag.py:4180} INFO - Setting next_dagrun for example_trigger_target_dag to None, run_after=None
[2025-03-04T06:54:16.793+0000] {processor.py:208} INFO - Processing /home/airflow/.local/lib/python3.12/site-packages/airflow/example_dags/example_trigger_target_dag.py took 0.073 seconds
[2025-03-04T06:54:47.193+0000] {processor.py:186} INFO - Started process (PID=245) to work on /home/airflow/.local/lib/python3.12/site-packages/airflow/example_dags/example_trigger_target_dag.py
[2025-03-04T06:54:47.194+0000] {processor.py:914} INFO - Processing file /home/airflow/.local/lib/python3.12/site-packages/airflow/example_dags/example_trigger_target_dag.py for tasks to queue
[2025-03-04T06:54:47.196+0000] {logging_mixin.py:190} INFO - [2025-03-04T06:54:47.195+0000] {dagbag.py:588} INFO - Filling up the DagBag from /home/airflow/.local/lib/python3.12/site-packages/airflow/example_dags/example_trigger_target_dag.py
[2025-03-04T06:54:47.202+0000] {processor.py:925} INFO - DAG(s) 'example_trigger_target_dag' retrieved from /home/airflow/.local/lib/python3.12/site-packages/airflow/example_dags/example_trigger_target_dag.py
[2025-03-04T06:54:47.217+0000] {logging_mixin.py:190} INFO - [2025-03-04T06:54:47.217+0000] {dag.py:3239} INFO - Sync 1 DAGs
[2025-03-04T06:54:47.229+0000] {logging_mixin.py:190} INFO - [2025-03-04T06:54:47.229+0000] {dag.py:4180} INFO - Setting next_dagrun for example_trigger_target_dag to None, run_after=None
[2025-03-04T06:54:47.249+0000] {processor.py:208} INFO - Processing /home/airflow/.local/lib/python3.12/site-packages/airflow/example_dags/example_trigger_target_dag.py took 0.062 seconds
[2025-03-04T06:55:17.480+0000] {processor.py:186} INFO - Started process (PID=319) to work on /home/airflow/.local/lib/python3.12/site-packages/airflow/example_dags/example_trigger_target_dag.py
[2025-03-04T06:55:17.481+0000] {processor.py:914} INFO - Processing file /home/airflow/.local/lib/python3.12/site-packages/airflow/example_dags/example_trigger_target_dag.py for tasks to queue
[2025-03-04T06:55:17.483+0000] {logging_mixin.py:190} INFO - [2025-03-04T06:55:17.483+0000] {dagbag.py:588} INFO - Filling up the DagBag from /home/airflow/.local/lib/python3.12/site-packages/airflow/example_dags/example_trigger_target_dag.py
[2025-03-04T06:55:17.489+0000] {processor.py:925} INFO - DAG(s) 'example_trigger_target_dag' retrieved from /home/airflow/.local/lib/python3.12/site-packages/airflow/example_dags/example_trigger_target_dag.py
[2025-03-04T06:55:17.506+0000] {logging_mixin.py:190} INFO - [2025-03-04T06:55:17.506+0000] {dag.py:3239} INFO - Sync 1 DAGs
[2025-03-04T06:55:17.518+0000] {logging_mixin.py:190} INFO - [2025-03-04T06:55:17.518+0000] {dag.py:4180} INFO - Setting next_dagrun for example_trigger_target_dag to None, run_after=None
[2025-03-04T06:55:17.538+0000] {processor.py:208} INFO - Processing /home/airflow/.local/lib/python3.12/site-packages/airflow/example_dags/example_trigger_target_dag.py took 0.063 seconds
[2025-03-04T06:55:48.502+0000] {processor.py:186} INFO - Started process (PID=402) to work on /home/airflow/.local/lib/python3.12/site-packages/airflow/example_dags/example_trigger_target_dag.py
[2025-03-04T06:55:48.503+0000] {processor.py:914} INFO - Processing file /home/airflow/.local/lib/python3.12/site-packages/airflow/example_dags/example_trigger_target_dag.py for tasks to queue
[2025-03-04T06:55:48.505+0000] {logging_mixin.py:190} INFO - [2025-03-04T06:55:48.505+0000] {dagbag.py:588} INFO - Filling up the DagBag from /home/airflow/.local/lib/python3.12/site-packages/airflow/example_dags/example_trigger_target_dag.py
[2025-03-04T06:55:48.512+0000] {processor.py:925} INFO - DAG(s) 'example_trigger_target_dag' retrieved from /home/airflow/.local/lib/python3.12/site-packages/airflow/example_dags/example_trigger_target_dag.py
[2025-03-04T06:55:48.526+0000] {logging_mixin.py:190} INFO - [2025-03-04T06:55:48.526+0000] {dag.py:3239} INFO - Sync 1 DAGs
[2025-03-04T06:55:48.537+0000] {logging_mixin.py:190} INFO - [2025-03-04T06:55:48.536+0000] {dag.py:4180} INFO - Setting next_dagrun for example_trigger_target_dag to None, run_after=None
[2025-03-04T06:55:48.550+0000] {processor.py:208} INFO - Processing /home/airflow/.local/lib/python3.12/site-packages/airflow/example_dags/example_trigger_target_dag.py took 0.053 seconds
[2025-03-04T06:56:19.376+0000] {processor.py:186} INFO - Started process (PID=477) to work on /home/airflow/.local/lib/python3.12/site-packages/airflow/example_dags/example_trigger_target_dag.py
[2025-03-04T06:56:19.377+0000] {processor.py:914} INFO - Processing file /home/airflow/.local/lib/python3.12/site-packages/airflow/example_dags/example_trigger_target_dag.py for tasks to queue
[2025-03-04T06:56:19.379+0000] {logging_mixin.py:190} INFO - [2025-03-04T06:56:19.378+0000] {dagbag.py:588} INFO - Filling up the DagBag from /home/airflow/.local/lib/python3.12/site-packages/airflow/example_dags/example_trigger_target_dag.py
[2025-03-04T06:56:19.386+0000] {processor.py:925} INFO - DAG(s) 'example_trigger_target_dag' retrieved from /home/airflow/.local/lib/python3.12/site-packages/airflow/example_dags/example_trigger_target_dag.py
[2025-03-04T06:56:19.405+0000] {logging_mixin.py:190} INFO - [2025-03-04T06:56:19.405+0000] {dag.py:3239} INFO - Sync 1 DAGs
[2025-03-04T06:56:19.419+0000] {logging_mixin.py:190} INFO - [2025-03-04T06:56:19.419+0000] {dag.py:4180} INFO - Setting next_dagrun for example_trigger_target_dag to None, run_after=None
[2025-03-04T06:56:19.437+0000] {processor.py:208} INFO - Processing /home/airflow/.local/lib/python3.12/site-packages/airflow/example_dags/example_trigger_target_dag.py took 0.066 seconds
[2025-03-04T06:56:50.466+0000] {processor.py:186} INFO - Started process (PID=560) to work on /home/airflow/.local/lib/python3.12/site-packages/airflow/example_dags/example_trigger_target_dag.py
[2025-03-04T06:56:50.468+0000] {processor.py:914} INFO - Processing file /home/airflow/.local/lib/python3.12/site-packages/airflow/example_dags/example_trigger_target_dag.py for tasks to queue
[2025-03-04T06:56:50.470+0000] {logging_mixin.py:190} INFO - [2025-03-04T06:56:50.470+0000] {dagbag.py:588} INFO - Filling up the DagBag from /home/airflow/.local/lib/python3.12/site-packages/airflow/example_dags/example_trigger_target_dag.py
[2025-03-04T06:56:50.478+0000] {processor.py:925} INFO - DAG(s) 'example_trigger_target_dag' retrieved from /home/airflow/.local/lib/python3.12/site-packages/airflow/example_dags/example_trigger_target_dag.py
[2025-03-04T06:56:50.498+0000] {logging_mixin.py:190} INFO - [2025-03-04T06:56:50.498+0000] {dag.py:3239} INFO - Sync 1 DAGs
[2025-03-04T06:56:50.513+0000] {logging_mixin.py:190} INFO - [2025-03-04T06:56:50.513+0000] {dag.py:4180} INFO - Setting next_dagrun for example_trigger_target_dag to None, run_after=None
[2025-03-04T06:56:50.535+0000] {processor.py:208} INFO - Processing /home/airflow/.local/lib/python3.12/site-packages/airflow/example_dags/example_trigger_target_dag.py took 0.074 seconds
[2025-03-04T06:57:21.586+0000] {processor.py:186} INFO - Started process (PID=635) to work on /home/airflow/.local/lib/python3.12/site-packages/airflow/example_dags/example_trigger_target_dag.py
[2025-03-04T06:57:21.587+0000] {processor.py:914} INFO - Processing file /home/airflow/.local/lib/python3.12/site-packages/airflow/example_dags/example_trigger_target_dag.py for tasks to queue
[2025-03-04T06:57:21.590+0000] {logging_mixin.py:190} INFO - [2025-03-04T06:57:21.589+0000] {dagbag.py:588} INFO - Filling up the DagBag from /home/airflow/.local/lib/python3.12/site-packages/airflow/example_dags/example_trigger_target_dag.py
[2025-03-04T06:57:21.598+0000] {processor.py:925} INFO - DAG(s) 'example_trigger_target_dag' retrieved from /home/airflow/.local/lib/python3.12/site-packages/airflow/example_dags/example_trigger_target_dag.py
[2025-03-04T06:57:21.616+0000] {logging_mixin.py:190} INFO - [2025-03-04T06:57:21.616+0000] {dag.py:3239} INFO - Sync 1 DAGs
[2025-03-04T06:57:21.630+0000] {logging_mixin.py:190} INFO - [2025-03-04T06:57:21.630+0000] {dag.py:4180} INFO - Setting next_dagrun for example_trigger_target_dag to None, run_after=None
[2025-03-04T06:57:21.647+0000] {processor.py:208} INFO - Processing /home/airflow/.local/lib/python3.12/site-packages/airflow/example_dags/example_trigger_target_dag.py took 0.068 seconds
[2025-03-04T06:57:52.845+0000] {processor.py:186} INFO - Started process (PID=718) to work on /home/airflow/.local/lib/python3.12/site-packages/airflow/example_dags/example_trigger_target_dag.py
[2025-03-04T06:57:52.849+0000] {processor.py:914} INFO - Processing file /home/airflow/.local/lib/python3.12/site-packages/airflow/example_dags/example_trigger_target_dag.py for tasks to queue
[2025-03-04T06:57:52.855+0000] {logging_mixin.py:190} INFO - [2025-03-04T06:57:52.854+0000] {dagbag.py:588} INFO - Filling up the DagBag from /home/airflow/.local/lib/python3.12/site-packages/airflow/example_dags/example_trigger_target_dag.py
[2025-03-04T06:57:52.874+0000] {processor.py:925} INFO - DAG(s) 'example_trigger_target_dag' retrieved from /home/airflow/.local/lib/python3.12/site-packages/airflow/example_dags/example_trigger_target_dag.py
[2025-03-04T06:57:52.915+0000] {logging_mixin.py:190} INFO - [2025-03-04T06:57:52.915+0000] {dag.py:3239} INFO - Sync 1 DAGs
[2025-03-04T06:57:52.937+0000] {logging_mixin.py:190} INFO - [2025-03-04T06:57:52.937+0000] {dag.py:4180} INFO - Setting next_dagrun for example_trigger_target_dag to None, run_after=None
[2025-03-04T06:57:52.964+0000] {processor.py:208} INFO - Processing /home/airflow/.local/lib/python3.12/site-packages/airflow/example_dags/example_trigger_target_dag.py took 0.130 seconds
[2025-03-04T06:58:23.104+0000] {processor.py:186} INFO - Started process (PID=792) to work on /home/airflow/.local/lib/python3.12/site-packages/airflow/example_dags/example_trigger_target_dag.py
[2025-03-04T06:58:23.105+0000] {processor.py:914} INFO - Processing file /home/airflow/.local/lib/python3.12/site-packages/airflow/example_dags/example_trigger_target_dag.py for tasks to queue
[2025-03-04T06:58:23.107+0000] {logging_mixin.py:190} INFO - [2025-03-04T06:58:23.107+0000] {dagbag.py:588} INFO - Filling up the DagBag from /home/airflow/.local/lib/python3.12/site-packages/airflow/example_dags/example_trigger_target_dag.py
[2025-03-04T06:58:23.113+0000] {processor.py:925} INFO - DAG(s) 'example_trigger_target_dag' retrieved from /home/airflow/.local/lib/python3.12/site-packages/airflow/example_dags/example_trigger_target_dag.py
[2025-03-04T06:58:23.131+0000] {logging_mixin.py:190} INFO - [2025-03-04T06:58:23.131+0000] {dag.py:3239} INFO - Sync 1 DAGs
[2025-03-04T06:58:23.158+0000] {logging_mixin.py:190} INFO - [2025-03-04T06:58:23.158+0000] {dag.py:4180} INFO - Setting next_dagrun for example_trigger_target_dag to None, run_after=None
[2025-03-04T06:58:23.180+0000] {processor.py:208} INFO - Processing /home/airflow/.local/lib/python3.12/site-packages/airflow/example_dags/example_trigger_target_dag.py took 0.081 seconds
[2025-03-04T06:58:53.632+0000] {processor.py:186} INFO - Started process (PID=869) to work on /home/airflow/.local/lib/python3.12/site-packages/airflow/example_dags/example_trigger_target_dag.py
[2025-03-04T06:58:53.634+0000] {processor.py:914} INFO - Processing file /home/airflow/.local/lib/python3.12/site-packages/airflow/example_dags/example_trigger_target_dag.py for tasks to queue
[2025-03-04T06:58:53.637+0000] {logging_mixin.py:190} INFO - [2025-03-04T06:58:53.637+0000] {dagbag.py:588} INFO - Filling up the DagBag from /home/airflow/.local/lib/python3.12/site-packages/airflow/example_dags/example_trigger_target_dag.py
[2025-03-04T06:58:53.645+0000] {processor.py:925} INFO - DAG(s) 'example_trigger_target_dag' retrieved from /home/airflow/.local/lib/python3.12/site-packages/airflow/example_dags/example_trigger_target_dag.py
[2025-03-04T06:58:53.665+0000] {logging_mixin.py:190} INFO - [2025-03-04T06:58:53.665+0000] {dag.py:3239} INFO - Sync 1 DAGs
[2025-03-04T06:58:53.679+0000] {logging_mixin.py:190} INFO - [2025-03-04T06:58:53.679+0000] {dag.py:4180} INFO - Setting next_dagrun for example_trigger_target_dag to None, run_after=None
[2025-03-04T06:58:53.699+0000] {processor.py:208} INFO - Processing /home/airflow/.local/lib/python3.12/site-packages/airflow/example_dags/example_trigger_target_dag.py took 0.073 seconds
[2025-03-04T06:59:23.794+0000] {processor.py:186} INFO - Started process (PID=952) to work on /home/airflow/.local/lib/python3.12/site-packages/airflow/example_dags/example_trigger_target_dag.py
[2025-03-04T06:59:23.795+0000] {processor.py:914} INFO - Processing file /home/airflow/.local/lib/python3.12/site-packages/airflow/example_dags/example_trigger_target_dag.py for tasks to queue
[2025-03-04T06:59:23.797+0000] {logging_mixin.py:190} INFO - [2025-03-04T06:59:23.797+0000] {dagbag.py:588} INFO - Filling up the DagBag from /home/airflow/.local/lib/python3.12/site-packages/airflow/example_dags/example_trigger_target_dag.py
[2025-03-04T06:59:23.804+0000] {processor.py:925} INFO - DAG(s) 'example_trigger_target_dag' retrieved from /home/airflow/.local/lib/python3.12/site-packages/airflow/example_dags/example_trigger_target_dag.py
[2025-03-04T06:59:23.819+0000] {logging_mixin.py:190} INFO - [2025-03-04T06:59:23.819+0000] {dag.py:3239} INFO - Sync 1 DAGs
[2025-03-04T06:59:23.830+0000] {logging_mixin.py:190} INFO - [2025-03-04T06:59:23.830+0000] {dag.py:4180} INFO - Setting next_dagrun for example_trigger_target_dag to None, run_after=None
[2025-03-04T06:59:23.845+0000] {processor.py:208} INFO - Processing /home/airflow/.local/lib/python3.12/site-packages/airflow/example_dags/example_trigger_target_dag.py took 0.056 seconds
[2025-03-04T06:59:54.770+0000] {processor.py:186} INFO - Started process (PID=1029) to work on /home/airflow/.local/lib/python3.12/site-packages/airflow/example_dags/example_trigger_target_dag.py
[2025-03-04T06:59:54.771+0000] {processor.py:914} INFO - Processing file /home/airflow/.local/lib/python3.12/site-packages/airflow/example_dags/example_trigger_target_dag.py for tasks to queue
[2025-03-04T06:59:54.773+0000] {logging_mixin.py:190} INFO - [2025-03-04T06:59:54.773+0000] {dagbag.py:588} INFO - Filling up the DagBag from /home/airflow/.local/lib/python3.12/site-packages/airflow/example_dags/example_trigger_target_dag.py
[2025-03-04T06:59:54.779+0000] {processor.py:925} INFO - DAG(s) 'example_trigger_target_dag' retrieved from /home/airflow/.local/lib/python3.12/site-packages/airflow/example_dags/example_trigger_target_dag.py
[2025-03-04T06:59:54.795+0000] {logging_mixin.py:190} INFO - [2025-03-04T06:59:54.795+0000] {dag.py:3239} INFO - Sync 1 DAGs
[2025-03-04T06:59:54.806+0000] {logging_mixin.py:190} INFO - [2025-03-04T06:59:54.806+0000] {dag.py:4180} INFO - Setting next_dagrun for example_trigger_target_dag to None, run_after=None
[2025-03-04T06:59:54.823+0000] {processor.py:208} INFO - Processing /home/airflow/.local/lib/python3.12/site-packages/airflow/example_dags/example_trigger_target_dag.py took 0.058 seconds
[2025-03-04T07:00:25.448+0000] {processor.py:186} INFO - Started process (PID=1113) to work on /home/airflow/.local/lib/python3.12/site-packages/airflow/example_dags/example_trigger_target_dag.py
[2025-03-04T07:00:25.450+0000] {processor.py:914} INFO - Processing file /home/airflow/.local/lib/python3.12/site-packages/airflow/example_dags/example_trigger_target_dag.py for tasks to queue
[2025-03-04T07:00:25.452+0000] {logging_mixin.py:190} INFO - [2025-03-04T07:00:25.452+0000] {dagbag.py:588} INFO - Filling up the DagBag from /home/airflow/.local/lib/python3.12/site-packages/airflow/example_dags/example_trigger_target_dag.py
[2025-03-04T07:00:25.458+0000] {processor.py:925} INFO - DAG(s) 'example_trigger_target_dag' retrieved from /home/airflow/.local/lib/python3.12/site-packages/airflow/example_dags/example_trigger_target_dag.py
[2025-03-04T07:00:25.475+0000] {logging_mixin.py:190} INFO - [2025-03-04T07:00:25.475+0000] {dag.py:3239} INFO - Sync 1 DAGs
[2025-03-04T07:00:25.486+0000] {logging_mixin.py:190} INFO - [2025-03-04T07:00:25.486+0000] {dag.py:4180} INFO - Setting next_dagrun for example_trigger_target_dag to None, run_after=None
[2025-03-04T07:00:25.501+0000] {processor.py:208} INFO - Processing /home/airflow/.local/lib/python3.12/site-packages/airflow/example_dags/example_trigger_target_dag.py took 0.057 seconds
[2025-03-04T07:00:55.746+0000] {processor.py:186} INFO - Started process (PID=1191) to work on /home/airflow/.local/lib/python3.12/site-packages/airflow/example_dags/example_trigger_target_dag.py
[2025-03-04T07:00:55.748+0000] {processor.py:914} INFO - Processing file /home/airflow/.local/lib/python3.12/site-packages/airflow/example_dags/example_trigger_target_dag.py for tasks to queue
[2025-03-04T07:00:55.750+0000] {logging_mixin.py:190} INFO - [2025-03-04T07:00:55.749+0000] {dagbag.py:588} INFO - Filling up the DagBag from /home/airflow/.local/lib/python3.12/site-packages/airflow/example_dags/example_trigger_target_dag.py
[2025-03-04T07:00:55.759+0000] {processor.py:925} INFO - DAG(s) 'example_trigger_target_dag' retrieved from /home/airflow/.local/lib/python3.12/site-packages/airflow/example_dags/example_trigger_target_dag.py
[2025-03-04T07:00:55.786+0000] {logging_mixin.py:190} INFO - [2025-03-04T07:00:55.785+0000] {dag.py:3239} INFO - Sync 1 DAGs
[2025-03-04T07:00:55.804+0000] {logging_mixin.py:190} INFO - [2025-03-04T07:00:55.804+0000] {dag.py:4180} INFO - Setting next_dagrun for example_trigger_target_dag to None, run_after=None
[2025-03-04T07:00:55.825+0000] {processor.py:208} INFO - Processing /home/airflow/.local/lib/python3.12/site-packages/airflow/example_dags/example_trigger_target_dag.py took 0.084 seconds
[2025-03-04T07:01:26.411+0000] {processor.py:186} INFO - Started process (PID=1275) to work on /home/airflow/.local/lib/python3.12/site-packages/airflow/example_dags/example_trigger_target_dag.py
[2025-03-04T07:01:26.413+0000] {processor.py:914} INFO - Processing file /home/airflow/.local/lib/python3.12/site-packages/airflow/example_dags/example_trigger_target_dag.py for tasks to queue
[2025-03-04T07:01:26.415+0000] {logging_mixin.py:190} INFO - [2025-03-04T07:01:26.415+0000] {dagbag.py:588} INFO - Filling up the DagBag from /home/airflow/.local/lib/python3.12/site-packages/airflow/example_dags/example_trigger_target_dag.py
[2025-03-04T07:01:26.423+0000] {processor.py:925} INFO - DAG(s) 'example_trigger_target_dag' retrieved from /home/airflow/.local/lib/python3.12/site-packages/airflow/example_dags/example_trigger_target_dag.py
[2025-03-04T07:01:26.445+0000] {logging_mixin.py:190} INFO - [2025-03-04T07:01:26.445+0000] {dag.py:3239} INFO - Sync 1 DAGs
[2025-03-04T07:01:26.461+0000] {logging_mixin.py:190} INFO - [2025-03-04T07:01:26.461+0000] {dag.py:4180} INFO - Setting next_dagrun for example_trigger_target_dag to None, run_after=None
[2025-03-04T07:01:26.484+0000] {processor.py:208} INFO - Processing /home/airflow/.local/lib/python3.12/site-packages/airflow/example_dags/example_trigger_target_dag.py took 0.079 seconds
[2025-03-04T07:01:57.047+0000] {processor.py:186} INFO - Started process (PID=1351) to work on /home/airflow/.local/lib/python3.12/site-packages/airflow/example_dags/example_trigger_target_dag.py
[2025-03-04T07:01:57.049+0000] {processor.py:914} INFO - Processing file /home/airflow/.local/lib/python3.12/site-packages/airflow/example_dags/example_trigger_target_dag.py for tasks to queue
[2025-03-04T07:01:57.050+0000] {logging_mixin.py:190} INFO - [2025-03-04T07:01:57.050+0000] {dagbag.py:588} INFO - Filling up the DagBag from /home/airflow/.local/lib/python3.12/site-packages/airflow/example_dags/example_trigger_target_dag.py
[2025-03-04T07:01:57.057+0000] {processor.py:925} INFO - DAG(s) 'example_trigger_target_dag' retrieved from /home/airflow/.local/lib/python3.12/site-packages/airflow/example_dags/example_trigger_target_dag.py
[2025-03-04T07:01:57.073+0000] {logging_mixin.py:190} INFO - [2025-03-04T07:01:57.073+0000] {dag.py:3239} INFO - Sync 1 DAGs
[2025-03-04T07:01:57.085+0000] {logging_mixin.py:190} INFO - [2025-03-04T07:01:57.085+0000] {dag.py:4180} INFO - Setting next_dagrun for example_trigger_target_dag to None, run_after=None
[2025-03-04T07:01:57.105+0000] {processor.py:208} INFO - Processing /home/airflow/.local/lib/python3.12/site-packages/airflow/example_dags/example_trigger_target_dag.py took 0.063 seconds
[2025-03-04T07:02:27.581+0000] {processor.py:186} INFO - Started process (PID=1435) to work on /home/airflow/.local/lib/python3.12/site-packages/airflow/example_dags/example_trigger_target_dag.py
[2025-03-04T07:02:27.583+0000] {processor.py:914} INFO - Processing file /home/airflow/.local/lib/python3.12/site-packages/airflow/example_dags/example_trigger_target_dag.py for tasks to queue
[2025-03-04T07:02:27.585+0000] {logging_mixin.py:190} INFO - [2025-03-04T07:02:27.585+0000] {dagbag.py:588} INFO - Filling up the DagBag from /home/airflow/.local/lib/python3.12/site-packages/airflow/example_dags/example_trigger_target_dag.py
[2025-03-04T07:02:27.592+0000] {processor.py:925} INFO - DAG(s) 'example_trigger_target_dag' retrieved from /home/airflow/.local/lib/python3.12/site-packages/airflow/example_dags/example_trigger_target_dag.py
[2025-03-04T07:02:27.609+0000] {logging_mixin.py:190} INFO - [2025-03-04T07:02:27.609+0000] {dag.py:3239} INFO - Sync 1 DAGs
[2025-03-04T07:02:27.625+0000] {logging_mixin.py:190} INFO - [2025-03-04T07:02:27.623+0000] {dag.py:4180} INFO - Setting next_dagrun for example_trigger_target_dag to None, run_after=None
[2025-03-04T07:02:27.644+0000] {processor.py:208} INFO - Processing /home/airflow/.local/lib/python3.12/site-packages/airflow/example_dags/example_trigger_target_dag.py took 0.067 seconds
[2025-03-04T07:02:58.166+0000] {processor.py:186} INFO - Started process (PID=1515) to work on /home/airflow/.local/lib/python3.12/site-packages/airflow/example_dags/example_trigger_target_dag.py
[2025-03-04T07:02:58.168+0000] {processor.py:914} INFO - Processing file /home/airflow/.local/lib/python3.12/site-packages/airflow/example_dags/example_trigger_target_dag.py for tasks to queue
[2025-03-04T07:02:58.170+0000] {logging_mixin.py:190} INFO - [2025-03-04T07:02:58.169+0000] {dagbag.py:588} INFO - Filling up the DagBag from /home/airflow/.local/lib/python3.12/site-packages/airflow/example_dags/example_trigger_target_dag.py
[2025-03-04T07:02:58.177+0000] {processor.py:925} INFO - DAG(s) 'example_trigger_target_dag' retrieved from /home/airflow/.local/lib/python3.12/site-packages/airflow/example_dags/example_trigger_target_dag.py
[2025-03-04T07:02:58.196+0000] {logging_mixin.py:190} INFO - [2025-03-04T07:02:58.196+0000] {dag.py:3239} INFO - Sync 1 DAGs
[2025-03-04T07:02:58.211+0000] {logging_mixin.py:190} INFO - [2025-03-04T07:02:58.210+0000] {dag.py:4180} INFO - Setting next_dagrun for example_trigger_target_dag to None, run_after=None
[2025-03-04T07:02:58.229+0000] {processor.py:208} INFO - Processing /home/airflow/.local/lib/python3.12/site-packages/airflow/example_dags/example_trigger_target_dag.py took 0.068 seconds
[2025-03-04T07:03:28.333+0000] {processor.py:186} INFO - Started process (PID=1590) to work on /home/airflow/.local/lib/python3.12/site-packages/airflow/example_dags/example_trigger_target_dag.py
[2025-03-04T07:03:28.334+0000] {processor.py:914} INFO - Processing file /home/airflow/.local/lib/python3.12/site-packages/airflow/example_dags/example_trigger_target_dag.py for tasks to queue
[2025-03-04T07:03:28.336+0000] {logging_mixin.py:190} INFO - [2025-03-04T07:03:28.335+0000] {dagbag.py:588} INFO - Filling up the DagBag from /home/airflow/.local/lib/python3.12/site-packages/airflow/example_dags/example_trigger_target_dag.py
[2025-03-04T07:03:28.343+0000] {processor.py:925} INFO - DAG(s) 'example_trigger_target_dag' retrieved from /home/airflow/.local/lib/python3.12/site-packages/airflow/example_dags/example_trigger_target_dag.py
[2025-03-04T07:03:28.360+0000] {logging_mixin.py:190} INFO - [2025-03-04T07:03:28.360+0000] {dag.py:3239} INFO - Sync 1 DAGs
[2025-03-04T07:03:28.372+0000] {logging_mixin.py:190} INFO - [2025-03-04T07:03:28.372+0000] {dag.py:4180} INFO - Setting next_dagrun for example_trigger_target_dag to None, run_after=None
[2025-03-04T07:03:28.389+0000] {processor.py:208} INFO - Processing /home/airflow/.local/lib/python3.12/site-packages/airflow/example_dags/example_trigger_target_dag.py took 0.060 seconds
[2025-03-04T07:03:58.474+0000] {processor.py:186} INFO - Started process (PID=1672) to work on /home/airflow/.local/lib/python3.12/site-packages/airflow/example_dags/example_trigger_target_dag.py
[2025-03-04T07:03:58.475+0000] {processor.py:914} INFO - Processing file /home/airflow/.local/lib/python3.12/site-packages/airflow/example_dags/example_trigger_target_dag.py for tasks to queue
[2025-03-04T07:03:58.476+0000] {logging_mixin.py:190} INFO - [2025-03-04T07:03:58.476+0000] {dagbag.py:588} INFO - Filling up the DagBag from /home/airflow/.local/lib/python3.12/site-packages/airflow/example_dags/example_trigger_target_dag.py
[2025-03-04T07:03:58.484+0000] {processor.py:925} INFO - DAG(s) 'example_trigger_target_dag' retrieved from /home/airflow/.local/lib/python3.12/site-packages/airflow/example_dags/example_trigger_target_dag.py
[2025-03-04T07:03:58.502+0000] {logging_mixin.py:190} INFO - [2025-03-04T07:03:58.502+0000] {dag.py:3239} INFO - Sync 1 DAGs
[2025-03-04T07:03:58.518+0000] {logging_mixin.py:190} INFO - [2025-03-04T07:03:58.518+0000] {dag.py:4180} INFO - Setting next_dagrun for example_trigger_target_dag to None, run_after=None
[2025-03-04T07:03:58.537+0000] {processor.py:208} INFO - Processing /home/airflow/.local/lib/python3.12/site-packages/airflow/example_dags/example_trigger_target_dag.py took 0.068 seconds
[2025-03-04T07:04:28.608+0000] {processor.py:186} INFO - Started process (PID=1747) to work on /home/airflow/.local/lib/python3.12/site-packages/airflow/example_dags/example_trigger_target_dag.py
[2025-03-04T07:04:28.612+0000] {processor.py:914} INFO - Processing file /home/airflow/.local/lib/python3.12/site-packages/airflow/example_dags/example_trigger_target_dag.py for tasks to queue
[2025-03-04T07:04:28.614+0000] {logging_mixin.py:190} INFO - [2025-03-04T07:04:28.613+0000] {dagbag.py:588} INFO - Filling up the DagBag from /home/airflow/.local/lib/python3.12/site-packages/airflow/example_dags/example_trigger_target_dag.py
[2025-03-04T07:04:28.623+0000] {processor.py:925} INFO - DAG(s) 'example_trigger_target_dag' retrieved from /home/airflow/.local/lib/python3.12/site-packages/airflow/example_dags/example_trigger_target_dag.py
[2025-03-04T07:04:28.642+0000] {logging_mixin.py:190} INFO - [2025-03-04T07:04:28.641+0000] {dag.py:3239} INFO - Sync 1 DAGs
[2025-03-04T07:04:28.655+0000] {logging_mixin.py:190} INFO - [2025-03-04T07:04:28.655+0000] {dag.py:4180} INFO - Setting next_dagrun for example_trigger_target_dag to None, run_after=None
[2025-03-04T07:04:28.672+0000] {processor.py:208} INFO - Processing /home/airflow/.local/lib/python3.12/site-packages/airflow/example_dags/example_trigger_target_dag.py took 0.070 seconds
[2025-03-04T07:04:58.734+0000] {processor.py:186} INFO - Started process (PID=1829) to work on /home/airflow/.local/lib/python3.12/site-packages/airflow/example_dags/example_trigger_target_dag.py
[2025-03-04T07:04:58.735+0000] {processor.py:914} INFO - Processing file /home/airflow/.local/lib/python3.12/site-packages/airflow/example_dags/example_trigger_target_dag.py for tasks to queue
[2025-03-04T07:04:58.739+0000] {logging_mixin.py:190} INFO - [2025-03-04T07:04:58.738+0000] {dagbag.py:588} INFO - Filling up the DagBag from /home/airflow/.local/lib/python3.12/site-packages/airflow/example_dags/example_trigger_target_dag.py
[2025-03-04T07:04:58.750+0000] {processor.py:925} INFO - DAG(s) 'example_trigger_target_dag' retrieved from /home/airflow/.local/lib/python3.12/site-packages/airflow/example_dags/example_trigger_target_dag.py
[2025-03-04T07:04:58.766+0000] {logging_mixin.py:190} INFO - [2025-03-04T07:04:58.766+0000] {dag.py:3239} INFO - Sync 1 DAGs
[2025-03-04T07:04:58.781+0000] {logging_mixin.py:190} INFO - [2025-03-04T07:04:58.781+0000] {dag.py:4180} INFO - Setting next_dagrun for example_trigger_target_dag to None, run_after=None
[2025-03-04T07:04:58.799+0000] {processor.py:208} INFO - Processing /home/airflow/.local/lib/python3.12/site-packages/airflow/example_dags/example_trigger_target_dag.py took 0.070 seconds
[2025-03-04T07:05:29.201+0000] {processor.py:186} INFO - Started process (PID=1903) to work on /home/airflow/.local/lib/python3.12/site-packages/airflow/example_dags/example_trigger_target_dag.py
[2025-03-04T07:05:29.203+0000] {processor.py:914} INFO - Processing file /home/airflow/.local/lib/python3.12/site-packages/airflow/example_dags/example_trigger_target_dag.py for tasks to queue
[2025-03-04T07:05:29.204+0000] {logging_mixin.py:190} INFO - [2025-03-04T07:05:29.204+0000] {dagbag.py:588} INFO - Filling up the DagBag from /home/airflow/.local/lib/python3.12/site-packages/airflow/example_dags/example_trigger_target_dag.py
[2025-03-04T07:05:29.215+0000] {processor.py:925} INFO - DAG(s) 'example_trigger_target_dag' retrieved from /home/airflow/.local/lib/python3.12/site-packages/airflow/example_dags/example_trigger_target_dag.py
[2025-03-04T07:05:29.239+0000] {logging_mixin.py:190} INFO - [2025-03-04T07:05:29.239+0000] {dag.py:3239} INFO - Sync 1 DAGs
[2025-03-04T07:05:29.256+0000] {logging_mixin.py:190} INFO - [2025-03-04T07:05:29.256+0000] {dag.py:4180} INFO - Setting next_dagrun for example_trigger_target_dag to None, run_after=None
[2025-03-04T07:05:29.275+0000] {processor.py:208} INFO - Processing /home/airflow/.local/lib/python3.12/site-packages/airflow/example_dags/example_trigger_target_dag.py took 0.079 seconds
[2025-03-04T07:05:59.447+0000] {processor.py:186} INFO - Started process (PID=1984) to work on /home/airflow/.local/lib/python3.12/site-packages/airflow/example_dags/example_trigger_target_dag.py
[2025-03-04T07:05:59.448+0000] {processor.py:914} INFO - Processing file /home/airflow/.local/lib/python3.12/site-packages/airflow/example_dags/example_trigger_target_dag.py for tasks to queue
[2025-03-04T07:05:59.450+0000] {logging_mixin.py:190} INFO - [2025-03-04T07:05:59.450+0000] {dagbag.py:588} INFO - Filling up the DagBag from /home/airflow/.local/lib/python3.12/site-packages/airflow/example_dags/example_trigger_target_dag.py
[2025-03-04T07:05:59.458+0000] {processor.py:925} INFO - DAG(s) 'example_trigger_target_dag' retrieved from /home/airflow/.local/lib/python3.12/site-packages/airflow/example_dags/example_trigger_target_dag.py
[2025-03-04T07:05:59.477+0000] {logging_mixin.py:190} INFO - [2025-03-04T07:05:59.477+0000] {dag.py:3239} INFO - Sync 1 DAGs
[2025-03-04T07:05:59.491+0000] {logging_mixin.py:190} INFO - [2025-03-04T07:05:59.491+0000] {dag.py:4180} INFO - Setting next_dagrun for example_trigger_target_dag to None, run_after=None
[2025-03-04T07:05:59.510+0000] {processor.py:208} INFO - Processing /home/airflow/.local/lib/python3.12/site-packages/airflow/example_dags/example_trigger_target_dag.py took 0.069 seconds
[2025-03-04T07:06:29.921+0000] {processor.py:186} INFO - Started process (PID=2059) to work on /home/airflow/.local/lib/python3.12/site-packages/airflow/example_dags/example_trigger_target_dag.py
[2025-03-04T07:06:29.922+0000] {processor.py:914} INFO - Processing file /home/airflow/.local/lib/python3.12/site-packages/airflow/example_dags/example_trigger_target_dag.py for tasks to queue
[2025-03-04T07:06:29.923+0000] {logging_mixin.py:190} INFO - [2025-03-04T07:06:29.923+0000] {dagbag.py:588} INFO - Filling up the DagBag from /home/airflow/.local/lib/python3.12/site-packages/airflow/example_dags/example_trigger_target_dag.py
[2025-03-04T07:06:29.931+0000] {processor.py:925} INFO - DAG(s) 'example_trigger_target_dag' retrieved from /home/airflow/.local/lib/python3.12/site-packages/airflow/example_dags/example_trigger_target_dag.py
[2025-03-04T07:06:29.952+0000] {logging_mixin.py:190} INFO - [2025-03-04T07:06:29.951+0000] {dag.py:3239} INFO - Sync 1 DAGs
[2025-03-04T07:06:29.969+0000] {logging_mixin.py:190} INFO - [2025-03-04T07:06:29.969+0000] {dag.py:4180} INFO - Setting next_dagrun for example_trigger_target_dag to None, run_after=None
[2025-03-04T07:06:29.991+0000] {processor.py:208} INFO - Processing /home/airflow/.local/lib/python3.12/site-packages/airflow/example_dags/example_trigger_target_dag.py took 0.075 seconds
[2025-03-04T07:07:00.200+0000] {processor.py:186} INFO - Started process (PID=2133) to work on /home/airflow/.local/lib/python3.12/site-packages/airflow/example_dags/example_trigger_target_dag.py
[2025-03-04T07:07:00.202+0000] {processor.py:914} INFO - Processing file /home/airflow/.local/lib/python3.12/site-packages/airflow/example_dags/example_trigger_target_dag.py for tasks to queue
[2025-03-04T07:07:00.203+0000] {logging_mixin.py:190} INFO - [2025-03-04T07:07:00.202+0000] {dagbag.py:588} INFO - Filling up the DagBag from /home/airflow/.local/lib/python3.12/site-packages/airflow/example_dags/example_trigger_target_dag.py
[2025-03-04T07:07:00.212+0000] {processor.py:925} INFO - DAG(s) 'example_trigger_target_dag' retrieved from /home/airflow/.local/lib/python3.12/site-packages/airflow/example_dags/example_trigger_target_dag.py
[2025-03-04T07:07:00.226+0000] {logging_mixin.py:190} INFO - [2025-03-04T07:07:00.226+0000] {dag.py:3239} INFO - Sync 1 DAGs
[2025-03-04T07:07:00.239+0000] {logging_mixin.py:190} INFO - [2025-03-04T07:07:00.239+0000] {dag.py:4180} INFO - Setting next_dagrun for example_trigger_target_dag to None, run_after=None
[2025-03-04T07:07:00.255+0000] {processor.py:208} INFO - Processing /home/airflow/.local/lib/python3.12/site-packages/airflow/example_dags/example_trigger_target_dag.py took 0.059 seconds
[2025-03-04T07:07:30.510+0000] {processor.py:186} INFO - Started process (PID=2215) to work on /home/airflow/.local/lib/python3.12/site-packages/airflow/example_dags/example_trigger_target_dag.py
[2025-03-04T07:07:30.517+0000] {processor.py:914} INFO - Processing file /home/airflow/.local/lib/python3.12/site-packages/airflow/example_dags/example_trigger_target_dag.py for tasks to queue
[2025-03-04T07:07:30.518+0000] {logging_mixin.py:190} INFO - [2025-03-04T07:07:30.518+0000] {dagbag.py:588} INFO - Filling up the DagBag from /home/airflow/.local/lib/python3.12/site-packages/airflow/example_dags/example_trigger_target_dag.py
[2025-03-04T07:07:30.525+0000] {processor.py:925} INFO - DAG(s) 'example_trigger_target_dag' retrieved from /home/airflow/.local/lib/python3.12/site-packages/airflow/example_dags/example_trigger_target_dag.py
[2025-03-04T07:07:30.542+0000] {logging_mixin.py:190} INFO - [2025-03-04T07:07:30.542+0000] {dag.py:3239} INFO - Sync 1 DAGs
[2025-03-04T07:07:30.554+0000] {logging_mixin.py:190} INFO - [2025-03-04T07:07:30.554+0000] {dag.py:4180} INFO - Setting next_dagrun for example_trigger_target_dag to None, run_after=None
[2025-03-04T07:07:30.571+0000] {processor.py:208} INFO - Processing /home/airflow/.local/lib/python3.12/site-packages/airflow/example_dags/example_trigger_target_dag.py took 0.065 seconds
[2025-03-04T07:08:00.855+0000] {processor.py:186} INFO - Started process (PID=2289) to work on /home/airflow/.local/lib/python3.12/site-packages/airflow/example_dags/example_trigger_target_dag.py
[2025-03-04T07:08:00.856+0000] {processor.py:914} INFO - Processing file /home/airflow/.local/lib/python3.12/site-packages/airflow/example_dags/example_trigger_target_dag.py for tasks to queue
[2025-03-04T07:08:00.857+0000] {logging_mixin.py:190} INFO - [2025-03-04T07:08:00.857+0000] {dagbag.py:588} INFO - Filling up the DagBag from /home/airflow/.local/lib/python3.12/site-packages/airflow/example_dags/example_trigger_target_dag.py
[2025-03-04T07:08:00.863+0000] {processor.py:925} INFO - DAG(s) 'example_trigger_target_dag' retrieved from /home/airflow/.local/lib/python3.12/site-packages/airflow/example_dags/example_trigger_target_dag.py
[2025-03-04T07:08:00.878+0000] {logging_mixin.py:190} INFO - [2025-03-04T07:08:00.878+0000] {dag.py:3239} INFO - Sync 1 DAGs
[2025-03-04T07:08:00.889+0000] {logging_mixin.py:190} INFO - [2025-03-04T07:08:00.889+0000] {dag.py:4180} INFO - Setting next_dagrun for example_trigger_target_dag to None, run_after=None
[2025-03-04T07:08:00.904+0000] {processor.py:208} INFO - Processing /home/airflow/.local/lib/python3.12/site-packages/airflow/example_dags/example_trigger_target_dag.py took 0.053 seconds
[2025-03-04T07:08:31.068+0000] {processor.py:186} INFO - Started process (PID=2371) to work on /home/airflow/.local/lib/python3.12/site-packages/airflow/example_dags/example_trigger_target_dag.py
[2025-03-04T07:08:31.070+0000] {processor.py:914} INFO - Processing file /home/airflow/.local/lib/python3.12/site-packages/airflow/example_dags/example_trigger_target_dag.py for tasks to queue
[2025-03-04T07:08:31.071+0000] {logging_mixin.py:190} INFO - [2025-03-04T07:08:31.071+0000] {dagbag.py:588} INFO - Filling up the DagBag from /home/airflow/.local/lib/python3.12/site-packages/airflow/example_dags/example_trigger_target_dag.py
[2025-03-04T07:08:31.081+0000] {processor.py:925} INFO - DAG(s) 'example_trigger_target_dag' retrieved from /home/airflow/.local/lib/python3.12/site-packages/airflow/example_dags/example_trigger_target_dag.py
[2025-03-04T07:08:31.108+0000] {logging_mixin.py:190} INFO - [2025-03-04T07:08:31.108+0000] {dag.py:3239} INFO - Sync 1 DAGs
[2025-03-04T07:08:31.127+0000] {logging_mixin.py:190} INFO - [2025-03-04T07:08:31.127+0000] {dag.py:4180} INFO - Setting next_dagrun for example_trigger_target_dag to None, run_after=None
[2025-03-04T07:08:31.154+0000] {processor.py:208} INFO - Processing /home/airflow/.local/lib/python3.12/site-packages/airflow/example_dags/example_trigger_target_dag.py took 0.093 seconds
[2025-03-04T07:09:01.387+0000] {processor.py:186} INFO - Started process (PID=2446) to work on /home/airflow/.local/lib/python3.12/site-packages/airflow/example_dags/example_trigger_target_dag.py
[2025-03-04T07:09:01.388+0000] {processor.py:914} INFO - Processing file /home/airflow/.local/lib/python3.12/site-packages/airflow/example_dags/example_trigger_target_dag.py for tasks to queue
[2025-03-04T07:09:01.390+0000] {logging_mixin.py:190} INFO - [2025-03-04T07:09:01.389+0000] {dagbag.py:588} INFO - Filling up the DagBag from /home/airflow/.local/lib/python3.12/site-packages/airflow/example_dags/example_trigger_target_dag.py
[2025-03-04T07:09:01.400+0000] {processor.py:925} INFO - DAG(s) 'example_trigger_target_dag' retrieved from /home/airflow/.local/lib/python3.12/site-packages/airflow/example_dags/example_trigger_target_dag.py
[2025-03-04T07:09:01.415+0000] {logging_mixin.py:190} INFO - [2025-03-04T07:09:01.415+0000] {dag.py:3239} INFO - Sync 1 DAGs
[2025-03-04T07:09:01.430+0000] {logging_mixin.py:190} INFO - [2025-03-04T07:09:01.430+0000] {dag.py:4180} INFO - Setting next_dagrun for example_trigger_target_dag to None, run_after=None
[2025-03-04T07:09:01.446+0000] {processor.py:208} INFO - Processing /home/airflow/.local/lib/python3.12/site-packages/airflow/example_dags/example_trigger_target_dag.py took 0.065 seconds
[2025-03-04T07:09:32.045+0000] {processor.py:186} INFO - Started process (PID=2527) to work on /home/airflow/.local/lib/python3.12/site-packages/airflow/example_dags/example_trigger_target_dag.py
[2025-03-04T07:09:32.047+0000] {processor.py:914} INFO - Processing file /home/airflow/.local/lib/python3.12/site-packages/airflow/example_dags/example_trigger_target_dag.py for tasks to queue
[2025-03-04T07:09:32.050+0000] {logging_mixin.py:190} INFO - [2025-03-04T07:09:32.049+0000] {dagbag.py:588} INFO - Filling up the DagBag from /home/airflow/.local/lib/python3.12/site-packages/airflow/example_dags/example_trigger_target_dag.py
[2025-03-04T07:09:32.062+0000] {processor.py:925} INFO - DAG(s) 'example_trigger_target_dag' retrieved from /home/airflow/.local/lib/python3.12/site-packages/airflow/example_dags/example_trigger_target_dag.py
[2025-03-04T07:09:32.093+0000] {logging_mixin.py:190} INFO - [2025-03-04T07:09:32.093+0000] {dag.py:3239} INFO - Sync 1 DAGs
[2025-03-04T07:09:32.113+0000] {logging_mixin.py:190} INFO - [2025-03-04T07:09:32.113+0000] {dag.py:4180} INFO - Setting next_dagrun for example_trigger_target_dag to None, run_after=None
[2025-03-04T07:09:32.138+0000] {processor.py:208} INFO - Processing /home/airflow/.local/lib/python3.12/site-packages/airflow/example_dags/example_trigger_target_dag.py took 0.100 seconds
[2025-03-04T07:10:02.585+0000] {processor.py:186} INFO - Started process (PID=2602) to work on /home/airflow/.local/lib/python3.12/site-packages/airflow/example_dags/example_trigger_target_dag.py
[2025-03-04T07:10:02.586+0000] {processor.py:914} INFO - Processing file /home/airflow/.local/lib/python3.12/site-packages/airflow/example_dags/example_trigger_target_dag.py for tasks to queue
[2025-03-04T07:10:02.587+0000] {logging_mixin.py:190} INFO - [2025-03-04T07:10:02.587+0000] {dagbag.py:588} INFO - Filling up the DagBag from /home/airflow/.local/lib/python3.12/site-packages/airflow/example_dags/example_trigger_target_dag.py
[2025-03-04T07:10:02.593+0000] {processor.py:925} INFO - DAG(s) 'example_trigger_target_dag' retrieved from /home/airflow/.local/lib/python3.12/site-packages/airflow/example_dags/example_trigger_target_dag.py
[2025-03-04T07:10:02.609+0000] {logging_mixin.py:190} INFO - [2025-03-04T07:10:02.609+0000] {dag.py:3239} INFO - Sync 1 DAGs
[2025-03-04T07:10:02.622+0000] {logging_mixin.py:190} INFO - [2025-03-04T07:10:02.622+0000] {dag.py:4180} INFO - Setting next_dagrun for example_trigger_target_dag to None, run_after=None
[2025-03-04T07:10:02.637+0000] {processor.py:208} INFO - Processing /home/airflow/.local/lib/python3.12/site-packages/airflow/example_dags/example_trigger_target_dag.py took 0.057 seconds
[2025-03-04T07:10:32.782+0000] {processor.py:186} INFO - Started process (PID=2675) to work on /home/airflow/.local/lib/python3.12/site-packages/airflow/example_dags/example_trigger_target_dag.py
[2025-03-04T07:10:32.784+0000] {processor.py:914} INFO - Processing file /home/airflow/.local/lib/python3.12/site-packages/airflow/example_dags/example_trigger_target_dag.py for tasks to queue
[2025-03-04T07:10:32.785+0000] {logging_mixin.py:190} INFO - [2025-03-04T07:10:32.785+0000] {dagbag.py:588} INFO - Filling up the DagBag from /home/airflow/.local/lib/python3.12/site-packages/airflow/example_dags/example_trigger_target_dag.py
[2025-03-04T07:10:32.794+0000] {processor.py:925} INFO - DAG(s) 'example_trigger_target_dag' retrieved from /home/airflow/.local/lib/python3.12/site-packages/airflow/example_dags/example_trigger_target_dag.py
[2025-03-04T07:10:32.813+0000] {logging_mixin.py:190} INFO - [2025-03-04T07:10:32.813+0000] {dag.py:3239} INFO - Sync 1 DAGs
[2025-03-04T07:10:32.830+0000] {logging_mixin.py:190} INFO - [2025-03-04T07:10:32.829+0000] {dag.py:4180} INFO - Setting next_dagrun for example_trigger_target_dag to None, run_after=None
[2025-03-04T07:10:32.848+0000] {processor.py:208} INFO - Processing /home/airflow/.local/lib/python3.12/site-packages/airflow/example_dags/example_trigger_target_dag.py took 0.070 seconds
[2025-03-04T07:11:03.067+0000] {processor.py:186} INFO - Started process (PID=2757) to work on /home/airflow/.local/lib/python3.12/site-packages/airflow/example_dags/example_trigger_target_dag.py
[2025-03-04T07:11:03.071+0000] {processor.py:914} INFO - Processing file /home/airflow/.local/lib/python3.12/site-packages/airflow/example_dags/example_trigger_target_dag.py for tasks to queue
[2025-03-04T07:11:03.073+0000] {logging_mixin.py:190} INFO - [2025-03-04T07:11:03.073+0000] {dagbag.py:588} INFO - Filling up the DagBag from /home/airflow/.local/lib/python3.12/site-packages/airflow/example_dags/example_trigger_target_dag.py
[2025-03-04T07:11:03.082+0000] {processor.py:925} INFO - DAG(s) 'example_trigger_target_dag' retrieved from /home/airflow/.local/lib/python3.12/site-packages/airflow/example_dags/example_trigger_target_dag.py
[2025-03-04T07:11:03.105+0000] {logging_mixin.py:190} INFO - [2025-03-04T07:11:03.104+0000] {dag.py:3239} INFO - Sync 1 DAGs
[2025-03-04T07:11:03.119+0000] {logging_mixin.py:190} INFO - [2025-03-04T07:11:03.119+0000] {dag.py:4180} INFO - Setting next_dagrun for example_trigger_target_dag to None, run_after=None
[2025-03-04T07:11:03.138+0000] {processor.py:208} INFO - Processing /home/airflow/.local/lib/python3.12/site-packages/airflow/example_dags/example_trigger_target_dag.py took 0.076 seconds
[2025-03-04T07:11:33.565+0000] {processor.py:186} INFO - Started process (PID=2831) to work on /home/airflow/.local/lib/python3.12/site-packages/airflow/example_dags/example_trigger_target_dag.py
[2025-03-04T07:11:33.567+0000] {processor.py:914} INFO - Processing file /home/airflow/.local/lib/python3.12/site-packages/airflow/example_dags/example_trigger_target_dag.py for tasks to queue
[2025-03-04T07:11:33.569+0000] {logging_mixin.py:190} INFO - [2025-03-04T07:11:33.569+0000] {dagbag.py:588} INFO - Filling up the DagBag from /home/airflow/.local/lib/python3.12/site-packages/airflow/example_dags/example_trigger_target_dag.py
[2025-03-04T07:11:33.580+0000] {processor.py:925} INFO - DAG(s) 'example_trigger_target_dag' retrieved from /home/airflow/.local/lib/python3.12/site-packages/airflow/example_dags/example_trigger_target_dag.py
[2025-03-04T07:11:33.608+0000] {logging_mixin.py:190} INFO - [2025-03-04T07:11:33.608+0000] {dag.py:3239} INFO - Sync 1 DAGs
[2025-03-04T07:11:33.625+0000] {logging_mixin.py:190} INFO - [2025-03-04T07:11:33.625+0000] {dag.py:4180} INFO - Setting next_dagrun for example_trigger_target_dag to None, run_after=None
[2025-03-04T07:11:33.648+0000] {processor.py:208} INFO - Processing /home/airflow/.local/lib/python3.12/site-packages/airflow/example_dags/example_trigger_target_dag.py took 0.090 seconds
[2025-03-04T07:12:04.495+0000] {processor.py:186} INFO - Started process (PID=2911) to work on /home/airflow/.local/lib/python3.12/site-packages/airflow/example_dags/example_trigger_target_dag.py
[2025-03-04T07:12:04.498+0000] {processor.py:914} INFO - Processing file /home/airflow/.local/lib/python3.12/site-packages/airflow/example_dags/example_trigger_target_dag.py for tasks to queue
[2025-03-04T07:12:04.500+0000] {logging_mixin.py:190} INFO - [2025-03-04T07:12:04.499+0000] {dagbag.py:588} INFO - Filling up the DagBag from /home/airflow/.local/lib/python3.12/site-packages/airflow/example_dags/example_trigger_target_dag.py
[2025-03-04T07:12:04.511+0000] {processor.py:925} INFO - DAG(s) 'example_trigger_target_dag' retrieved from /home/airflow/.local/lib/python3.12/site-packages/airflow/example_dags/example_trigger_target_dag.py
[2025-03-04T07:12:04.538+0000] {logging_mixin.py:190} INFO - [2025-03-04T07:12:04.538+0000] {dag.py:3239} INFO - Sync 1 DAGs
[2025-03-04T07:12:04.562+0000] {logging_mixin.py:190} INFO - [2025-03-04T07:12:04.562+0000] {dag.py:4180} INFO - Setting next_dagrun for example_trigger_target_dag to None, run_after=None
[2025-03-04T07:12:04.589+0000] {processor.py:208} INFO - Processing /home/airflow/.local/lib/python3.12/site-packages/airflow/example_dags/example_trigger_target_dag.py took 0.101 seconds
[2025-03-04T07:12:34.714+0000] {processor.py:186} INFO - Started process (PID=2985) to work on /home/airflow/.local/lib/python3.12/site-packages/airflow/example_dags/example_trigger_target_dag.py
[2025-03-04T07:12:34.716+0000] {processor.py:914} INFO - Processing file /home/airflow/.local/lib/python3.12/site-packages/airflow/example_dags/example_trigger_target_dag.py for tasks to queue
[2025-03-04T07:12:34.718+0000] {logging_mixin.py:190} INFO - [2025-03-04T07:12:34.718+0000] {dagbag.py:588} INFO - Filling up the DagBag from /home/airflow/.local/lib/python3.12/site-packages/airflow/example_dags/example_trigger_target_dag.py
[2025-03-04T07:12:34.727+0000] {processor.py:925} INFO - DAG(s) 'example_trigger_target_dag' retrieved from /home/airflow/.local/lib/python3.12/site-packages/airflow/example_dags/example_trigger_target_dag.py
[2025-03-04T07:12:34.744+0000] {logging_mixin.py:190} INFO - [2025-03-04T07:12:34.743+0000] {dag.py:3239} INFO - Sync 1 DAGs
[2025-03-04T07:12:34.756+0000] {logging_mixin.py:190} INFO - [2025-03-04T07:12:34.755+0000] {dag.py:4180} INFO - Setting next_dagrun for example_trigger_target_dag to None, run_after=None
[2025-03-04T07:12:34.773+0000] {processor.py:208} INFO - Processing /home/airflow/.local/lib/python3.12/site-packages/airflow/example_dags/example_trigger_target_dag.py took 0.065 seconds
[2025-03-04T07:13:05.277+0000] {processor.py:186} INFO - Started process (PID=3058) to work on /home/airflow/.local/lib/python3.12/site-packages/airflow/example_dags/example_trigger_target_dag.py
[2025-03-04T07:13:05.279+0000] {processor.py:914} INFO - Processing file /home/airflow/.local/lib/python3.12/site-packages/airflow/example_dags/example_trigger_target_dag.py for tasks to queue
[2025-03-04T07:13:05.280+0000] {logging_mixin.py:190} INFO - [2025-03-04T07:13:05.280+0000] {dagbag.py:588} INFO - Filling up the DagBag from /home/airflow/.local/lib/python3.12/site-packages/airflow/example_dags/example_trigger_target_dag.py
[2025-03-04T07:13:05.287+0000] {processor.py:925} INFO - DAG(s) 'example_trigger_target_dag' retrieved from /home/airflow/.local/lib/python3.12/site-packages/airflow/example_dags/example_trigger_target_dag.py
[2025-03-04T07:13:05.308+0000] {logging_mixin.py:190} INFO - [2025-03-04T07:13:05.308+0000] {dag.py:3239} INFO - Sync 1 DAGs
[2025-03-04T07:13:05.322+0000] {logging_mixin.py:190} INFO - [2025-03-04T07:13:05.321+0000] {dag.py:4180} INFO - Setting next_dagrun for example_trigger_target_dag to None, run_after=None
[2025-03-04T07:13:05.340+0000] {processor.py:208} INFO - Processing /home/airflow/.local/lib/python3.12/site-packages/airflow/example_dags/example_trigger_target_dag.py took 0.069 seconds
[2025-03-04T07:13:35.599+0000] {processor.py:186} INFO - Started process (PID=3139) to work on /home/airflow/.local/lib/python3.12/site-packages/airflow/example_dags/example_trigger_target_dag.py
[2025-03-04T07:13:35.600+0000] {processor.py:914} INFO - Processing file /home/airflow/.local/lib/python3.12/site-packages/airflow/example_dags/example_trigger_target_dag.py for tasks to queue
[2025-03-04T07:13:35.601+0000] {logging_mixin.py:190} INFO - [2025-03-04T07:13:35.600+0000] {dagbag.py:588} INFO - Filling up the DagBag from /home/airflow/.local/lib/python3.12/site-packages/airflow/example_dags/example_trigger_target_dag.py
[2025-03-04T07:13:35.607+0000] {processor.py:925} INFO - DAG(s) 'example_trigger_target_dag' retrieved from /home/airflow/.local/lib/python3.12/site-packages/airflow/example_dags/example_trigger_target_dag.py
[2025-03-04T07:13:35.621+0000] {logging_mixin.py:190} INFO - [2025-03-04T07:13:35.621+0000] {dag.py:3239} INFO - Sync 1 DAGs
[2025-03-04T07:13:35.632+0000] {logging_mixin.py:190} INFO - [2025-03-04T07:13:35.632+0000] {dag.py:4180} INFO - Setting next_dagrun for example_trigger_target_dag to None, run_after=None
[2025-03-04T07:13:35.648+0000] {processor.py:208} INFO - Processing /home/airflow/.local/lib/python3.12/site-packages/airflow/example_dags/example_trigger_target_dag.py took 0.054 seconds
[2025-03-04T07:14:06.520+0000] {processor.py:186} INFO - Started process (PID=3213) to work on /home/airflow/.local/lib/python3.12/site-packages/airflow/example_dags/example_trigger_target_dag.py
[2025-03-04T07:14:06.521+0000] {processor.py:914} INFO - Processing file /home/airflow/.local/lib/python3.12/site-packages/airflow/example_dags/example_trigger_target_dag.py for tasks to queue
[2025-03-04T07:14:06.522+0000] {logging_mixin.py:190} INFO - [2025-03-04T07:14:06.522+0000] {dagbag.py:588} INFO - Filling up the DagBag from /home/airflow/.local/lib/python3.12/site-packages/airflow/example_dags/example_trigger_target_dag.py
[2025-03-04T07:14:06.530+0000] {processor.py:925} INFO - DAG(s) 'example_trigger_target_dag' retrieved from /home/airflow/.local/lib/python3.12/site-packages/airflow/example_dags/example_trigger_target_dag.py
[2025-03-04T07:14:06.546+0000] {logging_mixin.py:190} INFO - [2025-03-04T07:14:06.546+0000] {dag.py:3239} INFO - Sync 1 DAGs
[2025-03-04T07:14:06.595+0000] {logging_mixin.py:190} INFO - [2025-03-04T07:14:06.595+0000] {dag.py:4180} INFO - Setting next_dagrun for example_trigger_target_dag to None, run_after=None
[2025-03-04T07:14:06.611+0000] {processor.py:208} INFO - Processing /home/airflow/.local/lib/python3.12/site-packages/airflow/example_dags/example_trigger_target_dag.py took 0.097 seconds
[2025-03-04T07:14:36.902+0000] {processor.py:186} INFO - Started process (PID=3298) to work on /home/airflow/.local/lib/python3.12/site-packages/airflow/example_dags/example_trigger_target_dag.py
[2025-03-04T07:14:36.909+0000] {processor.py:914} INFO - Processing file /home/airflow/.local/lib/python3.12/site-packages/airflow/example_dags/example_trigger_target_dag.py for tasks to queue
[2025-03-04T07:14:36.915+0000] {logging_mixin.py:190} INFO - [2025-03-04T07:14:36.913+0000] {dagbag.py:588} INFO - Filling up the DagBag from /home/airflow/.local/lib/python3.12/site-packages/airflow/example_dags/example_trigger_target_dag.py
[2025-03-04T07:14:36.955+0000] {processor.py:925} INFO - DAG(s) 'example_trigger_target_dag' retrieved from /home/airflow/.local/lib/python3.12/site-packages/airflow/example_dags/example_trigger_target_dag.py
[2025-03-04T07:14:37.001+0000] {logging_mixin.py:190} INFO - [2025-03-04T07:14:37.001+0000] {dag.py:3239} INFO - Sync 1 DAGs
[2025-03-04T07:14:37.033+0000] {logging_mixin.py:190} INFO - [2025-03-04T07:14:37.032+0000] {dag.py:4180} INFO - Setting next_dagrun for example_trigger_target_dag to None, run_after=None
[2025-03-04T07:14:37.066+0000] {processor.py:208} INFO - Processing /home/airflow/.local/lib/python3.12/site-packages/airflow/example_dags/example_trigger_target_dag.py took 0.197 seconds
[2025-03-04T07:15:07.573+0000] {processor.py:186} INFO - Started process (PID=3376) to work on /home/airflow/.local/lib/python3.12/site-packages/airflow/example_dags/example_trigger_target_dag.py
[2025-03-04T07:15:07.575+0000] {processor.py:914} INFO - Processing file /home/airflow/.local/lib/python3.12/site-packages/airflow/example_dags/example_trigger_target_dag.py for tasks to queue
[2025-03-04T07:15:07.579+0000] {logging_mixin.py:190} INFO - [2025-03-04T07:15:07.578+0000] {dagbag.py:588} INFO - Filling up the DagBag from /home/airflow/.local/lib/python3.12/site-packages/airflow/example_dags/example_trigger_target_dag.py
[2025-03-04T07:15:07.588+0000] {processor.py:925} INFO - DAG(s) 'example_trigger_target_dag' retrieved from /home/airflow/.local/lib/python3.12/site-packages/airflow/example_dags/example_trigger_target_dag.py
[2025-03-04T07:15:07.605+0000] {logging_mixin.py:190} INFO - [2025-03-04T07:15:07.605+0000] {dag.py:3239} INFO - Sync 1 DAGs
[2025-03-04T07:15:07.617+0000] {logging_mixin.py:190} INFO - [2025-03-04T07:15:07.617+0000] {dag.py:4180} INFO - Setting next_dagrun for example_trigger_target_dag to None, run_after=None
[2025-03-04T07:15:07.630+0000] {processor.py:208} INFO - Processing /home/airflow/.local/lib/python3.12/site-packages/airflow/example_dags/example_trigger_target_dag.py took 0.063 seconds
[2025-03-04T07:15:38.352+0000] {processor.py:186} INFO - Started process (PID=3450) to work on /home/airflow/.local/lib/python3.12/site-packages/airflow/example_dags/example_trigger_target_dag.py
[2025-03-04T07:15:38.353+0000] {processor.py:914} INFO - Processing file /home/airflow/.local/lib/python3.12/site-packages/airflow/example_dags/example_trigger_target_dag.py for tasks to queue
[2025-03-04T07:15:38.354+0000] {logging_mixin.py:190} INFO - [2025-03-04T07:15:38.354+0000] {dagbag.py:588} INFO - Filling up the DagBag from /home/airflow/.local/lib/python3.12/site-packages/airflow/example_dags/example_trigger_target_dag.py
[2025-03-04T07:15:38.361+0000] {processor.py:925} INFO - DAG(s) 'example_trigger_target_dag' retrieved from /home/airflow/.local/lib/python3.12/site-packages/airflow/example_dags/example_trigger_target_dag.py
[2025-03-04T07:15:38.376+0000] {logging_mixin.py:190} INFO - [2025-03-04T07:15:38.375+0000] {dag.py:3239} INFO - Sync 1 DAGs
[2025-03-04T07:15:38.386+0000] {logging_mixin.py:190} INFO - [2025-03-04T07:15:38.386+0000] {dag.py:4180} INFO - Setting next_dagrun for example_trigger_target_dag to None, run_after=None
[2025-03-04T07:15:38.400+0000] {processor.py:208} INFO - Processing /home/airflow/.local/lib/python3.12/site-packages/airflow/example_dags/example_trigger_target_dag.py took 0.053 seconds
[2025-03-04T07:16:08.949+0000] {processor.py:186} INFO - Started process (PID=3532) to work on /home/airflow/.local/lib/python3.12/site-packages/airflow/example_dags/example_trigger_target_dag.py
[2025-03-04T07:16:08.951+0000] {processor.py:914} INFO - Processing file /home/airflow/.local/lib/python3.12/site-packages/airflow/example_dags/example_trigger_target_dag.py for tasks to queue
[2025-03-04T07:16:08.952+0000] {logging_mixin.py:190} INFO - [2025-03-04T07:16:08.952+0000] {dagbag.py:588} INFO - Filling up the DagBag from /home/airflow/.local/lib/python3.12/site-packages/airflow/example_dags/example_trigger_target_dag.py
[2025-03-04T07:16:08.959+0000] {processor.py:925} INFO - DAG(s) 'example_trigger_target_dag' retrieved from /home/airflow/.local/lib/python3.12/site-packages/airflow/example_dags/example_trigger_target_dag.py
[2025-03-04T07:16:08.974+0000] {logging_mixin.py:190} INFO - [2025-03-04T07:16:08.973+0000] {dag.py:3239} INFO - Sync 1 DAGs
[2025-03-04T07:16:08.985+0000] {logging_mixin.py:190} INFO - [2025-03-04T07:16:08.985+0000] {dag.py:4180} INFO - Setting next_dagrun for example_trigger_target_dag to None, run_after=None
[2025-03-04T07:16:09.001+0000] {processor.py:208} INFO - Processing /home/airflow/.local/lib/python3.12/site-packages/airflow/example_dags/example_trigger_target_dag.py took 0.057 seconds
[2025-03-04T07:16:39.697+0000] {processor.py:186} INFO - Started process (PID=3606) to work on /home/airflow/.local/lib/python3.12/site-packages/airflow/example_dags/example_trigger_target_dag.py
[2025-03-04T07:16:39.698+0000] {processor.py:914} INFO - Processing file /home/airflow/.local/lib/python3.12/site-packages/airflow/example_dags/example_trigger_target_dag.py for tasks to queue
[2025-03-04T07:16:39.699+0000] {logging_mixin.py:190} INFO - [2025-03-04T07:16:39.699+0000] {dagbag.py:588} INFO - Filling up the DagBag from /home/airflow/.local/lib/python3.12/site-packages/airflow/example_dags/example_trigger_target_dag.py
[2025-03-04T07:16:39.706+0000] {processor.py:925} INFO - DAG(s) 'example_trigger_target_dag' retrieved from /home/airflow/.local/lib/python3.12/site-packages/airflow/example_dags/example_trigger_target_dag.py
[2025-03-04T07:16:39.719+0000] {logging_mixin.py:190} INFO - [2025-03-04T07:16:39.719+0000] {dag.py:3239} INFO - Sync 1 DAGs
[2025-03-04T07:16:39.729+0000] {logging_mixin.py:190} INFO - [2025-03-04T07:16:39.729+0000] {dag.py:4180} INFO - Setting next_dagrun for example_trigger_target_dag to None, run_after=None
[2025-03-04T07:16:39.743+0000] {processor.py:208} INFO - Processing /home/airflow/.local/lib/python3.12/site-packages/airflow/example_dags/example_trigger_target_dag.py took 0.051 seconds
[2025-03-04T07:17:10.066+0000] {processor.py:186} INFO - Started process (PID=3687) to work on /home/airflow/.local/lib/python3.12/site-packages/airflow/example_dags/example_trigger_target_dag.py
[2025-03-04T07:17:10.068+0000] {processor.py:914} INFO - Processing file /home/airflow/.local/lib/python3.12/site-packages/airflow/example_dags/example_trigger_target_dag.py for tasks to queue
[2025-03-04T07:17:10.071+0000] {logging_mixin.py:190} INFO - [2025-03-04T07:17:10.070+0000] {dagbag.py:588} INFO - Filling up the DagBag from /home/airflow/.local/lib/python3.12/site-packages/airflow/example_dags/example_trigger_target_dag.py
[2025-03-04T07:17:10.080+0000] {processor.py:925} INFO - DAG(s) 'example_trigger_target_dag' retrieved from /home/airflow/.local/lib/python3.12/site-packages/airflow/example_dags/example_trigger_target_dag.py
[2025-03-04T07:17:10.098+0000] {logging_mixin.py:190} INFO - [2025-03-04T07:17:10.098+0000] {dag.py:3239} INFO - Sync 1 DAGs
[2025-03-04T07:17:10.112+0000] {logging_mixin.py:190} INFO - [2025-03-04T07:17:10.112+0000] {dag.py:4180} INFO - Setting next_dagrun for example_trigger_target_dag to None, run_after=None
[2025-03-04T07:17:10.129+0000] {processor.py:208} INFO - Processing /home/airflow/.local/lib/python3.12/site-packages/airflow/example_dags/example_trigger_target_dag.py took 0.069 seconds
[2025-03-04T07:17:40.649+0000] {processor.py:186} INFO - Started process (PID=3762) to work on /home/airflow/.local/lib/python3.12/site-packages/airflow/example_dags/example_trigger_target_dag.py
[2025-03-04T07:17:40.650+0000] {processor.py:914} INFO - Processing file /home/airflow/.local/lib/python3.12/site-packages/airflow/example_dags/example_trigger_target_dag.py for tasks to queue
[2025-03-04T07:17:40.651+0000] {logging_mixin.py:190} INFO - [2025-03-04T07:17:40.651+0000] {dagbag.py:588} INFO - Filling up the DagBag from /home/airflow/.local/lib/python3.12/site-packages/airflow/example_dags/example_trigger_target_dag.py
[2025-03-04T07:17:40.658+0000] {processor.py:925} INFO - DAG(s) 'example_trigger_target_dag' retrieved from /home/airflow/.local/lib/python3.12/site-packages/airflow/example_dags/example_trigger_target_dag.py
[2025-03-04T07:17:40.673+0000] {logging_mixin.py:190} INFO - [2025-03-04T07:17:40.673+0000] {dag.py:3239} INFO - Sync 1 DAGs
[2025-03-04T07:17:40.685+0000] {logging_mixin.py:190} INFO - [2025-03-04T07:17:40.685+0000] {dag.py:4180} INFO - Setting next_dagrun for example_trigger_target_dag to None, run_after=None
[2025-03-04T07:17:40.700+0000] {processor.py:208} INFO - Processing /home/airflow/.local/lib/python3.12/site-packages/airflow/example_dags/example_trigger_target_dag.py took 0.056 seconds
[2025-03-04T07:18:11.429+0000] {processor.py:186} INFO - Started process (PID=3845) to work on /home/airflow/.local/lib/python3.12/site-packages/airflow/example_dags/example_trigger_target_dag.py
[2025-03-04T07:18:11.430+0000] {processor.py:914} INFO - Processing file /home/airflow/.local/lib/python3.12/site-packages/airflow/example_dags/example_trigger_target_dag.py for tasks to queue
[2025-03-04T07:18:11.432+0000] {logging_mixin.py:190} INFO - [2025-03-04T07:18:11.431+0000] {dagbag.py:588} INFO - Filling up the DagBag from /home/airflow/.local/lib/python3.12/site-packages/airflow/example_dags/example_trigger_target_dag.py
[2025-03-04T07:18:11.439+0000] {processor.py:925} INFO - DAG(s) 'example_trigger_target_dag' retrieved from /home/airflow/.local/lib/python3.12/site-packages/airflow/example_dags/example_trigger_target_dag.py
[2025-03-04T07:18:11.456+0000] {logging_mixin.py:190} INFO - [2025-03-04T07:18:11.456+0000] {dag.py:3239} INFO - Sync 1 DAGs
[2025-03-04T07:18:11.469+0000] {logging_mixin.py:190} INFO - [2025-03-04T07:18:11.468+0000] {dag.py:4180} INFO - Setting next_dagrun for example_trigger_target_dag to None, run_after=None
[2025-03-04T07:18:11.487+0000] {processor.py:208} INFO - Processing /home/airflow/.local/lib/python3.12/site-packages/airflow/example_dags/example_trigger_target_dag.py took 0.062 seconds
[2025-03-04T07:18:41.656+0000] {processor.py:186} INFO - Started process (PID=3920) to work on /home/airflow/.local/lib/python3.12/site-packages/airflow/example_dags/example_trigger_target_dag.py
[2025-03-04T07:18:41.657+0000] {processor.py:914} INFO - Processing file /home/airflow/.local/lib/python3.12/site-packages/airflow/example_dags/example_trigger_target_dag.py for tasks to queue
[2025-03-04T07:18:41.658+0000] {logging_mixin.py:190} INFO - [2025-03-04T07:18:41.657+0000] {dagbag.py:588} INFO - Filling up the DagBag from /home/airflow/.local/lib/python3.12/site-packages/airflow/example_dags/example_trigger_target_dag.py
[2025-03-04T07:18:41.665+0000] {processor.py:925} INFO - DAG(s) 'example_trigger_target_dag' retrieved from /home/airflow/.local/lib/python3.12/site-packages/airflow/example_dags/example_trigger_target_dag.py
[2025-03-04T07:18:41.682+0000] {logging_mixin.py:190} INFO - [2025-03-04T07:18:41.682+0000] {dag.py:3239} INFO - Sync 1 DAGs
[2025-03-04T07:18:41.695+0000] {logging_mixin.py:190} INFO - [2025-03-04T07:18:41.694+0000] {dag.py:4180} INFO - Setting next_dagrun for example_trigger_target_dag to None, run_after=None
[2025-03-04T07:18:41.710+0000] {processor.py:208} INFO - Processing /home/airflow/.local/lib/python3.12/site-packages/airflow/example_dags/example_trigger_target_dag.py took 0.059 seconds
