[2025-03-04T06:53:50.350+0000] {processor.py:186} INFO - Started process (PID=109) to work on /home/airflow/.local/lib/python3.12/site-packages/airflow/example_dags/example_branch_operator.py
[2025-03-04T06:53:50.352+0000] {processor.py:914} INFO - Processing file /home/airflow/.local/lib/python3.12/site-packages/airflow/example_dags/example_branch_operator.py for tasks to queue
[2025-03-04T06:53:50.355+0000] {logging_mixin.py:190} INFO - [2025-03-04T06:53:50.355+0000] {dagbag.py:588} INFO - Filling up the DagBag from /home/airflow/.local/lib/python3.12/site-packages/airflow/example_dags/example_branch_operator.py
[2025-03-04T06:53:50.378+0000] {processor.py:925} INFO - DAG(s) 'example_branch_operator' retrieved from /home/airflow/.local/lib/python3.12/site-packages/airflow/example_dags/example_branch_operator.py
[2025-03-04T06:53:50.502+0000] {logging_mixin.py:190} INFO - [2025-03-04T06:53:50.501+0000] {override.py:1912} INFO - Created Permission View: can read on DAG:example_branch_operator
[2025-03-04T06:53:50.513+0000] {logging_mixin.py:190} INFO - [2025-03-04T06:53:50.513+0000] {override.py:1912} INFO - Created Permission View: can edit on DAG:example_branch_operator
[2025-03-04T06:53:50.523+0000] {logging_mixin.py:190} INFO - [2025-03-04T06:53:50.523+0000] {override.py:1912} INFO - Created Permission View: can delete on DAG:example_branch_operator
[2025-03-04T06:53:50.534+0000] {logging_mixin.py:190} INFO - [2025-03-04T06:53:50.534+0000] {override.py:1912} INFO - Created Permission View: menu access on DAG Run:example_branch_operator
[2025-03-04T06:53:50.543+0000] {logging_mixin.py:190} INFO - [2025-03-04T06:53:50.543+0000] {override.py:1912} INFO - Created Permission View: can read on DAG Run:example_branch_operator
[2025-03-04T06:53:50.552+0000] {logging_mixin.py:190} INFO - [2025-03-04T06:53:50.552+0000] {override.py:1912} INFO - Created Permission View: can delete on DAG Run:example_branch_operator
[2025-03-04T06:53:50.562+0000] {logging_mixin.py:190} INFO - [2025-03-04T06:53:50.562+0000] {override.py:1912} INFO - Created Permission View: can create on DAG Run:example_branch_operator
[2025-03-04T06:53:50.565+0000] {logging_mixin.py:190} INFO - [2025-03-04T06:53:50.563+0000] {dag.py:3239} INFO - Sync 1 DAGs
[2025-03-04T06:53:50.579+0000] {logging_mixin.py:190} INFO - [2025-03-04T06:53:50.579+0000] {dag.py:3262} INFO - Creating ORM DAG for example_branch_operator
[2025-03-04T06:53:50.591+0000] {logging_mixin.py:190} INFO - [2025-03-04T06:53:50.590+0000] {dag.py:4180} INFO - Setting next_dagrun for example_branch_operator to 2025-03-03 00:00:00+00:00, run_after=2025-03-04 00:00:00+00:00
[2025-03-04T06:53:50.613+0000] {processor.py:208} INFO - Processing /home/airflow/.local/lib/python3.12/site-packages/airflow/example_dags/example_branch_operator.py took 0.270 seconds
[2025-03-04T06:54:21.009+0000] {processor.py:186} INFO - Started process (PID=191) to work on /home/airflow/.local/lib/python3.12/site-packages/airflow/example_dags/example_branch_operator.py
[2025-03-04T06:54:21.011+0000] {processor.py:914} INFO - Processing file /home/airflow/.local/lib/python3.12/site-packages/airflow/example_dags/example_branch_operator.py for tasks to queue
[2025-03-04T06:54:21.015+0000] {logging_mixin.py:190} INFO - [2025-03-04T06:54:21.015+0000] {dagbag.py:588} INFO - Filling up the DagBag from /home/airflow/.local/lib/python3.12/site-packages/airflow/example_dags/example_branch_operator.py
[2025-03-04T06:54:21.033+0000] {processor.py:925} INFO - DAG(s) 'example_branch_operator' retrieved from /home/airflow/.local/lib/python3.12/site-packages/airflow/example_dags/example_branch_operator.py
[2025-03-04T06:54:21.058+0000] {logging_mixin.py:190} INFO - [2025-03-04T06:54:21.058+0000] {dag.py:3239} INFO - Sync 1 DAGs
[2025-03-04T06:54:21.077+0000] {logging_mixin.py:190} INFO - [2025-03-04T06:54:21.076+0000] {dag.py:4180} INFO - Setting next_dagrun for example_branch_operator to 2025-03-03 00:00:00+00:00, run_after=2025-03-04 00:00:00+00:00
[2025-03-04T06:54:21.095+0000] {processor.py:208} INFO - Processing /home/airflow/.local/lib/python3.12/site-packages/airflow/example_dags/example_branch_operator.py took 0.095 seconds
[2025-03-04T06:54:52.452+0000] {processor.py:186} INFO - Started process (PID=267) to work on /home/airflow/.local/lib/python3.12/site-packages/airflow/example_dags/example_branch_operator.py
[2025-03-04T06:54:52.453+0000] {processor.py:914} INFO - Processing file /home/airflow/.local/lib/python3.12/site-packages/airflow/example_dags/example_branch_operator.py for tasks to queue
[2025-03-04T06:54:52.456+0000] {logging_mixin.py:190} INFO - [2025-03-04T06:54:52.455+0000] {dagbag.py:588} INFO - Filling up the DagBag from /home/airflow/.local/lib/python3.12/site-packages/airflow/example_dags/example_branch_operator.py
[2025-03-04T06:54:52.469+0000] {processor.py:925} INFO - DAG(s) 'example_branch_operator' retrieved from /home/airflow/.local/lib/python3.12/site-packages/airflow/example_dags/example_branch_operator.py
[2025-03-04T06:54:52.495+0000] {logging_mixin.py:190} INFO - [2025-03-04T06:54:52.494+0000] {dag.py:3239} INFO - Sync 1 DAGs
[2025-03-04T06:54:52.514+0000] {logging_mixin.py:190} INFO - [2025-03-04T06:54:52.513+0000] {dag.py:4180} INFO - Setting next_dagrun for example_branch_operator to 2025-03-03 00:00:00+00:00, run_after=2025-03-04 00:00:00+00:00
[2025-03-04T06:54:52.530+0000] {processor.py:208} INFO - Processing /home/airflow/.local/lib/python3.12/site-packages/airflow/example_dags/example_branch_operator.py took 0.083 seconds
[2025-03-04T06:55:23.596+0000] {processor.py:186} INFO - Started process (PID=349) to work on /home/airflow/.local/lib/python3.12/site-packages/airflow/example_dags/example_branch_operator.py
[2025-03-04T06:55:23.597+0000] {processor.py:914} INFO - Processing file /home/airflow/.local/lib/python3.12/site-packages/airflow/example_dags/example_branch_operator.py for tasks to queue
[2025-03-04T06:55:23.599+0000] {logging_mixin.py:190} INFO - [2025-03-04T06:55:23.599+0000] {dagbag.py:588} INFO - Filling up the DagBag from /home/airflow/.local/lib/python3.12/site-packages/airflow/example_dags/example_branch_operator.py
[2025-03-04T06:55:23.614+0000] {processor.py:925} INFO - DAG(s) 'example_branch_operator' retrieved from /home/airflow/.local/lib/python3.12/site-packages/airflow/example_dags/example_branch_operator.py
[2025-03-04T06:55:23.638+0000] {logging_mixin.py:190} INFO - [2025-03-04T06:55:23.638+0000] {dag.py:3239} INFO - Sync 1 DAGs
[2025-03-04T06:55:23.657+0000] {logging_mixin.py:190} INFO - [2025-03-04T06:55:23.657+0000] {dag.py:4180} INFO - Setting next_dagrun for example_branch_operator to 2025-03-03 00:00:00+00:00, run_after=2025-03-04 00:00:00+00:00
[2025-03-04T06:55:23.674+0000] {processor.py:208} INFO - Processing /home/airflow/.local/lib/python3.12/site-packages/airflow/example_dags/example_branch_operator.py took 0.084 seconds
[2025-03-04T06:55:54.980+0000] {processor.py:186} INFO - Started process (PID=424) to work on /home/airflow/.local/lib/python3.12/site-packages/airflow/example_dags/example_branch_operator.py
[2025-03-04T06:55:54.981+0000] {processor.py:914} INFO - Processing file /home/airflow/.local/lib/python3.12/site-packages/airflow/example_dags/example_branch_operator.py for tasks to queue
[2025-03-04T06:55:54.982+0000] {logging_mixin.py:190} INFO - [2025-03-04T06:55:54.982+0000] {dagbag.py:588} INFO - Filling up the DagBag from /home/airflow/.local/lib/python3.12/site-packages/airflow/example_dags/example_branch_operator.py
[2025-03-04T06:55:54.995+0000] {processor.py:925} INFO - DAG(s) 'example_branch_operator' retrieved from /home/airflow/.local/lib/python3.12/site-packages/airflow/example_dags/example_branch_operator.py
[2025-03-04T06:55:55.015+0000] {logging_mixin.py:190} INFO - [2025-03-04T06:55:55.015+0000] {dag.py:3239} INFO - Sync 1 DAGs
[2025-03-04T06:55:55.032+0000] {logging_mixin.py:190} INFO - [2025-03-04T06:55:55.031+0000] {dag.py:4180} INFO - Setting next_dagrun for example_branch_operator to 2025-03-03 00:00:00+00:00, run_after=2025-03-04 00:00:00+00:00
[2025-03-04T06:55:55.046+0000] {processor.py:208} INFO - Processing /home/airflow/.local/lib/python3.12/site-packages/airflow/example_dags/example_branch_operator.py took 0.071 seconds
[2025-03-04T06:56:26.522+0000] {processor.py:186} INFO - Started process (PID=507) to work on /home/airflow/.local/lib/python3.12/site-packages/airflow/example_dags/example_branch_operator.py
[2025-03-04T06:56:26.524+0000] {processor.py:914} INFO - Processing file /home/airflow/.local/lib/python3.12/site-packages/airflow/example_dags/example_branch_operator.py for tasks to queue
[2025-03-04T06:56:26.526+0000] {logging_mixin.py:190} INFO - [2025-03-04T06:56:26.526+0000] {dagbag.py:588} INFO - Filling up the DagBag from /home/airflow/.local/lib/python3.12/site-packages/airflow/example_dags/example_branch_operator.py
[2025-03-04T06:56:26.545+0000] {processor.py:925} INFO - DAG(s) 'example_branch_operator' retrieved from /home/airflow/.local/lib/python3.12/site-packages/airflow/example_dags/example_branch_operator.py
[2025-03-04T06:56:26.577+0000] {logging_mixin.py:190} INFO - [2025-03-04T06:56:26.576+0000] {dag.py:3239} INFO - Sync 1 DAGs
[2025-03-04T06:56:26.601+0000] {logging_mixin.py:190} INFO - [2025-03-04T06:56:26.600+0000] {dag.py:4180} INFO - Setting next_dagrun for example_branch_operator to 2025-03-03 00:00:00+00:00, run_after=2025-03-04 00:00:00+00:00
[2025-03-04T06:56:26.622+0000] {processor.py:208} INFO - Processing /home/airflow/.local/lib/python3.12/site-packages/airflow/example_dags/example_branch_operator.py took 0.106 seconds
[2025-03-04T06:56:58.041+0000] {processor.py:186} INFO - Started process (PID=582) to work on /home/airflow/.local/lib/python3.12/site-packages/airflow/example_dags/example_branch_operator.py
[2025-03-04T06:56:58.043+0000] {processor.py:914} INFO - Processing file /home/airflow/.local/lib/python3.12/site-packages/airflow/example_dags/example_branch_operator.py for tasks to queue
[2025-03-04T06:56:58.045+0000] {logging_mixin.py:190} INFO - [2025-03-04T06:56:58.045+0000] {dagbag.py:588} INFO - Filling up the DagBag from /home/airflow/.local/lib/python3.12/site-packages/airflow/example_dags/example_branch_operator.py
[2025-03-04T06:56:58.059+0000] {processor.py:925} INFO - DAG(s) 'example_branch_operator' retrieved from /home/airflow/.local/lib/python3.12/site-packages/airflow/example_dags/example_branch_operator.py
[2025-03-04T06:56:58.082+0000] {logging_mixin.py:190} INFO - [2025-03-04T06:56:58.082+0000] {dag.py:3239} INFO - Sync 1 DAGs
[2025-03-04T06:56:58.100+0000] {logging_mixin.py:190} INFO - [2025-03-04T06:56:58.100+0000] {dag.py:4180} INFO - Setting next_dagrun for example_branch_operator to 2025-03-03 00:00:00+00:00, run_after=2025-03-04 00:00:00+00:00
[2025-03-04T06:56:58.116+0000] {processor.py:208} INFO - Processing /home/airflow/.local/lib/python3.12/site-packages/airflow/example_dags/example_branch_operator.py took 0.079 seconds
[2025-03-04T06:57:29.104+0000] {processor.py:186} INFO - Started process (PID=665) to work on /home/airflow/.local/lib/python3.12/site-packages/airflow/example_dags/example_branch_operator.py
[2025-03-04T06:57:29.105+0000] {processor.py:914} INFO - Processing file /home/airflow/.local/lib/python3.12/site-packages/airflow/example_dags/example_branch_operator.py for tasks to queue
[2025-03-04T06:57:29.107+0000] {logging_mixin.py:190} INFO - [2025-03-04T06:57:29.107+0000] {dagbag.py:588} INFO - Filling up the DagBag from /home/airflow/.local/lib/python3.12/site-packages/airflow/example_dags/example_branch_operator.py
[2025-03-04T06:57:29.120+0000] {processor.py:925} INFO - DAG(s) 'example_branch_operator' retrieved from /home/airflow/.local/lib/python3.12/site-packages/airflow/example_dags/example_branch_operator.py
[2025-03-04T06:57:29.140+0000] {logging_mixin.py:190} INFO - [2025-03-04T06:57:29.140+0000] {dag.py:3239} INFO - Sync 1 DAGs
[2025-03-04T06:57:29.157+0000] {logging_mixin.py:190} INFO - [2025-03-04T06:57:29.157+0000] {dag.py:4180} INFO - Setting next_dagrun for example_branch_operator to 2025-03-03 00:00:00+00:00, run_after=2025-03-04 00:00:00+00:00
[2025-03-04T06:57:29.172+0000] {processor.py:208} INFO - Processing /home/airflow/.local/lib/python3.12/site-packages/airflow/example_dags/example_branch_operator.py took 0.072 seconds
[2025-03-04T06:57:59.715+0000] {processor.py:186} INFO - Started process (PID=740) to work on /home/airflow/.local/lib/python3.12/site-packages/airflow/example_dags/example_branch_operator.py
[2025-03-04T06:57:59.716+0000] {processor.py:914} INFO - Processing file /home/airflow/.local/lib/python3.12/site-packages/airflow/example_dags/example_branch_operator.py for tasks to queue
[2025-03-04T06:57:59.718+0000] {logging_mixin.py:190} INFO - [2025-03-04T06:57:59.718+0000] {dagbag.py:588} INFO - Filling up the DagBag from /home/airflow/.local/lib/python3.12/site-packages/airflow/example_dags/example_branch_operator.py
[2025-03-04T06:57:59.732+0000] {processor.py:925} INFO - DAG(s) 'example_branch_operator' retrieved from /home/airflow/.local/lib/python3.12/site-packages/airflow/example_dags/example_branch_operator.py
[2025-03-04T06:57:59.754+0000] {logging_mixin.py:190} INFO - [2025-03-04T06:57:59.753+0000] {dag.py:3239} INFO - Sync 1 DAGs
[2025-03-04T06:57:59.771+0000] {logging_mixin.py:190} INFO - [2025-03-04T06:57:59.771+0000] {dag.py:4180} INFO - Setting next_dagrun for example_branch_operator to 2025-03-03 00:00:00+00:00, run_after=2025-03-04 00:00:00+00:00
[2025-03-04T06:57:59.786+0000] {processor.py:208} INFO - Processing /home/airflow/.local/lib/python3.12/site-packages/airflow/example_dags/example_branch_operator.py took 0.075 seconds
[2025-03-04T06:58:31.029+0000] {processor.py:186} INFO - Started process (PID=822) to work on /home/airflow/.local/lib/python3.12/site-packages/airflow/example_dags/example_branch_operator.py
[2025-03-04T06:58:31.031+0000] {processor.py:914} INFO - Processing file /home/airflow/.local/lib/python3.12/site-packages/airflow/example_dags/example_branch_operator.py for tasks to queue
[2025-03-04T06:58:31.033+0000] {logging_mixin.py:190} INFO - [2025-03-04T06:58:31.033+0000] {dagbag.py:588} INFO - Filling up the DagBag from /home/airflow/.local/lib/python3.12/site-packages/airflow/example_dags/example_branch_operator.py
[2025-03-04T06:58:31.051+0000] {processor.py:925} INFO - DAG(s) 'example_branch_operator' retrieved from /home/airflow/.local/lib/python3.12/site-packages/airflow/example_dags/example_branch_operator.py
[2025-03-04T06:58:31.079+0000] {logging_mixin.py:190} INFO - [2025-03-04T06:58:31.079+0000] {dag.py:3239} INFO - Sync 1 DAGs
[2025-03-04T06:58:31.105+0000] {logging_mixin.py:190} INFO - [2025-03-04T06:58:31.105+0000] {dag.py:4180} INFO - Setting next_dagrun for example_branch_operator to 2025-03-03 00:00:00+00:00, run_after=2025-03-04 00:00:00+00:00
[2025-03-04T06:58:31.125+0000] {processor.py:208} INFO - Processing /home/airflow/.local/lib/python3.12/site-packages/airflow/example_dags/example_branch_operator.py took 0.103 seconds
[2025-03-04T06:59:01.930+0000] {processor.py:186} INFO - Started process (PID=901) to work on /home/airflow/.local/lib/python3.12/site-packages/airflow/example_dags/example_branch_operator.py
[2025-03-04T06:59:01.931+0000] {processor.py:914} INFO - Processing file /home/airflow/.local/lib/python3.12/site-packages/airflow/example_dags/example_branch_operator.py for tasks to queue
[2025-03-04T06:59:01.934+0000] {logging_mixin.py:190} INFO - [2025-03-04T06:59:01.934+0000] {dagbag.py:588} INFO - Filling up the DagBag from /home/airflow/.local/lib/python3.12/site-packages/airflow/example_dags/example_branch_operator.py
[2025-03-04T06:59:01.956+0000] {processor.py:925} INFO - DAG(s) 'example_branch_operator' retrieved from /home/airflow/.local/lib/python3.12/site-packages/airflow/example_dags/example_branch_operator.py
[2025-03-04T06:59:01.987+0000] {logging_mixin.py:190} INFO - [2025-03-04T06:59:01.987+0000] {dag.py:3239} INFO - Sync 1 DAGs
[2025-03-04T06:59:02.007+0000] {logging_mixin.py:190} INFO - [2025-03-04T06:59:02.007+0000] {dag.py:4180} INFO - Setting next_dagrun for example_branch_operator to 2025-03-03 00:00:00+00:00, run_after=2025-03-04 00:00:00+00:00
[2025-03-04T06:59:02.024+0000] {processor.py:208} INFO - Processing /home/airflow/.local/lib/python3.12/site-packages/airflow/example_dags/example_branch_operator.py took 0.102 seconds
[2025-03-04T06:59:32.639+0000] {processor.py:186} INFO - Started process (PID=976) to work on /home/airflow/.local/lib/python3.12/site-packages/airflow/example_dags/example_branch_operator.py
[2025-03-04T06:59:32.640+0000] {processor.py:914} INFO - Processing file /home/airflow/.local/lib/python3.12/site-packages/airflow/example_dags/example_branch_operator.py for tasks to queue
[2025-03-04T06:59:32.642+0000] {logging_mixin.py:190} INFO - [2025-03-04T06:59:32.642+0000] {dagbag.py:588} INFO - Filling up the DagBag from /home/airflow/.local/lib/python3.12/site-packages/airflow/example_dags/example_branch_operator.py
[2025-03-04T06:59:32.658+0000] {processor.py:925} INFO - DAG(s) 'example_branch_operator' retrieved from /home/airflow/.local/lib/python3.12/site-packages/airflow/example_dags/example_branch_operator.py
[2025-03-04T06:59:32.684+0000] {logging_mixin.py:190} INFO - [2025-03-04T06:59:32.684+0000] {dag.py:3239} INFO - Sync 1 DAGs
[2025-03-04T06:59:32.705+0000] {logging_mixin.py:190} INFO - [2025-03-04T06:59:32.704+0000] {dag.py:4180} INFO - Setting next_dagrun for example_branch_operator to 2025-03-03 00:00:00+00:00, run_after=2025-03-04 00:00:00+00:00
[2025-03-04T06:59:32.726+0000] {processor.py:208} INFO - Processing /home/airflow/.local/lib/python3.12/site-packages/airflow/example_dags/example_branch_operator.py took 0.092 seconds
[2025-03-04T07:00:03.666+0000] {processor.py:186} INFO - Started process (PID=1060) to work on /home/airflow/.local/lib/python3.12/site-packages/airflow/example_dags/example_branch_operator.py
[2025-03-04T07:00:03.667+0000] {processor.py:914} INFO - Processing file /home/airflow/.local/lib/python3.12/site-packages/airflow/example_dags/example_branch_operator.py for tasks to queue
[2025-03-04T07:00:03.670+0000] {logging_mixin.py:190} INFO - [2025-03-04T07:00:03.670+0000] {dagbag.py:588} INFO - Filling up the DagBag from /home/airflow/.local/lib/python3.12/site-packages/airflow/example_dags/example_branch_operator.py
[2025-03-04T07:00:03.690+0000] {processor.py:925} INFO - DAG(s) 'example_branch_operator' retrieved from /home/airflow/.local/lib/python3.12/site-packages/airflow/example_dags/example_branch_operator.py
[2025-03-04T07:00:03.718+0000] {logging_mixin.py:190} INFO - [2025-03-04T07:00:03.718+0000] {dag.py:3239} INFO - Sync 1 DAGs
[2025-03-04T07:00:03.742+0000] {logging_mixin.py:190} INFO - [2025-03-04T07:00:03.742+0000] {dag.py:4180} INFO - Setting next_dagrun for example_branch_operator to 2025-03-03 00:00:00+00:00, run_after=2025-03-04 00:00:00+00:00
[2025-03-04T07:00:03.760+0000] {processor.py:208} INFO - Processing /home/airflow/.local/lib/python3.12/site-packages/airflow/example_dags/example_branch_operator.py took 0.100 seconds
[2025-03-04T07:00:34.278+0000] {processor.py:186} INFO - Started process (PID=1137) to work on /home/airflow/.local/lib/python3.12/site-packages/airflow/example_dags/example_branch_operator.py
[2025-03-04T07:00:34.279+0000] {processor.py:914} INFO - Processing file /home/airflow/.local/lib/python3.12/site-packages/airflow/example_dags/example_branch_operator.py for tasks to queue
[2025-03-04T07:00:34.281+0000] {logging_mixin.py:190} INFO - [2025-03-04T07:00:34.281+0000] {dagbag.py:588} INFO - Filling up the DagBag from /home/airflow/.local/lib/python3.12/site-packages/airflow/example_dags/example_branch_operator.py
[2025-03-04T07:00:34.294+0000] {processor.py:925} INFO - DAG(s) 'example_branch_operator' retrieved from /home/airflow/.local/lib/python3.12/site-packages/airflow/example_dags/example_branch_operator.py
[2025-03-04T07:00:34.317+0000] {logging_mixin.py:190} INFO - [2025-03-04T07:00:34.317+0000] {dag.py:3239} INFO - Sync 1 DAGs
[2025-03-04T07:00:34.354+0000] {logging_mixin.py:190} INFO - [2025-03-04T07:00:34.354+0000] {dag.py:4180} INFO - Setting next_dagrun for example_branch_operator to 2025-03-03 00:00:00+00:00, run_after=2025-03-04 00:00:00+00:00
[2025-03-04T07:00:34.377+0000] {processor.py:208} INFO - Processing /home/airflow/.local/lib/python3.12/site-packages/airflow/example_dags/example_branch_operator.py took 0.103 seconds
[2025-03-04T07:01:04.553+0000] {processor.py:186} INFO - Started process (PID=1222) to work on /home/airflow/.local/lib/python3.12/site-packages/airflow/example_dags/example_branch_operator.py
[2025-03-04T07:01:04.555+0000] {processor.py:914} INFO - Processing file /home/airflow/.local/lib/python3.12/site-packages/airflow/example_dags/example_branch_operator.py for tasks to queue
[2025-03-04T07:01:04.556+0000] {logging_mixin.py:190} INFO - [2025-03-04T07:01:04.556+0000] {dagbag.py:588} INFO - Filling up the DagBag from /home/airflow/.local/lib/python3.12/site-packages/airflow/example_dags/example_branch_operator.py
[2025-03-04T07:01:04.575+0000] {processor.py:925} INFO - DAG(s) 'example_branch_operator' retrieved from /home/airflow/.local/lib/python3.12/site-packages/airflow/example_dags/example_branch_operator.py
[2025-03-04T07:01:04.600+0000] {logging_mixin.py:190} INFO - [2025-03-04T07:01:04.600+0000] {dag.py:3239} INFO - Sync 1 DAGs
[2025-03-04T07:01:04.623+0000] {logging_mixin.py:190} INFO - [2025-03-04T07:01:04.623+0000] {dag.py:4180} INFO - Setting next_dagrun for example_branch_operator to 2025-03-03 00:00:00+00:00, run_after=2025-03-04 00:00:00+00:00
[2025-03-04T07:01:04.644+0000] {processor.py:208} INFO - Processing /home/airflow/.local/lib/python3.12/site-packages/airflow/example_dags/example_branch_operator.py took 0.096 seconds
[2025-03-04T07:01:34.948+0000] {processor.py:186} INFO - Started process (PID=1297) to work on /home/airflow/.local/lib/python3.12/site-packages/airflow/example_dags/example_branch_operator.py
[2025-03-04T07:01:34.949+0000] {processor.py:914} INFO - Processing file /home/airflow/.local/lib/python3.12/site-packages/airflow/example_dags/example_branch_operator.py for tasks to queue
[2025-03-04T07:01:34.951+0000] {logging_mixin.py:190} INFO - [2025-03-04T07:01:34.950+0000] {dagbag.py:588} INFO - Filling up the DagBag from /home/airflow/.local/lib/python3.12/site-packages/airflow/example_dags/example_branch_operator.py
[2025-03-04T07:01:34.974+0000] {processor.py:925} INFO - DAG(s) 'example_branch_operator' retrieved from /home/airflow/.local/lib/python3.12/site-packages/airflow/example_dags/example_branch_operator.py
[2025-03-04T07:01:35.008+0000] {logging_mixin.py:190} INFO - [2025-03-04T07:01:35.007+0000] {dag.py:3239} INFO - Sync 1 DAGs
[2025-03-04T07:01:35.030+0000] {logging_mixin.py:190} INFO - [2025-03-04T07:01:35.030+0000] {dag.py:4180} INFO - Setting next_dagrun for example_branch_operator to 2025-03-03 00:00:00+00:00, run_after=2025-03-04 00:00:00+00:00
[2025-03-04T07:01:35.051+0000] {processor.py:208} INFO - Processing /home/airflow/.local/lib/python3.12/site-packages/airflow/example_dags/example_branch_operator.py took 0.108 seconds
[2025-03-04T07:02:05.179+0000] {processor.py:186} INFO - Started process (PID=1381) to work on /home/airflow/.local/lib/python3.12/site-packages/airflow/example_dags/example_branch_operator.py
[2025-03-04T07:02:05.181+0000] {processor.py:914} INFO - Processing file /home/airflow/.local/lib/python3.12/site-packages/airflow/example_dags/example_branch_operator.py for tasks to queue
[2025-03-04T07:02:05.182+0000] {logging_mixin.py:190} INFO - [2025-03-04T07:02:05.182+0000] {dagbag.py:588} INFO - Filling up the DagBag from /home/airflow/.local/lib/python3.12/site-packages/airflow/example_dags/example_branch_operator.py
[2025-03-04T07:02:05.200+0000] {processor.py:925} INFO - DAG(s) 'example_branch_operator' retrieved from /home/airflow/.local/lib/python3.12/site-packages/airflow/example_dags/example_branch_operator.py
[2025-03-04T07:02:05.227+0000] {logging_mixin.py:190} INFO - [2025-03-04T07:02:05.227+0000] {dag.py:3239} INFO - Sync 1 DAGs
[2025-03-04T07:02:05.249+0000] {logging_mixin.py:190} INFO - [2025-03-04T07:02:05.248+0000] {dag.py:4180} INFO - Setting next_dagrun for example_branch_operator to 2025-03-03 00:00:00+00:00, run_after=2025-03-04 00:00:00+00:00
[2025-03-04T07:02:05.268+0000] {processor.py:208} INFO - Processing /home/airflow/.local/lib/python3.12/site-packages/airflow/example_dags/example_branch_operator.py took 0.093 seconds
[2025-03-04T07:02:35.502+0000] {processor.py:186} INFO - Started process (PID=1462) to work on /home/airflow/.local/lib/python3.12/site-packages/airflow/example_dags/example_branch_operator.py
[2025-03-04T07:02:35.504+0000] {processor.py:914} INFO - Processing file /home/airflow/.local/lib/python3.12/site-packages/airflow/example_dags/example_branch_operator.py for tasks to queue
[2025-03-04T07:02:35.507+0000] {logging_mixin.py:190} INFO - [2025-03-04T07:02:35.506+0000] {dagbag.py:588} INFO - Filling up the DagBag from /home/airflow/.local/lib/python3.12/site-packages/airflow/example_dags/example_branch_operator.py
[2025-03-04T07:02:35.538+0000] {processor.py:925} INFO - DAG(s) 'example_branch_operator' retrieved from /home/airflow/.local/lib/python3.12/site-packages/airflow/example_dags/example_branch_operator.py
[2025-03-04T07:02:35.586+0000] {logging_mixin.py:190} INFO - [2025-03-04T07:02:35.586+0000] {dag.py:3239} INFO - Sync 1 DAGs
[2025-03-04T07:02:35.614+0000] {logging_mixin.py:190} INFO - [2025-03-04T07:02:35.614+0000] {dag.py:4180} INFO - Setting next_dagrun for example_branch_operator to 2025-03-03 00:00:00+00:00, run_after=2025-03-04 00:00:00+00:00
[2025-03-04T07:02:35.635+0000] {processor.py:208} INFO - Processing /home/airflow/.local/lib/python3.12/site-packages/airflow/example_dags/example_branch_operator.py took 0.142 seconds
[2025-03-04T07:03:05.993+0000] {processor.py:186} INFO - Started process (PID=1543) to work on /home/airflow/.local/lib/python3.12/site-packages/airflow/example_dags/example_branch_operator.py
[2025-03-04T07:03:05.995+0000] {processor.py:914} INFO - Processing file /home/airflow/.local/lib/python3.12/site-packages/airflow/example_dags/example_branch_operator.py for tasks to queue
[2025-03-04T07:03:05.997+0000] {logging_mixin.py:190} INFO - [2025-03-04T07:03:05.997+0000] {dagbag.py:588} INFO - Filling up the DagBag from /home/airflow/.local/lib/python3.12/site-packages/airflow/example_dags/example_branch_operator.py
[2025-03-04T07:03:06.016+0000] {processor.py:925} INFO - DAG(s) 'example_branch_operator' retrieved from /home/airflow/.local/lib/python3.12/site-packages/airflow/example_dags/example_branch_operator.py
[2025-03-04T07:03:06.044+0000] {logging_mixin.py:190} INFO - [2025-03-04T07:03:06.043+0000] {dag.py:3239} INFO - Sync 1 DAGs
[2025-03-04T07:03:06.065+0000] {logging_mixin.py:190} INFO - [2025-03-04T07:03:06.064+0000] {dag.py:4180} INFO - Setting next_dagrun for example_branch_operator to 2025-03-03 00:00:00+00:00, run_after=2025-03-04 00:00:00+00:00
[2025-03-04T07:03:06.081+0000] {processor.py:208} INFO - Processing /home/airflow/.local/lib/python3.12/site-packages/airflow/example_dags/example_branch_operator.py took 0.093 seconds
[2025-03-04T07:03:36.320+0000] {processor.py:186} INFO - Started process (PID=1619) to work on /home/airflow/.local/lib/python3.12/site-packages/airflow/example_dags/example_branch_operator.py
[2025-03-04T07:03:36.323+0000] {processor.py:914} INFO - Processing file /home/airflow/.local/lib/python3.12/site-packages/airflow/example_dags/example_branch_operator.py for tasks to queue
[2025-03-04T07:03:36.325+0000] {logging_mixin.py:190} INFO - [2025-03-04T07:03:36.325+0000] {dagbag.py:588} INFO - Filling up the DagBag from /home/airflow/.local/lib/python3.12/site-packages/airflow/example_dags/example_branch_operator.py
[2025-03-04T07:03:36.338+0000] {processor.py:925} INFO - DAG(s) 'example_branch_operator' retrieved from /home/airflow/.local/lib/python3.12/site-packages/airflow/example_dags/example_branch_operator.py
[2025-03-04T07:03:36.360+0000] {logging_mixin.py:190} INFO - [2025-03-04T07:03:36.360+0000] {dag.py:3239} INFO - Sync 1 DAGs
[2025-03-04T07:03:36.384+0000] {logging_mixin.py:190} INFO - [2025-03-04T07:03:36.384+0000] {dag.py:4180} INFO - Setting next_dagrun for example_branch_operator to 2025-03-03 00:00:00+00:00, run_after=2025-03-04 00:00:00+00:00
[2025-03-04T07:03:36.404+0000] {processor.py:208} INFO - Processing /home/airflow/.local/lib/python3.12/site-packages/airflow/example_dags/example_branch_operator.py took 0.089 seconds
[2025-03-04T07:04:06.535+0000] {processor.py:186} INFO - Started process (PID=1693) to work on /home/airflow/.local/lib/python3.12/site-packages/airflow/example_dags/example_branch_operator.py
[2025-03-04T07:04:06.536+0000] {processor.py:914} INFO - Processing file /home/airflow/.local/lib/python3.12/site-packages/airflow/example_dags/example_branch_operator.py for tasks to queue
[2025-03-04T07:04:06.537+0000] {logging_mixin.py:190} INFO - [2025-03-04T07:04:06.537+0000] {dagbag.py:588} INFO - Filling up the DagBag from /home/airflow/.local/lib/python3.12/site-packages/airflow/example_dags/example_branch_operator.py
[2025-03-04T07:04:06.552+0000] {processor.py:925} INFO - DAG(s) 'example_branch_operator' retrieved from /home/airflow/.local/lib/python3.12/site-packages/airflow/example_dags/example_branch_operator.py
[2025-03-04T07:04:06.571+0000] {logging_mixin.py:190} INFO - [2025-03-04T07:04:06.571+0000] {dag.py:3239} INFO - Sync 1 DAGs
[2025-03-04T07:04:06.589+0000] {logging_mixin.py:190} INFO - [2025-03-04T07:04:06.589+0000] {dag.py:4180} INFO - Setting next_dagrun for example_branch_operator to 2025-03-03 00:00:00+00:00, run_after=2025-03-04 00:00:00+00:00
[2025-03-04T07:04:06.604+0000] {processor.py:208} INFO - Processing /home/airflow/.local/lib/python3.12/site-packages/airflow/example_dags/example_branch_operator.py took 0.073 seconds
[2025-03-04T07:04:36.764+0000] {processor.py:186} INFO - Started process (PID=1776) to work on /home/airflow/.local/lib/python3.12/site-packages/airflow/example_dags/example_branch_operator.py
[2025-03-04T07:04:36.765+0000] {processor.py:914} INFO - Processing file /home/airflow/.local/lib/python3.12/site-packages/airflow/example_dags/example_branch_operator.py for tasks to queue
[2025-03-04T07:04:36.767+0000] {logging_mixin.py:190} INFO - [2025-03-04T07:04:36.766+0000] {dagbag.py:588} INFO - Filling up the DagBag from /home/airflow/.local/lib/python3.12/site-packages/airflow/example_dags/example_branch_operator.py
[2025-03-04T07:04:36.787+0000] {processor.py:925} INFO - DAG(s) 'example_branch_operator' retrieved from /home/airflow/.local/lib/python3.12/site-packages/airflow/example_dags/example_branch_operator.py
[2025-03-04T07:04:36.813+0000] {logging_mixin.py:190} INFO - [2025-03-04T07:04:36.813+0000] {dag.py:3239} INFO - Sync 1 DAGs
[2025-03-04T07:04:36.833+0000] {logging_mixin.py:190} INFO - [2025-03-04T07:04:36.833+0000] {dag.py:4180} INFO - Setting next_dagrun for example_branch_operator to 2025-03-03 00:00:00+00:00, run_after=2025-03-04 00:00:00+00:00
[2025-03-04T07:04:36.849+0000] {processor.py:208} INFO - Processing /home/airflow/.local/lib/python3.12/site-packages/airflow/example_dags/example_branch_operator.py took 0.091 seconds
[2025-03-04T07:05:06.987+0000] {processor.py:186} INFO - Started process (PID=1850) to work on /home/airflow/.local/lib/python3.12/site-packages/airflow/example_dags/example_branch_operator.py
[2025-03-04T07:05:06.989+0000] {processor.py:914} INFO - Processing file /home/airflow/.local/lib/python3.12/site-packages/airflow/example_dags/example_branch_operator.py for tasks to queue
[2025-03-04T07:05:06.990+0000] {logging_mixin.py:190} INFO - [2025-03-04T07:05:06.990+0000] {dagbag.py:588} INFO - Filling up the DagBag from /home/airflow/.local/lib/python3.12/site-packages/airflow/example_dags/example_branch_operator.py
[2025-03-04T07:05:07.007+0000] {processor.py:925} INFO - DAG(s) 'example_branch_operator' retrieved from /home/airflow/.local/lib/python3.12/site-packages/airflow/example_dags/example_branch_operator.py
[2025-03-04T07:05:07.036+0000] {logging_mixin.py:190} INFO - [2025-03-04T07:05:07.035+0000] {dag.py:3239} INFO - Sync 1 DAGs
[2025-03-04T07:05:07.059+0000] {logging_mixin.py:190} INFO - [2025-03-04T07:05:07.059+0000] {dag.py:4180} INFO - Setting next_dagrun for example_branch_operator to 2025-03-03 00:00:00+00:00, run_after=2025-03-04 00:00:00+00:00
[2025-03-04T07:05:07.078+0000] {processor.py:208} INFO - Processing /home/airflow/.local/lib/python3.12/site-packages/airflow/example_dags/example_branch_operator.py took 0.097 seconds
[2025-03-04T07:05:37.208+0000] {processor.py:186} INFO - Started process (PID=1932) to work on /home/airflow/.local/lib/python3.12/site-packages/airflow/example_dags/example_branch_operator.py
[2025-03-04T07:05:37.209+0000] {processor.py:914} INFO - Processing file /home/airflow/.local/lib/python3.12/site-packages/airflow/example_dags/example_branch_operator.py for tasks to queue
[2025-03-04T07:05:37.210+0000] {logging_mixin.py:190} INFO - [2025-03-04T07:05:37.210+0000] {dagbag.py:588} INFO - Filling up the DagBag from /home/airflow/.local/lib/python3.12/site-packages/airflow/example_dags/example_branch_operator.py
[2025-03-04T07:05:37.226+0000] {processor.py:925} INFO - DAG(s) 'example_branch_operator' retrieved from /home/airflow/.local/lib/python3.12/site-packages/airflow/example_dags/example_branch_operator.py
[2025-03-04T07:05:37.250+0000] {logging_mixin.py:190} INFO - [2025-03-04T07:05:37.250+0000] {dag.py:3239} INFO - Sync 1 DAGs
[2025-03-04T07:05:37.271+0000] {logging_mixin.py:190} INFO - [2025-03-04T07:05:37.271+0000] {dag.py:4180} INFO - Setting next_dagrun for example_branch_operator to 2025-03-03 00:00:00+00:00, run_after=2025-03-04 00:00:00+00:00
[2025-03-04T07:05:37.290+0000] {processor.py:208} INFO - Processing /home/airflow/.local/lib/python3.12/site-packages/airflow/example_dags/example_branch_operator.py took 0.087 seconds
[2025-03-04T07:06:07.947+0000] {processor.py:186} INFO - Started process (PID=2006) to work on /home/airflow/.local/lib/python3.12/site-packages/airflow/example_dags/example_branch_operator.py
[2025-03-04T07:06:07.948+0000] {processor.py:914} INFO - Processing file /home/airflow/.local/lib/python3.12/site-packages/airflow/example_dags/example_branch_operator.py for tasks to queue
[2025-03-04T07:06:07.949+0000] {logging_mixin.py:190} INFO - [2025-03-04T07:06:07.949+0000] {dagbag.py:588} INFO - Filling up the DagBag from /home/airflow/.local/lib/python3.12/site-packages/airflow/example_dags/example_branch_operator.py
[2025-03-04T07:06:07.963+0000] {processor.py:925} INFO - DAG(s) 'example_branch_operator' retrieved from /home/airflow/.local/lib/python3.12/site-packages/airflow/example_dags/example_branch_operator.py
[2025-03-04T07:06:07.985+0000] {logging_mixin.py:190} INFO - [2025-03-04T07:06:07.985+0000] {dag.py:3239} INFO - Sync 1 DAGs
[2025-03-04T07:06:08.004+0000] {logging_mixin.py:190} INFO - [2025-03-04T07:06:08.004+0000] {dag.py:4180} INFO - Setting next_dagrun for example_branch_operator to 2025-03-03 00:00:00+00:00, run_after=2025-03-04 00:00:00+00:00
[2025-03-04T07:06:08.020+0000] {processor.py:208} INFO - Processing /home/airflow/.local/lib/python3.12/site-packages/airflow/example_dags/example_branch_operator.py took 0.078 seconds
[2025-03-04T07:06:38.331+0000] {processor.py:186} INFO - Started process (PID=2088) to work on /home/airflow/.local/lib/python3.12/site-packages/airflow/example_dags/example_branch_operator.py
[2025-03-04T07:06:38.332+0000] {processor.py:914} INFO - Processing file /home/airflow/.local/lib/python3.12/site-packages/airflow/example_dags/example_branch_operator.py for tasks to queue
[2025-03-04T07:06:38.333+0000] {logging_mixin.py:190} INFO - [2025-03-04T07:06:38.333+0000] {dagbag.py:588} INFO - Filling up the DagBag from /home/airflow/.local/lib/python3.12/site-packages/airflow/example_dags/example_branch_operator.py
[2025-03-04T07:06:38.348+0000] {processor.py:925} INFO - DAG(s) 'example_branch_operator' retrieved from /home/airflow/.local/lib/python3.12/site-packages/airflow/example_dags/example_branch_operator.py
[2025-03-04T07:06:38.377+0000] {logging_mixin.py:190} INFO - [2025-03-04T07:06:38.377+0000] {dag.py:3239} INFO - Sync 1 DAGs
[2025-03-04T07:06:38.403+0000] {logging_mixin.py:190} INFO - [2025-03-04T07:06:38.403+0000] {dag.py:4180} INFO - Setting next_dagrun for example_branch_operator to 2025-03-03 00:00:00+00:00, run_after=2025-03-04 00:00:00+00:00
[2025-03-04T07:06:38.422+0000] {processor.py:208} INFO - Processing /home/airflow/.local/lib/python3.12/site-packages/airflow/example_dags/example_branch_operator.py took 0.097 seconds
[2025-03-04T07:07:08.508+0000] {processor.py:186} INFO - Started process (PID=2161) to work on /home/airflow/.local/lib/python3.12/site-packages/airflow/example_dags/example_branch_operator.py
[2025-03-04T07:07:08.509+0000] {processor.py:914} INFO - Processing file /home/airflow/.local/lib/python3.12/site-packages/airflow/example_dags/example_branch_operator.py for tasks to queue
[2025-03-04T07:07:08.510+0000] {logging_mixin.py:190} INFO - [2025-03-04T07:07:08.510+0000] {dagbag.py:588} INFO - Filling up the DagBag from /home/airflow/.local/lib/python3.12/site-packages/airflow/example_dags/example_branch_operator.py
[2025-03-04T07:07:08.524+0000] {processor.py:925} INFO - DAG(s) 'example_branch_operator' retrieved from /home/airflow/.local/lib/python3.12/site-packages/airflow/example_dags/example_branch_operator.py
[2025-03-04T07:07:08.544+0000] {logging_mixin.py:190} INFO - [2025-03-04T07:07:08.544+0000] {dag.py:3239} INFO - Sync 1 DAGs
[2025-03-04T07:07:08.561+0000] {logging_mixin.py:190} INFO - [2025-03-04T07:07:08.561+0000] {dag.py:4180} INFO - Setting next_dagrun for example_branch_operator to 2025-03-03 00:00:00+00:00, run_after=2025-03-04 00:00:00+00:00
[2025-03-04T07:07:08.576+0000] {processor.py:208} INFO - Processing /home/airflow/.local/lib/python3.12/site-packages/airflow/example_dags/example_branch_operator.py took 0.072 seconds
[2025-03-04T07:07:38.992+0000] {processor.py:186} INFO - Started process (PID=2242) to work on /home/airflow/.local/lib/python3.12/site-packages/airflow/example_dags/example_branch_operator.py
[2025-03-04T07:07:38.997+0000] {processor.py:914} INFO - Processing file /home/airflow/.local/lib/python3.12/site-packages/airflow/example_dags/example_branch_operator.py for tasks to queue
[2025-03-04T07:07:38.999+0000] {logging_mixin.py:190} INFO - [2025-03-04T07:07:38.998+0000] {dagbag.py:588} INFO - Filling up the DagBag from /home/airflow/.local/lib/python3.12/site-packages/airflow/example_dags/example_branch_operator.py
[2025-03-04T07:07:39.025+0000] {processor.py:925} INFO - DAG(s) 'example_branch_operator' retrieved from /home/airflow/.local/lib/python3.12/site-packages/airflow/example_dags/example_branch_operator.py
[2025-03-04T07:07:39.060+0000] {logging_mixin.py:190} INFO - [2025-03-04T07:07:39.059+0000] {dag.py:3239} INFO - Sync 1 DAGs
[2025-03-04T07:07:39.090+0000] {logging_mixin.py:190} INFO - [2025-03-04T07:07:39.090+0000] {dag.py:4180} INFO - Setting next_dagrun for example_branch_operator to 2025-03-03 00:00:00+00:00, run_after=2025-03-04 00:00:00+00:00
[2025-03-04T07:07:39.113+0000] {processor.py:208} INFO - Processing /home/airflow/.local/lib/python3.12/site-packages/airflow/example_dags/example_branch_operator.py took 0.128 seconds
[2025-03-04T07:08:09.352+0000] {processor.py:186} INFO - Started process (PID=2317) to work on /home/airflow/.local/lib/python3.12/site-packages/airflow/example_dags/example_branch_operator.py
[2025-03-04T07:08:09.353+0000] {processor.py:914} INFO - Processing file /home/airflow/.local/lib/python3.12/site-packages/airflow/example_dags/example_branch_operator.py for tasks to queue
[2025-03-04T07:08:09.355+0000] {logging_mixin.py:190} INFO - [2025-03-04T07:08:09.355+0000] {dagbag.py:588} INFO - Filling up the DagBag from /home/airflow/.local/lib/python3.12/site-packages/airflow/example_dags/example_branch_operator.py
[2025-03-04T07:08:09.378+0000] {processor.py:925} INFO - DAG(s) 'example_branch_operator' retrieved from /home/airflow/.local/lib/python3.12/site-packages/airflow/example_dags/example_branch_operator.py
[2025-03-04T07:08:09.413+0000] {logging_mixin.py:190} INFO - [2025-03-04T07:08:09.413+0000] {dag.py:3239} INFO - Sync 1 DAGs
[2025-03-04T07:08:09.438+0000] {logging_mixin.py:190} INFO - [2025-03-04T07:08:09.438+0000] {dag.py:4180} INFO - Setting next_dagrun for example_branch_operator to 2025-03-03 00:00:00+00:00, run_after=2025-03-04 00:00:00+00:00
[2025-03-04T07:08:09.459+0000] {processor.py:208} INFO - Processing /home/airflow/.local/lib/python3.12/site-packages/airflow/example_dags/example_branch_operator.py took 0.115 seconds
[2025-03-04T07:08:39.654+0000] {processor.py:186} INFO - Started process (PID=2391) to work on /home/airflow/.local/lib/python3.12/site-packages/airflow/example_dags/example_branch_operator.py
[2025-03-04T07:08:39.657+0000] {processor.py:914} INFO - Processing file /home/airflow/.local/lib/python3.12/site-packages/airflow/example_dags/example_branch_operator.py for tasks to queue
[2025-03-04T07:08:39.660+0000] {logging_mixin.py:190} INFO - [2025-03-04T07:08:39.660+0000] {dagbag.py:588} INFO - Filling up the DagBag from /home/airflow/.local/lib/python3.12/site-packages/airflow/example_dags/example_branch_operator.py
[2025-03-04T07:08:39.678+0000] {processor.py:925} INFO - DAG(s) 'example_branch_operator' retrieved from /home/airflow/.local/lib/python3.12/site-packages/airflow/example_dags/example_branch_operator.py
[2025-03-04T07:08:39.706+0000] {logging_mixin.py:190} INFO - [2025-03-04T07:08:39.705+0000] {dag.py:3239} INFO - Sync 1 DAGs
[2025-03-04T07:08:39.729+0000] {logging_mixin.py:190} INFO - [2025-03-04T07:08:39.729+0000] {dag.py:4180} INFO - Setting next_dagrun for example_branch_operator to 2025-03-03 00:00:00+00:00, run_after=2025-03-04 00:00:00+00:00
[2025-03-04T07:08:39.749+0000] {processor.py:208} INFO - Processing /home/airflow/.local/lib/python3.12/site-packages/airflow/example_dags/example_branch_operator.py took 0.099 seconds
[2025-03-04T07:09:09.964+0000] {processor.py:186} INFO - Started process (PID=2474) to work on /home/airflow/.local/lib/python3.12/site-packages/airflow/example_dags/example_branch_operator.py
[2025-03-04T07:09:09.966+0000] {processor.py:914} INFO - Processing file /home/airflow/.local/lib/python3.12/site-packages/airflow/example_dags/example_branch_operator.py for tasks to queue
[2025-03-04T07:09:09.967+0000] {logging_mixin.py:190} INFO - [2025-03-04T07:09:09.967+0000] {dagbag.py:588} INFO - Filling up the DagBag from /home/airflow/.local/lib/python3.12/site-packages/airflow/example_dags/example_branch_operator.py
[2025-03-04T07:09:09.982+0000] {processor.py:925} INFO - DAG(s) 'example_branch_operator' retrieved from /home/airflow/.local/lib/python3.12/site-packages/airflow/example_dags/example_branch_operator.py
[2025-03-04T07:09:10.007+0000] {logging_mixin.py:190} INFO - [2025-03-04T07:09:10.007+0000] {dag.py:3239} INFO - Sync 1 DAGs
[2025-03-04T07:09:10.028+0000] {logging_mixin.py:190} INFO - [2025-03-04T07:09:10.028+0000] {dag.py:4180} INFO - Setting next_dagrun for example_branch_operator to 2025-03-03 00:00:00+00:00, run_after=2025-03-04 00:00:00+00:00
[2025-03-04T07:09:10.045+0000] {processor.py:208} INFO - Processing /home/airflow/.local/lib/python3.12/site-packages/airflow/example_dags/example_branch_operator.py took 0.085 seconds
[2025-03-04T07:09:40.403+0000] {processor.py:186} INFO - Started process (PID=2548) to work on /home/airflow/.local/lib/python3.12/site-packages/airflow/example_dags/example_branch_operator.py
[2025-03-04T07:09:40.405+0000] {processor.py:914} INFO - Processing file /home/airflow/.local/lib/python3.12/site-packages/airflow/example_dags/example_branch_operator.py for tasks to queue
[2025-03-04T07:09:40.407+0000] {logging_mixin.py:190} INFO - [2025-03-04T07:09:40.406+0000] {dagbag.py:588} INFO - Filling up the DagBag from /home/airflow/.local/lib/python3.12/site-packages/airflow/example_dags/example_branch_operator.py
[2025-03-04T07:09:40.424+0000] {processor.py:925} INFO - DAG(s) 'example_branch_operator' retrieved from /home/airflow/.local/lib/python3.12/site-packages/airflow/example_dags/example_branch_operator.py
[2025-03-04T07:09:40.448+0000] {logging_mixin.py:190} INFO - [2025-03-04T07:09:40.448+0000] {dag.py:3239} INFO - Sync 1 DAGs
[2025-03-04T07:09:40.469+0000] {logging_mixin.py:190} INFO - [2025-03-04T07:09:40.468+0000] {dag.py:4180} INFO - Setting next_dagrun for example_branch_operator to 2025-03-03 00:00:00+00:00, run_after=2025-03-04 00:00:00+00:00
[2025-03-04T07:09:40.486+0000] {processor.py:208} INFO - Processing /home/airflow/.local/lib/python3.12/site-packages/airflow/example_dags/example_branch_operator.py took 0.088 seconds
[2025-03-04T07:10:11.005+0000] {processor.py:186} INFO - Started process (PID=2630) to work on /home/airflow/.local/lib/python3.12/site-packages/airflow/example_dags/example_branch_operator.py
[2025-03-04T07:10:11.006+0000] {processor.py:914} INFO - Processing file /home/airflow/.local/lib/python3.12/site-packages/airflow/example_dags/example_branch_operator.py for tasks to queue
[2025-03-04T07:10:11.008+0000] {logging_mixin.py:190} INFO - [2025-03-04T07:10:11.007+0000] {dagbag.py:588} INFO - Filling up the DagBag from /home/airflow/.local/lib/python3.12/site-packages/airflow/example_dags/example_branch_operator.py
[2025-03-04T07:10:11.022+0000] {processor.py:925} INFO - DAG(s) 'example_branch_operator' retrieved from /home/airflow/.local/lib/python3.12/site-packages/airflow/example_dags/example_branch_operator.py
[2025-03-04T07:10:11.045+0000] {logging_mixin.py:190} INFO - [2025-03-04T07:10:11.045+0000] {dag.py:3239} INFO - Sync 1 DAGs
[2025-03-04T07:10:11.066+0000] {logging_mixin.py:190} INFO - [2025-03-04T07:10:11.065+0000] {dag.py:4180} INFO - Setting next_dagrun for example_branch_operator to 2025-03-03 00:00:00+00:00, run_after=2025-03-04 00:00:00+00:00
[2025-03-04T07:10:11.086+0000] {processor.py:208} INFO - Processing /home/airflow/.local/lib/python3.12/site-packages/airflow/example_dags/example_branch_operator.py took 0.085 seconds
[2025-03-04T07:10:41.287+0000] {processor.py:186} INFO - Started process (PID=2703) to work on /home/airflow/.local/lib/python3.12/site-packages/airflow/example_dags/example_branch_operator.py
[2025-03-04T07:10:41.288+0000] {processor.py:914} INFO - Processing file /home/airflow/.local/lib/python3.12/site-packages/airflow/example_dags/example_branch_operator.py for tasks to queue
[2025-03-04T07:10:41.290+0000] {logging_mixin.py:190} INFO - [2025-03-04T07:10:41.290+0000] {dagbag.py:588} INFO - Filling up the DagBag from /home/airflow/.local/lib/python3.12/site-packages/airflow/example_dags/example_branch_operator.py
[2025-03-04T07:10:41.306+0000] {processor.py:925} INFO - DAG(s) 'example_branch_operator' retrieved from /home/airflow/.local/lib/python3.12/site-packages/airflow/example_dags/example_branch_operator.py
[2025-03-04T07:10:41.334+0000] {logging_mixin.py:190} INFO - [2025-03-04T07:10:41.334+0000] {dag.py:3239} INFO - Sync 1 DAGs
[2025-03-04T07:10:41.355+0000] {logging_mixin.py:190} INFO - [2025-03-04T07:10:41.354+0000] {dag.py:4180} INFO - Setting next_dagrun for example_branch_operator to 2025-03-03 00:00:00+00:00, run_after=2025-03-04 00:00:00+00:00
[2025-03-04T07:10:41.370+0000] {processor.py:208} INFO - Processing /home/airflow/.local/lib/python3.12/site-packages/airflow/example_dags/example_branch_operator.py took 0.088 seconds
[2025-03-04T07:11:11.536+0000] {processor.py:186} INFO - Started process (PID=2784) to work on /home/airflow/.local/lib/python3.12/site-packages/airflow/example_dags/example_branch_operator.py
[2025-03-04T07:11:11.537+0000] {processor.py:914} INFO - Processing file /home/airflow/.local/lib/python3.12/site-packages/airflow/example_dags/example_branch_operator.py for tasks to queue
[2025-03-04T07:11:11.538+0000] {logging_mixin.py:190} INFO - [2025-03-04T07:11:11.538+0000] {dagbag.py:588} INFO - Filling up the DagBag from /home/airflow/.local/lib/python3.12/site-packages/airflow/example_dags/example_branch_operator.py
[2025-03-04T07:11:11.554+0000] {processor.py:925} INFO - DAG(s) 'example_branch_operator' retrieved from /home/airflow/.local/lib/python3.12/site-packages/airflow/example_dags/example_branch_operator.py
[2025-03-04T07:11:11.588+0000] {logging_mixin.py:190} INFO - [2025-03-04T07:11:11.587+0000] {dag.py:3239} INFO - Sync 1 DAGs
[2025-03-04T07:11:11.620+0000] {logging_mixin.py:190} INFO - [2025-03-04T07:11:11.620+0000] {dag.py:4180} INFO - Setting next_dagrun for example_branch_operator to 2025-03-03 00:00:00+00:00, run_after=2025-03-04 00:00:00+00:00
[2025-03-04T07:11:11.664+0000] {processor.py:208} INFO - Processing /home/airflow/.local/lib/python3.12/site-packages/airflow/example_dags/example_branch_operator.py took 0.134 seconds
[2025-03-04T07:11:41.724+0000] {processor.py:186} INFO - Started process (PID=2859) to work on /home/airflow/.local/lib/python3.12/site-packages/airflow/example_dags/example_branch_operator.py
[2025-03-04T07:11:41.725+0000] {processor.py:914} INFO - Processing file /home/airflow/.local/lib/python3.12/site-packages/airflow/example_dags/example_branch_operator.py for tasks to queue
[2025-03-04T07:11:41.727+0000] {logging_mixin.py:190} INFO - [2025-03-04T07:11:41.726+0000] {dagbag.py:588} INFO - Filling up the DagBag from /home/airflow/.local/lib/python3.12/site-packages/airflow/example_dags/example_branch_operator.py
[2025-03-04T07:11:41.743+0000] {processor.py:925} INFO - DAG(s) 'example_branch_operator' retrieved from /home/airflow/.local/lib/python3.12/site-packages/airflow/example_dags/example_branch_operator.py
[2025-03-04T07:11:41.770+0000] {logging_mixin.py:190} INFO - [2025-03-04T07:11:41.770+0000] {dag.py:3239} INFO - Sync 1 DAGs
[2025-03-04T07:11:41.795+0000] {logging_mixin.py:190} INFO - [2025-03-04T07:11:41.794+0000] {dag.py:4180} INFO - Setting next_dagrun for example_branch_operator to 2025-03-03 00:00:00+00:00, run_after=2025-03-04 00:00:00+00:00
[2025-03-04T07:11:41.815+0000] {processor.py:208} INFO - Processing /home/airflow/.local/lib/python3.12/site-packages/airflow/example_dags/example_branch_operator.py took 0.096 seconds
[2025-03-04T07:12:12.611+0000] {processor.py:186} INFO - Started process (PID=2932) to work on /home/airflow/.local/lib/python3.12/site-packages/airflow/example_dags/example_branch_operator.py
[2025-03-04T07:12:12.612+0000] {processor.py:914} INFO - Processing file /home/airflow/.local/lib/python3.12/site-packages/airflow/example_dags/example_branch_operator.py for tasks to queue
[2025-03-04T07:12:12.613+0000] {logging_mixin.py:190} INFO - [2025-03-04T07:12:12.612+0000] {dagbag.py:588} INFO - Filling up the DagBag from /home/airflow/.local/lib/python3.12/site-packages/airflow/example_dags/example_branch_operator.py
[2025-03-04T07:12:12.626+0000] {processor.py:925} INFO - DAG(s) 'example_branch_operator' retrieved from /home/airflow/.local/lib/python3.12/site-packages/airflow/example_dags/example_branch_operator.py
[2025-03-04T07:12:12.652+0000] {logging_mixin.py:190} INFO - [2025-03-04T07:12:12.651+0000] {dag.py:3239} INFO - Sync 1 DAGs
[2025-03-04T07:12:12.669+0000] {logging_mixin.py:190} INFO - [2025-03-04T07:12:12.669+0000] {dag.py:4180} INFO - Setting next_dagrun for example_branch_operator to 2025-03-03 00:00:00+00:00, run_after=2025-03-04 00:00:00+00:00
[2025-03-04T07:12:12.688+0000] {processor.py:208} INFO - Processing /home/airflow/.local/lib/python3.12/site-packages/airflow/example_dags/example_branch_operator.py took 0.082 seconds
[2025-03-04T07:12:43.221+0000] {processor.py:186} INFO - Started process (PID=3013) to work on /home/airflow/.local/lib/python3.12/site-packages/airflow/example_dags/example_branch_operator.py
[2025-03-04T07:12:43.224+0000] {processor.py:914} INFO - Processing file /home/airflow/.local/lib/python3.12/site-packages/airflow/example_dags/example_branch_operator.py for tasks to queue
[2025-03-04T07:12:43.226+0000] {logging_mixin.py:190} INFO - [2025-03-04T07:12:43.226+0000] {dagbag.py:588} INFO - Filling up the DagBag from /home/airflow/.local/lib/python3.12/site-packages/airflow/example_dags/example_branch_operator.py
[2025-03-04T07:12:43.255+0000] {processor.py:925} INFO - DAG(s) 'example_branch_operator' retrieved from /home/airflow/.local/lib/python3.12/site-packages/airflow/example_dags/example_branch_operator.py
[2025-03-04T07:12:43.298+0000] {logging_mixin.py:190} INFO - [2025-03-04T07:12:43.298+0000] {dag.py:3239} INFO - Sync 1 DAGs
[2025-03-04T07:12:43.327+0000] {logging_mixin.py:190} INFO - [2025-03-04T07:12:43.327+0000] {dag.py:4180} INFO - Setting next_dagrun for example_branch_operator to 2025-03-03 00:00:00+00:00, run_after=2025-03-04 00:00:00+00:00
[2025-03-04T07:12:43.351+0000] {processor.py:208} INFO - Processing /home/airflow/.local/lib/python3.12/site-packages/airflow/example_dags/example_branch_operator.py took 0.138 seconds
[2025-03-04T07:13:13.853+0000] {processor.py:186} INFO - Started process (PID=3086) to work on /home/airflow/.local/lib/python3.12/site-packages/airflow/example_dags/example_branch_operator.py
[2025-03-04T07:13:13.857+0000] {processor.py:914} INFO - Processing file /home/airflow/.local/lib/python3.12/site-packages/airflow/example_dags/example_branch_operator.py for tasks to queue
[2025-03-04T07:13:13.859+0000] {logging_mixin.py:190} INFO - [2025-03-04T07:13:13.858+0000] {dagbag.py:588} INFO - Filling up the DagBag from /home/airflow/.local/lib/python3.12/site-packages/airflow/example_dags/example_branch_operator.py
[2025-03-04T07:13:13.875+0000] {processor.py:925} INFO - DAG(s) 'example_branch_operator' retrieved from /home/airflow/.local/lib/python3.12/site-packages/airflow/example_dags/example_branch_operator.py
[2025-03-04T07:13:13.901+0000] {logging_mixin.py:190} INFO - [2025-03-04T07:13:13.901+0000] {dag.py:3239} INFO - Sync 1 DAGs
[2025-03-04T07:13:13.924+0000] {logging_mixin.py:190} INFO - [2025-03-04T07:13:13.923+0000] {dag.py:4180} INFO - Setting next_dagrun for example_branch_operator to 2025-03-03 00:00:00+00:00, run_after=2025-03-04 00:00:00+00:00
[2025-03-04T07:13:13.943+0000] {processor.py:208} INFO - Processing /home/airflow/.local/lib/python3.12/site-packages/airflow/example_dags/example_branch_operator.py took 0.095 seconds
[2025-03-04T07:13:44.432+0000] {processor.py:186} INFO - Started process (PID=3160) to work on /home/airflow/.local/lib/python3.12/site-packages/airflow/example_dags/example_branch_operator.py
[2025-03-04T07:13:44.433+0000] {processor.py:914} INFO - Processing file /home/airflow/.local/lib/python3.12/site-packages/airflow/example_dags/example_branch_operator.py for tasks to queue
[2025-03-04T07:13:44.435+0000] {logging_mixin.py:190} INFO - [2025-03-04T07:13:44.434+0000] {dagbag.py:588} INFO - Filling up the DagBag from /home/airflow/.local/lib/python3.12/site-packages/airflow/example_dags/example_branch_operator.py
[2025-03-04T07:13:44.452+0000] {processor.py:925} INFO - DAG(s) 'example_branch_operator' retrieved from /home/airflow/.local/lib/python3.12/site-packages/airflow/example_dags/example_branch_operator.py
[2025-03-04T07:13:44.478+0000] {logging_mixin.py:190} INFO - [2025-03-04T07:13:44.478+0000] {dag.py:3239} INFO - Sync 1 DAGs
[2025-03-04T07:13:44.509+0000] {logging_mixin.py:190} INFO - [2025-03-04T07:13:44.509+0000] {dag.py:4180} INFO - Setting next_dagrun for example_branch_operator to 2025-03-03 00:00:00+00:00, run_after=2025-03-04 00:00:00+00:00
[2025-03-04T07:13:44.530+0000] {processor.py:208} INFO - Processing /home/airflow/.local/lib/python3.12/site-packages/airflow/example_dags/example_branch_operator.py took 0.103 seconds
[2025-03-04T07:14:15.021+0000] {processor.py:186} INFO - Started process (PID=3242) to work on /home/airflow/.local/lib/python3.12/site-packages/airflow/example_dags/example_branch_operator.py
[2025-03-04T07:14:15.023+0000] {processor.py:914} INFO - Processing file /home/airflow/.local/lib/python3.12/site-packages/airflow/example_dags/example_branch_operator.py for tasks to queue
[2025-03-04T07:14:15.024+0000] {logging_mixin.py:190} INFO - [2025-03-04T07:14:15.024+0000] {dagbag.py:588} INFO - Filling up the DagBag from /home/airflow/.local/lib/python3.12/site-packages/airflow/example_dags/example_branch_operator.py
[2025-03-04T07:14:15.049+0000] {processor.py:925} INFO - DAG(s) 'example_branch_operator' retrieved from /home/airflow/.local/lib/python3.12/site-packages/airflow/example_dags/example_branch_operator.py
[2025-03-04T07:14:15.080+0000] {logging_mixin.py:190} INFO - [2025-03-04T07:14:15.080+0000] {dag.py:3239} INFO - Sync 1 DAGs
[2025-03-04T07:14:15.128+0000] {logging_mixin.py:190} INFO - [2025-03-04T07:14:15.128+0000] {dag.py:4180} INFO - Setting next_dagrun for example_branch_operator to 2025-03-03 00:00:00+00:00, run_after=2025-03-04 00:00:00+00:00
[2025-03-04T07:14:15.154+0000] {processor.py:208} INFO - Processing /home/airflow/.local/lib/python3.12/site-packages/airflow/example_dags/example_branch_operator.py took 0.139 seconds
[2025-03-04T07:14:45.529+0000] {processor.py:186} INFO - Started process (PID=3324) to work on /home/airflow/.local/lib/python3.12/site-packages/airflow/example_dags/example_branch_operator.py
[2025-03-04T07:14:45.532+0000] {processor.py:914} INFO - Processing file /home/airflow/.local/lib/python3.12/site-packages/airflow/example_dags/example_branch_operator.py for tasks to queue
[2025-03-04T07:14:45.534+0000] {logging_mixin.py:190} INFO - [2025-03-04T07:14:45.533+0000] {dagbag.py:588} INFO - Filling up the DagBag from /home/airflow/.local/lib/python3.12/site-packages/airflow/example_dags/example_branch_operator.py
[2025-03-04T07:14:45.569+0000] {processor.py:925} INFO - DAG(s) 'example_branch_operator' retrieved from /home/airflow/.local/lib/python3.12/site-packages/airflow/example_dags/example_branch_operator.py
[2025-03-04T07:14:45.631+0000] {logging_mixin.py:190} INFO - [2025-03-04T07:14:45.630+0000] {dag.py:3239} INFO - Sync 1 DAGs
[2025-03-04T07:14:45.685+0000] {logging_mixin.py:190} INFO - [2025-03-04T07:14:45.684+0000] {dag.py:4180} INFO - Setting next_dagrun for example_branch_operator to 2025-03-03 00:00:00+00:00, run_after=2025-03-04 00:00:00+00:00
[2025-03-04T07:14:45.720+0000] {processor.py:208} INFO - Processing /home/airflow/.local/lib/python3.12/site-packages/airflow/example_dags/example_branch_operator.py took 0.206 seconds
[2025-03-04T07:15:16.265+0000] {processor.py:186} INFO - Started process (PID=3398) to work on /home/airflow/.local/lib/python3.12/site-packages/airflow/example_dags/example_branch_operator.py
[2025-03-04T07:15:16.267+0000] {processor.py:914} INFO - Processing file /home/airflow/.local/lib/python3.12/site-packages/airflow/example_dags/example_branch_operator.py for tasks to queue
[2025-03-04T07:15:16.268+0000] {logging_mixin.py:190} INFO - [2025-03-04T07:15:16.268+0000] {dagbag.py:588} INFO - Filling up the DagBag from /home/airflow/.local/lib/python3.12/site-packages/airflow/example_dags/example_branch_operator.py
[2025-03-04T07:15:16.283+0000] {processor.py:925} INFO - DAG(s) 'example_branch_operator' retrieved from /home/airflow/.local/lib/python3.12/site-packages/airflow/example_dags/example_branch_operator.py
[2025-03-04T07:15:16.310+0000] {logging_mixin.py:190} INFO - [2025-03-04T07:15:16.310+0000] {dag.py:3239} INFO - Sync 1 DAGs
[2025-03-04T07:15:16.331+0000] {logging_mixin.py:190} INFO - [2025-03-04T07:15:16.331+0000] {dag.py:4180} INFO - Setting next_dagrun for example_branch_operator to 2025-03-03 00:00:00+00:00, run_after=2025-03-04 00:00:00+00:00
[2025-03-04T07:15:16.364+0000] {processor.py:208} INFO - Processing /home/airflow/.local/lib/python3.12/site-packages/airflow/example_dags/example_branch_operator.py took 0.104 seconds
[2025-03-04T07:15:46.435+0000] {processor.py:186} INFO - Started process (PID=3480) to work on /home/airflow/.local/lib/python3.12/site-packages/airflow/example_dags/example_branch_operator.py
[2025-03-04T07:15:46.436+0000] {processor.py:914} INFO - Processing file /home/airflow/.local/lib/python3.12/site-packages/airflow/example_dags/example_branch_operator.py for tasks to queue
[2025-03-04T07:15:46.437+0000] {logging_mixin.py:190} INFO - [2025-03-04T07:15:46.437+0000] {dagbag.py:588} INFO - Filling up the DagBag from /home/airflow/.local/lib/python3.12/site-packages/airflow/example_dags/example_branch_operator.py
[2025-03-04T07:15:46.451+0000] {processor.py:925} INFO - DAG(s) 'example_branch_operator' retrieved from /home/airflow/.local/lib/python3.12/site-packages/airflow/example_dags/example_branch_operator.py
[2025-03-04T07:15:46.470+0000] {logging_mixin.py:190} INFO - [2025-03-04T07:15:46.470+0000] {dag.py:3239} INFO - Sync 1 DAGs
[2025-03-04T07:15:46.488+0000] {logging_mixin.py:190} INFO - [2025-03-04T07:15:46.488+0000] {dag.py:4180} INFO - Setting next_dagrun for example_branch_operator to 2025-03-03 00:00:00+00:00, run_after=2025-03-04 00:00:00+00:00
[2025-03-04T07:15:46.504+0000] {processor.py:208} INFO - Processing /home/airflow/.local/lib/python3.12/site-packages/airflow/example_dags/example_branch_operator.py took 0.073 seconds
[2025-03-04T07:16:17.186+0000] {processor.py:186} INFO - Started process (PID=3554) to work on /home/airflow/.local/lib/python3.12/site-packages/airflow/example_dags/example_branch_operator.py
[2025-03-04T07:16:17.187+0000] {processor.py:914} INFO - Processing file /home/airflow/.local/lib/python3.12/site-packages/airflow/example_dags/example_branch_operator.py for tasks to queue
[2025-03-04T07:16:17.188+0000] {logging_mixin.py:190} INFO - [2025-03-04T07:16:17.188+0000] {dagbag.py:588} INFO - Filling up the DagBag from /home/airflow/.local/lib/python3.12/site-packages/airflow/example_dags/example_branch_operator.py
[2025-03-04T07:16:17.205+0000] {processor.py:925} INFO - DAG(s) 'example_branch_operator' retrieved from /home/airflow/.local/lib/python3.12/site-packages/airflow/example_dags/example_branch_operator.py
[2025-03-04T07:16:17.232+0000] {logging_mixin.py:190} INFO - [2025-03-04T07:16:17.232+0000] {dag.py:3239} INFO - Sync 1 DAGs
[2025-03-04T07:16:17.257+0000] {logging_mixin.py:190} INFO - [2025-03-04T07:16:17.257+0000] {dag.py:4180} INFO - Setting next_dagrun for example_branch_operator to 2025-03-03 00:00:00+00:00, run_after=2025-03-04 00:00:00+00:00
[2025-03-04T07:16:17.288+0000] {processor.py:208} INFO - Processing /home/airflow/.local/lib/python3.12/site-packages/airflow/example_dags/example_branch_operator.py took 0.107 seconds
[2025-03-04T07:16:47.748+0000] {processor.py:186} INFO - Started process (PID=3636) to work on /home/airflow/.local/lib/python3.12/site-packages/airflow/example_dags/example_branch_operator.py
[2025-03-04T07:16:47.748+0000] {processor.py:914} INFO - Processing file /home/airflow/.local/lib/python3.12/site-packages/airflow/example_dags/example_branch_operator.py for tasks to queue
[2025-03-04T07:16:47.749+0000] {logging_mixin.py:190} INFO - [2025-03-04T07:16:47.749+0000] {dagbag.py:588} INFO - Filling up the DagBag from /home/airflow/.local/lib/python3.12/site-packages/airflow/example_dags/example_branch_operator.py
[2025-03-04T07:16:47.763+0000] {processor.py:925} INFO - DAG(s) 'example_branch_operator' retrieved from /home/airflow/.local/lib/python3.12/site-packages/airflow/example_dags/example_branch_operator.py
[2025-03-04T07:16:47.787+0000] {logging_mixin.py:190} INFO - [2025-03-04T07:16:47.787+0000] {dag.py:3239} INFO - Sync 1 DAGs
[2025-03-04T07:16:47.805+0000] {logging_mixin.py:190} INFO - [2025-03-04T07:16:47.805+0000] {dag.py:4180} INFO - Setting next_dagrun for example_branch_operator to 2025-03-03 00:00:00+00:00, run_after=2025-03-04 00:00:00+00:00
[2025-03-04T07:16:47.828+0000] {processor.py:208} INFO - Processing /home/airflow/.local/lib/python3.12/site-packages/airflow/example_dags/example_branch_operator.py took 0.085 seconds
[2025-03-04T07:17:18.190+0000] {processor.py:186} INFO - Started process (PID=3710) to work on /home/airflow/.local/lib/python3.12/site-packages/airflow/example_dags/example_branch_operator.py
[2025-03-04T07:17:18.191+0000] {processor.py:914} INFO - Processing file /home/airflow/.local/lib/python3.12/site-packages/airflow/example_dags/example_branch_operator.py for tasks to queue
[2025-03-04T07:17:18.192+0000] {logging_mixin.py:190} INFO - [2025-03-04T07:17:18.192+0000] {dagbag.py:588} INFO - Filling up the DagBag from /home/airflow/.local/lib/python3.12/site-packages/airflow/example_dags/example_branch_operator.py
[2025-03-04T07:17:18.207+0000] {processor.py:925} INFO - DAG(s) 'example_branch_operator' retrieved from /home/airflow/.local/lib/python3.12/site-packages/airflow/example_dags/example_branch_operator.py
[2025-03-04T07:17:18.231+0000] {logging_mixin.py:190} INFO - [2025-03-04T07:17:18.231+0000] {dag.py:3239} INFO - Sync 1 DAGs
[2025-03-04T07:17:18.253+0000] {logging_mixin.py:190} INFO - [2025-03-04T07:17:18.252+0000] {dag.py:4180} INFO - Setting next_dagrun for example_branch_operator to 2025-03-03 00:00:00+00:00, run_after=2025-03-04 00:00:00+00:00
[2025-03-04T07:17:18.283+0000] {processor.py:208} INFO - Processing /home/airflow/.local/lib/python3.12/site-packages/airflow/example_dags/example_branch_operator.py took 0.098 seconds
[2025-03-04T07:17:49.010+0000] {processor.py:186} INFO - Started process (PID=3794) to work on /home/airflow/.local/lib/python3.12/site-packages/airflow/example_dags/example_branch_operator.py
[2025-03-04T07:17:49.012+0000] {processor.py:914} INFO - Processing file /home/airflow/.local/lib/python3.12/site-packages/airflow/example_dags/example_branch_operator.py for tasks to queue
[2025-03-04T07:17:49.013+0000] {logging_mixin.py:190} INFO - [2025-03-04T07:17:49.013+0000] {dagbag.py:588} INFO - Filling up the DagBag from /home/airflow/.local/lib/python3.12/site-packages/airflow/example_dags/example_branch_operator.py
[2025-03-04T07:17:49.026+0000] {processor.py:925} INFO - DAG(s) 'example_branch_operator' retrieved from /home/airflow/.local/lib/python3.12/site-packages/airflow/example_dags/example_branch_operator.py
[2025-03-04T07:17:49.049+0000] {logging_mixin.py:190} INFO - [2025-03-04T07:17:49.049+0000] {dag.py:3239} INFO - Sync 1 DAGs
[2025-03-04T07:17:49.068+0000] {logging_mixin.py:190} INFO - [2025-03-04T07:17:49.068+0000] {dag.py:4180} INFO - Setting next_dagrun for example_branch_operator to 2025-03-03 00:00:00+00:00, run_after=2025-03-04 00:00:00+00:00
[2025-03-04T07:17:49.085+0000] {processor.py:208} INFO - Processing /home/airflow/.local/lib/python3.12/site-packages/airflow/example_dags/example_branch_operator.py took 0.079 seconds
[2025-03-04T07:18:19.166+0000] {processor.py:186} INFO - Started process (PID=3868) to work on /home/airflow/.local/lib/python3.12/site-packages/airflow/example_dags/example_branch_operator.py
[2025-03-04T07:18:19.167+0000] {processor.py:914} INFO - Processing file /home/airflow/.local/lib/python3.12/site-packages/airflow/example_dags/example_branch_operator.py for tasks to queue
[2025-03-04T07:18:19.169+0000] {logging_mixin.py:190} INFO - [2025-03-04T07:18:19.169+0000] {dagbag.py:588} INFO - Filling up the DagBag from /home/airflow/.local/lib/python3.12/site-packages/airflow/example_dags/example_branch_operator.py
[2025-03-04T07:18:19.184+0000] {processor.py:925} INFO - DAG(s) 'example_branch_operator' retrieved from /home/airflow/.local/lib/python3.12/site-packages/airflow/example_dags/example_branch_operator.py
[2025-03-04T07:18:19.206+0000] {logging_mixin.py:190} INFO - [2025-03-04T07:18:19.206+0000] {dag.py:3239} INFO - Sync 1 DAGs
[2025-03-04T07:18:19.225+0000] {logging_mixin.py:190} INFO - [2025-03-04T07:18:19.225+0000] {dag.py:4180} INFO - Setting next_dagrun for example_branch_operator to 2025-03-03 00:00:00+00:00, run_after=2025-03-04 00:00:00+00:00
[2025-03-04T07:18:19.244+0000] {processor.py:208} INFO - Processing /home/airflow/.local/lib/python3.12/site-packages/airflow/example_dags/example_branch_operator.py took 0.083 seconds
