[2025-03-04T06:53:44.417+0000] {processor.py:186} INFO - Started process (PID=81) to work on /home/airflow/.local/lib/python3.12/site-packages/airflow/example_dags/example_xcom.py
[2025-03-04T06:53:44.418+0000] {processor.py:914} INFO - Processing file /home/airflow/.local/lib/python3.12/site-packages/airflow/example_dags/example_xcom.py for tasks to queue
[2025-03-04T06:53:44.421+0000] {logging_mixin.py:190} INFO - [2025-03-04T06:53:44.421+0000] {dagbag.py:588} INFO - Filling up the DagBag from /home/airflow/.local/lib/python3.12/site-packages/airflow/example_dags/example_xcom.py
[2025-03-04T06:53:44.439+0000] {processor.py:925} INFO - DAG(s) 'example_xcom' retrieved from /home/airflow/.local/lib/python3.12/site-packages/airflow/example_dags/example_xcom.py
[2025-03-04T06:53:44.630+0000] {logging_mixin.py:190} INFO - [2025-03-04T06:53:44.629+0000] {override.py:1912} INFO - Created Permission View: can read on DAG:example_xcom
[2025-03-04T06:53:44.647+0000] {logging_mixin.py:190} INFO - [2025-03-04T06:53:44.646+0000] {override.py:1912} INFO - Created Permission View: can edit on DAG:example_xcom
[2025-03-04T06:53:44.659+0000] {logging_mixin.py:190} INFO - [2025-03-04T06:53:44.659+0000] {override.py:1912} INFO - Created Permission View: can delete on DAG:example_xcom
[2025-03-04T06:53:44.671+0000] {logging_mixin.py:190} INFO - [2025-03-04T06:53:44.670+0000] {override.py:1912} INFO - Created Permission View: menu access on DAG Run:example_xcom
[2025-03-04T06:53:44.689+0000] {logging_mixin.py:190} INFO - [2025-03-04T06:53:44.689+0000] {override.py:1912} INFO - Created Permission View: can read on DAG Run:example_xcom
[2025-03-04T06:53:44.700+0000] {logging_mixin.py:190} INFO - [2025-03-04T06:53:44.699+0000] {override.py:1912} INFO - Created Permission View: can delete on DAG Run:example_xcom
[2025-03-04T06:53:44.708+0000] {logging_mixin.py:190} INFO - [2025-03-04T06:53:44.708+0000] {override.py:1912} INFO - Created Permission View: can create on DAG Run:example_xcom
[2025-03-04T06:53:44.709+0000] {logging_mixin.py:190} INFO - [2025-03-04T06:53:44.709+0000] {dag.py:3239} INFO - Sync 1 DAGs
[2025-03-04T06:53:44.726+0000] {logging_mixin.py:190} INFO - [2025-03-04T06:53:44.726+0000] {dag.py:3262} INFO - Creating ORM DAG for example_xcom
[2025-03-04T06:53:44.742+0000] {logging_mixin.py:190} INFO - [2025-03-04T06:53:44.741+0000] {dag.py:4180} INFO - Setting next_dagrun for example_xcom to 2021-01-01 00:00:00+00:00, run_after=2021-01-01 00:00:00+00:00
[2025-03-04T06:53:44.774+0000] {processor.py:208} INFO - Processing /home/airflow/.local/lib/python3.12/site-packages/airflow/example_dags/example_xcom.py took 0.366 seconds
[2025-03-04T06:54:15.033+0000] {processor.py:186} INFO - Started process (PID=156) to work on /home/airflow/.local/lib/python3.12/site-packages/airflow/example_dags/example_xcom.py
[2025-03-04T06:54:15.034+0000] {processor.py:914} INFO - Processing file /home/airflow/.local/lib/python3.12/site-packages/airflow/example_dags/example_xcom.py for tasks to queue
[2025-03-04T06:54:15.037+0000] {logging_mixin.py:190} INFO - [2025-03-04T06:54:15.037+0000] {dagbag.py:588} INFO - Filling up the DagBag from /home/airflow/.local/lib/python3.12/site-packages/airflow/example_dags/example_xcom.py
[2025-03-04T06:54:15.049+0000] {processor.py:925} INFO - DAG(s) 'example_xcom' retrieved from /home/airflow/.local/lib/python3.12/site-packages/airflow/example_dags/example_xcom.py
[2025-03-04T06:54:15.068+0000] {logging_mixin.py:190} INFO - [2025-03-04T06:54:15.068+0000] {dag.py:3239} INFO - Sync 1 DAGs
[2025-03-04T06:54:15.091+0000] {logging_mixin.py:190} INFO - [2025-03-04T06:54:15.090+0000] {dag.py:4180} INFO - Setting next_dagrun for example_xcom to 2021-01-01 00:00:00+00:00, run_after=2021-01-01 00:00:00+00:00
[2025-03-04T06:54:15.108+0000] {processor.py:208} INFO - Processing /home/airflow/.local/lib/python3.12/site-packages/airflow/example_dags/example_xcom.py took 0.082 seconds
[2025-03-04T06:54:45.255+0000] {processor.py:186} INFO - Started process (PID=238) to work on /home/airflow/.local/lib/python3.12/site-packages/airflow/example_dags/example_xcom.py
[2025-03-04T06:54:45.256+0000] {processor.py:914} INFO - Processing file /home/airflow/.local/lib/python3.12/site-packages/airflow/example_dags/example_xcom.py for tasks to queue
[2025-03-04T06:54:45.258+0000] {logging_mixin.py:190} INFO - [2025-03-04T06:54:45.258+0000] {dagbag.py:588} INFO - Filling up the DagBag from /home/airflow/.local/lib/python3.12/site-packages/airflow/example_dags/example_xcom.py
[2025-03-04T06:54:45.266+0000] {processor.py:925} INFO - DAG(s) 'example_xcom' retrieved from /home/airflow/.local/lib/python3.12/site-packages/airflow/example_dags/example_xcom.py
[2025-03-04T06:54:45.283+0000] {logging_mixin.py:190} INFO - [2025-03-04T06:54:45.283+0000] {dag.py:3239} INFO - Sync 1 DAGs
[2025-03-04T06:54:45.302+0000] {logging_mixin.py:190} INFO - [2025-03-04T06:54:45.302+0000] {dag.py:4180} INFO - Setting next_dagrun for example_xcom to 2021-01-01 00:00:00+00:00, run_after=2021-01-01 00:00:00+00:00
[2025-03-04T06:54:45.317+0000] {processor.py:208} INFO - Processing /home/airflow/.local/lib/python3.12/site-packages/airflow/example_dags/example_xcom.py took 0.068 seconds
[2025-03-04T06:55:15.691+0000] {processor.py:186} INFO - Started process (PID=312) to work on /home/airflow/.local/lib/python3.12/site-packages/airflow/example_dags/example_xcom.py
[2025-03-04T06:55:15.693+0000] {processor.py:914} INFO - Processing file /home/airflow/.local/lib/python3.12/site-packages/airflow/example_dags/example_xcom.py for tasks to queue
[2025-03-04T06:55:15.698+0000] {logging_mixin.py:190} INFO - [2025-03-04T06:55:15.697+0000] {dagbag.py:588} INFO - Filling up the DagBag from /home/airflow/.local/lib/python3.12/site-packages/airflow/example_dags/example_xcom.py
[2025-03-04T06:55:15.707+0000] {processor.py:925} INFO - DAG(s) 'example_xcom' retrieved from /home/airflow/.local/lib/python3.12/site-packages/airflow/example_dags/example_xcom.py
[2025-03-04T06:55:15.723+0000] {logging_mixin.py:190} INFO - [2025-03-04T06:55:15.722+0000] {dag.py:3239} INFO - Sync 1 DAGs
[2025-03-04T06:55:15.740+0000] {logging_mixin.py:190} INFO - [2025-03-04T06:55:15.740+0000] {dag.py:4180} INFO - Setting next_dagrun for example_xcom to 2021-01-01 00:00:00+00:00, run_after=2021-01-01 00:00:00+00:00
[2025-03-04T06:55:15.754+0000] {processor.py:208} INFO - Processing /home/airflow/.local/lib/python3.12/site-packages/airflow/example_dags/example_xcom.py took 0.069 seconds
[2025-03-04T06:55:45.936+0000] {processor.py:186} INFO - Started process (PID=395) to work on /home/airflow/.local/lib/python3.12/site-packages/airflow/example_dags/example_xcom.py
[2025-03-04T06:55:45.943+0000] {processor.py:914} INFO - Processing file /home/airflow/.local/lib/python3.12/site-packages/airflow/example_dags/example_xcom.py for tasks to queue
[2025-03-04T06:55:45.951+0000] {logging_mixin.py:190} INFO - [2025-03-04T06:55:45.951+0000] {dagbag.py:588} INFO - Filling up the DagBag from /home/airflow/.local/lib/python3.12/site-packages/airflow/example_dags/example_xcom.py
[2025-03-04T06:55:45.962+0000] {processor.py:925} INFO - DAG(s) 'example_xcom' retrieved from /home/airflow/.local/lib/python3.12/site-packages/airflow/example_dags/example_xcom.py
[2025-03-04T06:55:45.982+0000] {logging_mixin.py:190} INFO - [2025-03-04T06:55:45.982+0000] {dag.py:3239} INFO - Sync 1 DAGs
[2025-03-04T06:55:45.999+0000] {logging_mixin.py:190} INFO - [2025-03-04T06:55:45.999+0000] {dag.py:4180} INFO - Setting next_dagrun for example_xcom to 2021-01-01 00:00:00+00:00, run_after=2021-01-01 00:00:00+00:00
[2025-03-04T06:55:46.014+0000] {processor.py:208} INFO - Processing /home/airflow/.local/lib/python3.12/site-packages/airflow/example_dags/example_xcom.py took 0.084 seconds
[2025-03-04T06:56:16.668+0000] {processor.py:186} INFO - Started process (PID=470) to work on /home/airflow/.local/lib/python3.12/site-packages/airflow/example_dags/example_xcom.py
[2025-03-04T06:56:16.670+0000] {processor.py:914} INFO - Processing file /home/airflow/.local/lib/python3.12/site-packages/airflow/example_dags/example_xcom.py for tasks to queue
[2025-03-04T06:56:16.672+0000] {logging_mixin.py:190} INFO - [2025-03-04T06:56:16.672+0000] {dagbag.py:588} INFO - Filling up the DagBag from /home/airflow/.local/lib/python3.12/site-packages/airflow/example_dags/example_xcom.py
[2025-03-04T06:56:16.680+0000] {processor.py:925} INFO - DAG(s) 'example_xcom' retrieved from /home/airflow/.local/lib/python3.12/site-packages/airflow/example_dags/example_xcom.py
[2025-03-04T06:56:16.699+0000] {logging_mixin.py:190} INFO - [2025-03-04T06:56:16.699+0000] {dag.py:3239} INFO - Sync 1 DAGs
[2025-03-04T06:56:16.718+0000] {logging_mixin.py:190} INFO - [2025-03-04T06:56:16.718+0000] {dag.py:4180} INFO - Setting next_dagrun for example_xcom to 2021-01-01 00:00:00+00:00, run_after=2021-01-01 00:00:00+00:00
[2025-03-04T06:56:16.735+0000] {processor.py:208} INFO - Processing /home/airflow/.local/lib/python3.12/site-packages/airflow/example_dags/example_xcom.py took 0.072 seconds
[2025-03-04T06:56:47.579+0000] {processor.py:186} INFO - Started process (PID=552) to work on /home/airflow/.local/lib/python3.12/site-packages/airflow/example_dags/example_xcom.py
[2025-03-04T06:56:47.581+0000] {processor.py:914} INFO - Processing file /home/airflow/.local/lib/python3.12/site-packages/airflow/example_dags/example_xcom.py for tasks to queue
[2025-03-04T06:56:47.584+0000] {logging_mixin.py:190} INFO - [2025-03-04T06:56:47.583+0000] {dagbag.py:588} INFO - Filling up the DagBag from /home/airflow/.local/lib/python3.12/site-packages/airflow/example_dags/example_xcom.py
[2025-03-04T06:56:47.593+0000] {processor.py:925} INFO - DAG(s) 'example_xcom' retrieved from /home/airflow/.local/lib/python3.12/site-packages/airflow/example_dags/example_xcom.py
[2025-03-04T06:56:47.615+0000] {logging_mixin.py:190} INFO - [2025-03-04T06:56:47.615+0000] {dag.py:3239} INFO - Sync 1 DAGs
[2025-03-04T06:56:47.640+0000] {logging_mixin.py:190} INFO - [2025-03-04T06:56:47.639+0000] {dag.py:4180} INFO - Setting next_dagrun for example_xcom to 2021-01-01 00:00:00+00:00, run_after=2021-01-01 00:00:00+00:00
[2025-03-04T06:56:47.658+0000] {processor.py:208} INFO - Processing /home/airflow/.local/lib/python3.12/site-packages/airflow/example_dags/example_xcom.py took 0.086 seconds
[2025-03-04T06:57:18.203+0000] {processor.py:186} INFO - Started process (PID=628) to work on /home/airflow/.local/lib/python3.12/site-packages/airflow/example_dags/example_xcom.py
[2025-03-04T06:57:18.205+0000] {processor.py:914} INFO - Processing file /home/airflow/.local/lib/python3.12/site-packages/airflow/example_dags/example_xcom.py for tasks to queue
[2025-03-04T06:57:18.208+0000] {logging_mixin.py:190} INFO - [2025-03-04T06:57:18.207+0000] {dagbag.py:588} INFO - Filling up the DagBag from /home/airflow/.local/lib/python3.12/site-packages/airflow/example_dags/example_xcom.py
[2025-03-04T06:57:18.216+0000] {processor.py:925} INFO - DAG(s) 'example_xcom' retrieved from /home/airflow/.local/lib/python3.12/site-packages/airflow/example_dags/example_xcom.py
[2025-03-04T06:57:18.236+0000] {logging_mixin.py:190} INFO - [2025-03-04T06:57:18.236+0000] {dag.py:3239} INFO - Sync 1 DAGs
[2025-03-04T06:57:18.254+0000] {logging_mixin.py:190} INFO - [2025-03-04T06:57:18.254+0000] {dag.py:4180} INFO - Setting next_dagrun for example_xcom to 2021-01-01 00:00:00+00:00, run_after=2021-01-01 00:00:00+00:00
[2025-03-04T06:57:18.269+0000] {processor.py:208} INFO - Processing /home/airflow/.local/lib/python3.12/site-packages/airflow/example_dags/example_xcom.py took 0.071 seconds
[2025-03-04T06:57:49.095+0000] {processor.py:186} INFO - Started process (PID=703) to work on /home/airflow/.local/lib/python3.12/site-packages/airflow/example_dags/example_xcom.py
[2025-03-04T06:57:49.097+0000] {processor.py:914} INFO - Processing file /home/airflow/.local/lib/python3.12/site-packages/airflow/example_dags/example_xcom.py for tasks to queue
[2025-03-04T06:57:49.099+0000] {logging_mixin.py:190} INFO - [2025-03-04T06:57:49.099+0000] {dagbag.py:588} INFO - Filling up the DagBag from /home/airflow/.local/lib/python3.12/site-packages/airflow/example_dags/example_xcom.py
[2025-03-04T06:57:49.108+0000] {processor.py:925} INFO - DAG(s) 'example_xcom' retrieved from /home/airflow/.local/lib/python3.12/site-packages/airflow/example_dags/example_xcom.py
[2025-03-04T06:57:49.130+0000] {logging_mixin.py:190} INFO - [2025-03-04T06:57:49.129+0000] {dag.py:3239} INFO - Sync 1 DAGs
[2025-03-04T06:57:49.151+0000] {logging_mixin.py:190} INFO - [2025-03-04T06:57:49.151+0000] {dag.py:4180} INFO - Setting next_dagrun for example_xcom to 2021-01-01 00:00:00+00:00, run_after=2021-01-01 00:00:00+00:00
[2025-03-04T06:57:49.168+0000] {processor.py:208} INFO - Processing /home/airflow/.local/lib/python3.12/site-packages/airflow/example_dags/example_xcom.py took 0.079 seconds
[2025-03-04T06:58:19.740+0000] {processor.py:186} INFO - Started process (PID=786) to work on /home/airflow/.local/lib/python3.12/site-packages/airflow/example_dags/example_xcom.py
[2025-03-04T06:58:19.742+0000] {processor.py:914} INFO - Processing file /home/airflow/.local/lib/python3.12/site-packages/airflow/example_dags/example_xcom.py for tasks to queue
[2025-03-04T06:58:19.745+0000] {logging_mixin.py:190} INFO - [2025-03-04T06:58:19.744+0000] {dagbag.py:588} INFO - Filling up the DagBag from /home/airflow/.local/lib/python3.12/site-packages/airflow/example_dags/example_xcom.py
[2025-03-04T06:58:19.754+0000] {processor.py:925} INFO - DAG(s) 'example_xcom' retrieved from /home/airflow/.local/lib/python3.12/site-packages/airflow/example_dags/example_xcom.py
[2025-03-04T06:58:19.776+0000] {logging_mixin.py:190} INFO - [2025-03-04T06:58:19.776+0000] {dag.py:3239} INFO - Sync 1 DAGs
[2025-03-04T06:58:19.798+0000] {logging_mixin.py:190} INFO - [2025-03-04T06:58:19.798+0000] {dag.py:4180} INFO - Setting next_dagrun for example_xcom to 2021-01-01 00:00:00+00:00, run_after=2021-01-01 00:00:00+00:00
[2025-03-04T06:58:19.819+0000] {processor.py:208} INFO - Processing /home/airflow/.local/lib/python3.12/site-packages/airflow/example_dags/example_xcom.py took 0.085 seconds
[2025-03-04T06:58:50.222+0000] {processor.py:186} INFO - Started process (PID=863) to work on /home/airflow/.local/lib/python3.12/site-packages/airflow/example_dags/example_xcom.py
[2025-03-04T06:58:50.223+0000] {processor.py:914} INFO - Processing file /home/airflow/.local/lib/python3.12/site-packages/airflow/example_dags/example_xcom.py for tasks to queue
[2025-03-04T06:58:50.226+0000] {logging_mixin.py:190} INFO - [2025-03-04T06:58:50.225+0000] {dagbag.py:588} INFO - Filling up the DagBag from /home/airflow/.local/lib/python3.12/site-packages/airflow/example_dags/example_xcom.py
[2025-03-04T06:58:50.234+0000] {processor.py:925} INFO - DAG(s) 'example_xcom' retrieved from /home/airflow/.local/lib/python3.12/site-packages/airflow/example_dags/example_xcom.py
[2025-03-04T06:58:50.252+0000] {logging_mixin.py:190} INFO - [2025-03-04T06:58:50.252+0000] {dag.py:3239} INFO - Sync 1 DAGs
[2025-03-04T06:58:50.278+0000] {logging_mixin.py:190} INFO - [2025-03-04T06:58:50.278+0000] {dag.py:4180} INFO - Setting next_dagrun for example_xcom to 2021-01-01 00:00:00+00:00, run_after=2021-01-01 00:00:00+00:00
[2025-03-04T06:58:50.294+0000] {processor.py:208} INFO - Processing /home/airflow/.local/lib/python3.12/site-packages/airflow/example_dags/example_xcom.py took 0.078 seconds
[2025-03-04T06:59:20.385+0000] {processor.py:186} INFO - Started process (PID=946) to work on /home/airflow/.local/lib/python3.12/site-packages/airflow/example_dags/example_xcom.py
[2025-03-04T06:59:20.386+0000] {processor.py:914} INFO - Processing file /home/airflow/.local/lib/python3.12/site-packages/airflow/example_dags/example_xcom.py for tasks to queue
[2025-03-04T06:59:20.390+0000] {logging_mixin.py:190} INFO - [2025-03-04T06:59:20.389+0000] {dagbag.py:588} INFO - Filling up the DagBag from /home/airflow/.local/lib/python3.12/site-packages/airflow/example_dags/example_xcom.py
[2025-03-04T06:59:20.400+0000] {processor.py:925} INFO - DAG(s) 'example_xcom' retrieved from /home/airflow/.local/lib/python3.12/site-packages/airflow/example_dags/example_xcom.py
[2025-03-04T06:59:20.422+0000] {logging_mixin.py:190} INFO - [2025-03-04T06:59:20.422+0000] {dag.py:3239} INFO - Sync 1 DAGs
[2025-03-04T06:59:20.445+0000] {logging_mixin.py:190} INFO - [2025-03-04T06:59:20.445+0000] {dag.py:4180} INFO - Setting next_dagrun for example_xcom to 2021-01-01 00:00:00+00:00, run_after=2021-01-01 00:00:00+00:00
[2025-03-04T06:59:20.467+0000] {processor.py:208} INFO - Processing /home/airflow/.local/lib/python3.12/site-packages/airflow/example_dags/example_xcom.py took 0.089 seconds
[2025-03-04T06:59:51.269+0000] {processor.py:186} INFO - Started process (PID=1022) to work on /home/airflow/.local/lib/python3.12/site-packages/airflow/example_dags/example_xcom.py
[2025-03-04T06:59:51.270+0000] {processor.py:914} INFO - Processing file /home/airflow/.local/lib/python3.12/site-packages/airflow/example_dags/example_xcom.py for tasks to queue
[2025-03-04T06:59:51.274+0000] {logging_mixin.py:190} INFO - [2025-03-04T06:59:51.273+0000] {dagbag.py:588} INFO - Filling up the DagBag from /home/airflow/.local/lib/python3.12/site-packages/airflow/example_dags/example_xcom.py
[2025-03-04T06:59:51.284+0000] {processor.py:925} INFO - DAG(s) 'example_xcom' retrieved from /home/airflow/.local/lib/python3.12/site-packages/airflow/example_dags/example_xcom.py
[2025-03-04T06:59:51.309+0000] {logging_mixin.py:190} INFO - [2025-03-04T06:59:51.309+0000] {dag.py:3239} INFO - Sync 1 DAGs
[2025-03-04T06:59:51.331+0000] {logging_mixin.py:190} INFO - [2025-03-04T06:59:51.331+0000] {dag.py:4180} INFO - Setting next_dagrun for example_xcom to 2021-01-01 00:00:00+00:00, run_after=2021-01-01 00:00:00+00:00
[2025-03-04T06:59:51.349+0000] {processor.py:208} INFO - Processing /home/airflow/.local/lib/python3.12/site-packages/airflow/example_dags/example_xcom.py took 0.085 seconds
[2025-03-04T07:00:22.058+0000] {processor.py:186} INFO - Started process (PID=1098) to work on /home/airflow/.local/lib/python3.12/site-packages/airflow/example_dags/example_xcom.py
[2025-03-04T07:00:22.060+0000] {processor.py:914} INFO - Processing file /home/airflow/.local/lib/python3.12/site-packages/airflow/example_dags/example_xcom.py for tasks to queue
[2025-03-04T07:00:22.064+0000] {logging_mixin.py:190} INFO - [2025-03-04T07:00:22.063+0000] {dagbag.py:588} INFO - Filling up the DagBag from /home/airflow/.local/lib/python3.12/site-packages/airflow/example_dags/example_xcom.py
[2025-03-04T07:00:22.076+0000] {processor.py:925} INFO - DAG(s) 'example_xcom' retrieved from /home/airflow/.local/lib/python3.12/site-packages/airflow/example_dags/example_xcom.py
[2025-03-04T07:00:22.105+0000] {logging_mixin.py:190} INFO - [2025-03-04T07:00:22.105+0000] {dag.py:3239} INFO - Sync 1 DAGs
[2025-03-04T07:00:22.133+0000] {logging_mixin.py:190} INFO - [2025-03-04T07:00:22.132+0000] {dag.py:4180} INFO - Setting next_dagrun for example_xcom to 2021-01-01 00:00:00+00:00, run_after=2021-01-01 00:00:00+00:00
[2025-03-04T07:00:22.156+0000] {processor.py:208} INFO - Processing /home/airflow/.local/lib/python3.12/site-packages/airflow/example_dags/example_xcom.py took 0.106 seconds
[2025-03-04T07:00:52.407+0000] {processor.py:186} INFO - Started process (PID=1185) to work on /home/airflow/.local/lib/python3.12/site-packages/airflow/example_dags/example_xcom.py
[2025-03-04T07:00:52.407+0000] {processor.py:914} INFO - Processing file /home/airflow/.local/lib/python3.12/site-packages/airflow/example_dags/example_xcom.py for tasks to queue
[2025-03-04T07:00:52.408+0000] {logging_mixin.py:190} INFO - [2025-03-04T07:00:52.408+0000] {dagbag.py:588} INFO - Filling up the DagBag from /home/airflow/.local/lib/python3.12/site-packages/airflow/example_dags/example_xcom.py
[2025-03-04T07:00:52.415+0000] {processor.py:925} INFO - DAG(s) 'example_xcom' retrieved from /home/airflow/.local/lib/python3.12/site-packages/airflow/example_dags/example_xcom.py
[2025-03-04T07:00:52.430+0000] {logging_mixin.py:190} INFO - [2025-03-04T07:00:52.430+0000] {dag.py:3239} INFO - Sync 1 DAGs
[2025-03-04T07:00:52.447+0000] {logging_mixin.py:190} INFO - [2025-03-04T07:00:52.447+0000] {dag.py:4180} INFO - Setting next_dagrun for example_xcom to 2021-01-01 00:00:00+00:00, run_after=2021-01-01 00:00:00+00:00
[2025-03-04T07:00:52.462+0000] {processor.py:208} INFO - Processing /home/airflow/.local/lib/python3.12/site-packages/airflow/example_dags/example_xcom.py took 0.059 seconds
[2025-03-04T07:01:23.024+0000] {processor.py:186} INFO - Started process (PID=1262) to work on /home/airflow/.local/lib/python3.12/site-packages/airflow/example_dags/example_xcom.py
[2025-03-04T07:01:23.025+0000] {processor.py:914} INFO - Processing file /home/airflow/.local/lib/python3.12/site-packages/airflow/example_dags/example_xcom.py for tasks to queue
[2025-03-04T07:01:23.027+0000] {logging_mixin.py:190} INFO - [2025-03-04T07:01:23.026+0000] {dagbag.py:588} INFO - Filling up the DagBag from /home/airflow/.local/lib/python3.12/site-packages/airflow/example_dags/example_xcom.py
[2025-03-04T07:01:23.036+0000] {processor.py:925} INFO - DAG(s) 'example_xcom' retrieved from /home/airflow/.local/lib/python3.12/site-packages/airflow/example_dags/example_xcom.py
[2025-03-04T07:01:23.056+0000] {logging_mixin.py:190} INFO - [2025-03-04T07:01:23.056+0000] {dag.py:3239} INFO - Sync 1 DAGs
[2025-03-04T07:01:23.077+0000] {logging_mixin.py:190} INFO - [2025-03-04T07:01:23.076+0000] {dag.py:4180} INFO - Setting next_dagrun for example_xcom to 2021-01-01 00:00:00+00:00, run_after=2021-01-01 00:00:00+00:00
[2025-03-04T07:01:23.094+0000] {processor.py:208} INFO - Processing /home/airflow/.local/lib/python3.12/site-packages/airflow/example_dags/example_xcom.py took 0.074 seconds
[2025-03-04T07:01:53.512+0000] {processor.py:186} INFO - Started process (PID=1345) to work on /home/airflow/.local/lib/python3.12/site-packages/airflow/example_dags/example_xcom.py
[2025-03-04T07:01:53.514+0000] {processor.py:914} INFO - Processing file /home/airflow/.local/lib/python3.12/site-packages/airflow/example_dags/example_xcom.py for tasks to queue
[2025-03-04T07:01:53.517+0000] {logging_mixin.py:190} INFO - [2025-03-04T07:01:53.516+0000] {dagbag.py:588} INFO - Filling up the DagBag from /home/airflow/.local/lib/python3.12/site-packages/airflow/example_dags/example_xcom.py
[2025-03-04T07:01:53.529+0000] {processor.py:925} INFO - DAG(s) 'example_xcom' retrieved from /home/airflow/.local/lib/python3.12/site-packages/airflow/example_dags/example_xcom.py
[2025-03-04T07:01:53.558+0000] {logging_mixin.py:190} INFO - [2025-03-04T07:01:53.558+0000] {dag.py:3239} INFO - Sync 1 DAGs
[2025-03-04T07:01:53.586+0000] {logging_mixin.py:190} INFO - [2025-03-04T07:01:53.585+0000] {dag.py:4180} INFO - Setting next_dagrun for example_xcom to 2021-01-01 00:00:00+00:00, run_after=2021-01-01 00:00:00+00:00
[2025-03-04T07:01:53.613+0000] {processor.py:208} INFO - Processing /home/airflow/.local/lib/python3.12/site-packages/airflow/example_dags/example_xcom.py took 0.107 seconds
[2025-03-04T07:02:24.209+0000] {processor.py:186} INFO - Started process (PID=1421) to work on /home/airflow/.local/lib/python3.12/site-packages/airflow/example_dags/example_xcom.py
[2025-03-04T07:02:24.211+0000] {processor.py:914} INFO - Processing file /home/airflow/.local/lib/python3.12/site-packages/airflow/example_dags/example_xcom.py for tasks to queue
[2025-03-04T07:02:24.212+0000] {logging_mixin.py:190} INFO - [2025-03-04T07:02:24.212+0000] {dagbag.py:588} INFO - Filling up the DagBag from /home/airflow/.local/lib/python3.12/site-packages/airflow/example_dags/example_xcom.py
[2025-03-04T07:02:24.223+0000] {processor.py:925} INFO - DAG(s) 'example_xcom' retrieved from /home/airflow/.local/lib/python3.12/site-packages/airflow/example_dags/example_xcom.py
[2025-03-04T07:02:24.243+0000] {logging_mixin.py:190} INFO - [2025-03-04T07:02:24.243+0000] {dag.py:3239} INFO - Sync 1 DAGs
[2025-03-04T07:02:24.265+0000] {logging_mixin.py:190} INFO - [2025-03-04T07:02:24.264+0000] {dag.py:4180} INFO - Setting next_dagrun for example_xcom to 2021-01-01 00:00:00+00:00, run_after=2021-01-01 00:00:00+00:00
[2025-03-04T07:02:24.288+0000] {processor.py:208} INFO - Processing /home/airflow/.local/lib/python3.12/site-packages/airflow/example_dags/example_xcom.py took 0.084 seconds
[2025-03-04T07:02:54.694+0000] {processor.py:186} INFO - Started process (PID=1508) to work on /home/airflow/.local/lib/python3.12/site-packages/airflow/example_dags/example_xcom.py
[2025-03-04T07:02:54.696+0000] {processor.py:914} INFO - Processing file /home/airflow/.local/lib/python3.12/site-packages/airflow/example_dags/example_xcom.py for tasks to queue
[2025-03-04T07:02:54.698+0000] {logging_mixin.py:190} INFO - [2025-03-04T07:02:54.698+0000] {dagbag.py:588} INFO - Filling up the DagBag from /home/airflow/.local/lib/python3.12/site-packages/airflow/example_dags/example_xcom.py
[2025-03-04T07:02:54.708+0000] {processor.py:925} INFO - DAG(s) 'example_xcom' retrieved from /home/airflow/.local/lib/python3.12/site-packages/airflow/example_dags/example_xcom.py
[2025-03-04T07:02:54.728+0000] {logging_mixin.py:190} INFO - [2025-03-04T07:02:54.728+0000] {dag.py:3239} INFO - Sync 1 DAGs
[2025-03-04T07:02:54.746+0000] {logging_mixin.py:190} INFO - [2025-03-04T07:02:54.746+0000] {dag.py:4180} INFO - Setting next_dagrun for example_xcom to 2021-01-01 00:00:00+00:00, run_after=2021-01-01 00:00:00+00:00
[2025-03-04T07:02:54.763+0000] {processor.py:208} INFO - Processing /home/airflow/.local/lib/python3.12/site-packages/airflow/example_dags/example_xcom.py took 0.076 seconds
[2025-03-04T07:03:24.867+0000] {processor.py:186} INFO - Started process (PID=1584) to work on /home/airflow/.local/lib/python3.12/site-packages/airflow/example_dags/example_xcom.py
[2025-03-04T07:03:24.868+0000] {processor.py:914} INFO - Processing file /home/airflow/.local/lib/python3.12/site-packages/airflow/example_dags/example_xcom.py for tasks to queue
[2025-03-04T07:03:24.869+0000] {logging_mixin.py:190} INFO - [2025-03-04T07:03:24.869+0000] {dagbag.py:588} INFO - Filling up the DagBag from /home/airflow/.local/lib/python3.12/site-packages/airflow/example_dags/example_xcom.py
[2025-03-04T07:03:24.876+0000] {processor.py:925} INFO - DAG(s) 'example_xcom' retrieved from /home/airflow/.local/lib/python3.12/site-packages/airflow/example_dags/example_xcom.py
[2025-03-04T07:03:24.892+0000] {logging_mixin.py:190} INFO - [2025-03-04T07:03:24.892+0000] {dag.py:3239} INFO - Sync 1 DAGs
[2025-03-04T07:03:24.910+0000] {logging_mixin.py:190} INFO - [2025-03-04T07:03:24.910+0000] {dag.py:4180} INFO - Setting next_dagrun for example_xcom to 2021-01-01 00:00:00+00:00, run_after=2021-01-01 00:00:00+00:00
[2025-03-04T07:03:24.933+0000] {processor.py:208} INFO - Processing /home/airflow/.local/lib/python3.12/site-packages/airflow/example_dags/example_xcom.py took 0.071 seconds
[2025-03-04T07:03:55.134+0000] {processor.py:186} INFO - Started process (PID=1659) to work on /home/airflow/.local/lib/python3.12/site-packages/airflow/example_dags/example_xcom.py
[2025-03-04T07:03:55.135+0000] {processor.py:914} INFO - Processing file /home/airflow/.local/lib/python3.12/site-packages/airflow/example_dags/example_xcom.py for tasks to queue
[2025-03-04T07:03:55.136+0000] {logging_mixin.py:190} INFO - [2025-03-04T07:03:55.136+0000] {dagbag.py:588} INFO - Filling up the DagBag from /home/airflow/.local/lib/python3.12/site-packages/airflow/example_dags/example_xcom.py
[2025-03-04T07:03:55.144+0000] {processor.py:925} INFO - DAG(s) 'example_xcom' retrieved from /home/airflow/.local/lib/python3.12/site-packages/airflow/example_dags/example_xcom.py
[2025-03-04T07:03:55.161+0000] {logging_mixin.py:190} INFO - [2025-03-04T07:03:55.161+0000] {dag.py:3239} INFO - Sync 1 DAGs
[2025-03-04T07:03:55.178+0000] {logging_mixin.py:190} INFO - [2025-03-04T07:03:55.178+0000] {dag.py:4180} INFO - Setting next_dagrun for example_xcom to 2021-01-01 00:00:00+00:00, run_after=2021-01-01 00:00:00+00:00
[2025-03-04T07:03:55.193+0000] {processor.py:208} INFO - Processing /home/airflow/.local/lib/python3.12/site-packages/airflow/example_dags/example_xcom.py took 0.065 seconds
[2025-03-04T07:04:25.355+0000] {processor.py:186} INFO - Started process (PID=1742) to work on /home/airflow/.local/lib/python3.12/site-packages/airflow/example_dags/example_xcom.py
[2025-03-04T07:04:25.356+0000] {processor.py:914} INFO - Processing file /home/airflow/.local/lib/python3.12/site-packages/airflow/example_dags/example_xcom.py for tasks to queue
[2025-03-04T07:04:25.357+0000] {logging_mixin.py:190} INFO - [2025-03-04T07:04:25.357+0000] {dagbag.py:588} INFO - Filling up the DagBag from /home/airflow/.local/lib/python3.12/site-packages/airflow/example_dags/example_xcom.py
[2025-03-04T07:04:25.364+0000] {processor.py:925} INFO - DAG(s) 'example_xcom' retrieved from /home/airflow/.local/lib/python3.12/site-packages/airflow/example_dags/example_xcom.py
[2025-03-04T07:04:25.378+0000] {logging_mixin.py:190} INFO - [2025-03-04T07:04:25.378+0000] {dag.py:3239} INFO - Sync 1 DAGs
[2025-03-04T07:04:25.395+0000] {logging_mixin.py:190} INFO - [2025-03-04T07:04:25.395+0000] {dag.py:4180} INFO - Setting next_dagrun for example_xcom to 2021-01-01 00:00:00+00:00, run_after=2021-01-01 00:00:00+00:00
[2025-03-04T07:04:25.411+0000] {processor.py:208} INFO - Processing /home/airflow/.local/lib/python3.12/site-packages/airflow/example_dags/example_xcom.py took 0.060 seconds
[2025-03-04T07:04:55.465+0000] {processor.py:186} INFO - Started process (PID=1815) to work on /home/airflow/.local/lib/python3.12/site-packages/airflow/example_dags/example_xcom.py
[2025-03-04T07:04:55.466+0000] {processor.py:914} INFO - Processing file /home/airflow/.local/lib/python3.12/site-packages/airflow/example_dags/example_xcom.py for tasks to queue
[2025-03-04T07:04:55.468+0000] {logging_mixin.py:190} INFO - [2025-03-04T07:04:55.468+0000] {dagbag.py:588} INFO - Filling up the DagBag from /home/airflow/.local/lib/python3.12/site-packages/airflow/example_dags/example_xcom.py
[2025-03-04T07:04:55.477+0000] {processor.py:925} INFO - DAG(s) 'example_xcom' retrieved from /home/airflow/.local/lib/python3.12/site-packages/airflow/example_dags/example_xcom.py
[2025-03-04T07:04:55.496+0000] {logging_mixin.py:190} INFO - [2025-03-04T07:04:55.496+0000] {dag.py:3239} INFO - Sync 1 DAGs
[2025-03-04T07:04:55.518+0000] {logging_mixin.py:190} INFO - [2025-03-04T07:04:55.518+0000] {dag.py:4180} INFO - Setting next_dagrun for example_xcom to 2021-01-01 00:00:00+00:00, run_after=2021-01-01 00:00:00+00:00
[2025-03-04T07:04:55.543+0000] {processor.py:208} INFO - Processing /home/airflow/.local/lib/python3.12/site-packages/airflow/example_dags/example_xcom.py took 0.083 seconds
[2025-03-04T07:05:25.933+0000] {processor.py:186} INFO - Started process (PID=1898) to work on /home/airflow/.local/lib/python3.12/site-packages/airflow/example_dags/example_xcom.py
[2025-03-04T07:05:25.935+0000] {processor.py:914} INFO - Processing file /home/airflow/.local/lib/python3.12/site-packages/airflow/example_dags/example_xcom.py for tasks to queue
[2025-03-04T07:05:25.940+0000] {logging_mixin.py:190} INFO - [2025-03-04T07:05:25.939+0000] {dagbag.py:588} INFO - Filling up the DagBag from /home/airflow/.local/lib/python3.12/site-packages/airflow/example_dags/example_xcom.py
[2025-03-04T07:05:25.949+0000] {processor.py:925} INFO - DAG(s) 'example_xcom' retrieved from /home/airflow/.local/lib/python3.12/site-packages/airflow/example_dags/example_xcom.py
[2025-03-04T07:05:25.967+0000] {logging_mixin.py:190} INFO - [2025-03-04T07:05:25.967+0000] {dag.py:3239} INFO - Sync 1 DAGs
[2025-03-04T07:05:25.987+0000] {logging_mixin.py:190} INFO - [2025-03-04T07:05:25.987+0000] {dag.py:4180} INFO - Setting next_dagrun for example_xcom to 2021-01-01 00:00:00+00:00, run_after=2021-01-01 00:00:00+00:00
[2025-03-04T07:05:26.005+0000] {processor.py:208} INFO - Processing /home/airflow/.local/lib/python3.12/site-packages/airflow/example_dags/example_xcom.py took 0.077 seconds
[2025-03-04T07:05:56.202+0000] {processor.py:186} INFO - Started process (PID=1972) to work on /home/airflow/.local/lib/python3.12/site-packages/airflow/example_dags/example_xcom.py
[2025-03-04T07:05:56.203+0000] {processor.py:914} INFO - Processing file /home/airflow/.local/lib/python3.12/site-packages/airflow/example_dags/example_xcom.py for tasks to queue
[2025-03-04T07:05:56.205+0000] {logging_mixin.py:190} INFO - [2025-03-04T07:05:56.205+0000] {dagbag.py:588} INFO - Filling up the DagBag from /home/airflow/.local/lib/python3.12/site-packages/airflow/example_dags/example_xcom.py
[2025-03-04T07:05:56.213+0000] {processor.py:925} INFO - DAG(s) 'example_xcom' retrieved from /home/airflow/.local/lib/python3.12/site-packages/airflow/example_dags/example_xcom.py
[2025-03-04T07:05:56.229+0000] {logging_mixin.py:190} INFO - [2025-03-04T07:05:56.229+0000] {dag.py:3239} INFO - Sync 1 DAGs
[2025-03-04T07:05:56.245+0000] {logging_mixin.py:190} INFO - [2025-03-04T07:05:56.244+0000] {dag.py:4180} INFO - Setting next_dagrun for example_xcom to 2021-01-01 00:00:00+00:00, run_after=2021-01-01 00:00:00+00:00
[2025-03-04T07:05:56.260+0000] {processor.py:208} INFO - Processing /home/airflow/.local/lib/python3.12/site-packages/airflow/example_dags/example_xcom.py took 0.062 seconds
[2025-03-04T07:06:26.643+0000] {processor.py:186} INFO - Started process (PID=2054) to work on /home/airflow/.local/lib/python3.12/site-packages/airflow/example_dags/example_xcom.py
[2025-03-04T07:06:26.644+0000] {processor.py:914} INFO - Processing file /home/airflow/.local/lib/python3.12/site-packages/airflow/example_dags/example_xcom.py for tasks to queue
[2025-03-04T07:06:26.645+0000] {logging_mixin.py:190} INFO - [2025-03-04T07:06:26.645+0000] {dagbag.py:588} INFO - Filling up the DagBag from /home/airflow/.local/lib/python3.12/site-packages/airflow/example_dags/example_xcom.py
[2025-03-04T07:06:26.653+0000] {processor.py:925} INFO - DAG(s) 'example_xcom' retrieved from /home/airflow/.local/lib/python3.12/site-packages/airflow/example_dags/example_xcom.py
[2025-03-04T07:06:26.676+0000] {logging_mixin.py:190} INFO - [2025-03-04T07:06:26.676+0000] {dag.py:3239} INFO - Sync 1 DAGs
[2025-03-04T07:06:26.698+0000] {logging_mixin.py:190} INFO - [2025-03-04T07:06:26.698+0000] {dag.py:4180} INFO - Setting next_dagrun for example_xcom to 2021-01-01 00:00:00+00:00, run_after=2021-01-01 00:00:00+00:00
[2025-03-04T07:06:26.728+0000] {processor.py:208} INFO - Processing /home/airflow/.local/lib/python3.12/site-packages/airflow/example_dags/example_xcom.py took 0.090 seconds
[2025-03-04T07:06:56.969+0000] {processor.py:186} INFO - Started process (PID=2128) to work on /home/airflow/.local/lib/python3.12/site-packages/airflow/example_dags/example_xcom.py
[2025-03-04T07:06:56.970+0000] {processor.py:914} INFO - Processing file /home/airflow/.local/lib/python3.12/site-packages/airflow/example_dags/example_xcom.py for tasks to queue
[2025-03-04T07:06:56.971+0000] {logging_mixin.py:190} INFO - [2025-03-04T07:06:56.971+0000] {dagbag.py:588} INFO - Filling up the DagBag from /home/airflow/.local/lib/python3.12/site-packages/airflow/example_dags/example_xcom.py
[2025-03-04T07:06:56.979+0000] {processor.py:925} INFO - DAG(s) 'example_xcom' retrieved from /home/airflow/.local/lib/python3.12/site-packages/airflow/example_dags/example_xcom.py
[2025-03-04T07:06:56.996+0000] {logging_mixin.py:190} INFO - [2025-03-04T07:06:56.996+0000] {dag.py:3239} INFO - Sync 1 DAGs
[2025-03-04T07:06:57.014+0000] {logging_mixin.py:190} INFO - [2025-03-04T07:06:57.014+0000] {dag.py:4180} INFO - Setting next_dagrun for example_xcom to 2021-01-01 00:00:00+00:00, run_after=2021-01-01 00:00:00+00:00
[2025-03-04T07:06:57.029+0000] {processor.py:208} INFO - Processing /home/airflow/.local/lib/python3.12/site-packages/airflow/example_dags/example_xcom.py took 0.068 seconds
[2025-03-04T07:07:27.242+0000] {processor.py:186} INFO - Started process (PID=2210) to work on /home/airflow/.local/lib/python3.12/site-packages/airflow/example_dags/example_xcom.py
[2025-03-04T07:07:27.244+0000] {processor.py:914} INFO - Processing file /home/airflow/.local/lib/python3.12/site-packages/airflow/example_dags/example_xcom.py for tasks to queue
[2025-03-04T07:07:27.245+0000] {logging_mixin.py:190} INFO - [2025-03-04T07:07:27.245+0000] {dagbag.py:588} INFO - Filling up the DagBag from /home/airflow/.local/lib/python3.12/site-packages/airflow/example_dags/example_xcom.py
[2025-03-04T07:07:27.256+0000] {processor.py:925} INFO - DAG(s) 'example_xcom' retrieved from /home/airflow/.local/lib/python3.12/site-packages/airflow/example_dags/example_xcom.py
[2025-03-04T07:07:27.277+0000] {logging_mixin.py:190} INFO - [2025-03-04T07:07:27.277+0000] {dag.py:3239} INFO - Sync 1 DAGs
[2025-03-04T07:07:27.304+0000] {logging_mixin.py:190} INFO - [2025-03-04T07:07:27.304+0000] {dag.py:4180} INFO - Setting next_dagrun for example_xcom to 2021-01-01 00:00:00+00:00, run_after=2021-01-01 00:00:00+00:00
[2025-03-04T07:07:27.331+0000] {processor.py:208} INFO - Processing /home/airflow/.local/lib/python3.12/site-packages/airflow/example_dags/example_xcom.py took 0.095 seconds
[2025-03-04T07:07:57.635+0000] {processor.py:186} INFO - Started process (PID=2284) to work on /home/airflow/.local/lib/python3.12/site-packages/airflow/example_dags/example_xcom.py
[2025-03-04T07:07:57.637+0000] {processor.py:914} INFO - Processing file /home/airflow/.local/lib/python3.12/site-packages/airflow/example_dags/example_xcom.py for tasks to queue
[2025-03-04T07:07:57.638+0000] {logging_mixin.py:190} INFO - [2025-03-04T07:07:57.638+0000] {dagbag.py:588} INFO - Filling up the DagBag from /home/airflow/.local/lib/python3.12/site-packages/airflow/example_dags/example_xcom.py
[2025-03-04T07:07:57.645+0000] {processor.py:925} INFO - DAG(s) 'example_xcom' retrieved from /home/airflow/.local/lib/python3.12/site-packages/airflow/example_dags/example_xcom.py
[2025-03-04T07:07:57.662+0000] {logging_mixin.py:190} INFO - [2025-03-04T07:07:57.661+0000] {dag.py:3239} INFO - Sync 1 DAGs
[2025-03-04T07:07:57.678+0000] {logging_mixin.py:190} INFO - [2025-03-04T07:07:57.678+0000] {dag.py:4180} INFO - Setting next_dagrun for example_xcom to 2021-01-01 00:00:00+00:00, run_after=2021-01-01 00:00:00+00:00
[2025-03-04T07:07:57.694+0000] {processor.py:208} INFO - Processing /home/airflow/.local/lib/python3.12/site-packages/airflow/example_dags/example_xcom.py took 0.062 seconds
[2025-03-04T07:08:28.601+0000] {processor.py:186} INFO - Started process (PID=2365) to work on /home/airflow/.local/lib/python3.12/site-packages/airflow/example_dags/example_xcom.py
[2025-03-04T07:08:28.603+0000] {processor.py:914} INFO - Processing file /home/airflow/.local/lib/python3.12/site-packages/airflow/example_dags/example_xcom.py for tasks to queue
[2025-03-04T07:08:28.606+0000] {logging_mixin.py:190} INFO - [2025-03-04T07:08:28.606+0000] {dagbag.py:588} INFO - Filling up the DagBag from /home/airflow/.local/lib/python3.12/site-packages/airflow/example_dags/example_xcom.py
[2025-03-04T07:08:28.618+0000] {processor.py:925} INFO - DAG(s) 'example_xcom' retrieved from /home/airflow/.local/lib/python3.12/site-packages/airflow/example_dags/example_xcom.py
[2025-03-04T07:08:28.641+0000] {logging_mixin.py:190} INFO - [2025-03-04T07:08:28.641+0000] {dag.py:3239} INFO - Sync 1 DAGs
[2025-03-04T07:08:28.666+0000] {logging_mixin.py:190} INFO - [2025-03-04T07:08:28.665+0000] {dag.py:4180} INFO - Setting next_dagrun for example_xcom to 2021-01-01 00:00:00+00:00, run_after=2021-01-01 00:00:00+00:00
[2025-03-04T07:08:28.691+0000] {processor.py:208} INFO - Processing /home/airflow/.local/lib/python3.12/site-packages/airflow/example_dags/example_xcom.py took 0.095 seconds
[2025-03-04T07:08:59.117+0000] {processor.py:186} INFO - Started process (PID=2441) to work on /home/airflow/.local/lib/python3.12/site-packages/airflow/example_dags/example_xcom.py
[2025-03-04T07:08:59.119+0000] {processor.py:914} INFO - Processing file /home/airflow/.local/lib/python3.12/site-packages/airflow/example_dags/example_xcom.py for tasks to queue
[2025-03-04T07:08:59.121+0000] {logging_mixin.py:190} INFO - [2025-03-04T07:08:59.121+0000] {dagbag.py:588} INFO - Filling up the DagBag from /home/airflow/.local/lib/python3.12/site-packages/airflow/example_dags/example_xcom.py
[2025-03-04T07:08:59.136+0000] {processor.py:925} INFO - DAG(s) 'example_xcom' retrieved from /home/airflow/.local/lib/python3.12/site-packages/airflow/example_dags/example_xcom.py
[2025-03-04T07:08:59.166+0000] {logging_mixin.py:190} INFO - [2025-03-04T07:08:59.166+0000] {dag.py:3239} INFO - Sync 1 DAGs
[2025-03-04T07:08:59.197+0000] {logging_mixin.py:190} INFO - [2025-03-04T07:08:59.196+0000] {dag.py:4180} INFO - Setting next_dagrun for example_xcom to 2021-01-01 00:00:00+00:00, run_after=2021-01-01 00:00:00+00:00
[2025-03-04T07:08:59.220+0000] {processor.py:208} INFO - Processing /home/airflow/.local/lib/python3.12/site-packages/airflow/example_dags/example_xcom.py took 0.110 seconds
[2025-03-04T07:09:29.776+0000] {processor.py:186} INFO - Started process (PID=2515) to work on /home/airflow/.local/lib/python3.12/site-packages/airflow/example_dags/example_xcom.py
[2025-03-04T07:09:29.778+0000] {processor.py:914} INFO - Processing file /home/airflow/.local/lib/python3.12/site-packages/airflow/example_dags/example_xcom.py for tasks to queue
[2025-03-04T07:09:29.779+0000] {logging_mixin.py:190} INFO - [2025-03-04T07:09:29.779+0000] {dagbag.py:588} INFO - Filling up the DagBag from /home/airflow/.local/lib/python3.12/site-packages/airflow/example_dags/example_xcom.py
[2025-03-04T07:09:29.787+0000] {processor.py:925} INFO - DAG(s) 'example_xcom' retrieved from /home/airflow/.local/lib/python3.12/site-packages/airflow/example_dags/example_xcom.py
[2025-03-04T07:09:29.804+0000] {logging_mixin.py:190} INFO - [2025-03-04T07:09:29.804+0000] {dag.py:3239} INFO - Sync 1 DAGs
[2025-03-04T07:09:29.823+0000] {logging_mixin.py:190} INFO - [2025-03-04T07:09:29.823+0000] {dag.py:4180} INFO - Setting next_dagrun for example_xcom to 2021-01-01 00:00:00+00:00, run_after=2021-01-01 00:00:00+00:00
[2025-03-04T07:09:29.842+0000] {processor.py:208} INFO - Processing /home/airflow/.local/lib/python3.12/site-packages/airflow/example_dags/example_xcom.py took 0.071 seconds
[2025-03-04T07:10:00.318+0000] {processor.py:186} INFO - Started process (PID=2597) to work on /home/airflow/.local/lib/python3.12/site-packages/airflow/example_dags/example_xcom.py
[2025-03-04T07:10:00.320+0000] {processor.py:914} INFO - Processing file /home/airflow/.local/lib/python3.12/site-packages/airflow/example_dags/example_xcom.py for tasks to queue
[2025-03-04T07:10:00.322+0000] {logging_mixin.py:190} INFO - [2025-03-04T07:10:00.321+0000] {dagbag.py:588} INFO - Filling up the DagBag from /home/airflow/.local/lib/python3.12/site-packages/airflow/example_dags/example_xcom.py
[2025-03-04T07:10:00.331+0000] {processor.py:925} INFO - DAG(s) 'example_xcom' retrieved from /home/airflow/.local/lib/python3.12/site-packages/airflow/example_dags/example_xcom.py
[2025-03-04T07:10:00.353+0000] {logging_mixin.py:190} INFO - [2025-03-04T07:10:00.353+0000] {dag.py:3239} INFO - Sync 1 DAGs
[2025-03-04T07:10:00.376+0000] {logging_mixin.py:190} INFO - [2025-03-04T07:10:00.376+0000] {dag.py:4180} INFO - Setting next_dagrun for example_xcom to 2021-01-01 00:00:00+00:00, run_after=2021-01-01 00:00:00+00:00
[2025-03-04T07:10:00.396+0000] {processor.py:208} INFO - Processing /home/airflow/.local/lib/python3.12/site-packages/airflow/example_dags/example_xcom.py took 0.083 seconds
[2025-03-04T07:10:30.524+0000] {processor.py:186} INFO - Started process (PID=2670) to work on /home/airflow/.local/lib/python3.12/site-packages/airflow/example_dags/example_xcom.py
[2025-03-04T07:10:30.525+0000] {processor.py:914} INFO - Processing file /home/airflow/.local/lib/python3.12/site-packages/airflow/example_dags/example_xcom.py for tasks to queue
[2025-03-04T07:10:30.526+0000] {logging_mixin.py:190} INFO - [2025-03-04T07:10:30.526+0000] {dagbag.py:588} INFO - Filling up the DagBag from /home/airflow/.local/lib/python3.12/site-packages/airflow/example_dags/example_xcom.py
[2025-03-04T07:10:30.533+0000] {processor.py:925} INFO - DAG(s) 'example_xcom' retrieved from /home/airflow/.local/lib/python3.12/site-packages/airflow/example_dags/example_xcom.py
[2025-03-04T07:10:30.550+0000] {logging_mixin.py:190} INFO - [2025-03-04T07:10:30.549+0000] {dag.py:3239} INFO - Sync 1 DAGs
[2025-03-04T07:10:30.566+0000] {logging_mixin.py:190} INFO - [2025-03-04T07:10:30.566+0000] {dag.py:4180} INFO - Setting next_dagrun for example_xcom to 2021-01-01 00:00:00+00:00, run_after=2021-01-01 00:00:00+00:00
[2025-03-04T07:10:30.582+0000] {processor.py:208} INFO - Processing /home/airflow/.local/lib/python3.12/site-packages/airflow/example_dags/example_xcom.py took 0.062 seconds
[2025-03-04T07:11:00.817+0000] {processor.py:186} INFO - Started process (PID=2752) to work on /home/airflow/.local/lib/python3.12/site-packages/airflow/example_dags/example_xcom.py
[2025-03-04T07:11:00.818+0000] {processor.py:914} INFO - Processing file /home/airflow/.local/lib/python3.12/site-packages/airflow/example_dags/example_xcom.py for tasks to queue
[2025-03-04T07:11:00.820+0000] {logging_mixin.py:190} INFO - [2025-03-04T07:11:00.820+0000] {dagbag.py:588} INFO - Filling up the DagBag from /home/airflow/.local/lib/python3.12/site-packages/airflow/example_dags/example_xcom.py
[2025-03-04T07:11:00.831+0000] {processor.py:925} INFO - DAG(s) 'example_xcom' retrieved from /home/airflow/.local/lib/python3.12/site-packages/airflow/example_dags/example_xcom.py
[2025-03-04T07:11:00.853+0000] {logging_mixin.py:190} INFO - [2025-03-04T07:11:00.852+0000] {dag.py:3239} INFO - Sync 1 DAGs
[2025-03-04T07:11:00.874+0000] {logging_mixin.py:190} INFO - [2025-03-04T07:11:00.874+0000] {dag.py:4180} INFO - Setting next_dagrun for example_xcom to 2021-01-01 00:00:00+00:00, run_after=2021-01-01 00:00:00+00:00
[2025-03-04T07:11:00.892+0000] {processor.py:208} INFO - Processing /home/airflow/.local/lib/python3.12/site-packages/airflow/example_dags/example_xcom.py took 0.082 seconds
[2025-03-04T07:11:31.275+0000] {processor.py:186} INFO - Started process (PID=2826) to work on /home/airflow/.local/lib/python3.12/site-packages/airflow/example_dags/example_xcom.py
[2025-03-04T07:11:31.276+0000] {processor.py:914} INFO - Processing file /home/airflow/.local/lib/python3.12/site-packages/airflow/example_dags/example_xcom.py for tasks to queue
[2025-03-04T07:11:31.277+0000] {logging_mixin.py:190} INFO - [2025-03-04T07:11:31.277+0000] {dagbag.py:588} INFO - Filling up the DagBag from /home/airflow/.local/lib/python3.12/site-packages/airflow/example_dags/example_xcom.py
[2025-03-04T07:11:31.285+0000] {processor.py:925} INFO - DAG(s) 'example_xcom' retrieved from /home/airflow/.local/lib/python3.12/site-packages/airflow/example_dags/example_xcom.py
[2025-03-04T07:11:31.303+0000] {logging_mixin.py:190} INFO - [2025-03-04T07:11:31.302+0000] {dag.py:3239} INFO - Sync 1 DAGs
[2025-03-04T07:11:31.324+0000] {logging_mixin.py:190} INFO - [2025-03-04T07:11:31.324+0000] {dag.py:4180} INFO - Setting next_dagrun for example_xcom to 2021-01-01 00:00:00+00:00, run_after=2021-01-01 00:00:00+00:00
[2025-03-04T07:11:31.340+0000] {processor.py:208} INFO - Processing /home/airflow/.local/lib/python3.12/site-packages/airflow/example_dags/example_xcom.py took 0.070 seconds
[2025-03-04T07:12:02.071+0000] {processor.py:186} INFO - Started process (PID=2906) to work on /home/airflow/.local/lib/python3.12/site-packages/airflow/example_dags/example_xcom.py
[2025-03-04T07:12:02.072+0000] {processor.py:914} INFO - Processing file /home/airflow/.local/lib/python3.12/site-packages/airflow/example_dags/example_xcom.py for tasks to queue
[2025-03-04T07:12:02.075+0000] {logging_mixin.py:190} INFO - [2025-03-04T07:12:02.075+0000] {dagbag.py:588} INFO - Filling up the DagBag from /home/airflow/.local/lib/python3.12/site-packages/airflow/example_dags/example_xcom.py
[2025-03-04T07:12:02.089+0000] {processor.py:925} INFO - DAG(s) 'example_xcom' retrieved from /home/airflow/.local/lib/python3.12/site-packages/airflow/example_dags/example_xcom.py
[2025-03-04T07:12:02.126+0000] {logging_mixin.py:190} INFO - [2025-03-04T07:12:02.125+0000] {dag.py:3239} INFO - Sync 1 DAGs
[2025-03-04T07:12:02.162+0000] {logging_mixin.py:190} INFO - [2025-03-04T07:12:02.162+0000] {dag.py:4180} INFO - Setting next_dagrun for example_xcom to 2021-01-01 00:00:00+00:00, run_after=2021-01-01 00:00:00+00:00
[2025-03-04T07:12:02.190+0000] {processor.py:208} INFO - Processing /home/airflow/.local/lib/python3.12/site-packages/airflow/example_dags/example_xcom.py took 0.128 seconds
[2025-03-04T07:12:32.258+0000] {processor.py:186} INFO - Started process (PID=2979) to work on /home/airflow/.local/lib/python3.12/site-packages/airflow/example_dags/example_xcom.py
[2025-03-04T07:12:32.261+0000] {processor.py:914} INFO - Processing file /home/airflow/.local/lib/python3.12/site-packages/airflow/example_dags/example_xcom.py for tasks to queue
[2025-03-04T07:12:32.264+0000] {logging_mixin.py:190} INFO - [2025-03-04T07:12:32.263+0000] {dagbag.py:588} INFO - Filling up the DagBag from /home/airflow/.local/lib/python3.12/site-packages/airflow/example_dags/example_xcom.py
[2025-03-04T07:12:32.277+0000] {processor.py:925} INFO - DAG(s) 'example_xcom' retrieved from /home/airflow/.local/lib/python3.12/site-packages/airflow/example_dags/example_xcom.py
[2025-03-04T07:12:32.311+0000] {logging_mixin.py:190} INFO - [2025-03-04T07:12:32.311+0000] {dag.py:3239} INFO - Sync 1 DAGs
[2025-03-04T07:12:32.344+0000] {logging_mixin.py:190} INFO - [2025-03-04T07:12:32.344+0000] {dag.py:4180} INFO - Setting next_dagrun for example_xcom to 2021-01-01 00:00:00+00:00, run_after=2021-01-01 00:00:00+00:00
[2025-03-04T07:12:32.374+0000] {processor.py:208} INFO - Processing /home/airflow/.local/lib/python3.12/site-packages/airflow/example_dags/example_xcom.py took 0.124 seconds
[2025-03-04T07:13:02.852+0000] {processor.py:186} INFO - Started process (PID=3053) to work on /home/airflow/.local/lib/python3.12/site-packages/airflow/example_dags/example_xcom.py
[2025-03-04T07:13:02.853+0000] {processor.py:914} INFO - Processing file /home/airflow/.local/lib/python3.12/site-packages/airflow/example_dags/example_xcom.py for tasks to queue
[2025-03-04T07:13:02.854+0000] {logging_mixin.py:190} INFO - [2025-03-04T07:13:02.854+0000] {dagbag.py:588} INFO - Filling up the DagBag from /home/airflow/.local/lib/python3.12/site-packages/airflow/example_dags/example_xcom.py
[2025-03-04T07:13:02.861+0000] {processor.py:925} INFO - DAG(s) 'example_xcom' retrieved from /home/airflow/.local/lib/python3.12/site-packages/airflow/example_dags/example_xcom.py
[2025-03-04T07:13:02.876+0000] {logging_mixin.py:190} INFO - [2025-03-04T07:13:02.876+0000] {dag.py:3239} INFO - Sync 1 DAGs
[2025-03-04T07:13:02.892+0000] {logging_mixin.py:190} INFO - [2025-03-04T07:13:02.892+0000] {dag.py:4180} INFO - Setting next_dagrun for example_xcom to 2021-01-01 00:00:00+00:00, run_after=2021-01-01 00:00:00+00:00
[2025-03-04T07:13:02.906+0000] {processor.py:208} INFO - Processing /home/airflow/.local/lib/python3.12/site-packages/airflow/example_dags/example_xcom.py took 0.057 seconds
[2025-03-04T07:13:33.496+0000] {processor.py:186} INFO - Started process (PID=3132) to work on /home/airflow/.local/lib/python3.12/site-packages/airflow/example_dags/example_xcom.py
[2025-03-04T07:13:33.498+0000] {processor.py:914} INFO - Processing file /home/airflow/.local/lib/python3.12/site-packages/airflow/example_dags/example_xcom.py for tasks to queue
[2025-03-04T07:13:33.500+0000] {logging_mixin.py:190} INFO - [2025-03-04T07:13:33.499+0000] {dagbag.py:588} INFO - Filling up the DagBag from /home/airflow/.local/lib/python3.12/site-packages/airflow/example_dags/example_xcom.py
[2025-03-04T07:13:33.511+0000] {processor.py:925} INFO - DAG(s) 'example_xcom' retrieved from /home/airflow/.local/lib/python3.12/site-packages/airflow/example_dags/example_xcom.py
[2025-03-04T07:13:33.535+0000] {logging_mixin.py:190} INFO - [2025-03-04T07:13:33.535+0000] {dag.py:3239} INFO - Sync 1 DAGs
[2025-03-04T07:13:33.560+0000] {logging_mixin.py:190} INFO - [2025-03-04T07:13:33.560+0000] {dag.py:4180} INFO - Setting next_dagrun for example_xcom to 2021-01-01 00:00:00+00:00, run_after=2021-01-01 00:00:00+00:00
[2025-03-04T07:13:33.582+0000] {processor.py:208} INFO - Processing /home/airflow/.local/lib/python3.12/site-packages/airflow/example_dags/example_xcom.py took 0.092 seconds
[2025-03-04T07:14:03.695+0000] {processor.py:186} INFO - Started process (PID=3207) to work on /home/airflow/.local/lib/python3.12/site-packages/airflow/example_dags/example_xcom.py
[2025-03-04T07:14:03.696+0000] {processor.py:914} INFO - Processing file /home/airflow/.local/lib/python3.12/site-packages/airflow/example_dags/example_xcom.py for tasks to queue
[2025-03-04T07:14:03.698+0000] {logging_mixin.py:190} INFO - [2025-03-04T07:14:03.697+0000] {dagbag.py:588} INFO - Filling up the DagBag from /home/airflow/.local/lib/python3.12/site-packages/airflow/example_dags/example_xcom.py
[2025-03-04T07:14:03.707+0000] {processor.py:925} INFO - DAG(s) 'example_xcom' retrieved from /home/airflow/.local/lib/python3.12/site-packages/airflow/example_dags/example_xcom.py
[2025-03-04T07:14:03.730+0000] {logging_mixin.py:190} INFO - [2025-03-04T07:14:03.729+0000] {dag.py:3239} INFO - Sync 1 DAGs
[2025-03-04T07:14:03.752+0000] {logging_mixin.py:190} INFO - [2025-03-04T07:14:03.752+0000] {dag.py:4180} INFO - Setting next_dagrun for example_xcom to 2021-01-01 00:00:00+00:00, run_after=2021-01-01 00:00:00+00:00
[2025-03-04T07:14:03.771+0000] {processor.py:208} INFO - Processing /home/airflow/.local/lib/python3.12/site-packages/airflow/example_dags/example_xcom.py took 0.083 seconds
[2025-03-04T07:14:34.202+0000] {processor.py:186} INFO - Started process (PID=3285) to work on /home/airflow/.local/lib/python3.12/site-packages/airflow/example_dags/example_xcom.py
[2025-03-04T07:14:34.203+0000] {processor.py:914} INFO - Processing file /home/airflow/.local/lib/python3.12/site-packages/airflow/example_dags/example_xcom.py for tasks to queue
[2025-03-04T07:14:34.205+0000] {logging_mixin.py:190} INFO - [2025-03-04T07:14:34.204+0000] {dagbag.py:588} INFO - Filling up the DagBag from /home/airflow/.local/lib/python3.12/site-packages/airflow/example_dags/example_xcom.py
[2025-03-04T07:14:34.214+0000] {processor.py:925} INFO - DAG(s) 'example_xcom' retrieved from /home/airflow/.local/lib/python3.12/site-packages/airflow/example_dags/example_xcom.py
[2025-03-04T07:14:34.236+0000] {logging_mixin.py:190} INFO - [2025-03-04T07:14:34.236+0000] {dag.py:3239} INFO - Sync 1 DAGs
[2025-03-04T07:14:34.259+0000] {logging_mixin.py:190} INFO - [2025-03-04T07:14:34.258+0000] {dag.py:4180} INFO - Setting next_dagrun for example_xcom to 2021-01-01 00:00:00+00:00, run_after=2021-01-01 00:00:00+00:00
[2025-03-04T07:14:34.279+0000] {processor.py:208} INFO - Processing /home/airflow/.local/lib/python3.12/site-packages/airflow/example_dags/example_xcom.py took 0.084 seconds
[2025-03-04T07:15:05.184+0000] {processor.py:186} INFO - Started process (PID=3370) to work on /home/airflow/.local/lib/python3.12/site-packages/airflow/example_dags/example_xcom.py
[2025-03-04T07:15:05.186+0000] {processor.py:914} INFO - Processing file /home/airflow/.local/lib/python3.12/site-packages/airflow/example_dags/example_xcom.py for tasks to queue
[2025-03-04T07:15:05.188+0000] {logging_mixin.py:190} INFO - [2025-03-04T07:15:05.188+0000] {dagbag.py:588} INFO - Filling up the DagBag from /home/airflow/.local/lib/python3.12/site-packages/airflow/example_dags/example_xcom.py
[2025-03-04T07:15:05.199+0000] {processor.py:925} INFO - DAG(s) 'example_xcom' retrieved from /home/airflow/.local/lib/python3.12/site-packages/airflow/example_dags/example_xcom.py
[2025-03-04T07:15:05.223+0000] {logging_mixin.py:190} INFO - [2025-03-04T07:15:05.223+0000] {dag.py:3239} INFO - Sync 1 DAGs
[2025-03-04T07:15:05.247+0000] {logging_mixin.py:190} INFO - [2025-03-04T07:15:05.247+0000] {dag.py:4180} INFO - Setting next_dagrun for example_xcom to 2021-01-01 00:00:00+00:00, run_after=2021-01-01 00:00:00+00:00
[2025-03-04T07:15:05.267+0000] {processor.py:208} INFO - Processing /home/airflow/.local/lib/python3.12/site-packages/airflow/example_dags/example_xcom.py took 0.089 seconds
[2025-03-04T07:15:35.420+0000] {processor.py:186} INFO - Started process (PID=3443) to work on /home/airflow/.local/lib/python3.12/site-packages/airflow/example_dags/example_xcom.py
[2025-03-04T07:15:35.421+0000] {processor.py:914} INFO - Processing file /home/airflow/.local/lib/python3.12/site-packages/airflow/example_dags/example_xcom.py for tasks to queue
[2025-03-04T07:15:35.422+0000] {logging_mixin.py:190} INFO - [2025-03-04T07:15:35.422+0000] {dagbag.py:588} INFO - Filling up the DagBag from /home/airflow/.local/lib/python3.12/site-packages/airflow/example_dags/example_xcom.py
[2025-03-04T07:15:35.434+0000] {processor.py:925} INFO - DAG(s) 'example_xcom' retrieved from /home/airflow/.local/lib/python3.12/site-packages/airflow/example_dags/example_xcom.py
[2025-03-04T07:15:35.455+0000] {logging_mixin.py:190} INFO - [2025-03-04T07:15:35.455+0000] {dag.py:3239} INFO - Sync 1 DAGs
[2025-03-04T07:15:35.475+0000] {logging_mixin.py:190} INFO - [2025-03-04T07:15:35.475+0000] {dag.py:4180} INFO - Setting next_dagrun for example_xcom to 2021-01-01 00:00:00+00:00, run_after=2021-01-01 00:00:00+00:00
[2025-03-04T07:15:35.503+0000] {processor.py:208} INFO - Processing /home/airflow/.local/lib/python3.12/site-packages/airflow/example_dags/example_xcom.py took 0.089 seconds
[2025-03-04T07:16:06.057+0000] {processor.py:186} INFO - Started process (PID=3517) to work on /home/airflow/.local/lib/python3.12/site-packages/airflow/example_dags/example_xcom.py
[2025-03-04T07:16:06.059+0000] {processor.py:914} INFO - Processing file /home/airflow/.local/lib/python3.12/site-packages/airflow/example_dags/example_xcom.py for tasks to queue
[2025-03-04T07:16:06.062+0000] {logging_mixin.py:190} INFO - [2025-03-04T07:16:06.061+0000] {dagbag.py:588} INFO - Filling up the DagBag from /home/airflow/.local/lib/python3.12/site-packages/airflow/example_dags/example_xcom.py
[2025-03-04T07:16:06.077+0000] {processor.py:925} INFO - DAG(s) 'example_xcom' retrieved from /home/airflow/.local/lib/python3.12/site-packages/airflow/example_dags/example_xcom.py
[2025-03-04T07:16:06.105+0000] {logging_mixin.py:190} INFO - [2025-03-04T07:16:06.105+0000] {dag.py:3239} INFO - Sync 1 DAGs
[2025-03-04T07:16:06.136+0000] {logging_mixin.py:190} INFO - [2025-03-04T07:16:06.136+0000] {dag.py:4180} INFO - Setting next_dagrun for example_xcom to 2021-01-01 00:00:00+00:00, run_after=2021-01-01 00:00:00+00:00
[2025-03-04T07:16:06.155+0000] {processor.py:208} INFO - Processing /home/airflow/.local/lib/python3.12/site-packages/airflow/example_dags/example_xcom.py took 0.108 seconds
[2025-03-04T07:16:36.810+0000] {processor.py:186} INFO - Started process (PID=3599) to work on /home/airflow/.local/lib/python3.12/site-packages/airflow/example_dags/example_xcom.py
[2025-03-04T07:16:36.811+0000] {processor.py:914} INFO - Processing file /home/airflow/.local/lib/python3.12/site-packages/airflow/example_dags/example_xcom.py for tasks to queue
[2025-03-04T07:16:36.812+0000] {logging_mixin.py:190} INFO - [2025-03-04T07:16:36.812+0000] {dagbag.py:588} INFO - Filling up the DagBag from /home/airflow/.local/lib/python3.12/site-packages/airflow/example_dags/example_xcom.py
[2025-03-04T07:16:36.820+0000] {processor.py:925} INFO - DAG(s) 'example_xcom' retrieved from /home/airflow/.local/lib/python3.12/site-packages/airflow/example_dags/example_xcom.py
[2025-03-04T07:16:36.835+0000] {logging_mixin.py:190} INFO - [2025-03-04T07:16:36.835+0000] {dag.py:3239} INFO - Sync 1 DAGs
[2025-03-04T07:16:36.853+0000] {logging_mixin.py:190} INFO - [2025-03-04T07:16:36.853+0000] {dag.py:4180} INFO - Setting next_dagrun for example_xcom to 2021-01-01 00:00:00+00:00, run_after=2021-01-01 00:00:00+00:00
[2025-03-04T07:16:36.869+0000] {processor.py:208} INFO - Processing /home/airflow/.local/lib/python3.12/site-packages/airflow/example_dags/example_xcom.py took 0.063 seconds
[2025-03-04T07:17:07.039+0000] {processor.py:186} INFO - Started process (PID=3673) to work on /home/airflow/.local/lib/python3.12/site-packages/airflow/example_dags/example_xcom.py
[2025-03-04T07:17:07.040+0000] {processor.py:914} INFO - Processing file /home/airflow/.local/lib/python3.12/site-packages/airflow/example_dags/example_xcom.py for tasks to queue
[2025-03-04T07:17:07.041+0000] {logging_mixin.py:190} INFO - [2025-03-04T07:17:07.041+0000] {dagbag.py:588} INFO - Filling up the DagBag from /home/airflow/.local/lib/python3.12/site-packages/airflow/example_dags/example_xcom.py
[2025-03-04T07:17:07.049+0000] {processor.py:925} INFO - DAG(s) 'example_xcom' retrieved from /home/airflow/.local/lib/python3.12/site-packages/airflow/example_dags/example_xcom.py
[2025-03-04T07:17:07.068+0000] {logging_mixin.py:190} INFO - [2025-03-04T07:17:07.068+0000] {dag.py:3239} INFO - Sync 1 DAGs
[2025-03-04T07:17:07.085+0000] {logging_mixin.py:190} INFO - [2025-03-04T07:17:07.085+0000] {dag.py:4180} INFO - Setting next_dagrun for example_xcom to 2021-01-01 00:00:00+00:00, run_after=2021-01-01 00:00:00+00:00
[2025-03-04T07:17:07.101+0000] {processor.py:208} INFO - Processing /home/airflow/.local/lib/python3.12/site-packages/airflow/example_dags/example_xcom.py took 0.066 seconds
[2025-03-04T07:17:37.704+0000] {processor.py:186} INFO - Started process (PID=3754) to work on /home/airflow/.local/lib/python3.12/site-packages/airflow/example_dags/example_xcom.py
[2025-03-04T07:17:37.705+0000] {processor.py:914} INFO - Processing file /home/airflow/.local/lib/python3.12/site-packages/airflow/example_dags/example_xcom.py for tasks to queue
[2025-03-04T07:17:37.706+0000] {logging_mixin.py:190} INFO - [2025-03-04T07:17:37.706+0000] {dagbag.py:588} INFO - Filling up the DagBag from /home/airflow/.local/lib/python3.12/site-packages/airflow/example_dags/example_xcom.py
[2025-03-04T07:17:37.714+0000] {processor.py:925} INFO - DAG(s) 'example_xcom' retrieved from /home/airflow/.local/lib/python3.12/site-packages/airflow/example_dags/example_xcom.py
[2025-03-04T07:17:37.730+0000] {logging_mixin.py:190} INFO - [2025-03-04T07:17:37.730+0000] {dag.py:3239} INFO - Sync 1 DAGs
[2025-03-04T07:17:37.749+0000] {logging_mixin.py:190} INFO - [2025-03-04T07:17:37.749+0000] {dag.py:4180} INFO - Setting next_dagrun for example_xcom to 2021-01-01 00:00:00+00:00, run_after=2021-01-01 00:00:00+00:00
[2025-03-04T07:17:37.765+0000] {processor.py:208} INFO - Processing /home/airflow/.local/lib/python3.12/site-packages/airflow/example_dags/example_xcom.py took 0.065 seconds
[2025-03-04T07:18:07.871+0000] {processor.py:186} INFO - Started process (PID=3830) to work on /home/airflow/.local/lib/python3.12/site-packages/airflow/example_dags/example_xcom.py
[2025-03-04T07:18:07.873+0000] {processor.py:914} INFO - Processing file /home/airflow/.local/lib/python3.12/site-packages/airflow/example_dags/example_xcom.py for tasks to queue
[2025-03-04T07:18:07.875+0000] {logging_mixin.py:190} INFO - [2025-03-04T07:18:07.875+0000] {dagbag.py:588} INFO - Filling up the DagBag from /home/airflow/.local/lib/python3.12/site-packages/airflow/example_dags/example_xcom.py
[2025-03-04T07:18:07.890+0000] {processor.py:925} INFO - DAG(s) 'example_xcom' retrieved from /home/airflow/.local/lib/python3.12/site-packages/airflow/example_dags/example_xcom.py
[2025-03-04T07:18:07.916+0000] {logging_mixin.py:190} INFO - [2025-03-04T07:18:07.916+0000] {dag.py:3239} INFO - Sync 1 DAGs
[2025-03-04T07:18:07.943+0000] {logging_mixin.py:190} INFO - [2025-03-04T07:18:07.943+0000] {dag.py:4180} INFO - Setting next_dagrun for example_xcom to 2021-01-01 00:00:00+00:00, run_after=2021-01-01 00:00:00+00:00
[2025-03-04T07:18:07.960+0000] {processor.py:208} INFO - Processing /home/airflow/.local/lib/python3.12/site-packages/airflow/example_dags/example_xcom.py took 0.096 seconds
[2025-03-04T07:18:38.103+0000] {processor.py:186} INFO - Started process (PID=3912) to work on /home/airflow/.local/lib/python3.12/site-packages/airflow/example_dags/example_xcom.py
[2025-03-04T07:18:38.104+0000] {processor.py:914} INFO - Processing file /home/airflow/.local/lib/python3.12/site-packages/airflow/example_dags/example_xcom.py for tasks to queue
[2025-03-04T07:18:38.105+0000] {logging_mixin.py:190} INFO - [2025-03-04T07:18:38.105+0000] {dagbag.py:588} INFO - Filling up the DagBag from /home/airflow/.local/lib/python3.12/site-packages/airflow/example_dags/example_xcom.py
[2025-03-04T07:18:38.112+0000] {processor.py:925} INFO - DAG(s) 'example_xcom' retrieved from /home/airflow/.local/lib/python3.12/site-packages/airflow/example_dags/example_xcom.py
[2025-03-04T07:18:38.138+0000] {logging_mixin.py:190} INFO - [2025-03-04T07:18:38.137+0000] {dag.py:3239} INFO - Sync 1 DAGs
[2025-03-04T07:18:38.168+0000] {logging_mixin.py:190} INFO - [2025-03-04T07:18:38.167+0000] {dag.py:4180} INFO - Setting next_dagrun for example_xcom to 2021-01-01 00:00:00+00:00, run_after=2021-01-01 00:00:00+00:00
[2025-03-04T07:18:38.191+0000] {processor.py:208} INFO - Processing /home/airflow/.local/lib/python3.12/site-packages/airflow/example_dags/example_xcom.py took 0.098 seconds
