[2025-03-04T06:53:46.239+0000] {processor.py:186} INFO - Started process (PID=88) to work on /home/airflow/.local/lib/python3.12/site-packages/airflow/example_dags/example_bash_decorator.py
[2025-03-04T06:53:46.240+0000] {processor.py:914} INFO - Processing file /home/airflow/.local/lib/python3.12/site-packages/airflow/example_dags/example_bash_decorator.py for tasks to queue
[2025-03-04T06:53:46.244+0000] {logging_mixin.py:190} INFO - [2025-03-04T06:53:46.243+0000] {dagbag.py:588} INFO - Filling up the DagBag from /home/airflow/.local/lib/python3.12/site-packages/airflow/example_dags/example_bash_decorator.py
[2025-03-04T06:53:46.270+0000] {processor.py:925} INFO - DAG(s) 'example_bash_decorator' retrieved from /home/airflow/.local/lib/python3.12/site-packages/airflow/example_dags/example_bash_decorator.py
[2025-03-04T06:53:46.414+0000] {logging_mixin.py:190} INFO - [2025-03-04T06:53:46.413+0000] {override.py:1912} INFO - Created Permission View: can read on DAG:example_bash_decorator
[2025-03-04T06:53:46.429+0000] {logging_mixin.py:190} INFO - [2025-03-04T06:53:46.429+0000] {override.py:1912} INFO - Created Permission View: can edit on DAG:example_bash_decorator
[2025-03-04T06:53:46.438+0000] {logging_mixin.py:190} INFO - [2025-03-04T06:53:46.437+0000] {override.py:1912} INFO - Created Permission View: can delete on DAG:example_bash_decorator
[2025-03-04T06:53:46.446+0000] {logging_mixin.py:190} INFO - [2025-03-04T06:53:46.445+0000] {override.py:1912} INFO - Created Permission View: menu access on DAG Run:example_bash_decorator
[2025-03-04T06:53:46.456+0000] {logging_mixin.py:190} INFO - [2025-03-04T06:53:46.455+0000] {override.py:1912} INFO - Created Permission View: can read on DAG Run:example_bash_decorator
[2025-03-04T06:53:46.464+0000] {logging_mixin.py:190} INFO - [2025-03-04T06:53:46.464+0000] {override.py:1912} INFO - Created Permission View: can delete on DAG Run:example_bash_decorator
[2025-03-04T06:53:46.472+0000] {logging_mixin.py:190} INFO - [2025-03-04T06:53:46.471+0000] {override.py:1912} INFO - Created Permission View: can create on DAG Run:example_bash_decorator
[2025-03-04T06:53:46.473+0000] {logging_mixin.py:190} INFO - [2025-03-04T06:53:46.472+0000] {dag.py:3239} INFO - Sync 1 DAGs
[2025-03-04T06:53:46.485+0000] {logging_mixin.py:190} INFO - [2025-03-04T06:53:46.485+0000] {dag.py:3262} INFO - Creating ORM DAG for example_bash_decorator
[2025-03-04T06:53:46.487+0000] {logging_mixin.py:190} INFO - [2025-03-04T06:53:46.486+0000] {dag.py:4180} INFO - Setting next_dagrun for example_bash_decorator to None, run_after=None
[2025-03-04T06:53:46.506+0000] {processor.py:208} INFO - Processing /home/airflow/.local/lib/python3.12/site-packages/airflow/example_dags/example_bash_decorator.py took 0.274 seconds
[2025-03-04T06:54:16.848+0000] {processor.py:186} INFO - Started process (PID=163) to work on /home/airflow/.local/lib/python3.12/site-packages/airflow/example_dags/example_bash_decorator.py
[2025-03-04T06:54:16.849+0000] {processor.py:914} INFO - Processing file /home/airflow/.local/lib/python3.12/site-packages/airflow/example_dags/example_bash_decorator.py for tasks to queue
[2025-03-04T06:54:16.852+0000] {logging_mixin.py:190} INFO - [2025-03-04T06:54:16.851+0000] {dagbag.py:588} INFO - Filling up the DagBag from /home/airflow/.local/lib/python3.12/site-packages/airflow/example_dags/example_bash_decorator.py
[2025-03-04T06:54:16.864+0000] {processor.py:925} INFO - DAG(s) 'example_bash_decorator' retrieved from /home/airflow/.local/lib/python3.12/site-packages/airflow/example_dags/example_bash_decorator.py
[2025-03-04T06:54:16.882+0000] {logging_mixin.py:190} INFO - [2025-03-04T06:54:16.882+0000] {dag.py:3239} INFO - Sync 1 DAGs
[2025-03-04T06:54:16.894+0000] {logging_mixin.py:190} INFO - [2025-03-04T06:54:16.894+0000] {dag.py:4180} INFO - Setting next_dagrun for example_bash_decorator to None, run_after=None
[2025-03-04T06:54:16.909+0000] {processor.py:208} INFO - Processing /home/airflow/.local/lib/python3.12/site-packages/airflow/example_dags/example_bash_decorator.py took 0.066 seconds
[2025-03-04T06:54:47.295+0000] {processor.py:186} INFO - Started process (PID=246) to work on /home/airflow/.local/lib/python3.12/site-packages/airflow/example_dags/example_bash_decorator.py
[2025-03-04T06:54:47.300+0000] {processor.py:914} INFO - Processing file /home/airflow/.local/lib/python3.12/site-packages/airflow/example_dags/example_bash_decorator.py for tasks to queue
[2025-03-04T06:54:47.302+0000] {logging_mixin.py:190} INFO - [2025-03-04T06:54:47.302+0000] {dagbag.py:588} INFO - Filling up the DagBag from /home/airflow/.local/lib/python3.12/site-packages/airflow/example_dags/example_bash_decorator.py
[2025-03-04T06:54:47.318+0000] {processor.py:925} INFO - DAG(s) 'example_bash_decorator' retrieved from /home/airflow/.local/lib/python3.12/site-packages/airflow/example_dags/example_bash_decorator.py
[2025-03-04T06:54:47.340+0000] {logging_mixin.py:190} INFO - [2025-03-04T06:54:47.340+0000] {dag.py:3239} INFO - Sync 1 DAGs
[2025-03-04T06:54:47.356+0000] {logging_mixin.py:190} INFO - [2025-03-04T06:54:47.355+0000] {dag.py:4180} INFO - Setting next_dagrun for example_bash_decorator to None, run_after=None
[2025-03-04T06:54:47.370+0000] {processor.py:208} INFO - Processing /home/airflow/.local/lib/python3.12/site-packages/airflow/example_dags/example_bash_decorator.py took 0.081 seconds
[2025-03-04T06:55:17.584+0000] {processor.py:186} INFO - Started process (PID=320) to work on /home/airflow/.local/lib/python3.12/site-packages/airflow/example_dags/example_bash_decorator.py
[2025-03-04T06:55:17.586+0000] {processor.py:914} INFO - Processing file /home/airflow/.local/lib/python3.12/site-packages/airflow/example_dags/example_bash_decorator.py for tasks to queue
[2025-03-04T06:55:17.589+0000] {logging_mixin.py:190} INFO - [2025-03-04T06:55:17.588+0000] {dagbag.py:588} INFO - Filling up the DagBag from /home/airflow/.local/lib/python3.12/site-packages/airflow/example_dags/example_bash_decorator.py
[2025-03-04T06:55:17.602+0000] {processor.py:925} INFO - DAG(s) 'example_bash_decorator' retrieved from /home/airflow/.local/lib/python3.12/site-packages/airflow/example_dags/example_bash_decorator.py
[2025-03-04T06:55:17.631+0000] {logging_mixin.py:190} INFO - [2025-03-04T06:55:17.630+0000] {dag.py:3239} INFO - Sync 1 DAGs
[2025-03-04T06:55:17.645+0000] {logging_mixin.py:190} INFO - [2025-03-04T06:55:17.645+0000] {dag.py:4180} INFO - Setting next_dagrun for example_bash_decorator to None, run_after=None
[2025-03-04T06:55:17.662+0000] {processor.py:208} INFO - Processing /home/airflow/.local/lib/python3.12/site-packages/airflow/example_dags/example_bash_decorator.py took 0.085 seconds
[2025-03-04T06:55:48.528+0000] {processor.py:186} INFO - Started process (PID=403) to work on /home/airflow/.local/lib/python3.12/site-packages/airflow/example_dags/example_bash_decorator.py
[2025-03-04T06:55:48.529+0000] {processor.py:914} INFO - Processing file /home/airflow/.local/lib/python3.12/site-packages/airflow/example_dags/example_bash_decorator.py for tasks to queue
[2025-03-04T06:55:48.531+0000] {logging_mixin.py:190} INFO - [2025-03-04T06:55:48.531+0000] {dagbag.py:588} INFO - Filling up the DagBag from /home/airflow/.local/lib/python3.12/site-packages/airflow/example_dags/example_bash_decorator.py
[2025-03-04T06:55:48.542+0000] {processor.py:925} INFO - DAG(s) 'example_bash_decorator' retrieved from /home/airflow/.local/lib/python3.12/site-packages/airflow/example_dags/example_bash_decorator.py
[2025-03-04T06:55:48.560+0000] {logging_mixin.py:190} INFO - [2025-03-04T06:55:48.560+0000] {dag.py:3239} INFO - Sync 1 DAGs
[2025-03-04T06:55:48.571+0000] {logging_mixin.py:190} INFO - [2025-03-04T06:55:48.570+0000] {dag.py:4180} INFO - Setting next_dagrun for example_bash_decorator to None, run_after=None
[2025-03-04T06:55:48.584+0000] {processor.py:208} INFO - Processing /home/airflow/.local/lib/python3.12/site-packages/airflow/example_dags/example_bash_decorator.py took 0.061 seconds
[2025-03-04T06:56:19.432+0000] {processor.py:186} INFO - Started process (PID=478) to work on /home/airflow/.local/lib/python3.12/site-packages/airflow/example_dags/example_bash_decorator.py
[2025-03-04T06:56:19.433+0000] {processor.py:914} INFO - Processing file /home/airflow/.local/lib/python3.12/site-packages/airflow/example_dags/example_bash_decorator.py for tasks to queue
[2025-03-04T06:56:19.436+0000] {logging_mixin.py:190} INFO - [2025-03-04T06:56:19.435+0000] {dagbag.py:588} INFO - Filling up the DagBag from /home/airflow/.local/lib/python3.12/site-packages/airflow/example_dags/example_bash_decorator.py
[2025-03-04T06:56:19.449+0000] {processor.py:925} INFO - DAG(s) 'example_bash_decorator' retrieved from /home/airflow/.local/lib/python3.12/site-packages/airflow/example_dags/example_bash_decorator.py
[2025-03-04T06:56:19.468+0000] {logging_mixin.py:190} INFO - [2025-03-04T06:56:19.468+0000] {dag.py:3239} INFO - Sync 1 DAGs
[2025-03-04T06:56:19.480+0000] {logging_mixin.py:190} INFO - [2025-03-04T06:56:19.479+0000] {dag.py:4180} INFO - Setting next_dagrun for example_bash_decorator to None, run_after=None
[2025-03-04T06:56:19.493+0000] {processor.py:208} INFO - Processing /home/airflow/.local/lib/python3.12/site-packages/airflow/example_dags/example_bash_decorator.py took 0.066 seconds
[2025-03-04T06:56:50.537+0000] {processor.py:186} INFO - Started process (PID=561) to work on /home/airflow/.local/lib/python3.12/site-packages/airflow/example_dags/example_bash_decorator.py
[2025-03-04T06:56:50.538+0000] {processor.py:914} INFO - Processing file /home/airflow/.local/lib/python3.12/site-packages/airflow/example_dags/example_bash_decorator.py for tasks to queue
[2025-03-04T06:56:50.541+0000] {logging_mixin.py:190} INFO - [2025-03-04T06:56:50.540+0000] {dagbag.py:588} INFO - Filling up the DagBag from /home/airflow/.local/lib/python3.12/site-packages/airflow/example_dags/example_bash_decorator.py
[2025-03-04T06:56:50.555+0000] {processor.py:925} INFO - DAG(s) 'example_bash_decorator' retrieved from /home/airflow/.local/lib/python3.12/site-packages/airflow/example_dags/example_bash_decorator.py
[2025-03-04T06:56:50.577+0000] {logging_mixin.py:190} INFO - [2025-03-04T06:56:50.576+0000] {dag.py:3239} INFO - Sync 1 DAGs
[2025-03-04T06:56:50.589+0000] {logging_mixin.py:190} INFO - [2025-03-04T06:56:50.589+0000] {dag.py:4180} INFO - Setting next_dagrun for example_bash_decorator to None, run_after=None
[2025-03-04T06:56:50.609+0000] {processor.py:208} INFO - Processing /home/airflow/.local/lib/python3.12/site-packages/airflow/example_dags/example_bash_decorator.py took 0.079 seconds
[2025-03-04T06:57:21.683+0000] {processor.py:186} INFO - Started process (PID=636) to work on /home/airflow/.local/lib/python3.12/site-packages/airflow/example_dags/example_bash_decorator.py
[2025-03-04T06:57:21.684+0000] {processor.py:914} INFO - Processing file /home/airflow/.local/lib/python3.12/site-packages/airflow/example_dags/example_bash_decorator.py for tasks to queue
[2025-03-04T06:57:21.686+0000] {logging_mixin.py:190} INFO - [2025-03-04T06:57:21.686+0000] {dagbag.py:588} INFO - Filling up the DagBag from /home/airflow/.local/lib/python3.12/site-packages/airflow/example_dags/example_bash_decorator.py
[2025-03-04T06:57:21.698+0000] {processor.py:925} INFO - DAG(s) 'example_bash_decorator' retrieved from /home/airflow/.local/lib/python3.12/site-packages/airflow/example_dags/example_bash_decorator.py
[2025-03-04T06:57:21.717+0000] {logging_mixin.py:190} INFO - [2025-03-04T06:57:21.716+0000] {dag.py:3239} INFO - Sync 1 DAGs
[2025-03-04T06:57:21.728+0000] {logging_mixin.py:190} INFO - [2025-03-04T06:57:21.728+0000] {dag.py:4180} INFO - Setting next_dagrun for example_bash_decorator to None, run_after=None
[2025-03-04T06:57:21.744+0000] {processor.py:208} INFO - Processing /home/airflow/.local/lib/python3.12/site-packages/airflow/example_dags/example_bash_decorator.py took 0.066 seconds
[2025-03-04T06:57:53.005+0000] {processor.py:186} INFO - Started process (PID=719) to work on /home/airflow/.local/lib/python3.12/site-packages/airflow/example_dags/example_bash_decorator.py
[2025-03-04T06:57:53.007+0000] {processor.py:914} INFO - Processing file /home/airflow/.local/lib/python3.12/site-packages/airflow/example_dags/example_bash_decorator.py for tasks to queue
[2025-03-04T06:57:53.009+0000] {logging_mixin.py:190} INFO - [2025-03-04T06:57:53.009+0000] {dagbag.py:588} INFO - Filling up the DagBag from /home/airflow/.local/lib/python3.12/site-packages/airflow/example_dags/example_bash_decorator.py
[2025-03-04T06:57:53.025+0000] {processor.py:925} INFO - DAG(s) 'example_bash_decorator' retrieved from /home/airflow/.local/lib/python3.12/site-packages/airflow/example_dags/example_bash_decorator.py
[2025-03-04T06:57:53.051+0000] {logging_mixin.py:190} INFO - [2025-03-04T06:57:53.050+0000] {dag.py:3239} INFO - Sync 1 DAGs
[2025-03-04T06:57:53.067+0000] {logging_mixin.py:190} INFO - [2025-03-04T06:57:53.067+0000] {dag.py:4180} INFO - Setting next_dagrun for example_bash_decorator to None, run_after=None
[2025-03-04T06:57:53.090+0000] {processor.py:208} INFO - Processing /home/airflow/.local/lib/python3.12/site-packages/airflow/example_dags/example_bash_decorator.py took 0.091 seconds
[2025-03-04T06:58:23.280+0000] {processor.py:186} INFO - Started process (PID=794) to work on /home/airflow/.local/lib/python3.12/site-packages/airflow/example_dags/example_bash_decorator.py
[2025-03-04T06:58:23.281+0000] {processor.py:914} INFO - Processing file /home/airflow/.local/lib/python3.12/site-packages/airflow/example_dags/example_bash_decorator.py for tasks to queue
[2025-03-04T06:58:23.283+0000] {logging_mixin.py:190} INFO - [2025-03-04T06:58:23.283+0000] {dagbag.py:588} INFO - Filling up the DagBag from /home/airflow/.local/lib/python3.12/site-packages/airflow/example_dags/example_bash_decorator.py
[2025-03-04T06:58:23.295+0000] {processor.py:925} INFO - DAG(s) 'example_bash_decorator' retrieved from /home/airflow/.local/lib/python3.12/site-packages/airflow/example_dags/example_bash_decorator.py
[2025-03-04T06:58:23.313+0000] {logging_mixin.py:190} INFO - [2025-03-04T06:58:23.313+0000] {dag.py:3239} INFO - Sync 1 DAGs
[2025-03-04T06:58:23.324+0000] {logging_mixin.py:190} INFO - [2025-03-04T06:58:23.324+0000] {dag.py:4180} INFO - Setting next_dagrun for example_bash_decorator to None, run_after=None
[2025-03-04T06:58:23.339+0000] {processor.py:208} INFO - Processing /home/airflow/.local/lib/python3.12/site-packages/airflow/example_dags/example_bash_decorator.py took 0.064 seconds
[2025-03-04T06:58:53.745+0000] {processor.py:186} INFO - Started process (PID=870) to work on /home/airflow/.local/lib/python3.12/site-packages/airflow/example_dags/example_bash_decorator.py
[2025-03-04T06:58:53.747+0000] {processor.py:914} INFO - Processing file /home/airflow/.local/lib/python3.12/site-packages/airflow/example_dags/example_bash_decorator.py for tasks to queue
[2025-03-04T06:58:53.749+0000] {logging_mixin.py:190} INFO - [2025-03-04T06:58:53.749+0000] {dagbag.py:588} INFO - Filling up the DagBag from /home/airflow/.local/lib/python3.12/site-packages/airflow/example_dags/example_bash_decorator.py
[2025-03-04T06:58:53.764+0000] {processor.py:925} INFO - DAG(s) 'example_bash_decorator' retrieved from /home/airflow/.local/lib/python3.12/site-packages/airflow/example_dags/example_bash_decorator.py
[2025-03-04T06:58:53.787+0000] {logging_mixin.py:190} INFO - [2025-03-04T06:58:53.787+0000] {dag.py:3239} INFO - Sync 1 DAGs
[2025-03-04T06:58:53.801+0000] {logging_mixin.py:190} INFO - [2025-03-04T06:58:53.800+0000] {dag.py:4180} INFO - Setting next_dagrun for example_bash_decorator to None, run_after=None
[2025-03-04T06:58:53.819+0000] {processor.py:208} INFO - Processing /home/airflow/.local/lib/python3.12/site-packages/airflow/example_dags/example_bash_decorator.py took 0.080 seconds
[2025-03-04T06:59:23.886+0000] {processor.py:186} INFO - Started process (PID=954) to work on /home/airflow/.local/lib/python3.12/site-packages/airflow/example_dags/example_bash_decorator.py
[2025-03-04T06:59:23.887+0000] {processor.py:914} INFO - Processing file /home/airflow/.local/lib/python3.12/site-packages/airflow/example_dags/example_bash_decorator.py for tasks to queue
[2025-03-04T06:59:23.888+0000] {logging_mixin.py:190} INFO - [2025-03-04T06:59:23.888+0000] {dagbag.py:588} INFO - Filling up the DagBag from /home/airflow/.local/lib/python3.12/site-packages/airflow/example_dags/example_bash_decorator.py
[2025-03-04T06:59:23.900+0000] {processor.py:925} INFO - DAG(s) 'example_bash_decorator' retrieved from /home/airflow/.local/lib/python3.12/site-packages/airflow/example_dags/example_bash_decorator.py
[2025-03-04T06:59:23.917+0000] {logging_mixin.py:190} INFO - [2025-03-04T06:59:23.917+0000] {dag.py:3239} INFO - Sync 1 DAGs
[2025-03-04T06:59:23.927+0000] {logging_mixin.py:190} INFO - [2025-03-04T06:59:23.927+0000] {dag.py:4180} INFO - Setting next_dagrun for example_bash_decorator to None, run_after=None
[2025-03-04T06:59:23.941+0000] {processor.py:208} INFO - Processing /home/airflow/.local/lib/python3.12/site-packages/airflow/example_dags/example_bash_decorator.py took 0.060 seconds
[2025-03-04T06:59:54.863+0000] {processor.py:186} INFO - Started process (PID=1030) to work on /home/airflow/.local/lib/python3.12/site-packages/airflow/example_dags/example_bash_decorator.py
[2025-03-04T06:59:54.864+0000] {processor.py:914} INFO - Processing file /home/airflow/.local/lib/python3.12/site-packages/airflow/example_dags/example_bash_decorator.py for tasks to queue
[2025-03-04T06:59:54.866+0000] {logging_mixin.py:190} INFO - [2025-03-04T06:59:54.866+0000] {dagbag.py:588} INFO - Filling up the DagBag from /home/airflow/.local/lib/python3.12/site-packages/airflow/example_dags/example_bash_decorator.py
[2025-03-04T06:59:54.878+0000] {processor.py:925} INFO - DAG(s) 'example_bash_decorator' retrieved from /home/airflow/.local/lib/python3.12/site-packages/airflow/example_dags/example_bash_decorator.py
[2025-03-04T06:59:54.897+0000] {logging_mixin.py:190} INFO - [2025-03-04T06:59:54.897+0000] {dag.py:3239} INFO - Sync 1 DAGs
[2025-03-04T06:59:54.907+0000] {logging_mixin.py:190} INFO - [2025-03-04T06:59:54.907+0000] {dag.py:4180} INFO - Setting next_dagrun for example_bash_decorator to None, run_after=None
[2025-03-04T06:59:54.921+0000] {processor.py:208} INFO - Processing /home/airflow/.local/lib/python3.12/site-packages/airflow/example_dags/example_bash_decorator.py took 0.063 seconds
[2025-03-04T07:00:25.522+0000] {processor.py:186} INFO - Started process (PID=1114) to work on /home/airflow/.local/lib/python3.12/site-packages/airflow/example_dags/example_bash_decorator.py
[2025-03-04T07:00:25.524+0000] {processor.py:914} INFO - Processing file /home/airflow/.local/lib/python3.12/site-packages/airflow/example_dags/example_bash_decorator.py for tasks to queue
[2025-03-04T07:00:25.526+0000] {logging_mixin.py:190} INFO - [2025-03-04T07:00:25.526+0000] {dagbag.py:588} INFO - Filling up the DagBag from /home/airflow/.local/lib/python3.12/site-packages/airflow/example_dags/example_bash_decorator.py
[2025-03-04T07:00:25.539+0000] {processor.py:925} INFO - DAG(s) 'example_bash_decorator' retrieved from /home/airflow/.local/lib/python3.12/site-packages/airflow/example_dags/example_bash_decorator.py
[2025-03-04T07:00:25.559+0000] {logging_mixin.py:190} INFO - [2025-03-04T07:00:25.559+0000] {dag.py:3239} INFO - Sync 1 DAGs
[2025-03-04T07:00:25.572+0000] {logging_mixin.py:190} INFO - [2025-03-04T07:00:25.571+0000] {dag.py:4180} INFO - Setting next_dagrun for example_bash_decorator to None, run_after=None
[2025-03-04T07:00:25.593+0000] {processor.py:208} INFO - Processing /home/airflow/.local/lib/python3.12/site-packages/airflow/example_dags/example_bash_decorator.py took 0.077 seconds
[2025-03-04T07:00:55.900+0000] {processor.py:186} INFO - Started process (PID=1192) to work on /home/airflow/.local/lib/python3.12/site-packages/airflow/example_dags/example_bash_decorator.py
[2025-03-04T07:00:55.902+0000] {processor.py:914} INFO - Processing file /home/airflow/.local/lib/python3.12/site-packages/airflow/example_dags/example_bash_decorator.py for tasks to queue
[2025-03-04T07:00:55.909+0000] {logging_mixin.py:190} INFO - [2025-03-04T07:00:55.908+0000] {dagbag.py:588} INFO - Filling up the DagBag from /home/airflow/.local/lib/python3.12/site-packages/airflow/example_dags/example_bash_decorator.py
[2025-03-04T07:00:55.927+0000] {processor.py:925} INFO - DAG(s) 'example_bash_decorator' retrieved from /home/airflow/.local/lib/python3.12/site-packages/airflow/example_dags/example_bash_decorator.py
[2025-03-04T07:00:55.963+0000] {logging_mixin.py:190} INFO - [2025-03-04T07:00:55.963+0000] {dag.py:3239} INFO - Sync 1 DAGs
[2025-03-04T07:00:55.982+0000] {logging_mixin.py:190} INFO - [2025-03-04T07:00:55.982+0000] {dag.py:4180} INFO - Setting next_dagrun for example_bash_decorator to None, run_after=None
[2025-03-04T07:00:56.006+0000] {processor.py:208} INFO - Processing /home/airflow/.local/lib/python3.12/site-packages/airflow/example_dags/example_bash_decorator.py took 0.111 seconds
[2025-03-04T07:01:26.528+0000] {processor.py:186} INFO - Started process (PID=1276) to work on /home/airflow/.local/lib/python3.12/site-packages/airflow/example_dags/example_bash_decorator.py
[2025-03-04T07:01:26.530+0000] {processor.py:914} INFO - Processing file /home/airflow/.local/lib/python3.12/site-packages/airflow/example_dags/example_bash_decorator.py for tasks to queue
[2025-03-04T07:01:26.531+0000] {logging_mixin.py:190} INFO - [2025-03-04T07:01:26.531+0000] {dagbag.py:588} INFO - Filling up the DagBag from /home/airflow/.local/lib/python3.12/site-packages/airflow/example_dags/example_bash_decorator.py
[2025-03-04T07:01:26.547+0000] {processor.py:925} INFO - DAG(s) 'example_bash_decorator' retrieved from /home/airflow/.local/lib/python3.12/site-packages/airflow/example_dags/example_bash_decorator.py
[2025-03-04T07:01:26.569+0000] {logging_mixin.py:190} INFO - [2025-03-04T07:01:26.569+0000] {dag.py:3239} INFO - Sync 1 DAGs
[2025-03-04T07:01:26.583+0000] {logging_mixin.py:190} INFO - [2025-03-04T07:01:26.583+0000] {dag.py:4180} INFO - Setting next_dagrun for example_bash_decorator to None, run_after=None
[2025-03-04T07:01:26.600+0000] {processor.py:208} INFO - Processing /home/airflow/.local/lib/python3.12/site-packages/airflow/example_dags/example_bash_decorator.py took 0.079 seconds
[2025-03-04T07:01:57.142+0000] {processor.py:186} INFO - Started process (PID=1352) to work on /home/airflow/.local/lib/python3.12/site-packages/airflow/example_dags/example_bash_decorator.py
[2025-03-04T07:01:57.143+0000] {processor.py:914} INFO - Processing file /home/airflow/.local/lib/python3.12/site-packages/airflow/example_dags/example_bash_decorator.py for tasks to queue
[2025-03-04T07:01:57.145+0000] {logging_mixin.py:190} INFO - [2025-03-04T07:01:57.144+0000] {dagbag.py:588} INFO - Filling up the DagBag from /home/airflow/.local/lib/python3.12/site-packages/airflow/example_dags/example_bash_decorator.py
[2025-03-04T07:01:57.159+0000] {processor.py:925} INFO - DAG(s) 'example_bash_decorator' retrieved from /home/airflow/.local/lib/python3.12/site-packages/airflow/example_dags/example_bash_decorator.py
[2025-03-04T07:01:57.182+0000] {logging_mixin.py:190} INFO - [2025-03-04T07:01:57.182+0000] {dag.py:3239} INFO - Sync 1 DAGs
[2025-03-04T07:01:57.197+0000] {logging_mixin.py:190} INFO - [2025-03-04T07:01:57.196+0000] {dag.py:4180} INFO - Setting next_dagrun for example_bash_decorator to None, run_after=None
[2025-03-04T07:01:57.217+0000] {processor.py:208} INFO - Processing /home/airflow/.local/lib/python3.12/site-packages/airflow/example_dags/example_bash_decorator.py took 0.080 seconds
[2025-03-04T07:02:27.688+0000] {processor.py:186} INFO - Started process (PID=1436) to work on /home/airflow/.local/lib/python3.12/site-packages/airflow/example_dags/example_bash_decorator.py
[2025-03-04T07:02:27.689+0000] {processor.py:914} INFO - Processing file /home/airflow/.local/lib/python3.12/site-packages/airflow/example_dags/example_bash_decorator.py for tasks to queue
[2025-03-04T07:02:27.690+0000] {logging_mixin.py:190} INFO - [2025-03-04T07:02:27.690+0000] {dagbag.py:588} INFO - Filling up the DagBag from /home/airflow/.local/lib/python3.12/site-packages/airflow/example_dags/example_bash_decorator.py
[2025-03-04T07:02:27.704+0000] {processor.py:925} INFO - DAG(s) 'example_bash_decorator' retrieved from /home/airflow/.local/lib/python3.12/site-packages/airflow/example_dags/example_bash_decorator.py
[2025-03-04T07:02:27.724+0000] {logging_mixin.py:190} INFO - [2025-03-04T07:02:27.724+0000] {dag.py:3239} INFO - Sync 1 DAGs
[2025-03-04T07:02:27.737+0000] {logging_mixin.py:190} INFO - [2025-03-04T07:02:27.737+0000] {dag.py:4180} INFO - Setting next_dagrun for example_bash_decorator to None, run_after=None
[2025-03-04T07:02:27.753+0000] {processor.py:208} INFO - Processing /home/airflow/.local/lib/python3.12/site-packages/airflow/example_dags/example_bash_decorator.py took 0.070 seconds
[2025-03-04T07:02:58.254+0000] {processor.py:186} INFO - Started process (PID=1516) to work on /home/airflow/.local/lib/python3.12/site-packages/airflow/example_dags/example_bash_decorator.py
[2025-03-04T07:02:58.256+0000] {processor.py:914} INFO - Processing file /home/airflow/.local/lib/python3.12/site-packages/airflow/example_dags/example_bash_decorator.py for tasks to queue
[2025-03-04T07:02:58.257+0000] {logging_mixin.py:190} INFO - [2025-03-04T07:02:58.257+0000] {dagbag.py:588} INFO - Filling up the DagBag from /home/airflow/.local/lib/python3.12/site-packages/airflow/example_dags/example_bash_decorator.py
[2025-03-04T07:02:58.272+0000] {processor.py:925} INFO - DAG(s) 'example_bash_decorator' retrieved from /home/airflow/.local/lib/python3.12/site-packages/airflow/example_dags/example_bash_decorator.py
[2025-03-04T07:02:58.302+0000] {logging_mixin.py:190} INFO - [2025-03-04T07:02:58.302+0000] {dag.py:3239} INFO - Sync 1 DAGs
[2025-03-04T07:02:58.320+0000] {logging_mixin.py:190} INFO - [2025-03-04T07:02:58.320+0000] {dag.py:4180} INFO - Setting next_dagrun for example_bash_decorator to None, run_after=None
[2025-03-04T07:02:58.342+0000] {processor.py:208} INFO - Processing /home/airflow/.local/lib/python3.12/site-packages/airflow/example_dags/example_bash_decorator.py took 0.094 seconds
[2025-03-04T07:03:28.425+0000] {processor.py:186} INFO - Started process (PID=1591) to work on /home/airflow/.local/lib/python3.12/site-packages/airflow/example_dags/example_bash_decorator.py
[2025-03-04T07:03:28.426+0000] {processor.py:914} INFO - Processing file /home/airflow/.local/lib/python3.12/site-packages/airflow/example_dags/example_bash_decorator.py for tasks to queue
[2025-03-04T07:03:28.427+0000] {logging_mixin.py:190} INFO - [2025-03-04T07:03:28.426+0000] {dagbag.py:588} INFO - Filling up the DagBag from /home/airflow/.local/lib/python3.12/site-packages/airflow/example_dags/example_bash_decorator.py
[2025-03-04T07:03:28.440+0000] {processor.py:925} INFO - DAG(s) 'example_bash_decorator' retrieved from /home/airflow/.local/lib/python3.12/site-packages/airflow/example_dags/example_bash_decorator.py
[2025-03-04T07:03:28.460+0000] {logging_mixin.py:190} INFO - [2025-03-04T07:03:28.460+0000] {dag.py:3239} INFO - Sync 1 DAGs
[2025-03-04T07:03:28.472+0000] {logging_mixin.py:190} INFO - [2025-03-04T07:03:28.472+0000] {dag.py:4180} INFO - Setting next_dagrun for example_bash_decorator to None, run_after=None
[2025-03-04T07:03:28.486+0000] {processor.py:208} INFO - Processing /home/airflow/.local/lib/python3.12/site-packages/airflow/example_dags/example_bash_decorator.py took 0.067 seconds
[2025-03-04T07:03:58.846+0000] {processor.py:186} INFO - Started process (PID=1674) to work on /home/airflow/.local/lib/python3.12/site-packages/airflow/example_dags/example_bash_decorator.py
[2025-03-04T07:03:58.848+0000] {processor.py:914} INFO - Processing file /home/airflow/.local/lib/python3.12/site-packages/airflow/example_dags/example_bash_decorator.py for tasks to queue
[2025-03-04T07:03:58.849+0000] {logging_mixin.py:190} INFO - [2025-03-04T07:03:58.849+0000] {dagbag.py:588} INFO - Filling up the DagBag from /home/airflow/.local/lib/python3.12/site-packages/airflow/example_dags/example_bash_decorator.py
[2025-03-04T07:03:58.865+0000] {processor.py:925} INFO - DAG(s) 'example_bash_decorator' retrieved from /home/airflow/.local/lib/python3.12/site-packages/airflow/example_dags/example_bash_decorator.py
[2025-03-04T07:03:58.890+0000] {logging_mixin.py:190} INFO - [2025-03-04T07:03:58.890+0000] {dag.py:3239} INFO - Sync 1 DAGs
[2025-03-04T07:03:58.905+0000] {logging_mixin.py:190} INFO - [2025-03-04T07:03:58.905+0000] {dag.py:4180} INFO - Setting next_dagrun for example_bash_decorator to None, run_after=None
[2025-03-04T07:03:58.924+0000] {processor.py:208} INFO - Processing /home/airflow/.local/lib/python3.12/site-packages/airflow/example_dags/example_bash_decorator.py took 0.083 seconds
[2025-03-04T07:04:29.693+0000] {processor.py:186} INFO - Started process (PID=1749) to work on /home/airflow/.local/lib/python3.12/site-packages/airflow/example_dags/example_bash_decorator.py
[2025-03-04T07:04:29.694+0000] {processor.py:914} INFO - Processing file /home/airflow/.local/lib/python3.12/site-packages/airflow/example_dags/example_bash_decorator.py for tasks to queue
[2025-03-04T07:04:29.695+0000] {logging_mixin.py:190} INFO - [2025-03-04T07:04:29.694+0000] {dagbag.py:588} INFO - Filling up the DagBag from /home/airflow/.local/lib/python3.12/site-packages/airflow/example_dags/example_bash_decorator.py
[2025-03-04T07:04:29.706+0000] {processor.py:925} INFO - DAG(s) 'example_bash_decorator' retrieved from /home/airflow/.local/lib/python3.12/site-packages/airflow/example_dags/example_bash_decorator.py
[2025-03-04T07:04:29.724+0000] {logging_mixin.py:190} INFO - [2025-03-04T07:04:29.724+0000] {dag.py:3239} INFO - Sync 1 DAGs
[2025-03-04T07:04:29.734+0000] {logging_mixin.py:190} INFO - [2025-03-04T07:04:29.734+0000] {dag.py:4180} INFO - Setting next_dagrun for example_bash_decorator to None, run_after=None
[2025-03-04T07:04:29.749+0000] {processor.py:208} INFO - Processing /home/airflow/.local/lib/python3.12/site-packages/airflow/example_dags/example_bash_decorator.py took 0.060 seconds
[2025-03-04T07:04:59.840+0000] {processor.py:186} INFO - Started process (PID=1830) to work on /home/airflow/.local/lib/python3.12/site-packages/airflow/example_dags/example_bash_decorator.py
[2025-03-04T07:04:59.841+0000] {processor.py:914} INFO - Processing file /home/airflow/.local/lib/python3.12/site-packages/airflow/example_dags/example_bash_decorator.py for tasks to queue
[2025-03-04T07:04:59.842+0000] {logging_mixin.py:190} INFO - [2025-03-04T07:04:59.841+0000] {dagbag.py:588} INFO - Filling up the DagBag from /home/airflow/.local/lib/python3.12/site-packages/airflow/example_dags/example_bash_decorator.py
[2025-03-04T07:04:59.853+0000] {processor.py:925} INFO - DAG(s) 'example_bash_decorator' retrieved from /home/airflow/.local/lib/python3.12/site-packages/airflow/example_dags/example_bash_decorator.py
[2025-03-04T07:04:59.869+0000] {logging_mixin.py:190} INFO - [2025-03-04T07:04:59.869+0000] {dag.py:3239} INFO - Sync 1 DAGs
[2025-03-04T07:04:59.881+0000] {logging_mixin.py:190} INFO - [2025-03-04T07:04:59.881+0000] {dag.py:4180} INFO - Setting next_dagrun for example_bash_decorator to None, run_after=None
[2025-03-04T07:04:59.895+0000] {processor.py:208} INFO - Processing /home/airflow/.local/lib/python3.12/site-packages/airflow/example_dags/example_bash_decorator.py took 0.060 seconds
[2025-03-04T07:05:30.272+0000] {processor.py:186} INFO - Started process (PID=1905) to work on /home/airflow/.local/lib/python3.12/site-packages/airflow/example_dags/example_bash_decorator.py
[2025-03-04T07:05:30.273+0000] {processor.py:914} INFO - Processing file /home/airflow/.local/lib/python3.12/site-packages/airflow/example_dags/example_bash_decorator.py for tasks to queue
[2025-03-04T07:05:30.274+0000] {logging_mixin.py:190} INFO - [2025-03-04T07:05:30.274+0000] {dagbag.py:588} INFO - Filling up the DagBag from /home/airflow/.local/lib/python3.12/site-packages/airflow/example_dags/example_bash_decorator.py
[2025-03-04T07:05:30.285+0000] {processor.py:925} INFO - DAG(s) 'example_bash_decorator' retrieved from /home/airflow/.local/lib/python3.12/site-packages/airflow/example_dags/example_bash_decorator.py
[2025-03-04T07:05:30.304+0000] {logging_mixin.py:190} INFO - [2025-03-04T07:05:30.304+0000] {dag.py:3239} INFO - Sync 1 DAGs
[2025-03-04T07:05:30.316+0000] {logging_mixin.py:190} INFO - [2025-03-04T07:05:30.315+0000] {dag.py:4180} INFO - Setting next_dagrun for example_bash_decorator to None, run_after=None
[2025-03-04T07:05:30.331+0000] {processor.py:208} INFO - Processing /home/airflow/.local/lib/python3.12/site-packages/airflow/example_dags/example_bash_decorator.py took 0.064 seconds
[2025-03-04T07:06:00.556+0000] {processor.py:186} INFO - Started process (PID=1987) to work on /home/airflow/.local/lib/python3.12/site-packages/airflow/example_dags/example_bash_decorator.py
[2025-03-04T07:06:00.558+0000] {processor.py:914} INFO - Processing file /home/airflow/.local/lib/python3.12/site-packages/airflow/example_dags/example_bash_decorator.py for tasks to queue
[2025-03-04T07:06:00.560+0000] {logging_mixin.py:190} INFO - [2025-03-04T07:06:00.560+0000] {dagbag.py:588} INFO - Filling up the DagBag from /home/airflow/.local/lib/python3.12/site-packages/airflow/example_dags/example_bash_decorator.py
[2025-03-04T07:06:00.582+0000] {processor.py:925} INFO - DAG(s) 'example_bash_decorator' retrieved from /home/airflow/.local/lib/python3.12/site-packages/airflow/example_dags/example_bash_decorator.py
[2025-03-04T07:06:00.610+0000] {logging_mixin.py:190} INFO - [2025-03-04T07:06:00.609+0000] {dag.py:3239} INFO - Sync 1 DAGs
[2025-03-04T07:06:00.626+0000] {logging_mixin.py:190} INFO - [2025-03-04T07:06:00.626+0000] {dag.py:4180} INFO - Setting next_dagrun for example_bash_decorator to None, run_after=None
[2025-03-04T07:06:00.650+0000] {processor.py:208} INFO - Processing /home/airflow/.local/lib/python3.12/site-packages/airflow/example_dags/example_bash_decorator.py took 0.106 seconds
[2025-03-04T07:06:31.004+0000] {processor.py:186} INFO - Started process (PID=2061) to work on /home/airflow/.local/lib/python3.12/site-packages/airflow/example_dags/example_bash_decorator.py
[2025-03-04T07:06:31.005+0000] {processor.py:914} INFO - Processing file /home/airflow/.local/lib/python3.12/site-packages/airflow/example_dags/example_bash_decorator.py for tasks to queue
[2025-03-04T07:06:31.006+0000] {logging_mixin.py:190} INFO - [2025-03-04T07:06:31.006+0000] {dagbag.py:588} INFO - Filling up the DagBag from /home/airflow/.local/lib/python3.12/site-packages/airflow/example_dags/example_bash_decorator.py
[2025-03-04T07:06:31.017+0000] {processor.py:925} INFO - DAG(s) 'example_bash_decorator' retrieved from /home/airflow/.local/lib/python3.12/site-packages/airflow/example_dags/example_bash_decorator.py
[2025-03-04T07:06:31.041+0000] {logging_mixin.py:190} INFO - [2025-03-04T07:06:31.041+0000] {dag.py:3239} INFO - Sync 1 DAGs
[2025-03-04T07:06:31.054+0000] {logging_mixin.py:190} INFO - [2025-03-04T07:06:31.053+0000] {dag.py:4180} INFO - Setting next_dagrun for example_bash_decorator to None, run_after=None
[2025-03-04T07:06:31.069+0000] {processor.py:208} INFO - Processing /home/airflow/.local/lib/python3.12/site-packages/airflow/example_dags/example_bash_decorator.py took 0.069 seconds
[2025-03-04T07:07:01.232+0000] {processor.py:186} INFO - Started process (PID=2141) to work on /home/airflow/.local/lib/python3.12/site-packages/airflow/example_dags/example_bash_decorator.py
[2025-03-04T07:07:01.234+0000] {processor.py:914} INFO - Processing file /home/airflow/.local/lib/python3.12/site-packages/airflow/example_dags/example_bash_decorator.py for tasks to queue
[2025-03-04T07:07:01.235+0000] {logging_mixin.py:190} INFO - [2025-03-04T07:07:01.235+0000] {dagbag.py:588} INFO - Filling up the DagBag from /home/airflow/.local/lib/python3.12/site-packages/airflow/example_dags/example_bash_decorator.py
[2025-03-04T07:07:01.251+0000] {processor.py:925} INFO - DAG(s) 'example_bash_decorator' retrieved from /home/airflow/.local/lib/python3.12/site-packages/airflow/example_dags/example_bash_decorator.py
[2025-03-04T07:07:01.275+0000] {logging_mixin.py:190} INFO - [2025-03-04T07:07:01.274+0000] {dag.py:3239} INFO - Sync 1 DAGs
[2025-03-04T07:07:01.289+0000] {logging_mixin.py:190} INFO - [2025-03-04T07:07:01.289+0000] {dag.py:4180} INFO - Setting next_dagrun for example_bash_decorator to None, run_after=None
[2025-03-04T07:07:01.305+0000] {processor.py:208} INFO - Processing /home/airflow/.local/lib/python3.12/site-packages/airflow/example_dags/example_bash_decorator.py took 0.077 seconds
[2025-03-04T07:07:31.618+0000] {processor.py:186} INFO - Started process (PID=2217) to work on /home/airflow/.local/lib/python3.12/site-packages/airflow/example_dags/example_bash_decorator.py
[2025-03-04T07:07:31.619+0000] {processor.py:914} INFO - Processing file /home/airflow/.local/lib/python3.12/site-packages/airflow/example_dags/example_bash_decorator.py for tasks to queue
[2025-03-04T07:07:31.620+0000] {logging_mixin.py:190} INFO - [2025-03-04T07:07:31.620+0000] {dagbag.py:588} INFO - Filling up the DagBag from /home/airflow/.local/lib/python3.12/site-packages/airflow/example_dags/example_bash_decorator.py
[2025-03-04T07:07:31.641+0000] {processor.py:925} INFO - DAG(s) 'example_bash_decorator' retrieved from /home/airflow/.local/lib/python3.12/site-packages/airflow/example_dags/example_bash_decorator.py
[2025-03-04T07:07:31.672+0000] {logging_mixin.py:190} INFO - [2025-03-04T07:07:31.671+0000] {dag.py:3239} INFO - Sync 1 DAGs
[2025-03-04T07:07:31.690+0000] {logging_mixin.py:190} INFO - [2025-03-04T07:07:31.690+0000] {dag.py:4180} INFO - Setting next_dagrun for example_bash_decorator to None, run_after=None
[2025-03-04T07:07:31.710+0000] {processor.py:208} INFO - Processing /home/airflow/.local/lib/python3.12/site-packages/airflow/example_dags/example_bash_decorator.py took 0.099 seconds
[2025-03-04T07:08:01.891+0000] {processor.py:186} INFO - Started process (PID=2298) to work on /home/airflow/.local/lib/python3.12/site-packages/airflow/example_dags/example_bash_decorator.py
[2025-03-04T07:08:01.893+0000] {processor.py:914} INFO - Processing file /home/airflow/.local/lib/python3.12/site-packages/airflow/example_dags/example_bash_decorator.py for tasks to queue
[2025-03-04T07:08:01.896+0000] {logging_mixin.py:190} INFO - [2025-03-04T07:08:01.895+0000] {dagbag.py:588} INFO - Filling up the DagBag from /home/airflow/.local/lib/python3.12/site-packages/airflow/example_dags/example_bash_decorator.py
[2025-03-04T07:08:01.911+0000] {processor.py:925} INFO - DAG(s) 'example_bash_decorator' retrieved from /home/airflow/.local/lib/python3.12/site-packages/airflow/example_dags/example_bash_decorator.py
[2025-03-04T07:08:01.939+0000] {logging_mixin.py:190} INFO - [2025-03-04T07:08:01.939+0000] {dag.py:3239} INFO - Sync 1 DAGs
[2025-03-04T07:08:01.957+0000] {logging_mixin.py:190} INFO - [2025-03-04T07:08:01.956+0000] {dag.py:4180} INFO - Setting next_dagrun for example_bash_decorator to None, run_after=None
[2025-03-04T07:08:01.979+0000] {processor.py:208} INFO - Processing /home/airflow/.local/lib/python3.12/site-packages/airflow/example_dags/example_bash_decorator.py took 0.094 seconds
[2025-03-04T07:08:32.100+0000] {processor.py:186} INFO - Started process (PID=2372) to work on /home/airflow/.local/lib/python3.12/site-packages/airflow/example_dags/example_bash_decorator.py
[2025-03-04T07:08:32.102+0000] {processor.py:914} INFO - Processing file /home/airflow/.local/lib/python3.12/site-packages/airflow/example_dags/example_bash_decorator.py for tasks to queue
[2025-03-04T07:08:32.104+0000] {logging_mixin.py:190} INFO - [2025-03-04T07:08:32.103+0000] {dagbag.py:588} INFO - Filling up the DagBag from /home/airflow/.local/lib/python3.12/site-packages/airflow/example_dags/example_bash_decorator.py
[2025-03-04T07:08:32.120+0000] {processor.py:925} INFO - DAG(s) 'example_bash_decorator' retrieved from /home/airflow/.local/lib/python3.12/site-packages/airflow/example_dags/example_bash_decorator.py
[2025-03-04T07:08:32.151+0000] {logging_mixin.py:190} INFO - [2025-03-04T07:08:32.151+0000] {dag.py:3239} INFO - Sync 1 DAGs
[2025-03-04T07:08:32.166+0000] {logging_mixin.py:190} INFO - [2025-03-04T07:08:32.165+0000] {dag.py:4180} INFO - Setting next_dagrun for example_bash_decorator to None, run_after=None
[2025-03-04T07:08:32.184+0000] {processor.py:208} INFO - Processing /home/airflow/.local/lib/python3.12/site-packages/airflow/example_dags/example_bash_decorator.py took 0.091 seconds
[2025-03-04T07:09:02.471+0000] {processor.py:186} INFO - Started process (PID=2447) to work on /home/airflow/.local/lib/python3.12/site-packages/airflow/example_dags/example_bash_decorator.py
[2025-03-04T07:09:02.472+0000] {processor.py:914} INFO - Processing file /home/airflow/.local/lib/python3.12/site-packages/airflow/example_dags/example_bash_decorator.py for tasks to queue
[2025-03-04T07:09:02.473+0000] {logging_mixin.py:190} INFO - [2025-03-04T07:09:02.473+0000] {dagbag.py:588} INFO - Filling up the DagBag from /home/airflow/.local/lib/python3.12/site-packages/airflow/example_dags/example_bash_decorator.py
[2025-03-04T07:09:02.484+0000] {processor.py:925} INFO - DAG(s) 'example_bash_decorator' retrieved from /home/airflow/.local/lib/python3.12/site-packages/airflow/example_dags/example_bash_decorator.py
[2025-03-04T07:09:02.501+0000] {logging_mixin.py:190} INFO - [2025-03-04T07:09:02.501+0000] {dag.py:3239} INFO - Sync 1 DAGs
[2025-03-04T07:09:02.512+0000] {logging_mixin.py:190} INFO - [2025-03-04T07:09:02.512+0000] {dag.py:4180} INFO - Setting next_dagrun for example_bash_decorator to None, run_after=None
[2025-03-04T07:09:02.526+0000] {processor.py:208} INFO - Processing /home/airflow/.local/lib/python3.12/site-packages/airflow/example_dags/example_bash_decorator.py took 0.060 seconds
[2025-03-04T07:09:33.200+0000] {processor.py:186} INFO - Started process (PID=2530) to work on /home/airflow/.local/lib/python3.12/site-packages/airflow/example_dags/example_bash_decorator.py
[2025-03-04T07:09:33.202+0000] {processor.py:914} INFO - Processing file /home/airflow/.local/lib/python3.12/site-packages/airflow/example_dags/example_bash_decorator.py for tasks to queue
[2025-03-04T07:09:33.204+0000] {logging_mixin.py:190} INFO - [2025-03-04T07:09:33.204+0000] {dagbag.py:588} INFO - Filling up the DagBag from /home/airflow/.local/lib/python3.12/site-packages/airflow/example_dags/example_bash_decorator.py
[2025-03-04T07:09:33.225+0000] {processor.py:925} INFO - DAG(s) 'example_bash_decorator' retrieved from /home/airflow/.local/lib/python3.12/site-packages/airflow/example_dags/example_bash_decorator.py
[2025-03-04T07:09:33.257+0000] {logging_mixin.py:190} INFO - [2025-03-04T07:09:33.257+0000] {dag.py:3239} INFO - Sync 1 DAGs
[2025-03-04T07:09:33.282+0000] {logging_mixin.py:190} INFO - [2025-03-04T07:09:33.282+0000] {dag.py:4180} INFO - Setting next_dagrun for example_bash_decorator to None, run_after=None
[2025-03-04T07:09:33.306+0000] {processor.py:208} INFO - Processing /home/airflow/.local/lib/python3.12/site-packages/airflow/example_dags/example_bash_decorator.py took 0.116 seconds
[2025-03-04T07:10:03.688+0000] {processor.py:186} INFO - Started process (PID=2604) to work on /home/airflow/.local/lib/python3.12/site-packages/airflow/example_dags/example_bash_decorator.py
[2025-03-04T07:10:03.689+0000] {processor.py:914} INFO - Processing file /home/airflow/.local/lib/python3.12/site-packages/airflow/example_dags/example_bash_decorator.py for tasks to queue
[2025-03-04T07:10:03.690+0000] {logging_mixin.py:190} INFO - [2025-03-04T07:10:03.690+0000] {dagbag.py:588} INFO - Filling up the DagBag from /home/airflow/.local/lib/python3.12/site-packages/airflow/example_dags/example_bash_decorator.py
[2025-03-04T07:10:03.701+0000] {processor.py:925} INFO - DAG(s) 'example_bash_decorator' retrieved from /home/airflow/.local/lib/python3.12/site-packages/airflow/example_dags/example_bash_decorator.py
[2025-03-04T07:10:03.721+0000] {logging_mixin.py:190} INFO - [2025-03-04T07:10:03.720+0000] {dag.py:3239} INFO - Sync 1 DAGs
[2025-03-04T07:10:03.731+0000] {logging_mixin.py:190} INFO - [2025-03-04T07:10:03.731+0000] {dag.py:4180} INFO - Setting next_dagrun for example_bash_decorator to None, run_after=None
[2025-03-04T07:10:03.749+0000] {processor.py:208} INFO - Processing /home/airflow/.local/lib/python3.12/site-packages/airflow/example_dags/example_bash_decorator.py took 0.066 seconds
[2025-03-04T07:10:33.904+0000] {processor.py:186} INFO - Started process (PID=2683) to work on /home/airflow/.local/lib/python3.12/site-packages/airflow/example_dags/example_bash_decorator.py
[2025-03-04T07:10:33.905+0000] {processor.py:914} INFO - Processing file /home/airflow/.local/lib/python3.12/site-packages/airflow/example_dags/example_bash_decorator.py for tasks to queue
[2025-03-04T07:10:33.907+0000] {logging_mixin.py:190} INFO - [2025-03-04T07:10:33.907+0000] {dagbag.py:588} INFO - Filling up the DagBag from /home/airflow/.local/lib/python3.12/site-packages/airflow/example_dags/example_bash_decorator.py
[2025-03-04T07:10:33.922+0000] {processor.py:925} INFO - DAG(s) 'example_bash_decorator' retrieved from /home/airflow/.local/lib/python3.12/site-packages/airflow/example_dags/example_bash_decorator.py
[2025-03-04T07:10:33.939+0000] {logging_mixin.py:190} INFO - [2025-03-04T07:10:33.939+0000] {dag.py:3239} INFO - Sync 1 DAGs
[2025-03-04T07:10:33.956+0000] {logging_mixin.py:190} INFO - [2025-03-04T07:10:33.956+0000] {dag.py:4180} INFO - Setting next_dagrun for example_bash_decorator to None, run_after=None
[2025-03-04T07:10:33.979+0000] {processor.py:208} INFO - Processing /home/airflow/.local/lib/python3.12/site-packages/airflow/example_dags/example_bash_decorator.py took 0.080 seconds
[2025-03-04T07:11:04.113+0000] {processor.py:186} INFO - Started process (PID=2758) to work on /home/airflow/.local/lib/python3.12/site-packages/airflow/example_dags/example_bash_decorator.py
[2025-03-04T07:11:04.115+0000] {processor.py:914} INFO - Processing file /home/airflow/.local/lib/python3.12/site-packages/airflow/example_dags/example_bash_decorator.py for tasks to queue
[2025-03-04T07:11:04.118+0000] {logging_mixin.py:190} INFO - [2025-03-04T07:11:04.117+0000] {dagbag.py:588} INFO - Filling up the DagBag from /home/airflow/.local/lib/python3.12/site-packages/airflow/example_dags/example_bash_decorator.py
[2025-03-04T07:11:04.139+0000] {processor.py:925} INFO - DAG(s) 'example_bash_decorator' retrieved from /home/airflow/.local/lib/python3.12/site-packages/airflow/example_dags/example_bash_decorator.py
[2025-03-04T07:11:04.177+0000] {logging_mixin.py:190} INFO - [2025-03-04T07:11:04.176+0000] {dag.py:3239} INFO - Sync 1 DAGs
[2025-03-04T07:11:04.199+0000] {logging_mixin.py:190} INFO - [2025-03-04T07:11:04.198+0000] {dag.py:4180} INFO - Setting next_dagrun for example_bash_decorator to None, run_after=None
[2025-03-04T07:11:04.217+0000] {processor.py:208} INFO - Processing /home/airflow/.local/lib/python3.12/site-packages/airflow/example_dags/example_bash_decorator.py took 0.113 seconds
[2025-03-04T07:11:34.584+0000] {processor.py:186} INFO - Started process (PID=2832) to work on /home/airflow/.local/lib/python3.12/site-packages/airflow/example_dags/example_bash_decorator.py
[2025-03-04T07:11:34.585+0000] {processor.py:914} INFO - Processing file /home/airflow/.local/lib/python3.12/site-packages/airflow/example_dags/example_bash_decorator.py for tasks to queue
[2025-03-04T07:11:34.587+0000] {logging_mixin.py:190} INFO - [2025-03-04T07:11:34.587+0000] {dagbag.py:588} INFO - Filling up the DagBag from /home/airflow/.local/lib/python3.12/site-packages/airflow/example_dags/example_bash_decorator.py
[2025-03-04T07:11:34.599+0000] {processor.py:925} INFO - DAG(s) 'example_bash_decorator' retrieved from /home/airflow/.local/lib/python3.12/site-packages/airflow/example_dags/example_bash_decorator.py
[2025-03-04T07:11:34.623+0000] {logging_mixin.py:190} INFO - [2025-03-04T07:11:34.623+0000] {dag.py:3239} INFO - Sync 1 DAGs
[2025-03-04T07:11:34.635+0000] {logging_mixin.py:190} INFO - [2025-03-04T07:11:34.635+0000] {dag.py:4180} INFO - Setting next_dagrun for example_bash_decorator to None, run_after=None
[2025-03-04T07:11:34.654+0000] {processor.py:208} INFO - Processing /home/airflow/.local/lib/python3.12/site-packages/airflow/example_dags/example_bash_decorator.py took 0.075 seconds
[2025-03-04T07:12:05.477+0000] {processor.py:186} INFO - Started process (PID=2914) to work on /home/airflow/.local/lib/python3.12/site-packages/airflow/example_dags/example_bash_decorator.py
[2025-03-04T07:12:05.480+0000] {processor.py:914} INFO - Processing file /home/airflow/.local/lib/python3.12/site-packages/airflow/example_dags/example_bash_decorator.py for tasks to queue
[2025-03-04T07:12:05.482+0000] {logging_mixin.py:190} INFO - [2025-03-04T07:12:05.481+0000] {dagbag.py:588} INFO - Filling up the DagBag from /home/airflow/.local/lib/python3.12/site-packages/airflow/example_dags/example_bash_decorator.py
[2025-03-04T07:12:05.493+0000] {processor.py:925} INFO - DAG(s) 'example_bash_decorator' retrieved from /home/airflow/.local/lib/python3.12/site-packages/airflow/example_dags/example_bash_decorator.py
[2025-03-04T07:12:05.512+0000] {logging_mixin.py:190} INFO - [2025-03-04T07:12:05.512+0000] {dag.py:3239} INFO - Sync 1 DAGs
[2025-03-04T07:12:05.525+0000] {logging_mixin.py:190} INFO - [2025-03-04T07:12:05.525+0000] {dag.py:4180} INFO - Setting next_dagrun for example_bash_decorator to None, run_after=None
[2025-03-04T07:12:05.543+0000] {processor.py:208} INFO - Processing /home/airflow/.local/lib/python3.12/site-packages/airflow/example_dags/example_bash_decorator.py took 0.070 seconds
[2025-03-04T07:12:35.752+0000] {processor.py:186} INFO - Started process (PID=2987) to work on /home/airflow/.local/lib/python3.12/site-packages/airflow/example_dags/example_bash_decorator.py
[2025-03-04T07:12:35.753+0000] {processor.py:914} INFO - Processing file /home/airflow/.local/lib/python3.12/site-packages/airflow/example_dags/example_bash_decorator.py for tasks to queue
[2025-03-04T07:12:35.754+0000] {logging_mixin.py:190} INFO - [2025-03-04T07:12:35.754+0000] {dagbag.py:588} INFO - Filling up the DagBag from /home/airflow/.local/lib/python3.12/site-packages/airflow/example_dags/example_bash_decorator.py
[2025-03-04T07:12:35.765+0000] {processor.py:925} INFO - DAG(s) 'example_bash_decorator' retrieved from /home/airflow/.local/lib/python3.12/site-packages/airflow/example_dags/example_bash_decorator.py
[2025-03-04T07:12:35.782+0000] {logging_mixin.py:190} INFO - [2025-03-04T07:12:35.782+0000] {dag.py:3239} INFO - Sync 1 DAGs
[2025-03-04T07:12:35.794+0000] {logging_mixin.py:190} INFO - [2025-03-04T07:12:35.794+0000] {dag.py:4180} INFO - Setting next_dagrun for example_bash_decorator to None, run_after=None
[2025-03-04T07:12:35.809+0000] {processor.py:208} INFO - Processing /home/airflow/.local/lib/python3.12/site-packages/airflow/example_dags/example_bash_decorator.py took 0.061 seconds
[2025-03-04T07:13:06.288+0000] {processor.py:186} INFO - Started process (PID=3060) to work on /home/airflow/.local/lib/python3.12/site-packages/airflow/example_dags/example_bash_decorator.py
[2025-03-04T07:13:06.290+0000] {processor.py:914} INFO - Processing file /home/airflow/.local/lib/python3.12/site-packages/airflow/example_dags/example_bash_decorator.py for tasks to queue
[2025-03-04T07:13:06.293+0000] {logging_mixin.py:190} INFO - [2025-03-04T07:13:06.293+0000] {dagbag.py:588} INFO - Filling up the DagBag from /home/airflow/.local/lib/python3.12/site-packages/airflow/example_dags/example_bash_decorator.py
[2025-03-04T07:13:06.318+0000] {processor.py:925} INFO - DAG(s) 'example_bash_decorator' retrieved from /home/airflow/.local/lib/python3.12/site-packages/airflow/example_dags/example_bash_decorator.py
[2025-03-04T07:13:06.357+0000] {logging_mixin.py:190} INFO - [2025-03-04T07:13:06.357+0000] {dag.py:3239} INFO - Sync 1 DAGs
[2025-03-04T07:13:06.377+0000] {logging_mixin.py:190} INFO - [2025-03-04T07:13:06.377+0000] {dag.py:4180} INFO - Setting next_dagrun for example_bash_decorator to None, run_after=None
[2025-03-04T07:13:06.404+0000] {processor.py:208} INFO - Processing /home/airflow/.local/lib/python3.12/site-packages/airflow/example_dags/example_bash_decorator.py took 0.125 seconds
[2025-03-04T07:13:36.618+0000] {processor.py:186} INFO - Started process (PID=3140) to work on /home/airflow/.local/lib/python3.12/site-packages/airflow/example_dags/example_bash_decorator.py
[2025-03-04T07:13:36.619+0000] {processor.py:914} INFO - Processing file /home/airflow/.local/lib/python3.12/site-packages/airflow/example_dags/example_bash_decorator.py for tasks to queue
[2025-03-04T07:13:36.620+0000] {logging_mixin.py:190} INFO - [2025-03-04T07:13:36.620+0000] {dagbag.py:588} INFO - Filling up the DagBag from /home/airflow/.local/lib/python3.12/site-packages/airflow/example_dags/example_bash_decorator.py
[2025-03-04T07:13:36.635+0000] {processor.py:925} INFO - DAG(s) 'example_bash_decorator' retrieved from /home/airflow/.local/lib/python3.12/site-packages/airflow/example_dags/example_bash_decorator.py
[2025-03-04T07:13:36.658+0000] {logging_mixin.py:190} INFO - [2025-03-04T07:13:36.658+0000] {dag.py:3239} INFO - Sync 1 DAGs
[2025-03-04T07:13:36.671+0000] {logging_mixin.py:190} INFO - [2025-03-04T07:13:36.671+0000] {dag.py:4180} INFO - Setting next_dagrun for example_bash_decorator to None, run_after=None
[2025-03-04T07:13:36.686+0000] {processor.py:208} INFO - Processing /home/airflow/.local/lib/python3.12/site-packages/airflow/example_dags/example_bash_decorator.py took 0.073 seconds
[2025-03-04T07:14:07.446+0000] {processor.py:186} INFO - Started process (PID=3215) to work on /home/airflow/.local/lib/python3.12/site-packages/airflow/example_dags/example_bash_decorator.py
[2025-03-04T07:14:07.447+0000] {processor.py:914} INFO - Processing file /home/airflow/.local/lib/python3.12/site-packages/airflow/example_dags/example_bash_decorator.py for tasks to queue
[2025-03-04T07:14:07.448+0000] {logging_mixin.py:190} INFO - [2025-03-04T07:14:07.448+0000] {dagbag.py:588} INFO - Filling up the DagBag from /home/airflow/.local/lib/python3.12/site-packages/airflow/example_dags/example_bash_decorator.py
[2025-03-04T07:14:07.460+0000] {processor.py:925} INFO - DAG(s) 'example_bash_decorator' retrieved from /home/airflow/.local/lib/python3.12/site-packages/airflow/example_dags/example_bash_decorator.py
[2025-03-04T07:14:07.478+0000] {logging_mixin.py:190} INFO - [2025-03-04T07:14:07.478+0000] {dag.py:3239} INFO - Sync 1 DAGs
[2025-03-04T07:14:07.489+0000] {logging_mixin.py:190} INFO - [2025-03-04T07:14:07.489+0000] {dag.py:4180} INFO - Setting next_dagrun for example_bash_decorator to None, run_after=None
[2025-03-04T07:14:07.504+0000] {processor.py:208} INFO - Processing /home/airflow/.local/lib/python3.12/site-packages/airflow/example_dags/example_bash_decorator.py took 0.063 seconds
[2025-03-04T07:14:37.706+0000] {processor.py:186} INFO - Started process (PID=3299) to work on /home/airflow/.local/lib/python3.12/site-packages/airflow/example_dags/example_bash_decorator.py
[2025-03-04T07:14:37.708+0000] {processor.py:914} INFO - Processing file /home/airflow/.local/lib/python3.12/site-packages/airflow/example_dags/example_bash_decorator.py for tasks to queue
[2025-03-04T07:14:37.710+0000] {logging_mixin.py:190} INFO - [2025-03-04T07:14:37.709+0000] {dagbag.py:588} INFO - Filling up the DagBag from /home/airflow/.local/lib/python3.12/site-packages/airflow/example_dags/example_bash_decorator.py
[2025-03-04T07:14:37.733+0000] {processor.py:925} INFO - DAG(s) 'example_bash_decorator' retrieved from /home/airflow/.local/lib/python3.12/site-packages/airflow/example_dags/example_bash_decorator.py
[2025-03-04T07:14:37.769+0000] {logging_mixin.py:190} INFO - [2025-03-04T07:14:37.768+0000] {dag.py:3239} INFO - Sync 1 DAGs
[2025-03-04T07:14:37.793+0000] {logging_mixin.py:190} INFO - [2025-03-04T07:14:37.793+0000] {dag.py:4180} INFO - Setting next_dagrun for example_bash_decorator to None, run_after=None
[2025-03-04T07:14:37.826+0000] {processor.py:208} INFO - Processing /home/airflow/.local/lib/python3.12/site-packages/airflow/example_dags/example_bash_decorator.py took 0.130 seconds
[2025-03-04T07:15:08.401+0000] {processor.py:186} INFO - Started process (PID=3378) to work on /home/airflow/.local/lib/python3.12/site-packages/airflow/example_dags/example_bash_decorator.py
[2025-03-04T07:15:08.402+0000] {processor.py:914} INFO - Processing file /home/airflow/.local/lib/python3.12/site-packages/airflow/example_dags/example_bash_decorator.py for tasks to queue
[2025-03-04T07:15:08.404+0000] {logging_mixin.py:190} INFO - [2025-03-04T07:15:08.404+0000] {dagbag.py:588} INFO - Filling up the DagBag from /home/airflow/.local/lib/python3.12/site-packages/airflow/example_dags/example_bash_decorator.py
[2025-03-04T07:15:08.419+0000] {processor.py:925} INFO - DAG(s) 'example_bash_decorator' retrieved from /home/airflow/.local/lib/python3.12/site-packages/airflow/example_dags/example_bash_decorator.py
[2025-03-04T07:15:08.443+0000] {logging_mixin.py:190} INFO - [2025-03-04T07:15:08.443+0000] {dag.py:3239} INFO - Sync 1 DAGs
[2025-03-04T07:15:08.458+0000] {logging_mixin.py:190} INFO - [2025-03-04T07:15:08.457+0000] {dag.py:4180} INFO - Setting next_dagrun for example_bash_decorator to None, run_after=None
[2025-03-04T07:15:08.475+0000] {processor.py:208} INFO - Processing /home/airflow/.local/lib/python3.12/site-packages/airflow/example_dags/example_bash_decorator.py took 0.080 seconds
[2025-03-04T07:15:38.984+0000] {processor.py:186} INFO - Started process (PID=3452) to work on /home/airflow/.local/lib/python3.12/site-packages/airflow/example_dags/example_bash_decorator.py
[2025-03-04T07:15:38.986+0000] {processor.py:914} INFO - Processing file /home/airflow/.local/lib/python3.12/site-packages/airflow/example_dags/example_bash_decorator.py for tasks to queue
[2025-03-04T07:15:38.987+0000] {logging_mixin.py:190} INFO - [2025-03-04T07:15:38.987+0000] {dagbag.py:588} INFO - Filling up the DagBag from /home/airflow/.local/lib/python3.12/site-packages/airflow/example_dags/example_bash_decorator.py
[2025-03-04T07:15:38.999+0000] {processor.py:925} INFO - DAG(s) 'example_bash_decorator' retrieved from /home/airflow/.local/lib/python3.12/site-packages/airflow/example_dags/example_bash_decorator.py
[2025-03-04T07:15:39.017+0000] {logging_mixin.py:190} INFO - [2025-03-04T07:15:39.016+0000] {dag.py:3239} INFO - Sync 1 DAGs
[2025-03-04T07:15:39.027+0000] {logging_mixin.py:190} INFO - [2025-03-04T07:15:39.027+0000] {dag.py:4180} INFO - Setting next_dagrun for example_bash_decorator to None, run_after=None
[2025-03-04T07:15:39.041+0000] {processor.py:208} INFO - Processing /home/airflow/.local/lib/python3.12/site-packages/airflow/example_dags/example_bash_decorator.py took 0.062 seconds
[2025-03-04T07:16:09.739+0000] {processor.py:186} INFO - Started process (PID=3535) to work on /home/airflow/.local/lib/python3.12/site-packages/airflow/example_dags/example_bash_decorator.py
[2025-03-04T07:16:09.740+0000] {processor.py:914} INFO - Processing file /home/airflow/.local/lib/python3.12/site-packages/airflow/example_dags/example_bash_decorator.py for tasks to queue
[2025-03-04T07:16:09.742+0000] {logging_mixin.py:190} INFO - [2025-03-04T07:16:09.742+0000] {dagbag.py:588} INFO - Filling up the DagBag from /home/airflow/.local/lib/python3.12/site-packages/airflow/example_dags/example_bash_decorator.py
[2025-03-04T07:16:09.756+0000] {processor.py:925} INFO - DAG(s) 'example_bash_decorator' retrieved from /home/airflow/.local/lib/python3.12/site-packages/airflow/example_dags/example_bash_decorator.py
[2025-03-04T07:16:09.779+0000] {logging_mixin.py:190} INFO - [2025-03-04T07:16:09.778+0000] {dag.py:3239} INFO - Sync 1 DAGs
[2025-03-04T07:16:09.794+0000] {logging_mixin.py:190} INFO - [2025-03-04T07:16:09.793+0000] {dag.py:4180} INFO - Setting next_dagrun for example_bash_decorator to None, run_after=None
[2025-03-04T07:16:09.810+0000] {processor.py:208} INFO - Processing /home/airflow/.local/lib/python3.12/site-packages/airflow/example_dags/example_bash_decorator.py took 0.076 seconds
[2025-03-04T07:16:40.426+0000] {processor.py:186} INFO - Started process (PID=3609) to work on /home/airflow/.local/lib/python3.12/site-packages/airflow/example_dags/example_bash_decorator.py
[2025-03-04T07:16:40.426+0000] {processor.py:914} INFO - Processing file /home/airflow/.local/lib/python3.12/site-packages/airflow/example_dags/example_bash_decorator.py for tasks to queue
[2025-03-04T07:16:40.427+0000] {logging_mixin.py:190} INFO - [2025-03-04T07:16:40.427+0000] {dagbag.py:588} INFO - Filling up the DagBag from /home/airflow/.local/lib/python3.12/site-packages/airflow/example_dags/example_bash_decorator.py
[2025-03-04T07:16:40.438+0000] {processor.py:925} INFO - DAG(s) 'example_bash_decorator' retrieved from /home/airflow/.local/lib/python3.12/site-packages/airflow/example_dags/example_bash_decorator.py
[2025-03-04T07:16:40.459+0000] {logging_mixin.py:190} INFO - [2025-03-04T07:16:40.459+0000] {dag.py:3239} INFO - Sync 1 DAGs
[2025-03-04T07:16:40.475+0000] {logging_mixin.py:190} INFO - [2025-03-04T07:16:40.475+0000] {dag.py:4180} INFO - Setting next_dagrun for example_bash_decorator to None, run_after=None
[2025-03-04T07:16:40.498+0000] {processor.py:208} INFO - Processing /home/airflow/.local/lib/python3.12/site-packages/airflow/example_dags/example_bash_decorator.py took 0.077 seconds
[2025-03-04T07:17:11.014+0000] {processor.py:186} INFO - Started process (PID=3690) to work on /home/airflow/.local/lib/python3.12/site-packages/airflow/example_dags/example_bash_decorator.py
[2025-03-04T07:17:11.016+0000] {processor.py:914} INFO - Processing file /home/airflow/.local/lib/python3.12/site-packages/airflow/example_dags/example_bash_decorator.py for tasks to queue
[2025-03-04T07:17:11.017+0000] {logging_mixin.py:190} INFO - [2025-03-04T07:17:11.017+0000] {dagbag.py:588} INFO - Filling up the DagBag from /home/airflow/.local/lib/python3.12/site-packages/airflow/example_dags/example_bash_decorator.py
[2025-03-04T07:17:11.029+0000] {processor.py:925} INFO - DAG(s) 'example_bash_decorator' retrieved from /home/airflow/.local/lib/python3.12/site-packages/airflow/example_dags/example_bash_decorator.py
[2025-03-04T07:17:11.048+0000] {logging_mixin.py:190} INFO - [2025-03-04T07:17:11.048+0000] {dag.py:3239} INFO - Sync 1 DAGs
[2025-03-04T07:17:11.059+0000] {logging_mixin.py:190} INFO - [2025-03-04T07:17:11.059+0000] {dag.py:4180} INFO - Setting next_dagrun for example_bash_decorator to None, run_after=None
[2025-03-04T07:17:11.077+0000] {processor.py:208} INFO - Processing /home/airflow/.local/lib/python3.12/site-packages/airflow/example_dags/example_bash_decorator.py took 0.070 seconds
[2025-03-04T07:17:41.667+0000] {processor.py:186} INFO - Started process (PID=3764) to work on /home/airflow/.local/lib/python3.12/site-packages/airflow/example_dags/example_bash_decorator.py
[2025-03-04T07:17:41.668+0000] {processor.py:914} INFO - Processing file /home/airflow/.local/lib/python3.12/site-packages/airflow/example_dags/example_bash_decorator.py for tasks to queue
[2025-03-04T07:17:41.669+0000] {logging_mixin.py:190} INFO - [2025-03-04T07:17:41.669+0000] {dagbag.py:588} INFO - Filling up the DagBag from /home/airflow/.local/lib/python3.12/site-packages/airflow/example_dags/example_bash_decorator.py
[2025-03-04T07:17:41.681+0000] {processor.py:925} INFO - DAG(s) 'example_bash_decorator' retrieved from /home/airflow/.local/lib/python3.12/site-packages/airflow/example_dags/example_bash_decorator.py
[2025-03-04T07:17:41.699+0000] {logging_mixin.py:190} INFO - [2025-03-04T07:17:41.699+0000] {dag.py:3239} INFO - Sync 1 DAGs
[2025-03-04T07:17:41.711+0000] {logging_mixin.py:190} INFO - [2025-03-04T07:17:41.710+0000] {dag.py:4180} INFO - Setting next_dagrun for example_bash_decorator to None, run_after=None
[2025-03-04T07:17:41.725+0000] {processor.py:208} INFO - Processing /home/airflow/.local/lib/python3.12/site-packages/airflow/example_dags/example_bash_decorator.py took 0.063 seconds
[2025-03-04T07:18:12.445+0000] {processor.py:186} INFO - Started process (PID=3848) to work on /home/airflow/.local/lib/python3.12/site-packages/airflow/example_dags/example_bash_decorator.py
[2025-03-04T07:18:12.446+0000] {processor.py:914} INFO - Processing file /home/airflow/.local/lib/python3.12/site-packages/airflow/example_dags/example_bash_decorator.py for tasks to queue
[2025-03-04T07:18:12.448+0000] {logging_mixin.py:190} INFO - [2025-03-04T07:18:12.447+0000] {dagbag.py:588} INFO - Filling up the DagBag from /home/airflow/.local/lib/python3.12/site-packages/airflow/example_dags/example_bash_decorator.py
[2025-03-04T07:18:12.460+0000] {processor.py:925} INFO - DAG(s) 'example_bash_decorator' retrieved from /home/airflow/.local/lib/python3.12/site-packages/airflow/example_dags/example_bash_decorator.py
[2025-03-04T07:18:12.481+0000] {logging_mixin.py:190} INFO - [2025-03-04T07:18:12.481+0000] {dag.py:3239} INFO - Sync 1 DAGs
[2025-03-04T07:18:12.493+0000] {logging_mixin.py:190} INFO - [2025-03-04T07:18:12.493+0000] {dag.py:4180} INFO - Setting next_dagrun for example_bash_decorator to None, run_after=None
[2025-03-04T07:18:12.511+0000] {processor.py:208} INFO - Processing /home/airflow/.local/lib/python3.12/site-packages/airflow/example_dags/example_bash_decorator.py took 0.071 seconds
[2025-03-04T07:18:42.684+0000] {processor.py:186} INFO - Started process (PID=3921) to work on /home/airflow/.local/lib/python3.12/site-packages/airflow/example_dags/example_bash_decorator.py
[2025-03-04T07:18:42.685+0000] {processor.py:914} INFO - Processing file /home/airflow/.local/lib/python3.12/site-packages/airflow/example_dags/example_bash_decorator.py for tasks to queue
[2025-03-04T07:18:42.687+0000] {logging_mixin.py:190} INFO - [2025-03-04T07:18:42.686+0000] {dagbag.py:588} INFO - Filling up the DagBag from /home/airflow/.local/lib/python3.12/site-packages/airflow/example_dags/example_bash_decorator.py
[2025-03-04T07:18:42.706+0000] {processor.py:925} INFO - DAG(s) 'example_bash_decorator' retrieved from /home/airflow/.local/lib/python3.12/site-packages/airflow/example_dags/example_bash_decorator.py
[2025-03-04T07:18:42.731+0000] {logging_mixin.py:190} INFO - [2025-03-04T07:18:42.731+0000] {dag.py:3239} INFO - Sync 1 DAGs
[2025-03-04T07:18:42.745+0000] {logging_mixin.py:190} INFO - [2025-03-04T07:18:42.745+0000] {dag.py:4180} INFO - Setting next_dagrun for example_bash_decorator to None, run_after=None
[2025-03-04T07:18:42.766+0000] {processor.py:208} INFO - Processing /home/airflow/.local/lib/python3.12/site-packages/airflow/example_dags/example_bash_decorator.py took 0.088 seconds
