[2025-03-04T06:53:45.609+0000] {processor.py:186} INFO - Started process (PID=85) to work on /home/airflow/.local/lib/python3.12/site-packages/airflow/example_dags/example_dag_decorator.py
[2025-03-04T06:53:45.611+0000] {processor.py:914} INFO - Processing file /home/airflow/.local/lib/python3.12/site-packages/airflow/example_dags/example_dag_decorator.py for tasks to queue
[2025-03-04T06:53:45.615+0000] {logging_mixin.py:190} INFO - [2025-03-04T06:53:45.614+0000] {dagbag.py:588} INFO - Filling up the DagBag from /home/airflow/.local/lib/python3.12/site-packages/airflow/example_dags/example_dag_decorator.py
[2025-03-04T06:53:45.996+0000] {processor.py:925} INFO - DAG(s) 'example_dag_decorator' retrieved from /home/airflow/.local/lib/python3.12/site-packages/airflow/example_dags/example_dag_decorator.py
[2025-03-04T06:53:46.126+0000] {logging_mixin.py:190} INFO - [2025-03-04T06:53:46.125+0000] {override.py:1912} INFO - Created Permission View: can read on DAG:example_dag_decorator
[2025-03-04T06:53:46.139+0000] {logging_mixin.py:190} INFO - [2025-03-04T06:53:46.139+0000] {override.py:1912} INFO - Created Permission View: can edit on DAG:example_dag_decorator
[2025-03-04T06:53:46.147+0000] {logging_mixin.py:190} INFO - [2025-03-04T06:53:46.147+0000] {override.py:1912} INFO - Created Permission View: can delete on DAG:example_dag_decorator
[2025-03-04T06:53:46.156+0000] {logging_mixin.py:190} INFO - [2025-03-04T06:53:46.156+0000] {override.py:1912} INFO - Created Permission View: menu access on DAG Run:example_dag_decorator
[2025-03-04T06:53:46.162+0000] {logging_mixin.py:190} INFO - [2025-03-04T06:53:46.162+0000] {override.py:1912} INFO - Created Permission View: can read on DAG Run:example_dag_decorator
[2025-03-04T06:53:46.168+0000] {logging_mixin.py:190} INFO - [2025-03-04T06:53:46.168+0000] {override.py:1912} INFO - Created Permission View: can delete on DAG Run:example_dag_decorator
[2025-03-04T06:53:46.177+0000] {logging_mixin.py:190} INFO - [2025-03-04T06:53:46.176+0000] {override.py:1912} INFO - Created Permission View: can create on DAG Run:example_dag_decorator
[2025-03-04T06:53:46.178+0000] {logging_mixin.py:190} INFO - [2025-03-04T06:53:46.178+0000] {dag.py:3239} INFO - Sync 1 DAGs
[2025-03-04T06:53:46.195+0000] {logging_mixin.py:190} INFO - [2025-03-04T06:53:46.194+0000] {dag.py:3262} INFO - Creating ORM DAG for example_dag_decorator
[2025-03-04T06:53:46.197+0000] {logging_mixin.py:190} INFO - [2025-03-04T06:53:46.197+0000] {dag.py:4180} INFO - Setting next_dagrun for example_dag_decorator to None, run_after=None
[2025-03-04T06:53:46.217+0000] {processor.py:208} INFO - Processing /home/airflow/.local/lib/python3.12/site-packages/airflow/example_dags/example_dag_decorator.py took 0.615 seconds
[2025-03-04T06:54:16.565+0000] {processor.py:186} INFO - Started process (PID=160) to work on /home/airflow/.local/lib/python3.12/site-packages/airflow/example_dags/example_dag_decorator.py
[2025-03-04T06:54:16.566+0000] {processor.py:914} INFO - Processing file /home/airflow/.local/lib/python3.12/site-packages/airflow/example_dags/example_dag_decorator.py for tasks to queue
[2025-03-04T06:54:16.568+0000] {logging_mixin.py:190} INFO - [2025-03-04T06:54:16.567+0000] {dagbag.py:588} INFO - Filling up the DagBag from /home/airflow/.local/lib/python3.12/site-packages/airflow/example_dags/example_dag_decorator.py
[2025-03-04T06:54:16.642+0000] {processor.py:925} INFO - DAG(s) 'example_dag_decorator' retrieved from /home/airflow/.local/lib/python3.12/site-packages/airflow/example_dags/example_dag_decorator.py
[2025-03-04T06:54:16.660+0000] {logging_mixin.py:190} INFO - [2025-03-04T06:54:16.659+0000] {dag.py:3239} INFO - Sync 1 DAGs
[2025-03-04T06:54:16.670+0000] {logging_mixin.py:190} INFO - [2025-03-04T06:54:16.670+0000] {dag.py:4180} INFO - Setting next_dagrun for example_dag_decorator to None, run_after=None
[2025-03-04T06:54:16.686+0000] {processor.py:208} INFO - Processing /home/airflow/.local/lib/python3.12/site-packages/airflow/example_dags/example_dag_decorator.py took 0.126 seconds
[2025-03-04T06:54:47.092+0000] {processor.py:186} INFO - Started process (PID=243) to work on /home/airflow/.local/lib/python3.12/site-packages/airflow/example_dags/example_dag_decorator.py
[2025-03-04T06:54:47.094+0000] {processor.py:914} INFO - Processing file /home/airflow/.local/lib/python3.12/site-packages/airflow/example_dags/example_dag_decorator.py for tasks to queue
[2025-03-04T06:54:47.098+0000] {logging_mixin.py:190} INFO - [2025-03-04T06:54:47.097+0000] {dagbag.py:588} INFO - Filling up the DagBag from /home/airflow/.local/lib/python3.12/site-packages/airflow/example_dags/example_dag_decorator.py
[2025-03-04T06:54:47.191+0000] {processor.py:925} INFO - DAG(s) 'example_dag_decorator' retrieved from /home/airflow/.local/lib/python3.12/site-packages/airflow/example_dags/example_dag_decorator.py
[2025-03-04T06:54:47.289+0000] {logging_mixin.py:190} INFO - [2025-03-04T06:54:47.289+0000] {dag.py:3239} INFO - Sync 1 DAGs
[2025-03-04T06:54:47.302+0000] {logging_mixin.py:190} INFO - [2025-03-04T06:54:47.302+0000] {dag.py:4180} INFO - Setting next_dagrun for example_dag_decorator to None, run_after=None
[2025-03-04T06:54:47.322+0000] {processor.py:208} INFO - Processing /home/airflow/.local/lib/python3.12/site-packages/airflow/example_dags/example_dag_decorator.py took 0.237 seconds
[2025-03-04T06:55:17.480+0000] {processor.py:186} INFO - Started process (PID=318) to work on /home/airflow/.local/lib/python3.12/site-packages/airflow/example_dags/example_dag_decorator.py
[2025-03-04T06:55:17.481+0000] {processor.py:914} INFO - Processing file /home/airflow/.local/lib/python3.12/site-packages/airflow/example_dags/example_dag_decorator.py for tasks to queue
[2025-03-04T06:55:17.483+0000] {logging_mixin.py:190} INFO - [2025-03-04T06:55:17.483+0000] {dagbag.py:588} INFO - Filling up the DagBag from /home/airflow/.local/lib/python3.12/site-packages/airflow/example_dags/example_dag_decorator.py
[2025-03-04T06:55:17.578+0000] {processor.py:925} INFO - DAG(s) 'example_dag_decorator' retrieved from /home/airflow/.local/lib/python3.12/site-packages/airflow/example_dags/example_dag_decorator.py
[2025-03-04T06:55:17.679+0000] {logging_mixin.py:190} INFO - [2025-03-04T06:55:17.679+0000] {dag.py:3239} INFO - Sync 1 DAGs
[2025-03-04T06:55:17.691+0000] {logging_mixin.py:190} INFO - [2025-03-04T06:55:17.691+0000] {dag.py:4180} INFO - Setting next_dagrun for example_dag_decorator to None, run_after=None
[2025-03-04T06:55:17.706+0000] {processor.py:208} INFO - Processing /home/airflow/.local/lib/python3.12/site-packages/airflow/example_dags/example_dag_decorator.py took 0.231 seconds
[2025-03-04T06:55:48.220+0000] {processor.py:186} INFO - Started process (PID=400) to work on /home/airflow/.local/lib/python3.12/site-packages/airflow/example_dags/example_dag_decorator.py
[2025-03-04T06:55:48.221+0000] {processor.py:914} INFO - Processing file /home/airflow/.local/lib/python3.12/site-packages/airflow/example_dags/example_dag_decorator.py for tasks to queue
[2025-03-04T06:55:48.223+0000] {logging_mixin.py:190} INFO - [2025-03-04T06:55:48.222+0000] {dagbag.py:588} INFO - Filling up the DagBag from /home/airflow/.local/lib/python3.12/site-packages/airflow/example_dags/example_dag_decorator.py
[2025-03-04T06:55:48.293+0000] {processor.py:925} INFO - DAG(s) 'example_dag_decorator' retrieved from /home/airflow/.local/lib/python3.12/site-packages/airflow/example_dags/example_dag_decorator.py
[2025-03-04T06:55:48.371+0000] {logging_mixin.py:190} INFO - [2025-03-04T06:55:48.371+0000] {dag.py:3239} INFO - Sync 1 DAGs
[2025-03-04T06:55:48.381+0000] {logging_mixin.py:190} INFO - [2025-03-04T06:55:48.380+0000] {dag.py:4180} INFO - Setting next_dagrun for example_dag_decorator to None, run_after=None
[2025-03-04T06:55:48.395+0000] {processor.py:208} INFO - Processing /home/airflow/.local/lib/python3.12/site-packages/airflow/example_dags/example_dag_decorator.py took 0.180 seconds
[2025-03-04T06:56:19.059+0000] {processor.py:186} INFO - Started process (PID=475) to work on /home/airflow/.local/lib/python3.12/site-packages/airflow/example_dags/example_dag_decorator.py
[2025-03-04T06:56:19.060+0000] {processor.py:914} INFO - Processing file /home/airflow/.local/lib/python3.12/site-packages/airflow/example_dags/example_dag_decorator.py for tasks to queue
[2025-03-04T06:56:19.062+0000] {logging_mixin.py:190} INFO - [2025-03-04T06:56:19.062+0000] {dagbag.py:588} INFO - Filling up the DagBag from /home/airflow/.local/lib/python3.12/site-packages/airflow/example_dags/example_dag_decorator.py
[2025-03-04T06:56:19.137+0000] {processor.py:925} INFO - DAG(s) 'example_dag_decorator' retrieved from /home/airflow/.local/lib/python3.12/site-packages/airflow/example_dags/example_dag_decorator.py
[2025-03-04T06:56:19.239+0000] {logging_mixin.py:190} INFO - [2025-03-04T06:56:19.239+0000] {dag.py:3239} INFO - Sync 1 DAGs
[2025-03-04T06:56:19.250+0000] {logging_mixin.py:190} INFO - [2025-03-04T06:56:19.250+0000] {dag.py:4180} INFO - Setting next_dagrun for example_dag_decorator to None, run_after=None
[2025-03-04T06:56:19.268+0000] {processor.py:208} INFO - Processing /home/airflow/.local/lib/python3.12/site-packages/airflow/example_dags/example_dag_decorator.py took 0.213 seconds
[2025-03-04T06:56:50.037+0000] {processor.py:186} INFO - Started process (PID=558) to work on /home/airflow/.local/lib/python3.12/site-packages/airflow/example_dags/example_dag_decorator.py
[2025-03-04T06:56:50.039+0000] {processor.py:914} INFO - Processing file /home/airflow/.local/lib/python3.12/site-packages/airflow/example_dags/example_dag_decorator.py for tasks to queue
[2025-03-04T06:56:50.041+0000] {logging_mixin.py:190} INFO - [2025-03-04T06:56:50.041+0000] {dagbag.py:588} INFO - Filling up the DagBag from /home/airflow/.local/lib/python3.12/site-packages/airflow/example_dags/example_dag_decorator.py
[2025-03-04T06:56:50.140+0000] {processor.py:925} INFO - DAG(s) 'example_dag_decorator' retrieved from /home/airflow/.local/lib/python3.12/site-packages/airflow/example_dags/example_dag_decorator.py
[2025-03-04T06:56:50.262+0000] {logging_mixin.py:190} INFO - [2025-03-04T06:56:50.262+0000] {dag.py:3239} INFO - Sync 1 DAGs
[2025-03-04T06:56:50.279+0000] {logging_mixin.py:190} INFO - [2025-03-04T06:56:50.279+0000] {dag.py:4180} INFO - Setting next_dagrun for example_dag_decorator to None, run_after=None
[2025-03-04T06:56:50.305+0000] {processor.py:208} INFO - Processing /home/airflow/.local/lib/python3.12/site-packages/airflow/example_dags/example_dag_decorator.py took 0.274 seconds
[2025-03-04T06:57:21.262+0000] {processor.py:186} INFO - Started process (PID=633) to work on /home/airflow/.local/lib/python3.12/site-packages/airflow/example_dags/example_dag_decorator.py
[2025-03-04T06:57:21.263+0000] {processor.py:914} INFO - Processing file /home/airflow/.local/lib/python3.12/site-packages/airflow/example_dags/example_dag_decorator.py for tasks to queue
[2025-03-04T06:57:21.266+0000] {logging_mixin.py:190} INFO - [2025-03-04T06:57:21.265+0000] {dagbag.py:588} INFO - Filling up the DagBag from /home/airflow/.local/lib/python3.12/site-packages/airflow/example_dags/example_dag_decorator.py
[2025-03-04T06:57:21.362+0000] {processor.py:925} INFO - DAG(s) 'example_dag_decorator' retrieved from /home/airflow/.local/lib/python3.12/site-packages/airflow/example_dags/example_dag_decorator.py
[2025-03-04T06:57:21.443+0000] {logging_mixin.py:190} INFO - [2025-03-04T06:57:21.443+0000] {dag.py:3239} INFO - Sync 1 DAGs
[2025-03-04T06:57:21.453+0000] {logging_mixin.py:190} INFO - [2025-03-04T06:57:21.453+0000] {dag.py:4180} INFO - Setting next_dagrun for example_dag_decorator to None, run_after=None
[2025-03-04T06:57:21.469+0000] {processor.py:208} INFO - Processing /home/airflow/.local/lib/python3.12/site-packages/airflow/example_dags/example_dag_decorator.py took 0.212 seconds
[2025-03-04T06:57:52.381+0000] {processor.py:186} INFO - Started process (PID=715) to work on /home/airflow/.local/lib/python3.12/site-packages/airflow/example_dags/example_dag_decorator.py
[2025-03-04T06:57:52.382+0000] {processor.py:914} INFO - Processing file /home/airflow/.local/lib/python3.12/site-packages/airflow/example_dags/example_dag_decorator.py for tasks to queue
[2025-03-04T06:57:52.386+0000] {logging_mixin.py:190} INFO - [2025-03-04T06:57:52.385+0000] {dagbag.py:588} INFO - Filling up the DagBag from /home/airflow/.local/lib/python3.12/site-packages/airflow/example_dags/example_dag_decorator.py
[2025-03-04T06:57:52.488+0000] {processor.py:925} INFO - DAG(s) 'example_dag_decorator' retrieved from /home/airflow/.local/lib/python3.12/site-packages/airflow/example_dags/example_dag_decorator.py
[2025-03-04T06:57:52.591+0000] {logging_mixin.py:190} INFO - [2025-03-04T06:57:52.591+0000] {dag.py:3239} INFO - Sync 1 DAGs
[2025-03-04T06:57:52.602+0000] {logging_mixin.py:190} INFO - [2025-03-04T06:57:52.602+0000] {dag.py:4180} INFO - Setting next_dagrun for example_dag_decorator to None, run_after=None
[2025-03-04T06:57:52.627+0000] {processor.py:208} INFO - Processing /home/airflow/.local/lib/python3.12/site-packages/airflow/example_dags/example_dag_decorator.py took 0.253 seconds
[2025-03-04T06:58:23.000+0000] {processor.py:186} INFO - Started process (PID=790) to work on /home/airflow/.local/lib/python3.12/site-packages/airflow/example_dags/example_dag_decorator.py
[2025-03-04T06:58:23.002+0000] {processor.py:914} INFO - Processing file /home/airflow/.local/lib/python3.12/site-packages/airflow/example_dags/example_dag_decorator.py for tasks to queue
[2025-03-04T06:58:23.004+0000] {logging_mixin.py:190} INFO - [2025-03-04T06:58:23.003+0000] {dagbag.py:588} INFO - Filling up the DagBag from /home/airflow/.local/lib/python3.12/site-packages/airflow/example_dags/example_dag_decorator.py
[2025-03-04T06:58:23.093+0000] {processor.py:925} INFO - DAG(s) 'example_dag_decorator' retrieved from /home/airflow/.local/lib/python3.12/site-packages/airflow/example_dags/example_dag_decorator.py
[2025-03-04T06:58:23.203+0000] {logging_mixin.py:190} INFO - [2025-03-04T06:58:23.202+0000] {dag.py:3239} INFO - Sync 1 DAGs
[2025-03-04T06:58:23.218+0000] {logging_mixin.py:190} INFO - [2025-03-04T06:58:23.218+0000] {dag.py:4180} INFO - Setting next_dagrun for example_dag_decorator to None, run_after=None
[2025-03-04T06:58:23.239+0000] {processor.py:208} INFO - Processing /home/airflow/.local/lib/python3.12/site-packages/airflow/example_dags/example_dag_decorator.py took 0.244 seconds
[2025-03-04T06:58:53.512+0000] {processor.py:186} INFO - Started process (PID=867) to work on /home/airflow/.local/lib/python3.12/site-packages/airflow/example_dags/example_dag_decorator.py
[2025-03-04T06:58:53.514+0000] {processor.py:914} INFO - Processing file /home/airflow/.local/lib/python3.12/site-packages/airflow/example_dags/example_dag_decorator.py for tasks to queue
[2025-03-04T06:58:53.516+0000] {logging_mixin.py:190} INFO - [2025-03-04T06:58:53.516+0000] {dagbag.py:588} INFO - Filling up the DagBag from /home/airflow/.local/lib/python3.12/site-packages/airflow/example_dags/example_dag_decorator.py
[2025-03-04T06:58:53.632+0000] {processor.py:925} INFO - DAG(s) 'example_dag_decorator' retrieved from /home/airflow/.local/lib/python3.12/site-packages/airflow/example_dags/example_dag_decorator.py
[2025-03-04T06:58:53.738+0000] {logging_mixin.py:190} INFO - [2025-03-04T06:58:53.738+0000] {dag.py:3239} INFO - Sync 1 DAGs
[2025-03-04T06:58:53.750+0000] {logging_mixin.py:190} INFO - [2025-03-04T06:58:53.750+0000] {dag.py:4180} INFO - Setting next_dagrun for example_dag_decorator to None, run_after=None
[2025-03-04T06:58:53.769+0000] {processor.py:208} INFO - Processing /home/airflow/.local/lib/python3.12/site-packages/airflow/example_dags/example_dag_decorator.py took 0.262 seconds
[2025-03-04T06:59:23.886+0000] {processor.py:186} INFO - Started process (PID=953) to work on /home/airflow/.local/lib/python3.12/site-packages/airflow/example_dags/example_dag_decorator.py
[2025-03-04T06:59:23.887+0000] {processor.py:914} INFO - Processing file /home/airflow/.local/lib/python3.12/site-packages/airflow/example_dags/example_dag_decorator.py for tasks to queue
[2025-03-04T06:59:23.888+0000] {logging_mixin.py:190} INFO - [2025-03-04T06:59:23.888+0000] {dagbag.py:588} INFO - Filling up the DagBag from /home/airflow/.local/lib/python3.12/site-packages/airflow/example_dags/example_dag_decorator.py
[2025-03-04T06:59:23.966+0000] {processor.py:925} INFO - DAG(s) 'example_dag_decorator' retrieved from /home/airflow/.local/lib/python3.12/site-packages/airflow/example_dags/example_dag_decorator.py
[2025-03-04T06:59:24.051+0000] {logging_mixin.py:190} INFO - [2025-03-04T06:59:24.051+0000] {dag.py:3239} INFO - Sync 1 DAGs
[2025-03-04T06:59:24.063+0000] {logging_mixin.py:190} INFO - [2025-03-04T06:59:24.063+0000] {dag.py:4180} INFO - Setting next_dagrun for example_dag_decorator to None, run_after=None
[2025-03-04T06:59:24.079+0000] {processor.py:208} INFO - Processing /home/airflow/.local/lib/python3.12/site-packages/airflow/example_dags/example_dag_decorator.py took 0.198 seconds
[2025-03-04T06:59:54.678+0000] {processor.py:186} INFO - Started process (PID=1027) to work on /home/airflow/.local/lib/python3.12/site-packages/airflow/example_dags/example_dag_decorator.py
[2025-03-04T06:59:54.679+0000] {processor.py:914} INFO - Processing file /home/airflow/.local/lib/python3.12/site-packages/airflow/example_dags/example_dag_decorator.py for tasks to queue
[2025-03-04T06:59:54.681+0000] {logging_mixin.py:190} INFO - [2025-03-04T06:59:54.680+0000] {dagbag.py:588} INFO - Filling up the DagBag from /home/airflow/.local/lib/python3.12/site-packages/airflow/example_dags/example_dag_decorator.py
[2025-03-04T06:59:54.757+0000] {processor.py:925} INFO - DAG(s) 'example_dag_decorator' retrieved from /home/airflow/.local/lib/python3.12/site-packages/airflow/example_dags/example_dag_decorator.py
[2025-03-04T06:59:54.838+0000] {logging_mixin.py:190} INFO - [2025-03-04T06:59:54.838+0000] {dag.py:3239} INFO - Sync 1 DAGs
[2025-03-04T06:59:54.848+0000] {logging_mixin.py:190} INFO - [2025-03-04T06:59:54.848+0000] {dag.py:4180} INFO - Setting next_dagrun for example_dag_decorator to None, run_after=None
[2025-03-04T06:59:54.865+0000] {processor.py:208} INFO - Processing /home/airflow/.local/lib/python3.12/site-packages/airflow/example_dags/example_dag_decorator.py took 0.192 seconds
[2025-03-04T07:00:25.354+0000] {processor.py:186} INFO - Started process (PID=1111) to work on /home/airflow/.local/lib/python3.12/site-packages/airflow/example_dags/example_dag_decorator.py
[2025-03-04T07:00:25.355+0000] {processor.py:914} INFO - Processing file /home/airflow/.local/lib/python3.12/site-packages/airflow/example_dags/example_dag_decorator.py for tasks to queue
[2025-03-04T07:00:25.357+0000] {logging_mixin.py:190} INFO - [2025-03-04T07:00:25.357+0000] {dagbag.py:588} INFO - Filling up the DagBag from /home/airflow/.local/lib/python3.12/site-packages/airflow/example_dags/example_dag_decorator.py
[2025-03-04T07:00:25.442+0000] {processor.py:925} INFO - DAG(s) 'example_dag_decorator' retrieved from /home/airflow/.local/lib/python3.12/site-packages/airflow/example_dags/example_dag_decorator.py
[2025-03-04T07:00:25.459+0000] {logging_mixin.py:190} INFO - [2025-03-04T07:00:25.459+0000] {dag.py:3239} INFO - Sync 1 DAGs
[2025-03-04T07:00:25.470+0000] {logging_mixin.py:190} INFO - [2025-03-04T07:00:25.470+0000] {dag.py:4180} INFO - Setting next_dagrun for example_dag_decorator to None, run_after=None
[2025-03-04T07:00:25.485+0000] {processor.py:208} INFO - Processing /home/airflow/.local/lib/python3.12/site-packages/airflow/example_dags/example_dag_decorator.py took 0.137 seconds
[2025-03-04T07:00:55.631+0000] {processor.py:186} INFO - Started process (PID=1189) to work on /home/airflow/.local/lib/python3.12/site-packages/airflow/example_dags/example_dag_decorator.py
[2025-03-04T07:00:55.632+0000] {processor.py:914} INFO - Processing file /home/airflow/.local/lib/python3.12/site-packages/airflow/example_dags/example_dag_decorator.py for tasks to queue
[2025-03-04T07:00:55.634+0000] {logging_mixin.py:190} INFO - [2025-03-04T07:00:55.634+0000] {dagbag.py:588} INFO - Filling up the DagBag from /home/airflow/.local/lib/python3.12/site-packages/airflow/example_dags/example_dag_decorator.py
[2025-03-04T07:00:55.733+0000] {processor.py:925} INFO - DAG(s) 'example_dag_decorator' retrieved from /home/airflow/.local/lib/python3.12/site-packages/airflow/example_dags/example_dag_decorator.py
[2025-03-04T07:00:55.839+0000] {logging_mixin.py:190} INFO - [2025-03-04T07:00:55.839+0000] {dag.py:3239} INFO - Sync 1 DAGs
[2025-03-04T07:00:55.852+0000] {logging_mixin.py:190} INFO - [2025-03-04T07:00:55.852+0000] {dag.py:4180} INFO - Setting next_dagrun for example_dag_decorator to None, run_after=None
[2025-03-04T07:00:55.874+0000] {processor.py:208} INFO - Processing /home/airflow/.local/lib/python3.12/site-packages/airflow/example_dags/example_dag_decorator.py took 0.249 seconds
[2025-03-04T07:01:26.270+0000] {processor.py:186} INFO - Started process (PID=1273) to work on /home/airflow/.local/lib/python3.12/site-packages/airflow/example_dags/example_dag_decorator.py
[2025-03-04T07:01:26.272+0000] {processor.py:914} INFO - Processing file /home/airflow/.local/lib/python3.12/site-packages/airflow/example_dags/example_dag_decorator.py for tasks to queue
[2025-03-04T07:01:26.275+0000] {logging_mixin.py:190} INFO - [2025-03-04T07:01:26.274+0000] {dagbag.py:588} INFO - Filling up the DagBag from /home/airflow/.local/lib/python3.12/site-packages/airflow/example_dags/example_dag_decorator.py
[2025-03-04T07:01:26.404+0000] {processor.py:925} INFO - DAG(s) 'example_dag_decorator' retrieved from /home/airflow/.local/lib/python3.12/site-packages/airflow/example_dags/example_dag_decorator.py
[2025-03-04T07:01:26.507+0000] {logging_mixin.py:190} INFO - [2025-03-04T07:01:26.507+0000] {dag.py:3239} INFO - Sync 1 DAGs
[2025-03-04T07:01:26.523+0000] {logging_mixin.py:190} INFO - [2025-03-04T07:01:26.523+0000] {dag.py:4180} INFO - Setting next_dagrun for example_dag_decorator to None, run_after=None
[2025-03-04T07:01:26.542+0000] {processor.py:208} INFO - Processing /home/airflow/.local/lib/python3.12/site-packages/airflow/example_dags/example_dag_decorator.py took 0.280 seconds
[2025-03-04T07:01:56.933+0000] {processor.py:186} INFO - Started process (PID=1349) to work on /home/airflow/.local/lib/python3.12/site-packages/airflow/example_dags/example_dag_decorator.py
[2025-03-04T07:01:56.934+0000] {processor.py:914} INFO - Processing file /home/airflow/.local/lib/python3.12/site-packages/airflow/example_dags/example_dag_decorator.py for tasks to queue
[2025-03-04T07:01:56.936+0000] {logging_mixin.py:190} INFO - [2025-03-04T07:01:56.936+0000] {dagbag.py:588} INFO - Filling up the DagBag from /home/airflow/.local/lib/python3.12/site-packages/airflow/example_dags/example_dag_decorator.py
[2025-03-04T07:01:57.036+0000] {processor.py:925} INFO - DAG(s) 'example_dag_decorator' retrieved from /home/airflow/.local/lib/python3.12/site-packages/airflow/example_dags/example_dag_decorator.py
[2025-03-04T07:01:57.055+0000] {logging_mixin.py:190} INFO - [2025-03-04T07:01:57.055+0000] {dag.py:3239} INFO - Sync 1 DAGs
[2025-03-04T07:01:57.067+0000] {logging_mixin.py:190} INFO - [2025-03-04T07:01:57.067+0000] {dag.py:4180} INFO - Setting next_dagrun for example_dag_decorator to None, run_after=None
[2025-03-04T07:01:57.081+0000] {processor.py:208} INFO - Processing /home/airflow/.local/lib/python3.12/site-packages/airflow/example_dags/example_dag_decorator.py took 0.153 seconds
[2025-03-04T07:02:27.494+0000] {processor.py:186} INFO - Started process (PID=1433) to work on /home/airflow/.local/lib/python3.12/site-packages/airflow/example_dags/example_dag_decorator.py
[2025-03-04T07:02:27.495+0000] {processor.py:914} INFO - Processing file /home/airflow/.local/lib/python3.12/site-packages/airflow/example_dags/example_dag_decorator.py for tasks to queue
[2025-03-04T07:02:27.496+0000] {logging_mixin.py:190} INFO - [2025-03-04T07:02:27.496+0000] {dagbag.py:588} INFO - Filling up the DagBag from /home/airflow/.local/lib/python3.12/site-packages/airflow/example_dags/example_dag_decorator.py
[2025-03-04T07:02:27.580+0000] {processor.py:925} INFO - DAG(s) 'example_dag_decorator' retrieved from /home/airflow/.local/lib/python3.12/site-packages/airflow/example_dags/example_dag_decorator.py
[2025-03-04T07:02:27.681+0000] {logging_mixin.py:190} INFO - [2025-03-04T07:02:27.681+0000] {dag.py:3239} INFO - Sync 1 DAGs
[2025-03-04T07:02:27.694+0000] {logging_mixin.py:190} INFO - [2025-03-04T07:02:27.694+0000] {dag.py:4180} INFO - Setting next_dagrun for example_dag_decorator to None, run_after=None
[2025-03-04T07:02:27.712+0000] {processor.py:208} INFO - Processing /home/airflow/.local/lib/python3.12/site-packages/airflow/example_dags/example_dag_decorator.py took 0.222 seconds
[2025-03-04T07:02:58.029+0000] {processor.py:186} INFO - Started process (PID=1513) to work on /home/airflow/.local/lib/python3.12/site-packages/airflow/example_dags/example_dag_decorator.py
[2025-03-04T07:02:58.031+0000] {processor.py:914} INFO - Processing file /home/airflow/.local/lib/python3.12/site-packages/airflow/example_dags/example_dag_decorator.py for tasks to queue
[2025-03-04T07:02:58.033+0000] {logging_mixin.py:190} INFO - [2025-03-04T07:02:58.032+0000] {dagbag.py:588} INFO - Filling up the DagBag from /home/airflow/.local/lib/python3.12/site-packages/airflow/example_dags/example_dag_decorator.py
[2025-03-04T07:02:58.152+0000] {processor.py:925} INFO - DAG(s) 'example_dag_decorator' retrieved from /home/airflow/.local/lib/python3.12/site-packages/airflow/example_dags/example_dag_decorator.py
[2025-03-04T07:02:58.177+0000] {logging_mixin.py:190} INFO - [2025-03-04T07:02:58.177+0000] {dag.py:3239} INFO - Sync 1 DAGs
[2025-03-04T07:02:58.192+0000] {logging_mixin.py:190} INFO - [2025-03-04T07:02:58.192+0000] {dag.py:4180} INFO - Setting next_dagrun for example_dag_decorator to None, run_after=None
[2025-03-04T07:02:58.212+0000] {processor.py:208} INFO - Processing /home/airflow/.local/lib/python3.12/site-packages/airflow/example_dags/example_dag_decorator.py took 0.190 seconds
[2025-03-04T07:03:28.333+0000] {processor.py:186} INFO - Started process (PID=1589) to work on /home/airflow/.local/lib/python3.12/site-packages/airflow/example_dags/example_dag_decorator.py
[2025-03-04T07:03:28.334+0000] {processor.py:914} INFO - Processing file /home/airflow/.local/lib/python3.12/site-packages/airflow/example_dags/example_dag_decorator.py for tasks to queue
[2025-03-04T07:03:28.336+0000] {logging_mixin.py:190} INFO - [2025-03-04T07:03:28.335+0000] {dagbag.py:588} INFO - Filling up the DagBag from /home/airflow/.local/lib/python3.12/site-packages/airflow/example_dags/example_dag_decorator.py
[2025-03-04T07:03:28.428+0000] {processor.py:925} INFO - DAG(s) 'example_dag_decorator' retrieved from /home/airflow/.local/lib/python3.12/site-packages/airflow/example_dags/example_dag_decorator.py
[2025-03-04T07:03:28.449+0000] {logging_mixin.py:190} INFO - [2025-03-04T07:03:28.449+0000] {dag.py:3239} INFO - Sync 1 DAGs
[2025-03-04T07:03:28.461+0000] {logging_mixin.py:190} INFO - [2025-03-04T07:03:28.461+0000] {dag.py:4180} INFO - Setting next_dagrun for example_dag_decorator to None, run_after=None
[2025-03-04T07:03:28.474+0000] {processor.py:208} INFO - Processing /home/airflow/.local/lib/python3.12/site-packages/airflow/example_dags/example_dag_decorator.py took 0.146 seconds
[2025-03-04T07:03:58.589+0000] {processor.py:186} INFO - Started process (PID=1673) to work on /home/airflow/.local/lib/python3.12/site-packages/airflow/example_dags/example_dag_decorator.py
[2025-03-04T07:03:58.590+0000] {processor.py:914} INFO - Processing file /home/airflow/.local/lib/python3.12/site-packages/airflow/example_dags/example_dag_decorator.py for tasks to queue
[2025-03-04T07:03:58.592+0000] {logging_mixin.py:190} INFO - [2025-03-04T07:03:58.591+0000] {dagbag.py:588} INFO - Filling up the DagBag from /home/airflow/.local/lib/python3.12/site-packages/airflow/example_dags/example_dag_decorator.py
[2025-03-04T07:03:58.677+0000] {processor.py:925} INFO - DAG(s) 'example_dag_decorator' retrieved from /home/airflow/.local/lib/python3.12/site-packages/airflow/example_dags/example_dag_decorator.py
[2025-03-04T07:03:58.757+0000] {logging_mixin.py:190} INFO - [2025-03-04T07:03:58.756+0000] {dag.py:3239} INFO - Sync 1 DAGs
[2025-03-04T07:03:58.766+0000] {logging_mixin.py:190} INFO - [2025-03-04T07:03:58.766+0000] {dag.py:4180} INFO - Setting next_dagrun for example_dag_decorator to None, run_after=None
[2025-03-04T07:03:58.779+0000] {processor.py:208} INFO - Processing /home/airflow/.local/lib/python3.12/site-packages/airflow/example_dags/example_dag_decorator.py took 0.195 seconds
[2025-03-04T07:04:29.692+0000] {processor.py:186} INFO - Started process (PID=1748) to work on /home/airflow/.local/lib/python3.12/site-packages/airflow/example_dags/example_dag_decorator.py
[2025-03-04T07:04:29.694+0000] {processor.py:914} INFO - Processing file /home/airflow/.local/lib/python3.12/site-packages/airflow/example_dags/example_dag_decorator.py for tasks to queue
[2025-03-04T07:04:29.696+0000] {logging_mixin.py:190} INFO - [2025-03-04T07:04:29.696+0000] {dagbag.py:588} INFO - Filling up the DagBag from /home/airflow/.local/lib/python3.12/site-packages/airflow/example_dags/example_dag_decorator.py
[2025-03-04T07:04:29.774+0000] {processor.py:925} INFO - DAG(s) 'example_dag_decorator' retrieved from /home/airflow/.local/lib/python3.12/site-packages/airflow/example_dags/example_dag_decorator.py
[2025-03-04T07:04:29.792+0000] {logging_mixin.py:190} INFO - [2025-03-04T07:04:29.791+0000] {dag.py:3239} INFO - Sync 1 DAGs
[2025-03-04T07:04:29.802+0000] {logging_mixin.py:190} INFO - [2025-03-04T07:04:29.802+0000] {dag.py:4180} INFO - Setting next_dagrun for example_dag_decorator to None, run_after=None
[2025-03-04T07:04:29.816+0000] {processor.py:208} INFO - Processing /home/airflow/.local/lib/python3.12/site-packages/airflow/example_dags/example_dag_decorator.py took 0.128 seconds
[2025-03-04T07:04:59.849+0000] {processor.py:186} INFO - Started process (PID=1831) to work on /home/airflow/.local/lib/python3.12/site-packages/airflow/example_dags/example_dag_decorator.py
[2025-03-04T07:04:59.850+0000] {processor.py:914} INFO - Processing file /home/airflow/.local/lib/python3.12/site-packages/airflow/example_dags/example_dag_decorator.py for tasks to queue
[2025-03-04T07:04:59.852+0000] {logging_mixin.py:190} INFO - [2025-03-04T07:04:59.852+0000] {dagbag.py:588} INFO - Filling up the DagBag from /home/airflow/.local/lib/python3.12/site-packages/airflow/example_dags/example_dag_decorator.py
[2025-03-04T07:04:59.932+0000] {processor.py:925} INFO - DAG(s) 'example_dag_decorator' retrieved from /home/airflow/.local/lib/python3.12/site-packages/airflow/example_dags/example_dag_decorator.py
[2025-03-04T07:05:00.043+0000] {logging_mixin.py:190} INFO - [2025-03-04T07:05:00.042+0000] {dag.py:3239} INFO - Sync 1 DAGs
[2025-03-04T07:05:00.059+0000] {logging_mixin.py:190} INFO - [2025-03-04T07:05:00.059+0000] {dag.py:4180} INFO - Setting next_dagrun for example_dag_decorator to None, run_after=None
[2025-03-04T07:05:00.083+0000] {processor.py:208} INFO - Processing /home/airflow/.local/lib/python3.12/site-packages/airflow/example_dags/example_dag_decorator.py took 0.238 seconds
[2025-03-04T07:05:30.270+0000] {processor.py:186} INFO - Started process (PID=1904) to work on /home/airflow/.local/lib/python3.12/site-packages/airflow/example_dags/example_dag_decorator.py
[2025-03-04T07:05:30.271+0000] {processor.py:914} INFO - Processing file /home/airflow/.local/lib/python3.12/site-packages/airflow/example_dags/example_dag_decorator.py for tasks to queue
[2025-03-04T07:05:30.273+0000] {logging_mixin.py:190} INFO - [2025-03-04T07:05:30.272+0000] {dagbag.py:588} INFO - Filling up the DagBag from /home/airflow/.local/lib/python3.12/site-packages/airflow/example_dags/example_dag_decorator.py
[2025-03-04T07:05:30.347+0000] {processor.py:925} INFO - DAG(s) 'example_dag_decorator' retrieved from /home/airflow/.local/lib/python3.12/site-packages/airflow/example_dags/example_dag_decorator.py
[2025-03-04T07:05:30.443+0000] {logging_mixin.py:190} INFO - [2025-03-04T07:05:30.443+0000] {dag.py:3239} INFO - Sync 1 DAGs
[2025-03-04T07:05:30.453+0000] {logging_mixin.py:190} INFO - [2025-03-04T07:05:30.453+0000] {dag.py:4180} INFO - Setting next_dagrun for example_dag_decorator to None, run_after=None
[2025-03-04T07:05:30.467+0000] {processor.py:208} INFO - Processing /home/airflow/.local/lib/python3.12/site-packages/airflow/example_dags/example_dag_decorator.py took 0.202 seconds
[2025-03-04T07:06:00.550+0000] {processor.py:186} INFO - Started process (PID=1986) to work on /home/airflow/.local/lib/python3.12/site-packages/airflow/example_dags/example_dag_decorator.py
[2025-03-04T07:06:00.554+0000] {processor.py:914} INFO - Processing file /home/airflow/.local/lib/python3.12/site-packages/airflow/example_dags/example_dag_decorator.py for tasks to queue
[2025-03-04T07:06:00.556+0000] {logging_mixin.py:190} INFO - [2025-03-04T07:06:00.555+0000] {dagbag.py:588} INFO - Filling up the DagBag from /home/airflow/.local/lib/python3.12/site-packages/airflow/example_dags/example_dag_decorator.py
[2025-03-04T07:06:00.667+0000] {processor.py:925} INFO - DAG(s) 'example_dag_decorator' retrieved from /home/airflow/.local/lib/python3.12/site-packages/airflow/example_dags/example_dag_decorator.py
[2025-03-04T07:06:00.767+0000] {logging_mixin.py:190} INFO - [2025-03-04T07:06:00.766+0000] {dag.py:3239} INFO - Sync 1 DAGs
[2025-03-04T07:06:00.783+0000] {logging_mixin.py:190} INFO - [2025-03-04T07:06:00.782+0000] {dag.py:4180} INFO - Setting next_dagrun for example_dag_decorator to None, run_after=None
[2025-03-04T07:06:00.802+0000] {processor.py:208} INFO - Processing /home/airflow/.local/lib/python3.12/site-packages/airflow/example_dags/example_dag_decorator.py took 0.263 seconds
[2025-03-04T07:06:31.004+0000] {processor.py:186} INFO - Started process (PID=2060) to work on /home/airflow/.local/lib/python3.12/site-packages/airflow/example_dags/example_dag_decorator.py
[2025-03-04T07:06:31.005+0000] {processor.py:914} INFO - Processing file /home/airflow/.local/lib/python3.12/site-packages/airflow/example_dags/example_dag_decorator.py for tasks to queue
[2025-03-04T07:06:31.006+0000] {logging_mixin.py:190} INFO - [2025-03-04T07:06:31.006+0000] {dagbag.py:588} INFO - Filling up the DagBag from /home/airflow/.local/lib/python3.12/site-packages/airflow/example_dags/example_dag_decorator.py
[2025-03-04T07:06:31.094+0000] {processor.py:925} INFO - DAG(s) 'example_dag_decorator' retrieved from /home/airflow/.local/lib/python3.12/site-packages/airflow/example_dags/example_dag_decorator.py
[2025-03-04T07:06:31.169+0000] {logging_mixin.py:190} INFO - [2025-03-04T07:06:31.169+0000] {dag.py:3239} INFO - Sync 1 DAGs
[2025-03-04T07:06:31.179+0000] {logging_mixin.py:190} INFO - [2025-03-04T07:06:31.179+0000] {dag.py:4180} INFO - Setting next_dagrun for example_dag_decorator to None, run_after=None
[2025-03-04T07:06:31.201+0000] {processor.py:208} INFO - Processing /home/airflow/.local/lib/python3.12/site-packages/airflow/example_dags/example_dag_decorator.py took 0.202 seconds
[2025-03-04T07:07:01.332+0000] {processor.py:186} INFO - Started process (PID=2143) to work on /home/airflow/.local/lib/python3.12/site-packages/airflow/example_dags/example_dag_decorator.py
[2025-03-04T07:07:01.333+0000] {processor.py:914} INFO - Processing file /home/airflow/.local/lib/python3.12/site-packages/airflow/example_dags/example_dag_decorator.py for tasks to queue
[2025-03-04T07:07:01.334+0000] {logging_mixin.py:190} INFO - [2025-03-04T07:07:01.334+0000] {dagbag.py:588} INFO - Filling up the DagBag from /home/airflow/.local/lib/python3.12/site-packages/airflow/example_dags/example_dag_decorator.py
[2025-03-04T07:07:01.407+0000] {processor.py:925} INFO - DAG(s) 'example_dag_decorator' retrieved from /home/airflow/.local/lib/python3.12/site-packages/airflow/example_dags/example_dag_decorator.py
[2025-03-04T07:07:01.492+0000] {logging_mixin.py:190} INFO - [2025-03-04T07:07:01.492+0000] {dag.py:3239} INFO - Sync 1 DAGs
[2025-03-04T07:07:01.505+0000] {logging_mixin.py:190} INFO - [2025-03-04T07:07:01.505+0000] {dag.py:4180} INFO - Setting next_dagrun for example_dag_decorator to None, run_after=None
[2025-03-04T07:07:01.523+0000] {processor.py:208} INFO - Processing /home/airflow/.local/lib/python3.12/site-packages/airflow/example_dags/example_dag_decorator.py took 0.196 seconds
[2025-03-04T07:07:31.615+0000] {processor.py:186} INFO - Started process (PID=2216) to work on /home/airflow/.local/lib/python3.12/site-packages/airflow/example_dags/example_dag_decorator.py
[2025-03-04T07:07:31.616+0000] {processor.py:914} INFO - Processing file /home/airflow/.local/lib/python3.12/site-packages/airflow/example_dags/example_dag_decorator.py for tasks to queue
[2025-03-04T07:07:31.617+0000] {logging_mixin.py:190} INFO - [2025-03-04T07:07:31.617+0000] {dagbag.py:588} INFO - Filling up the DagBag from /home/airflow/.local/lib/python3.12/site-packages/airflow/example_dags/example_dag_decorator.py
[2025-03-04T07:07:31.730+0000] {processor.py:925} INFO - DAG(s) 'example_dag_decorator' retrieved from /home/airflow/.local/lib/python3.12/site-packages/airflow/example_dags/example_dag_decorator.py
[2025-03-04T07:07:31.749+0000] {logging_mixin.py:190} INFO - [2025-03-04T07:07:31.748+0000] {dag.py:3239} INFO - Sync 1 DAGs
[2025-03-04T07:07:31.761+0000] {logging_mixin.py:190} INFO - [2025-03-04T07:07:31.761+0000] {dag.py:4180} INFO - Setting next_dagrun for example_dag_decorator to None, run_after=None
[2025-03-04T07:07:31.777+0000] {processor.py:208} INFO - Processing /home/airflow/.local/lib/python3.12/site-packages/airflow/example_dags/example_dag_decorator.py took 0.171 seconds
[2025-03-04T07:08:01.891+0000] {processor.py:186} INFO - Started process (PID=2297) to work on /home/airflow/.local/lib/python3.12/site-packages/airflow/example_dags/example_dag_decorator.py
[2025-03-04T07:08:01.892+0000] {processor.py:914} INFO - Processing file /home/airflow/.local/lib/python3.12/site-packages/airflow/example_dags/example_dag_decorator.py for tasks to queue
[2025-03-04T07:08:01.895+0000] {logging_mixin.py:190} INFO - [2025-03-04T07:08:01.894+0000] {dagbag.py:588} INFO - Filling up the DagBag from /home/airflow/.local/lib/python3.12/site-packages/airflow/example_dags/example_dag_decorator.py
[2025-03-04T07:08:02.008+0000] {processor.py:925} INFO - DAG(s) 'example_dag_decorator' retrieved from /home/airflow/.local/lib/python3.12/site-packages/airflow/example_dags/example_dag_decorator.py
[2025-03-04T07:08:02.032+0000] {logging_mixin.py:190} INFO - [2025-03-04T07:08:02.032+0000] {dag.py:3239} INFO - Sync 1 DAGs
[2025-03-04T07:08:02.047+0000] {logging_mixin.py:190} INFO - [2025-03-04T07:08:02.047+0000] {dag.py:4180} INFO - Setting next_dagrun for example_dag_decorator to None, run_after=None
[2025-03-04T07:08:02.073+0000] {processor.py:208} INFO - Processing /home/airflow/.local/lib/python3.12/site-packages/airflow/example_dags/example_dag_decorator.py took 0.188 seconds
[2025-03-04T07:08:32.210+0000] {processor.py:186} INFO - Started process (PID=2373) to work on /home/airflow/.local/lib/python3.12/site-packages/airflow/example_dags/example_dag_decorator.py
[2025-03-04T07:08:32.213+0000] {processor.py:914} INFO - Processing file /home/airflow/.local/lib/python3.12/site-packages/airflow/example_dags/example_dag_decorator.py for tasks to queue
[2025-03-04T07:08:32.215+0000] {logging_mixin.py:190} INFO - [2025-03-04T07:08:32.214+0000] {dagbag.py:588} INFO - Filling up the DagBag from /home/airflow/.local/lib/python3.12/site-packages/airflow/example_dags/example_dag_decorator.py
[2025-03-04T07:08:32.338+0000] {processor.py:925} INFO - DAG(s) 'example_dag_decorator' retrieved from /home/airflow/.local/lib/python3.12/site-packages/airflow/example_dags/example_dag_decorator.py
[2025-03-04T07:08:32.513+0000] {logging_mixin.py:190} INFO - [2025-03-04T07:08:32.513+0000] {dag.py:3239} INFO - Sync 1 DAGs
[2025-03-04T07:08:32.527+0000] {logging_mixin.py:190} INFO - [2025-03-04T07:08:32.527+0000] {dag.py:4180} INFO - Setting next_dagrun for example_dag_decorator to None, run_after=None
[2025-03-04T07:08:32.548+0000] {processor.py:208} INFO - Processing /home/airflow/.local/lib/python3.12/site-packages/airflow/example_dags/example_dag_decorator.py took 0.344 seconds
[2025-03-04T07:09:02.647+0000] {processor.py:186} INFO - Started process (PID=2450) to work on /home/airflow/.local/lib/python3.12/site-packages/airflow/example_dags/example_dag_decorator.py
[2025-03-04T07:09:02.648+0000] {processor.py:914} INFO - Processing file /home/airflow/.local/lib/python3.12/site-packages/airflow/example_dags/example_dag_decorator.py for tasks to queue
[2025-03-04T07:09:02.649+0000] {logging_mixin.py:190} INFO - [2025-03-04T07:09:02.649+0000] {dagbag.py:588} INFO - Filling up the DagBag from /home/airflow/.local/lib/python3.12/site-packages/airflow/example_dags/example_dag_decorator.py
[2025-03-04T07:09:02.718+0000] {processor.py:925} INFO - DAG(s) 'example_dag_decorator' retrieved from /home/airflow/.local/lib/python3.12/site-packages/airflow/example_dags/example_dag_decorator.py
[2025-03-04T07:09:02.796+0000] {logging_mixin.py:190} INFO - [2025-03-04T07:09:02.796+0000] {dag.py:3239} INFO - Sync 1 DAGs
[2025-03-04T07:09:02.805+0000] {logging_mixin.py:190} INFO - [2025-03-04T07:09:02.805+0000] {dag.py:4180} INFO - Setting next_dagrun for example_dag_decorator to None, run_after=None
[2025-03-04T07:09:02.820+0000] {processor.py:208} INFO - Processing /home/airflow/.local/lib/python3.12/site-packages/airflow/example_dags/example_dag_decorator.py took 0.177 seconds
[2025-03-04T07:09:33.200+0000] {processor.py:186} INFO - Started process (PID=2529) to work on /home/airflow/.local/lib/python3.12/site-packages/airflow/example_dags/example_dag_decorator.py
[2025-03-04T07:09:33.202+0000] {processor.py:914} INFO - Processing file /home/airflow/.local/lib/python3.12/site-packages/airflow/example_dags/example_dag_decorator.py for tasks to queue
[2025-03-04T07:09:33.204+0000] {logging_mixin.py:190} INFO - [2025-03-04T07:09:33.204+0000] {dagbag.py:588} INFO - Filling up the DagBag from /home/airflow/.local/lib/python3.12/site-packages/airflow/example_dags/example_dag_decorator.py
[2025-03-04T07:09:33.331+0000] {processor.py:925} INFO - DAG(s) 'example_dag_decorator' retrieved from /home/airflow/.local/lib/python3.12/site-packages/airflow/example_dags/example_dag_decorator.py
[2025-03-04T07:09:33.464+0000] {logging_mixin.py:190} INFO - [2025-03-04T07:09:33.464+0000] {dag.py:3239} INFO - Sync 1 DAGs
[2025-03-04T07:09:33.481+0000] {logging_mixin.py:190} INFO - [2025-03-04T07:09:33.481+0000] {dag.py:4180} INFO - Setting next_dagrun for example_dag_decorator to None, run_after=None
[2025-03-04T07:09:33.503+0000] {processor.py:208} INFO - Processing /home/airflow/.local/lib/python3.12/site-packages/airflow/example_dags/example_dag_decorator.py took 0.312 seconds
[2025-03-04T07:10:03.688+0000] {processor.py:186} INFO - Started process (PID=2603) to work on /home/airflow/.local/lib/python3.12/site-packages/airflow/example_dags/example_dag_decorator.py
[2025-03-04T07:10:03.689+0000] {processor.py:914} INFO - Processing file /home/airflow/.local/lib/python3.12/site-packages/airflow/example_dags/example_dag_decorator.py for tasks to queue
[2025-03-04T07:10:03.691+0000] {logging_mixin.py:190} INFO - [2025-03-04T07:10:03.691+0000] {dagbag.py:588} INFO - Filling up the DagBag from /home/airflow/.local/lib/python3.12/site-packages/airflow/example_dags/example_dag_decorator.py
[2025-03-04T07:10:03.789+0000] {processor.py:925} INFO - DAG(s) 'example_dag_decorator' retrieved from /home/airflow/.local/lib/python3.12/site-packages/airflow/example_dags/example_dag_decorator.py
[2025-03-04T07:10:03.884+0000] {logging_mixin.py:190} INFO - [2025-03-04T07:10:03.884+0000] {dag.py:3239} INFO - Sync 1 DAGs
[2025-03-04T07:10:03.898+0000] {logging_mixin.py:190} INFO - [2025-03-04T07:10:03.898+0000] {dag.py:4180} INFO - Setting next_dagrun for example_dag_decorator to None, run_after=None
[2025-03-04T07:10:03.917+0000] {processor.py:208} INFO - Processing /home/airflow/.local/lib/python3.12/site-packages/airflow/example_dags/example_dag_decorator.py took 0.234 seconds
[2025-03-04T07:10:34.045+0000] {processor.py:186} INFO - Started process (PID=2684) to work on /home/airflow/.local/lib/python3.12/site-packages/airflow/example_dags/example_dag_decorator.py
[2025-03-04T07:10:34.046+0000] {processor.py:914} INFO - Processing file /home/airflow/.local/lib/python3.12/site-packages/airflow/example_dags/example_dag_decorator.py for tasks to queue
[2025-03-04T07:10:34.048+0000] {logging_mixin.py:190} INFO - [2025-03-04T07:10:34.048+0000] {dagbag.py:588} INFO - Filling up the DagBag from /home/airflow/.local/lib/python3.12/site-packages/airflow/example_dags/example_dag_decorator.py
[2025-03-04T07:10:34.151+0000] {processor.py:925} INFO - DAG(s) 'example_dag_decorator' retrieved from /home/airflow/.local/lib/python3.12/site-packages/airflow/example_dags/example_dag_decorator.py
[2025-03-04T07:10:34.253+0000] {logging_mixin.py:190} INFO - [2025-03-04T07:10:34.252+0000] {dag.py:3239} INFO - Sync 1 DAGs
[2025-03-04T07:10:34.265+0000] {logging_mixin.py:190} INFO - [2025-03-04T07:10:34.264+0000] {dag.py:4180} INFO - Setting next_dagrun for example_dag_decorator to None, run_after=None
[2025-03-04T07:10:34.282+0000] {processor.py:208} INFO - Processing /home/airflow/.local/lib/python3.12/site-packages/airflow/example_dags/example_dag_decorator.py took 0.242 seconds
[2025-03-04T07:11:04.436+0000] {processor.py:186} INFO - Started process (PID=2761) to work on /home/airflow/.local/lib/python3.12/site-packages/airflow/example_dags/example_dag_decorator.py
[2025-03-04T07:11:04.437+0000] {processor.py:914} INFO - Processing file /home/airflow/.local/lib/python3.12/site-packages/airflow/example_dags/example_dag_decorator.py for tasks to queue
[2025-03-04T07:11:04.438+0000] {logging_mixin.py:190} INFO - [2025-03-04T07:11:04.438+0000] {dagbag.py:588} INFO - Filling up the DagBag from /home/airflow/.local/lib/python3.12/site-packages/airflow/example_dags/example_dag_decorator.py
[2025-03-04T07:11:04.517+0000] {processor.py:925} INFO - DAG(s) 'example_dag_decorator' retrieved from /home/airflow/.local/lib/python3.12/site-packages/airflow/example_dags/example_dag_decorator.py
[2025-03-04T07:11:04.603+0000] {logging_mixin.py:190} INFO - [2025-03-04T07:11:04.603+0000] {dag.py:3239} INFO - Sync 1 DAGs
[2025-03-04T07:11:04.612+0000] {logging_mixin.py:190} INFO - [2025-03-04T07:11:04.612+0000] {dag.py:4180} INFO - Setting next_dagrun for example_dag_decorator to None, run_after=None
[2025-03-04T07:11:04.625+0000] {processor.py:208} INFO - Processing /home/airflow/.local/lib/python3.12/site-packages/airflow/example_dags/example_dag_decorator.py took 0.194 seconds
[2025-03-04T07:11:34.832+0000] {processor.py:186} INFO - Started process (PID=2835) to work on /home/airflow/.local/lib/python3.12/site-packages/airflow/example_dags/example_dag_decorator.py
[2025-03-04T07:11:34.833+0000] {processor.py:914} INFO - Processing file /home/airflow/.local/lib/python3.12/site-packages/airflow/example_dags/example_dag_decorator.py for tasks to queue
[2025-03-04T07:11:34.835+0000] {logging_mixin.py:190} INFO - [2025-03-04T07:11:34.835+0000] {dagbag.py:588} INFO - Filling up the DagBag from /home/airflow/.local/lib/python3.12/site-packages/airflow/example_dags/example_dag_decorator.py
[2025-03-04T07:11:34.966+0000] {processor.py:925} INFO - DAG(s) 'example_dag_decorator' retrieved from /home/airflow/.local/lib/python3.12/site-packages/airflow/example_dags/example_dag_decorator.py
[2025-03-04T07:11:35.063+0000] {logging_mixin.py:190} INFO - [2025-03-04T07:11:35.063+0000] {dag.py:3239} INFO - Sync 1 DAGs
[2025-03-04T07:11:35.229+0000] {logging_mixin.py:190} INFO - [2025-03-04T07:11:35.229+0000] {dag.py:4180} INFO - Setting next_dagrun for example_dag_decorator to None, run_after=None
[2025-03-04T07:11:35.246+0000] {processor.py:208} INFO - Processing /home/airflow/.local/lib/python3.12/site-packages/airflow/example_dags/example_dag_decorator.py took 0.419 seconds
[2025-03-04T07:12:05.477+0000] {processor.py:186} INFO - Started process (PID=2913) to work on /home/airflow/.local/lib/python3.12/site-packages/airflow/example_dags/example_dag_decorator.py
[2025-03-04T07:12:05.480+0000] {processor.py:914} INFO - Processing file /home/airflow/.local/lib/python3.12/site-packages/airflow/example_dags/example_dag_decorator.py for tasks to queue
[2025-03-04T07:12:05.482+0000] {logging_mixin.py:190} INFO - [2025-03-04T07:12:05.481+0000] {dagbag.py:588} INFO - Filling up the DagBag from /home/airflow/.local/lib/python3.12/site-packages/airflow/example_dags/example_dag_decorator.py
[2025-03-04T07:12:05.561+0000] {processor.py:925} INFO - DAG(s) 'example_dag_decorator' retrieved from /home/airflow/.local/lib/python3.12/site-packages/airflow/example_dags/example_dag_decorator.py
[2025-03-04T07:12:05.650+0000] {logging_mixin.py:190} INFO - [2025-03-04T07:12:05.650+0000] {dag.py:3239} INFO - Sync 1 DAGs
[2025-03-04T07:12:05.662+0000] {logging_mixin.py:190} INFO - [2025-03-04T07:12:05.662+0000] {dag.py:4180} INFO - Setting next_dagrun for example_dag_decorator to None, run_after=None
[2025-03-04T07:12:05.678+0000] {processor.py:208} INFO - Processing /home/airflow/.local/lib/python3.12/site-packages/airflow/example_dags/example_dag_decorator.py took 0.205 seconds
[2025-03-04T07:12:35.752+0000] {processor.py:186} INFO - Started process (PID=2986) to work on /home/airflow/.local/lib/python3.12/site-packages/airflow/example_dags/example_dag_decorator.py
[2025-03-04T07:12:35.753+0000] {processor.py:914} INFO - Processing file /home/airflow/.local/lib/python3.12/site-packages/airflow/example_dags/example_dag_decorator.py for tasks to queue
[2025-03-04T07:12:35.754+0000] {logging_mixin.py:190} INFO - [2025-03-04T07:12:35.754+0000] {dagbag.py:588} INFO - Filling up the DagBag from /home/airflow/.local/lib/python3.12/site-packages/airflow/example_dags/example_dag_decorator.py
[2025-03-04T07:12:35.839+0000] {processor.py:925} INFO - DAG(s) 'example_dag_decorator' retrieved from /home/airflow/.local/lib/python3.12/site-packages/airflow/example_dags/example_dag_decorator.py
[2025-03-04T07:12:35.923+0000] {logging_mixin.py:190} INFO - [2025-03-04T07:12:35.923+0000] {dag.py:3239} INFO - Sync 1 DAGs
[2025-03-04T07:12:35.937+0000] {logging_mixin.py:190} INFO - [2025-03-04T07:12:35.937+0000] {dag.py:4180} INFO - Setting next_dagrun for example_dag_decorator to None, run_after=None
[2025-03-04T07:12:35.955+0000] {processor.py:208} INFO - Processing /home/airflow/.local/lib/python3.12/site-packages/airflow/example_dags/example_dag_decorator.py took 0.207 seconds
[2025-03-04T07:13:06.286+0000] {processor.py:186} INFO - Started process (PID=3059) to work on /home/airflow/.local/lib/python3.12/site-packages/airflow/example_dags/example_dag_decorator.py
[2025-03-04T07:13:06.288+0000] {processor.py:914} INFO - Processing file /home/airflow/.local/lib/python3.12/site-packages/airflow/example_dags/example_dag_decorator.py for tasks to queue
[2025-03-04T07:13:06.291+0000] {logging_mixin.py:190} INFO - [2025-03-04T07:13:06.290+0000] {dagbag.py:588} INFO - Filling up the DagBag from /home/airflow/.local/lib/python3.12/site-packages/airflow/example_dags/example_dag_decorator.py
[2025-03-04T07:13:06.433+0000] {processor.py:925} INFO - DAG(s) 'example_dag_decorator' retrieved from /home/airflow/.local/lib/python3.12/site-packages/airflow/example_dags/example_dag_decorator.py
[2025-03-04T07:13:06.668+0000] {logging_mixin.py:190} INFO - [2025-03-04T07:13:06.668+0000] {dag.py:3239} INFO - Sync 1 DAGs
[2025-03-04T07:13:06.677+0000] {logging_mixin.py:190} INFO - [2025-03-04T07:13:06.677+0000] {dag.py:4180} INFO - Setting next_dagrun for example_dag_decorator to None, run_after=None
[2025-03-04T07:13:06.690+0000] {processor.py:208} INFO - Processing /home/airflow/.local/lib/python3.12/site-packages/airflow/example_dags/example_dag_decorator.py took 0.412 seconds
[2025-03-04T07:13:36.832+0000] {processor.py:186} INFO - Started process (PID=3143) to work on /home/airflow/.local/lib/python3.12/site-packages/airflow/example_dags/example_dag_decorator.py
[2025-03-04T07:13:36.833+0000] {processor.py:914} INFO - Processing file /home/airflow/.local/lib/python3.12/site-packages/airflow/example_dags/example_dag_decorator.py for tasks to queue
[2025-03-04T07:13:36.834+0000] {logging_mixin.py:190} INFO - [2025-03-04T07:13:36.834+0000] {dagbag.py:588} INFO - Filling up the DagBag from /home/airflow/.local/lib/python3.12/site-packages/airflow/example_dags/example_dag_decorator.py
[2025-03-04T07:13:36.908+0000] {processor.py:925} INFO - DAG(s) 'example_dag_decorator' retrieved from /home/airflow/.local/lib/python3.12/site-packages/airflow/example_dags/example_dag_decorator.py
[2025-03-04T07:13:37.163+0000] {logging_mixin.py:190} INFO - [2025-03-04T07:13:37.163+0000] {dag.py:3239} INFO - Sync 1 DAGs
[2025-03-04T07:13:37.173+0000] {logging_mixin.py:190} INFO - [2025-03-04T07:13:37.172+0000] {dag.py:4180} INFO - Setting next_dagrun for example_dag_decorator to None, run_after=None
[2025-03-04T07:13:37.187+0000] {processor.py:208} INFO - Processing /home/airflow/.local/lib/python3.12/site-packages/airflow/example_dags/example_dag_decorator.py took 0.360 seconds
[2025-03-04T07:14:07.445+0000] {processor.py:186} INFO - Started process (PID=3214) to work on /home/airflow/.local/lib/python3.12/site-packages/airflow/example_dags/example_dag_decorator.py
[2025-03-04T07:14:07.447+0000] {processor.py:914} INFO - Processing file /home/airflow/.local/lib/python3.12/site-packages/airflow/example_dags/example_dag_decorator.py for tasks to queue
[2025-03-04T07:14:07.448+0000] {logging_mixin.py:190} INFO - [2025-03-04T07:14:07.447+0000] {dagbag.py:588} INFO - Filling up the DagBag from /home/airflow/.local/lib/python3.12/site-packages/airflow/example_dags/example_dag_decorator.py
[2025-03-04T07:14:07.531+0000] {processor.py:925} INFO - DAG(s) 'example_dag_decorator' retrieved from /home/airflow/.local/lib/python3.12/site-packages/airflow/example_dags/example_dag_decorator.py
[2025-03-04T07:14:07.752+0000] {logging_mixin.py:190} INFO - [2025-03-04T07:14:07.751+0000] {dag.py:3239} INFO - Sync 1 DAGs
[2025-03-04T07:14:07.760+0000] {logging_mixin.py:190} INFO - [2025-03-04T07:14:07.760+0000] {dag.py:4180} INFO - Setting next_dagrun for example_dag_decorator to None, run_after=None
[2025-03-04T07:14:07.773+0000] {processor.py:208} INFO - Processing /home/airflow/.local/lib/python3.12/site-packages/airflow/example_dags/example_dag_decorator.py took 0.333 seconds
[2025-03-04T07:14:37.918+0000] {processor.py:186} INFO - Started process (PID=3301) to work on /home/airflow/.local/lib/python3.12/site-packages/airflow/example_dags/example_dag_decorator.py
[2025-03-04T07:14:37.920+0000] {processor.py:914} INFO - Processing file /home/airflow/.local/lib/python3.12/site-packages/airflow/example_dags/example_dag_decorator.py for tasks to queue
[2025-03-04T07:14:37.923+0000] {logging_mixin.py:190} INFO - [2025-03-04T07:14:37.922+0000] {dagbag.py:588} INFO - Filling up the DagBag from /home/airflow/.local/lib/python3.12/site-packages/airflow/example_dags/example_dag_decorator.py
[2025-03-04T07:14:38.068+0000] {processor.py:925} INFO - DAG(s) 'example_dag_decorator' retrieved from /home/airflow/.local/lib/python3.12/site-packages/airflow/example_dags/example_dag_decorator.py
[2025-03-04T07:14:38.206+0000] {logging_mixin.py:190} INFO - [2025-03-04T07:14:38.206+0000] {dag.py:3239} INFO - Sync 1 DAGs
[2025-03-04T07:14:38.419+0000] {logging_mixin.py:190} INFO - [2025-03-04T07:14:38.419+0000] {dag.py:4180} INFO - Setting next_dagrun for example_dag_decorator to None, run_after=None
[2025-03-04T07:14:38.441+0000] {processor.py:208} INFO - Processing /home/airflow/.local/lib/python3.12/site-packages/airflow/example_dags/example_dag_decorator.py took 0.534 seconds
[2025-03-04T07:15:08.537+0000] {processor.py:186} INFO - Started process (PID=3380) to work on /home/airflow/.local/lib/python3.12/site-packages/airflow/example_dags/example_dag_decorator.py
[2025-03-04T07:15:08.540+0000] {processor.py:914} INFO - Processing file /home/airflow/.local/lib/python3.12/site-packages/airflow/example_dags/example_dag_decorator.py for tasks to queue
[2025-03-04T07:15:08.542+0000] {logging_mixin.py:190} INFO - [2025-03-04T07:15:08.541+0000] {dagbag.py:588} INFO - Filling up the DagBag from /home/airflow/.local/lib/python3.12/site-packages/airflow/example_dags/example_dag_decorator.py
[2025-03-04T07:15:08.664+0000] {processor.py:925} INFO - DAG(s) 'example_dag_decorator' retrieved from /home/airflow/.local/lib/python3.12/site-packages/airflow/example_dags/example_dag_decorator.py
[2025-03-04T07:15:08.793+0000] {logging_mixin.py:190} INFO - [2025-03-04T07:15:08.793+0000] {dag.py:3239} INFO - Sync 1 DAGs
[2025-03-04T07:15:08.999+0000] {logging_mixin.py:190} INFO - [2025-03-04T07:15:08.999+0000] {dag.py:4180} INFO - Setting next_dagrun for example_dag_decorator to None, run_after=None
[2025-03-04T07:15:09.019+0000] {processor.py:208} INFO - Processing /home/airflow/.local/lib/python3.12/site-packages/airflow/example_dags/example_dag_decorator.py took 0.488 seconds
[2025-03-04T07:15:39.075+0000] {processor.py:186} INFO - Started process (PID=3454) to work on /home/airflow/.local/lib/python3.12/site-packages/airflow/example_dags/example_dag_decorator.py
[2025-03-04T07:15:39.076+0000] {processor.py:914} INFO - Processing file /home/airflow/.local/lib/python3.12/site-packages/airflow/example_dags/example_dag_decorator.py for tasks to queue
[2025-03-04T07:15:39.077+0000] {logging_mixin.py:190} INFO - [2025-03-04T07:15:39.076+0000] {dagbag.py:588} INFO - Filling up the DagBag from /home/airflow/.local/lib/python3.12/site-packages/airflow/example_dags/example_dag_decorator.py
[2025-03-04T07:15:39.150+0000] {processor.py:925} INFO - DAG(s) 'example_dag_decorator' retrieved from /home/airflow/.local/lib/python3.12/site-packages/airflow/example_dags/example_dag_decorator.py
[2025-03-04T07:15:39.354+0000] {logging_mixin.py:190} INFO - [2025-03-04T07:15:39.354+0000] {dag.py:3239} INFO - Sync 1 DAGs
[2025-03-04T07:15:39.370+0000] {logging_mixin.py:190} INFO - [2025-03-04T07:15:39.370+0000] {dag.py:4180} INFO - Setting next_dagrun for example_dag_decorator to None, run_after=None
[2025-03-04T07:15:39.393+0000] {processor.py:208} INFO - Processing /home/airflow/.local/lib/python3.12/site-packages/airflow/example_dags/example_dag_decorator.py took 0.324 seconds
[2025-03-04T07:16:09.737+0000] {processor.py:186} INFO - Started process (PID=3534) to work on /home/airflow/.local/lib/python3.12/site-packages/airflow/example_dags/example_dag_decorator.py
[2025-03-04T07:16:09.739+0000] {processor.py:914} INFO - Processing file /home/airflow/.local/lib/python3.12/site-packages/airflow/example_dags/example_dag_decorator.py for tasks to queue
[2025-03-04T07:16:09.740+0000] {logging_mixin.py:190} INFO - [2025-03-04T07:16:09.740+0000] {dagbag.py:588} INFO - Filling up the DagBag from /home/airflow/.local/lib/python3.12/site-packages/airflow/example_dags/example_dag_decorator.py
[2025-03-04T07:16:09.831+0000] {processor.py:925} INFO - DAG(s) 'example_dag_decorator' retrieved from /home/airflow/.local/lib/python3.12/site-packages/airflow/example_dags/example_dag_decorator.py
[2025-03-04T07:16:10.065+0000] {logging_mixin.py:190} INFO - [2025-03-04T07:16:10.065+0000] {dag.py:3239} INFO - Sync 1 DAGs
[2025-03-04T07:16:10.074+0000] {logging_mixin.py:190} INFO - [2025-03-04T07:16:10.074+0000] {dag.py:4180} INFO - Setting next_dagrun for example_dag_decorator to None, run_after=None
[2025-03-04T07:16:10.088+0000] {processor.py:208} INFO - Processing /home/airflow/.local/lib/python3.12/site-packages/airflow/example_dags/example_dag_decorator.py took 0.356 seconds
[2025-03-04T07:16:40.426+0000] {processor.py:186} INFO - Started process (PID=3608) to work on /home/airflow/.local/lib/python3.12/site-packages/airflow/example_dags/example_dag_decorator.py
[2025-03-04T07:16:40.426+0000] {processor.py:914} INFO - Processing file /home/airflow/.local/lib/python3.12/site-packages/airflow/example_dags/example_dag_decorator.py for tasks to queue
[2025-03-04T07:16:40.427+0000] {logging_mixin.py:190} INFO - [2025-03-04T07:16:40.427+0000] {dagbag.py:588} INFO - Filling up the DagBag from /home/airflow/.local/lib/python3.12/site-packages/airflow/example_dags/example_dag_decorator.py
[2025-03-04T07:16:40.522+0000] {processor.py:925} INFO - DAG(s) 'example_dag_decorator' retrieved from /home/airflow/.local/lib/python3.12/site-packages/airflow/example_dags/example_dag_decorator.py
[2025-03-04T07:16:40.756+0000] {logging_mixin.py:190} INFO - [2025-03-04T07:16:40.755+0000] {dag.py:3239} INFO - Sync 1 DAGs
[2025-03-04T07:16:40.763+0000] {logging_mixin.py:190} INFO - [2025-03-04T07:16:40.763+0000] {dag.py:4180} INFO - Setting next_dagrun for example_dag_decorator to None, run_after=None
[2025-03-04T07:16:40.778+0000] {processor.py:208} INFO - Processing /home/airflow/.local/lib/python3.12/site-packages/airflow/example_dags/example_dag_decorator.py took 0.357 seconds
[2025-03-04T07:17:11.014+0000] {processor.py:186} INFO - Started process (PID=3689) to work on /home/airflow/.local/lib/python3.12/site-packages/airflow/example_dags/example_dag_decorator.py
[2025-03-04T07:17:11.016+0000] {processor.py:914} INFO - Processing file /home/airflow/.local/lib/python3.12/site-packages/airflow/example_dags/example_dag_decorator.py for tasks to queue
[2025-03-04T07:17:11.017+0000] {logging_mixin.py:190} INFO - [2025-03-04T07:17:11.017+0000] {dagbag.py:588} INFO - Filling up the DagBag from /home/airflow/.local/lib/python3.12/site-packages/airflow/example_dags/example_dag_decorator.py
[2025-03-04T07:17:11.101+0000] {processor.py:925} INFO - DAG(s) 'example_dag_decorator' retrieved from /home/airflow/.local/lib/python3.12/site-packages/airflow/example_dags/example_dag_decorator.py
[2025-03-04T07:17:11.258+0000] {logging_mixin.py:190} INFO - [2025-03-04T07:17:11.258+0000] {dag.py:3239} INFO - Sync 1 DAGs
[2025-03-04T07:17:11.267+0000] {logging_mixin.py:190} INFO - [2025-03-04T07:17:11.267+0000] {dag.py:4180} INFO - Setting next_dagrun for example_dag_decorator to None, run_after=None
[2025-03-04T07:17:11.284+0000] {processor.py:208} INFO - Processing /home/airflow/.local/lib/python3.12/site-packages/airflow/example_dags/example_dag_decorator.py took 0.276 seconds
[2025-03-04T07:17:41.665+0000] {processor.py:186} INFO - Started process (PID=3763) to work on /home/airflow/.local/lib/python3.12/site-packages/airflow/example_dags/example_dag_decorator.py
[2025-03-04T07:17:41.666+0000] {processor.py:914} INFO - Processing file /home/airflow/.local/lib/python3.12/site-packages/airflow/example_dags/example_dag_decorator.py for tasks to queue
[2025-03-04T07:17:41.667+0000] {logging_mixin.py:190} INFO - [2025-03-04T07:17:41.667+0000] {dagbag.py:588} INFO - Filling up the DagBag from /home/airflow/.local/lib/python3.12/site-packages/airflow/example_dags/example_dag_decorator.py
[2025-03-04T07:17:41.748+0000] {processor.py:925} INFO - DAG(s) 'example_dag_decorator' retrieved from /home/airflow/.local/lib/python3.12/site-packages/airflow/example_dags/example_dag_decorator.py
[2025-03-04T07:17:41.957+0000] {logging_mixin.py:190} INFO - [2025-03-04T07:17:41.957+0000] {dag.py:3239} INFO - Sync 1 DAGs
[2025-03-04T07:17:41.969+0000] {logging_mixin.py:190} INFO - [2025-03-04T07:17:41.969+0000] {dag.py:4180} INFO - Setting next_dagrun for example_dag_decorator to None, run_after=None
[2025-03-04T07:17:41.990+0000] {processor.py:208} INFO - Processing /home/airflow/.local/lib/python3.12/site-packages/airflow/example_dags/example_dag_decorator.py took 0.330 seconds
[2025-03-04T07:18:12.445+0000] {processor.py:186} INFO - Started process (PID=3847) to work on /home/airflow/.local/lib/python3.12/site-packages/airflow/example_dags/example_dag_decorator.py
[2025-03-04T07:18:12.446+0000] {processor.py:914} INFO - Processing file /home/airflow/.local/lib/python3.12/site-packages/airflow/example_dags/example_dag_decorator.py for tasks to queue
[2025-03-04T07:18:12.448+0000] {logging_mixin.py:190} INFO - [2025-03-04T07:18:12.447+0000] {dagbag.py:588} INFO - Filling up the DagBag from /home/airflow/.local/lib/python3.12/site-packages/airflow/example_dags/example_dag_decorator.py
[2025-03-04T07:18:12.534+0000] {processor.py:925} INFO - DAG(s) 'example_dag_decorator' retrieved from /home/airflow/.local/lib/python3.12/site-packages/airflow/example_dags/example_dag_decorator.py
[2025-03-04T07:18:12.556+0000] {logging_mixin.py:190} INFO - [2025-03-04T07:18:12.555+0000] {dag.py:3239} INFO - Sync 1 DAGs
[2025-03-04T07:18:12.720+0000] {logging_mixin.py:190} INFO - [2025-03-04T07:18:12.720+0000] {dag.py:4180} INFO - Setting next_dagrun for example_dag_decorator to None, run_after=None
[2025-03-04T07:18:12.736+0000] {processor.py:208} INFO - Processing /home/airflow/.local/lib/python3.12/site-packages/airflow/example_dags/example_dag_decorator.py took 0.296 seconds
[2025-03-04T07:18:42.836+0000] {processor.py:186} INFO - Started process (PID=3923) to work on /home/airflow/.local/lib/python3.12/site-packages/airflow/example_dags/example_dag_decorator.py
[2025-03-04T07:18:42.838+0000] {processor.py:914} INFO - Processing file /home/airflow/.local/lib/python3.12/site-packages/airflow/example_dags/example_dag_decorator.py for tasks to queue
[2025-03-04T07:18:42.839+0000] {logging_mixin.py:190} INFO - [2025-03-04T07:18:42.839+0000] {dagbag.py:588} INFO - Filling up the DagBag from /home/airflow/.local/lib/python3.12/site-packages/airflow/example_dags/example_dag_decorator.py
[2025-03-04T07:18:42.950+0000] {processor.py:925} INFO - DAG(s) 'example_dag_decorator' retrieved from /home/airflow/.local/lib/python3.12/site-packages/airflow/example_dags/example_dag_decorator.py
[2025-03-04T07:18:43.175+0000] {logging_mixin.py:190} INFO - [2025-03-04T07:18:43.175+0000] {dag.py:3239} INFO - Sync 1 DAGs
[2025-03-04T07:18:43.186+0000] {logging_mixin.py:190} INFO - [2025-03-04T07:18:43.186+0000] {dag.py:4180} INFO - Setting next_dagrun for example_dag_decorator to None, run_after=None
[2025-03-04T07:18:43.200+0000] {processor.py:208} INFO - Processing /home/airflow/.local/lib/python3.12/site-packages/airflow/example_dags/example_dag_decorator.py took 0.370 seconds
