[2025-03-04T06:53:48.416+0000] {processor.py:186} INFO - Started process (PID=101) to work on /home/airflow/.local/lib/python3.12/site-packages/airflow/example_dags/tutorial.py
[2025-03-04T06:53:48.417+0000] {processor.py:914} INFO - Processing file /home/airflow/.local/lib/python3.12/site-packages/airflow/example_dags/tutorial.py for tasks to queue
[2025-03-04T06:53:48.421+0000] {logging_mixin.py:190} INFO - [2025-03-04T06:53:48.421+0000] {dagbag.py:588} INFO - Filling up the DagBag from /home/airflow/.local/lib/python3.12/site-packages/airflow/example_dags/tutorial.py
[2025-03-04T06:53:48.437+0000] {processor.py:925} INFO - DAG(s) 'tutorial' retrieved from /home/airflow/.local/lib/python3.12/site-packages/airflow/example_dags/tutorial.py
[2025-03-04T06:53:48.582+0000] {logging_mixin.py:190} INFO - [2025-03-04T06:53:48.581+0000] {override.py:1912} INFO - Created Permission View: can read on DAG:tutorial
[2025-03-04T06:53:48.596+0000] {logging_mixin.py:190} INFO - [2025-03-04T06:53:48.595+0000] {override.py:1912} INFO - Created Permission View: can edit on DAG:tutorial
[2025-03-04T06:53:48.607+0000] {logging_mixin.py:190} INFO - [2025-03-04T06:53:48.607+0000] {override.py:1912} INFO - Created Permission View: can delete on DAG:tutorial
[2025-03-04T06:53:48.619+0000] {logging_mixin.py:190} INFO - [2025-03-04T06:53:48.618+0000] {override.py:1912} INFO - Created Permission View: menu access on DAG Run:tutorial
[2025-03-04T06:53:48.629+0000] {logging_mixin.py:190} INFO - [2025-03-04T06:53:48.629+0000] {override.py:1912} INFO - Created Permission View: can read on DAG Run:tutorial
[2025-03-04T06:53:48.640+0000] {logging_mixin.py:190} INFO - [2025-03-04T06:53:48.639+0000] {override.py:1912} INFO - Created Permission View: can delete on DAG Run:tutorial
[2025-03-04T06:53:48.651+0000] {logging_mixin.py:190} INFO - [2025-03-04T06:53:48.651+0000] {override.py:1912} INFO - Created Permission View: can create on DAG Run:tutorial
[2025-03-04T06:53:48.652+0000] {logging_mixin.py:190} INFO - [2025-03-04T06:53:48.652+0000] {dag.py:3239} INFO - Sync 1 DAGs
[2025-03-04T06:53:48.669+0000] {logging_mixin.py:190} INFO - [2025-03-04T06:53:48.669+0000] {dag.py:3262} INFO - Creating ORM DAG for tutorial
[2025-03-04T06:53:48.683+0000] {logging_mixin.py:190} INFO - [2025-03-04T06:53:48.683+0000] {dag.py:4180} INFO - Setting next_dagrun for tutorial to 2025-03-03 00:00:00+00:00, run_after=2025-03-04 00:00:00+00:00
[2025-03-04T06:53:48.709+0000] {processor.py:208} INFO - Processing /home/airflow/.local/lib/python3.12/site-packages/airflow/example_dags/tutorial.py took 0.303 seconds
[2025-03-04T06:54:18.909+0000] {processor.py:186} INFO - Started process (PID=183) to work on /home/airflow/.local/lib/python3.12/site-packages/airflow/example_dags/tutorial.py
[2025-03-04T06:54:18.911+0000] {processor.py:914} INFO - Processing file /home/airflow/.local/lib/python3.12/site-packages/airflow/example_dags/tutorial.py for tasks to queue
[2025-03-04T06:54:18.914+0000] {logging_mixin.py:190} INFO - [2025-03-04T06:54:18.913+0000] {dagbag.py:588} INFO - Filling up the DagBag from /home/airflow/.local/lib/python3.12/site-packages/airflow/example_dags/tutorial.py
[2025-03-04T06:54:18.920+0000] {processor.py:925} INFO - DAG(s) 'tutorial' retrieved from /home/airflow/.local/lib/python3.12/site-packages/airflow/example_dags/tutorial.py
[2025-03-04T06:54:18.938+0000] {logging_mixin.py:190} INFO - [2025-03-04T06:54:18.938+0000] {dag.py:3239} INFO - Sync 1 DAGs
[2025-03-04T06:54:18.957+0000] {logging_mixin.py:190} INFO - [2025-03-04T06:54:18.957+0000] {dag.py:4180} INFO - Setting next_dagrun for tutorial to 2025-03-03 00:00:00+00:00, run_after=2025-03-04 00:00:00+00:00
[2025-03-04T06:54:18.973+0000] {processor.py:208} INFO - Processing /home/airflow/.local/lib/python3.12/site-packages/airflow/example_dags/tutorial.py took 0.068 seconds
[2025-03-04T06:54:49.265+0000] {processor.py:186} INFO - Started process (PID=259) to work on /home/airflow/.local/lib/python3.12/site-packages/airflow/example_dags/tutorial.py
[2025-03-04T06:54:49.266+0000] {processor.py:914} INFO - Processing file /home/airflow/.local/lib/python3.12/site-packages/airflow/example_dags/tutorial.py for tasks to queue
[2025-03-04T06:54:49.268+0000] {logging_mixin.py:190} INFO - [2025-03-04T06:54:49.268+0000] {dagbag.py:588} INFO - Filling up the DagBag from /home/airflow/.local/lib/python3.12/site-packages/airflow/example_dags/tutorial.py
[2025-03-04T06:54:49.275+0000] {processor.py:925} INFO - DAG(s) 'tutorial' retrieved from /home/airflow/.local/lib/python3.12/site-packages/airflow/example_dags/tutorial.py
[2025-03-04T06:54:49.293+0000] {logging_mixin.py:190} INFO - [2025-03-04T06:54:49.292+0000] {dag.py:3239} INFO - Sync 1 DAGs
[2025-03-04T06:54:49.313+0000] {logging_mixin.py:190} INFO - [2025-03-04T06:54:49.313+0000] {dag.py:4180} INFO - Setting next_dagrun for tutorial to 2025-03-03 00:00:00+00:00, run_after=2025-03-04 00:00:00+00:00
[2025-03-04T06:54:49.330+0000] {processor.py:208} INFO - Processing /home/airflow/.local/lib/python3.12/site-packages/airflow/example_dags/tutorial.py took 0.069 seconds
[2025-03-04T06:55:19.447+0000] {processor.py:186} INFO - Started process (PID=332) to work on /home/airflow/.local/lib/python3.12/site-packages/airflow/example_dags/tutorial.py
[2025-03-04T06:55:19.448+0000] {processor.py:914} INFO - Processing file /home/airflow/.local/lib/python3.12/site-packages/airflow/example_dags/tutorial.py for tasks to queue
[2025-03-04T06:55:19.450+0000] {logging_mixin.py:190} INFO - [2025-03-04T06:55:19.450+0000] {dagbag.py:588} INFO - Filling up the DagBag from /home/airflow/.local/lib/python3.12/site-packages/airflow/example_dags/tutorial.py
[2025-03-04T06:55:19.456+0000] {processor.py:925} INFO - DAG(s) 'tutorial' retrieved from /home/airflow/.local/lib/python3.12/site-packages/airflow/example_dags/tutorial.py
[2025-03-04T06:55:19.475+0000] {logging_mixin.py:190} INFO - [2025-03-04T06:55:19.475+0000] {dag.py:3239} INFO - Sync 1 DAGs
[2025-03-04T06:55:19.496+0000] {logging_mixin.py:190} INFO - [2025-03-04T06:55:19.496+0000] {dag.py:4180} INFO - Setting next_dagrun for tutorial to 2025-03-03 00:00:00+00:00, run_after=2025-03-04 00:00:00+00:00
[2025-03-04T06:55:19.511+0000] {processor.py:208} INFO - Processing /home/airflow/.local/lib/python3.12/site-packages/airflow/example_dags/tutorial.py took 0.068 seconds
[2025-03-04T06:55:50.359+0000] {processor.py:186} INFO - Started process (PID=415) to work on /home/airflow/.local/lib/python3.12/site-packages/airflow/example_dags/tutorial.py
[2025-03-04T06:55:50.360+0000] {processor.py:914} INFO - Processing file /home/airflow/.local/lib/python3.12/site-packages/airflow/example_dags/tutorial.py for tasks to queue
[2025-03-04T06:55:50.362+0000] {logging_mixin.py:190} INFO - [2025-03-04T06:55:50.362+0000] {dagbag.py:588} INFO - Filling up the DagBag from /home/airflow/.local/lib/python3.12/site-packages/airflow/example_dags/tutorial.py
[2025-03-04T06:55:50.369+0000] {processor.py:925} INFO - DAG(s) 'tutorial' retrieved from /home/airflow/.local/lib/python3.12/site-packages/airflow/example_dags/tutorial.py
[2025-03-04T06:55:50.386+0000] {logging_mixin.py:190} INFO - [2025-03-04T06:55:50.386+0000] {dag.py:3239} INFO - Sync 1 DAGs
[2025-03-04T06:55:50.406+0000] {logging_mixin.py:190} INFO - [2025-03-04T06:55:50.406+0000] {dag.py:4180} INFO - Setting next_dagrun for tutorial to 2025-03-03 00:00:00+00:00, run_after=2025-03-04 00:00:00+00:00
[2025-03-04T06:55:50.422+0000] {processor.py:208} INFO - Processing /home/airflow/.local/lib/python3.12/site-packages/airflow/example_dags/tutorial.py took 0.068 seconds
[2025-03-04T06:56:21.440+0000] {processor.py:186} INFO - Started process (PID=497) to work on /home/airflow/.local/lib/python3.12/site-packages/airflow/example_dags/tutorial.py
[2025-03-04T06:56:21.442+0000] {processor.py:914} INFO - Processing file /home/airflow/.local/lib/python3.12/site-packages/airflow/example_dags/tutorial.py for tasks to queue
[2025-03-04T06:56:21.446+0000] {logging_mixin.py:190} INFO - [2025-03-04T06:56:21.446+0000] {dagbag.py:588} INFO - Filling up the DagBag from /home/airflow/.local/lib/python3.12/site-packages/airflow/example_dags/tutorial.py
[2025-03-04T06:56:21.458+0000] {processor.py:925} INFO - DAG(s) 'tutorial' retrieved from /home/airflow/.local/lib/python3.12/site-packages/airflow/example_dags/tutorial.py
[2025-03-04T06:56:21.481+0000] {logging_mixin.py:190} INFO - [2025-03-04T06:56:21.481+0000] {dag.py:3239} INFO - Sync 1 DAGs
[2025-03-04T06:56:21.507+0000] {logging_mixin.py:190} INFO - [2025-03-04T06:56:21.507+0000] {dag.py:4180} INFO - Setting next_dagrun for tutorial to 2025-03-03 00:00:00+00:00, run_after=2025-03-04 00:00:00+00:00
[2025-03-04T06:56:21.531+0000] {processor.py:208} INFO - Processing /home/airflow/.local/lib/python3.12/site-packages/airflow/example_dags/tutorial.py took 0.097 seconds
[2025-03-04T06:56:52.329+0000] {processor.py:186} INFO - Started process (PID=573) to work on /home/airflow/.local/lib/python3.12/site-packages/airflow/example_dags/tutorial.py
[2025-03-04T06:56:52.330+0000] {processor.py:914} INFO - Processing file /home/airflow/.local/lib/python3.12/site-packages/airflow/example_dags/tutorial.py for tasks to queue
[2025-03-04T06:56:52.334+0000] {logging_mixin.py:190} INFO - [2025-03-04T06:56:52.333+0000] {dagbag.py:588} INFO - Filling up the DagBag from /home/airflow/.local/lib/python3.12/site-packages/airflow/example_dags/tutorial.py
[2025-03-04T06:56:52.342+0000] {processor.py:925} INFO - DAG(s) 'tutorial' retrieved from /home/airflow/.local/lib/python3.12/site-packages/airflow/example_dags/tutorial.py
[2025-03-04T06:56:52.372+0000] {logging_mixin.py:190} INFO - [2025-03-04T06:56:52.372+0000] {dag.py:3239} INFO - Sync 1 DAGs
[2025-03-04T06:56:52.411+0000] {logging_mixin.py:190} INFO - [2025-03-04T06:56:52.410+0000] {dag.py:4180} INFO - Setting next_dagrun for tutorial to 2025-03-03 00:00:00+00:00, run_after=2025-03-04 00:00:00+00:00
[2025-03-04T06:56:52.435+0000] {processor.py:208} INFO - Processing /home/airflow/.local/lib/python3.12/site-packages/airflow/example_dags/tutorial.py took 0.112 seconds
[2025-03-04T06:57:23.476+0000] {processor.py:186} INFO - Started process (PID=648) to work on /home/airflow/.local/lib/python3.12/site-packages/airflow/example_dags/tutorial.py
[2025-03-04T06:57:23.477+0000] {processor.py:914} INFO - Processing file /home/airflow/.local/lib/python3.12/site-packages/airflow/example_dags/tutorial.py for tasks to queue
[2025-03-04T06:57:23.479+0000] {logging_mixin.py:190} INFO - [2025-03-04T06:57:23.479+0000] {dagbag.py:588} INFO - Filling up the DagBag from /home/airflow/.local/lib/python3.12/site-packages/airflow/example_dags/tutorial.py
[2025-03-04T06:57:23.485+0000] {processor.py:925} INFO - DAG(s) 'tutorial' retrieved from /home/airflow/.local/lib/python3.12/site-packages/airflow/example_dags/tutorial.py
[2025-03-04T06:57:23.499+0000] {logging_mixin.py:190} INFO - [2025-03-04T06:57:23.499+0000] {dag.py:3239} INFO - Sync 1 DAGs
[2025-03-04T06:57:23.516+0000] {logging_mixin.py:190} INFO - [2025-03-04T06:57:23.516+0000] {dag.py:4180} INFO - Setting next_dagrun for tutorial to 2025-03-03 00:00:00+00:00, run_after=2025-03-04 00:00:00+00:00
[2025-03-04T06:57:23.531+0000] {processor.py:208} INFO - Processing /home/airflow/.local/lib/python3.12/site-packages/airflow/example_dags/tutorial.py took 0.059 seconds
[2025-03-04T06:57:54.110+0000] {processor.py:186} INFO - Started process (PID=731) to work on /home/airflow/.local/lib/python3.12/site-packages/airflow/example_dags/tutorial.py
[2025-03-04T06:57:54.111+0000] {processor.py:914} INFO - Processing file /home/airflow/.local/lib/python3.12/site-packages/airflow/example_dags/tutorial.py for tasks to queue
[2025-03-04T06:57:54.113+0000] {logging_mixin.py:190} INFO - [2025-03-04T06:57:54.113+0000] {dagbag.py:588} INFO - Filling up the DagBag from /home/airflow/.local/lib/python3.12/site-packages/airflow/example_dags/tutorial.py
[2025-03-04T06:57:54.121+0000] {processor.py:925} INFO - DAG(s) 'tutorial' retrieved from /home/airflow/.local/lib/python3.12/site-packages/airflow/example_dags/tutorial.py
[2025-03-04T06:57:54.138+0000] {logging_mixin.py:190} INFO - [2025-03-04T06:57:54.138+0000] {dag.py:3239} INFO - Sync 1 DAGs
[2025-03-04T06:57:54.158+0000] {logging_mixin.py:190} INFO - [2025-03-04T06:57:54.157+0000] {dag.py:4180} INFO - Setting next_dagrun for tutorial to 2025-03-03 00:00:00+00:00, run_after=2025-03-04 00:00:00+00:00
[2025-03-04T06:57:54.178+0000] {processor.py:208} INFO - Processing /home/airflow/.local/lib/python3.12/site-packages/airflow/example_dags/tutorial.py took 0.074 seconds
[2025-03-04T06:58:24.256+0000] {processor.py:186} INFO - Started process (PID=806) to work on /home/airflow/.local/lib/python3.12/site-packages/airflow/example_dags/tutorial.py
[2025-03-04T06:58:24.257+0000] {processor.py:914} INFO - Processing file /home/airflow/.local/lib/python3.12/site-packages/airflow/example_dags/tutorial.py for tasks to queue
[2025-03-04T06:58:24.259+0000] {logging_mixin.py:190} INFO - [2025-03-04T06:58:24.259+0000] {dagbag.py:588} INFO - Filling up the DagBag from /home/airflow/.local/lib/python3.12/site-packages/airflow/example_dags/tutorial.py
[2025-03-04T06:58:24.265+0000] {processor.py:925} INFO - DAG(s) 'tutorial' retrieved from /home/airflow/.local/lib/python3.12/site-packages/airflow/example_dags/tutorial.py
[2025-03-04T06:58:24.282+0000] {logging_mixin.py:190} INFO - [2025-03-04T06:58:24.282+0000] {dag.py:3239} INFO - Sync 1 DAGs
[2025-03-04T06:58:24.301+0000] {logging_mixin.py:190} INFO - [2025-03-04T06:58:24.301+0000] {dag.py:4180} INFO - Setting next_dagrun for tutorial to 2025-03-03 00:00:00+00:00, run_after=2025-03-04 00:00:00+00:00
[2025-03-04T06:58:24.320+0000] {processor.py:208} INFO - Processing /home/airflow/.local/lib/python3.12/site-packages/airflow/example_dags/tutorial.py took 0.069 seconds
[2025-03-04T06:58:55.030+0000] {processor.py:186} INFO - Started process (PID=891) to work on /home/airflow/.local/lib/python3.12/site-packages/airflow/example_dags/tutorial.py
[2025-03-04T06:58:55.032+0000] {processor.py:914} INFO - Processing file /home/airflow/.local/lib/python3.12/site-packages/airflow/example_dags/tutorial.py for tasks to queue
[2025-03-04T06:58:55.035+0000] {logging_mixin.py:190} INFO - [2025-03-04T06:58:55.034+0000] {dagbag.py:588} INFO - Filling up the DagBag from /home/airflow/.local/lib/python3.12/site-packages/airflow/example_dags/tutorial.py
[2025-03-04T06:58:55.044+0000] {processor.py:925} INFO - DAG(s) 'tutorial' retrieved from /home/airflow/.local/lib/python3.12/site-packages/airflow/example_dags/tutorial.py
[2025-03-04T06:58:55.070+0000] {logging_mixin.py:190} INFO - [2025-03-04T06:58:55.069+0000] {dag.py:3239} INFO - Sync 1 DAGs
[2025-03-04T06:58:55.095+0000] {logging_mixin.py:190} INFO - [2025-03-04T06:58:55.095+0000] {dag.py:4180} INFO - Setting next_dagrun for tutorial to 2025-03-03 00:00:00+00:00, run_after=2025-03-04 00:00:00+00:00
[2025-03-04T06:58:55.116+0000] {processor.py:208} INFO - Processing /home/airflow/.local/lib/python3.12/site-packages/airflow/example_dags/tutorial.py took 0.093 seconds
[2025-03-04T06:59:25.964+0000] {processor.py:186} INFO - Started process (PID=967) to work on /home/airflow/.local/lib/python3.12/site-packages/airflow/example_dags/tutorial.py
[2025-03-04T06:59:25.965+0000] {processor.py:914} INFO - Processing file /home/airflow/.local/lib/python3.12/site-packages/airflow/example_dags/tutorial.py for tasks to queue
[2025-03-04T06:59:25.967+0000] {logging_mixin.py:190} INFO - [2025-03-04T06:59:25.967+0000] {dagbag.py:588} INFO - Filling up the DagBag from /home/airflow/.local/lib/python3.12/site-packages/airflow/example_dags/tutorial.py
[2025-03-04T06:59:25.973+0000] {processor.py:925} INFO - DAG(s) 'tutorial' retrieved from /home/airflow/.local/lib/python3.12/site-packages/airflow/example_dags/tutorial.py
[2025-03-04T06:59:25.988+0000] {logging_mixin.py:190} INFO - [2025-03-04T06:59:25.988+0000] {dag.py:3239} INFO - Sync 1 DAGs
[2025-03-04T06:59:26.005+0000] {logging_mixin.py:190} INFO - [2025-03-04T06:59:26.004+0000] {dag.py:4180} INFO - Setting next_dagrun for tutorial to 2025-03-03 00:00:00+00:00, run_after=2025-03-04 00:00:00+00:00
[2025-03-04T06:59:26.019+0000] {processor.py:208} INFO - Processing /home/airflow/.local/lib/python3.12/site-packages/airflow/example_dags/tutorial.py took 0.059 seconds
[2025-03-04T06:59:56.982+0000] {processor.py:186} INFO - Started process (PID=1043) to work on /home/airflow/.local/lib/python3.12/site-packages/airflow/example_dags/tutorial.py
[2025-03-04T06:59:56.983+0000] {processor.py:914} INFO - Processing file /home/airflow/.local/lib/python3.12/site-packages/airflow/example_dags/tutorial.py for tasks to queue
[2025-03-04T06:59:56.986+0000] {logging_mixin.py:190} INFO - [2025-03-04T06:59:56.985+0000] {dagbag.py:588} INFO - Filling up the DagBag from /home/airflow/.local/lib/python3.12/site-packages/airflow/example_dags/tutorial.py
[2025-03-04T06:59:56.993+0000] {processor.py:925} INFO - DAG(s) 'tutorial' retrieved from /home/airflow/.local/lib/python3.12/site-packages/airflow/example_dags/tutorial.py
[2025-03-04T06:59:57.011+0000] {logging_mixin.py:190} INFO - [2025-03-04T06:59:57.011+0000] {dag.py:3239} INFO - Sync 1 DAGs
[2025-03-04T06:59:57.032+0000] {logging_mixin.py:190} INFO - [2025-03-04T06:59:57.032+0000] {dag.py:4180} INFO - Setting next_dagrun for tutorial to 2025-03-03 00:00:00+00:00, run_after=2025-03-04 00:00:00+00:00
[2025-03-04T06:59:57.049+0000] {processor.py:208} INFO - Processing /home/airflow/.local/lib/python3.12/site-packages/airflow/example_dags/tutorial.py took 0.072 seconds
[2025-03-04T07:00:27.555+0000] {processor.py:186} INFO - Started process (PID=1127) to work on /home/airflow/.local/lib/python3.12/site-packages/airflow/example_dags/tutorial.py
[2025-03-04T07:00:27.559+0000] {processor.py:914} INFO - Processing file /home/airflow/.local/lib/python3.12/site-packages/airflow/example_dags/tutorial.py for tasks to queue
[2025-03-04T07:00:27.561+0000] {logging_mixin.py:190} INFO - [2025-03-04T07:00:27.561+0000] {dagbag.py:588} INFO - Filling up the DagBag from /home/airflow/.local/lib/python3.12/site-packages/airflow/example_dags/tutorial.py
[2025-03-04T07:00:27.567+0000] {processor.py:925} INFO - DAG(s) 'tutorial' retrieved from /home/airflow/.local/lib/python3.12/site-packages/airflow/example_dags/tutorial.py
[2025-03-04T07:00:27.584+0000] {logging_mixin.py:190} INFO - [2025-03-04T07:00:27.584+0000] {dag.py:3239} INFO - Sync 1 DAGs
[2025-03-04T07:00:27.600+0000] {logging_mixin.py:190} INFO - [2025-03-04T07:00:27.600+0000] {dag.py:4180} INFO - Setting next_dagrun for tutorial to 2025-03-03 00:00:00+00:00, run_after=2025-03-04 00:00:00+00:00
[2025-03-04T07:00:27.613+0000] {processor.py:208} INFO - Processing /home/airflow/.local/lib/python3.12/site-packages/airflow/example_dags/tutorial.py took 0.063 seconds
[2025-03-04T07:00:58.429+0000] {processor.py:186} INFO - Started process (PID=1206) to work on /home/airflow/.local/lib/python3.12/site-packages/airflow/example_dags/tutorial.py
[2025-03-04T07:00:58.430+0000] {processor.py:914} INFO - Processing file /home/airflow/.local/lib/python3.12/site-packages/airflow/example_dags/tutorial.py for tasks to queue
[2025-03-04T07:00:58.432+0000] {logging_mixin.py:190} INFO - [2025-03-04T07:00:58.432+0000] {dagbag.py:588} INFO - Filling up the DagBag from /home/airflow/.local/lib/python3.12/site-packages/airflow/example_dags/tutorial.py
[2025-03-04T07:00:58.442+0000] {processor.py:925} INFO - DAG(s) 'tutorial' retrieved from /home/airflow/.local/lib/python3.12/site-packages/airflow/example_dags/tutorial.py
[2025-03-04T07:00:58.462+0000] {logging_mixin.py:190} INFO - [2025-03-04T07:00:58.462+0000] {dag.py:3239} INFO - Sync 1 DAGs
[2025-03-04T07:00:58.485+0000] {logging_mixin.py:190} INFO - [2025-03-04T07:00:58.484+0000] {dag.py:4180} INFO - Setting next_dagrun for tutorial to 2025-03-03 00:00:00+00:00, run_after=2025-03-04 00:00:00+00:00
[2025-03-04T07:00:58.503+0000] {processor.py:208} INFO - Processing /home/airflow/.local/lib/python3.12/site-packages/airflow/example_dags/tutorial.py took 0.081 seconds
[2025-03-04T07:01:29.681+0000] {processor.py:186} INFO - Started process (PID=1290) to work on /home/airflow/.local/lib/python3.12/site-packages/airflow/example_dags/tutorial.py
[2025-03-04T07:01:29.682+0000] {processor.py:914} INFO - Processing file /home/airflow/.local/lib/python3.12/site-packages/airflow/example_dags/tutorial.py for tasks to queue
[2025-03-04T07:01:29.683+0000] {logging_mixin.py:190} INFO - [2025-03-04T07:01:29.683+0000] {dagbag.py:588} INFO - Filling up the DagBag from /home/airflow/.local/lib/python3.12/site-packages/airflow/example_dags/tutorial.py
[2025-03-04T07:01:29.692+0000] {processor.py:925} INFO - DAG(s) 'tutorial' retrieved from /home/airflow/.local/lib/python3.12/site-packages/airflow/example_dags/tutorial.py
[2025-03-04T07:01:29.710+0000] {logging_mixin.py:190} INFO - [2025-03-04T07:01:29.710+0000] {dag.py:3239} INFO - Sync 1 DAGs
[2025-03-04T07:01:29.732+0000] {logging_mixin.py:190} INFO - [2025-03-04T07:01:29.732+0000] {dag.py:4180} INFO - Setting next_dagrun for tutorial to 2025-03-03 00:00:00+00:00, run_after=2025-03-04 00:00:00+00:00
[2025-03-04T07:01:29.750+0000] {processor.py:208} INFO - Processing /home/airflow/.local/lib/python3.12/site-packages/airflow/example_dags/tutorial.py took 0.075 seconds
[2025-03-04T07:01:59.966+0000] {processor.py:186} INFO - Started process (PID=1365) to work on /home/airflow/.local/lib/python3.12/site-packages/airflow/example_dags/tutorial.py
[2025-03-04T07:01:59.971+0000] {processor.py:914} INFO - Processing file /home/airflow/.local/lib/python3.12/site-packages/airflow/example_dags/tutorial.py for tasks to queue
[2025-03-04T07:01:59.975+0000] {logging_mixin.py:190} INFO - [2025-03-04T07:01:59.975+0000] {dagbag.py:588} INFO - Filling up the DagBag from /home/airflow/.local/lib/python3.12/site-packages/airflow/example_dags/tutorial.py
[2025-03-04T07:01:59.992+0000] {processor.py:925} INFO - DAG(s) 'tutorial' retrieved from /home/airflow/.local/lib/python3.12/site-packages/airflow/example_dags/tutorial.py
[2025-03-04T07:02:00.018+0000] {logging_mixin.py:190} INFO - [2025-03-04T07:02:00.018+0000] {dag.py:3239} INFO - Sync 1 DAGs
[2025-03-04T07:02:00.044+0000] {logging_mixin.py:190} INFO - [2025-03-04T07:02:00.044+0000] {dag.py:4180} INFO - Setting next_dagrun for tutorial to 2025-03-03 00:00:00+00:00, run_after=2025-03-04 00:00:00+00:00
[2025-03-04T07:02:00.066+0000] {processor.py:208} INFO - Processing /home/airflow/.local/lib/python3.12/site-packages/airflow/example_dags/tutorial.py took 0.105 seconds
[2025-03-04T07:02:30.585+0000] {processor.py:186} INFO - Started process (PID=1449) to work on /home/airflow/.local/lib/python3.12/site-packages/airflow/example_dags/tutorial.py
[2025-03-04T07:02:30.587+0000] {processor.py:914} INFO - Processing file /home/airflow/.local/lib/python3.12/site-packages/airflow/example_dags/tutorial.py for tasks to queue
[2025-03-04T07:02:30.589+0000] {logging_mixin.py:190} INFO - [2025-03-04T07:02:30.589+0000] {dagbag.py:588} INFO - Filling up the DagBag from /home/airflow/.local/lib/python3.12/site-packages/airflow/example_dags/tutorial.py
[2025-03-04T07:02:30.598+0000] {processor.py:925} INFO - DAG(s) 'tutorial' retrieved from /home/airflow/.local/lib/python3.12/site-packages/airflow/example_dags/tutorial.py
[2025-03-04T07:02:30.617+0000] {logging_mixin.py:190} INFO - [2025-03-04T07:02:30.616+0000] {dag.py:3239} INFO - Sync 1 DAGs
[2025-03-04T07:02:30.638+0000] {logging_mixin.py:190} INFO - [2025-03-04T07:02:30.638+0000] {dag.py:4180} INFO - Setting next_dagrun for tutorial to 2025-03-03 00:00:00+00:00, run_after=2025-03-04 00:00:00+00:00
[2025-03-04T07:02:30.652+0000] {processor.py:208} INFO - Processing /home/airflow/.local/lib/python3.12/site-packages/airflow/example_dags/tutorial.py took 0.074 seconds
[2025-03-04T07:03:00.914+0000] {processor.py:186} INFO - Started process (PID=1528) to work on /home/airflow/.local/lib/python3.12/site-packages/airflow/example_dags/tutorial.py
[2025-03-04T07:03:00.915+0000] {processor.py:914} INFO - Processing file /home/airflow/.local/lib/python3.12/site-packages/airflow/example_dags/tutorial.py for tasks to queue
[2025-03-04T07:03:00.916+0000] {logging_mixin.py:190} INFO - [2025-03-04T07:03:00.916+0000] {dagbag.py:588} INFO - Filling up the DagBag from /home/airflow/.local/lib/python3.12/site-packages/airflow/example_dags/tutorial.py
[2025-03-04T07:03:00.924+0000] {processor.py:925} INFO - DAG(s) 'tutorial' retrieved from /home/airflow/.local/lib/python3.12/site-packages/airflow/example_dags/tutorial.py
[2025-03-04T07:03:00.939+0000] {logging_mixin.py:190} INFO - [2025-03-04T07:03:00.939+0000] {dag.py:3239} INFO - Sync 1 DAGs
[2025-03-04T07:03:00.957+0000] {logging_mixin.py:190} INFO - [2025-03-04T07:03:00.957+0000] {dag.py:4180} INFO - Setting next_dagrun for tutorial to 2025-03-03 00:00:00+00:00, run_after=2025-03-04 00:00:00+00:00
[2025-03-04T07:03:00.972+0000] {processor.py:208} INFO - Processing /home/airflow/.local/lib/python3.12/site-packages/airflow/example_dags/tutorial.py took 0.063 seconds
[2025-03-04T07:03:31.254+0000] {processor.py:186} INFO - Started process (PID=1610) to work on /home/airflow/.local/lib/python3.12/site-packages/airflow/example_dags/tutorial.py
[2025-03-04T07:03:31.255+0000] {processor.py:914} INFO - Processing file /home/airflow/.local/lib/python3.12/site-packages/airflow/example_dags/tutorial.py for tasks to queue
[2025-03-04T07:03:31.257+0000] {logging_mixin.py:190} INFO - [2025-03-04T07:03:31.256+0000] {dagbag.py:588} INFO - Filling up the DagBag from /home/airflow/.local/lib/python3.12/site-packages/airflow/example_dags/tutorial.py
[2025-03-04T07:03:31.263+0000] {processor.py:925} INFO - DAG(s) 'tutorial' retrieved from /home/airflow/.local/lib/python3.12/site-packages/airflow/example_dags/tutorial.py
[2025-03-04T07:03:31.278+0000] {logging_mixin.py:190} INFO - [2025-03-04T07:03:31.278+0000] {dag.py:3239} INFO - Sync 1 DAGs
[2025-03-04T07:03:31.297+0000] {logging_mixin.py:190} INFO - [2025-03-04T07:03:31.297+0000] {dag.py:4180} INFO - Setting next_dagrun for tutorial to 2025-03-03 00:00:00+00:00, run_after=2025-03-04 00:00:00+00:00
[2025-03-04T07:03:31.313+0000] {processor.py:208} INFO - Processing /home/airflow/.local/lib/python3.12/site-packages/airflow/example_dags/tutorial.py took 0.063 seconds
[2025-03-04T07:04:01.549+0000] {processor.py:186} INFO - Started process (PID=1686) to work on /home/airflow/.local/lib/python3.12/site-packages/airflow/example_dags/tutorial.py
[2025-03-04T07:04:01.550+0000] {processor.py:914} INFO - Processing file /home/airflow/.local/lib/python3.12/site-packages/airflow/example_dags/tutorial.py for tasks to queue
[2025-03-04T07:04:01.551+0000] {logging_mixin.py:190} INFO - [2025-03-04T07:04:01.551+0000] {dagbag.py:588} INFO - Filling up the DagBag from /home/airflow/.local/lib/python3.12/site-packages/airflow/example_dags/tutorial.py
[2025-03-04T07:04:01.559+0000] {processor.py:925} INFO - DAG(s) 'tutorial' retrieved from /home/airflow/.local/lib/python3.12/site-packages/airflow/example_dags/tutorial.py
[2025-03-04T07:04:01.576+0000] {logging_mixin.py:190} INFO - [2025-03-04T07:04:01.576+0000] {dag.py:3239} INFO - Sync 1 DAGs
[2025-03-04T07:04:01.596+0000] {logging_mixin.py:190} INFO - [2025-03-04T07:04:01.596+0000] {dag.py:4180} INFO - Setting next_dagrun for tutorial to 2025-03-03 00:00:00+00:00, run_after=2025-03-04 00:00:00+00:00
[2025-03-04T07:04:01.615+0000] {processor.py:208} INFO - Processing /home/airflow/.local/lib/python3.12/site-packages/airflow/example_dags/tutorial.py took 0.071 seconds
[2025-03-04T07:04:32.270+0000] {processor.py:186} INFO - Started process (PID=1768) to work on /home/airflow/.local/lib/python3.12/site-packages/airflow/example_dags/tutorial.py
[2025-03-04T07:04:32.272+0000] {processor.py:914} INFO - Processing file /home/airflow/.local/lib/python3.12/site-packages/airflow/example_dags/tutorial.py for tasks to queue
[2025-03-04T07:04:32.273+0000] {logging_mixin.py:190} INFO - [2025-03-04T07:04:32.273+0000] {dagbag.py:588} INFO - Filling up the DagBag from /home/airflow/.local/lib/python3.12/site-packages/airflow/example_dags/tutorial.py
[2025-03-04T07:04:32.281+0000] {processor.py:925} INFO - DAG(s) 'tutorial' retrieved from /home/airflow/.local/lib/python3.12/site-packages/airflow/example_dags/tutorial.py
[2025-03-04T07:04:32.297+0000] {logging_mixin.py:190} INFO - [2025-03-04T07:04:32.297+0000] {dag.py:3239} INFO - Sync 1 DAGs
[2025-03-04T07:04:32.316+0000] {logging_mixin.py:190} INFO - [2025-03-04T07:04:32.316+0000] {dag.py:4180} INFO - Setting next_dagrun for tutorial to 2025-03-03 00:00:00+00:00, run_after=2025-03-04 00:00:00+00:00
[2025-03-04T07:04:32.331+0000] {processor.py:208} INFO - Processing /home/airflow/.local/lib/python3.12/site-packages/airflow/example_dags/tutorial.py took 0.066 seconds
[2025-03-04T07:05:02.541+0000] {processor.py:186} INFO - Started process (PID=1843) to work on /home/airflow/.local/lib/python3.12/site-packages/airflow/example_dags/tutorial.py
[2025-03-04T07:05:02.542+0000] {processor.py:914} INFO - Processing file /home/airflow/.local/lib/python3.12/site-packages/airflow/example_dags/tutorial.py for tasks to queue
[2025-03-04T07:05:02.544+0000] {logging_mixin.py:190} INFO - [2025-03-04T07:05:02.543+0000] {dagbag.py:588} INFO - Filling up the DagBag from /home/airflow/.local/lib/python3.12/site-packages/airflow/example_dags/tutorial.py
[2025-03-04T07:05:02.551+0000] {processor.py:925} INFO - DAG(s) 'tutorial' retrieved from /home/airflow/.local/lib/python3.12/site-packages/airflow/example_dags/tutorial.py
[2025-03-04T07:05:02.570+0000] {logging_mixin.py:190} INFO - [2025-03-04T07:05:02.570+0000] {dag.py:3239} INFO - Sync 1 DAGs
[2025-03-04T07:05:02.596+0000] {logging_mixin.py:190} INFO - [2025-03-04T07:05:02.596+0000] {dag.py:4180} INFO - Setting next_dagrun for tutorial to 2025-03-03 00:00:00+00:00, run_after=2025-03-04 00:00:00+00:00
[2025-03-04T07:05:02.619+0000] {processor.py:208} INFO - Processing /home/airflow/.local/lib/python3.12/site-packages/airflow/example_dags/tutorial.py took 0.083 seconds
[2025-03-04T07:05:33.107+0000] {processor.py:186} INFO - Started process (PID=1917) to work on /home/airflow/.local/lib/python3.12/site-packages/airflow/example_dags/tutorial.py
[2025-03-04T07:05:33.109+0000] {processor.py:914} INFO - Processing file /home/airflow/.local/lib/python3.12/site-packages/airflow/example_dags/tutorial.py for tasks to queue
[2025-03-04T07:05:33.111+0000] {logging_mixin.py:190} INFO - [2025-03-04T07:05:33.111+0000] {dagbag.py:588} INFO - Filling up the DagBag from /home/airflow/.local/lib/python3.12/site-packages/airflow/example_dags/tutorial.py
[2025-03-04T07:05:33.125+0000] {processor.py:925} INFO - DAG(s) 'tutorial' retrieved from /home/airflow/.local/lib/python3.12/site-packages/airflow/example_dags/tutorial.py
[2025-03-04T07:05:33.152+0000] {logging_mixin.py:190} INFO - [2025-03-04T07:05:33.152+0000] {dag.py:3239} INFO - Sync 1 DAGs
[2025-03-04T07:05:33.184+0000] {logging_mixin.py:190} INFO - [2025-03-04T07:05:33.184+0000] {dag.py:4180} INFO - Setting next_dagrun for tutorial to 2025-03-03 00:00:00+00:00, run_after=2025-03-04 00:00:00+00:00
[2025-03-04T07:05:33.213+0000] {processor.py:208} INFO - Processing /home/airflow/.local/lib/python3.12/site-packages/airflow/example_dags/tutorial.py took 0.114 seconds
[2025-03-04T07:06:03.743+0000] {processor.py:186} INFO - Started process (PID=1999) to work on /home/airflow/.local/lib/python3.12/site-packages/airflow/example_dags/tutorial.py
[2025-03-04T07:06:03.744+0000] {processor.py:914} INFO - Processing file /home/airflow/.local/lib/python3.12/site-packages/airflow/example_dags/tutorial.py for tasks to queue
[2025-03-04T07:06:03.745+0000] {logging_mixin.py:190} INFO - [2025-03-04T07:06:03.745+0000] {dagbag.py:588} INFO - Filling up the DagBag from /home/airflow/.local/lib/python3.12/site-packages/airflow/example_dags/tutorial.py
[2025-03-04T07:06:03.752+0000] {processor.py:925} INFO - DAG(s) 'tutorial' retrieved from /home/airflow/.local/lib/python3.12/site-packages/airflow/example_dags/tutorial.py
[2025-03-04T07:06:03.768+0000] {logging_mixin.py:190} INFO - [2025-03-04T07:06:03.768+0000] {dag.py:3239} INFO - Sync 1 DAGs
[2025-03-04T07:06:03.785+0000] {logging_mixin.py:190} INFO - [2025-03-04T07:06:03.785+0000] {dag.py:4180} INFO - Setting next_dagrun for tutorial to 2025-03-03 00:00:00+00:00, run_after=2025-03-04 00:00:00+00:00
[2025-03-04T07:06:03.801+0000] {processor.py:208} INFO - Processing /home/airflow/.local/lib/python3.12/site-packages/airflow/example_dags/tutorial.py took 0.063 seconds
[2025-03-04T07:06:33.856+0000] {processor.py:186} INFO - Started process (PID=2073) to work on /home/airflow/.local/lib/python3.12/site-packages/airflow/example_dags/tutorial.py
[2025-03-04T07:06:33.857+0000] {processor.py:914} INFO - Processing file /home/airflow/.local/lib/python3.12/site-packages/airflow/example_dags/tutorial.py for tasks to queue
[2025-03-04T07:06:33.858+0000] {logging_mixin.py:190} INFO - [2025-03-04T07:06:33.857+0000] {dagbag.py:588} INFO - Filling up the DagBag from /home/airflow/.local/lib/python3.12/site-packages/airflow/example_dags/tutorial.py
[2025-03-04T07:06:33.864+0000] {processor.py:925} INFO - DAG(s) 'tutorial' retrieved from /home/airflow/.local/lib/python3.12/site-packages/airflow/example_dags/tutorial.py
[2025-03-04T07:06:33.878+0000] {logging_mixin.py:190} INFO - [2025-03-04T07:06:33.878+0000] {dag.py:3239} INFO - Sync 1 DAGs
[2025-03-04T07:06:33.895+0000] {logging_mixin.py:190} INFO - [2025-03-04T07:06:33.895+0000] {dag.py:4180} INFO - Setting next_dagrun for tutorial to 2025-03-03 00:00:00+00:00, run_after=2025-03-04 00:00:00+00:00
[2025-03-04T07:06:33.909+0000] {processor.py:208} INFO - Processing /home/airflow/.local/lib/python3.12/site-packages/airflow/example_dags/tutorial.py took 0.057 seconds
[2025-03-04T07:07:04.039+0000] {processor.py:186} INFO - Started process (PID=2155) to work on /home/airflow/.local/lib/python3.12/site-packages/airflow/example_dags/tutorial.py
[2025-03-04T07:07:04.040+0000] {processor.py:914} INFO - Processing file /home/airflow/.local/lib/python3.12/site-packages/airflow/example_dags/tutorial.py for tasks to queue
[2025-03-04T07:07:04.042+0000] {logging_mixin.py:190} INFO - [2025-03-04T07:07:04.041+0000] {dagbag.py:588} INFO - Filling up the DagBag from /home/airflow/.local/lib/python3.12/site-packages/airflow/example_dags/tutorial.py
[2025-03-04T07:07:04.050+0000] {processor.py:925} INFO - DAG(s) 'tutorial' retrieved from /home/airflow/.local/lib/python3.12/site-packages/airflow/example_dags/tutorial.py
[2025-03-04T07:07:04.069+0000] {logging_mixin.py:190} INFO - [2025-03-04T07:07:04.068+0000] {dag.py:3239} INFO - Sync 1 DAGs
[2025-03-04T07:07:04.087+0000] {logging_mixin.py:190} INFO - [2025-03-04T07:07:04.087+0000] {dag.py:4180} INFO - Setting next_dagrun for tutorial to 2025-03-03 00:00:00+00:00, run_after=2025-03-04 00:00:00+00:00
[2025-03-04T07:07:04.103+0000] {processor.py:208} INFO - Processing /home/airflow/.local/lib/python3.12/site-packages/airflow/example_dags/tutorial.py took 0.069 seconds
[2025-03-04T07:07:34.520+0000] {processor.py:186} INFO - Started process (PID=2229) to work on /home/airflow/.local/lib/python3.12/site-packages/airflow/example_dags/tutorial.py
[2025-03-04T07:07:34.525+0000] {processor.py:914} INFO - Processing file /home/airflow/.local/lib/python3.12/site-packages/airflow/example_dags/tutorial.py for tasks to queue
[2025-03-04T07:07:34.531+0000] {logging_mixin.py:190} INFO - [2025-03-04T07:07:34.531+0000] {dagbag.py:588} INFO - Filling up the DagBag from /home/airflow/.local/lib/python3.12/site-packages/airflow/example_dags/tutorial.py
[2025-03-04T07:07:34.542+0000] {processor.py:925} INFO - DAG(s) 'tutorial' retrieved from /home/airflow/.local/lib/python3.12/site-packages/airflow/example_dags/tutorial.py
[2025-03-04T07:07:34.564+0000] {logging_mixin.py:190} INFO - [2025-03-04T07:07:34.564+0000] {dag.py:3239} INFO - Sync 1 DAGs
[2025-03-04T07:07:34.584+0000] {logging_mixin.py:190} INFO - [2025-03-04T07:07:34.584+0000] {dag.py:4180} INFO - Setting next_dagrun for tutorial to 2025-03-03 00:00:00+00:00, run_after=2025-03-04 00:00:00+00:00
[2025-03-04T07:07:34.601+0000] {processor.py:208} INFO - Processing /home/airflow/.local/lib/python3.12/site-packages/airflow/example_dags/tutorial.py took 0.086 seconds
[2025-03-04T07:08:04.861+0000] {processor.py:186} INFO - Started process (PID=2311) to work on /home/airflow/.local/lib/python3.12/site-packages/airflow/example_dags/tutorial.py
[2025-03-04T07:08:04.863+0000] {processor.py:914} INFO - Processing file /home/airflow/.local/lib/python3.12/site-packages/airflow/example_dags/tutorial.py for tasks to queue
[2025-03-04T07:08:04.864+0000] {logging_mixin.py:190} INFO - [2025-03-04T07:08:04.864+0000] {dagbag.py:588} INFO - Filling up the DagBag from /home/airflow/.local/lib/python3.12/site-packages/airflow/example_dags/tutorial.py
[2025-03-04T07:08:04.872+0000] {processor.py:925} INFO - DAG(s) 'tutorial' retrieved from /home/airflow/.local/lib/python3.12/site-packages/airflow/example_dags/tutorial.py
[2025-03-04T07:08:04.888+0000] {logging_mixin.py:190} INFO - [2025-03-04T07:08:04.888+0000] {dag.py:3239} INFO - Sync 1 DAGs
[2025-03-04T07:08:04.908+0000] {logging_mixin.py:190} INFO - [2025-03-04T07:08:04.908+0000] {dag.py:4180} INFO - Setting next_dagrun for tutorial to 2025-03-03 00:00:00+00:00, run_after=2025-03-04 00:00:00+00:00
[2025-03-04T07:08:04.924+0000] {processor.py:208} INFO - Processing /home/airflow/.local/lib/python3.12/site-packages/airflow/example_dags/tutorial.py took 0.068 seconds
[2025-03-04T07:08:35.109+0000] {processor.py:186} INFO - Started process (PID=2385) to work on /home/airflow/.local/lib/python3.12/site-packages/airflow/example_dags/tutorial.py
[2025-03-04T07:08:35.111+0000] {processor.py:914} INFO - Processing file /home/airflow/.local/lib/python3.12/site-packages/airflow/example_dags/tutorial.py for tasks to queue
[2025-03-04T07:08:35.114+0000] {logging_mixin.py:190} INFO - [2025-03-04T07:08:35.114+0000] {dagbag.py:588} INFO - Filling up the DagBag from /home/airflow/.local/lib/python3.12/site-packages/airflow/example_dags/tutorial.py
[2025-03-04T07:08:35.125+0000] {processor.py:925} INFO - DAG(s) 'tutorial' retrieved from /home/airflow/.local/lib/python3.12/site-packages/airflow/example_dags/tutorial.py
[2025-03-04T07:08:35.149+0000] {logging_mixin.py:190} INFO - [2025-03-04T07:08:35.149+0000] {dag.py:3239} INFO - Sync 1 DAGs
[2025-03-04T07:08:35.175+0000] {logging_mixin.py:190} INFO - [2025-03-04T07:08:35.175+0000] {dag.py:4180} INFO - Setting next_dagrun for tutorial to 2025-03-03 00:00:00+00:00, run_after=2025-03-04 00:00:00+00:00
[2025-03-04T07:08:35.194+0000] {processor.py:208} INFO - Processing /home/airflow/.local/lib/python3.12/site-packages/airflow/example_dags/tutorial.py took 0.093 seconds
[2025-03-04T07:09:05.587+0000] {processor.py:186} INFO - Started process (PID=2460) to work on /home/airflow/.local/lib/python3.12/site-packages/airflow/example_dags/tutorial.py
[2025-03-04T07:09:05.589+0000] {processor.py:914} INFO - Processing file /home/airflow/.local/lib/python3.12/site-packages/airflow/example_dags/tutorial.py for tasks to queue
[2025-03-04T07:09:05.590+0000] {logging_mixin.py:190} INFO - [2025-03-04T07:09:05.589+0000] {dagbag.py:588} INFO - Filling up the DagBag from /home/airflow/.local/lib/python3.12/site-packages/airflow/example_dags/tutorial.py
[2025-03-04T07:09:05.597+0000] {processor.py:925} INFO - DAG(s) 'tutorial' retrieved from /home/airflow/.local/lib/python3.12/site-packages/airflow/example_dags/tutorial.py
[2025-03-04T07:09:05.612+0000] {logging_mixin.py:190} INFO - [2025-03-04T07:09:05.612+0000] {dag.py:3239} INFO - Sync 1 DAGs
[2025-03-04T07:09:05.629+0000] {logging_mixin.py:190} INFO - [2025-03-04T07:09:05.629+0000] {dag.py:4180} INFO - Setting next_dagrun for tutorial to 2025-03-03 00:00:00+00:00, run_after=2025-03-04 00:00:00+00:00
[2025-03-04T07:09:05.644+0000] {processor.py:208} INFO - Processing /home/airflow/.local/lib/python3.12/site-packages/airflow/example_dags/tutorial.py took 0.061 seconds
[2025-03-04T07:09:36.003+0000] {processor.py:186} INFO - Started process (PID=2542) to work on /home/airflow/.local/lib/python3.12/site-packages/airflow/example_dags/tutorial.py
[2025-03-04T07:09:36.006+0000] {processor.py:914} INFO - Processing file /home/airflow/.local/lib/python3.12/site-packages/airflow/example_dags/tutorial.py for tasks to queue
[2025-03-04T07:09:36.009+0000] {logging_mixin.py:190} INFO - [2025-03-04T07:09:36.009+0000] {dagbag.py:588} INFO - Filling up the DagBag from /home/airflow/.local/lib/python3.12/site-packages/airflow/example_dags/tutorial.py
[2025-03-04T07:09:36.024+0000] {processor.py:925} INFO - DAG(s) 'tutorial' retrieved from /home/airflow/.local/lib/python3.12/site-packages/airflow/example_dags/tutorial.py
[2025-03-04T07:09:36.050+0000] {logging_mixin.py:190} INFO - [2025-03-04T07:09:36.049+0000] {dag.py:3239} INFO - Sync 1 DAGs
[2025-03-04T07:09:36.075+0000] {logging_mixin.py:190} INFO - [2025-03-04T07:09:36.075+0000] {dag.py:4180} INFO - Setting next_dagrun for tutorial to 2025-03-03 00:00:00+00:00, run_after=2025-03-04 00:00:00+00:00
[2025-03-04T07:09:36.097+0000] {processor.py:208} INFO - Processing /home/airflow/.local/lib/python3.12/site-packages/airflow/example_dags/tutorial.py took 0.101 seconds
[2025-03-04T07:10:06.666+0000] {processor.py:186} INFO - Started process (PID=2616) to work on /home/airflow/.local/lib/python3.12/site-packages/airflow/example_dags/tutorial.py
[2025-03-04T07:10:06.667+0000] {processor.py:914} INFO - Processing file /home/airflow/.local/lib/python3.12/site-packages/airflow/example_dags/tutorial.py for tasks to queue
[2025-03-04T07:10:06.668+0000] {logging_mixin.py:190} INFO - [2025-03-04T07:10:06.668+0000] {dagbag.py:588} INFO - Filling up the DagBag from /home/airflow/.local/lib/python3.12/site-packages/airflow/example_dags/tutorial.py
[2025-03-04T07:10:06.675+0000] {processor.py:925} INFO - DAG(s) 'tutorial' retrieved from /home/airflow/.local/lib/python3.12/site-packages/airflow/example_dags/tutorial.py
[2025-03-04T07:10:06.691+0000] {logging_mixin.py:190} INFO - [2025-03-04T07:10:06.690+0000] {dag.py:3239} INFO - Sync 1 DAGs
[2025-03-04T07:10:06.709+0000] {logging_mixin.py:190} INFO - [2025-03-04T07:10:06.709+0000] {dag.py:4180} INFO - Setting next_dagrun for tutorial to 2025-03-03 00:00:00+00:00, run_after=2025-03-04 00:00:00+00:00
[2025-03-04T07:10:06.723+0000] {processor.py:208} INFO - Processing /home/airflow/.local/lib/python3.12/site-packages/airflow/example_dags/tutorial.py took 0.062 seconds
[2025-03-04T07:10:36.891+0000] {processor.py:186} INFO - Started process (PID=2697) to work on /home/airflow/.local/lib/python3.12/site-packages/airflow/example_dags/tutorial.py
[2025-03-04T07:10:36.892+0000] {processor.py:914} INFO - Processing file /home/airflow/.local/lib/python3.12/site-packages/airflow/example_dags/tutorial.py for tasks to queue
[2025-03-04T07:10:36.893+0000] {logging_mixin.py:190} INFO - [2025-03-04T07:10:36.892+0000] {dagbag.py:588} INFO - Filling up the DagBag from /home/airflow/.local/lib/python3.12/site-packages/airflow/example_dags/tutorial.py
[2025-03-04T07:10:36.900+0000] {processor.py:925} INFO - DAG(s) 'tutorial' retrieved from /home/airflow/.local/lib/python3.12/site-packages/airflow/example_dags/tutorial.py
[2025-03-04T07:10:36.916+0000] {logging_mixin.py:190} INFO - [2025-03-04T07:10:36.916+0000] {dag.py:3239} INFO - Sync 1 DAGs
[2025-03-04T07:10:36.932+0000] {logging_mixin.py:190} INFO - [2025-03-04T07:10:36.932+0000] {dag.py:4180} INFO - Setting next_dagrun for tutorial to 2025-03-03 00:00:00+00:00, run_after=2025-03-04 00:00:00+00:00
[2025-03-04T07:10:36.946+0000] {processor.py:208} INFO - Processing /home/airflow/.local/lib/python3.12/site-packages/airflow/example_dags/tutorial.py took 0.060 seconds
[2025-03-04T07:11:07.124+0000] {processor.py:186} INFO - Started process (PID=2771) to work on /home/airflow/.local/lib/python3.12/site-packages/airflow/example_dags/tutorial.py
[2025-03-04T07:11:07.126+0000] {processor.py:914} INFO - Processing file /home/airflow/.local/lib/python3.12/site-packages/airflow/example_dags/tutorial.py for tasks to queue
[2025-03-04T07:11:07.128+0000] {logging_mixin.py:190} INFO - [2025-03-04T07:11:07.127+0000] {dagbag.py:588} INFO - Filling up the DagBag from /home/airflow/.local/lib/python3.12/site-packages/airflow/example_dags/tutorial.py
[2025-03-04T07:11:07.137+0000] {processor.py:925} INFO - DAG(s) 'tutorial' retrieved from /home/airflow/.local/lib/python3.12/site-packages/airflow/example_dags/tutorial.py
[2025-03-04T07:11:07.153+0000] {logging_mixin.py:190} INFO - [2025-03-04T07:11:07.152+0000] {dag.py:3239} INFO - Sync 1 DAGs
[2025-03-04T07:11:07.170+0000] {logging_mixin.py:190} INFO - [2025-03-04T07:11:07.170+0000] {dag.py:4180} INFO - Setting next_dagrun for tutorial to 2025-03-03 00:00:00+00:00, run_after=2025-03-04 00:00:00+00:00
[2025-03-04T07:11:07.184+0000] {processor.py:208} INFO - Processing /home/airflow/.local/lib/python3.12/site-packages/airflow/example_dags/tutorial.py took 0.066 seconds
[2025-03-04T07:11:37.350+0000] {processor.py:186} INFO - Started process (PID=2852) to work on /home/airflow/.local/lib/python3.12/site-packages/airflow/example_dags/tutorial.py
[2025-03-04T07:11:37.351+0000] {processor.py:914} INFO - Processing file /home/airflow/.local/lib/python3.12/site-packages/airflow/example_dags/tutorial.py for tasks to queue
[2025-03-04T07:11:37.354+0000] {logging_mixin.py:190} INFO - [2025-03-04T07:11:37.353+0000] {dagbag.py:588} INFO - Filling up the DagBag from /home/airflow/.local/lib/python3.12/site-packages/airflow/example_dags/tutorial.py
[2025-03-04T07:11:37.362+0000] {processor.py:925} INFO - DAG(s) 'tutorial' retrieved from /home/airflow/.local/lib/python3.12/site-packages/airflow/example_dags/tutorial.py
[2025-03-04T07:11:37.383+0000] {logging_mixin.py:190} INFO - [2025-03-04T07:11:37.383+0000] {dag.py:3239} INFO - Sync 1 DAGs
[2025-03-04T07:11:37.408+0000] {logging_mixin.py:190} INFO - [2025-03-04T07:11:37.408+0000] {dag.py:4180} INFO - Setting next_dagrun for tutorial to 2025-03-03 00:00:00+00:00, run_after=2025-03-04 00:00:00+00:00
[2025-03-04T07:11:37.424+0000] {processor.py:208} INFO - Processing /home/airflow/.local/lib/python3.12/site-packages/airflow/example_dags/tutorial.py took 0.081 seconds
[2025-03-04T07:12:08.192+0000] {processor.py:186} INFO - Started process (PID=2926) to work on /home/airflow/.local/lib/python3.12/site-packages/airflow/example_dags/tutorial.py
[2025-03-04T07:12:08.193+0000] {processor.py:914} INFO - Processing file /home/airflow/.local/lib/python3.12/site-packages/airflow/example_dags/tutorial.py for tasks to queue
[2025-03-04T07:12:08.194+0000] {logging_mixin.py:190} INFO - [2025-03-04T07:12:08.194+0000] {dagbag.py:588} INFO - Filling up the DagBag from /home/airflow/.local/lib/python3.12/site-packages/airflow/example_dags/tutorial.py
[2025-03-04T07:12:08.202+0000] {processor.py:925} INFO - DAG(s) 'tutorial' retrieved from /home/airflow/.local/lib/python3.12/site-packages/airflow/example_dags/tutorial.py
[2025-03-04T07:12:08.219+0000] {logging_mixin.py:190} INFO - [2025-03-04T07:12:08.218+0000] {dag.py:3239} INFO - Sync 1 DAGs
[2025-03-04T07:12:08.235+0000] {logging_mixin.py:190} INFO - [2025-03-04T07:12:08.235+0000] {dag.py:4180} INFO - Setting next_dagrun for tutorial to 2025-03-03 00:00:00+00:00, run_after=2025-03-04 00:00:00+00:00
[2025-03-04T07:12:08.249+0000] {processor.py:208} INFO - Processing /home/airflow/.local/lib/python3.12/site-packages/airflow/example_dags/tutorial.py took 0.062 seconds
[2025-03-04T07:12:38.783+0000] {processor.py:186} INFO - Started process (PID=2999) to work on /home/airflow/.local/lib/python3.12/site-packages/airflow/example_dags/tutorial.py
[2025-03-04T07:12:38.785+0000] {processor.py:914} INFO - Processing file /home/airflow/.local/lib/python3.12/site-packages/airflow/example_dags/tutorial.py for tasks to queue
[2025-03-04T07:12:38.787+0000] {logging_mixin.py:190} INFO - [2025-03-04T07:12:38.786+0000] {dagbag.py:588} INFO - Filling up the DagBag from /home/airflow/.local/lib/python3.12/site-packages/airflow/example_dags/tutorial.py
[2025-03-04T07:12:38.795+0000] {processor.py:925} INFO - DAG(s) 'tutorial' retrieved from /home/airflow/.local/lib/python3.12/site-packages/airflow/example_dags/tutorial.py
[2025-03-04T07:12:38.812+0000] {logging_mixin.py:190} INFO - [2025-03-04T07:12:38.812+0000] {dag.py:3239} INFO - Sync 1 DAGs
[2025-03-04T07:12:38.831+0000] {logging_mixin.py:190} INFO - [2025-03-04T07:12:38.831+0000] {dag.py:4180} INFO - Setting next_dagrun for tutorial to 2025-03-03 00:00:00+00:00, run_after=2025-03-04 00:00:00+00:00
[2025-03-04T07:12:38.847+0000] {processor.py:208} INFO - Processing /home/airflow/.local/lib/python3.12/site-packages/airflow/example_dags/tutorial.py took 0.069 seconds
[2025-03-04T07:13:09.401+0000] {processor.py:186} INFO - Started process (PID=3080) to work on /home/airflow/.local/lib/python3.12/site-packages/airflow/example_dags/tutorial.py
[2025-03-04T07:13:09.403+0000] {processor.py:914} INFO - Processing file /home/airflow/.local/lib/python3.12/site-packages/airflow/example_dags/tutorial.py for tasks to queue
[2025-03-04T07:13:09.405+0000] {logging_mixin.py:190} INFO - [2025-03-04T07:13:09.404+0000] {dagbag.py:588} INFO - Filling up the DagBag from /home/airflow/.local/lib/python3.12/site-packages/airflow/example_dags/tutorial.py
[2025-03-04T07:13:09.419+0000] {processor.py:925} INFO - DAG(s) 'tutorial' retrieved from /home/airflow/.local/lib/python3.12/site-packages/airflow/example_dags/tutorial.py
[2025-03-04T07:13:09.451+0000] {logging_mixin.py:190} INFO - [2025-03-04T07:13:09.450+0000] {dag.py:3239} INFO - Sync 1 DAGs
[2025-03-04T07:13:09.495+0000] {logging_mixin.py:190} INFO - [2025-03-04T07:13:09.495+0000] {dag.py:4180} INFO - Setting next_dagrun for tutorial to 2025-03-03 00:00:00+00:00, run_after=2025-03-04 00:00:00+00:00
[2025-03-04T07:13:09.524+0000] {processor.py:208} INFO - Processing /home/airflow/.local/lib/python3.12/site-packages/airflow/example_dags/tutorial.py took 0.134 seconds
[2025-03-04T07:13:40.080+0000] {processor.py:186} INFO - Started process (PID=3154) to work on /home/airflow/.local/lib/python3.12/site-packages/airflow/example_dags/tutorial.py
[2025-03-04T07:13:40.081+0000] {processor.py:914} INFO - Processing file /home/airflow/.local/lib/python3.12/site-packages/airflow/example_dags/tutorial.py for tasks to queue
[2025-03-04T07:13:40.082+0000] {logging_mixin.py:190} INFO - [2025-03-04T07:13:40.082+0000] {dagbag.py:588} INFO - Filling up the DagBag from /home/airflow/.local/lib/python3.12/site-packages/airflow/example_dags/tutorial.py
[2025-03-04T07:13:40.090+0000] {processor.py:925} INFO - DAG(s) 'tutorial' retrieved from /home/airflow/.local/lib/python3.12/site-packages/airflow/example_dags/tutorial.py
[2025-03-04T07:13:40.104+0000] {logging_mixin.py:190} INFO - [2025-03-04T07:13:40.104+0000] {dag.py:3239} INFO - Sync 1 DAGs
[2025-03-04T07:13:40.121+0000] {logging_mixin.py:190} INFO - [2025-03-04T07:13:40.121+0000] {dag.py:4180} INFO - Setting next_dagrun for tutorial to 2025-03-03 00:00:00+00:00, run_after=2025-03-04 00:00:00+00:00
[2025-03-04T07:13:40.136+0000] {processor.py:208} INFO - Processing /home/airflow/.local/lib/python3.12/site-packages/airflow/example_dags/tutorial.py took 0.061 seconds
[2025-03-04T07:14:10.404+0000] {processor.py:186} INFO - Started process (PID=3235) to work on /home/airflow/.local/lib/python3.12/site-packages/airflow/example_dags/tutorial.py
[2025-03-04T07:14:10.405+0000] {processor.py:914} INFO - Processing file /home/airflow/.local/lib/python3.12/site-packages/airflow/example_dags/tutorial.py for tasks to queue
[2025-03-04T07:14:10.407+0000] {logging_mixin.py:190} INFO - [2025-03-04T07:14:10.406+0000] {dagbag.py:588} INFO - Filling up the DagBag from /home/airflow/.local/lib/python3.12/site-packages/airflow/example_dags/tutorial.py
[2025-03-04T07:14:10.416+0000] {processor.py:925} INFO - DAG(s) 'tutorial' retrieved from /home/airflow/.local/lib/python3.12/site-packages/airflow/example_dags/tutorial.py
[2025-03-04T07:14:10.439+0000] {logging_mixin.py:190} INFO - [2025-03-04T07:14:10.438+0000] {dag.py:3239} INFO - Sync 1 DAGs
[2025-03-04T07:14:10.462+0000] {logging_mixin.py:190} INFO - [2025-03-04T07:14:10.462+0000] {dag.py:4180} INFO - Setting next_dagrun for tutorial to 2025-03-03 00:00:00+00:00, run_after=2025-03-04 00:00:00+00:00
[2025-03-04T07:14:10.483+0000] {processor.py:208} INFO - Processing /home/airflow/.local/lib/python3.12/site-packages/airflow/example_dags/tutorial.py took 0.085 seconds
[2025-03-04T07:14:40.696+0000] {processor.py:186} INFO - Started process (PID=3318) to work on /home/airflow/.local/lib/python3.12/site-packages/airflow/example_dags/tutorial.py
[2025-03-04T07:14:40.698+0000] {processor.py:914} INFO - Processing file /home/airflow/.local/lib/python3.12/site-packages/airflow/example_dags/tutorial.py for tasks to queue
[2025-03-04T07:14:40.700+0000] {logging_mixin.py:190} INFO - [2025-03-04T07:14:40.699+0000] {dagbag.py:588} INFO - Filling up the DagBag from /home/airflow/.local/lib/python3.12/site-packages/airflow/example_dags/tutorial.py
[2025-03-04T07:14:40.719+0000] {processor.py:925} INFO - DAG(s) 'tutorial' retrieved from /home/airflow/.local/lib/python3.12/site-packages/airflow/example_dags/tutorial.py
[2025-03-04T07:14:40.759+0000] {logging_mixin.py:190} INFO - [2025-03-04T07:14:40.759+0000] {dag.py:3239} INFO - Sync 1 DAGs
[2025-03-04T07:14:40.790+0000] {logging_mixin.py:190} INFO - [2025-03-04T07:14:40.790+0000] {dag.py:4180} INFO - Setting next_dagrun for tutorial to 2025-03-03 00:00:00+00:00, run_after=2025-03-04 00:00:00+00:00
[2025-03-04T07:14:40.817+0000] {processor.py:208} INFO - Processing /home/airflow/.local/lib/python3.12/site-packages/airflow/example_dags/tutorial.py took 0.129 seconds
[2025-03-04T07:15:10.894+0000] {processor.py:186} INFO - Started process (PID=3392) to work on /home/airflow/.local/lib/python3.12/site-packages/airflow/example_dags/tutorial.py
[2025-03-04T07:15:10.894+0000] {processor.py:914} INFO - Processing file /home/airflow/.local/lib/python3.12/site-packages/airflow/example_dags/tutorial.py for tasks to queue
[2025-03-04T07:15:10.895+0000] {logging_mixin.py:190} INFO - [2025-03-04T07:15:10.895+0000] {dagbag.py:588} INFO - Filling up the DagBag from /home/airflow/.local/lib/python3.12/site-packages/airflow/example_dags/tutorial.py
[2025-03-04T07:15:10.904+0000] {processor.py:925} INFO - DAG(s) 'tutorial' retrieved from /home/airflow/.local/lib/python3.12/site-packages/airflow/example_dags/tutorial.py
[2025-03-04T07:15:10.923+0000] {logging_mixin.py:190} INFO - [2025-03-04T07:15:10.923+0000] {dag.py:3239} INFO - Sync 1 DAGs
[2025-03-04T07:15:10.942+0000] {logging_mixin.py:190} INFO - [2025-03-04T07:15:10.942+0000] {dag.py:4180} INFO - Setting next_dagrun for tutorial to 2025-03-03 00:00:00+00:00, run_after=2025-03-04 00:00:00+00:00
[2025-03-04T07:15:10.961+0000] {processor.py:208} INFO - Processing /home/airflow/.local/lib/python3.12/site-packages/airflow/example_dags/tutorial.py took 0.073 seconds
[2025-03-04T07:15:41.087+0000] {processor.py:186} INFO - Started process (PID=3466) to work on /home/airflow/.local/lib/python3.12/site-packages/airflow/example_dags/tutorial.py
[2025-03-04T07:15:41.088+0000] {processor.py:914} INFO - Processing file /home/airflow/.local/lib/python3.12/site-packages/airflow/example_dags/tutorial.py for tasks to queue
[2025-03-04T07:15:41.089+0000] {logging_mixin.py:190} INFO - [2025-03-04T07:15:41.089+0000] {dagbag.py:588} INFO - Filling up the DagBag from /home/airflow/.local/lib/python3.12/site-packages/airflow/example_dags/tutorial.py
[2025-03-04T07:15:41.097+0000] {processor.py:925} INFO - DAG(s) 'tutorial' retrieved from /home/airflow/.local/lib/python3.12/site-packages/airflow/example_dags/tutorial.py
[2025-03-04T07:15:41.115+0000] {logging_mixin.py:190} INFO - [2025-03-04T07:15:41.115+0000] {dag.py:3239} INFO - Sync 1 DAGs
[2025-03-04T07:15:41.133+0000] {logging_mixin.py:190} INFO - [2025-03-04T07:15:41.133+0000] {dag.py:4180} INFO - Setting next_dagrun for tutorial to 2025-03-03 00:00:00+00:00, run_after=2025-03-04 00:00:00+00:00
[2025-03-04T07:15:41.148+0000] {processor.py:208} INFO - Processing /home/airflow/.local/lib/python3.12/site-packages/airflow/example_dags/tutorial.py took 0.066 seconds
[2025-03-04T07:16:11.834+0000] {processor.py:186} INFO - Started process (PID=3548) to work on /home/airflow/.local/lib/python3.12/site-packages/airflow/example_dags/tutorial.py
[2025-03-04T07:16:11.835+0000] {processor.py:914} INFO - Processing file /home/airflow/.local/lib/python3.12/site-packages/airflow/example_dags/tutorial.py for tasks to queue
[2025-03-04T07:16:11.837+0000] {logging_mixin.py:190} INFO - [2025-03-04T07:16:11.837+0000] {dagbag.py:588} INFO - Filling up the DagBag from /home/airflow/.local/lib/python3.12/site-packages/airflow/example_dags/tutorial.py
[2025-03-04T07:16:11.847+0000] {processor.py:925} INFO - DAG(s) 'tutorial' retrieved from /home/airflow/.local/lib/python3.12/site-packages/airflow/example_dags/tutorial.py
[2025-03-04T07:16:11.865+0000] {logging_mixin.py:190} INFO - [2025-03-04T07:16:11.865+0000] {dag.py:3239} INFO - Sync 1 DAGs
[2025-03-04T07:16:11.885+0000] {logging_mixin.py:190} INFO - [2025-03-04T07:16:11.885+0000] {dag.py:4180} INFO - Setting next_dagrun for tutorial to 2025-03-03 00:00:00+00:00, run_after=2025-03-04 00:00:00+00:00
[2025-03-04T07:16:11.900+0000] {processor.py:208} INFO - Processing /home/airflow/.local/lib/python3.12/site-packages/airflow/example_dags/tutorial.py took 0.073 seconds
[2025-03-04T07:16:42.448+0000] {processor.py:186} INFO - Started process (PID=3622) to work on /home/airflow/.local/lib/python3.12/site-packages/airflow/example_dags/tutorial.py
[2025-03-04T07:16:42.449+0000] {processor.py:914} INFO - Processing file /home/airflow/.local/lib/python3.12/site-packages/airflow/example_dags/tutorial.py for tasks to queue
[2025-03-04T07:16:42.451+0000] {logging_mixin.py:190} INFO - [2025-03-04T07:16:42.450+0000] {dagbag.py:588} INFO - Filling up the DagBag from /home/airflow/.local/lib/python3.12/site-packages/airflow/example_dags/tutorial.py
[2025-03-04T07:16:42.459+0000] {processor.py:925} INFO - DAG(s) 'tutorial' retrieved from /home/airflow/.local/lib/python3.12/site-packages/airflow/example_dags/tutorial.py
[2025-03-04T07:16:42.475+0000] {logging_mixin.py:190} INFO - [2025-03-04T07:16:42.475+0000] {dag.py:3239} INFO - Sync 1 DAGs
[2025-03-04T07:16:42.499+0000] {logging_mixin.py:190} INFO - [2025-03-04T07:16:42.499+0000] {dag.py:4180} INFO - Setting next_dagrun for tutorial to 2025-03-03 00:00:00+00:00, run_after=2025-03-04 00:00:00+00:00
[2025-03-04T07:16:42.516+0000] {processor.py:208} INFO - Processing /home/airflow/.local/lib/python3.12/site-packages/airflow/example_dags/tutorial.py took 0.076 seconds
[2025-03-04T07:17:12.893+0000] {processor.py:186} INFO - Started process (PID=3704) to work on /home/airflow/.local/lib/python3.12/site-packages/airflow/example_dags/tutorial.py
[2025-03-04T07:17:12.894+0000] {processor.py:914} INFO - Processing file /home/airflow/.local/lib/python3.12/site-packages/airflow/example_dags/tutorial.py for tasks to queue
[2025-03-04T07:17:12.895+0000] {logging_mixin.py:190} INFO - [2025-03-04T07:17:12.895+0000] {dagbag.py:588} INFO - Filling up the DagBag from /home/airflow/.local/lib/python3.12/site-packages/airflow/example_dags/tutorial.py
[2025-03-04T07:17:12.901+0000] {processor.py:925} INFO - DAG(s) 'tutorial' retrieved from /home/airflow/.local/lib/python3.12/site-packages/airflow/example_dags/tutorial.py
[2025-03-04T07:17:12.916+0000] {logging_mixin.py:190} INFO - [2025-03-04T07:17:12.916+0000] {dag.py:3239} INFO - Sync 1 DAGs
[2025-03-04T07:17:12.935+0000] {logging_mixin.py:190} INFO - [2025-03-04T07:17:12.935+0000] {dag.py:4180} INFO - Setting next_dagrun for tutorial to 2025-03-03 00:00:00+00:00, run_after=2025-03-04 00:00:00+00:00
[2025-03-04T07:17:12.950+0000] {processor.py:208} INFO - Processing /home/airflow/.local/lib/python3.12/site-packages/airflow/example_dags/tutorial.py took 0.061 seconds
[2025-03-04T07:17:43.373+0000] {processor.py:186} INFO - Started process (PID=3778) to work on /home/airflow/.local/lib/python3.12/site-packages/airflow/example_dags/tutorial.py
[2025-03-04T07:17:43.374+0000] {processor.py:914} INFO - Processing file /home/airflow/.local/lib/python3.12/site-packages/airflow/example_dags/tutorial.py for tasks to queue
[2025-03-04T07:17:43.375+0000] {logging_mixin.py:190} INFO - [2025-03-04T07:17:43.375+0000] {dagbag.py:588} INFO - Filling up the DagBag from /home/airflow/.local/lib/python3.12/site-packages/airflow/example_dags/tutorial.py
[2025-03-04T07:17:43.382+0000] {processor.py:925} INFO - DAG(s) 'tutorial' retrieved from /home/airflow/.local/lib/python3.12/site-packages/airflow/example_dags/tutorial.py
[2025-03-04T07:17:43.397+0000] {logging_mixin.py:190} INFO - [2025-03-04T07:17:43.397+0000] {dag.py:3239} INFO - Sync 1 DAGs
[2025-03-04T07:17:43.414+0000] {logging_mixin.py:190} INFO - [2025-03-04T07:17:43.414+0000] {dag.py:4180} INFO - Setting next_dagrun for tutorial to 2025-03-03 00:00:00+00:00, run_after=2025-03-04 00:00:00+00:00
[2025-03-04T07:17:43.429+0000] {processor.py:208} INFO - Processing /home/airflow/.local/lib/python3.12/site-packages/airflow/example_dags/tutorial.py took 0.060 seconds
[2025-03-04T07:18:13.820+0000] {processor.py:186} INFO - Started process (PID=3861) to work on /home/airflow/.local/lib/python3.12/site-packages/airflow/example_dags/tutorial.py
[2025-03-04T07:18:13.821+0000] {processor.py:914} INFO - Processing file /home/airflow/.local/lib/python3.12/site-packages/airflow/example_dags/tutorial.py for tasks to queue
[2025-03-04T07:18:13.823+0000] {logging_mixin.py:190} INFO - [2025-03-04T07:18:13.822+0000] {dagbag.py:588} INFO - Filling up the DagBag from /home/airflow/.local/lib/python3.12/site-packages/airflow/example_dags/tutorial.py
[2025-03-04T07:18:13.831+0000] {processor.py:925} INFO - DAG(s) 'tutorial' retrieved from /home/airflow/.local/lib/python3.12/site-packages/airflow/example_dags/tutorial.py
[2025-03-04T07:18:13.848+0000] {logging_mixin.py:190} INFO - [2025-03-04T07:18:13.847+0000] {dag.py:3239} INFO - Sync 1 DAGs
[2025-03-04T07:18:13.865+0000] {logging_mixin.py:190} INFO - [2025-03-04T07:18:13.865+0000] {dag.py:4180} INFO - Setting next_dagrun for tutorial to 2025-03-03 00:00:00+00:00, run_after=2025-03-04 00:00:00+00:00
[2025-03-04T07:18:13.881+0000] {processor.py:208} INFO - Processing /home/airflow/.local/lib/python3.12/site-packages/airflow/example_dags/tutorial.py took 0.065 seconds
[2025-03-04T07:18:44.538+0000] {processor.py:186} INFO - Started process (PID=3935) to work on /home/airflow/.local/lib/python3.12/site-packages/airflow/example_dags/tutorial.py
[2025-03-04T07:18:44.539+0000] {processor.py:914} INFO - Processing file /home/airflow/.local/lib/python3.12/site-packages/airflow/example_dags/tutorial.py for tasks to queue
[2025-03-04T07:18:44.540+0000] {logging_mixin.py:190} INFO - [2025-03-04T07:18:44.540+0000] {dagbag.py:588} INFO - Filling up the DagBag from /home/airflow/.local/lib/python3.12/site-packages/airflow/example_dags/tutorial.py
[2025-03-04T07:18:44.548+0000] {processor.py:925} INFO - DAG(s) 'tutorial' retrieved from /home/airflow/.local/lib/python3.12/site-packages/airflow/example_dags/tutorial.py
[2025-03-04T07:18:44.565+0000] {logging_mixin.py:190} INFO - [2025-03-04T07:18:44.565+0000] {dag.py:3239} INFO - Sync 1 DAGs
[2025-03-04T07:18:44.583+0000] {logging_mixin.py:190} INFO - [2025-03-04T07:18:44.582+0000] {dag.py:4180} INFO - Setting next_dagrun for tutorial to 2025-03-03 00:00:00+00:00, run_after=2025-03-04 00:00:00+00:00
[2025-03-04T07:18:44.598+0000] {processor.py:208} INFO - Processing /home/airflow/.local/lib/python3.12/site-packages/airflow/example_dags/tutorial.py took 0.065 seconds
