[2025-03-04T07:14:42.276+0000] {local_task_job_runner.py:123} INFO - ::group::Pre task execution logs
[2025-03-04T07:14:42.475+0000] {taskinstance.py:2614} INFO - Dependencies all met for dep_context=non-requeueable deps ti=<TaskInstance: snowflake_data_pipeline.dimension_processing scheduled__2020-08-01T00:00:00+00:00 [queued]>
[2025-03-04T07:14:42.486+0000] {taskinstance.py:2614} INFO - Dependencies all met for dep_context=requeueable deps ti=<TaskInstance: snowflake_data_pipeline.dimension_processing scheduled__2020-08-01T00:00:00+00:00 [queued]>
[2025-03-04T07:14:42.498+0000] {taskinstance.py:2867} INFO - Starting attempt 1 of 1
[2025-03-04T07:14:42.515+0000] {taskinstance.py:2890} INFO - Executing <Task(BashOperator): dimension_processing> on 2020-08-01 00:00:00+00:00
[2025-03-04T07:14:42.525+0000] {warnings.py:112} WARNING - /home/***/.local/lib/python3.12/site-packages/***/task/task_runner/standard_task_runner.py:70: DeprecationWarning: This process (pid=1078) is multi-threaded, use of fork() may lead to deadlocks in the child.
  pid = os.fork()

[2025-03-04T07:14:42.528+0000] {standard_task_runner.py:72} INFO - Started process 1081 to run task
[2025-03-04T07:14:42.527+0000] {standard_task_runner.py:104} INFO - Running: ['***', 'tasks', 'run', 'snowflake_data_pipeline', 'dimension_processing', 'scheduled__2020-08-01T00:00:00+00:00', '--job-id', '9', '--raw', '--subdir', 'DAGS_FOLDER/data_pipeline.py', '--cfg-path', '/tmp/tmpbn6omrq4']
[2025-03-04T07:14:42.530+0000] {standard_task_runner.py:105} INFO - Job 9: Subtask dimension_processing
[2025-03-04T07:14:42.548+0000] {warnings.py:112} WARNING - /home/***/.local/lib/python3.12/site-packages/***/settings.py:209: DeprecationWarning: The sql_alchemy_conn option in [core] has been moved to the sql_alchemy_conn option in [database] - the old setting has been used, but please update your config.
  SQL_ALCHEMY_CONN = conf.get("database", "SQL_ALCHEMY_CONN")

[2025-03-04T07:14:42.587+0000] {task_command.py:467} INFO - Running <TaskInstance: snowflake_data_pipeline.dimension_processing scheduled__2020-08-01T00:00:00+00:00 [running]> on host 8b83efa08de4
[2025-03-04T07:14:42.588+0000] {warnings.py:112} WARNING - /home/***/.local/lib/python3.12/site-packages/***/settings.py:470: DeprecationWarning: The sql_alchemy_conn option in [core] has been moved to the sql_alchemy_conn option in [database] - the old setting has been used, but please update your config.
  if conf.get("database", "sql_alchemy_conn") == "none://":

[2025-03-04T07:14:42.691+0000] {taskinstance.py:3134} INFO - Exporting env vars: AIRFLOW_CTX_DAG_OWNER='***' AIRFLOW_CTX_DAG_ID='snowflake_data_pipeline' AIRFLOW_CTX_TASK_ID='dimension_processing' AIRFLOW_CTX_EXECUTION_DATE='2020-08-01T00:00:00+00:00' AIRFLOW_CTX_TRY_NUMBER='1' AIRFLOW_CTX_DAG_RUN_ID='scheduled__2020-08-01T00:00:00+00:00'
[2025-03-04T07:14:42.694+0000] {logging_mixin.py:190} INFO - Task instance is in running state
[2025-03-04T07:14:42.695+0000] {logging_mixin.py:190} INFO -  Previous state of the Task instance: queued
[2025-03-04T07:14:42.697+0000] {logging_mixin.py:190} INFO - Current task name:dimension_processing state:running start_date:2025-03-04 07:14:42.476802+00:00
[2025-03-04T07:14:42.698+0000] {logging_mixin.py:190} INFO - Dag name:snowflake_data_pipeline and current dag run status:running
[2025-03-04T07:14:42.699+0000] {taskinstance.py:732} INFO - ::endgroup::
[2025-03-04T07:14:42.700+0000] {subprocess.py:78} INFO - Tmp dir root location: /tmp
[2025-03-04T07:14:42.702+0000] {subprocess.py:88} INFO - Running command: ['/usr/bin/bash', '-c', 'cd /opt/***/dbt && dbt run --models dimensions --profiles-dir .']
[2025-03-04T07:14:42.720+0000] {subprocess.py:99} INFO - Output:
[2025-03-04T07:14:44.975+0000] {subprocess.py:106} INFO - [0m07:14:44  Running with dbt=1.9.2
[2025-03-04T07:14:46.573+0000] {subprocess.py:106} INFO - [0m07:14:46  Registered adapter: snowflake=1.9.1
[2025-03-04T07:14:48.028+0000] {subprocess.py:106} INFO - [0m07:14:48  Found 5 models, 8 data tests, 5 sources, 589 macros
[2025-03-04T07:14:48.033+0000] {subprocess.py:106} INFO - [0m07:14:48
[2025-03-04T07:14:48.034+0000] {subprocess.py:106} INFO - [0m07:14:48  Concurrency: 10 threads (target='dev')
[2025-03-04T07:14:48.035+0000] {subprocess.py:106} INFO - [0m07:14:48
[2025-03-04T07:14:50.439+0000] {subprocess.py:106} INFO - [0m07:14:50  1 of 2 START sql incremental model curated.dim_customers ....................... [RUN]
[2025-03-04T07:14:50.440+0000] {subprocess.py:106} INFO - [0m07:14:50  2 of 2 START sql incremental model curated.dim_products ........................ [RUN]
[2025-03-04T07:14:53.285+0000] {subprocess.py:106} INFO - [0m07:14:53  1 of 2 OK created sql incremental model curated.dim_customers .................. [[32mSUCCESS 3[0m in 2.84s]
[2025-03-04T07:14:53.574+0000] {subprocess.py:106} INFO - [0m07:14:53  2 of 2 OK created sql incremental model curated.dim_products ................... [[32mSUCCESS 3[0m in 3.13s]
[2025-03-04T07:14:53.983+0000] {subprocess.py:106} INFO - [0m07:14:53
[2025-03-04T07:14:53.984+0000] {subprocess.py:106} INFO - [0m07:14:53  Finished running 2 incremental models in 0 hours 0 minutes and 5.95 seconds (5.95s).
[2025-03-04T07:14:54.072+0000] {subprocess.py:106} INFO - [0m07:14:54
[2025-03-04T07:14:54.073+0000] {subprocess.py:106} INFO - [0m07:14:54  [32mCompleted successfully[0m
[2025-03-04T07:14:54.074+0000] {subprocess.py:106} INFO - [0m07:14:54
[2025-03-04T07:14:54.074+0000] {subprocess.py:106} INFO - [0m07:14:54  Done. PASS=2 WARN=0 ERROR=0 SKIP=0 TOTAL=2
[2025-03-04T07:14:55.526+0000] {subprocess.py:110} INFO - Command exited with return code 0
[2025-03-04T07:14:55.554+0000] {taskinstance.py:341} INFO - ::group::Post task execution logs
[2025-03-04T07:14:55.555+0000] {taskinstance.py:353} INFO - Marking task as SUCCESS. dag_id=snowflake_data_pipeline, task_id=dimension_processing, run_id=scheduled__2020-08-01T00:00:00+00:00, execution_date=20200801T000000, start_date=20250304T071442, end_date=20250304T071455
[2025-03-04T07:14:55.588+0000] {logging_mixin.py:190} INFO - Task instance in success state
[2025-03-04T07:14:55.589+0000] {logging_mixin.py:190} INFO -  Previous state of the Task instance: running
[2025-03-04T07:14:55.589+0000] {logging_mixin.py:190} INFO - Dag name:snowflake_data_pipeline queued_at:2025-03-04 07:14:24.731448+00:00
[2025-03-04T07:14:55.590+0000] {logging_mixin.py:190} INFO - Task hostname:8b83efa08de4 operator:BashOperator
[2025-03-04T07:14:55.640+0000] {local_task_job_runner.py:266} INFO - Task exited with return code 0
[2025-03-04T07:14:55.663+0000] {taskinstance.py:3901} INFO - 1 downstream tasks scheduled from follow-on schedule check
[2025-03-04T07:14:55.665+0000] {local_task_job_runner.py:245} INFO - ::endgroup::
